2022-05-23 01:37:57,753 INFO    MainThread:17068 [internal.py:wandb_internal():90] W&B internal server running at pid: 17068, started at: 2022-05-23 01:37:57.752653
2022-05-23 01:37:57,756 INFO    WriterThread:17068 [datastore.py:open_for_write():75] open: C:\Projects\Code\Neurals\wandb\run-20220523_013755-ekgk7cau\run-ekgk7cau.wandb
2022-05-23 01:37:57,763 DEBUG   SenderThread:17068 [sender.py:send():232] send: header
2022-05-23 01:37:57,763 DEBUG   SenderThread:17068 [sender.py:send():232] send: run
2022-05-23 01:37:58,076 INFO    SenderThread:17068 [dir_watcher.py:__init__():197] watching files in: C:\Projects\Code\Neurals\wandb\run-20220523_013755-ekgk7cau\files
2022-05-23 01:37:58,077 DEBUG   HandlerThread:17068 [handler.py:handle_request():141] handle_request: check_version
2022-05-23 01:37:58,084 INFO    SenderThread:17068 [sender.py:_start_run_threads():811] run started: ekgk7cau with start time 1653233876
2022-05-23 01:37:58,084 DEBUG   SenderThread:17068 [sender.py:send():232] send: summary
2022-05-23 01:37:58,085 INFO    SenderThread:17068 [sender.py:_save_file():948] saving file wandb-summary.json with policy end
2022-05-23 01:37:58,085 DEBUG   SenderThread:17068 [sender.py:send_request():246] send_request: check_version
2022-05-23 01:37:58,159 DEBUG   HandlerThread:17068 [handler.py:handle_request():141] handle_request: run_start
2022-05-23 01:37:59,108 INFO    Thread-11 :17068 [dir_watcher.py:_on_file_created():244] file/dir created: C:\Projects\Code\Neurals\wandb\run-20220523_013755-ekgk7cau\files\wandb-summary.json
2022-05-23 01:38:00,010 DEBUG   HandlerThread:17068 [meta.py:__init__():35] meta init
2022-05-23 01:38:00,011 DEBUG   HandlerThread:17068 [meta.py:__init__():49] meta init done
2022-05-23 01:38:00,017 DEBUG   HandlerThread:17068 [meta.py:probe():209] probe
2022-05-23 01:38:00,034 DEBUG   HandlerThread:17068 [git.py:repo():29] git repository is invalid
2022-05-23 01:38:00,034 DEBUG   HandlerThread:17068 [meta.py:_save_pip():53] save pip
2022-05-23 01:38:00,035 DEBUG   HandlerThread:17068 [meta.py:_save_pip():67] save pip done
2022-05-23 01:38:00,035 DEBUG   HandlerThread:17068 [meta.py:probe():247] probe done
2022-05-23 01:38:00,040 DEBUG   SenderThread:17068 [sender.py:send():232] send: files
2022-05-23 01:38:00,040 INFO    SenderThread:17068 [sender.py:_save_file():948] saving file wandb-metadata.json with policy now
2022-05-23 01:38:00,049 DEBUG   HandlerThread:17068 [handler.py:handle_request():141] handle_request: stop_status
2022-05-23 01:38:00,049 DEBUG   SenderThread:17068 [sender.py:send_request():246] send_request: stop_status
2022-05-23 01:38:00,121 INFO    Thread-11 :17068 [dir_watcher.py:_on_file_created():244] file/dir created: C:\Projects\Code\Neurals\wandb\run-20220523_013755-ekgk7cau\files\requirements.txt
2022-05-23 01:38:00,121 INFO    Thread-11 :17068 [dir_watcher.py:_on_file_created():244] file/dir created: C:\Projects\Code\Neurals\wandb\run-20220523_013755-ekgk7cau\files\wandb-metadata.json
2022-05-23 01:38:00,122 INFO    Thread-11 :17068 [dir_watcher.py:_on_file_created():244] file/dir created: C:\Projects\Code\Neurals\wandb\run-20220523_013755-ekgk7cau\files\output.log
2022-05-23 01:38:00,327 DEBUG   SenderThread:17068 [sender.py:send():232] send: telemetry
2022-05-23 01:38:00,974 INFO    Thread-15 :17068 [upload_job.py:push():132] Uploaded file C:\Users\MAXIMN~1\AppData\Local\Temp\tmpk4t7nqr0wandb\1v9rd6ym-wandb-metadata.json
2022-05-23 01:38:02,130 INFO    Thread-11 :17068 [dir_watcher.py:_on_file_modified():257] file/dir modified: C:\Projects\Code\Neurals\wandb\run-20220523_013755-ekgk7cau\files\output.log
2022-05-23 01:38:15,329 DEBUG   HandlerThread:17068 [handler.py:handle_request():141] handle_request: stop_status
2022-05-23 01:38:15,329 DEBUG   SenderThread:17068 [sender.py:send_request():246] send_request: stop_status
2022-05-23 01:38:23,902 DEBUG   HandlerThread:17068 [handler.py:handle_request():141] handle_request: partial_history
2022-05-23 01:38:23,904 DEBUG   SenderThread:17068 [sender.py:send():232] send: history
2022-05-23 01:38:23,904 DEBUG   SenderThread:17068 [sender.py:send():232] send: summary
2022-05-23 01:38:23,907 INFO    SenderThread:17068 [sender.py:_save_file():948] saving file wandb-summary.json with policy end
2022-05-23 01:38:23,907 DEBUG   SenderThread:17068 [sender.py:send():232] send: telemetry
2022-05-23 01:38:24,310 INFO    Thread-11 :17068 [dir_watcher.py:_on_file_modified():257] file/dir modified: C:\Projects\Code\Neurals\wandb\run-20220523_013755-ekgk7cau\files\wandb-summary.json
2022-05-23 01:38:24,311 INFO    Thread-11 :17068 [dir_watcher.py:_on_file_modified():257] file/dir modified: C:\Projects\Code\Neurals\wandb\run-20220523_013755-ekgk7cau\files\output.log
2022-05-23 01:38:24,630 DEBUG   HandlerThread:17068 [handler.py:handle_request():141] handle_request: poll_exit
2022-05-23 01:38:24,631 DEBUG   SenderThread:17068 [sender.py:send():232] send: exit
2022-05-23 01:38:24,631 INFO    SenderThread:17068 [sender.py:send_exit():368] handling exit code: 1
2022-05-23 01:38:24,631 INFO    SenderThread:17068 [sender.py:send_exit():370] handling runtime: 26
2022-05-23 01:38:24,632 INFO    SenderThread:17068 [sender.py:_save_file():948] saving file wandb-summary.json with policy end
2022-05-23 01:38:24,632 INFO    SenderThread:17068 [sender.py:send_exit():376] send defer
2022-05-23 01:38:24,632 DEBUG   SenderThread:17068 [sender.py:send_request():246] send_request: poll_exit
2022-05-23 01:38:24,633 DEBUG   HandlerThread:17068 [handler.py:handle_request():141] handle_request: defer
2022-05-23 01:38:24,633 INFO    HandlerThread:17068 [handler.py:handle_request_defer():164] handle defer: 0
2022-05-23 01:38:24,634 DEBUG   SenderThread:17068 [sender.py:send_request():246] send_request: defer
2022-05-23 01:38:24,634 INFO    SenderThread:17068 [sender.py:send_request_defer():385] handle sender defer: 0
2022-05-23 01:38:24,634 INFO    SenderThread:17068 [sender.py:transition_state():389] send defer: 1
2022-05-23 01:38:24,634 DEBUG   HandlerThread:17068 [handler.py:handle_request():141] handle_request: defer
2022-05-23 01:38:24,634 INFO    HandlerThread:17068 [handler.py:handle_request_defer():164] handle defer: 1
2022-05-23 01:38:24,728 DEBUG   SenderThread:17068 [sender.py:send_request():246] send_request: defer
2022-05-23 01:38:24,728 INFO    SenderThread:17068 [sender.py:send_request_defer():385] handle sender defer: 1
2022-05-23 01:38:24,728 INFO    SenderThread:17068 [sender.py:transition_state():389] send defer: 2
2022-05-23 01:38:24,729 DEBUG   SenderThread:17068 [sender.py:send():232] send: stats
2022-05-23 01:38:24,729 DEBUG   HandlerThread:17068 [handler.py:handle_request():141] handle_request: defer
2022-05-23 01:38:24,729 INFO    HandlerThread:17068 [handler.py:handle_request_defer():164] handle defer: 2
2022-05-23 01:38:24,729 DEBUG   SenderThread:17068 [sender.py:send_request():246] send_request: defer
2022-05-23 01:38:24,729 INFO    SenderThread:17068 [sender.py:send_request_defer():385] handle sender defer: 2
2022-05-23 01:38:24,730 INFO    SenderThread:17068 [sender.py:transition_state():389] send defer: 3
2022-05-23 01:38:24,730 DEBUG   HandlerThread:17068 [handler.py:handle_request():141] handle_request: defer
2022-05-23 01:38:24,730 INFO    HandlerThread:17068 [handler.py:handle_request_defer():164] handle defer: 3
2022-05-23 01:38:24,730 DEBUG   SenderThread:17068 [sender.py:send_request():246] send_request: defer
2022-05-23 01:38:24,730 INFO    SenderThread:17068 [sender.py:send_request_defer():385] handle sender defer: 3
2022-05-23 01:38:24,730 INFO    SenderThread:17068 [sender.py:transition_state():389] send defer: 4
2022-05-23 01:38:24,731 DEBUG   HandlerThread:17068 [handler.py:handle_request():141] handle_request: defer
2022-05-23 01:38:24,731 INFO    HandlerThread:17068 [handler.py:handle_request_defer():164] handle defer: 4
2022-05-23 01:38:24,731 DEBUG   SenderThread:17068 [sender.py:send():232] send: summary
2022-05-23 01:38:24,731 INFO    SenderThread:17068 [sender.py:_save_file():948] saving file wandb-summary.json with policy end
2022-05-23 01:38:24,732 DEBUG   SenderThread:17068 [sender.py:send_request():246] send_request: defer
2022-05-23 01:38:24,732 INFO    SenderThread:17068 [sender.py:send_request_defer():385] handle sender defer: 4
2022-05-23 01:38:24,732 INFO    SenderThread:17068 [sender.py:transition_state():389] send defer: 5
2022-05-23 01:38:24,732 DEBUG   HandlerThread:17068 [handler.py:handle_request():141] handle_request: defer
2022-05-23 01:38:24,732 INFO    HandlerThread:17068 [handler.py:handle_request_defer():164] handle defer: 5
2022-05-23 01:38:24,732 DEBUG   SenderThread:17068 [sender.py:send_request():246] send_request: defer
2022-05-23 01:38:24,732 INFO    SenderThread:17068 [sender.py:send_request_defer():385] handle sender defer: 5
2022-05-23 01:38:24,736 DEBUG   HandlerThread:17068 [handler.py:handle_request():141] handle_request: poll_exit
2022-05-23 01:38:25,025 INFO    SenderThread:17068 [sender.py:transition_state():389] send defer: 6
2022-05-23 01:38:25,025 DEBUG   SenderThread:17068 [sender.py:send_request():246] send_request: poll_exit
2022-05-23 01:38:25,026 DEBUG   HandlerThread:17068 [handler.py:handle_request():141] handle_request: defer
2022-05-23 01:38:25,026 INFO    HandlerThread:17068 [handler.py:handle_request_defer():164] handle defer: 6
2022-05-23 01:38:25,026 DEBUG   SenderThread:17068 [sender.py:send_request():246] send_request: defer
2022-05-23 01:38:25,026 INFO    SenderThread:17068 [sender.py:send_request_defer():385] handle sender defer: 6
2022-05-23 01:38:25,026 INFO    SenderThread:17068 [dir_watcher.py:finish():312] shutting down directory watcher
2022-05-23 01:38:25,127 DEBUG   HandlerThread:17068 [handler.py:handle_request():141] handle_request: poll_exit
2022-05-23 01:38:25,313 INFO    SenderThread:17068 [dir_watcher.py:_on_file_modified():257] file/dir modified: C:\Projects\Code\Neurals\wandb\run-20220523_013755-ekgk7cau\files\wandb-summary.json
2022-05-23 01:38:25,313 INFO    SenderThread:17068 [dir_watcher.py:_on_file_modified():257] file/dir modified: C:\Projects\Code\Neurals\wandb\run-20220523_013755-ekgk7cau\files\config.yaml
2022-05-23 01:38:25,313 INFO    SenderThread:17068 [dir_watcher.py:_on_file_modified():257] file/dir modified: C:\Projects\Code\Neurals\wandb\run-20220523_013755-ekgk7cau\files\output.log
2022-05-23 01:38:25,314 INFO    SenderThread:17068 [dir_watcher.py:finish():342] scan: C:\Projects\Code\Neurals\wandb\run-20220523_013755-ekgk7cau\files
2022-05-23 01:38:25,314 INFO    SenderThread:17068 [dir_watcher.py:finish():356] scan save: C:\Projects\Code\Neurals\wandb\run-20220523_013755-ekgk7cau\files\config.yaml config.yaml
2022-05-23 01:38:25,314 INFO    SenderThread:17068 [dir_watcher.py:finish():356] scan save: C:\Projects\Code\Neurals\wandb\run-20220523_013755-ekgk7cau\files\output.log output.log
2022-05-23 01:38:25,315 INFO    SenderThread:17068 [dir_watcher.py:finish():356] scan save: C:\Projects\Code\Neurals\wandb\run-20220523_013755-ekgk7cau\files\requirements.txt requirements.txt
2022-05-23 01:38:25,318 INFO    SenderThread:17068 [dir_watcher.py:finish():356] scan save: C:\Projects\Code\Neurals\wandb\run-20220523_013755-ekgk7cau\files\wandb-metadata.json wandb-metadata.json
2022-05-23 01:38:25,320 INFO    SenderThread:17068 [dir_watcher.py:finish():356] scan save: C:\Projects\Code\Neurals\wandb\run-20220523_013755-ekgk7cau\files\wandb-summary.json wandb-summary.json
2022-05-23 01:38:25,324 INFO    SenderThread:17068 [sender.py:transition_state():389] send defer: 7
2022-05-23 01:38:25,324 DEBUG   SenderThread:17068 [sender.py:send_request():246] send_request: poll_exit
2022-05-23 01:38:25,325 DEBUG   HandlerThread:17068 [handler.py:handle_request():141] handle_request: defer
2022-05-23 01:38:25,325 INFO    HandlerThread:17068 [handler.py:handle_request_defer():164] handle defer: 7
2022-05-23 01:38:25,328 DEBUG   SenderThread:17068 [sender.py:send_request():246] send_request: defer
2022-05-23 01:38:25,328 INFO    SenderThread:17068 [sender.py:send_request_defer():385] handle sender defer: 7
2022-05-23 01:38:25,328 INFO    SenderThread:17068 [file_pusher.py:finish():145] shutting down file pusher
2022-05-23 01:38:25,425 DEBUG   HandlerThread:17068 [handler.py:handle_request():141] handle_request: poll_exit
2022-05-23 01:38:25,426 DEBUG   SenderThread:17068 [sender.py:send_request():246] send_request: poll_exit
2022-05-23 01:38:25,528 DEBUG   HandlerThread:17068 [handler.py:handle_request():141] handle_request: poll_exit
2022-05-23 01:38:25,528 DEBUG   SenderThread:17068 [sender.py:send_request():246] send_request: poll_exit
2022-05-23 01:38:25,630 DEBUG   HandlerThread:17068 [handler.py:handle_request():141] handle_request: poll_exit
2022-05-23 01:38:25,631 DEBUG   SenderThread:17068 [sender.py:send_request():246] send_request: poll_exit
2022-05-23 01:38:25,733 DEBUG   HandlerThread:17068 [handler.py:handle_request():141] handle_request: poll_exit
2022-05-23 01:38:25,733 DEBUG   SenderThread:17068 [sender.py:send_request():246] send_request: poll_exit
2022-05-23 01:38:25,834 DEBUG   HandlerThread:17068 [handler.py:handle_request():141] handle_request: poll_exit
2022-05-23 01:38:25,834 DEBUG   SenderThread:17068 [sender.py:send_request():246] send_request: poll_exit
2022-05-23 01:38:25,936 DEBUG   HandlerThread:17068 [handler.py:handle_request():141] handle_request: poll_exit
2022-05-23 01:38:25,937 DEBUG   SenderThread:17068 [sender.py:send_request():246] send_request: poll_exit
2022-05-23 01:38:26,039 DEBUG   HandlerThread:17068 [handler.py:handle_request():141] handle_request: poll_exit
2022-05-23 01:38:26,040 DEBUG   SenderThread:17068 [sender.py:send_request():246] send_request: poll_exit
2022-05-23 01:38:26,093 INFO    Thread-16 :17068 [upload_job.py:push():132] Uploaded file C:\Projects\Code\Neurals\wandb\run-20220523_013755-ekgk7cau\files\config.yaml
2022-05-23 01:38:26,127 INFO    Thread-19 :17068 [upload_job.py:push():132] Uploaded file C:\Projects\Code\Neurals\wandb\run-20220523_013755-ekgk7cau\files\wandb-summary.json
2022-05-23 01:38:26,142 DEBUG   HandlerThread:17068 [handler.py:handle_request():141] handle_request: poll_exit
2022-05-23 01:38:26,142 DEBUG   SenderThread:17068 [sender.py:send_request():246] send_request: poll_exit
2022-05-23 01:38:26,143 INFO    Thread-17 :17068 [upload_job.py:push():132] Uploaded file C:\Projects\Code\Neurals\wandb\run-20220523_013755-ekgk7cau\files\output.log
2022-05-23 01:38:26,244 DEBUG   HandlerThread:17068 [handler.py:handle_request():141] handle_request: poll_exit
2022-05-23 01:38:26,244 DEBUG   SenderThread:17068 [sender.py:send_request():246] send_request: poll_exit
2022-05-23 01:38:26,306 INFO    Thread-18 :17068 [upload_job.py:push():132] Uploaded file C:\Projects\Code\Neurals\wandb\run-20220523_013755-ekgk7cau\files\requirements.txt
2022-05-23 01:38:26,346 DEBUG   HandlerThread:17068 [handler.py:handle_request():141] handle_request: poll_exit
2022-05-23 01:38:26,346 DEBUG   SenderThread:17068 [sender.py:send_request():246] send_request: poll_exit
2022-05-23 01:38:26,448 DEBUG   HandlerThread:17068 [handler.py:handle_request():141] handle_request: poll_exit
2022-05-23 01:38:26,448 DEBUG   SenderThread:17068 [sender.py:send_request():246] send_request: poll_exit
2022-05-23 01:38:26,516 INFO    Thread-10 :17068 [sender.py:transition_state():389] send defer: 8
2022-05-23 01:38:26,517 DEBUG   HandlerThread:17068 [handler.py:handle_request():141] handle_request: defer
2022-05-23 01:38:26,517 INFO    HandlerThread:17068 [handler.py:handle_request_defer():164] handle defer: 8
2022-05-23 01:38:26,517 DEBUG   SenderThread:17068 [sender.py:send_request():246] send_request: defer
2022-05-23 01:38:26,517 INFO    SenderThread:17068 [sender.py:send_request_defer():385] handle sender defer: 8
2022-05-23 01:38:26,550 DEBUG   HandlerThread:17068 [handler.py:handle_request():141] handle_request: poll_exit
2022-05-23 01:38:26,790 INFO    SenderThread:17068 [sender.py:transition_state():389] send defer: 9
2022-05-23 01:38:26,791 DEBUG   SenderThread:17068 [sender.py:send_request():246] send_request: poll_exit
2022-05-23 01:38:26,791 DEBUG   HandlerThread:17068 [handler.py:handle_request():141] handle_request: defer
2022-05-23 01:38:26,792 INFO    HandlerThread:17068 [handler.py:handle_request_defer():164] handle defer: 9
2022-05-23 01:38:26,792 DEBUG   SenderThread:17068 [sender.py:send_request():246] send_request: defer
2022-05-23 01:38:26,792 INFO    SenderThread:17068 [sender.py:send_request_defer():385] handle sender defer: 9
2022-05-23 01:38:26,792 INFO    SenderThread:17068 [sender.py:transition_state():389] send defer: 10
2022-05-23 01:38:26,793 DEBUG   HandlerThread:17068 [handler.py:handle_request():141] handle_request: defer
2022-05-23 01:38:26,793 DEBUG   SenderThread:17068 [sender.py:send():232] send: final
2022-05-23 01:38:26,793 INFO    HandlerThread:17068 [handler.py:handle_request_defer():164] handle defer: 10
2022-05-23 01:38:26,795 DEBUG   SenderThread:17068 [sender.py:send():232] send: footer
2022-05-23 01:38:26,795 DEBUG   SenderThread:17068 [sender.py:send_request():246] send_request: defer
2022-05-23 01:38:26,795 INFO    SenderThread:17068 [sender.py:send_request_defer():385] handle sender defer: 10
2022-05-23 01:38:26,894 DEBUG   HandlerThread:17068 [handler.py:handle_request():141] handle_request: poll_exit
2022-05-23 01:38:26,894 DEBUG   SenderThread:17068 [sender.py:send_request():246] send_request: poll_exit
2022-05-23 01:38:26,894 INFO    SenderThread:17068 [file_pusher.py:join():150] waiting for file pusher
2022-05-23 01:38:27,557 DEBUG   HandlerThread:17068 [handler.py:handle_request():141] handle_request: sampled_history
2022-05-23 01:38:27,559 DEBUG   HandlerThread:17068 [handler.py:handle_request():141] handle_request: get_summary
2022-05-23 01:38:27,560 DEBUG   HandlerThread:17068 [handler.py:handle_request():141] handle_request: shutdown
2022-05-23 01:38:27,560 INFO    HandlerThread:17068 [handler.py:finish():806] shutting down handler
2022-05-23 01:38:27,801 INFO    WriterThread:17068 [datastore.py:close():279] close: C:\Projects\Code\Neurals\wandb\run-20220523_013755-ekgk7cau\run-ekgk7cau.wandb
2022-05-23 01:38:28,457 INFO    SenderThread:17068 [sender.py:finish():1110] shutting down sender
2022-05-23 01:38:28,457 INFO    SenderThread:17068 [file_pusher.py:finish():145] shutting down file pusher
2022-05-23 01:38:28,457 INFO    SenderThread:17068 [file_pusher.py:join():150] waiting for file pusher
2022-05-23 01:38:28,460 INFO    MainThread:17068 [internal.py:handle_exit():80] Internal process exited
