2022-05-24 10:21:37,797 INFO    MainThread:10128 [internal.py:wandb_internal():90] W&B internal server running at pid: 10128, started at: 2022-05-24 10:21:37.797103
2022-05-24 10:21:37,805 INFO    WriterThread:10128 [datastore.py:open_for_write():75] open: C:\Projects\Code\Neurals\wandb\run-20220524_102136-3vizjzjd\run-3vizjzjd.wandb
2022-05-24 10:21:37,809 DEBUG   SenderThread:10128 [sender.py:send():232] send: header
2022-05-24 10:21:37,809 DEBUG   SenderThread:10128 [sender.py:send():232] send: run
2022-05-24 10:21:38,137 DEBUG   HandlerThread:10128 [handler.py:handle_request():141] handle_request: check_version
2022-05-24 10:21:38,143 INFO    SenderThread:10128 [dir_watcher.py:__init__():197] watching files in: C:\Projects\Code\Neurals\wandb\run-20220524_102136-3vizjzjd\files
2022-05-24 10:21:38,143 INFO    SenderThread:10128 [sender.py:_start_run_threads():811] run started: 3vizjzjd with start time 1653351696
2022-05-24 10:21:38,143 DEBUG   SenderThread:10128 [sender.py:send():232] send: summary
2022-05-24 10:21:38,143 INFO    SenderThread:10128 [sender.py:_save_file():948] saving file wandb-summary.json with policy end
2022-05-24 10:21:38,143 DEBUG   SenderThread:10128 [sender.py:send_request():246] send_request: check_version
2022-05-24 10:21:38,240 DEBUG   HandlerThread:10128 [handler.py:handle_request():141] handle_request: run_start
2022-05-24 10:21:39,151 INFO    Thread-11 :10128 [dir_watcher.py:_on_file_created():244] file/dir created: C:\Projects\Code\Neurals\wandb\run-20220524_102136-3vizjzjd\files\wandb-summary.json
2022-05-24 10:21:40,002 DEBUG   HandlerThread:10128 [meta.py:__init__():35] meta init
2022-05-24 10:21:40,002 DEBUG   HandlerThread:10128 [meta.py:__init__():49] meta init done
2022-05-24 10:21:40,002 DEBUG   HandlerThread:10128 [meta.py:probe():209] probe
2022-05-24 10:21:40,022 DEBUG   HandlerThread:10128 [git.py:repo():29] git repository is invalid
2022-05-24 10:21:40,022 DEBUG   HandlerThread:10128 [meta.py:_save_pip():53] save pip
2022-05-24 10:21:40,022 DEBUG   HandlerThread:10128 [meta.py:_save_pip():67] save pip done
2022-05-24 10:21:40,022 DEBUG   HandlerThread:10128 [meta.py:probe():247] probe done
2022-05-24 10:21:40,035 DEBUG   SenderThread:10128 [sender.py:send():232] send: files
2022-05-24 10:21:40,035 INFO    SenderThread:10128 [sender.py:_save_file():948] saving file wandb-metadata.json with policy now
2022-05-24 10:21:40,039 DEBUG   HandlerThread:10128 [handler.py:handle_request():141] handle_request: stop_status
2022-05-24 10:21:40,039 DEBUG   SenderThread:10128 [sender.py:send_request():246] send_request: stop_status
2022-05-24 10:21:40,161 INFO    Thread-11 :10128 [dir_watcher.py:_on_file_created():244] file/dir created: C:\Projects\Code\Neurals\wandb\run-20220524_102136-3vizjzjd\files\requirements.txt
2022-05-24 10:21:40,161 INFO    Thread-11 :10128 [dir_watcher.py:_on_file_created():244] file/dir created: C:\Projects\Code\Neurals\wandb\run-20220524_102136-3vizjzjd\files\wandb-metadata.json
2022-05-24 10:21:40,162 INFO    Thread-11 :10128 [dir_watcher.py:_on_file_created():244] file/dir created: C:\Projects\Code\Neurals\wandb\run-20220524_102136-3vizjzjd\files\output.log
2022-05-24 10:21:40,335 DEBUG   SenderThread:10128 [sender.py:send():232] send: telemetry
2022-05-24 10:21:40,893 INFO    Thread-15 :10128 [upload_job.py:push():132] Uploaded file C:\Users\MAXIMN~1\AppData\Local\Temp\tmphsgn71nhwandb\2399zmbu-wandb-metadata.json
2022-05-24 10:21:42,179 INFO    Thread-11 :10128 [dir_watcher.py:_on_file_modified():257] file/dir modified: C:\Projects\Code\Neurals\wandb\run-20220524_102136-3vizjzjd\files\output.log
2022-05-24 10:21:43,332 DEBUG   HandlerThread:10128 [handler.py:handle_request():141] handle_request: partial_history
2022-05-24 10:21:43,334 DEBUG   SenderThread:10128 [sender.py:send():232] send: history
2022-05-24 10:21:43,335 DEBUG   SenderThread:10128 [sender.py:send():232] send: summary
2022-05-24 10:21:43,338 INFO    SenderThread:10128 [sender.py:_save_file():948] saving file wandb-summary.json with policy end
2022-05-24 10:21:44,190 INFO    Thread-11 :10128 [dir_watcher.py:_on_file_modified():257] file/dir modified: C:\Projects\Code\Neurals\wandb\run-20220524_102136-3vizjzjd\files\wandb-summary.json
2022-05-24 10:21:44,191 INFO    Thread-11 :10128 [dir_watcher.py:_on_file_modified():257] file/dir modified: C:\Projects\Code\Neurals\wandb\run-20220524_102136-3vizjzjd\files\output.log
2022-05-24 10:21:46,201 INFO    Thread-11 :10128 [dir_watcher.py:_on_file_modified():257] file/dir modified: C:\Projects\Code\Neurals\wandb\run-20220524_102136-3vizjzjd\files\output.log
2022-05-24 10:21:49,148 DEBUG   HandlerThread:10128 [handler.py:handle_request():141] handle_request: partial_history
2022-05-24 10:21:49,149 DEBUG   SenderThread:10128 [sender.py:send():232] send: history
2022-05-24 10:21:49,150 DEBUG   SenderThread:10128 [sender.py:send():232] send: summary
2022-05-24 10:21:49,150 INFO    SenderThread:10128 [sender.py:_save_file():948] saving file wandb-summary.json with policy end
2022-05-24 10:21:49,214 INFO    Thread-11 :10128 [dir_watcher.py:_on_file_modified():257] file/dir modified: C:\Projects\Code\Neurals\wandb\run-20220524_102136-3vizjzjd\files\wandb-summary.json
2022-05-24 10:21:50,216 INFO    Thread-11 :10128 [dir_watcher.py:_on_file_modified():257] file/dir modified: C:\Projects\Code\Neurals\wandb\run-20220524_102136-3vizjzjd\files\output.log
2022-05-24 10:21:54,755 DEBUG   HandlerThread:10128 [handler.py:handle_request():141] handle_request: partial_history
2022-05-24 10:21:54,756 DEBUG   SenderThread:10128 [sender.py:send():232] send: history
2022-05-24 10:21:54,757 DEBUG   SenderThread:10128 [sender.py:send():232] send: summary
2022-05-24 10:21:54,758 INFO    SenderThread:10128 [sender.py:_save_file():948] saving file wandb-summary.json with policy end
2022-05-24 10:21:55,248 INFO    Thread-11 :10128 [dir_watcher.py:_on_file_modified():257] file/dir modified: C:\Projects\Code\Neurals\wandb\run-20220524_102136-3vizjzjd\files\wandb-summary.json
2022-05-24 10:21:55,341 DEBUG   HandlerThread:10128 [handler.py:handle_request():141] handle_request: stop_status
2022-05-24 10:21:55,342 DEBUG   SenderThread:10128 [sender.py:send_request():246] send_request: stop_status
2022-05-24 10:21:56,253 INFO    Thread-11 :10128 [dir_watcher.py:_on_file_modified():257] file/dir modified: C:\Projects\Code\Neurals\wandb\run-20220524_102136-3vizjzjd\files\output.log
2022-05-24 10:22:00,436 DEBUG   HandlerThread:10128 [handler.py:handle_request():141] handle_request: partial_history
2022-05-24 10:22:00,436 DEBUG   SenderThread:10128 [sender.py:send():232] send: history
2022-05-24 10:22:00,436 DEBUG   SenderThread:10128 [sender.py:send():232] send: summary
2022-05-24 10:22:00,438 INFO    SenderThread:10128 [sender.py:_save_file():948] saving file wandb-summary.json with policy end
2022-05-24 10:22:01,285 INFO    Thread-11 :10128 [dir_watcher.py:_on_file_modified():257] file/dir modified: C:\Projects\Code\Neurals\wandb\run-20220524_102136-3vizjzjd\files\wandb-summary.json
2022-05-24 10:22:02,292 INFO    Thread-11 :10128 [dir_watcher.py:_on_file_modified():257] file/dir modified: C:\Projects\Code\Neurals\wandb\run-20220524_102136-3vizjzjd\files\output.log
