2022-05-23 01:36:13,185 INFO    MainThread:19464 [wandb_setup.py:_flush():76] Loading settings from C:\Users\Maxim N\.config\wandb\settings
2022-05-23 01:36:13,185 INFO    MainThread:19464 [wandb_setup.py:_flush():76] Loading settings from C:\Projects\Code\Neurals\wandb\settings
2022-05-23 01:36:13,185 INFO    MainThread:19464 [wandb_setup.py:_flush():76] Loading settings from environment variables: {}
2022-05-23 01:36:13,185 INFO    MainThread:19464 [wandb_setup.py:_flush():76] Inferring run settings from compute environment: {'program_relpath': 'testing.py', 'program': 'C:\\Projects\\Code\\Neurals\\testing.py'}
2022-05-23 01:36:13,185 INFO    MainThread:19464 [wandb_init.py:_log_setup():428] Logging user logs to C:\Projects\Code\Neurals\wandb\run-20220523_013613-2zzrwap4\logs\debug.log
2022-05-23 01:36:13,186 INFO    MainThread:19464 [wandb_init.py:_log_setup():429] Logging internal logs to C:\Projects\Code\Neurals\wandb\run-20220523_013613-2zzrwap4\logs\debug-internal.log
2022-05-23 01:36:13,186 INFO    MainThread:19464 [wandb_init.py:init():462] calling init triggers
2022-05-23 01:36:13,186 INFO    MainThread:19464 [wandb_init.py:init():465] wandb.init called with sweep_config: {}
config: {}
2022-05-23 01:36:13,186 INFO    MainThread:19464 [wandb_init.py:init():515] starting backend
2022-05-23 01:36:13,186 INFO    MainThread:19464 [backend.py:_multiprocessing_setup():97] multiprocessing start_methods=spawn, using: spawn
2022-05-23 01:36:13,192 INFO    MainThread:19464 [backend.py:ensure_launched():217] starting backend process...
2022-05-23 01:36:13,343 INFO    MainThread:19464 [backend.py:ensure_launched():222] started backend process with pid: 18236
2022-05-23 01:36:13,344 INFO    MainThread:19464 [wandb_init.py:init():525] backend started and connected
2022-05-23 01:36:13,348 INFO    MainThread:19464 [wandb_init.py:init():596] updated telemetry
2022-05-23 01:36:13,355 INFO    MainThread:19464 [wandb_init.py:init():627] communicating run to backend with 30 second timeout
2022-05-23 01:36:15,320 INFO    MainThread:19464 [wandb_run.py:_on_init():1924] communicating current version
2022-05-23 01:36:15,412 INFO    MainThread:19464 [wandb_run.py:_on_init():1928] got version response 
2022-05-23 01:36:15,412 INFO    MainThread:19464 [wandb_init.py:init():662] starting run threads in backend
2022-05-23 01:36:17,366 INFO    MainThread:19464 [wandb_run.py:_console_start():1898] atexit reg
2022-05-23 01:36:17,367 INFO    MainThread:19464 [wandb_run.py:_redirect():1771] redirect: SettingsConsole.WRAP
2022-05-23 01:36:17,367 INFO    MainThread:19464 [wandb_run.py:_redirect():1808] Wrapping output streams.
2022-05-23 01:36:17,370 INFO    MainThread:19464 [wandb_run.py:_redirect():1832] Redirects installed.
2022-05-23 01:36:17,370 INFO    MainThread:19464 [wandb_init.py:init():688] run started, returning control to user process
2022-05-23 01:36:41,520 INFO    MainThread:19464 [wandb_run.py:_atexit_cleanup():1867] got exitcode: 1
2022-05-23 01:36:41,521 INFO    MainThread:19464 [wandb_run.py:_restore():1839] restore
2022-05-23 01:36:42,435 INFO    MainThread:19464 [wandb_run.py:_on_finish():1996] got exit ret: file_counts {
  wandb_count: 1
}
pusher_stats {
  uploaded_bytes: 565
  total_bytes: 565
}

2022-05-23 01:36:42,855 INFO    MainThread:19464 [wandb_run.py:_on_finish():1996] got exit ret: file_counts {
  wandb_count: 1
}
pusher_stats {
  uploaded_bytes: 565
  total_bytes: 565
}

2022-05-23 01:36:43,537 INFO    MainThread:19464 [wandb_run.py:_on_finish():1996] got exit ret: file_counts {
  wandb_count: 4
}
pusher_stats {
  uploaded_bytes: 565
  total_bytes: 14369
}

2022-05-23 01:36:43,639 INFO    MainThread:19464 [wandb_run.py:_on_finish():1996] got exit ret: file_counts {
  wandb_count: 5
}
pusher_stats {
  uploaded_bytes: 565
  total_bytes: 14485
}

2022-05-23 01:36:43,741 INFO    MainThread:19464 [wandb_run.py:_on_finish():1996] got exit ret: file_counts {
  wandb_count: 5
}
pusher_stats {
  uploaded_bytes: 565
  total_bytes: 14485
}

2022-05-23 01:36:43,843 INFO    MainThread:19464 [wandb_run.py:_on_finish():1996] got exit ret: file_counts {
  wandb_count: 5
}
pusher_stats {
  uploaded_bytes: 565
  total_bytes: 14485
}

2022-05-23 01:36:43,946 INFO    MainThread:19464 [wandb_run.py:_on_finish():1996] got exit ret: file_counts {
  wandb_count: 5
}
pusher_stats {
  uploaded_bytes: 565
  total_bytes: 14485
}

2022-05-23 01:36:44,048 INFO    MainThread:19464 [wandb_run.py:_on_finish():1996] got exit ret: file_counts {
  wandb_count: 5
}
pusher_stats {
  uploaded_bytes: 565
  total_bytes: 14485
}

2022-05-23 01:36:44,151 INFO    MainThread:19464 [wandb_run.py:_on_finish():1996] got exit ret: file_counts {
  wandb_count: 5
}
pusher_stats {
  uploaded_bytes: 14485
  total_bytes: 14485
}

2022-05-23 01:36:44,252 INFO    MainThread:19464 [wandb_run.py:_on_finish():1996] got exit ret: file_counts {
  wandb_count: 5
}
pusher_stats {
  uploaded_bytes: 14485
  total_bytes: 14485
}

2022-05-23 01:36:44,354 INFO    MainThread:19464 [wandb_run.py:_on_finish():1996] got exit ret: file_counts {
  wandb_count: 5
}
pusher_stats {
  uploaded_bytes: 14485
  total_bytes: 14485
}

2022-05-23 01:36:44,456 INFO    MainThread:19464 [wandb_run.py:_on_finish():1996] got exit ret: file_counts {
  wandb_count: 5
}
pusher_stats {
  uploaded_bytes: 14485
  total_bytes: 14485
}

2022-05-23 01:36:44,558 INFO    MainThread:19464 [wandb_run.py:_on_finish():1996] got exit ret: file_counts {
  wandb_count: 5
}
pusher_stats {
  uploaded_bytes: 14485
  total_bytes: 14485
}

2022-05-23 01:36:44,660 INFO    MainThread:19464 [wandb_run.py:_on_finish():1996] got exit ret: file_counts {
  wandb_count: 5
}
pusher_stats {
  uploaded_bytes: 14485
  total_bytes: 14485
}

2022-05-23 01:36:45,103 INFO    MainThread:19464 [wandb_run.py:_on_finish():1996] got exit ret: file_counts {
  wandb_count: 5
}
pusher_stats {
  uploaded_bytes: 14485
  total_bytes: 14485
}

2022-05-23 01:36:45,716 INFO    MainThread:19464 [wandb_run.py:_on_finish():1996] got exit ret: done: true
exit_result {
}
file_counts {
  wandb_count: 5
}
pusher_stats {
  uploaded_bytes: 14485
  total_bytes: 14485
}
local_info {
}

2022-05-23 01:36:47,065 INFO    MainThread:19464 [wandb_run.py:_footer_history_summary_info():3104] rendering history
2022-05-23 01:36:47,067 INFO    MainThread:19464 [wandb_run.py:_footer_history_summary_info():3136] rendering summary
2022-05-23 01:36:47,070 INFO    MainThread:19464 [wandb_run.py:_footer_sync_info():3060] logging synced files
