2022-05-23 01:38:50,757 INFO    MainThread:21876 [internal.py:wandb_internal():90] W&B internal server running at pid: 21876, started at: 2022-05-23 01:38:50.757629
2022-05-23 01:38:50,760 INFO    WriterThread:21876 [datastore.py:open_for_write():75] open: C:\Projects\Code\Neurals\wandb\run-20220523_013849-2prbssxk\run-2prbssxk.wandb
2022-05-23 01:38:50,767 DEBUG   SenderThread:21876 [sender.py:send():232] send: header
2022-05-23 01:38:50,767 DEBUG   SenderThread:21876 [sender.py:send():232] send: run
2022-05-23 01:38:51,080 INFO    SenderThread:21876 [dir_watcher.py:__init__():197] watching files in: C:\Projects\Code\Neurals\wandb\run-20220523_013849-2prbssxk\files
2022-05-23 01:38:51,081 DEBUG   HandlerThread:21876 [handler.py:handle_request():141] handle_request: check_version
2022-05-23 01:38:51,088 INFO    SenderThread:21876 [sender.py:_start_run_threads():811] run started: 2prbssxk with start time 1653233929
2022-05-23 01:38:51,089 DEBUG   SenderThread:21876 [sender.py:send():232] send: summary
2022-05-23 01:38:51,089 INFO    SenderThread:21876 [sender.py:_save_file():948] saving file wandb-summary.json with policy end
2022-05-23 01:38:51,090 DEBUG   SenderThread:21876 [sender.py:send_request():246] send_request: check_version
2022-05-23 01:38:51,161 DEBUG   HandlerThread:21876 [handler.py:handle_request():141] handle_request: run_start
2022-05-23 01:38:52,139 INFO    Thread-11 :21876 [dir_watcher.py:_on_file_created():244] file/dir created: C:\Projects\Code\Neurals\wandb\run-20220523_013849-2prbssxk\files\wandb-summary.json
2022-05-23 01:38:53,047 DEBUG   HandlerThread:21876 [meta.py:__init__():35] meta init
2022-05-23 01:38:53,051 DEBUG   HandlerThread:21876 [meta.py:__init__():49] meta init done
2022-05-23 01:38:53,051 DEBUG   HandlerThread:21876 [meta.py:probe():209] probe
2022-05-23 01:38:53,067 DEBUG   HandlerThread:21876 [git.py:repo():29] git repository is invalid
2022-05-23 01:38:53,067 DEBUG   HandlerThread:21876 [meta.py:_save_pip():53] save pip
2022-05-23 01:38:53,068 DEBUG   HandlerThread:21876 [meta.py:_save_pip():67] save pip done
2022-05-23 01:38:53,068 DEBUG   HandlerThread:21876 [meta.py:probe():247] probe done
2022-05-23 01:38:53,071 DEBUG   SenderThread:21876 [sender.py:send():232] send: files
2022-05-23 01:38:53,072 INFO    SenderThread:21876 [sender.py:_save_file():948] saving file wandb-metadata.json with policy now
2022-05-23 01:38:53,080 DEBUG   HandlerThread:21876 [handler.py:handle_request():141] handle_request: stop_status
2022-05-23 01:38:53,080 DEBUG   SenderThread:21876 [sender.py:send_request():246] send_request: stop_status
2022-05-23 01:38:53,147 INFO    Thread-11 :21876 [dir_watcher.py:_on_file_created():244] file/dir created: C:\Projects\Code\Neurals\wandb\run-20220523_013849-2prbssxk\files\requirements.txt
2022-05-23 01:38:53,147 INFO    Thread-11 :21876 [dir_watcher.py:_on_file_created():244] file/dir created: C:\Projects\Code\Neurals\wandb\run-20220523_013849-2prbssxk\files\output.log
2022-05-23 01:38:53,148 INFO    Thread-11 :21876 [dir_watcher.py:_on_file_created():244] file/dir created: C:\Projects\Code\Neurals\wandb\run-20220523_013849-2prbssxk\files\wandb-metadata.json
2022-05-23 01:38:53,369 DEBUG   SenderThread:21876 [sender.py:send():232] send: telemetry
2022-05-23 01:38:54,006 INFO    Thread-15 :21876 [upload_job.py:push():132] Uploaded file C:\Users\MAXIMN~1\AppData\Local\Temp\tmp1icb4p0hwandb\2uc753mz-wandb-metadata.json
2022-05-23 01:38:55,154 INFO    Thread-11 :21876 [dir_watcher.py:_on_file_modified():257] file/dir modified: C:\Projects\Code\Neurals\wandb\run-20220523_013849-2prbssxk\files\output.log
2022-05-23 01:39:08,371 DEBUG   HandlerThread:21876 [handler.py:handle_request():141] handle_request: stop_status
2022-05-23 01:39:08,372 DEBUG   SenderThread:21876 [sender.py:send_request():246] send_request: stop_status
2022-05-23 01:39:17,322 INFO    Thread-11 :21876 [dir_watcher.py:_on_file_modified():257] file/dir modified: C:\Projects\Code\Neurals\wandb\run-20220523_013849-2prbssxk\files\output.log
2022-05-23 01:39:17,406 DEBUG   HandlerThread:21876 [handler.py:handle_request():141] handle_request: partial_history
2022-05-23 01:39:17,408 DEBUG   SenderThread:21876 [sender.py:send():232] send: history
2022-05-23 01:39:17,409 DEBUG   SenderThread:21876 [sender.py:send():232] send: summary
2022-05-23 01:39:17,410 INFO    SenderThread:21876 [sender.py:_save_file():948] saving file wandb-summary.json with policy end
2022-05-23 01:39:17,429 DEBUG   SenderThread:21876 [sender.py:send():232] send: telemetry
2022-05-23 01:39:18,142 DEBUG   HandlerThread:21876 [handler.py:handle_request():141] handle_request: poll_exit
2022-05-23 01:39:18,143 DEBUG   SenderThread:21876 [sender.py:send():232] send: exit
2022-05-23 01:39:18,143 INFO    SenderThread:21876 [sender.py:send_exit():368] handling exit code: 1
2022-05-23 01:39:18,143 INFO    SenderThread:21876 [sender.py:send_exit():370] handling runtime: 26
2022-05-23 01:39:18,144 INFO    SenderThread:21876 [sender.py:_save_file():948] saving file wandb-summary.json with policy end
2022-05-23 01:39:18,144 INFO    SenderThread:21876 [sender.py:send_exit():376] send defer
2022-05-23 01:39:18,144 DEBUG   SenderThread:21876 [sender.py:send_request():246] send_request: poll_exit
2022-05-23 01:39:18,145 DEBUG   HandlerThread:21876 [handler.py:handle_request():141] handle_request: defer
2022-05-23 01:39:18,145 INFO    HandlerThread:21876 [handler.py:handle_request_defer():164] handle defer: 0
2022-05-23 01:39:18,145 DEBUG   SenderThread:21876 [sender.py:send_request():246] send_request: defer
2022-05-23 01:39:18,145 INFO    SenderThread:21876 [sender.py:send_request_defer():385] handle sender defer: 0
2022-05-23 01:39:18,146 INFO    SenderThread:21876 [sender.py:transition_state():389] send defer: 1
2022-05-23 01:39:18,146 DEBUG   HandlerThread:21876 [handler.py:handle_request():141] handle_request: defer
2022-05-23 01:39:18,147 INFO    HandlerThread:21876 [handler.py:handle_request_defer():164] handle defer: 1
2022-05-23 01:39:18,203 DEBUG   SenderThread:21876 [sender.py:send_request():246] send_request: defer
2022-05-23 01:39:18,203 INFO    SenderThread:21876 [sender.py:send_request_defer():385] handle sender defer: 1
2022-05-23 01:39:18,203 INFO    SenderThread:21876 [sender.py:transition_state():389] send defer: 2
2022-05-23 01:39:18,203 DEBUG   SenderThread:21876 [sender.py:send():232] send: stats
2022-05-23 01:39:18,204 DEBUG   HandlerThread:21876 [handler.py:handle_request():141] handle_request: defer
2022-05-23 01:39:18,204 INFO    HandlerThread:21876 [handler.py:handle_request_defer():164] handle defer: 2
2022-05-23 01:39:18,204 DEBUG   SenderThread:21876 [sender.py:send_request():246] send_request: defer
2022-05-23 01:39:18,204 INFO    SenderThread:21876 [sender.py:send_request_defer():385] handle sender defer: 2
2022-05-23 01:39:18,204 INFO    SenderThread:21876 [sender.py:transition_state():389] send defer: 3
2022-05-23 01:39:18,204 DEBUG   HandlerThread:21876 [handler.py:handle_request():141] handle_request: defer
2022-05-23 01:39:18,204 INFO    HandlerThread:21876 [handler.py:handle_request_defer():164] handle defer: 3
2022-05-23 01:39:18,204 DEBUG   SenderThread:21876 [sender.py:send_request():246] send_request: defer
2022-05-23 01:39:18,205 INFO    SenderThread:21876 [sender.py:send_request_defer():385] handle sender defer: 3
2022-05-23 01:39:18,205 INFO    SenderThread:21876 [sender.py:transition_state():389] send defer: 4
2022-05-23 01:39:18,205 DEBUG   HandlerThread:21876 [handler.py:handle_request():141] handle_request: defer
2022-05-23 01:39:18,205 INFO    HandlerThread:21876 [handler.py:handle_request_defer():164] handle defer: 4
2022-05-23 01:39:18,205 DEBUG   SenderThread:21876 [sender.py:send():232] send: summary
2022-05-23 01:39:18,206 INFO    SenderThread:21876 [sender.py:_save_file():948] saving file wandb-summary.json with policy end
2022-05-23 01:39:18,206 DEBUG   SenderThread:21876 [sender.py:send_request():246] send_request: defer
2022-05-23 01:39:18,206 INFO    SenderThread:21876 [sender.py:send_request_defer():385] handle sender defer: 4
2022-05-23 01:39:18,206 INFO    SenderThread:21876 [sender.py:transition_state():389] send defer: 5
2022-05-23 01:39:18,207 DEBUG   HandlerThread:21876 [handler.py:handle_request():141] handle_request: defer
2022-05-23 01:39:18,207 INFO    HandlerThread:21876 [handler.py:handle_request_defer():164] handle defer: 5
2022-05-23 01:39:18,207 DEBUG   SenderThread:21876 [sender.py:send_request():246] send_request: defer
2022-05-23 01:39:18,207 INFO    SenderThread:21876 [sender.py:send_request_defer():385] handle sender defer: 5
2022-05-23 01:39:18,246 DEBUG   HandlerThread:21876 [handler.py:handle_request():141] handle_request: poll_exit
2022-05-23 01:39:18,331 INFO    Thread-11 :21876 [dir_watcher.py:_on_file_modified():257] file/dir modified: C:\Projects\Code\Neurals\wandb\run-20220523_013849-2prbssxk\files\wandb-summary.json
2022-05-23 01:39:18,331 INFO    Thread-11 :21876 [dir_watcher.py:_on_file_modified():257] file/dir modified: C:\Projects\Code\Neurals\wandb\run-20220523_013849-2prbssxk\files\output.log
2022-05-23 01:39:18,511 INFO    SenderThread:21876 [sender.py:transition_state():389] send defer: 6
2022-05-23 01:39:18,512 DEBUG   SenderThread:21876 [sender.py:send_request():246] send_request: poll_exit
2022-05-23 01:39:18,512 DEBUG   HandlerThread:21876 [handler.py:handle_request():141] handle_request: defer
2022-05-23 01:39:18,513 INFO    HandlerThread:21876 [handler.py:handle_request_defer():164] handle defer: 6
2022-05-23 01:39:18,513 DEBUG   SenderThread:21876 [sender.py:send_request():246] send_request: defer
2022-05-23 01:39:18,513 INFO    SenderThread:21876 [sender.py:send_request_defer():385] handle sender defer: 6
2022-05-23 01:39:18,513 INFO    SenderThread:21876 [dir_watcher.py:finish():312] shutting down directory watcher
2022-05-23 01:39:18,614 DEBUG   HandlerThread:21876 [handler.py:handle_request():141] handle_request: poll_exit
2022-05-23 01:39:19,345 INFO    SenderThread:21876 [dir_watcher.py:_on_file_modified():257] file/dir modified: C:\Projects\Code\Neurals\wandb\run-20220523_013849-2prbssxk\files\config.yaml
2022-05-23 01:39:19,345 INFO    SenderThread:21876 [dir_watcher.py:finish():342] scan: C:\Projects\Code\Neurals\wandb\run-20220523_013849-2prbssxk\files
2022-05-23 01:39:19,346 INFO    SenderThread:21876 [dir_watcher.py:finish():356] scan save: C:\Projects\Code\Neurals\wandb\run-20220523_013849-2prbssxk\files\config.yaml config.yaml
2022-05-23 01:39:19,346 INFO    SenderThread:21876 [dir_watcher.py:finish():356] scan save: C:\Projects\Code\Neurals\wandb\run-20220523_013849-2prbssxk\files\output.log output.log
2022-05-23 01:39:19,347 INFO    SenderThread:21876 [dir_watcher.py:finish():356] scan save: C:\Projects\Code\Neurals\wandb\run-20220523_013849-2prbssxk\files\requirements.txt requirements.txt
2022-05-23 01:39:19,350 INFO    SenderThread:21876 [dir_watcher.py:finish():356] scan save: C:\Projects\Code\Neurals\wandb\run-20220523_013849-2prbssxk\files\wandb-metadata.json wandb-metadata.json
2022-05-23 01:39:19,352 INFO    SenderThread:21876 [dir_watcher.py:finish():356] scan save: C:\Projects\Code\Neurals\wandb\run-20220523_013849-2prbssxk\files\wandb-summary.json wandb-summary.json
2022-05-23 01:39:19,355 INFO    SenderThread:21876 [sender.py:transition_state():389] send defer: 7
2022-05-23 01:39:19,356 DEBUG   SenderThread:21876 [sender.py:send_request():246] send_request: poll_exit
2022-05-23 01:39:19,356 DEBUG   HandlerThread:21876 [handler.py:handle_request():141] handle_request: defer
2022-05-23 01:39:19,356 INFO    HandlerThread:21876 [handler.py:handle_request_defer():164] handle defer: 7
2022-05-23 01:39:19,357 DEBUG   SenderThread:21876 [sender.py:send_request():246] send_request: defer
2022-05-23 01:39:19,357 INFO    SenderThread:21876 [sender.py:send_request_defer():385] handle sender defer: 7
2022-05-23 01:39:19,357 INFO    SenderThread:21876 [file_pusher.py:finish():145] shutting down file pusher
2022-05-23 01:39:19,457 DEBUG   HandlerThread:21876 [handler.py:handle_request():141] handle_request: poll_exit
2022-05-23 01:39:19,457 DEBUG   SenderThread:21876 [sender.py:send_request():246] send_request: poll_exit
2022-05-23 01:39:19,560 DEBUG   HandlerThread:21876 [handler.py:handle_request():141] handle_request: poll_exit
2022-05-23 01:39:19,560 DEBUG   SenderThread:21876 [sender.py:send_request():246] send_request: poll_exit
2022-05-23 01:39:19,661 DEBUG   HandlerThread:21876 [handler.py:handle_request():141] handle_request: poll_exit
2022-05-23 01:39:19,662 DEBUG   SenderThread:21876 [sender.py:send_request():246] send_request: poll_exit
2022-05-23 01:39:19,764 DEBUG   HandlerThread:21876 [handler.py:handle_request():141] handle_request: poll_exit
2022-05-23 01:39:19,765 DEBUG   SenderThread:21876 [sender.py:send_request():246] send_request: poll_exit
2022-05-23 01:39:19,868 DEBUG   HandlerThread:21876 [handler.py:handle_request():141] handle_request: poll_exit
2022-05-23 01:39:19,868 DEBUG   SenderThread:21876 [sender.py:send_request():246] send_request: poll_exit
2022-05-23 01:39:19,969 DEBUG   HandlerThread:21876 [handler.py:handle_request():141] handle_request: poll_exit
2022-05-23 01:39:19,970 DEBUG   SenderThread:21876 [sender.py:send_request():246] send_request: poll_exit
2022-05-23 01:39:20,072 DEBUG   HandlerThread:21876 [handler.py:handle_request():141] handle_request: poll_exit
2022-05-23 01:39:20,072 DEBUG   SenderThread:21876 [sender.py:send_request():246] send_request: poll_exit
2022-05-23 01:39:20,130 INFO    Thread-16 :21876 [upload_job.py:push():132] Uploaded file C:\Projects\Code\Neurals\wandb\run-20220523_013849-2prbssxk\files\config.yaml
2022-05-23 01:39:20,137 INFO    Thread-17 :21876 [upload_job.py:push():132] Uploaded file C:\Projects\Code\Neurals\wandb\run-20220523_013849-2prbssxk\files\output.log
2022-05-23 01:39:20,158 INFO    Thread-19 :21876 [upload_job.py:push():132] Uploaded file C:\Projects\Code\Neurals\wandb\run-20220523_013849-2prbssxk\files\wandb-summary.json
2022-05-23 01:39:20,166 INFO    Thread-18 :21876 [upload_job.py:push():132] Uploaded file C:\Projects\Code\Neurals\wandb\run-20220523_013849-2prbssxk\files\requirements.txt
2022-05-23 01:39:20,174 DEBUG   HandlerThread:21876 [handler.py:handle_request():141] handle_request: poll_exit
2022-05-23 01:39:20,174 DEBUG   SenderThread:21876 [sender.py:send_request():246] send_request: poll_exit
2022-05-23 01:39:20,276 DEBUG   HandlerThread:21876 [handler.py:handle_request():141] handle_request: poll_exit
2022-05-23 01:39:20,276 DEBUG   SenderThread:21876 [sender.py:send_request():246] send_request: poll_exit
2022-05-23 01:39:20,375 INFO    Thread-10 :21876 [sender.py:transition_state():389] send defer: 8
2022-05-23 01:39:20,376 DEBUG   HandlerThread:21876 [handler.py:handle_request():141] handle_request: defer
2022-05-23 01:39:20,376 INFO    HandlerThread:21876 [handler.py:handle_request_defer():164] handle defer: 8
2022-05-23 01:39:20,377 DEBUG   SenderThread:21876 [sender.py:send_request():246] send_request: defer
2022-05-23 01:39:20,377 INFO    SenderThread:21876 [sender.py:send_request_defer():385] handle sender defer: 8
2022-05-23 01:39:20,379 DEBUG   HandlerThread:21876 [handler.py:handle_request():141] handle_request: poll_exit
2022-05-23 01:39:20,851 INFO    SenderThread:21876 [sender.py:transition_state():389] send defer: 9
2022-05-23 01:39:20,851 DEBUG   SenderThread:21876 [sender.py:send_request():246] send_request: poll_exit
2022-05-23 01:39:20,852 DEBUG   HandlerThread:21876 [handler.py:handle_request():141] handle_request: defer
2022-05-23 01:39:20,852 INFO    HandlerThread:21876 [handler.py:handle_request_defer():164] handle defer: 9
2022-05-23 01:39:20,852 DEBUG   SenderThread:21876 [sender.py:send_request():246] send_request: defer
2022-05-23 01:39:20,853 INFO    SenderThread:21876 [sender.py:send_request_defer():385] handle sender defer: 9
2022-05-23 01:39:20,853 INFO    SenderThread:21876 [sender.py:transition_state():389] send defer: 10
2022-05-23 01:39:20,854 DEBUG   SenderThread:21876 [sender.py:send():232] send: final
2022-05-23 01:39:20,854 DEBUG   SenderThread:21876 [sender.py:send():232] send: footer
2022-05-23 01:39:20,855 DEBUG   HandlerThread:21876 [handler.py:handle_request():141] handle_request: defer
2022-05-23 01:39:20,855 INFO    HandlerThread:21876 [handler.py:handle_request_defer():164] handle defer: 10
2022-05-23 01:39:20,855 DEBUG   SenderThread:21876 [sender.py:send_request():246] send_request: defer
2022-05-23 01:39:20,855 INFO    SenderThread:21876 [sender.py:send_request_defer():385] handle sender defer: 10
2022-05-23 01:39:20,954 DEBUG   HandlerThread:21876 [handler.py:handle_request():141] handle_request: poll_exit
2022-05-23 01:39:20,954 DEBUG   SenderThread:21876 [sender.py:send_request():246] send_request: poll_exit
2022-05-23 01:39:20,954 INFO    SenderThread:21876 [file_pusher.py:join():150] waiting for file pusher
2022-05-23 01:39:21,669 DEBUG   HandlerThread:21876 [handler.py:handle_request():141] handle_request: sampled_history
2022-05-23 01:39:21,674 DEBUG   HandlerThread:21876 [handler.py:handle_request():141] handle_request: get_summary
2022-05-23 01:39:21,678 DEBUG   HandlerThread:21876 [handler.py:handle_request():141] handle_request: shutdown
2022-05-23 01:39:21,680 INFO    HandlerThread:21876 [handler.py:finish():806] shutting down handler
2022-05-23 01:39:21,868 INFO    WriterThread:21876 [datastore.py:close():279] close: C:\Projects\Code\Neurals\wandb\run-20220523_013849-2prbssxk\run-2prbssxk.wandb
2022-05-23 01:39:22,566 INFO    SenderThread:21876 [sender.py:finish():1110] shutting down sender
2022-05-23 01:39:22,566 INFO    SenderThread:21876 [file_pusher.py:finish():145] shutting down file pusher
2022-05-23 01:39:22,566 INFO    SenderThread:21876 [file_pusher.py:join():150] waiting for file pusher
2022-05-23 01:39:22,568 INFO    MainThread:21876 [internal.py:handle_exit():80] Internal process exited
