2022-05-23 11:30:24,358 INFO    MainThread:996 [internal.py:wandb_internal():90] W&B internal server running at pid: 996, started at: 2022-05-23 11:30:24.358024
2022-05-23 11:30:24,361 INFO    WriterThread:996 [datastore.py:open_for_write():75] open: C:\Projects\Code\Neurals\wandb\run-20220523_113022-29ov4vxm\run-29ov4vxm.wandb
2022-05-23 11:30:24,369 DEBUG   SenderThread:996 [sender.py:send():232] send: header
2022-05-23 11:30:24,369 DEBUG   SenderThread:996 [sender.py:send():232] send: run
2022-05-23 11:30:24,676 INFO    SenderThread:996 [dir_watcher.py:__init__():197] watching files in: C:\Projects\Code\Neurals\wandb\run-20220523_113022-29ov4vxm\files
2022-05-23 11:30:24,676 DEBUG   HandlerThread:996 [handler.py:handle_request():141] handle_request: check_version
2022-05-23 11:30:24,677 INFO    SenderThread:996 [sender.py:_start_run_threads():811] run started: 29ov4vxm with start time 1653269422
2022-05-23 11:30:24,677 DEBUG   SenderThread:996 [sender.py:send():232] send: summary
2022-05-23 11:30:24,677 INFO    SenderThread:996 [sender.py:_save_file():948] saving file wandb-summary.json with policy end
2022-05-23 11:30:24,678 DEBUG   SenderThread:996 [sender.py:send_request():246] send_request: check_version
2022-05-23 11:30:24,880 DEBUG   HandlerThread:996 [handler.py:handle_request():141] handle_request: run_start
2022-05-23 11:30:25,690 INFO    Thread-11 :996 [dir_watcher.py:_on_file_created():244] file/dir created: C:\Projects\Code\Neurals\wandb\run-20220523_113022-29ov4vxm\files\wandb-summary.json
2022-05-23 11:30:26,769 DEBUG   HandlerThread:996 [meta.py:__init__():35] meta init
2022-05-23 11:30:26,773 DEBUG   HandlerThread:996 [meta.py:__init__():49] meta init done
2022-05-23 11:30:26,773 DEBUG   HandlerThread:996 [meta.py:probe():209] probe
2022-05-23 11:30:26,791 DEBUG   HandlerThread:996 [git.py:repo():29] git repository is invalid
2022-05-23 11:30:26,791 DEBUG   HandlerThread:996 [meta.py:_save_pip():53] save pip
2022-05-23 11:30:26,792 DEBUG   HandlerThread:996 [meta.py:_save_pip():67] save pip done
2022-05-23 11:30:26,792 DEBUG   HandlerThread:996 [meta.py:probe():247] probe done
2022-05-23 11:30:26,796 DEBUG   SenderThread:996 [sender.py:send():232] send: files
2022-05-23 11:30:26,796 INFO    SenderThread:996 [sender.py:_save_file():948] saving file wandb-metadata.json with policy now
2022-05-23 11:30:26,804 DEBUG   HandlerThread:996 [handler.py:handle_request():141] handle_request: stop_status
2022-05-23 11:30:26,804 DEBUG   SenderThread:996 [sender.py:send_request():246] send_request: stop_status
2022-05-23 11:30:27,636 INFO    Thread-15 :996 [upload_job.py:push():132] Uploaded file C:\Users\MAXIMN~1\AppData\Local\Temp\tmpmhbxr7ckwandb\2p1vms5s-wandb-metadata.json
2022-05-23 11:30:27,639 DEBUG   SenderThread:996 [sender.py:send():232] send: telemetry
2022-05-23 11:30:27,698 INFO    Thread-11 :996 [dir_watcher.py:_on_file_created():244] file/dir created: C:\Projects\Code\Neurals\wandb\run-20220523_113022-29ov4vxm\files\requirements.txt
2022-05-23 11:30:27,698 INFO    Thread-11 :996 [dir_watcher.py:_on_file_created():244] file/dir created: C:\Projects\Code\Neurals\wandb\run-20220523_113022-29ov4vxm\files\output.log
2022-05-23 11:30:27,699 INFO    Thread-11 :996 [dir_watcher.py:_on_file_created():244] file/dir created: C:\Projects\Code\Neurals\wandb\run-20220523_113022-29ov4vxm\files\wandb-metadata.json
2022-05-23 11:30:29,710 INFO    Thread-11 :996 [dir_watcher.py:_on_file_modified():257] file/dir modified: C:\Projects\Code\Neurals\wandb\run-20220523_113022-29ov4vxm\files\output.log
2022-05-23 11:30:30,186 DEBUG   HandlerThread:996 [handler.py:handle_request():141] handle_request: partial_history
2022-05-23 11:30:30,187 DEBUG   SenderThread:996 [sender.py:send():232] send: history
2022-05-23 11:30:30,187 DEBUG   SenderThread:996 [sender.py:send():232] send: summary
2022-05-23 11:30:30,188 INFO    SenderThread:996 [sender.py:_save_file():948] saving file wandb-summary.json with policy end
2022-05-23 11:30:30,714 INFO    Thread-11 :996 [dir_watcher.py:_on_file_modified():257] file/dir modified: C:\Projects\Code\Neurals\wandb\run-20220523_113022-29ov4vxm\files\wandb-summary.json
2022-05-23 11:30:31,719 INFO    Thread-11 :996 [dir_watcher.py:_on_file_modified():257] file/dir modified: C:\Projects\Code\Neurals\wandb\run-20220523_113022-29ov4vxm\files\output.log
2022-05-23 11:30:33,726 INFO    Thread-11 :996 [dir_watcher.py:_on_file_modified():257] file/dir modified: C:\Projects\Code\Neurals\wandb\run-20220523_113022-29ov4vxm\files\output.log
2022-05-23 11:30:36,239 DEBUG   HandlerThread:996 [handler.py:handle_request():141] handle_request: partial_history
2022-05-23 11:30:36,240 DEBUG   SenderThread:996 [sender.py:send():232] send: history
2022-05-23 11:30:36,240 DEBUG   SenderThread:996 [sender.py:send():232] send: summary
2022-05-23 11:30:36,242 INFO    SenderThread:996 [sender.py:_save_file():948] saving file wandb-summary.json with policy end
2022-05-23 11:30:36,739 INFO    Thread-11 :996 [dir_watcher.py:_on_file_modified():257] file/dir modified: C:\Projects\Code\Neurals\wandb\run-20220523_113022-29ov4vxm\files\wandb-summary.json
2022-05-23 11:30:37,744 INFO    Thread-11 :996 [dir_watcher.py:_on_file_modified():257] file/dir modified: C:\Projects\Code\Neurals\wandb\run-20220523_113022-29ov4vxm\files\output.log
2022-05-23 11:30:39,748 INFO    Thread-11 :996 [dir_watcher.py:_on_file_modified():257] file/dir modified: C:\Projects\Code\Neurals\wandb\run-20220523_113022-29ov4vxm\files\output.log
2022-05-23 11:30:42,364 DEBUG   HandlerThread:996 [handler.py:handle_request():141] handle_request: partial_history
2022-05-23 11:30:42,365 DEBUG   SenderThread:996 [sender.py:send():232] send: history
2022-05-23 11:30:42,365 DEBUG   SenderThread:996 [sender.py:send():232] send: summary
2022-05-23 11:30:42,366 INFO    SenderThread:996 [sender.py:_save_file():948] saving file wandb-summary.json with policy end
2022-05-23 11:30:42,648 DEBUG   HandlerThread:996 [handler.py:handle_request():141] handle_request: stop_status
2022-05-23 11:30:42,648 DEBUG   SenderThread:996 [sender.py:send_request():246] send_request: stop_status
2022-05-23 11:30:42,762 INFO    Thread-11 :996 [dir_watcher.py:_on_file_modified():257] file/dir modified: C:\Projects\Code\Neurals\wandb\run-20220523_113022-29ov4vxm\files\wandb-summary.json
2022-05-23 11:30:43,768 INFO    Thread-11 :996 [dir_watcher.py:_on_file_modified():257] file/dir modified: C:\Projects\Code\Neurals\wandb\run-20220523_113022-29ov4vxm\files\output.log
2022-05-23 11:30:45,778 INFO    Thread-11 :996 [dir_watcher.py:_on_file_modified():257] file/dir modified: C:\Projects\Code\Neurals\wandb\run-20220523_113022-29ov4vxm\files\output.log
2022-05-23 11:30:48,417 DEBUG   HandlerThread:996 [handler.py:handle_request():141] handle_request: partial_history
2022-05-23 11:30:48,418 DEBUG   SenderThread:996 [sender.py:send():232] send: history
2022-05-23 11:30:48,419 DEBUG   SenderThread:996 [sender.py:send():232] send: summary
2022-05-23 11:30:48,420 INFO    SenderThread:996 [sender.py:_save_file():948] saving file wandb-summary.json with policy end
2022-05-23 11:30:48,790 INFO    Thread-11 :996 [dir_watcher.py:_on_file_modified():257] file/dir modified: C:\Projects\Code\Neurals\wandb\run-20220523_113022-29ov4vxm\files\wandb-summary.json
2022-05-23 11:30:49,793 INFO    Thread-11 :996 [dir_watcher.py:_on_file_modified():257] file/dir modified: C:\Projects\Code\Neurals\wandb\run-20220523_113022-29ov4vxm\files\output.log
2022-05-23 11:30:51,805 INFO    Thread-11 :996 [dir_watcher.py:_on_file_modified():257] file/dir modified: C:\Projects\Code\Neurals\wandb\run-20220523_113022-29ov4vxm\files\output.log
2022-05-23 11:30:54,561 DEBUG   HandlerThread:996 [handler.py:handle_request():141] handle_request: partial_history
2022-05-23 11:30:54,562 DEBUG   SenderThread:996 [sender.py:send():232] send: history
2022-05-23 11:30:54,956 DEBUG   SenderThread:996 [sender.py:send():232] send: summary
2022-05-23 11:30:54,957 INFO    SenderThread:996 [sender.py:_save_file():948] saving file wandb-summary.json with policy end
2022-05-23 11:30:55,824 INFO    Thread-11 :996 [dir_watcher.py:_on_file_modified():257] file/dir modified: C:\Projects\Code\Neurals\wandb\run-20220523_113022-29ov4vxm\files\wandb-summary.json
2022-05-23 11:30:55,824 INFO    Thread-11 :996 [dir_watcher.py:_on_file_modified():257] file/dir modified: C:\Projects\Code\Neurals\wandb\run-20220523_113022-29ov4vxm\files\config.yaml
2022-05-23 11:30:55,824 INFO    Thread-11 :996 [dir_watcher.py:_on_file_modified():257] file/dir modified: C:\Projects\Code\Neurals\wandb\run-20220523_113022-29ov4vxm\files\output.log
2022-05-23 11:30:57,827 INFO    Thread-11 :996 [dir_watcher.py:_on_file_modified():257] file/dir modified: C:\Projects\Code\Neurals\wandb\run-20220523_113022-29ov4vxm\files\output.log
2022-05-23 11:30:58,055 DEBUG   HandlerThread:996 [handler.py:handle_request():141] handle_request: stop_status
2022-05-23 11:30:58,055 DEBUG   SenderThread:996 [sender.py:send_request():246] send_request: stop_status
2022-05-23 11:30:58,449 DEBUG   SenderThread:996 [sender.py:send():232] send: stats
2022-05-23 11:31:00,729 DEBUG   HandlerThread:996 [handler.py:handle_request():141] handle_request: partial_history
2022-05-23 11:31:00,730 DEBUG   SenderThread:996 [sender.py:send():232] send: history
2022-05-23 11:31:00,731 DEBUG   SenderThread:996 [sender.py:send():232] send: summary
2022-05-23 11:31:00,731 INFO    SenderThread:996 [sender.py:_save_file():948] saving file wandb-summary.json with policy end
2022-05-23 11:31:00,848 INFO    Thread-11 :996 [dir_watcher.py:_on_file_modified():257] file/dir modified: C:\Projects\Code\Neurals\wandb\run-20220523_113022-29ov4vxm\files\wandb-summary.json
2022-05-23 11:31:01,856 INFO    Thread-11 :996 [dir_watcher.py:_on_file_modified():257] file/dir modified: C:\Projects\Code\Neurals\wandb\run-20220523_113022-29ov4vxm\files\output.log
2022-05-23 11:31:03,868 INFO    Thread-11 :996 [dir_watcher.py:_on_file_modified():257] file/dir modified: C:\Projects\Code\Neurals\wandb\run-20220523_113022-29ov4vxm\files\output.log
2022-05-23 11:31:05,845 DEBUG   HandlerThread:996 [handler.py:handle_request():141] handle_request: partial_history
2022-05-23 11:31:05,845 DEBUG   SenderThread:996 [sender.py:send():232] send: history
2022-05-23 11:31:05,846 DEBUG   SenderThread:996 [sender.py:send():232] send: summary
2022-05-23 11:31:05,846 INFO    SenderThread:996 [sender.py:_save_file():948] saving file wandb-summary.json with policy end
2022-05-23 11:31:05,878 INFO    Thread-11 :996 [dir_watcher.py:_on_file_modified():257] file/dir modified: C:\Projects\Code\Neurals\wandb\run-20220523_113022-29ov4vxm\files\wandb-summary.json
2022-05-23 11:31:07,906 INFO    Thread-11 :996 [dir_watcher.py:_on_file_modified():257] file/dir modified: C:\Projects\Code\Neurals\wandb\run-20220523_113022-29ov4vxm\files\output.log
2022-05-23 11:31:10,342 DEBUG   HandlerThread:996 [handler.py:handle_request():141] handle_request: partial_history
2022-05-23 11:31:10,343 DEBUG   SenderThread:996 [sender.py:send():232] send: history
2022-05-23 11:31:10,343 DEBUG   SenderThread:996 [sender.py:send():232] send: summary
2022-05-23 11:31:10,343 INFO    SenderThread:996 [sender.py:_save_file():948] saving file wandb-summary.json with policy end
2022-05-23 11:31:10,922 INFO    Thread-11 :996 [dir_watcher.py:_on_file_modified():257] file/dir modified: C:\Projects\Code\Neurals\wandb\run-20220523_113022-29ov4vxm\files\wandb-summary.json
2022-05-23 11:31:11,924 INFO    Thread-11 :996 [dir_watcher.py:_on_file_modified():257] file/dir modified: C:\Projects\Code\Neurals\wandb\run-20220523_113022-29ov4vxm\files\output.log
2022-05-23 11:31:13,454 DEBUG   HandlerThread:996 [handler.py:handle_request():141] handle_request: stop_status
2022-05-23 11:31:13,454 DEBUG   SenderThread:996 [sender.py:send_request():246] send_request: stop_status
2022-05-23 11:31:15,939 INFO    Thread-11 :996 [dir_watcher.py:_on_file_modified():257] file/dir modified: C:\Projects\Code\Neurals\wandb\run-20220523_113022-29ov4vxm\files\output.log
2022-05-23 11:31:17,435 DEBUG   HandlerThread:996 [handler.py:handle_request():141] handle_request: partial_history
2022-05-23 11:31:17,436 DEBUG   SenderThread:996 [sender.py:send():232] send: history
2022-05-23 11:31:17,436 DEBUG   SenderThread:996 [sender.py:send():232] send: summary
2022-05-23 11:31:17,438 INFO    SenderThread:996 [sender.py:_save_file():948] saving file wandb-summary.json with policy end
2022-05-23 11:31:17,950 INFO    Thread-11 :996 [dir_watcher.py:_on_file_modified():257] file/dir modified: C:\Projects\Code\Neurals\wandb\run-20220523_113022-29ov4vxm\files\wandb-summary.json
2022-05-23 11:31:19,959 INFO    Thread-11 :996 [dir_watcher.py:_on_file_modified():257] file/dir modified: C:\Projects\Code\Neurals\wandb\run-20220523_113022-29ov4vxm\files\output.log
2022-05-23 11:31:20,673 DEBUG   HandlerThread:996 [handler.py:handle_request():141] handle_request: partial_history
2022-05-23 11:31:20,674 DEBUG   SenderThread:996 [sender.py:send():232] send: history
2022-05-23 11:31:20,674 DEBUG   SenderThread:996 [sender.py:send():232] send: summary
2022-05-23 11:31:20,675 INFO    SenderThread:996 [sender.py:_save_file():948] saving file wandb-summary.json with policy end
2022-05-23 11:31:20,961 INFO    Thread-11 :996 [dir_watcher.py:_on_file_modified():257] file/dir modified: C:\Projects\Code\Neurals\wandb\run-20220523_113022-29ov4vxm\files\wandb-summary.json
2022-05-23 11:31:21,965 INFO    Thread-11 :996 [dir_watcher.py:_on_file_modified():257] file/dir modified: C:\Projects\Code\Neurals\wandb\run-20220523_113022-29ov4vxm\files\output.log
2022-05-23 11:31:23,895 DEBUG   HandlerThread:996 [handler.py:handle_request():141] handle_request: partial_history
2022-05-23 11:31:23,896 DEBUG   SenderThread:996 [sender.py:send():232] send: history
2022-05-23 11:31:23,898 DEBUG   SenderThread:996 [sender.py:send():232] send: summary
2022-05-23 11:31:23,899 INFO    SenderThread:996 [sender.py:_save_file():948] saving file wandb-summary.json with policy end
2022-05-23 11:31:23,974 INFO    Thread-11 :996 [dir_watcher.py:_on_file_modified():257] file/dir modified: C:\Projects\Code\Neurals\wandb\run-20220523_113022-29ov4vxm\files\wandb-summary.json
2022-05-23 11:31:25,984 INFO    Thread-11 :996 [dir_watcher.py:_on_file_modified():257] file/dir modified: C:\Projects\Code\Neurals\wandb\run-20220523_113022-29ov4vxm\files\output.log
2022-05-23 11:31:27,299 DEBUG   HandlerThread:996 [handler.py:handle_request():141] handle_request: partial_history
2022-05-23 11:31:27,300 DEBUG   SenderThread:996 [sender.py:send():232] send: history
2022-05-23 11:31:27,300 DEBUG   SenderThread:996 [sender.py:send():232] send: summary
2022-05-23 11:31:27,301 INFO    SenderThread:996 [sender.py:_save_file():948] saving file wandb-summary.json with policy end
2022-05-23 11:31:27,991 INFO    Thread-11 :996 [dir_watcher.py:_on_file_modified():257] file/dir modified: C:\Projects\Code\Neurals\wandb\run-20220523_113022-29ov4vxm\files\wandb-summary.json
2022-05-23 11:31:28,880 DEBUG   HandlerThread:996 [handler.py:handle_request():141] handle_request: stop_status
2022-05-23 11:31:28,881 DEBUG   SenderThread:996 [sender.py:send_request():246] send_request: stop_status
2022-05-23 11:31:30,015 INFO    Thread-11 :996 [dir_watcher.py:_on_file_modified():257] file/dir modified: C:\Projects\Code\Neurals\wandb\run-20220523_113022-29ov4vxm\files\output.log
2022-05-23 11:31:31,655 DEBUG   HandlerThread:996 [handler.py:handle_request():141] handle_request: partial_history
2022-05-23 11:31:31,656 DEBUG   SenderThread:996 [sender.py:send():232] send: history
2022-05-23 11:31:31,657 DEBUG   SenderThread:996 [sender.py:send():232] send: summary
2022-05-23 11:31:31,661 INFO    SenderThread:996 [sender.py:_save_file():948] saving file wandb-summary.json with policy end
2022-05-23 11:31:31,889 DEBUG   SenderThread:996 [sender.py:send():232] send: stats
2022-05-23 11:31:32,021 INFO    Thread-11 :996 [dir_watcher.py:_on_file_modified():257] file/dir modified: C:\Projects\Code\Neurals\wandb\run-20220523_113022-29ov4vxm\files\wandb-summary.json
2022-05-23 11:31:34,028 INFO    Thread-11 :996 [dir_watcher.py:_on_file_modified():257] file/dir modified: C:\Projects\Code\Neurals\wandb\run-20220523_113022-29ov4vxm\files\output.log
2022-05-23 11:31:35,966 DEBUG   HandlerThread:996 [handler.py:handle_request():141] handle_request: partial_history
2022-05-23 11:31:35,968 DEBUG   SenderThread:996 [sender.py:send():232] send: history
2022-05-23 11:31:35,969 DEBUG   SenderThread:996 [sender.py:send():232] send: summary
2022-05-23 11:31:35,970 INFO    SenderThread:996 [sender.py:_save_file():948] saving file wandb-summary.json with policy end
2022-05-23 11:31:36,046 INFO    Thread-11 :996 [dir_watcher.py:_on_file_modified():257] file/dir modified: C:\Projects\Code\Neurals\wandb\run-20220523_113022-29ov4vxm\files\wandb-summary.json
2022-05-23 11:31:38,050 INFO    Thread-11 :996 [dir_watcher.py:_on_file_modified():257] file/dir modified: C:\Projects\Code\Neurals\wandb\run-20220523_113022-29ov4vxm\files\output.log
2022-05-23 11:31:39,256 DEBUG   HandlerThread:996 [handler.py:handle_request():141] handle_request: partial_history
2022-05-23 11:31:39,257 DEBUG   SenderThread:996 [sender.py:send():232] send: history
2022-05-23 11:31:39,258 DEBUG   SenderThread:996 [sender.py:send():232] send: summary
2022-05-23 11:31:39,258 INFO    SenderThread:996 [sender.py:_save_file():948] saving file wandb-summary.json with policy end
2022-05-23 11:31:40,059 INFO    Thread-11 :996 [dir_watcher.py:_on_file_modified():257] file/dir modified: C:\Projects\Code\Neurals\wandb\run-20220523_113022-29ov4vxm\files\wandb-summary.json
2022-05-23 11:31:42,069 INFO    Thread-11 :996 [dir_watcher.py:_on_file_modified():257] file/dir modified: C:\Projects\Code\Neurals\wandb\run-20220523_113022-29ov4vxm\files\output.log
2022-05-23 11:31:42,531 DEBUG   HandlerThread:996 [handler.py:handle_request():141] handle_request: partial_history
2022-05-23 11:31:42,531 DEBUG   SenderThread:996 [sender.py:send():232] send: history
2022-05-23 11:31:42,531 DEBUG   SenderThread:996 [sender.py:send():232] send: summary
2022-05-23 11:31:42,534 INFO    SenderThread:996 [sender.py:_save_file():948] saving file wandb-summary.json with policy end
2022-05-23 11:31:43,072 INFO    Thread-11 :996 [dir_watcher.py:_on_file_modified():257] file/dir modified: C:\Projects\Code\Neurals\wandb\run-20220523_113022-29ov4vxm\files\wandb-summary.json
2022-05-23 11:31:44,076 INFO    Thread-11 :996 [dir_watcher.py:_on_file_modified():257] file/dir modified: C:\Projects\Code\Neurals\wandb\run-20220523_113022-29ov4vxm\files\output.log
2022-05-23 11:31:44,164 DEBUG   HandlerThread:996 [handler.py:handle_request():141] handle_request: stop_status
2022-05-23 11:31:44,165 DEBUG   SenderThread:996 [sender.py:send_request():246] send_request: stop_status
2022-05-23 11:31:45,773 DEBUG   HandlerThread:996 [handler.py:handle_request():141] handle_request: partial_history
2022-05-23 11:31:45,774 DEBUG   SenderThread:996 [sender.py:send():232] send: history
2022-05-23 11:31:45,775 DEBUG   SenderThread:996 [sender.py:send():232] send: summary
2022-05-23 11:31:45,775 INFO    SenderThread:996 [sender.py:_save_file():948] saving file wandb-summary.json with policy end
2022-05-23 11:31:46,095 INFO    Thread-11 :996 [dir_watcher.py:_on_file_modified():257] file/dir modified: C:\Projects\Code\Neurals\wandb\run-20220523_113022-29ov4vxm\files\wandb-summary.json
2022-05-23 11:31:48,103 INFO    Thread-11 :996 [dir_watcher.py:_on_file_modified():257] file/dir modified: C:\Projects\Code\Neurals\wandb\run-20220523_113022-29ov4vxm\files\output.log
2022-05-23 11:31:49,115 DEBUG   HandlerThread:996 [handler.py:handle_request():141] handle_request: partial_history
2022-05-23 11:31:49,116 DEBUG   SenderThread:996 [sender.py:send():232] send: history
2022-05-23 11:31:49,116 DEBUG   SenderThread:996 [sender.py:send():232] send: summary
2022-05-23 11:31:49,118 INFO    SenderThread:996 [sender.py:_save_file():948] saving file wandb-summary.json with policy end
2022-05-23 11:31:50,114 INFO    Thread-11 :996 [dir_watcher.py:_on_file_modified():257] file/dir modified: C:\Projects\Code\Neurals\wandb\run-20220523_113022-29ov4vxm\files\wandb-summary.json
2022-05-23 11:31:52,119 INFO    Thread-11 :996 [dir_watcher.py:_on_file_modified():257] file/dir modified: C:\Projects\Code\Neurals\wandb\run-20220523_113022-29ov4vxm\files\output.log
2022-05-23 11:31:52,508 DEBUG   HandlerThread:996 [handler.py:handle_request():141] handle_request: partial_history
2022-05-23 11:31:52,509 DEBUG   SenderThread:996 [sender.py:send():232] send: history
2022-05-23 11:31:52,510 DEBUG   SenderThread:996 [sender.py:send():232] send: summary
2022-05-23 11:31:52,510 INFO    SenderThread:996 [sender.py:_save_file():948] saving file wandb-summary.json with policy end
2022-05-23 11:31:53,125 INFO    Thread-11 :996 [dir_watcher.py:_on_file_modified():257] file/dir modified: C:\Projects\Code\Neurals\wandb\run-20220523_113022-29ov4vxm\files\wandb-summary.json
2022-05-23 11:31:54,130 INFO    Thread-11 :996 [dir_watcher.py:_on_file_modified():257] file/dir modified: C:\Projects\Code\Neurals\wandb\run-20220523_113022-29ov4vxm\files\output.log
2022-05-23 11:31:55,649 DEBUG   HandlerThread:996 [handler.py:handle_request():141] handle_request: partial_history
2022-05-23 11:31:55,650 DEBUG   SenderThread:996 [sender.py:send():232] send: history
2022-05-23 11:31:55,650 DEBUG   SenderThread:996 [sender.py:send():232] send: summary
2022-05-23 11:31:55,650 INFO    SenderThread:996 [sender.py:_save_file():948] saving file wandb-summary.json with policy end
2022-05-23 11:31:56,149 INFO    Thread-11 :996 [dir_watcher.py:_on_file_modified():257] file/dir modified: C:\Projects\Code\Neurals\wandb\run-20220523_113022-29ov4vxm\files\wandb-summary.json
2022-05-23 11:31:58,158 INFO    Thread-11 :996 [dir_watcher.py:_on_file_modified():257] file/dir modified: C:\Projects\Code\Neurals\wandb\run-20220523_113022-29ov4vxm\files\output.log
2022-05-23 11:31:58,662 DEBUG   HandlerThread:996 [handler.py:handle_request():141] handle_request: partial_history
2022-05-23 11:31:58,664 DEBUG   SenderThread:996 [sender.py:send():232] send: history
2022-05-23 11:31:58,664 DEBUG   SenderThread:996 [sender.py:send():232] send: summary
2022-05-23 11:31:58,665 INFO    SenderThread:996 [sender.py:_save_file():948] saving file wandb-summary.json with policy end
2022-05-23 11:31:59,164 INFO    Thread-11 :996 [dir_watcher.py:_on_file_modified():257] file/dir modified: C:\Projects\Code\Neurals\wandb\run-20220523_113022-29ov4vxm\files\wandb-summary.json
2022-05-23 11:31:59,446 DEBUG   HandlerThread:996 [handler.py:handle_request():141] handle_request: stop_status
2022-05-23 11:31:59,447 DEBUG   SenderThread:996 [sender.py:send_request():246] send_request: stop_status
2022-05-23 11:32:00,166 INFO    Thread-11 :996 [dir_watcher.py:_on_file_modified():257] file/dir modified: C:\Projects\Code\Neurals\wandb\run-20220523_113022-29ov4vxm\files\output.log
2022-05-23 11:32:01,651 DEBUG   HandlerThread:996 [handler.py:handle_request():141] handle_request: partial_history
2022-05-23 11:32:01,651 DEBUG   SenderThread:996 [sender.py:send():232] send: history
2022-05-23 11:32:01,652 DEBUG   SenderThread:996 [sender.py:send():232] send: summary
2022-05-23 11:32:01,652 INFO    SenderThread:996 [sender.py:_save_file():948] saving file wandb-summary.json with policy end
2022-05-23 11:32:02,173 INFO    Thread-11 :996 [dir_watcher.py:_on_file_modified():257] file/dir modified: C:\Projects\Code\Neurals\wandb\run-20220523_113022-29ov4vxm\files\wandb-summary.json
2022-05-23 11:32:04,178 INFO    Thread-11 :996 [dir_watcher.py:_on_file_modified():257] file/dir modified: C:\Projects\Code\Neurals\wandb\run-20220523_113022-29ov4vxm\files\output.log
2022-05-23 11:32:04,702 DEBUG   HandlerThread:996 [handler.py:handle_request():141] handle_request: partial_history
2022-05-23 11:32:04,703 DEBUG   SenderThread:996 [sender.py:send():232] send: history
2022-05-23 11:32:04,703 DEBUG   SenderThread:996 [sender.py:send():232] send: summary
2022-05-23 11:32:04,704 INFO    SenderThread:996 [sender.py:_save_file():948] saving file wandb-summary.json with policy end
2022-05-23 11:32:05,186 INFO    Thread-11 :996 [dir_watcher.py:_on_file_modified():257] file/dir modified: C:\Projects\Code\Neurals\wandb\run-20220523_113022-29ov4vxm\files\wandb-summary.json
2022-05-23 11:32:05,596 DEBUG   SenderThread:996 [sender.py:send():232] send: stats
2022-05-23 11:32:06,191 INFO    Thread-11 :996 [dir_watcher.py:_on_file_modified():257] file/dir modified: C:\Projects\Code\Neurals\wandb\run-20220523_113022-29ov4vxm\files\output.log
2022-05-23 11:32:07,534 DEBUG   HandlerThread:996 [handler.py:handle_request():141] handle_request: partial_history
2022-05-23 11:32:07,534 DEBUG   SenderThread:996 [sender.py:send():232] send: history
2022-05-23 11:32:07,535 DEBUG   SenderThread:996 [sender.py:send():232] send: summary
2022-05-23 11:32:07,535 INFO    SenderThread:996 [sender.py:_save_file():948] saving file wandb-summary.json with policy end
2022-05-23 11:32:08,209 INFO    Thread-11 :996 [dir_watcher.py:_on_file_modified():257] file/dir modified: C:\Projects\Code\Neurals\wandb\run-20220523_113022-29ov4vxm\files\wandb-summary.json
2022-05-23 11:32:10,227 INFO    Thread-11 :996 [dir_watcher.py:_on_file_modified():257] file/dir modified: C:\Projects\Code\Neurals\wandb\run-20220523_113022-29ov4vxm\files\output.log
2022-05-23 11:32:10,581 DEBUG   HandlerThread:996 [handler.py:handle_request():141] handle_request: partial_history
2022-05-23 11:32:10,582 DEBUG   SenderThread:996 [sender.py:send():232] send: history
2022-05-23 11:32:10,582 DEBUG   SenderThread:996 [sender.py:send():232] send: summary
2022-05-23 11:32:10,583 INFO    SenderThread:996 [sender.py:_save_file():948] saving file wandb-summary.json with policy end
2022-05-23 11:32:11,234 INFO    Thread-11 :996 [dir_watcher.py:_on_file_modified():257] file/dir modified: C:\Projects\Code\Neurals\wandb\run-20220523_113022-29ov4vxm\files\wandb-summary.json
2022-05-23 11:32:12,240 INFO    Thread-11 :996 [dir_watcher.py:_on_file_modified():257] file/dir modified: C:\Projects\Code\Neurals\wandb\run-20220523_113022-29ov4vxm\files\output.log
2022-05-23 11:32:13,596 DEBUG   HandlerThread:996 [handler.py:handle_request():141] handle_request: partial_history
2022-05-23 11:32:13,597 DEBUG   SenderThread:996 [sender.py:send():232] send: history
2022-05-23 11:32:13,597 DEBUG   SenderThread:996 [sender.py:send():232] send: summary
2022-05-23 11:32:13,599 INFO    SenderThread:996 [sender.py:_save_file():948] saving file wandb-summary.json with policy end
2022-05-23 11:32:14,247 INFO    Thread-11 :996 [dir_watcher.py:_on_file_modified():257] file/dir modified: C:\Projects\Code\Neurals\wandb\run-20220523_113022-29ov4vxm\files\wandb-summary.json
2022-05-23 11:32:14,782 DEBUG   HandlerThread:996 [handler.py:handle_request():141] handle_request: stop_status
2022-05-23 11:32:14,782 DEBUG   SenderThread:996 [sender.py:send_request():246] send_request: stop_status
2022-05-23 11:32:16,255 INFO    Thread-11 :996 [dir_watcher.py:_on_file_modified():257] file/dir modified: C:\Projects\Code\Neurals\wandb\run-20220523_113022-29ov4vxm\files\output.log
2022-05-23 11:32:16,477 DEBUG   HandlerThread:996 [handler.py:handle_request():141] handle_request: partial_history
2022-05-23 11:32:16,478 DEBUG   SenderThread:996 [sender.py:send():232] send: history
2022-05-23 11:32:16,479 DEBUG   SenderThread:996 [sender.py:send():232] send: summary
2022-05-23 11:32:16,479 INFO    SenderThread:996 [sender.py:_save_file():948] saving file wandb-summary.json with policy end
2022-05-23 11:32:17,270 INFO    Thread-11 :996 [dir_watcher.py:_on_file_modified():257] file/dir modified: C:\Projects\Code\Neurals\wandb\run-20220523_113022-29ov4vxm\files\wandb-summary.json
2022-05-23 11:32:18,277 INFO    Thread-11 :996 [dir_watcher.py:_on_file_modified():257] file/dir modified: C:\Projects\Code\Neurals\wandb\run-20220523_113022-29ov4vxm\files\output.log
2022-05-23 11:32:19,476 DEBUG   HandlerThread:996 [handler.py:handle_request():141] handle_request: partial_history
2022-05-23 11:32:19,477 DEBUG   SenderThread:996 [sender.py:send():232] send: history
2022-05-23 11:32:19,477 DEBUG   SenderThread:996 [sender.py:send():232] send: summary
2022-05-23 11:32:19,478 INFO    SenderThread:996 [sender.py:_save_file():948] saving file wandb-summary.json with policy end
2022-05-23 11:32:20,285 INFO    Thread-11 :996 [dir_watcher.py:_on_file_modified():257] file/dir modified: C:\Projects\Code\Neurals\wandb\run-20220523_113022-29ov4vxm\files\wandb-summary.json
2022-05-23 11:32:21,303 INFO    Thread-11 :996 [dir_watcher.py:_on_file_modified():257] file/dir modified: C:\Projects\Code\Neurals\wandb\run-20220523_113022-29ov4vxm\files\output.log
2022-05-23 11:32:22,808 DEBUG   HandlerThread:996 [handler.py:handle_request():141] handle_request: partial_history
2022-05-23 11:32:22,809 DEBUG   SenderThread:996 [sender.py:send():232] send: history
2022-05-23 11:32:22,809 DEBUG   SenderThread:996 [sender.py:send():232] send: summary
2022-05-23 11:32:22,811 INFO    SenderThread:996 [sender.py:_save_file():948] saving file wandb-summary.json with policy end
2022-05-23 11:32:23,326 INFO    Thread-11 :996 [dir_watcher.py:_on_file_modified():257] file/dir modified: C:\Projects\Code\Neurals\wandb\run-20220523_113022-29ov4vxm\files\wandb-summary.json
2022-05-23 11:32:23,326 INFO    Thread-11 :996 [dir_watcher.py:_on_file_modified():257] file/dir modified: C:\Projects\Code\Neurals\wandb\run-20220523_113022-29ov4vxm\files\output.log
2022-05-23 11:32:28,019 DEBUG   HandlerThread:996 [handler.py:handle_request():141] handle_request: partial_history
2022-05-23 11:32:28,020 DEBUG   SenderThread:996 [sender.py:send():232] send: history
2022-05-23 11:32:28,020 DEBUG   SenderThread:996 [sender.py:send():232] send: summary
2022-05-23 11:32:28,022 INFO    SenderThread:996 [sender.py:_save_file():948] saving file wandb-summary.json with policy end
2022-05-23 11:32:28,386 INFO    Thread-11 :996 [dir_watcher.py:_on_file_modified():257] file/dir modified: C:\Projects\Code\Neurals\wandb\run-20220523_113022-29ov4vxm\files\wandb-summary.json
2022-05-23 11:32:29,398 INFO    Thread-11 :996 [dir_watcher.py:_on_file_modified():257] file/dir modified: C:\Projects\Code\Neurals\wandb\run-20220523_113022-29ov4vxm\files\output.log
2022-05-23 11:32:30,077 DEBUG   HandlerThread:996 [handler.py:handle_request():141] handle_request: stop_status
2022-05-23 11:32:30,078 DEBUG   SenderThread:996 [sender.py:send_request():246] send_request: stop_status
2022-05-23 11:32:31,970 DEBUG   HandlerThread:996 [handler.py:handle_request():141] handle_request: partial_history
2022-05-23 11:32:31,970 DEBUG   SenderThread:996 [sender.py:send():232] send: history
2022-05-23 11:32:31,971 DEBUG   SenderThread:996 [sender.py:send():232] send: summary
2022-05-23 11:32:31,971 INFO    SenderThread:996 [sender.py:_save_file():948] saving file wandb-summary.json with policy end
2022-05-23 11:32:32,428 INFO    Thread-11 :996 [dir_watcher.py:_on_file_modified():257] file/dir modified: C:\Projects\Code\Neurals\wandb\run-20220523_113022-29ov4vxm\files\wandb-summary.json
2022-05-23 11:32:33,437 INFO    Thread-11 :996 [dir_watcher.py:_on_file_modified():257] file/dir modified: C:\Projects\Code\Neurals\wandb\run-20220523_113022-29ov4vxm\files\output.log
2022-05-23 11:32:35,333 DEBUG   HandlerThread:996 [handler.py:handle_request():141] handle_request: partial_history
2022-05-23 11:32:35,333 DEBUG   SenderThread:996 [sender.py:send():232] send: history
2022-05-23 11:32:35,334 DEBUG   SenderThread:996 [sender.py:send():232] send: summary
2022-05-23 11:32:35,334 INFO    SenderThread:996 [sender.py:_save_file():948] saving file wandb-summary.json with policy end
2022-05-23 11:32:35,459 INFO    Thread-11 :996 [dir_watcher.py:_on_file_modified():257] file/dir modified: C:\Projects\Code\Neurals\wandb\run-20220523_113022-29ov4vxm\files\wandb-summary.json
2022-05-23 11:32:37,470 INFO    Thread-11 :996 [dir_watcher.py:_on_file_modified():257] file/dir modified: C:\Projects\Code\Neurals\wandb\run-20220523_113022-29ov4vxm\files\output.log
2022-05-23 11:32:38,631 DEBUG   HandlerThread:996 [handler.py:handle_request():141] handle_request: partial_history
2022-05-23 11:32:38,632 DEBUG   SenderThread:996 [sender.py:send():232] send: history
2022-05-23 11:32:38,632 DEBUG   SenderThread:996 [sender.py:send():232] send: summary
2022-05-23 11:32:38,635 INFO    SenderThread:996 [sender.py:_save_file():948] saving file wandb-summary.json with policy end
2022-05-23 11:32:39,167 DEBUG   SenderThread:996 [sender.py:send():232] send: stats
2022-05-23 11:32:39,478 INFO    Thread-11 :996 [dir_watcher.py:_on_file_modified():257] file/dir modified: C:\Projects\Code\Neurals\wandb\run-20220523_113022-29ov4vxm\files\wandb-summary.json
2022-05-23 11:32:39,482 INFO    Thread-11 :996 [dir_watcher.py:_on_file_modified():257] file/dir modified: C:\Projects\Code\Neurals\wandb\run-20220523_113022-29ov4vxm\files\output.log
2022-05-23 11:32:42,195 DEBUG   HandlerThread:996 [handler.py:handle_request():141] handle_request: partial_history
2022-05-23 11:32:42,196 DEBUG   SenderThread:996 [sender.py:send():232] send: history
2022-05-23 11:32:42,196 DEBUG   SenderThread:996 [sender.py:send():232] send: summary
2022-05-23 11:32:42,197 INFO    SenderThread:996 [sender.py:_save_file():948] saving file wandb-summary.json with policy end
2022-05-23 11:32:42,485 INFO    Thread-11 :996 [dir_watcher.py:_on_file_modified():257] file/dir modified: C:\Projects\Code\Neurals\wandb\run-20220523_113022-29ov4vxm\files\wandb-summary.json
2022-05-23 11:32:43,493 INFO    Thread-11 :996 [dir_watcher.py:_on_file_modified():257] file/dir modified: C:\Projects\Code\Neurals\wandb\run-20220523_113022-29ov4vxm\files\output.log
2022-05-23 11:32:45,389 DEBUG   HandlerThread:996 [handler.py:handle_request():141] handle_request: stop_status
2022-05-23 11:32:45,389 DEBUG   SenderThread:996 [sender.py:send_request():246] send_request: stop_status
2022-05-23 11:32:45,660 DEBUG   HandlerThread:996 [handler.py:handle_request():141] handle_request: partial_history
2022-05-23 11:32:45,675 DEBUG   SenderThread:996 [sender.py:send():232] send: history
2022-05-23 11:32:45,675 DEBUG   SenderThread:996 [sender.py:send():232] send: summary
2022-05-23 11:32:45,676 INFO    SenderThread:996 [sender.py:_save_file():948] saving file wandb-summary.json with policy end
2022-05-23 11:32:46,504 INFO    Thread-11 :996 [dir_watcher.py:_on_file_modified():257] file/dir modified: C:\Projects\Code\Neurals\wandb\run-20220523_113022-29ov4vxm\files\wandb-summary.json
2022-05-23 11:32:47,506 INFO    Thread-11 :996 [dir_watcher.py:_on_file_modified():257] file/dir modified: C:\Projects\Code\Neurals\wandb\run-20220523_113022-29ov4vxm\files\output.log
2022-05-23 11:32:48,976 DEBUG   HandlerThread:996 [handler.py:handle_request():141] handle_request: partial_history
2022-05-23 11:32:48,977 DEBUG   SenderThread:996 [sender.py:send():232] send: history
2022-05-23 11:32:48,977 DEBUG   SenderThread:996 [sender.py:send():232] send: summary
2022-05-23 11:32:48,979 INFO    SenderThread:996 [sender.py:_save_file():948] saving file wandb-summary.json with policy end
2022-05-23 11:32:49,508 INFO    Thread-11 :996 [dir_watcher.py:_on_file_modified():257] file/dir modified: C:\Projects\Code\Neurals\wandb\run-20220523_113022-29ov4vxm\files\wandb-summary.json
2022-05-23 11:32:49,509 INFO    Thread-11 :996 [dir_watcher.py:_on_file_modified():257] file/dir modified: C:\Projects\Code\Neurals\wandb\run-20220523_113022-29ov4vxm\files\output.log
2022-05-23 11:32:52,293 DEBUG   HandlerThread:996 [handler.py:handle_request():141] handle_request: partial_history
2022-05-23 11:32:52,294 DEBUG   SenderThread:996 [sender.py:send():232] send: history
2022-05-23 11:32:52,294 DEBUG   SenderThread:996 [sender.py:send():232] send: summary
2022-05-23 11:32:52,296 INFO    SenderThread:996 [sender.py:_save_file():948] saving file wandb-summary.json with policy end
2022-05-23 11:32:52,531 INFO    Thread-11 :996 [dir_watcher.py:_on_file_modified():257] file/dir modified: C:\Projects\Code\Neurals\wandb\run-20220523_113022-29ov4vxm\files\wandb-summary.json
2022-05-23 11:32:53,534 INFO    Thread-11 :996 [dir_watcher.py:_on_file_modified():257] file/dir modified: C:\Projects\Code\Neurals\wandb\run-20220523_113022-29ov4vxm\files\output.log
2022-05-23 11:32:55,396 DEBUG   HandlerThread:996 [handler.py:handle_request():141] handle_request: partial_history
2022-05-23 11:32:55,398 DEBUG   SenderThread:996 [sender.py:send():232] send: history
2022-05-23 11:32:55,399 DEBUG   SenderThread:996 [sender.py:send():232] send: summary
2022-05-23 11:32:55,401 INFO    SenderThread:996 [sender.py:_save_file():948] saving file wandb-summary.json with policy end
2022-05-23 11:32:55,543 INFO    Thread-11 :996 [dir_watcher.py:_on_file_modified():257] file/dir modified: C:\Projects\Code\Neurals\wandb\run-20220523_113022-29ov4vxm\files\wandb-summary.json
2022-05-23 11:32:57,554 INFO    Thread-11 :996 [dir_watcher.py:_on_file_modified():257] file/dir modified: C:\Projects\Code\Neurals\wandb\run-20220523_113022-29ov4vxm\files\output.log
2022-05-23 11:32:58,586 DEBUG   HandlerThread:996 [handler.py:handle_request():141] handle_request: partial_history
2022-05-23 11:32:58,587 DEBUG   SenderThread:996 [sender.py:send():232] send: history
2022-05-23 11:32:58,587 DEBUG   SenderThread:996 [sender.py:send():232] send: summary
2022-05-23 11:32:58,587 INFO    SenderThread:996 [sender.py:_save_file():948] saving file wandb-summary.json with policy end
2022-05-23 11:32:59,560 INFO    Thread-11 :996 [dir_watcher.py:_on_file_modified():257] file/dir modified: C:\Projects\Code\Neurals\wandb\run-20220523_113022-29ov4vxm\files\wandb-summary.json
2022-05-23 11:32:59,560 INFO    Thread-11 :996 [dir_watcher.py:_on_file_modified():257] file/dir modified: C:\Projects\Code\Neurals\wandb\run-20220523_113022-29ov4vxm\files\output.log
2022-05-23 11:33:00,703 DEBUG   HandlerThread:996 [handler.py:handle_request():141] handle_request: stop_status
2022-05-23 11:33:00,703 DEBUG   SenderThread:996 [sender.py:send_request():246] send_request: stop_status
2022-05-23 11:33:01,641 DEBUG   HandlerThread:996 [handler.py:handle_request():141] handle_request: partial_history
2022-05-23 11:33:01,642 DEBUG   SenderThread:996 [sender.py:send():232] send: history
2022-05-23 11:33:01,642 DEBUG   SenderThread:996 [sender.py:send():232] send: summary
2022-05-23 11:33:01,643 INFO    SenderThread:996 [sender.py:_save_file():948] saving file wandb-summary.json with policy end
2022-05-23 11:33:02,570 INFO    Thread-11 :996 [dir_watcher.py:_on_file_modified():257] file/dir modified: C:\Projects\Code\Neurals\wandb\run-20220523_113022-29ov4vxm\files\wandb-summary.json
2022-05-23 11:33:03,574 INFO    Thread-11 :996 [dir_watcher.py:_on_file_modified():257] file/dir modified: C:\Projects\Code\Neurals\wandb\run-20220523_113022-29ov4vxm\files\output.log
2022-05-23 11:33:04,665 DEBUG   HandlerThread:996 [handler.py:handle_request():141] handle_request: partial_history
2022-05-23 11:33:04,666 DEBUG   SenderThread:996 [sender.py:send():232] send: history
2022-05-23 11:33:04,666 DEBUG   SenderThread:996 [sender.py:send():232] send: summary
2022-05-23 11:33:04,667 INFO    SenderThread:996 [sender.py:_save_file():948] saving file wandb-summary.json with policy end
2022-05-23 11:33:05,583 INFO    Thread-11 :996 [dir_watcher.py:_on_file_modified():257] file/dir modified: C:\Projects\Code\Neurals\wandb\run-20220523_113022-29ov4vxm\files\wandb-summary.json
2022-05-23 11:33:05,584 INFO    Thread-11 :996 [dir_watcher.py:_on_file_modified():257] file/dir modified: C:\Projects\Code\Neurals\wandb\run-20220523_113022-29ov4vxm\files\output.log
2022-05-23 11:33:08,316 DEBUG   HandlerThread:996 [handler.py:handle_request():141] handle_request: partial_history
2022-05-23 11:33:08,317 DEBUG   SenderThread:996 [sender.py:send():232] send: history
2022-05-23 11:33:08,317 DEBUG   SenderThread:996 [sender.py:send():232] send: summary
2022-05-23 11:33:08,318 INFO    SenderThread:996 [sender.py:_save_file():948] saving file wandb-summary.json with policy end
2022-05-23 11:33:08,600 INFO    Thread-11 :996 [dir_watcher.py:_on_file_modified():257] file/dir modified: C:\Projects\Code\Neurals\wandb\run-20220523_113022-29ov4vxm\files\wandb-summary.json
2022-05-23 11:33:09,604 INFO    Thread-11 :996 [dir_watcher.py:_on_file_modified():257] file/dir modified: C:\Projects\Code\Neurals\wandb\run-20220523_113022-29ov4vxm\files\output.log
2022-05-23 11:33:12,364 DEBUG   HandlerThread:996 [handler.py:handle_request():141] handle_request: partial_history
2022-05-23 11:33:12,365 DEBUG   SenderThread:996 [sender.py:send():232] send: history
2022-05-23 11:33:12,365 DEBUG   SenderThread:996 [sender.py:send():232] send: summary
2022-05-23 11:33:12,366 INFO    SenderThread:996 [sender.py:_save_file():948] saving file wandb-summary.json with policy end
2022-05-23 11:33:12,624 INFO    Thread-11 :996 [dir_watcher.py:_on_file_modified():257] file/dir modified: C:\Projects\Code\Neurals\wandb\run-20220523_113022-29ov4vxm\files\wandb-summary.json
2022-05-23 11:33:12,808 DEBUG   SenderThread:996 [sender.py:send():232] send: stats
2022-05-23 11:33:13,627 INFO    Thread-11 :996 [dir_watcher.py:_on_file_modified():257] file/dir modified: C:\Projects\Code\Neurals\wandb\run-20220523_113022-29ov4vxm\files\output.log
2022-05-23 11:33:16,010 DEBUG   HandlerThread:996 [handler.py:handle_request():141] handle_request: stop_status
2022-05-23 11:33:16,010 DEBUG   SenderThread:996 [sender.py:send_request():246] send_request: stop_status
2022-05-23 11:33:16,056 DEBUG   HandlerThread:996 [handler.py:handle_request():141] handle_request: partial_history
2022-05-23 11:33:16,383 DEBUG   SenderThread:996 [sender.py:send():232] send: history
2022-05-23 11:33:16,383 DEBUG   SenderThread:996 [sender.py:send():232] send: summary
2022-05-23 11:33:16,385 INFO    SenderThread:996 [sender.py:_save_file():948] saving file wandb-summary.json with policy end
2022-05-23 11:33:16,640 INFO    Thread-11 :996 [dir_watcher.py:_on_file_modified():257] file/dir modified: C:\Projects\Code\Neurals\wandb\run-20220523_113022-29ov4vxm\files\wandb-summary.json
2022-05-23 11:33:17,646 INFO    Thread-11 :996 [dir_watcher.py:_on_file_modified():257] file/dir modified: C:\Projects\Code\Neurals\wandb\run-20220523_113022-29ov4vxm\files\output.log
2022-05-23 11:33:19,279 DEBUG   HandlerThread:996 [handler.py:handle_request():141] handle_request: partial_history
2022-05-23 11:33:19,280 DEBUG   SenderThread:996 [sender.py:send():232] send: history
2022-05-23 11:33:19,281 DEBUG   SenderThread:996 [sender.py:send():232] send: summary
2022-05-23 11:33:19,282 INFO    SenderThread:996 [sender.py:_save_file():948] saving file wandb-summary.json with policy end
2022-05-23 11:33:19,655 INFO    Thread-11 :996 [dir_watcher.py:_on_file_modified():257] file/dir modified: C:\Projects\Code\Neurals\wandb\run-20220523_113022-29ov4vxm\files\wandb-summary.json
2022-05-23 11:33:21,666 INFO    Thread-11 :996 [dir_watcher.py:_on_file_modified():257] file/dir modified: C:\Projects\Code\Neurals\wandb\run-20220523_113022-29ov4vxm\files\output.log
2022-05-23 11:33:22,626 DEBUG   HandlerThread:996 [handler.py:handle_request():141] handle_request: partial_history
2022-05-23 11:33:22,627 DEBUG   SenderThread:996 [sender.py:send():232] send: history
2022-05-23 11:33:22,628 DEBUG   SenderThread:996 [sender.py:send():232] send: summary
2022-05-23 11:33:22,628 INFO    SenderThread:996 [sender.py:_save_file():948] saving file wandb-summary.json with policy end
2022-05-23 11:33:22,681 INFO    Thread-11 :996 [dir_watcher.py:_on_file_modified():257] file/dir modified: C:\Projects\Code\Neurals\wandb\run-20220523_113022-29ov4vxm\files\wandb-summary.json
2022-05-23 11:33:23,681 INFO    Thread-11 :996 [dir_watcher.py:_on_file_modified():257] file/dir modified: C:\Projects\Code\Neurals\wandb\run-20220523_113022-29ov4vxm\files\output.log
2022-05-23 11:33:25,568 DEBUG   HandlerThread:996 [handler.py:handle_request():141] handle_request: partial_history
2022-05-23 11:33:25,569 DEBUG   SenderThread:996 [sender.py:send():232] send: history
2022-05-23 11:33:25,571 DEBUG   SenderThread:996 [sender.py:send():232] send: summary
2022-05-23 11:33:25,572 INFO    SenderThread:996 [sender.py:_save_file():948] saving file wandb-summary.json with policy end
2022-05-23 11:33:25,690 INFO    Thread-11 :996 [dir_watcher.py:_on_file_modified():257] file/dir modified: C:\Projects\Code\Neurals\wandb\run-20220523_113022-29ov4vxm\files\wandb-summary.json
2022-05-23 11:33:27,697 INFO    Thread-11 :996 [dir_watcher.py:_on_file_modified():257] file/dir modified: C:\Projects\Code\Neurals\wandb\run-20220523_113022-29ov4vxm\files\output.log
2022-05-23 11:33:28,934 DEBUG   HandlerThread:996 [handler.py:handle_request():141] handle_request: partial_history
2022-05-23 11:33:28,935 DEBUG   SenderThread:996 [sender.py:send():232] send: history
2022-05-23 11:33:28,937 DEBUG   SenderThread:996 [sender.py:send():232] send: summary
2022-05-23 11:33:28,938 INFO    SenderThread:996 [sender.py:_save_file():948] saving file wandb-summary.json with policy end
2022-05-23 11:33:29,713 INFO    Thread-11 :996 [dir_watcher.py:_on_file_modified():257] file/dir modified: C:\Projects\Code\Neurals\wandb\run-20220523_113022-29ov4vxm\files\wandb-summary.json
2022-05-23 11:33:29,713 INFO    Thread-11 :996 [dir_watcher.py:_on_file_modified():257] file/dir modified: C:\Projects\Code\Neurals\wandb\run-20220523_113022-29ov4vxm\files\output.log
2022-05-23 11:33:31,390 DEBUG   HandlerThread:996 [handler.py:handle_request():141] handle_request: stop_status
2022-05-23 11:33:31,390 DEBUG   SenderThread:996 [sender.py:send_request():246] send_request: stop_status
2022-05-23 11:33:32,110 DEBUG   HandlerThread:996 [handler.py:handle_request():141] handle_request: partial_history
2022-05-23 11:33:32,111 DEBUG   SenderThread:996 [sender.py:send():232] send: history
2022-05-23 11:33:32,111 DEBUG   SenderThread:996 [sender.py:send():232] send: summary
2022-05-23 11:33:32,116 INFO    SenderThread:996 [sender.py:_save_file():948] saving file wandb-summary.json with policy end
2022-05-23 11:33:32,728 INFO    Thread-11 :996 [dir_watcher.py:_on_file_modified():257] file/dir modified: C:\Projects\Code\Neurals\wandb\run-20220523_113022-29ov4vxm\files\wandb-summary.json
2022-05-23 11:33:33,734 INFO    Thread-11 :996 [dir_watcher.py:_on_file_modified():257] file/dir modified: C:\Projects\Code\Neurals\wandb\run-20220523_113022-29ov4vxm\files\output.log
2022-05-23 11:33:34,999 DEBUG   HandlerThread:996 [handler.py:handle_request():141] handle_request: partial_history
2022-05-23 11:33:35,000 DEBUG   SenderThread:996 [sender.py:send():232] send: history
2022-05-23 11:33:35,000 DEBUG   SenderThread:996 [sender.py:send():232] send: summary
2022-05-23 11:33:35,001 INFO    SenderThread:996 [sender.py:_save_file():948] saving file wandb-summary.json with policy end
2022-05-23 11:33:35,747 INFO    Thread-11 :996 [dir_watcher.py:_on_file_modified():257] file/dir modified: C:\Projects\Code\Neurals\wandb\run-20220523_113022-29ov4vxm\files\wandb-summary.json
2022-05-23 11:33:35,747 INFO    Thread-11 :996 [dir_watcher.py:_on_file_modified():257] file/dir modified: C:\Projects\Code\Neurals\wandb\run-20220523_113022-29ov4vxm\files\output.log
2022-05-23 11:33:38,071 DEBUG   HandlerThread:996 [handler.py:handle_request():141] handle_request: partial_history
2022-05-23 11:33:38,072 DEBUG   SenderThread:996 [sender.py:send():232] send: history
2022-05-23 11:33:38,072 DEBUG   SenderThread:996 [sender.py:send():232] send: summary
2022-05-23 11:33:38,072 INFO    SenderThread:996 [sender.py:_save_file():948] saving file wandb-summary.json with policy end
2022-05-23 11:33:38,754 INFO    Thread-11 :996 [dir_watcher.py:_on_file_modified():257] file/dir modified: C:\Projects\Code\Neurals\wandb\run-20220523_113022-29ov4vxm\files\wandb-summary.json
2022-05-23 11:33:39,758 INFO    Thread-11 :996 [dir_watcher.py:_on_file_modified():257] file/dir modified: C:\Projects\Code\Neurals\wandb\run-20220523_113022-29ov4vxm\files\output.log
2022-05-23 11:33:41,062 DEBUG   HandlerThread:996 [handler.py:handle_request():141] handle_request: partial_history
2022-05-23 11:33:41,063 DEBUG   SenderThread:996 [sender.py:send():232] send: history
2022-05-23 11:33:41,063 DEBUG   SenderThread:996 [sender.py:send():232] send: summary
2022-05-23 11:33:41,064 INFO    SenderThread:996 [sender.py:_save_file():948] saving file wandb-summary.json with policy end
2022-05-23 11:33:41,777 INFO    Thread-11 :996 [dir_watcher.py:_on_file_modified():257] file/dir modified: C:\Projects\Code\Neurals\wandb\run-20220523_113022-29ov4vxm\files\wandb-summary.json
2022-05-23 11:33:41,778 INFO    Thread-11 :996 [dir_watcher.py:_on_file_modified():257] file/dir modified: C:\Projects\Code\Neurals\wandb\run-20220523_113022-29ov4vxm\files\output.log
2022-05-23 11:33:44,214 DEBUG   HandlerThread:996 [handler.py:handle_request():141] handle_request: partial_history
2022-05-23 11:33:44,215 DEBUG   SenderThread:996 [sender.py:send():232] send: history
2022-05-23 11:33:44,215 DEBUG   SenderThread:996 [sender.py:send():232] send: summary
2022-05-23 11:33:44,218 INFO    SenderThread:996 [sender.py:_save_file():948] saving file wandb-summary.json with policy end
2022-05-23 11:33:44,787 INFO    Thread-11 :996 [dir_watcher.py:_on_file_modified():257] file/dir modified: C:\Projects\Code\Neurals\wandb\run-20220523_113022-29ov4vxm\files\wandb-summary.json
2022-05-23 11:33:45,791 INFO    Thread-11 :996 [dir_watcher.py:_on_file_modified():257] file/dir modified: C:\Projects\Code\Neurals\wandb\run-20220523_113022-29ov4vxm\files\output.log
2022-05-23 11:33:46,469 DEBUG   SenderThread:996 [sender.py:send():232] send: stats
2022-05-23 11:33:46,683 DEBUG   HandlerThread:996 [handler.py:handle_request():141] handle_request: stop_status
2022-05-23 11:33:46,684 DEBUG   SenderThread:996 [sender.py:send_request():246] send_request: stop_status
2022-05-23 11:33:47,390 DEBUG   HandlerThread:996 [handler.py:handle_request():141] handle_request: partial_history
2022-05-23 11:33:47,391 DEBUG   SenderThread:996 [sender.py:send():232] send: history
2022-05-23 11:33:47,392 DEBUG   SenderThread:996 [sender.py:send():232] send: summary
2022-05-23 11:33:47,393 INFO    SenderThread:996 [sender.py:_save_file():948] saving file wandb-summary.json with policy end
2022-05-23 11:33:47,807 INFO    Thread-11 :996 [dir_watcher.py:_on_file_modified():257] file/dir modified: C:\Projects\Code\Neurals\wandb\run-20220523_113022-29ov4vxm\files\wandb-summary.json
2022-05-23 11:33:49,814 INFO    Thread-11 :996 [dir_watcher.py:_on_file_modified():257] file/dir modified: C:\Projects\Code\Neurals\wandb\run-20220523_113022-29ov4vxm\files\output.log
2022-05-23 11:33:50,351 DEBUG   HandlerThread:996 [handler.py:handle_request():141] handle_request: partial_history
2022-05-23 11:33:50,352 DEBUG   SenderThread:996 [sender.py:send():232] send: history
2022-05-23 11:33:50,352 DEBUG   SenderThread:996 [sender.py:send():232] send: summary
2022-05-23 11:33:50,352 INFO    SenderThread:996 [sender.py:_save_file():948] saving file wandb-summary.json with policy end
2022-05-23 11:33:50,819 INFO    Thread-11 :996 [dir_watcher.py:_on_file_modified():257] file/dir modified: C:\Projects\Code\Neurals\wandb\run-20220523_113022-29ov4vxm\files\wandb-summary.json
2022-05-23 11:33:51,833 INFO    Thread-11 :996 [dir_watcher.py:_on_file_modified():257] file/dir modified: C:\Projects\Code\Neurals\wandb\run-20220523_113022-29ov4vxm\files\output.log
2022-05-23 11:33:53,242 DEBUG   HandlerThread:996 [handler.py:handle_request():141] handle_request: partial_history
2022-05-23 11:33:53,243 DEBUG   SenderThread:996 [sender.py:send():232] send: history
2022-05-23 11:33:53,243 DEBUG   SenderThread:996 [sender.py:send():232] send: summary
2022-05-23 11:33:53,244 INFO    SenderThread:996 [sender.py:_save_file():948] saving file wandb-summary.json with policy end
2022-05-23 11:33:53,839 INFO    Thread-11 :996 [dir_watcher.py:_on_file_modified():257] file/dir modified: C:\Projects\Code\Neurals\wandb\run-20220523_113022-29ov4vxm\files\wandb-summary.json
2022-05-23 11:33:53,840 INFO    Thread-11 :996 [dir_watcher.py:_on_file_modified():257] file/dir modified: C:\Projects\Code\Neurals\wandb\run-20220523_113022-29ov4vxm\files\output.log
2022-05-23 11:33:56,597 DEBUG   HandlerThread:996 [handler.py:handle_request():141] handle_request: partial_history
2022-05-23 11:33:56,598 DEBUG   SenderThread:996 [sender.py:send():232] send: history
2022-05-23 11:33:56,598 DEBUG   SenderThread:996 [sender.py:send():232] send: summary
2022-05-23 11:33:56,602 INFO    SenderThread:996 [sender.py:_save_file():948] saving file wandb-summary.json with policy end
2022-05-23 11:33:56,858 INFO    Thread-11 :996 [dir_watcher.py:_on_file_modified():257] file/dir modified: C:\Projects\Code\Neurals\wandb\run-20220523_113022-29ov4vxm\files\wandb-summary.json
2022-05-23 11:33:57,859 INFO    Thread-11 :996 [dir_watcher.py:_on_file_modified():257] file/dir modified: C:\Projects\Code\Neurals\wandb\run-20220523_113022-29ov4vxm\files\output.log
2022-05-23 11:33:59,839 DEBUG   HandlerThread:996 [handler.py:handle_request():141] handle_request: partial_history
2022-05-23 11:33:59,840 DEBUG   SenderThread:996 [sender.py:send():232] send: history
2022-05-23 11:33:59,840 DEBUG   SenderThread:996 [sender.py:send():232] send: summary
2022-05-23 11:33:59,841 INFO    SenderThread:996 [sender.py:_save_file():948] saving file wandb-summary.json with policy end
2022-05-23 11:33:59,874 INFO    Thread-11 :996 [dir_watcher.py:_on_file_modified():257] file/dir modified: C:\Projects\Code\Neurals\wandb\run-20220523_113022-29ov4vxm\files\wandb-summary.json
2022-05-23 11:34:01,885 INFO    Thread-11 :996 [dir_watcher.py:_on_file_modified():257] file/dir modified: C:\Projects\Code\Neurals\wandb\run-20220523_113022-29ov4vxm\files\output.log
2022-05-23 11:34:02,001 DEBUG   HandlerThread:996 [handler.py:handle_request():141] handle_request: stop_status
2022-05-23 11:34:02,002 DEBUG   SenderThread:996 [sender.py:send_request():246] send_request: stop_status
2022-05-23 11:34:02,669 DEBUG   HandlerThread:996 [handler.py:handle_request():141] handle_request: partial_history
2022-05-23 11:34:02,670 DEBUG   SenderThread:996 [sender.py:send():232] send: history
2022-05-23 11:34:02,670 DEBUG   SenderThread:996 [sender.py:send():232] send: summary
2022-05-23 11:34:02,671 INFO    SenderThread:996 [sender.py:_save_file():948] saving file wandb-summary.json with policy end
2022-05-23 11:34:02,888 INFO    Thread-11 :996 [dir_watcher.py:_on_file_modified():257] file/dir modified: C:\Projects\Code\Neurals\wandb\run-20220523_113022-29ov4vxm\files\wandb-summary.json
2022-05-23 11:34:03,902 INFO    Thread-11 :996 [dir_watcher.py:_on_file_modified():257] file/dir modified: C:\Projects\Code\Neurals\wandb\run-20220523_113022-29ov4vxm\files\output.log
2022-05-23 11:34:05,699 DEBUG   HandlerThread:996 [handler.py:handle_request():141] handle_request: partial_history
2022-05-23 11:34:05,700 DEBUG   SenderThread:996 [sender.py:send():232] send: history
2022-05-23 11:34:05,700 DEBUG   SenderThread:996 [sender.py:send():232] send: summary
2022-05-23 11:34:05,701 INFO    SenderThread:996 [sender.py:_save_file():948] saving file wandb-summary.json with policy end
2022-05-23 11:34:05,921 INFO    Thread-11 :996 [dir_watcher.py:_on_file_modified():257] file/dir modified: C:\Projects\Code\Neurals\wandb\run-20220523_113022-29ov4vxm\files\wandb-summary.json
2022-05-23 11:34:07,930 INFO    Thread-11 :996 [dir_watcher.py:_on_file_modified():257] file/dir modified: C:\Projects\Code\Neurals\wandb\run-20220523_113022-29ov4vxm\files\output.log
2022-05-23 11:34:08,871 DEBUG   HandlerThread:996 [handler.py:handle_request():141] handle_request: partial_history
2022-05-23 11:34:08,872 DEBUG   SenderThread:996 [sender.py:send():232] send: history
2022-05-23 11:34:08,872 DEBUG   SenderThread:996 [sender.py:send():232] send: summary
2022-05-23 11:34:08,873 INFO    SenderThread:996 [sender.py:_save_file():948] saving file wandb-summary.json with policy end
2022-05-23 11:34:08,933 INFO    Thread-11 :996 [dir_watcher.py:_on_file_modified():257] file/dir modified: C:\Projects\Code\Neurals\wandb\run-20220523_113022-29ov4vxm\files\wandb-summary.json
2022-05-23 11:34:09,947 INFO    Thread-11 :996 [dir_watcher.py:_on_file_modified():257] file/dir modified: C:\Projects\Code\Neurals\wandb\run-20220523_113022-29ov4vxm\files\output.log
2022-05-23 11:34:11,762 DEBUG   HandlerThread:996 [handler.py:handle_request():141] handle_request: partial_history
2022-05-23 11:34:11,762 DEBUG   SenderThread:996 [sender.py:send():232] send: history
2022-05-23 11:34:11,763 DEBUG   SenderThread:996 [sender.py:send():232] send: summary
2022-05-23 11:34:11,763 INFO    SenderThread:996 [sender.py:_save_file():948] saving file wandb-summary.json with policy end
2022-05-23 11:34:11,962 INFO    Thread-11 :996 [dir_watcher.py:_on_file_modified():257] file/dir modified: C:\Projects\Code\Neurals\wandb\run-20220523_113022-29ov4vxm\files\wandb-summary.json
2022-05-23 11:34:13,970 INFO    Thread-11 :996 [dir_watcher.py:_on_file_modified():257] file/dir modified: C:\Projects\Code\Neurals\wandb\run-20220523_113022-29ov4vxm\files\output.log
2022-05-23 11:34:14,786 DEBUG   HandlerThread:996 [handler.py:handle_request():141] handle_request: partial_history
2022-05-23 11:34:14,787 DEBUG   SenderThread:996 [sender.py:send():232] send: history
2022-05-23 11:34:14,787 DEBUG   SenderThread:996 [sender.py:send():232] send: summary
2022-05-23 11:34:14,788 INFO    SenderThread:996 [sender.py:_save_file():948] saving file wandb-summary.json with policy end
2022-05-23 11:34:14,971 INFO    Thread-11 :996 [dir_watcher.py:_on_file_modified():257] file/dir modified: C:\Projects\Code\Neurals\wandb\run-20220523_113022-29ov4vxm\files\wandb-summary.json
2022-05-23 11:34:15,978 INFO    Thread-11 :996 [dir_watcher.py:_on_file_modified():257] file/dir modified: C:\Projects\Code\Neurals\wandb\run-20220523_113022-29ov4vxm\files\output.log
2022-05-23 11:34:17,281 DEBUG   HandlerThread:996 [handler.py:handle_request():141] handle_request: stop_status
2022-05-23 11:34:17,282 DEBUG   SenderThread:996 [sender.py:send_request():246] send_request: stop_status
2022-05-23 11:34:17,644 DEBUG   HandlerThread:996 [handler.py:handle_request():141] handle_request: partial_history
2022-05-23 11:34:17,644 DEBUG   SenderThread:996 [sender.py:send():232] send: history
2022-05-23 11:34:17,644 DEBUG   SenderThread:996 [sender.py:send():232] send: summary
2022-05-23 11:34:17,645 INFO    SenderThread:996 [sender.py:_save_file():948] saving file wandb-summary.json with policy end
2022-05-23 11:34:17,986 INFO    Thread-11 :996 [dir_watcher.py:_on_file_modified():257] file/dir modified: C:\Projects\Code\Neurals\wandb\run-20220523_113022-29ov4vxm\files\wandb-summary.json
2022-05-23 11:34:19,992 INFO    Thread-11 :996 [dir_watcher.py:_on_file_modified():257] file/dir modified: C:\Projects\Code\Neurals\wandb\run-20220523_113022-29ov4vxm\files\output.log
2022-05-23 11:34:20,116 DEBUG   SenderThread:996 [sender.py:send():232] send: stats
2022-05-23 11:34:20,411 DEBUG   HandlerThread:996 [handler.py:handle_request():141] handle_request: partial_history
2022-05-23 11:34:20,412 DEBUG   SenderThread:996 [sender.py:send():232] send: history
2022-05-23 11:34:20,412 DEBUG   SenderThread:996 [sender.py:send():232] send: summary
2022-05-23 11:34:20,413 INFO    SenderThread:996 [sender.py:_save_file():948] saving file wandb-summary.json with policy end
2022-05-23 11:34:20,997 INFO    Thread-11 :996 [dir_watcher.py:_on_file_modified():257] file/dir modified: C:\Projects\Code\Neurals\wandb\run-20220523_113022-29ov4vxm\files\wandb-summary.json
2022-05-23 11:34:22,000 INFO    Thread-11 :996 [dir_watcher.py:_on_file_modified():257] file/dir modified: C:\Projects\Code\Neurals\wandb\run-20220523_113022-29ov4vxm\files\output.log
2022-05-23 11:34:23,395 DEBUG   HandlerThread:996 [handler.py:handle_request():141] handle_request: partial_history
2022-05-23 11:34:23,395 DEBUG   SenderThread:996 [sender.py:send():232] send: history
2022-05-23 11:34:23,396 DEBUG   SenderThread:996 [sender.py:send():232] send: summary
2022-05-23 11:34:23,396 INFO    SenderThread:996 [sender.py:_save_file():948] saving file wandb-summary.json with policy end
2022-05-23 11:34:24,011 INFO    Thread-11 :996 [dir_watcher.py:_on_file_modified():257] file/dir modified: C:\Projects\Code\Neurals\wandb\run-20220523_113022-29ov4vxm\files\wandb-summary.json
2022-05-23 11:34:24,011 INFO    Thread-11 :996 [dir_watcher.py:_on_file_modified():257] file/dir modified: C:\Projects\Code\Neurals\wandb\run-20220523_113022-29ov4vxm\files\output.log
2022-05-23 11:34:26,308 DEBUG   HandlerThread:996 [handler.py:handle_request():141] handle_request: partial_history
2022-05-23 11:34:26,309 DEBUG   SenderThread:996 [sender.py:send():232] send: history
2022-05-23 11:34:26,309 DEBUG   SenderThread:996 [sender.py:send():232] send: summary
2022-05-23 11:34:26,310 INFO    SenderThread:996 [sender.py:_save_file():948] saving file wandb-summary.json with policy end
2022-05-23 11:34:27,044 INFO    Thread-11 :996 [dir_watcher.py:_on_file_modified():257] file/dir modified: C:\Projects\Code\Neurals\wandb\run-20220523_113022-29ov4vxm\files\wandb-summary.json
2022-05-23 11:34:28,047 INFO    Thread-11 :996 [dir_watcher.py:_on_file_modified():257] file/dir modified: C:\Projects\Code\Neurals\wandb\run-20220523_113022-29ov4vxm\files\output.log
2022-05-23 11:34:29,202 DEBUG   HandlerThread:996 [handler.py:handle_request():141] handle_request: partial_history
2022-05-23 11:34:29,203 DEBUG   SenderThread:996 [sender.py:send():232] send: history
2022-05-23 11:34:29,204 DEBUG   SenderThread:996 [sender.py:send():232] send: summary
2022-05-23 11:34:29,204 INFO    SenderThread:996 [sender.py:_save_file():948] saving file wandb-summary.json with policy end
2022-05-23 11:34:30,068 INFO    Thread-11 :996 [dir_watcher.py:_on_file_modified():257] file/dir modified: C:\Projects\Code\Neurals\wandb\run-20220523_113022-29ov4vxm\files\wandb-summary.json
2022-05-23 11:34:30,068 INFO    Thread-11 :996 [dir_watcher.py:_on_file_modified():257] file/dir modified: C:\Projects\Code\Neurals\wandb\run-20220523_113022-29ov4vxm\files\output.log
2022-05-23 11:34:32,045 DEBUG   HandlerThread:996 [handler.py:handle_request():141] handle_request: partial_history
2022-05-23 11:34:32,045 DEBUG   SenderThread:996 [sender.py:send():232] send: history
2022-05-23 11:34:32,046 DEBUG   SenderThread:996 [sender.py:send():232] send: summary
2022-05-23 11:34:32,046 INFO    SenderThread:996 [sender.py:_save_file():948] saving file wandb-summary.json with policy end
2022-05-23 11:34:32,074 INFO    Thread-11 :996 [dir_watcher.py:_on_file_modified():257] file/dir modified: C:\Projects\Code\Neurals\wandb\run-20220523_113022-29ov4vxm\files\wandb-summary.json
2022-05-23 11:34:32,577 DEBUG   HandlerThread:996 [handler.py:handle_request():141] handle_request: stop_status
2022-05-23 11:34:32,577 DEBUG   SenderThread:996 [sender.py:send_request():246] send_request: stop_status
2022-05-23 11:34:34,084 INFO    Thread-11 :996 [dir_watcher.py:_on_file_modified():257] file/dir modified: C:\Projects\Code\Neurals\wandb\run-20220523_113022-29ov4vxm\files\output.log
2022-05-23 11:34:34,862 DEBUG   HandlerThread:996 [handler.py:handle_request():141] handle_request: partial_history
2022-05-23 11:34:34,863 DEBUG   SenderThread:996 [sender.py:send():232] send: history
2022-05-23 11:34:34,863 DEBUG   SenderThread:996 [sender.py:send():232] send: summary
2022-05-23 11:34:34,866 INFO    SenderThread:996 [sender.py:_save_file():948] saving file wandb-summary.json with policy end
2022-05-23 11:34:35,099 INFO    Thread-11 :996 [dir_watcher.py:_on_file_modified():257] file/dir modified: C:\Projects\Code\Neurals\wandb\run-20220523_113022-29ov4vxm\files\wandb-summary.json
2022-05-23 11:34:36,115 INFO    Thread-11 :996 [dir_watcher.py:_on_file_modified():257] file/dir modified: C:\Projects\Code\Neurals\wandb\run-20220523_113022-29ov4vxm\files\output.log
2022-05-23 11:34:37,617 DEBUG   HandlerThread:996 [handler.py:handle_request():141] handle_request: partial_history
2022-05-23 11:34:37,618 DEBUG   SenderThread:996 [sender.py:send():232] send: history
2022-05-23 11:34:37,618 DEBUG   SenderThread:996 [sender.py:send():232] send: summary
2022-05-23 11:34:37,619 INFO    SenderThread:996 [sender.py:_save_file():948] saving file wandb-summary.json with policy end
2022-05-23 11:34:38,132 INFO    Thread-11 :996 [dir_watcher.py:_on_file_modified():257] file/dir modified: C:\Projects\Code\Neurals\wandb\run-20220523_113022-29ov4vxm\files\wandb-summary.json
2022-05-23 11:34:38,132 INFO    Thread-11 :996 [dir_watcher.py:_on_file_modified():257] file/dir modified: C:\Projects\Code\Neurals\wandb\run-20220523_113022-29ov4vxm\files\output.log
2022-05-23 11:34:40,423 DEBUG   HandlerThread:996 [handler.py:handle_request():141] handle_request: partial_history
2022-05-23 11:34:40,424 DEBUG   SenderThread:996 [sender.py:send():232] send: history
2022-05-23 11:34:40,424 DEBUG   SenderThread:996 [sender.py:send():232] send: summary
2022-05-23 11:34:40,426 INFO    SenderThread:996 [sender.py:_save_file():948] saving file wandb-summary.json with policy end
2022-05-23 11:34:41,141 INFO    Thread-11 :996 [dir_watcher.py:_on_file_modified():257] file/dir modified: C:\Projects\Code\Neurals\wandb\run-20220523_113022-29ov4vxm\files\wandb-summary.json
2022-05-23 11:34:42,147 INFO    Thread-11 :996 [dir_watcher.py:_on_file_modified():257] file/dir modified: C:\Projects\Code\Neurals\wandb\run-20220523_113022-29ov4vxm\files\output.log
2022-05-23 11:34:43,183 DEBUG   HandlerThread:996 [handler.py:handle_request():141] handle_request: partial_history
2022-05-23 11:34:43,183 DEBUG   SenderThread:996 [sender.py:send():232] send: history
2022-05-23 11:34:43,184 DEBUG   SenderThread:996 [sender.py:send():232] send: summary
2022-05-23 11:34:43,184 INFO    SenderThread:996 [sender.py:_save_file():948] saving file wandb-summary.json with policy end
2022-05-23 11:34:44,155 INFO    Thread-11 :996 [dir_watcher.py:_on_file_modified():257] file/dir modified: C:\Projects\Code\Neurals\wandb\run-20220523_113022-29ov4vxm\files\wandb-summary.json
2022-05-23 11:34:44,156 INFO    Thread-11 :996 [dir_watcher.py:_on_file_modified():257] file/dir modified: C:\Projects\Code\Neurals\wandb\run-20220523_113022-29ov4vxm\files\output.log
2022-05-23 11:34:46,017 DEBUG   HandlerThread:996 [handler.py:handle_request():141] handle_request: partial_history
2022-05-23 11:34:46,018 DEBUG   SenderThread:996 [sender.py:send():232] send: history
2022-05-23 11:34:46,019 DEBUG   SenderThread:996 [sender.py:send():232] send: summary
2022-05-23 11:34:46,019 INFO    SenderThread:996 [sender.py:_save_file():948] saving file wandb-summary.json with policy end
2022-05-23 11:34:46,163 INFO    Thread-11 :996 [dir_watcher.py:_on_file_modified():257] file/dir modified: C:\Projects\Code\Neurals\wandb\run-20220523_113022-29ov4vxm\files\wandb-summary.json
2022-05-23 11:34:47,893 DEBUG   HandlerThread:996 [handler.py:handle_request():141] handle_request: stop_status
2022-05-23 11:34:47,893 DEBUG   SenderThread:996 [sender.py:send_request():246] send_request: stop_status
2022-05-23 11:34:48,172 INFO    Thread-11 :996 [dir_watcher.py:_on_file_modified():257] file/dir modified: C:\Projects\Code\Neurals\wandb\run-20220523_113022-29ov4vxm\files\output.log
2022-05-23 11:34:48,791 DEBUG   HandlerThread:996 [handler.py:handle_request():141] handle_request: partial_history
2022-05-23 11:34:48,792 DEBUG   SenderThread:996 [sender.py:send():232] send: history
2022-05-23 11:34:48,793 DEBUG   SenderThread:996 [sender.py:send():232] send: summary
2022-05-23 11:34:48,793 INFO    SenderThread:996 [sender.py:_save_file():948] saving file wandb-summary.json with policy end
2022-05-23 11:34:49,176 INFO    Thread-11 :996 [dir_watcher.py:_on_file_modified():257] file/dir modified: C:\Projects\Code\Neurals\wandb\run-20220523_113022-29ov4vxm\files\wandb-summary.json
2022-05-23 11:34:50,181 INFO    Thread-11 :996 [dir_watcher.py:_on_file_modified():257] file/dir modified: C:\Projects\Code\Neurals\wandb\run-20220523_113022-29ov4vxm\files\output.log
2022-05-23 11:34:51,642 DEBUG   HandlerThread:996 [handler.py:handle_request():141] handle_request: partial_history
2022-05-23 11:34:51,643 DEBUG   SenderThread:996 [sender.py:send():232] send: history
2022-05-23 11:34:51,643 DEBUG   SenderThread:996 [sender.py:send():232] send: summary
2022-05-23 11:34:51,646 INFO    SenderThread:996 [sender.py:_save_file():948] saving file wandb-summary.json with policy end
2022-05-23 11:34:52,185 INFO    Thread-11 :996 [dir_watcher.py:_on_file_modified():257] file/dir modified: C:\Projects\Code\Neurals\wandb\run-20220523_113022-29ov4vxm\files\wandb-summary.json
2022-05-23 11:34:53,809 DEBUG   SenderThread:996 [sender.py:send():232] send: stats
2022-05-23 11:34:54,197 INFO    Thread-11 :996 [dir_watcher.py:_on_file_modified():257] file/dir modified: C:\Projects\Code\Neurals\wandb\run-20220523_113022-29ov4vxm\files\output.log
2022-05-23 11:34:54,562 DEBUG   HandlerThread:996 [handler.py:handle_request():141] handle_request: partial_history
2022-05-23 11:34:54,563 DEBUG   SenderThread:996 [sender.py:send():232] send: history
2022-05-23 11:34:54,563 DEBUG   SenderThread:996 [sender.py:send():232] send: summary
2022-05-23 11:34:54,564 INFO    SenderThread:996 [sender.py:_save_file():948] saving file wandb-summary.json with policy end
2022-05-23 11:34:55,202 INFO    Thread-11 :996 [dir_watcher.py:_on_file_modified():257] file/dir modified: C:\Projects\Code\Neurals\wandb\run-20220523_113022-29ov4vxm\files\wandb-summary.json
2022-05-23 11:34:56,208 INFO    Thread-11 :996 [dir_watcher.py:_on_file_modified():257] file/dir modified: C:\Projects\Code\Neurals\wandb\run-20220523_113022-29ov4vxm\files\output.log
2022-05-23 11:34:57,671 DEBUG   HandlerThread:996 [handler.py:handle_request():141] handle_request: partial_history
2022-05-23 11:34:57,672 DEBUG   SenderThread:996 [sender.py:send():232] send: history
2022-05-23 11:34:57,672 DEBUG   SenderThread:996 [sender.py:send():232] send: summary
2022-05-23 11:34:57,673 INFO    SenderThread:996 [sender.py:_save_file():948] saving file wandb-summary.json with policy end
2022-05-23 11:34:58,221 INFO    Thread-11 :996 [dir_watcher.py:_on_file_modified():257] file/dir modified: C:\Projects\Code\Neurals\wandb\run-20220523_113022-29ov4vxm\files\wandb-summary.json
2022-05-23 11:35:00,227 INFO    Thread-11 :996 [dir_watcher.py:_on_file_modified():257] file/dir modified: C:\Projects\Code\Neurals\wandb\run-20220523_113022-29ov4vxm\files\output.log
2022-05-23 11:35:00,774 DEBUG   HandlerThread:996 [handler.py:handle_request():141] handle_request: partial_history
2022-05-23 11:35:00,775 DEBUG   SenderThread:996 [sender.py:send():232] send: history
2022-05-23 11:35:00,775 DEBUG   SenderThread:996 [sender.py:send():232] send: summary
2022-05-23 11:35:00,776 INFO    SenderThread:996 [sender.py:_save_file():948] saving file wandb-summary.json with policy end
2022-05-23 11:35:01,233 INFO    Thread-11 :996 [dir_watcher.py:_on_file_modified():257] file/dir modified: C:\Projects\Code\Neurals\wandb\run-20220523_113022-29ov4vxm\files\wandb-summary.json
2022-05-23 11:35:02,236 INFO    Thread-11 :996 [dir_watcher.py:_on_file_modified():257] file/dir modified: C:\Projects\Code\Neurals\wandb\run-20220523_113022-29ov4vxm\files\output.log
2022-05-23 11:35:03,192 DEBUG   HandlerThread:996 [handler.py:handle_request():141] handle_request: stop_status
2022-05-23 11:35:03,192 DEBUG   SenderThread:996 [sender.py:send_request():246] send_request: stop_status
2022-05-23 11:35:03,693 DEBUG   HandlerThread:996 [handler.py:handle_request():141] handle_request: partial_history
2022-05-23 11:35:03,694 DEBUG   SenderThread:996 [sender.py:send():232] send: history
2022-05-23 11:35:03,695 DEBUG   SenderThread:996 [sender.py:send():232] send: summary
2022-05-23 11:35:03,696 INFO    SenderThread:996 [sender.py:_save_file():948] saving file wandb-summary.json with policy end
2022-05-23 11:35:04,251 INFO    Thread-11 :996 [dir_watcher.py:_on_file_modified():257] file/dir modified: C:\Projects\Code\Neurals\wandb\run-20220523_113022-29ov4vxm\files\wandb-summary.json
2022-05-23 11:35:06,258 INFO    Thread-11 :996 [dir_watcher.py:_on_file_modified():257] file/dir modified: C:\Projects\Code\Neurals\wandb\run-20220523_113022-29ov4vxm\files\output.log
2022-05-23 11:35:06,614 DEBUG   HandlerThread:996 [handler.py:handle_request():141] handle_request: partial_history
2022-05-23 11:35:06,617 DEBUG   SenderThread:996 [sender.py:send():232] send: history
2022-05-23 11:35:06,617 DEBUG   SenderThread:996 [sender.py:send():232] send: summary
2022-05-23 11:35:06,618 INFO    SenderThread:996 [sender.py:_save_file():948] saving file wandb-summary.json with policy end
2022-05-23 11:35:07,273 INFO    Thread-11 :996 [dir_watcher.py:_on_file_modified():257] file/dir modified: C:\Projects\Code\Neurals\wandb\run-20220523_113022-29ov4vxm\files\wandb-summary.json
2022-05-23 11:35:08,282 INFO    Thread-11 :996 [dir_watcher.py:_on_file_modified():257] file/dir modified: C:\Projects\Code\Neurals\wandb\run-20220523_113022-29ov4vxm\files\output.log
2022-05-23 11:35:09,532 DEBUG   HandlerThread:996 [handler.py:handle_request():141] handle_request: partial_history
2022-05-23 11:35:09,533 DEBUG   SenderThread:996 [sender.py:send():232] send: history
2022-05-23 11:35:09,533 DEBUG   SenderThread:996 [sender.py:send():232] send: summary
2022-05-23 11:35:09,533 INFO    SenderThread:996 [sender.py:_save_file():948] saving file wandb-summary.json with policy end
2022-05-23 11:35:10,290 INFO    Thread-11 :996 [dir_watcher.py:_on_file_modified():257] file/dir modified: C:\Projects\Code\Neurals\wandb\run-20220523_113022-29ov4vxm\files\wandb-summary.json
2022-05-23 11:35:10,291 INFO    Thread-11 :996 [dir_watcher.py:_on_file_modified():257] file/dir modified: C:\Projects\Code\Neurals\wandb\run-20220523_113022-29ov4vxm\files\output.log
2022-05-23 11:35:12,301 INFO    Thread-11 :996 [dir_watcher.py:_on_file_modified():257] file/dir modified: C:\Projects\Code\Neurals\wandb\run-20220523_113022-29ov4vxm\files\output.log
2022-05-23 11:35:12,466 DEBUG   HandlerThread:996 [handler.py:handle_request():141] handle_request: partial_history
2022-05-23 11:35:12,467 DEBUG   SenderThread:996 [sender.py:send():232] send: history
2022-05-23 11:35:12,467 DEBUG   SenderThread:996 [sender.py:send():232] send: summary
2022-05-23 11:35:12,468 INFO    SenderThread:996 [sender.py:_save_file():948] saving file wandb-summary.json with policy end
2022-05-23 11:35:13,304 INFO    Thread-11 :996 [dir_watcher.py:_on_file_modified():257] file/dir modified: C:\Projects\Code\Neurals\wandb\run-20220523_113022-29ov4vxm\files\wandb-summary.json
2022-05-23 11:35:14,308 INFO    Thread-11 :996 [dir_watcher.py:_on_file_modified():257] file/dir modified: C:\Projects\Code\Neurals\wandb\run-20220523_113022-29ov4vxm\files\output.log
2022-05-23 11:35:15,343 DEBUG   HandlerThread:996 [handler.py:handle_request():141] handle_request: partial_history
2022-05-23 11:35:15,345 DEBUG   SenderThread:996 [sender.py:send():232] send: history
2022-05-23 11:35:15,346 DEBUG   SenderThread:996 [sender.py:send():232] send: summary
2022-05-23 11:35:15,347 INFO    SenderThread:996 [sender.py:_save_file():948] saving file wandb-summary.json with policy end
2022-05-23 11:35:16,316 INFO    Thread-11 :996 [dir_watcher.py:_on_file_modified():257] file/dir modified: C:\Projects\Code\Neurals\wandb\run-20220523_113022-29ov4vxm\files\wandb-summary.json
2022-05-23 11:35:16,317 INFO    Thread-11 :996 [dir_watcher.py:_on_file_modified():257] file/dir modified: C:\Projects\Code\Neurals\wandb\run-20220523_113022-29ov4vxm\files\output.log
2022-05-23 11:35:18,224 DEBUG   HandlerThread:996 [handler.py:handle_request():141] handle_request: partial_history
2022-05-23 11:35:18,225 DEBUG   SenderThread:996 [sender.py:send():232] send: history
2022-05-23 11:35:18,226 DEBUG   SenderThread:996 [sender.py:send():232] send: summary
2022-05-23 11:35:18,228 INFO    SenderThread:996 [sender.py:_save_file():948] saving file wandb-summary.json with policy end
2022-05-23 11:35:18,322 INFO    Thread-11 :996 [dir_watcher.py:_on_file_modified():257] file/dir modified: C:\Projects\Code\Neurals\wandb\run-20220523_113022-29ov4vxm\files\wandb-summary.json
2022-05-23 11:35:18,505 DEBUG   HandlerThread:996 [handler.py:handle_request():141] handle_request: stop_status
2022-05-23 11:35:18,511 DEBUG   SenderThread:996 [sender.py:send_request():246] send_request: stop_status
2022-05-23 11:35:20,335 INFO    Thread-11 :996 [dir_watcher.py:_on_file_modified():257] file/dir modified: C:\Projects\Code\Neurals\wandb\run-20220523_113022-29ov4vxm\files\output.log
2022-05-23 11:35:21,168 DEBUG   HandlerThread:996 [handler.py:handle_request():141] handle_request: partial_history
2022-05-23 11:35:21,168 DEBUG   SenderThread:996 [sender.py:send():232] send: history
2022-05-23 11:35:21,168 DEBUG   SenderThread:996 [sender.py:send():232] send: summary
2022-05-23 11:35:21,169 INFO    SenderThread:996 [sender.py:_save_file():948] saving file wandb-summary.json with policy end
2022-05-23 11:35:21,339 INFO    Thread-11 :996 [dir_watcher.py:_on_file_modified():257] file/dir modified: C:\Projects\Code\Neurals\wandb\run-20220523_113022-29ov4vxm\files\wandb-summary.json
2022-05-23 11:35:22,344 INFO    Thread-11 :996 [dir_watcher.py:_on_file_modified():257] file/dir modified: C:\Projects\Code\Neurals\wandb\run-20220523_113022-29ov4vxm\files\output.log
2022-05-23 11:35:24,262 DEBUG   HandlerThread:996 [handler.py:handle_request():141] handle_request: partial_history
2022-05-23 11:35:24,262 DEBUG   SenderThread:996 [sender.py:send():232] send: history
2022-05-23 11:35:24,263 DEBUG   SenderThread:996 [sender.py:send():232] send: summary
2022-05-23 11:35:24,263 INFO    SenderThread:996 [sender.py:_save_file():948] saving file wandb-summary.json with policy end
2022-05-23 11:35:24,363 INFO    Thread-11 :996 [dir_watcher.py:_on_file_modified():257] file/dir modified: C:\Projects\Code\Neurals\wandb\run-20220523_113022-29ov4vxm\files\wandb-summary.json
2022-05-23 11:35:26,372 INFO    Thread-11 :996 [dir_watcher.py:_on_file_modified():257] file/dir modified: C:\Projects\Code\Neurals\wandb\run-20220523_113022-29ov4vxm\files\output.log
2022-05-23 11:35:27,107 DEBUG   HandlerThread:996 [handler.py:handle_request():141] handle_request: partial_history
2022-05-23 11:35:27,109 DEBUG   SenderThread:996 [sender.py:send():232] send: history
2022-05-23 11:35:27,109 DEBUG   SenderThread:996 [sender.py:send():232] send: summary
2022-05-23 11:35:27,110 INFO    SenderThread:996 [sender.py:_save_file():948] saving file wandb-summary.json with policy end
2022-05-23 11:35:27,377 INFO    Thread-11 :996 [dir_watcher.py:_on_file_modified():257] file/dir modified: C:\Projects\Code\Neurals\wandb\run-20220523_113022-29ov4vxm\files\wandb-summary.json
2022-05-23 11:35:27,515 DEBUG   SenderThread:996 [sender.py:send():232] send: stats
2022-05-23 11:35:28,377 INFO    Thread-11 :996 [dir_watcher.py:_on_file_modified():257] file/dir modified: C:\Projects\Code\Neurals\wandb\run-20220523_113022-29ov4vxm\files\output.log
2022-05-23 11:35:29,821 DEBUG   HandlerThread:996 [handler.py:handle_request():141] handle_request: partial_history
2022-05-23 11:35:29,822 DEBUG   SenderThread:996 [sender.py:send():232] send: history
2022-05-23 11:35:29,822 DEBUG   SenderThread:996 [sender.py:send():232] send: summary
2022-05-23 11:35:29,823 INFO    SenderThread:996 [sender.py:_save_file():948] saving file wandb-summary.json with policy end
2022-05-23 11:35:30,384 INFO    Thread-11 :996 [dir_watcher.py:_on_file_modified():257] file/dir modified: C:\Projects\Code\Neurals\wandb\run-20220523_113022-29ov4vxm\files\wandb-summary.json
2022-05-23 11:35:32,403 INFO    Thread-11 :996 [dir_watcher.py:_on_file_modified():257] file/dir modified: C:\Projects\Code\Neurals\wandb\run-20220523_113022-29ov4vxm\files\output.log
2022-05-23 11:35:32,524 DEBUG   HandlerThread:996 [handler.py:handle_request():141] handle_request: partial_history
2022-05-23 11:35:32,524 DEBUG   SenderThread:996 [sender.py:send():232] send: history
2022-05-23 11:35:32,525 DEBUG   SenderThread:996 [sender.py:send():232] send: summary
2022-05-23 11:35:32,526 INFO    SenderThread:996 [sender.py:_save_file():948] saving file wandb-summary.json with policy end
2022-05-23 11:35:33,406 INFO    Thread-11 :996 [dir_watcher.py:_on_file_modified():257] file/dir modified: C:\Projects\Code\Neurals\wandb\run-20220523_113022-29ov4vxm\files\wandb-summary.json
2022-05-23 11:35:33,800 DEBUG   HandlerThread:996 [handler.py:handle_request():141] handle_request: stop_status
2022-05-23 11:35:33,801 DEBUG   SenderThread:996 [sender.py:send_request():246] send_request: stop_status
2022-05-23 11:35:34,410 INFO    Thread-11 :996 [dir_watcher.py:_on_file_modified():257] file/dir modified: C:\Projects\Code\Neurals\wandb\run-20220523_113022-29ov4vxm\files\output.log
2022-05-23 11:35:35,318 DEBUG   HandlerThread:996 [handler.py:handle_request():141] handle_request: partial_history
2022-05-23 11:35:35,319 DEBUG   SenderThread:996 [sender.py:send():232] send: history
2022-05-23 11:35:35,319 DEBUG   SenderThread:996 [sender.py:send():232] send: summary
2022-05-23 11:35:35,321 INFO    SenderThread:996 [sender.py:_save_file():948] saving file wandb-summary.json with policy end
2022-05-23 11:35:35,424 INFO    Thread-11 :996 [dir_watcher.py:_on_file_modified():257] file/dir modified: C:\Projects\Code\Neurals\wandb\run-20220523_113022-29ov4vxm\files\wandb-summary.json
2022-05-23 11:35:36,427 INFO    Thread-11 :996 [dir_watcher.py:_on_file_modified():257] file/dir modified: C:\Projects\Code\Neurals\wandb\run-20220523_113022-29ov4vxm\files\output.log
2022-05-23 11:35:38,144 DEBUG   HandlerThread:996 [handler.py:handle_request():141] handle_request: partial_history
2022-05-23 11:35:38,145 DEBUG   SenderThread:996 [sender.py:send():232] send: history
2022-05-23 11:35:38,145 DEBUG   SenderThread:996 [sender.py:send():232] send: summary
2022-05-23 11:35:38,146 INFO    SenderThread:996 [sender.py:_save_file():948] saving file wandb-summary.json with policy end
2022-05-23 11:35:38,439 INFO    Thread-11 :996 [dir_watcher.py:_on_file_modified():257] file/dir modified: C:\Projects\Code\Neurals\wandb\run-20220523_113022-29ov4vxm\files\wandb-summary.json
2022-05-23 11:35:40,450 INFO    Thread-11 :996 [dir_watcher.py:_on_file_modified():257] file/dir modified: C:\Projects\Code\Neurals\wandb\run-20220523_113022-29ov4vxm\files\output.log
2022-05-23 11:35:41,520 DEBUG   HandlerThread:996 [handler.py:handle_request():141] handle_request: partial_history
2022-05-23 11:35:41,521 DEBUG   SenderThread:996 [sender.py:send():232] send: history
2022-05-23 11:35:41,521 DEBUG   SenderThread:996 [sender.py:send():232] send: summary
2022-05-23 11:35:41,522 INFO    SenderThread:996 [sender.py:_save_file():948] saving file wandb-summary.json with policy end
