2022-05-23 08:48:43,571 INFO    MainThread:20948 [wandb_setup.py:_flush():76] Loading settings from C:\Users\Maxim N\.config\wandb\settings
2022-05-23 08:48:43,571 INFO    MainThread:20948 [wandb_setup.py:_flush():76] Loading settings from C:\Projects\Code\Neurals\wandb\settings
2022-05-23 08:48:43,571 INFO    MainThread:20948 [wandb_setup.py:_flush():76] Loading settings from environment variables: {}
2022-05-23 08:48:43,571 INFO    MainThread:20948 [wandb_setup.py:_flush():76] Inferring run settings from compute environment: {'program_relpath': 'testing.py', 'program': 'C:\\Projects\\Code\\Neurals\\testing.py'}
2022-05-23 08:48:43,572 INFO    MainThread:20948 [wandb_init.py:_log_setup():428] Logging user logs to C:\Projects\Code\Neurals\wandb\run-20220523_084843-1irao9fy\logs\debug.log
2022-05-23 08:48:43,572 INFO    MainThread:20948 [wandb_init.py:_log_setup():429] Logging internal logs to C:\Projects\Code\Neurals\wandb\run-20220523_084843-1irao9fy\logs\debug-internal.log
2022-05-23 08:48:43,572 INFO    MainThread:20948 [wandb_init.py:init():462] calling init triggers
2022-05-23 08:48:43,572 INFO    MainThread:20948 [wandb_init.py:init():465] wandb.init called with sweep_config: {}
config: {}
2022-05-23 08:48:43,572 INFO    MainThread:20948 [wandb_init.py:init():515] starting backend
2022-05-23 08:48:43,572 INFO    MainThread:20948 [backend.py:_multiprocessing_setup():97] multiprocessing start_methods=spawn, using: spawn
2022-05-23 08:48:43,608 INFO    MainThread:20948 [backend.py:ensure_launched():217] starting backend process...
2022-05-23 08:48:43,912 INFO    MainThread:20948 [backend.py:ensure_launched():222] started backend process with pid: 728
2022-05-23 08:48:43,914 INFO    MainThread:20948 [wandb_init.py:init():525] backend started and connected
2022-05-23 08:48:43,921 INFO    MainThread:20948 [wandb_init.py:init():596] updated telemetry
2022-05-23 08:48:44,009 INFO    MainThread:20948 [wandb_init.py:init():627] communicating run to backend with 30 second timeout
2022-05-23 08:48:46,247 INFO    MainThread:20948 [wandb_run.py:_on_init():1924] communicating current version
2022-05-23 08:48:46,379 INFO    MainThread:20948 [wandb_run.py:_on_init():1928] got version response 
2022-05-23 08:48:46,379 INFO    MainThread:20948 [wandb_init.py:init():662] starting run threads in backend
2022-05-23 08:48:48,744 INFO    MainThread:20948 [wandb_run.py:_console_start():1898] atexit reg
2022-05-23 08:48:48,745 INFO    MainThread:20948 [wandb_run.py:_redirect():1771] redirect: SettingsConsole.WRAP
2022-05-23 08:48:48,745 INFO    MainThread:20948 [wandb_run.py:_redirect():1808] Wrapping output streams.
2022-05-23 08:48:48,747 INFO    MainThread:20948 [wandb_run.py:_redirect():1832] Redirects installed.
2022-05-23 08:48:48,748 INFO    MainThread:20948 [wandb_init.py:init():688] run started, returning control to user process
2022-05-23 08:52:55,420 INFO    MainThread:20948 [wandb_run.py:_atexit_cleanup():1867] got exitcode: 1
2022-05-23 08:52:55,420 INFO    MainThread:20948 [wandb_run.py:_restore():1839] restore
2022-05-23 08:52:56,176 INFO    MainThread:20948 [wandb_run.py:_on_finish():1996] got exit ret: file_counts {
  wandb_count: 1
}
pusher_stats {
  uploaded_bytes: 565
  total_bytes: 565
}

2022-05-23 08:52:56,284 INFO    MainThread:20948 [wandb_run.py:_on_finish():1996] got exit ret: file_counts {
  wandb_count: 1
}
pusher_stats {
  uploaded_bytes: 565
  total_bytes: 565
}

2022-05-23 08:52:56,624 INFO    MainThread:20948 [wandb_run.py:_on_finish():1996] got exit ret: file_counts {
  wandb_count: 1
}
pusher_stats {
  uploaded_bytes: 565
  total_bytes: 565
}

2022-05-23 08:52:57,497 INFO    MainThread:20948 [wandb_run.py:_on_finish():1996] got exit ret: file_counts {
  wandb_count: 4
}
pusher_stats {
  uploaded_bytes: 565
  total_bytes: 216475
}

2022-05-23 08:52:57,599 INFO    MainThread:20948 [wandb_run.py:_on_finish():1996] got exit ret: file_counts {
  wandb_count: 5
}
pusher_stats {
  uploaded_bytes: 565
  total_bytes: 216628
}

2022-05-23 08:52:57,700 INFO    MainThread:20948 [wandb_run.py:_on_finish():1996] got exit ret: file_counts {
  wandb_count: 5
}
pusher_stats {
  uploaded_bytes: 565
  total_bytes: 216628
}

2022-05-23 08:52:57,802 INFO    MainThread:20948 [wandb_run.py:_on_finish():1996] got exit ret: file_counts {
  wandb_count: 5
}
pusher_stats {
  uploaded_bytes: 565
  total_bytes: 216628
}

2022-05-23 08:52:57,905 INFO    MainThread:20948 [wandb_run.py:_on_finish():1996] got exit ret: file_counts {
  wandb_count: 5
}
pusher_stats {
  uploaded_bytes: 565
  total_bytes: 216628
}

2022-05-23 08:52:58,007 INFO    MainThread:20948 [wandb_run.py:_on_finish():1996] got exit ret: file_counts {
  wandb_count: 5
}
pusher_stats {
  uploaded_bytes: 211806
  total_bytes: 216628
}

2022-05-23 08:52:58,111 INFO    MainThread:20948 [wandb_run.py:_on_finish():1996] got exit ret: file_counts {
  wandb_count: 5
}
pusher_stats {
  uploaded_bytes: 216628
  total_bytes: 216628
}

2022-05-23 08:52:58,212 INFO    MainThread:20948 [wandb_run.py:_on_finish():1996] got exit ret: file_counts {
  wandb_count: 5
}
pusher_stats {
  uploaded_bytes: 216628
  total_bytes: 216628
}

2022-05-23 08:52:58,314 INFO    MainThread:20948 [wandb_run.py:_on_finish():1996] got exit ret: file_counts {
  wandb_count: 5
}
pusher_stats {
  uploaded_bytes: 216628
  total_bytes: 216628
}

2022-05-23 08:52:58,415 INFO    MainThread:20948 [wandb_run.py:_on_finish():1996] got exit ret: file_counts {
  wandb_count: 5
}
pusher_stats {
  uploaded_bytes: 216628
  total_bytes: 216628
}

2022-05-23 08:52:58,518 INFO    MainThread:20948 [wandb_run.py:_on_finish():1996] got exit ret: file_counts {
  wandb_count: 5
}
pusher_stats {
  uploaded_bytes: 216628
  total_bytes: 216628
}

2022-05-23 08:52:59,198 INFO    MainThread:20948 [wandb_run.py:_on_finish():1996] got exit ret: file_counts {
  wandb_count: 5
}
pusher_stats {
  uploaded_bytes: 216628
  total_bytes: 216628
}

2022-05-23 08:52:59,877 INFO    MainThread:20948 [wandb_run.py:_on_finish():1996] got exit ret: done: true
exit_result {
}
file_counts {
  wandb_count: 5
}
pusher_stats {
  uploaded_bytes: 216628
  total_bytes: 216628
}
local_info {
}

2022-05-23 08:53:01,376 INFO    MainThread:20948 [wandb_run.py:_footer_history_summary_info():3104] rendering history
2022-05-23 08:53:01,377 INFO    MainThread:20948 [wandb_run.py:_footer_history_summary_info():3136] rendering summary
2022-05-23 08:53:01,381 INFO    MainThread:20948 [wandb_run.py:_footer_sync_info():3060] logging synced files
