2022-05-23 08:48:45,897 INFO    MainThread:728 [internal.py:wandb_internal():90] W&B internal server running at pid: 728, started at: 2022-05-23 08:48:45.897478
2022-05-23 08:48:45,900 INFO    WriterThread:728 [datastore.py:open_for_write():75] open: C:\Projects\Code\Neurals\wandb\run-20220523_084843-1irao9fy\run-1irao9fy.wandb
2022-05-23 08:48:45,908 DEBUG   SenderThread:728 [sender.py:send():232] send: header
2022-05-23 08:48:45,909 DEBUG   SenderThread:728 [sender.py:send():232] send: run
2022-05-23 08:48:46,247 DEBUG   HandlerThread:728 [handler.py:handle_request():141] handle_request: check_version
2022-05-23 08:48:46,256 INFO    SenderThread:728 [dir_watcher.py:__init__():197] watching files in: C:\Projects\Code\Neurals\wandb\run-20220523_084843-1irao9fy\files
2022-05-23 08:48:46,256 INFO    SenderThread:728 [sender.py:_start_run_threads():811] run started: 1irao9fy with start time 1653259723
2022-05-23 08:48:46,256 DEBUG   SenderThread:728 [sender.py:send():232] send: summary
2022-05-23 08:48:46,258 INFO    SenderThread:728 [sender.py:_save_file():948] saving file wandb-summary.json with policy end
2022-05-23 08:48:46,258 DEBUG   SenderThread:728 [sender.py:send_request():246] send_request: check_version
2022-05-23 08:48:46,381 DEBUG   HandlerThread:728 [handler.py:handle_request():141] handle_request: run_start
2022-05-23 08:48:47,262 INFO    Thread-11 :728 [dir_watcher.py:_on_file_created():244] file/dir created: C:\Projects\Code\Neurals\wandb\run-20220523_084843-1irao9fy\files\wandb-summary.json
2022-05-23 08:48:48,702 DEBUG   HandlerThread:728 [meta.py:__init__():35] meta init
2022-05-23 08:48:48,702 DEBUG   HandlerThread:728 [meta.py:__init__():49] meta init done
2022-05-23 08:48:48,702 DEBUG   HandlerThread:728 [meta.py:probe():209] probe
2022-05-23 08:48:48,726 DEBUG   HandlerThread:728 [git.py:repo():29] git repository is invalid
2022-05-23 08:48:48,726 DEBUG   HandlerThread:728 [meta.py:_save_pip():53] save pip
2022-05-23 08:48:48,727 DEBUG   HandlerThread:728 [meta.py:_save_pip():67] save pip done
2022-05-23 08:48:48,727 DEBUG   HandlerThread:728 [meta.py:probe():247] probe done
2022-05-23 08:48:48,731 DEBUG   SenderThread:728 [sender.py:send():232] send: files
2022-05-23 08:48:48,731 INFO    SenderThread:728 [sender.py:_save_file():948] saving file wandb-metadata.json with policy now
2022-05-23 08:48:48,744 DEBUG   HandlerThread:728 [handler.py:handle_request():141] handle_request: stop_status
2022-05-23 08:48:48,744 DEBUG   SenderThread:728 [sender.py:send_request():246] send_request: stop_status
2022-05-23 08:48:49,040 DEBUG   SenderThread:728 [sender.py:send():232] send: telemetry
2022-05-23 08:48:49,289 INFO    Thread-11 :728 [dir_watcher.py:_on_file_created():244] file/dir created: C:\Projects\Code\Neurals\wandb\run-20220523_084843-1irao9fy\files\wandb-metadata.json
2022-05-23 08:48:49,289 INFO    Thread-11 :728 [dir_watcher.py:_on_file_created():244] file/dir created: C:\Projects\Code\Neurals\wandb\run-20220523_084843-1irao9fy\files\requirements.txt
2022-05-23 08:48:49,289 INFO    Thread-11 :728 [dir_watcher.py:_on_file_created():244] file/dir created: C:\Projects\Code\Neurals\wandb\run-20220523_084843-1irao9fy\files\output.log
2022-05-23 08:48:49,607 INFO    Thread-15 :728 [upload_job.py:push():132] Uploaded file C:\Users\MAXIMN~1\AppData\Local\Temp\tmpnsl6gnxiwandb\bypyfb2q-wandb-metadata.json
2022-05-23 08:48:51,300 INFO    Thread-11 :728 [dir_watcher.py:_on_file_modified():257] file/dir modified: C:\Projects\Code\Neurals\wandb\run-20220523_084843-1irao9fy\files\output.log
2022-05-23 08:48:52,571 DEBUG   HandlerThread:728 [handler.py:handle_request():141] handle_request: partial_history
2022-05-23 08:48:52,573 DEBUG   SenderThread:728 [sender.py:send():232] send: history
2022-05-23 08:48:52,573 DEBUG   SenderThread:728 [sender.py:send():232] send: summary
2022-05-23 08:48:52,574 INFO    SenderThread:728 [sender.py:_save_file():948] saving file wandb-summary.json with policy end
2022-05-23 08:48:53,320 INFO    Thread-11 :728 [dir_watcher.py:_on_file_modified():257] file/dir modified: C:\Projects\Code\Neurals\wandb\run-20220523_084843-1irao9fy\files\wandb-summary.json
2022-05-23 08:48:55,341 INFO    Thread-11 :728 [dir_watcher.py:_on_file_modified():257] file/dir modified: C:\Projects\Code\Neurals\wandb\run-20220523_084843-1irao9fy\files\output.log
2022-05-23 08:48:59,811 DEBUG   HandlerThread:728 [handler.py:handle_request():141] handle_request: partial_history
2022-05-23 08:48:59,812 DEBUG   SenderThread:728 [sender.py:send():232] send: history
2022-05-23 08:48:59,812 DEBUG   SenderThread:728 [sender.py:send():232] send: summary
2022-05-23 08:48:59,814 INFO    SenderThread:728 [sender.py:_save_file():948] saving file wandb-summary.json with policy end
2022-05-23 08:49:00,387 INFO    Thread-11 :728 [dir_watcher.py:_on_file_modified():257] file/dir modified: C:\Projects\Code\Neurals\wandb\run-20220523_084843-1irao9fy\files\wandb-summary.json
2022-05-23 08:49:01,401 INFO    Thread-11 :728 [dir_watcher.py:_on_file_modified():257] file/dir modified: C:\Projects\Code\Neurals\wandb\run-20220523_084843-1irao9fy\files\output.log
2022-05-23 08:49:04,047 DEBUG   HandlerThread:728 [handler.py:handle_request():141] handle_request: stop_status
2022-05-23 08:49:04,048 DEBUG   SenderThread:728 [sender.py:send_request():246] send_request: stop_status
2022-05-23 08:49:07,140 DEBUG   HandlerThread:728 [handler.py:handle_request():141] handle_request: partial_history
2022-05-23 08:49:07,140 DEBUG   SenderThread:728 [sender.py:send():232] send: history
2022-05-23 08:49:07,141 DEBUG   SenderThread:728 [sender.py:send():232] send: summary
2022-05-23 08:49:07,143 INFO    SenderThread:728 [sender.py:_save_file():948] saving file wandb-summary.json with policy end
2022-05-23 08:49:07,463 INFO    Thread-11 :728 [dir_watcher.py:_on_file_modified():257] file/dir modified: C:\Projects\Code\Neurals\wandb\run-20220523_084843-1irao9fy\files\wandb-summary.json
2022-05-23 08:49:09,484 INFO    Thread-11 :728 [dir_watcher.py:_on_file_modified():257] file/dir modified: C:\Projects\Code\Neurals\wandb\run-20220523_084843-1irao9fy\files\output.log
2022-05-23 08:49:15,355 DEBUG   HandlerThread:728 [handler.py:handle_request():141] handle_request: partial_history
2022-05-23 08:49:15,356 DEBUG   SenderThread:728 [sender.py:send():232] send: history
2022-05-23 08:49:15,356 DEBUG   SenderThread:728 [sender.py:send():232] send: summary
2022-05-23 08:49:15,358 INFO    SenderThread:728 [sender.py:_save_file():948] saving file wandb-summary.json with policy end
2022-05-23 08:49:15,539 INFO    Thread-11 :728 [dir_watcher.py:_on_file_modified():257] file/dir modified: C:\Projects\Code\Neurals\wandb\run-20220523_084843-1irao9fy\files\wandb-summary.json
2022-05-23 08:49:17,564 INFO    Thread-11 :728 [dir_watcher.py:_on_file_modified():257] file/dir modified: C:\Projects\Code\Neurals\wandb\run-20220523_084843-1irao9fy\files\config.yaml
2022-05-23 08:49:17,564 INFO    Thread-11 :728 [dir_watcher.py:_on_file_modified():257] file/dir modified: C:\Projects\Code\Neurals\wandb\run-20220523_084843-1irao9fy\files\output.log
2022-05-23 08:49:19,330 DEBUG   HandlerThread:728 [handler.py:handle_request():141] handle_request: stop_status
2022-05-23 08:49:19,330 DEBUG   SenderThread:728 [sender.py:send_request():246] send_request: stop_status
2022-05-23 08:49:19,869 DEBUG   SenderThread:728 [sender.py:send():232] send: stats
2022-05-23 08:49:21,526 DEBUG   HandlerThread:728 [handler.py:handle_request():141] handle_request: partial_history
2022-05-23 08:49:21,526 DEBUG   SenderThread:728 [sender.py:send():232] send: history
2022-05-23 08:49:21,527 DEBUG   SenderThread:728 [sender.py:send():232] send: summary
2022-05-23 08:49:21,528 INFO    SenderThread:728 [sender.py:_save_file():948] saving file wandb-summary.json with policy end
2022-05-23 08:49:21,604 INFO    Thread-11 :728 [dir_watcher.py:_on_file_modified():257] file/dir modified: C:\Projects\Code\Neurals\wandb\run-20220523_084843-1irao9fy\files\wandb-summary.json
2022-05-23 08:49:23,630 INFO    Thread-11 :728 [dir_watcher.py:_on_file_modified():257] file/dir modified: C:\Projects\Code\Neurals\wandb\run-20220523_084843-1irao9fy\files\output.log
2022-05-23 08:49:27,686 INFO    Thread-11 :728 [dir_watcher.py:_on_file_modified():257] file/dir modified: C:\Projects\Code\Neurals\wandb\run-20220523_084843-1irao9fy\files\output.log
2022-05-23 08:49:29,706 INFO    Thread-11 :728 [dir_watcher.py:_on_file_modified():257] file/dir modified: C:\Projects\Code\Neurals\wandb\run-20220523_084843-1irao9fy\files\output.log
2022-05-23 08:49:33,587 DEBUG   HandlerThread:728 [handler.py:handle_request():141] handle_request: partial_history
2022-05-23 08:49:33,588 DEBUG   SenderThread:728 [sender.py:send():232] send: history
2022-05-23 08:49:33,589 DEBUG   SenderThread:728 [sender.py:send():232] send: summary
2022-05-23 08:49:33,590 INFO    SenderThread:728 [sender.py:_save_file():948] saving file wandb-summary.json with policy end
2022-05-23 08:49:33,741 INFO    Thread-11 :728 [dir_watcher.py:_on_file_modified():257] file/dir modified: C:\Projects\Code\Neurals\wandb\run-20220523_084843-1irao9fy\files\wandb-summary.json
2022-05-23 08:49:34,649 DEBUG   HandlerThread:728 [handler.py:handle_request():141] handle_request: stop_status
2022-05-23 08:49:34,649 DEBUG   SenderThread:728 [sender.py:send_request():246] send_request: stop_status
2022-05-23 08:49:35,746 INFO    Thread-11 :728 [dir_watcher.py:_on_file_modified():257] file/dir modified: C:\Projects\Code\Neurals\wandb\run-20220523_084843-1irao9fy\files\output.log
2022-05-23 08:49:39,285 DEBUG   HandlerThread:728 [handler.py:handle_request():141] handle_request: partial_history
2022-05-23 08:49:39,286 DEBUG   SenderThread:728 [sender.py:send():232] send: history
2022-05-23 08:49:39,286 DEBUG   SenderThread:728 [sender.py:send():232] send: summary
2022-05-23 08:49:39,288 INFO    SenderThread:728 [sender.py:_save_file():948] saving file wandb-summary.json with policy end
2022-05-23 08:49:39,797 INFO    Thread-11 :728 [dir_watcher.py:_on_file_modified():257] file/dir modified: C:\Projects\Code\Neurals\wandb\run-20220523_084843-1irao9fy\files\wandb-summary.json
2022-05-23 08:49:41,817 INFO    Thread-11 :728 [dir_watcher.py:_on_file_modified():257] file/dir modified: C:\Projects\Code\Neurals\wandb\run-20220523_084843-1irao9fy\files\output.log
2022-05-23 08:49:44,274 DEBUG   HandlerThread:728 [handler.py:handle_request():141] handle_request: partial_history
2022-05-23 08:49:44,277 DEBUG   SenderThread:728 [sender.py:send():232] send: history
2022-05-23 08:49:44,278 DEBUG   SenderThread:728 [sender.py:send():232] send: summary
2022-05-23 08:49:44,280 INFO    SenderThread:728 [sender.py:_save_file():948] saving file wandb-summary.json with policy end
2022-05-23 08:49:44,853 INFO    Thread-11 :728 [dir_watcher.py:_on_file_modified():257] file/dir modified: C:\Projects\Code\Neurals\wandb\run-20220523_084843-1irao9fy\files\wandb-summary.json
2022-05-23 08:49:45,866 INFO    Thread-11 :728 [dir_watcher.py:_on_file_modified():257] file/dir modified: C:\Projects\Code\Neurals\wandb\run-20220523_084843-1irao9fy\files\output.log
2022-05-23 08:49:49,980 DEBUG   HandlerThread:728 [handler.py:handle_request():141] handle_request: stop_status
2022-05-23 08:49:49,981 DEBUG   SenderThread:728 [sender.py:send_request():246] send_request: stop_status
2022-05-23 08:49:51,715 DEBUG   HandlerThread:728 [handler.py:handle_request():141] handle_request: partial_history
2022-05-23 08:49:51,716 DEBUG   SenderThread:728 [sender.py:send():232] send: history
2022-05-23 08:49:51,717 DEBUG   SenderThread:728 [sender.py:send():232] send: summary
2022-05-23 08:49:51,719 INFO    SenderThread:728 [sender.py:_save_file():948] saving file wandb-summary.json with policy end
2022-05-23 08:49:51,908 INFO    Thread-11 :728 [dir_watcher.py:_on_file_modified():257] file/dir modified: C:\Projects\Code\Neurals\wandb\run-20220523_084843-1irao9fy\files\wandb-summary.json
2022-05-23 08:49:53,332 DEBUG   SenderThread:728 [sender.py:send():232] send: stats
2022-05-23 08:49:53,930 INFO    Thread-11 :728 [dir_watcher.py:_on_file_modified():257] file/dir modified: C:\Projects\Code\Neurals\wandb\run-20220523_084843-1irao9fy\files\output.log
2022-05-23 08:49:56,441 DEBUG   HandlerThread:728 [handler.py:handle_request():141] handle_request: partial_history
2022-05-23 08:49:56,442 DEBUG   SenderThread:728 [sender.py:send():232] send: history
2022-05-23 08:49:56,442 DEBUG   SenderThread:728 [sender.py:send():232] send: summary
2022-05-23 08:49:56,443 INFO    SenderThread:728 [sender.py:_save_file():948] saving file wandb-summary.json with policy end
2022-05-23 08:49:56,959 INFO    Thread-11 :728 [dir_watcher.py:_on_file_modified():257] file/dir modified: C:\Projects\Code\Neurals\wandb\run-20220523_084843-1irao9fy\files\wandb-summary.json
2022-05-23 08:49:57,969 INFO    Thread-11 :728 [dir_watcher.py:_on_file_modified():257] file/dir modified: C:\Projects\Code\Neurals\wandb\run-20220523_084843-1irao9fy\files\output.log
2022-05-23 08:50:01,121 DEBUG   HandlerThread:728 [handler.py:handle_request():141] handle_request: partial_history
2022-05-23 08:50:01,122 DEBUG   SenderThread:728 [sender.py:send():232] send: history
2022-05-23 08:50:01,122 DEBUG   SenderThread:728 [sender.py:send():232] send: summary
2022-05-23 08:50:01,122 INFO    SenderThread:728 [sender.py:_save_file():948] saving file wandb-summary.json with policy end
2022-05-23 08:50:02,031 INFO    Thread-11 :728 [dir_watcher.py:_on_file_modified():257] file/dir modified: C:\Projects\Code\Neurals\wandb\run-20220523_084843-1irao9fy\files\wandb-summary.json
2022-05-23 08:50:04,059 INFO    Thread-11 :728 [dir_watcher.py:_on_file_modified():257] file/dir modified: C:\Projects\Code\Neurals\wandb\run-20220523_084843-1irao9fy\files\output.log
2022-05-23 08:50:05,134 DEBUG   HandlerThread:728 [handler.py:handle_request():141] handle_request: partial_history
2022-05-23 08:50:05,135 DEBUG   SenderThread:728 [sender.py:send():232] send: history
2022-05-23 08:50:05,135 DEBUG   SenderThread:728 [sender.py:send():232] send: summary
2022-05-23 08:50:05,136 INFO    SenderThread:728 [sender.py:_save_file():948] saving file wandb-summary.json with policy end
2022-05-23 08:50:05,297 DEBUG   HandlerThread:728 [handler.py:handle_request():141] handle_request: stop_status
2022-05-23 08:50:05,297 DEBUG   SenderThread:728 [sender.py:send_request():246] send_request: stop_status
2022-05-23 08:50:06,071 INFO    Thread-11 :728 [dir_watcher.py:_on_file_modified():257] file/dir modified: C:\Projects\Code\Neurals\wandb\run-20220523_084843-1irao9fy\files\wandb-summary.json
2022-05-23 08:50:08,077 INFO    Thread-11 :728 [dir_watcher.py:_on_file_modified():257] file/dir modified: C:\Projects\Code\Neurals\wandb\run-20220523_084843-1irao9fy\files\output.log
2022-05-23 08:50:09,750 DEBUG   HandlerThread:728 [handler.py:handle_request():141] handle_request: partial_history
2022-05-23 08:50:09,750 DEBUG   SenderThread:728 [sender.py:send():232] send: history
2022-05-23 08:50:09,751 DEBUG   SenderThread:728 [sender.py:send():232] send: summary
2022-05-23 08:50:09,751 INFO    SenderThread:728 [sender.py:_save_file():948] saving file wandb-summary.json with policy end
2022-05-23 08:50:10,107 INFO    Thread-11 :728 [dir_watcher.py:_on_file_modified():257] file/dir modified: C:\Projects\Code\Neurals\wandb\run-20220523_084843-1irao9fy\files\wandb-summary.json
2022-05-23 08:50:12,117 INFO    Thread-11 :728 [dir_watcher.py:_on_file_modified():257] file/dir modified: C:\Projects\Code\Neurals\wandb\run-20220523_084843-1irao9fy\files\output.log
2022-05-23 08:50:13,483 DEBUG   HandlerThread:728 [handler.py:handle_request():141] handle_request: partial_history
2022-05-23 08:50:13,484 DEBUG   SenderThread:728 [sender.py:send():232] send: history
2022-05-23 08:50:13,484 DEBUG   SenderThread:728 [sender.py:send():232] send: summary
2022-05-23 08:50:13,486 INFO    SenderThread:728 [sender.py:_save_file():948] saving file wandb-summary.json with policy end
2022-05-23 08:50:14,120 INFO    Thread-11 :728 [dir_watcher.py:_on_file_modified():257] file/dir modified: C:\Projects\Code\Neurals\wandb\run-20220523_084843-1irao9fy\files\wandb-summary.json
2022-05-23 08:50:16,131 INFO    Thread-11 :728 [dir_watcher.py:_on_file_modified():257] file/dir modified: C:\Projects\Code\Neurals\wandb\run-20220523_084843-1irao9fy\files\output.log
2022-05-23 08:50:17,410 DEBUG   HandlerThread:728 [handler.py:handle_request():141] handle_request: partial_history
2022-05-23 08:50:17,411 DEBUG   SenderThread:728 [sender.py:send():232] send: history
2022-05-23 08:50:17,412 DEBUG   SenderThread:728 [sender.py:send():232] send: summary
2022-05-23 08:50:17,412 INFO    SenderThread:728 [sender.py:_save_file():948] saving file wandb-summary.json with policy end
2022-05-23 08:50:18,150 INFO    Thread-11 :728 [dir_watcher.py:_on_file_modified():257] file/dir modified: C:\Projects\Code\Neurals\wandb\run-20220523_084843-1irao9fy\files\wandb-summary.json
2022-05-23 08:50:20,158 INFO    Thread-11 :728 [dir_watcher.py:_on_file_modified():257] file/dir modified: C:\Projects\Code\Neurals\wandb\run-20220523_084843-1irao9fy\files\output.log
2022-05-23 08:50:20,576 DEBUG   HandlerThread:728 [handler.py:handle_request():141] handle_request: stop_status
2022-05-23 08:50:20,577 DEBUG   SenderThread:728 [sender.py:send_request():246] send_request: stop_status
2022-05-23 08:50:21,483 DEBUG   HandlerThread:728 [handler.py:handle_request():141] handle_request: partial_history
2022-05-23 08:50:21,484 DEBUG   SenderThread:728 [sender.py:send():232] send: history
2022-05-23 08:50:21,484 DEBUG   SenderThread:728 [sender.py:send():232] send: summary
2022-05-23 08:50:21,485 INFO    SenderThread:728 [sender.py:_save_file():948] saving file wandb-summary.json with policy end
2022-05-23 08:50:22,169 INFO    Thread-11 :728 [dir_watcher.py:_on_file_modified():257] file/dir modified: C:\Projects\Code\Neurals\wandb\run-20220523_084843-1irao9fy\files\wandb-summary.json
2022-05-23 08:50:24,179 INFO    Thread-11 :728 [dir_watcher.py:_on_file_modified():257] file/dir modified: C:\Projects\Code\Neurals\wandb\run-20220523_084843-1irao9fy\files\output.log
2022-05-23 08:50:25,387 DEBUG   HandlerThread:728 [handler.py:handle_request():141] handle_request: partial_history
2022-05-23 08:50:25,389 DEBUG   SenderThread:728 [sender.py:send():232] send: history
2022-05-23 08:50:25,390 DEBUG   SenderThread:728 [sender.py:send():232] send: summary
2022-05-23 08:50:25,392 INFO    SenderThread:728 [sender.py:_save_file():948] saving file wandb-summary.json with policy end
2022-05-23 08:50:26,189 INFO    Thread-11 :728 [dir_watcher.py:_on_file_modified():257] file/dir modified: C:\Projects\Code\Neurals\wandb\run-20220523_084843-1irao9fy\files\wandb-summary.json
2022-05-23 08:50:26,948 DEBUG   SenderThread:728 [sender.py:send():232] send: stats
2022-05-23 08:50:28,201 INFO    Thread-11 :728 [dir_watcher.py:_on_file_modified():257] file/dir modified: C:\Projects\Code\Neurals\wandb\run-20220523_084843-1irao9fy\files\output.log
2022-05-23 08:50:29,151 DEBUG   HandlerThread:728 [handler.py:handle_request():141] handle_request: partial_history
2022-05-23 08:50:29,152 DEBUG   SenderThread:728 [sender.py:send():232] send: history
2022-05-23 08:50:29,154 DEBUG   SenderThread:728 [sender.py:send():232] send: summary
2022-05-23 08:50:29,156 INFO    SenderThread:728 [sender.py:_save_file():948] saving file wandb-summary.json with policy end
2022-05-23 08:50:29,208 INFO    Thread-11 :728 [dir_watcher.py:_on_file_modified():257] file/dir modified: C:\Projects\Code\Neurals\wandb\run-20220523_084843-1irao9fy\files\wandb-summary.json
2022-05-23 08:50:32,221 INFO    Thread-11 :728 [dir_watcher.py:_on_file_modified():257] file/dir modified: C:\Projects\Code\Neurals\wandb\run-20220523_084843-1irao9fy\files\output.log
2022-05-23 08:50:33,240 DEBUG   HandlerThread:728 [handler.py:handle_request():141] handle_request: partial_history
2022-05-23 08:50:33,241 DEBUG   SenderThread:728 [sender.py:send():232] send: history
2022-05-23 08:50:33,241 DEBUG   SenderThread:728 [sender.py:send():232] send: summary
2022-05-23 08:50:33,242 INFO    SenderThread:728 [sender.py:_save_file():948] saving file wandb-summary.json with policy end
2022-05-23 08:50:34,230 INFO    Thread-11 :728 [dir_watcher.py:_on_file_modified():257] file/dir modified: C:\Projects\Code\Neurals\wandb\run-20220523_084843-1irao9fy\files\wandb-summary.json
2022-05-23 08:50:35,233 INFO    Thread-11 :728 [dir_watcher.py:_on_file_modified():257] file/dir modified: C:\Projects\Code\Neurals\wandb\run-20220523_084843-1irao9fy\files\output.log
2022-05-23 08:50:35,850 DEBUG   HandlerThread:728 [handler.py:handle_request():141] handle_request: stop_status
2022-05-23 08:50:35,850 DEBUG   SenderThread:728 [sender.py:send_request():246] send_request: stop_status
2022-05-23 08:50:36,348 DEBUG   HandlerThread:728 [handler.py:handle_request():141] handle_request: partial_history
2022-05-23 08:50:36,349 DEBUG   SenderThread:728 [sender.py:send():232] send: history
2022-05-23 08:50:36,350 DEBUG   SenderThread:728 [sender.py:send():232] send: summary
2022-05-23 08:50:36,352 INFO    SenderThread:728 [sender.py:_save_file():948] saving file wandb-summary.json with policy end
2022-05-23 08:50:37,247 INFO    Thread-11 :728 [dir_watcher.py:_on_file_modified():257] file/dir modified: C:\Projects\Code\Neurals\wandb\run-20220523_084843-1irao9fy\files\output.log
2022-05-23 08:50:37,248 INFO    Thread-11 :728 [dir_watcher.py:_on_file_modified():257] file/dir modified: C:\Projects\Code\Neurals\wandb\run-20220523_084843-1irao9fy\files\wandb-summary.json
2022-05-23 08:50:39,569 DEBUG   HandlerThread:728 [handler.py:handle_request():141] handle_request: partial_history
2022-05-23 08:50:39,570 DEBUG   SenderThread:728 [sender.py:send():232] send: history
2022-05-23 08:50:39,570 DEBUG   SenderThread:728 [sender.py:send():232] send: summary
2022-05-23 08:50:39,571 INFO    SenderThread:728 [sender.py:_save_file():948] saving file wandb-summary.json with policy end
2022-05-23 08:50:40,255 INFO    Thread-11 :728 [dir_watcher.py:_on_file_modified():257] file/dir modified: C:\Projects\Code\Neurals\wandb\run-20220523_084843-1irao9fy\files\wandb-summary.json
2022-05-23 08:50:41,262 INFO    Thread-11 :728 [dir_watcher.py:_on_file_modified():257] file/dir modified: C:\Projects\Code\Neurals\wandb\run-20220523_084843-1irao9fy\files\output.log
2022-05-23 08:50:43,977 DEBUG   HandlerThread:728 [handler.py:handle_request():141] handle_request: partial_history
2022-05-23 08:50:43,978 DEBUG   SenderThread:728 [sender.py:send():232] send: history
2022-05-23 08:50:43,979 DEBUG   SenderThread:728 [sender.py:send():232] send: summary
2022-05-23 08:50:43,981 INFO    SenderThread:728 [sender.py:_save_file():948] saving file wandb-summary.json with policy end
2022-05-23 08:50:44,271 INFO    Thread-11 :728 [dir_watcher.py:_on_file_modified():257] file/dir modified: C:\Projects\Code\Neurals\wandb\run-20220523_084843-1irao9fy\files\wandb-summary.json
2022-05-23 08:50:45,286 INFO    Thread-11 :728 [dir_watcher.py:_on_file_modified():257] file/dir modified: C:\Projects\Code\Neurals\wandb\run-20220523_084843-1irao9fy\files\output.log
2022-05-23 08:50:51,137 DEBUG   HandlerThread:728 [handler.py:handle_request():141] handle_request: stop_status
2022-05-23 08:50:51,137 DEBUG   SenderThread:728 [sender.py:send_request():246] send_request: stop_status
2022-05-23 08:51:00,446 DEBUG   SenderThread:728 [sender.py:send():232] send: stats
2022-05-23 08:51:01,470 INFO    Thread-11 :728 [dir_watcher.py:_on_file_modified():257] file/dir modified: C:\Projects\Code\Neurals\wandb\run-20220523_084843-1irao9fy\files\output.log
2022-05-23 08:51:02,613 DEBUG   HandlerThread:728 [handler.py:handle_request():141] handle_request: partial_history
2022-05-23 08:51:02,614 DEBUG   SenderThread:728 [sender.py:send():232] send: history
2022-05-23 08:51:02,615 DEBUG   SenderThread:728 [sender.py:send():232] send: summary
2022-05-23 08:51:02,615 INFO    SenderThread:728 [sender.py:_save_file():948] saving file wandb-summary.json with policy end
2022-05-23 08:51:03,479 INFO    Thread-11 :728 [dir_watcher.py:_on_file_modified():257] file/dir modified: C:\Projects\Code\Neurals\wandb\run-20220523_084843-1irao9fy\files\output.log
2022-05-23 08:51:03,480 INFO    Thread-11 :728 [dir_watcher.py:_on_file_modified():257] file/dir modified: C:\Projects\Code\Neurals\wandb\run-20220523_084843-1irao9fy\files\wandb-summary.json
2022-05-23 08:51:05,821 DEBUG   HandlerThread:728 [handler.py:handle_request():141] handle_request: partial_history
2022-05-23 08:51:05,822 DEBUG   SenderThread:728 [sender.py:send():232] send: history
2022-05-23 08:51:05,822 DEBUG   SenderThread:728 [sender.py:send():232] send: summary
2022-05-23 08:51:05,824 INFO    SenderThread:728 [sender.py:_save_file():948] saving file wandb-summary.json with policy end
2022-05-23 08:51:06,448 DEBUG   HandlerThread:728 [handler.py:handle_request():141] handle_request: stop_status
2022-05-23 08:51:06,449 DEBUG   SenderThread:728 [sender.py:send_request():246] send_request: stop_status
2022-05-23 08:51:06,500 INFO    Thread-11 :728 [dir_watcher.py:_on_file_modified():257] file/dir modified: C:\Projects\Code\Neurals\wandb\run-20220523_084843-1irao9fy\files\wandb-summary.json
2022-05-23 08:51:07,504 INFO    Thread-11 :728 [dir_watcher.py:_on_file_modified():257] file/dir modified: C:\Projects\Code\Neurals\wandb\run-20220523_084843-1irao9fy\files\output.log
2022-05-23 08:51:08,969 DEBUG   HandlerThread:728 [handler.py:handle_request():141] handle_request: partial_history
2022-05-23 08:51:08,970 DEBUG   SenderThread:728 [sender.py:send():232] send: history
2022-05-23 08:51:08,970 DEBUG   SenderThread:728 [sender.py:send():232] send: summary
2022-05-23 08:51:08,971 INFO    SenderThread:728 [sender.py:_save_file():948] saving file wandb-summary.json with policy end
2022-05-23 08:51:09,513 INFO    Thread-11 :728 [dir_watcher.py:_on_file_modified():257] file/dir modified: C:\Projects\Code\Neurals\wandb\run-20220523_084843-1irao9fy\files\output.log
2022-05-23 08:51:09,513 INFO    Thread-11 :728 [dir_watcher.py:_on_file_modified():257] file/dir modified: C:\Projects\Code\Neurals\wandb\run-20220523_084843-1irao9fy\files\wandb-summary.json
2022-05-23 08:51:12,485 DEBUG   HandlerThread:728 [handler.py:handle_request():141] handle_request: partial_history
2022-05-23 08:51:12,486 DEBUG   SenderThread:728 [sender.py:send():232] send: history
2022-05-23 08:51:12,486 DEBUG   SenderThread:728 [sender.py:send():232] send: summary
2022-05-23 08:51:12,486 INFO    SenderThread:728 [sender.py:_save_file():948] saving file wandb-summary.json with policy end
2022-05-23 08:51:12,520 INFO    Thread-11 :728 [dir_watcher.py:_on_file_modified():257] file/dir modified: C:\Projects\Code\Neurals\wandb\run-20220523_084843-1irao9fy\files\wandb-summary.json
2022-05-23 08:51:13,524 INFO    Thread-11 :728 [dir_watcher.py:_on_file_modified():257] file/dir modified: C:\Projects\Code\Neurals\wandb\run-20220523_084843-1irao9fy\files\output.log
2022-05-23 08:51:18,337 DEBUG   HandlerThread:728 [handler.py:handle_request():141] handle_request: partial_history
2022-05-23 08:51:18,341 DEBUG   SenderThread:728 [sender.py:send():232] send: history
2022-05-23 08:51:18,342 DEBUG   SenderThread:728 [sender.py:send():232] send: summary
2022-05-23 08:51:18,386 INFO    SenderThread:728 [sender.py:_save_file():948] saving file wandb-summary.json with policy end
2022-05-23 08:51:18,548 INFO    Thread-11 :728 [dir_watcher.py:_on_file_modified():257] file/dir modified: C:\Projects\Code\Neurals\wandb\run-20220523_084843-1irao9fy\files\wandb-summary.json
2022-05-23 08:51:19,552 INFO    Thread-11 :728 [dir_watcher.py:_on_file_modified():257] file/dir modified: C:\Projects\Code\Neurals\wandb\run-20220523_084843-1irao9fy\files\output.log
2022-05-23 08:51:21,745 DEBUG   HandlerThread:728 [handler.py:handle_request():141] handle_request: stop_status
2022-05-23 08:51:21,745 DEBUG   SenderThread:728 [sender.py:send_request():246] send_request: stop_status
2022-05-23 08:51:24,729 DEBUG   HandlerThread:728 [handler.py:handle_request():141] handle_request: partial_history
2022-05-23 08:51:24,730 DEBUG   SenderThread:728 [sender.py:send():232] send: history
2022-05-23 08:51:24,730 DEBUG   SenderThread:728 [sender.py:send():232] send: summary
2022-05-23 08:51:24,731 INFO    SenderThread:728 [sender.py:_save_file():948] saving file wandb-summary.json with policy end
2022-05-23 08:51:25,605 INFO    Thread-11 :728 [dir_watcher.py:_on_file_modified():257] file/dir modified: C:\Projects\Code\Neurals\wandb\run-20220523_084843-1irao9fy\files\output.log
2022-05-23 08:51:25,605 INFO    Thread-11 :728 [dir_watcher.py:_on_file_modified():257] file/dir modified: C:\Projects\Code\Neurals\wandb\run-20220523_084843-1irao9fy\files\wandb-summary.json
2022-05-23 08:51:30,016 DEBUG   HandlerThread:728 [handler.py:handle_request():141] handle_request: partial_history
2022-05-23 08:51:30,017 DEBUG   SenderThread:728 [sender.py:send():232] send: history
2022-05-23 08:51:30,018 DEBUG   SenderThread:728 [sender.py:send():232] send: summary
2022-05-23 08:51:30,028 INFO    SenderThread:728 [sender.py:_save_file():948] saving file wandb-summary.json with policy end
2022-05-23 08:51:30,642 INFO    Thread-11 :728 [dir_watcher.py:_on_file_modified():257] file/dir modified: C:\Projects\Code\Neurals\wandb\run-20220523_084843-1irao9fy\files\wandb-summary.json
2022-05-23 08:51:31,653 INFO    Thread-11 :728 [dir_watcher.py:_on_file_modified():257] file/dir modified: C:\Projects\Code\Neurals\wandb\run-20220523_084843-1irao9fy\files\output.log
2022-05-23 08:51:34,029 DEBUG   SenderThread:728 [sender.py:send():232] send: stats
2022-05-23 08:51:34,360 DEBUG   HandlerThread:728 [handler.py:handle_request():141] handle_request: partial_history
2022-05-23 08:51:34,361 DEBUG   SenderThread:728 [sender.py:send():232] send: history
2022-05-23 08:51:34,361 DEBUG   SenderThread:728 [sender.py:send():232] send: summary
2022-05-23 08:51:34,362 INFO    SenderThread:728 [sender.py:_save_file():948] saving file wandb-summary.json with policy end
2022-05-23 08:51:34,682 INFO    Thread-11 :728 [dir_watcher.py:_on_file_modified():257] file/dir modified: C:\Projects\Code\Neurals\wandb\run-20220523_084843-1irao9fy\files\wandb-summary.json
2022-05-23 08:51:35,692 INFO    Thread-11 :728 [dir_watcher.py:_on_file_modified():257] file/dir modified: C:\Projects\Code\Neurals\wandb\run-20220523_084843-1irao9fy\files\output.log
2022-05-23 08:51:37,056 DEBUG   HandlerThread:728 [handler.py:handle_request():141] handle_request: stop_status
2022-05-23 08:51:37,056 DEBUG   SenderThread:728 [sender.py:send_request():246] send_request: stop_status
2022-05-23 08:51:38,393 DEBUG   HandlerThread:728 [handler.py:handle_request():141] handle_request: partial_history
2022-05-23 08:51:38,395 DEBUG   SenderThread:728 [sender.py:send():232] send: history
2022-05-23 08:51:38,395 DEBUG   SenderThread:728 [sender.py:send():232] send: summary
2022-05-23 08:51:38,395 INFO    SenderThread:728 [sender.py:_save_file():948] saving file wandb-summary.json with policy end
2022-05-23 08:51:38,721 INFO    Thread-11 :728 [dir_watcher.py:_on_file_modified():257] file/dir modified: C:\Projects\Code\Neurals\wandb\run-20220523_084843-1irao9fy\files\wandb-summary.json
2022-05-23 08:51:39,723 INFO    Thread-11 :728 [dir_watcher.py:_on_file_modified():257] file/dir modified: C:\Projects\Code\Neurals\wandb\run-20220523_084843-1irao9fy\files\output.log
2022-05-23 08:51:42,617 DEBUG   HandlerThread:728 [handler.py:handle_request():141] handle_request: partial_history
2022-05-23 08:51:42,620 DEBUG   SenderThread:728 [sender.py:send():232] send: history
2022-05-23 08:51:42,620 DEBUG   SenderThread:728 [sender.py:send():232] send: summary
2022-05-23 08:51:42,623 INFO    SenderThread:728 [sender.py:_save_file():948] saving file wandb-summary.json with policy end
2022-05-23 08:51:42,754 INFO    Thread-11 :728 [dir_watcher.py:_on_file_modified():257] file/dir modified: C:\Projects\Code\Neurals\wandb\run-20220523_084843-1irao9fy\files\wandb-summary.json
2022-05-23 08:51:43,763 INFO    Thread-11 :728 [dir_watcher.py:_on_file_modified():257] file/dir modified: C:\Projects\Code\Neurals\wandb\run-20220523_084843-1irao9fy\files\output.log
2022-05-23 08:51:47,178 DEBUG   HandlerThread:728 [handler.py:handle_request():141] handle_request: partial_history
2022-05-23 08:51:47,180 DEBUG   SenderThread:728 [sender.py:send():232] send: history
2022-05-23 08:51:47,181 DEBUG   SenderThread:728 [sender.py:send():232] send: summary
2022-05-23 08:51:47,185 INFO    SenderThread:728 [sender.py:_save_file():948] saving file wandb-summary.json with policy end
2022-05-23 08:51:47,814 INFO    Thread-11 :728 [dir_watcher.py:_on_file_modified():257] file/dir modified: C:\Projects\Code\Neurals\wandb\run-20220523_084843-1irao9fy\files\wandb-summary.json
2022-05-23 08:51:49,829 INFO    Thread-11 :728 [dir_watcher.py:_on_file_modified():257] file/dir modified: C:\Projects\Code\Neurals\wandb\run-20220523_084843-1irao9fy\files\output.log
2022-05-23 08:51:51,208 DEBUG   HandlerThread:728 [handler.py:handle_request():141] handle_request: partial_history
2022-05-23 08:51:51,209 DEBUG   SenderThread:728 [sender.py:send():232] send: history
2022-05-23 08:51:51,209 DEBUG   SenderThread:728 [sender.py:send():232] send: summary
2022-05-23 08:51:51,212 INFO    SenderThread:728 [sender.py:_save_file():948] saving file wandb-summary.json with policy end
2022-05-23 08:51:51,864 INFO    Thread-11 :728 [dir_watcher.py:_on_file_modified():257] file/dir modified: C:\Projects\Code\Neurals\wandb\run-20220523_084843-1irao9fy\files\wandb-summary.json
2022-05-23 08:51:52,654 DEBUG   HandlerThread:728 [handler.py:handle_request():141] handle_request: stop_status
2022-05-23 08:51:52,654 DEBUG   SenderThread:728 [sender.py:send_request():246] send_request: stop_status
2022-05-23 08:51:53,885 INFO    Thread-11 :728 [dir_watcher.py:_on_file_modified():257] file/dir modified: C:\Projects\Code\Neurals\wandb\run-20220523_084843-1irao9fy\files\output.log
2022-05-23 08:51:54,678 DEBUG   HandlerThread:728 [handler.py:handle_request():141] handle_request: partial_history
2022-05-23 08:51:54,679 DEBUG   SenderThread:728 [sender.py:send():232] send: history
2022-05-23 08:51:54,679 DEBUG   SenderThread:728 [sender.py:send():232] send: summary
2022-05-23 08:51:54,679 INFO    SenderThread:728 [sender.py:_save_file():948] saving file wandb-summary.json with policy end
2022-05-23 08:51:54,895 INFO    Thread-11 :728 [dir_watcher.py:_on_file_modified():257] file/dir modified: C:\Projects\Code\Neurals\wandb\run-20220523_084843-1irao9fy\files\wandb-summary.json
2022-05-23 08:51:55,905 INFO    Thread-11 :728 [dir_watcher.py:_on_file_modified():257] file/dir modified: C:\Projects\Code\Neurals\wandb\run-20220523_084843-1irao9fy\files\output.log
2022-05-23 08:51:58,087 DEBUG   HandlerThread:728 [handler.py:handle_request():141] handle_request: partial_history
2022-05-23 08:51:58,088 DEBUG   SenderThread:728 [sender.py:send():232] send: history
2022-05-23 08:51:58,089 DEBUG   SenderThread:728 [sender.py:send():232] send: summary
2022-05-23 08:51:58,091 INFO    SenderThread:728 [sender.py:_save_file():948] saving file wandb-summary.json with policy end
2022-05-23 08:51:58,933 INFO    Thread-11 :728 [dir_watcher.py:_on_file_modified():257] file/dir modified: C:\Projects\Code\Neurals\wandb\run-20220523_084843-1irao9fy\files\wandb-summary.json
2022-05-23 08:51:59,945 INFO    Thread-11 :728 [dir_watcher.py:_on_file_modified():257] file/dir modified: C:\Projects\Code\Neurals\wandb\run-20220523_084843-1irao9fy\files\output.log
2022-05-23 08:52:01,296 DEBUG   HandlerThread:728 [handler.py:handle_request():141] handle_request: partial_history
2022-05-23 08:52:01,297 DEBUG   SenderThread:728 [sender.py:send():232] send: history
2022-05-23 08:52:01,297 DEBUG   SenderThread:728 [sender.py:send():232] send: summary
2022-05-23 08:52:01,298 INFO    SenderThread:728 [sender.py:_save_file():948] saving file wandb-summary.json with policy end
2022-05-23 08:52:01,971 INFO    Thread-11 :728 [dir_watcher.py:_on_file_modified():257] file/dir modified: C:\Projects\Code\Neurals\wandb\run-20220523_084843-1irao9fy\files\wandb-summary.json
2022-05-23 08:52:03,988 INFO    Thread-11 :728 [dir_watcher.py:_on_file_modified():257] file/dir modified: C:\Projects\Code\Neurals\wandb\run-20220523_084843-1irao9fy\files\output.log
2022-05-23 08:52:04,593 DEBUG   HandlerThread:728 [handler.py:handle_request():141] handle_request: partial_history
2022-05-23 08:52:04,594 DEBUG   SenderThread:728 [sender.py:send():232] send: history
2022-05-23 08:52:04,594 DEBUG   SenderThread:728 [sender.py:send():232] send: summary
2022-05-23 08:52:04,595 INFO    SenderThread:728 [sender.py:_save_file():948] saving file wandb-summary.json with policy end
2022-05-23 08:52:04,998 INFO    Thread-11 :728 [dir_watcher.py:_on_file_modified():257] file/dir modified: C:\Projects\Code\Neurals\wandb\run-20220523_084843-1irao9fy\files\wandb-summary.json
2022-05-23 08:52:06,009 INFO    Thread-11 :728 [dir_watcher.py:_on_file_modified():257] file/dir modified: C:\Projects\Code\Neurals\wandb\run-20220523_084843-1irao9fy\files\output.log
2022-05-23 08:52:07,389 DEBUG   SenderThread:728 [sender.py:send():232] send: stats
2022-05-23 08:52:07,895 DEBUG   HandlerThread:728 [handler.py:handle_request():141] handle_request: partial_history
2022-05-23 08:52:07,896 DEBUG   SenderThread:728 [sender.py:send():232] send: history
2022-05-23 08:52:07,896 DEBUG   SenderThread:728 [sender.py:send():232] send: summary
2022-05-23 08:52:07,897 INFO    SenderThread:728 [sender.py:_save_file():948] saving file wandb-summary.json with policy end
2022-05-23 08:52:07,942 DEBUG   HandlerThread:728 [handler.py:handle_request():141] handle_request: stop_status
2022-05-23 08:52:07,942 DEBUG   SenderThread:728 [sender.py:send_request():246] send_request: stop_status
2022-05-23 08:52:08,024 INFO    Thread-11 :728 [dir_watcher.py:_on_file_modified():257] file/dir modified: C:\Projects\Code\Neurals\wandb\run-20220523_084843-1irao9fy\files\wandb-summary.json
2022-05-23 08:52:10,037 INFO    Thread-11 :728 [dir_watcher.py:_on_file_modified():257] file/dir modified: C:\Projects\Code\Neurals\wandb\run-20220523_084843-1irao9fy\files\output.log
2022-05-23 08:52:11,207 DEBUG   HandlerThread:728 [handler.py:handle_request():141] handle_request: partial_history
2022-05-23 08:52:11,208 DEBUG   SenderThread:728 [sender.py:send():232] send: history
2022-05-23 08:52:11,208 DEBUG   SenderThread:728 [sender.py:send():232] send: summary
2022-05-23 08:52:11,208 INFO    SenderThread:728 [sender.py:_save_file():948] saving file wandb-summary.json with policy end
2022-05-23 08:52:12,063 INFO    Thread-11 :728 [dir_watcher.py:_on_file_modified():257] file/dir modified: C:\Projects\Code\Neurals\wandb\run-20220523_084843-1irao9fy\files\output.log
2022-05-23 08:52:12,064 INFO    Thread-11 :728 [dir_watcher.py:_on_file_modified():257] file/dir modified: C:\Projects\Code\Neurals\wandb\run-20220523_084843-1irao9fy\files\wandb-summary.json
2022-05-23 08:52:14,399 DEBUG   HandlerThread:728 [handler.py:handle_request():141] handle_request: partial_history
2022-05-23 08:52:14,401 DEBUG   SenderThread:728 [sender.py:send():232] send: history
2022-05-23 08:52:14,401 DEBUG   SenderThread:728 [sender.py:send():232] send: summary
2022-05-23 08:52:14,403 INFO    SenderThread:728 [sender.py:_save_file():948] saving file wandb-summary.json with policy end
2022-05-23 08:52:15,098 INFO    Thread-11 :728 [dir_watcher.py:_on_file_modified():257] file/dir modified: C:\Projects\Code\Neurals\wandb\run-20220523_084843-1irao9fy\files\wandb-summary.json
2022-05-23 08:52:16,109 INFO    Thread-11 :728 [dir_watcher.py:_on_file_modified():257] file/dir modified: C:\Projects\Code\Neurals\wandb\run-20220523_084843-1irao9fy\files\output.log
2022-05-23 08:52:17,920 DEBUG   HandlerThread:728 [handler.py:handle_request():141] handle_request: partial_history
2022-05-23 08:52:17,921 DEBUG   SenderThread:728 [sender.py:send():232] send: history
2022-05-23 08:52:17,921 DEBUG   SenderThread:728 [sender.py:send():232] send: summary
2022-05-23 08:52:17,921 INFO    SenderThread:728 [sender.py:_save_file():948] saving file wandb-summary.json with policy end
2022-05-23 08:52:18,127 INFO    Thread-11 :728 [dir_watcher.py:_on_file_modified():257] file/dir modified: C:\Projects\Code\Neurals\wandb\run-20220523_084843-1irao9fy\files\wandb-summary.json
2022-05-23 08:52:20,145 INFO    Thread-11 :728 [dir_watcher.py:_on_file_modified():257] file/dir modified: C:\Projects\Code\Neurals\wandb\run-20220523_084843-1irao9fy\files\output.log
2022-05-23 08:52:21,847 DEBUG   HandlerThread:728 [handler.py:handle_request():141] handle_request: partial_history
2022-05-23 08:52:21,848 DEBUG   SenderThread:728 [sender.py:send():232] send: history
2022-05-23 08:52:21,848 DEBUG   SenderThread:728 [sender.py:send():232] send: summary
2022-05-23 08:52:21,851 INFO    SenderThread:728 [sender.py:_save_file():948] saving file wandb-summary.json with policy end
2022-05-23 08:52:22,168 INFO    Thread-11 :728 [dir_watcher.py:_on_file_modified():257] file/dir modified: C:\Projects\Code\Neurals\wandb\run-20220523_084843-1irao9fy\files\wandb-summary.json
2022-05-23 08:52:23,245 DEBUG   HandlerThread:728 [handler.py:handle_request():141] handle_request: stop_status
2022-05-23 08:52:23,247 DEBUG   SenderThread:728 [sender.py:send_request():246] send_request: stop_status
2022-05-23 08:52:24,195 INFO    Thread-11 :728 [dir_watcher.py:_on_file_modified():257] file/dir modified: C:\Projects\Code\Neurals\wandb\run-20220523_084843-1irao9fy\files\output.log
2022-05-23 08:52:26,429 DEBUG   HandlerThread:728 [handler.py:handle_request():141] handle_request: partial_history
2022-05-23 08:52:26,430 DEBUG   SenderThread:728 [sender.py:send():232] send: history
2022-05-23 08:52:26,430 DEBUG   SenderThread:728 [sender.py:send():232] send: summary
2022-05-23 08:52:26,432 INFO    SenderThread:728 [sender.py:_save_file():948] saving file wandb-summary.json with policy end
2022-05-23 08:52:27,217 INFO    Thread-11 :728 [dir_watcher.py:_on_file_modified():257] file/dir modified: C:\Projects\Code\Neurals\wandb\run-20220523_084843-1irao9fy\files\wandb-summary.json
2022-05-23 08:52:28,228 INFO    Thread-11 :728 [dir_watcher.py:_on_file_modified():257] file/dir modified: C:\Projects\Code\Neurals\wandb\run-20220523_084843-1irao9fy\files\output.log
2022-05-23 08:52:30,645 DEBUG   HandlerThread:728 [handler.py:handle_request():141] handle_request: partial_history
2022-05-23 08:52:30,646 DEBUG   SenderThread:728 [sender.py:send():232] send: history
2022-05-23 08:52:30,646 DEBUG   SenderThread:728 [sender.py:send():232] send: summary
2022-05-23 08:52:30,647 INFO    SenderThread:728 [sender.py:_save_file():948] saving file wandb-summary.json with policy end
2022-05-23 08:52:31,249 INFO    Thread-11 :728 [dir_watcher.py:_on_file_modified():257] file/dir modified: C:\Projects\Code\Neurals\wandb\run-20220523_084843-1irao9fy\files\wandb-summary.json
2022-05-23 08:52:32,259 INFO    Thread-11 :728 [dir_watcher.py:_on_file_modified():257] file/dir modified: C:\Projects\Code\Neurals\wandb\run-20220523_084843-1irao9fy\files\output.log
2022-05-23 08:52:37,083 DEBUG   HandlerThread:728 [handler.py:handle_request():141] handle_request: partial_history
2022-05-23 08:52:37,084 DEBUG   SenderThread:728 [sender.py:send():232] send: history
2022-05-23 08:52:37,084 DEBUG   SenderThread:728 [sender.py:send():232] send: summary
2022-05-23 08:52:37,091 INFO    SenderThread:728 [sender.py:_save_file():948] saving file wandb-summary.json with policy end
2022-05-23 08:52:37,310 INFO    Thread-11 :728 [dir_watcher.py:_on_file_modified():257] file/dir modified: C:\Projects\Code\Neurals\wandb\run-20220523_084843-1irao9fy\files\wandb-summary.json
2022-05-23 08:52:38,316 INFO    Thread-11 :728 [dir_watcher.py:_on_file_modified():257] file/dir modified: C:\Projects\Code\Neurals\wandb\run-20220523_084843-1irao9fy\files\output.log
2022-05-23 08:52:38,578 DEBUG   HandlerThread:728 [handler.py:handle_request():141] handle_request: stop_status
2022-05-23 08:52:38,582 DEBUG   SenderThread:728 [sender.py:send_request():246] send_request: stop_status
2022-05-23 08:52:40,334 INFO    Thread-11 :728 [dir_watcher.py:_on_file_modified():257] file/dir modified: C:\Projects\Code\Neurals\wandb\run-20220523_084843-1irao9fy\files\output.log
2022-05-23 08:52:40,814 DEBUG   SenderThread:728 [sender.py:send():232] send: stats
2022-05-23 08:52:41,606 DEBUG   HandlerThread:728 [handler.py:handle_request():141] handle_request: partial_history
2022-05-23 08:52:41,608 DEBUG   SenderThread:728 [sender.py:send():232] send: history
2022-05-23 08:52:41,608 DEBUG   SenderThread:728 [sender.py:send():232] send: summary
2022-05-23 08:52:41,609 INFO    SenderThread:728 [sender.py:_save_file():948] saving file wandb-summary.json with policy end
2022-05-23 08:52:42,355 INFO    Thread-11 :728 [dir_watcher.py:_on_file_modified():257] file/dir modified: C:\Projects\Code\Neurals\wandb\run-20220523_084843-1irao9fy\files\wandb-summary.json
2022-05-23 08:52:44,379 INFO    Thread-11 :728 [dir_watcher.py:_on_file_modified():257] file/dir modified: C:\Projects\Code\Neurals\wandb\run-20220523_084843-1irao9fy\files\output.log
2022-05-23 08:52:46,090 DEBUG   HandlerThread:728 [handler.py:handle_request():141] handle_request: partial_history
2022-05-23 08:52:46,091 DEBUG   SenderThread:728 [sender.py:send():232] send: history
2022-05-23 08:52:46,092 DEBUG   SenderThread:728 [sender.py:send():232] send: summary
2022-05-23 08:52:46,093 INFO    SenderThread:728 [sender.py:_save_file():948] saving file wandb-summary.json with policy end
2022-05-23 08:52:46,400 INFO    Thread-11 :728 [dir_watcher.py:_on_file_modified():257] file/dir modified: C:\Projects\Code\Neurals\wandb\run-20220523_084843-1irao9fy\files\wandb-summary.json
2022-05-23 08:52:48,422 INFO    Thread-11 :728 [dir_watcher.py:_on_file_modified():257] file/dir modified: C:\Projects\Code\Neurals\wandb\run-20220523_084843-1irao9fy\files\output.log
2022-05-23 08:52:51,952 DEBUG   HandlerThread:728 [handler.py:handle_request():141] handle_request: partial_history
2022-05-23 08:52:51,953 DEBUG   SenderThread:728 [sender.py:send():232] send: history
2022-05-23 08:52:51,953 DEBUG   SenderThread:728 [sender.py:send():232] send: summary
2022-05-23 08:52:51,954 INFO    SenderThread:728 [sender.py:_save_file():948] saving file wandb-summary.json with policy end
2022-05-23 08:52:52,458 INFO    Thread-11 :728 [dir_watcher.py:_on_file_modified():257] file/dir modified: C:\Projects\Code\Neurals\wandb\run-20220523_084843-1irao9fy\files\wandb-summary.json
2022-05-23 08:52:54,032 DEBUG   HandlerThread:728 [handler.py:handle_request():141] handle_request: stop_status
2022-05-23 08:52:54,032 DEBUG   SenderThread:728 [sender.py:send_request():246] send_request: stop_status
2022-05-23 08:52:54,468 INFO    Thread-11 :728 [dir_watcher.py:_on_file_modified():257] file/dir modified: C:\Projects\Code\Neurals\wandb\run-20220523_084843-1irao9fy\files\output.log
2022-05-23 08:52:55,336 DEBUG   HandlerThread:728 [handler.py:handle_request():141] handle_request: partial_history
2022-05-23 08:52:55,337 DEBUG   SenderThread:728 [sender.py:send():232] send: history
2022-05-23 08:52:55,337 DEBUG   SenderThread:728 [sender.py:send():232] send: summary
2022-05-23 08:52:55,338 INFO    SenderThread:728 [sender.py:_save_file():948] saving file wandb-summary.json with policy end
2022-05-23 08:52:55,421 DEBUG   SenderThread:728 [sender.py:send():232] send: telemetry
2022-05-23 08:52:55,481 INFO    Thread-11 :728 [dir_watcher.py:_on_file_modified():257] file/dir modified: C:\Projects\Code\Neurals\wandb\run-20220523_084843-1irao9fy\files\wandb-summary.json
2022-05-23 08:52:56,173 DEBUG   HandlerThread:728 [handler.py:handle_request():141] handle_request: poll_exit
2022-05-23 08:52:56,174 DEBUG   SenderThread:728 [sender.py:send():232] send: exit
2022-05-23 08:52:56,174 INFO    SenderThread:728 [sender.py:send_exit():368] handling exit code: 1
2022-05-23 08:52:56,174 INFO    SenderThread:728 [sender.py:send_exit():370] handling runtime: 249
2022-05-23 08:52:56,175 INFO    SenderThread:728 [sender.py:_save_file():948] saving file wandb-summary.json with policy end
2022-05-23 08:52:56,175 INFO    SenderThread:728 [sender.py:send_exit():376] send defer
2022-05-23 08:52:56,175 DEBUG   SenderThread:728 [sender.py:send_request():246] send_request: poll_exit
2022-05-23 08:52:56,176 DEBUG   HandlerThread:728 [handler.py:handle_request():141] handle_request: defer
2022-05-23 08:52:56,176 INFO    HandlerThread:728 [handler.py:handle_request_defer():164] handle defer: 0
2022-05-23 08:52:56,176 DEBUG   SenderThread:728 [sender.py:send_request():246] send_request: defer
2022-05-23 08:52:56,176 INFO    SenderThread:728 [sender.py:send_request_defer():385] handle sender defer: 0
2022-05-23 08:52:56,177 INFO    SenderThread:728 [sender.py:transition_state():389] send defer: 1
2022-05-23 08:52:56,177 DEBUG   HandlerThread:728 [handler.py:handle_request():141] handle_request: defer
2022-05-23 08:52:56,177 INFO    HandlerThread:728 [handler.py:handle_request_defer():164] handle defer: 1
2022-05-23 08:52:56,281 DEBUG   SenderThread:728 [sender.py:send_request():246] send_request: defer
2022-05-23 08:52:56,282 INFO    SenderThread:728 [sender.py:send_request_defer():385] handle sender defer: 1
2022-05-23 08:52:56,282 INFO    SenderThread:728 [sender.py:transition_state():389] send defer: 2
2022-05-23 08:52:56,282 DEBUG   HandlerThread:728 [handler.py:handle_request():141] handle_request: poll_exit
2022-05-23 08:52:56,283 DEBUG   SenderThread:728 [sender.py:send_request():246] send_request: poll_exit
2022-05-23 08:52:56,284 DEBUG   SenderThread:728 [sender.py:send():232] send: stats
2022-05-23 08:52:56,285 DEBUG   HandlerThread:728 [handler.py:handle_request():141] handle_request: defer
2022-05-23 08:52:56,285 INFO    HandlerThread:728 [handler.py:handle_request_defer():164] handle defer: 2
2022-05-23 08:52:56,286 DEBUG   SenderThread:728 [sender.py:send_request():246] send_request: defer
2022-05-23 08:52:56,286 INFO    SenderThread:728 [sender.py:send_request_defer():385] handle sender defer: 2
2022-05-23 08:52:56,286 INFO    SenderThread:728 [sender.py:transition_state():389] send defer: 3
2022-05-23 08:52:56,287 DEBUG   HandlerThread:728 [handler.py:handle_request():141] handle_request: defer
2022-05-23 08:52:56,287 INFO    HandlerThread:728 [handler.py:handle_request_defer():164] handle defer: 3
2022-05-23 08:52:56,287 DEBUG   SenderThread:728 [sender.py:send_request():246] send_request: defer
2022-05-23 08:52:56,287 INFO    SenderThread:728 [sender.py:send_request_defer():385] handle sender defer: 3
2022-05-23 08:52:56,287 INFO    SenderThread:728 [sender.py:transition_state():389] send defer: 4
2022-05-23 08:52:56,287 DEBUG   HandlerThread:728 [handler.py:handle_request():141] handle_request: defer
2022-05-23 08:52:56,287 INFO    HandlerThread:728 [handler.py:handle_request_defer():164] handle defer: 4
2022-05-23 08:52:56,288 DEBUG   SenderThread:728 [sender.py:send():232] send: summary
2022-05-23 08:52:56,289 INFO    SenderThread:728 [sender.py:_save_file():948] saving file wandb-summary.json with policy end
2022-05-23 08:52:56,289 DEBUG   SenderThread:728 [sender.py:send_request():246] send_request: defer
2022-05-23 08:52:56,289 INFO    SenderThread:728 [sender.py:send_request_defer():385] handle sender defer: 4
2022-05-23 08:52:56,289 INFO    SenderThread:728 [sender.py:transition_state():389] send defer: 5
2022-05-23 08:52:56,290 DEBUG   HandlerThread:728 [handler.py:handle_request():141] handle_request: defer
2022-05-23 08:52:56,290 INFO    HandlerThread:728 [handler.py:handle_request_defer():164] handle defer: 5
2022-05-23 08:52:56,290 DEBUG   SenderThread:728 [sender.py:send_request():246] send_request: defer
2022-05-23 08:52:56,290 INFO    SenderThread:728 [sender.py:send_request_defer():385] handle sender defer: 5
2022-05-23 08:52:56,385 DEBUG   HandlerThread:728 [handler.py:handle_request():141] handle_request: poll_exit
2022-05-23 08:52:56,487 INFO    Thread-11 :728 [dir_watcher.py:_on_file_modified():257] file/dir modified: C:\Projects\Code\Neurals\wandb\run-20220523_084843-1irao9fy\files\output.log
2022-05-23 08:52:56,487 INFO    Thread-11 :728 [dir_watcher.py:_on_file_modified():257] file/dir modified: C:\Projects\Code\Neurals\wandb\run-20220523_084843-1irao9fy\files\wandb-summary.json
2022-05-23 08:52:56,623 INFO    SenderThread:728 [sender.py:transition_state():389] send defer: 6
2022-05-23 08:52:56,623 DEBUG   SenderThread:728 [sender.py:send_request():246] send_request: poll_exit
2022-05-23 08:52:56,623 DEBUG   HandlerThread:728 [handler.py:handle_request():141] handle_request: defer
2022-05-23 08:52:56,624 INFO    HandlerThread:728 [handler.py:handle_request_defer():164] handle defer: 6
2022-05-23 08:52:56,624 DEBUG   SenderThread:728 [sender.py:send_request():246] send_request: defer
2022-05-23 08:52:56,624 INFO    SenderThread:728 [sender.py:send_request_defer():385] handle sender defer: 6
2022-05-23 08:52:56,624 INFO    SenderThread:728 [dir_watcher.py:finish():312] shutting down directory watcher
2022-05-23 08:52:56,725 DEBUG   HandlerThread:728 [handler.py:handle_request():141] handle_request: poll_exit
2022-05-23 08:52:57,489 INFO    SenderThread:728 [dir_watcher.py:_on_file_modified():257] file/dir modified: C:\Projects\Code\Neurals\wandb\run-20220523_084843-1irao9fy\files\config.yaml
2022-05-23 08:52:57,490 INFO    SenderThread:728 [dir_watcher.py:finish():342] scan: C:\Projects\Code\Neurals\wandb\run-20220523_084843-1irao9fy\files
2022-05-23 08:52:57,490 INFO    SenderThread:728 [dir_watcher.py:finish():356] scan save: C:\Projects\Code\Neurals\wandb\run-20220523_084843-1irao9fy\files\config.yaml config.yaml
2022-05-23 08:52:57,490 INFO    SenderThread:728 [dir_watcher.py:finish():356] scan save: C:\Projects\Code\Neurals\wandb\run-20220523_084843-1irao9fy\files\output.log output.log
2022-05-23 08:52:57,491 INFO    SenderThread:728 [dir_watcher.py:finish():356] scan save: C:\Projects\Code\Neurals\wandb\run-20220523_084843-1irao9fy\files\requirements.txt requirements.txt
2022-05-23 08:52:57,493 INFO    SenderThread:728 [dir_watcher.py:finish():356] scan save: C:\Projects\Code\Neurals\wandb\run-20220523_084843-1irao9fy\files\wandb-metadata.json wandb-metadata.json
2022-05-23 08:52:57,494 INFO    SenderThread:728 [dir_watcher.py:finish():356] scan save: C:\Projects\Code\Neurals\wandb\run-20220523_084843-1irao9fy\files\wandb-summary.json wandb-summary.json
2022-05-23 08:52:57,496 INFO    SenderThread:728 [sender.py:transition_state():389] send defer: 7
2022-05-23 08:52:57,497 DEBUG   SenderThread:728 [sender.py:send_request():246] send_request: poll_exit
2022-05-23 08:52:57,497 DEBUG   HandlerThread:728 [handler.py:handle_request():141] handle_request: defer
2022-05-23 08:52:57,500 INFO    HandlerThread:728 [handler.py:handle_request_defer():164] handle defer: 7
2022-05-23 08:52:57,501 DEBUG   SenderThread:728 [sender.py:send_request():246] send_request: defer
2022-05-23 08:52:57,501 INFO    SenderThread:728 [sender.py:send_request_defer():385] handle sender defer: 7
2022-05-23 08:52:57,501 INFO    SenderThread:728 [file_pusher.py:finish():145] shutting down file pusher
2022-05-23 08:52:57,598 DEBUG   HandlerThread:728 [handler.py:handle_request():141] handle_request: poll_exit
2022-05-23 08:52:57,598 DEBUG   SenderThread:728 [sender.py:send_request():246] send_request: poll_exit
2022-05-23 08:52:57,699 DEBUG   HandlerThread:728 [handler.py:handle_request():141] handle_request: poll_exit
2022-05-23 08:52:57,700 DEBUG   SenderThread:728 [sender.py:send_request():246] send_request: poll_exit
2022-05-23 08:52:57,801 DEBUG   HandlerThread:728 [handler.py:handle_request():141] handle_request: poll_exit
2022-05-23 08:52:57,801 DEBUG   SenderThread:728 [sender.py:send_request():246] send_request: poll_exit
2022-05-23 08:52:57,904 DEBUG   HandlerThread:728 [handler.py:handle_request():141] handle_request: poll_exit
2022-05-23 08:52:57,905 DEBUG   SenderThread:728 [sender.py:send_request():246] send_request: poll_exit
2022-05-23 08:52:58,006 DEBUG   HandlerThread:728 [handler.py:handle_request():141] handle_request: poll_exit
2022-05-23 08:52:58,007 DEBUG   SenderThread:728 [sender.py:send_request():246] send_request: poll_exit
2022-05-23 08:52:58,109 DEBUG   HandlerThread:728 [handler.py:handle_request():141] handle_request: poll_exit
2022-05-23 08:52:58,109 DEBUG   SenderThread:728 [sender.py:send_request():246] send_request: poll_exit
2022-05-23 08:52:58,211 DEBUG   HandlerThread:728 [handler.py:handle_request():141] handle_request: poll_exit
2022-05-23 08:52:58,211 DEBUG   SenderThread:728 [sender.py:send_request():246] send_request: poll_exit
2022-05-23 08:52:58,290 INFO    Thread-16 :728 [upload_job.py:push():132] Uploaded file C:\Projects\Code\Neurals\wandb\run-20220523_084843-1irao9fy\files\config.yaml
2022-05-23 08:52:58,301 INFO    Thread-18 :728 [upload_job.py:push():132] Uploaded file C:\Projects\Code\Neurals\wandb\run-20220523_084843-1irao9fy\files\requirements.txt
2022-05-23 08:52:58,313 DEBUG   HandlerThread:728 [handler.py:handle_request():141] handle_request: poll_exit
2022-05-23 08:52:58,313 DEBUG   SenderThread:728 [sender.py:send_request():246] send_request: poll_exit
2022-05-23 08:52:58,325 INFO    Thread-19 :728 [upload_job.py:push():132] Uploaded file C:\Projects\Code\Neurals\wandb\run-20220523_084843-1irao9fy\files\wandb-summary.json
2022-05-23 08:52:58,407 INFO    Thread-17 :728 [upload_job.py:push():132] Uploaded file C:\Projects\Code\Neurals\wandb\run-20220523_084843-1irao9fy\files\output.log
2022-05-23 08:52:58,414 DEBUG   HandlerThread:728 [handler.py:handle_request():141] handle_request: poll_exit
2022-05-23 08:52:58,414 DEBUG   SenderThread:728 [sender.py:send_request():246] send_request: poll_exit
2022-05-23 08:52:58,516 DEBUG   HandlerThread:728 [handler.py:handle_request():141] handle_request: poll_exit
2022-05-23 08:52:58,516 DEBUG   SenderThread:728 [sender.py:send_request():246] send_request: poll_exit
2022-05-23 08:52:58,614 INFO    Thread-10 :728 [sender.py:transition_state():389] send defer: 8
2022-05-23 08:52:58,614 DEBUG   HandlerThread:728 [handler.py:handle_request():141] handle_request: defer
2022-05-23 08:52:58,614 INFO    HandlerThread:728 [handler.py:handle_request_defer():164] handle defer: 8
2022-05-23 08:52:58,614 DEBUG   SenderThread:728 [sender.py:send_request():246] send_request: defer
2022-05-23 08:52:58,614 INFO    SenderThread:728 [sender.py:send_request_defer():385] handle sender defer: 8
2022-05-23 08:52:58,619 DEBUG   HandlerThread:728 [handler.py:handle_request():141] handle_request: poll_exit
2022-05-23 08:52:59,197 INFO    SenderThread:728 [sender.py:transition_state():389] send defer: 9
2022-05-23 08:52:59,197 DEBUG   SenderThread:728 [sender.py:send_request():246] send_request: poll_exit
2022-05-23 08:52:59,198 DEBUG   HandlerThread:728 [handler.py:handle_request():141] handle_request: defer
2022-05-23 08:52:59,198 INFO    HandlerThread:728 [handler.py:handle_request_defer():164] handle defer: 9
2022-05-23 08:52:59,198 DEBUG   SenderThread:728 [sender.py:send_request():246] send_request: defer
2022-05-23 08:52:59,198 INFO    SenderThread:728 [sender.py:send_request_defer():385] handle sender defer: 9
2022-05-23 08:52:59,198 INFO    SenderThread:728 [sender.py:transition_state():389] send defer: 10
2022-05-23 08:52:59,199 DEBUG   HandlerThread:728 [handler.py:handle_request():141] handle_request: defer
2022-05-23 08:52:59,199 INFO    HandlerThread:728 [handler.py:handle_request_defer():164] handle defer: 10
2022-05-23 08:52:59,199 DEBUG   SenderThread:728 [sender.py:send():232] send: final
2022-05-23 08:52:59,199 DEBUG   SenderThread:728 [sender.py:send():232] send: footer
2022-05-23 08:52:59,199 DEBUG   SenderThread:728 [sender.py:send_request():246] send_request: defer
2022-05-23 08:52:59,200 INFO    SenderThread:728 [sender.py:send_request_defer():385] handle sender defer: 10
2022-05-23 08:52:59,298 DEBUG   HandlerThread:728 [handler.py:handle_request():141] handle_request: poll_exit
2022-05-23 08:52:59,299 DEBUG   SenderThread:728 [sender.py:send_request():246] send_request: poll_exit
2022-05-23 08:52:59,299 INFO    SenderThread:728 [file_pusher.py:join():150] waiting for file pusher
2022-05-23 08:52:59,978 DEBUG   HandlerThread:728 [handler.py:handle_request():141] handle_request: sampled_history
2022-05-23 08:52:59,981 DEBUG   HandlerThread:728 [handler.py:handle_request():141] handle_request: get_summary
2022-05-23 08:52:59,982 DEBUG   HandlerThread:728 [handler.py:handle_request():141] handle_request: shutdown
2022-05-23 08:52:59,982 INFO    HandlerThread:728 [handler.py:finish():806] shutting down handler
2022-05-23 08:53:00,209 INFO    WriterThread:728 [datastore.py:close():279] close: C:\Projects\Code\Neurals\wandb\run-20220523_084843-1irao9fy\run-1irao9fy.wandb
2022-05-23 08:53:00,882 INFO    SenderThread:728 [sender.py:finish():1110] shutting down sender
2022-05-23 08:53:00,882 INFO    SenderThread:728 [file_pusher.py:finish():145] shutting down file pusher
2022-05-23 08:53:00,882 INFO    SenderThread:728 [file_pusher.py:join():150] waiting for file pusher
2022-05-23 08:53:00,884 INFO    MainThread:728 [internal.py:handle_exit():80] Internal process exited
