2022-05-23 01:19:35,224 INFO    MainThread:14732 [internal.py:wandb_internal():90] W&B internal server running at pid: 14732, started at: 2022-05-23 01:19:35.224719
2022-05-23 01:19:35,230 INFO    WriterThread:14732 [datastore.py:open_for_write():75] open: C:\Projects\Code\Neurals\wandb\run-20220523_011931-1f8wo3wl\run-1f8wo3wl.wandb
2022-05-23 01:19:35,236 DEBUG   SenderThread:14732 [sender.py:send():232] send: header
2022-05-23 01:19:35,236 DEBUG   SenderThread:14732 [sender.py:send():232] send: run
2022-05-23 01:19:35,668 INFO    SenderThread:14732 [dir_watcher.py:__init__():197] watching files in: C:\Projects\Code\Neurals\wandb\run-20220523_011931-1f8wo3wl\files
2022-05-23 01:19:35,670 DEBUG   HandlerThread:14732 [handler.py:handle_request():141] handle_request: check_version
2022-05-23 01:19:35,678 INFO    SenderThread:14732 [sender.py:_start_run_threads():811] run started: 1f8wo3wl with start time 1653232772
2022-05-23 01:19:35,679 DEBUG   SenderThread:14732 [sender.py:send():232] send: summary
2022-05-23 01:19:35,681 INFO    SenderThread:14732 [sender.py:_save_file():948] saving file wandb-summary.json with policy end
2022-05-23 01:19:35,681 DEBUG   SenderThread:14732 [sender.py:send_request():246] send_request: check_version
2022-05-23 01:19:35,810 DEBUG   HandlerThread:14732 [handler.py:handle_request():141] handle_request: run_start
2022-05-23 01:19:36,670 INFO    Thread-11 :14732 [dir_watcher.py:_on_file_created():244] file/dir created: C:\Projects\Code\Neurals\wandb\run-20220523_011931-1f8wo3wl\files\wandb-summary.json
2022-05-23 01:19:39,458 DEBUG   HandlerThread:14732 [meta.py:__init__():35] meta init
2022-05-23 01:19:39,460 DEBUG   HandlerThread:14732 [meta.py:__init__():49] meta init done
2022-05-23 01:19:39,460 DEBUG   HandlerThread:14732 [meta.py:probe():209] probe
2022-05-23 01:19:39,490 DEBUG   HandlerThread:14732 [git.py:repo():29] git repository is invalid
2022-05-23 01:19:39,490 DEBUG   HandlerThread:14732 [meta.py:_save_pip():53] save pip
2022-05-23 01:19:39,491 DEBUG   HandlerThread:14732 [meta.py:_save_pip():67] save pip done
2022-05-23 01:19:39,491 DEBUG   HandlerThread:14732 [meta.py:probe():247] probe done
2022-05-23 01:19:39,508 DEBUG   SenderThread:14732 [sender.py:send():232] send: files
2022-05-23 01:19:39,509 INFO    SenderThread:14732 [sender.py:_save_file():948] saving file wandb-metadata.json with policy now
2022-05-23 01:19:39,527 DEBUG   HandlerThread:14732 [handler.py:handle_request():141] handle_request: stop_status
2022-05-23 01:19:39,527 DEBUG   SenderThread:14732 [sender.py:send_request():246] send_request: stop_status
2022-05-23 01:19:39,688 INFO    Thread-11 :14732 [dir_watcher.py:_on_file_created():244] file/dir created: C:\Projects\Code\Neurals\wandb\run-20220523_011931-1f8wo3wl\files\requirements.txt
2022-05-23 01:19:39,688 INFO    Thread-11 :14732 [dir_watcher.py:_on_file_created():244] file/dir created: C:\Projects\Code\Neurals\wandb\run-20220523_011931-1f8wo3wl\files\wandb-metadata.json
2022-05-23 01:19:39,688 INFO    Thread-11 :14732 [dir_watcher.py:_on_file_created():244] file/dir created: C:\Projects\Code\Neurals\wandb\run-20220523_011931-1f8wo3wl\files\output.log
2022-05-23 01:19:39,841 DEBUG   SenderThread:14732 [sender.py:send():232] send: telemetry
2022-05-23 01:19:40,657 INFO    Thread-15 :14732 [upload_job.py:push():132] Uploaded file C:\Users\MAXIMN~1\AppData\Local\Temp\tmppi7vxn2ewandb\1mz46a01-wandb-metadata.json
2022-05-23 01:19:41,719 INFO    Thread-11 :14732 [dir_watcher.py:_on_file_modified():257] file/dir modified: C:\Projects\Code\Neurals\wandb\run-20220523_011931-1f8wo3wl\files\output.log
2022-05-23 01:19:49,525 DEBUG   HandlerThread:14732 [handler.py:handle_request():141] handle_request: partial_history
2022-05-23 01:19:49,528 DEBUG   SenderThread:14732 [sender.py:send():232] send: history
2022-05-23 01:19:49,529 DEBUG   SenderThread:14732 [sender.py:send():232] send: summary
2022-05-23 01:19:49,537 INFO    SenderThread:14732 [sender.py:_save_file():948] saving file wandb-summary.json with policy end
2022-05-23 01:19:49,797 INFO    Thread-11 :14732 [dir_watcher.py:_on_file_modified():257] file/dir modified: C:\Projects\Code\Neurals\wandb\run-20220523_011931-1f8wo3wl\files\wandb-summary.json
2022-05-23 01:19:49,799 INFO    Thread-11 :14732 [dir_watcher.py:_on_file_modified():257] file/dir modified: C:\Projects\Code\Neurals\wandb\run-20220523_011931-1f8wo3wl\files\output.log
2022-05-23 01:19:51,819 INFO    Thread-11 :14732 [dir_watcher.py:_on_file_modified():257] file/dir modified: C:\Projects\Code\Neurals\wandb\run-20220523_011931-1f8wo3wl\files\output.log
2022-05-23 01:19:54,852 DEBUG   HandlerThread:14732 [handler.py:handle_request():141] handle_request: stop_status
2022-05-23 01:19:54,852 DEBUG   SenderThread:14732 [sender.py:send_request():246] send_request: stop_status
2022-05-23 01:20:05,972 INFO    Thread-11 :14732 [dir_watcher.py:_on_file_modified():257] file/dir modified: C:\Projects\Code\Neurals\wandb\run-20220523_011931-1f8wo3wl\files\output.log
2022-05-23 01:20:06,251 DEBUG   HandlerThread:14732 [handler.py:handle_request():141] handle_request: partial_history
2022-05-23 01:20:06,252 DEBUG   SenderThread:14732 [sender.py:send():232] send: history
2022-05-23 01:20:06,253 DEBUG   SenderThread:14732 [sender.py:send():232] send: summary
2022-05-23 01:20:06,254 INFO    SenderThread:14732 [sender.py:_save_file():948] saving file wandb-summary.json with policy end
2022-05-23 01:20:06,983 INFO    Thread-11 :14732 [dir_watcher.py:_on_file_modified():257] file/dir modified: C:\Projects\Code\Neurals\wandb\run-20220523_011931-1f8wo3wl\files\wandb-summary.json
2022-05-23 01:20:06,983 INFO    Thread-11 :14732 [dir_watcher.py:_on_file_modified():257] file/dir modified: C:\Projects\Code\Neurals\wandb\run-20220523_011931-1f8wo3wl\files\config.yaml
2022-05-23 01:20:07,994 INFO    Thread-11 :14732 [dir_watcher.py:_on_file_modified():257] file/dir modified: C:\Projects\Code\Neurals\wandb\run-20220523_011931-1f8wo3wl\files\output.log
2022-05-23 01:20:10,182 DEBUG   HandlerThread:14732 [handler.py:handle_request():141] handle_request: stop_status
2022-05-23 01:20:10,183 DEBUG   SenderThread:14732 [sender.py:send_request():246] send_request: stop_status
2022-05-23 01:20:10,753 DEBUG   SenderThread:14732 [sender.py:send():232] send: stats
