 ****** Running generation 0 ******
Average fitness:
Failed mean
Population's average fitness: 28.76559 stdev: 12.70761
Best fitness: 53.83332 - size: (6, 15) - species 63 - id 63
Average adjusted fitness: 0.427
Mean genetic distance 3.164, standard deviation 0.322
Population of 300 members in 150 species:
   ID   age  size  fitness  adj fit  stag
  ====  ===  ====  =======  =======  ====
     1    0     2     31.5    0.489     0
     2    0     2     40.1    0.685     0
     3    0     2     24.3    0.325     0
     4    0     2     10.3    0.005     0
     5    0     2     26.3    0.370     0
     6    0     2     21.9    0.270     0
     7    0     2     47.3    0.851     0
     8    0     2     12.7    0.059     0
     9    0     2     15.3    0.118     0
    10    0     2     11.7    0.036     0
    11    0     2     38.8    0.656     0
    12    0     2     19.9    0.223     0
    13    0     2     27.3    0.393     0
    14    0     2     27.5    0.399     0
    15    0     2     37.9    0.635     0
    16    0     2     11.4    0.030     0
    17    0     2     42.4    0.740     0
    18    0     2     14.9    0.110     0
    19    0     2     31.4    0.488     0
    20    0     2     43.7    0.767     0
    21    0     2     10.2    0.003     0
    22    0     2     19.4    0.212     0
    23    0     2     33.9    0.544     0
    24    0     2     14.0    0.088     0
    25    0     2     40.2    0.689     0
    26    0     2     11.2    0.024     0
    27    0     2     11.5    0.033     0
    28    0     2     40.2    0.689     0
    29    0     2     40.6    0.697     0
    30    0     2     10.3    0.005     0
    31    0     2     39.5    0.672     0
    32    0     2     38.6    0.652     0
    33    0     2     40.2    0.689     0
    34    0     2     40.2    0.688     0
    35    0     2     19.9    0.225     0
    36    0     2     11.3    0.028     0
    37    0     2     10.3    0.004     0
    38    0     2     42.0    0.730     0
    39    0     2     29.4    0.440     0
    40    0     2     38.3    0.644     0
    41    0     2     40.2    0.689     0
    42    0     2     10.5    0.009     0
    43    0     2     40.2    0.689     0
    44    0     2     40.2    0.689     0
    45    0     2     20.8    0.245     0
    46    0     2     40.2    0.689     0
    47    0     2     40.4    0.694     0
    48    0     2     10.4    0.007     0
    49    0     2     28.2    0.415     0
    50    0     2     37.6    0.628     0
    51    0     2     33.2    0.527     0
    52    0     2     38.4    0.648     0
    53    0     2     47.5    0.856     0
    54    0     2     10.2    0.003     0
    55    0     2     37.2    0.620     0
    56    0     2     40.2    0.689     0
    57    0     2     26.7    0.379     0
    58    0     2     27.3    0.393     0
    59    0     2     40.2    0.689     0
    60    0     2     30.2    0.459     0
    61    0     2     10.1    0.000     0
    62    0     2     40.2    0.689     0
    63    0     2     53.8    1.000     0
    64    0     2     30.7    0.470     0
    65    0     2     40.7    0.700     0
    66    0     2     10.3    0.004     0
    67    0     2     39.5    0.671     0
    68    0     2     29.3    0.439     0
    69    0     2     10.2    0.003     0
    70    0     2     13.3    0.073     0
    71    0     2     16.4    0.143     0
    72    0     2     40.2    0.689     0
    73    0     2     41.8    0.726     0
    74    0     2     40.2    0.689     0
    75    0     2     31.3    0.484     0
    76    0     2     10.2    0.003     0
    77    0     2     40.2    0.689     0
    78    0     2     27.3    0.392     0
    79    0     2     27.8    0.404     0
    80    0     2     36.0    0.592     0
    81    0     2     40.2    0.689     0
    82    0     2     39.4    0.670     0
    83    0     2     40.2    0.689     0
    84    0     2     39.3    0.667     0
    85    0     2     40.2    0.689     0
    86    0     2     28.1    0.413     0
    87    0     2     10.2    0.003     0
    88    0     2     40.3    0.691     0
    89    0     2     25.3    0.347     0
    90    0     2     10.2    0.003     0
    91    0     2     40.2    0.689     0
    92    0     2     10.2    0.002     0
    93    0     2     21.6    0.263     0
    94    0     2     10.2    0.003     0
    95    0     2     40.3    0.690     0
    96    0     2     26.4    0.373     0
    97    0     2     21.2    0.253     0
    98    0     2     10.3    0.005     0
    99    0     2     41.1    0.709     0
   100    0     2     40.0    0.683     0
   101    0     2     10.9    0.018     0
   102    0     2     27.7    0.404     0
   103    0     2     32.9    0.521     0
   104    0     2     10.2    0.003     0
   105    0     2     21.4    0.259     0
   106    0     2     10.2    0.003     0
   107    0     2     27.5    0.399     0
   108    0     2     39.6    0.673     0
   109    0     2     47.8    0.861     0
   110    0     2     27.9    0.406     0
   111    0     2     28.7    0.426     0
   112    0     2     10.4    0.007     0
   113    0     2     27.3    0.393     0
   114    0     2     40.8    0.703     0
   115    0     2     34.2    0.551     0
   116    0     2     10.3    0.005     0
   117    0     2     26.4    0.374     0
   118    0     2     40.2    0.689     0
   119    0     2     40.2    0.689     0
   120    0     2     27.3    0.393     0
   121    0     2     40.1    0.687     0
   122    0     2     42.6    0.743     0
   123    0     2     11.5    0.033     0
   124    0     2     18.0    0.180     0
   125    0     2     10.5    0.009     0
   126    0     2     40.3    0.690     0
   127    0     2     10.3    0.005     0
   128    0     2     40.1    0.685     0
   129    0     2     11.1    0.023     0
   130    0     2     52.2    0.963     0
   131    0     2     40.2    0.689     0
   132    0     2     40.2    0.689     0
   133    0     2     38.7    0.653     0
   134    0     2     40.2    0.689     0
   135    0     2     39.1    0.663     0
   136    0     2     26.9    0.385     0
   137    0     2     40.2    0.689     0
   138    0     2     10.2    0.003     0
   139    0     2     11.7    0.037     0
   140    0     2     10.3    0.005     0
   141    0     2     40.1    0.685     0
   142    0     2     29.1    0.434     0
   143    0     2     10.2    0.003     0
   144    0     2     12.0    0.043     0
   145    0     2     40.1    0.685     0
   146    0     2     40.5    0.694     0
   147    0     2     40.2    0.689     0
   148    0     2     46.9    0.841     0
   149    0     2     15.4    0.122     0
   150    0     2     41.6    0.719     0
Total extinctions: 0
Generation time: 6.754 sec
 ****** Running generation 1 ******
Average fitness:
28.765591507995655
Population's average fitness: 34.15733 stdev: 18.91493
Best fitness: 100.75595 - size: (6, 15) - species 132 - id 132
Average adjusted fitness: 0.265
Mean genetic distance 3.164, standard deviation 0.322
Population of 300 members in 150 species:
   ID   age  size  fitness  adj fit  stag
  ====  ===  ====  =======  =======  ====
     1    1     2     24.0    0.135     1
     2    1     2     51.1    0.450     0
     3    1     2     30.1    0.172     0
     4    1     2     11.2    0.007     0
     5    1     2     46.4    0.377     0
     6    1     2     22.4    0.069     0
     7    1     2     98.3    0.705     0
     8    1     2     36.0    0.214     0
     9    1     2     15.4    0.030     0
    10    1     2     11.7    0.015     0
    11    1     2     54.8    0.471     0
    12    1     2     26.8    0.149     0
    13    1     2     41.6    0.340     0
    14    1     2     28.9    0.197     0
    15    1     2     55.7    0.476     0
    16    1     2     49.0    0.222     0
    17    1     2     47.3    0.397     0
    18    1     2     25.8    0.118     0
    19    1     2     68.9    0.457     0
    20    1     2     97.6    0.486     0
    21    1     2     11.5    0.010     0
    22    1     2     29.3    0.185     0
    23    1     2     96.9    0.710     0
    24    1     2     14.1    0.031     0
    25    1     2     47.5    0.207     0
    26    1     2     35.0    0.145     0
    27    1     2     30.1    0.114     0
    28    1     2     50.7    0.448     0
    29    1     2     31.2    0.117     1
    30    1     2     64.3    0.300     0
    31    1     2     39.5    0.279     1
    32    1     2     54.8    0.455     0
    33    1     2     34.2    0.133     1
    34    1     2     32.5    0.246     1
    35    1     2     43.2    0.266     0
    36    1     2     12.0    0.021     0
    37    1     2     26.8    0.093     0
    38    1     2     50.7    0.352     0
    39    1     2     44.0    0.354     0
    40    1     2     50.7    0.387     0
    41    1     2     50.7    0.229     0
    42    1     2     50.7    0.225     0
    43    1     2     36.2    0.285     1
    44    1     2     51.1    0.450     0
    45    1     2     42.6    0.271     0
    46    1     2     50.7    0.225     0
    47    1     2     50.7    0.446     0
    48    1     2     25.8    0.087     0
    49    1     2     43.1    0.182     0
    50    1     2     35.5    0.275     1
    51    1     2     51.0    0.402     0
    52    1     2     51.2    0.430     0
    53    1     2     40.5    0.334     1
    54    1     2     20.3    0.058     0
    55    1     2     44.1    0.188     0
    56    1     2     51.4    0.392     0
    57    1     2     51.0    0.426     0
    58    1     2     40.2    0.331     0
    59    1     2     50.8    0.449     0
    60    1     2     51.1    0.349     0
    61    1     2     77.9    0.375     0
    62    1     2     50.7    0.225     0
    63    1     2     83.2    0.627     0
    64    1     2     51.4    0.354     0
    65    1     2     50.8    0.448     0
    66    1     2     10.4    0.003     0
    67    1     2     59.0    0.439     0
    68    1     2     42.9    0.182     0
    69    1     2     10.3    0.001     0
    70    1     2     21.1    0.075     0
    71    1     2     19.3    0.051     0
    72    1     2     52.5    0.458     0
    73    1     2     51.3    0.416     0
    74    1     2     50.7    0.448     0
    75    1     2     41.4    0.307     0
    76    1     2     32.7    0.124     0
    77    1     2     50.7    0.448     0
    78    1     2     37.6    0.169     0
    79    1     2     41.0    0.336     0
    80    1     2     50.5    0.357     0
    81    1     2     50.7    0.448     0
    82    1     2     51.3    0.437     0
    83    1     2     50.3    0.365     0
    84    1     2     69.7    0.330     0
    85    1     2     51.4    0.452     0
    86    1     2     29.7    0.208     0
    87    1     2     10.3    0.002     0
    88    1     2     47.0    0.344     0
    89    1     2     84.1    0.433     0
    90    1     2     46.3    0.201     0
    91    1     2     50.7    0.337     0
    92    1     2     12.3    0.013     0
    93    1     2     77.1    0.462     0
    94    1     2     16.1    0.034     0
    95    1     2     50.8    0.446     0
    96    1     2     50.7    0.351     0
    97    1     2     22.5    0.071     0
    98    1     2     10.5    0.003     0
    99    1     2     50.7    0.338     0
   100    1     2     50.7    0.334     0
   101    1     2     50.7    0.226     0
   102    1     2     40.8    0.335     0
   103    1     2     62.2    0.373     0
   104    1     2     47.2    0.205     0
   105    1     2     23.6    0.077     0
   106    1     2     50.7    0.225     0
   107    1     2     40.5    0.334     0
   108    1     2     10.2    0.001     1
   109    1     2     50.3    0.368     0
   110    1     2     41.5    0.175     0
   111    1     2     43.0    0.183     0
   112    1     2     13.7    0.021     0
   113    1     2     48.4    0.377     0
   114    1     2     52.2    0.461     0
   115    1     2     33.2    0.130     1
   116    1     2     12.2    0.012     0
   117    1     2     26.9    0.093     0
   118    1     2     50.7    0.448     0
   119    1     2     50.7    0.448     0
   120    1     2     50.7    0.394     0
   121    1     2     50.9    0.445     0
   122    1     2     50.6    0.429     0
   123    1     2     12.8    0.027     0
   124    1     2     43.8    0.241     0
   125    1     2     30.2    0.112     0
   126    1     2     50.9    0.241     0
   127    1     2     12.4    0.014     0
   128    1     2     37.7    0.263     1
   129    1     2     11.2    0.007     0
   130    1     2     33.3    0.236     1
   131    1     2     50.7    0.448     0
   132    1     2    100.8    0.607     0
   133    1     2     54.8    0.412     0
   134    1     2     50.7    0.448     0
   135    1     2     53.3    0.443     0
   136    1     2     44.5    0.320     0
   137    1     2     50.7    0.448     0
   138    1     2     19.2    0.051     0
   139    1     2     11.7    0.011     1
   140    1     2     49.5    0.218     0
   141    1     2     31.1    0.178     1
   142    1     2     32.5    0.186     0
   143    1     2     10.3    0.002     0
   144    1     2     20.9    0.070     0
   145    1     2     51.1    0.228     0
   146    1     2     51.1    0.249     0
   147    1     2     50.8    0.448     0
   148    1     2     11.6    0.009     1
   149    1     2     15.6    0.060     0
   150    1     2     29.9    0.216     1
Total extinctions: 0
Generation time: 13.932 sec (10.343 average)
 ****** Running generation 2 ******
Average fitness:
34.15733103847538
Population's average fitness: 50.85920 stdev: 169.09937
Best fitness: 2900.74921 - size: (6, 15) - species 60 - id 60
Average adjusted fitness: 0.014
Mean genetic distance 3.164, standard deviation 0.320
Population of 307 members in 150 species:
   ID   age  size  fitness  adj fit  stag
  ====  ===  ====  =======  =======  ====
     1    2     2     27.2    0.005     2
     2    2     2     77.9    0.019     0
     3    2     2     30.2    0.006     0
     4    2     2    260.1    0.043     0
     5    2     2     53.5    0.012     0
     6    2     2     21.3    0.002     1
     7    2     2     93.7    0.025     1
     8    2     2     23.8    0.003     1
     9    2     2     15.0    0.001     1
    10    2     2     11.5    0.000     1
    11    2     2     76.4    0.020     0
    12    2     2     20.8    0.004     1
    13    2     2     39.0    0.009     1
    14    2     2     26.0    0.005     1
    15    2     2     77.8    0.023     0
    16    2     2     77.6    0.013     0
    17    2     2     51.0    0.013     0
    18    2     2     28.3    0.004     0
    19    2     2     58.8    0.012     1
    20    2     2    462.1    0.078     0
    21    2     2     11.9    0.000     0
    22    2     2     27.6    0.005     1
    23    2     2     54.8    0.013     1
    24    2     2     13.8    0.001     1
    25    2     2     45.1    0.006     1
    26    2     2     35.8    0.005     0
    27    2     2     32.1    0.004     0
    28    2     2     77.9    0.023     0
    29    2     2     59.1    0.008     0
    30    2     2     10.2    0.000     1
    31    2     2     68.0    0.015     0
    32    2     2     69.2    0.019     0
    33    2     2     35.5    0.004     2
    34    2     2     34.1    0.008     2
    35    2     2     33.5    0.006     1
    36    2     2     11.9    0.001     1
    37    2     2     46.6    0.008     0
    38    2     2     77.9    0.016     0
    39    2     2     33.5    0.008     1
    40    2     2     77.0    0.017     0
    41    2     2     77.9    0.012     0
    42    2     2     30.9    0.004     1
    43    2     2     77.9    0.023     0
    44    2     2     76.7    0.022     0
    45    2     2     33.1    0.006     1
    46    2     2     77.8    0.012     0
    47    2     2     78.7    0.024     0
    48    2     2     30.3    0.004     0
    49    2     2     32.6    0.004     1
    50    2     2     37.6    0.009     0
    51    2     2     78.2    0.021     0
    52    2     2     71.3    0.017     0
    53    2     2     46.8    0.012     2
    54    2     2     22.0    0.002     0
    55    2     2     79.5    0.012     0
    56    2     2     77.9    0.022     0
    57    2     2     42.5    0.009     1
    58    2     2     31.0    0.007     1
    59    2     2     75.4    0.019     0
    60    2     9   2900.7    0.520     0
    61    2     2     33.1    0.004     1
    62    2     2     77.9    0.012     0
    63    2     2     88.8    0.025     0
    64    2     2     61.7    0.012     0
    65    2     2     82.1    0.024     0
    66    2     2     10.3    0.000     1
    67    2     2     70.8    0.018     0
    68    2     2     33.3    0.004     1
    69    2     2     10.1    0.000     1
    70    2     2     22.7    0.003     0
    71    2     2     17.9    0.001     1
    72    2     2     77.4    0.020     0
    73    2     2     84.1    0.016     0
    74    2     2     77.9    0.023     0
    75    2     2     33.5    0.008     1
    76    2     2     33.6    0.004     0
    77    2     2     77.9    0.023     0
    78    2     2     30.7    0.004     1
    79    2     2     47.0    0.010     0
    80    2     2     50.2    0.013     1
    81    2     2     77.9    0.023     0
    82    2     2     53.5    0.015     0
    83    2     2     55.9    0.011     0
    84    2     2     80.5    0.012     0
    85    2     2     74.8    0.021     0
    86    2     2     27.6    0.006     1
    87    2     2     10.2    0.000     1
    88    2     2     55.9    0.015     0
    89    2     2     38.6    0.006     1
    90    2     2     39.6    0.005     1
    91    2     2     77.9    0.016     0
    92    2     2     12.2    0.000     1
    93    2     2     23.1    0.002     1
    94    2     2     17.3    0.001     0
    95    2     2     77.9    0.023     0
    96    2     2     77.9    0.015     0
    97    2     2     21.0    0.002     1
    98    2     2     10.2    0.000     1
    99    2     2     77.9    0.020     0
   100    2     2     77.9    0.016     0
   101    2     2     10.8    0.000     1
   102    2     2     30.9    0.007     1
   103    2     2     63.8    0.012     0
   104    2     2     77.1    0.012     0
   105    2     2     20.8    0.002     1
   106    2     2     77.9    0.012     0
   107    2     2     31.3    0.007     1
   108    2     2     35.4    0.004     2
   109    2     2     65.0    0.015     0
   110    2     2     31.8    0.004     1
   111    2     2     32.9    0.004     1
   112    2     2     13.4    0.001     1
   113    2     2     31.0    0.004     1
   114    2     2     88.4    0.026     0
   115    2     2     31.1    0.004     2
   116    2     2     12.4    0.000     0
   117    2     2     22.9    0.002     1
   118    2     2     77.9    0.023     0
   119    2     2     77.9    0.023     0
   120    2     2     77.9    0.015     0
   121    2     2     78.4    0.020     0
   122    2     2     73.0    0.018     0
   123    2     2     12.2    0.001     1
   124    2     2     33.5    0.006     1
   125    2     2     32.3    0.004     0
   126    2     2     62.4    0.010     0
   127    2     2     12.5    0.000     0
   128    2     2     66.7    0.013     0
   129    2     2     11.0    0.000     1
   130    2     2     29.1    0.006     2
   131    2     2     77.9    0.023     0
   132    2     2     44.7    0.012     1
   133    2     2     46.0    0.011     1
   134    2     2     77.9    0.023     0
   135    2     2     64.9    0.019     0
   136    2     2     44.0    0.009     1
   137    2     2     77.9    0.022     0
   138    2     2     19.1    0.002     1
   139    2     2     11.5    0.000     2
   140    2     2     53.5    0.008     0
   141    2     2     32.4    0.006     2
   142    2     2     42.2    0.008     0
   143    2     2     10.1    0.000     1
   144    2     2     28.0    0.004     0
   145    2     2     56.4    0.008     0
   146    2     2     63.6    0.009     0
   147    2     2     77.9    0.023     0
   148    2     2     13.6    0.001     2
   149    2     2     15.0    0.002     1
   150    2     2     33.8    0.008     2
Total extinctions: 0
Generation time: 20.039 sec (13.575 average)
 ****** Running generation 3 ******
Average fitness:
50.85920081810127
Population's average fitness: 31.90301 stdev: 28.00838
Best fitness: 443.83678 - size: (6, 15) - species 20 - id 20
Average adjusted fitness: 0.050
Mean genetic distance 3.163, standard deviation 0.322
Population of 301 members in 150 species:
   ID   age  size  fitness  adj fit  stag
  ====  ===  ====  =======  =======  ====
     1    3     2     22.2    0.025     3
     2    3     2     40.6    0.068     1
     3    3     2     28.9    0.033     1
     4    3     2     11.4    0.002     1
     5    3     2     60.1    0.109     0
     6    3     2     23.4    0.016     0
     7    3     2     53.7    0.083     2
     8    3     2     36.7    0.050     0
     9    3     2     15.7    0.007     0
    10    3     2     11.9    0.004     0
    11    3     2     41.9    0.070     1
    12    3     2     28.3    0.034     0
    13    3     2     53.9    0.098     0
    14    3     2     30.3    0.044     0
    15    3     2     43.4    0.072     1
    16    3     2     38.7    0.035     1
    17    3     2     41.0    0.068     1
    18    3     2     23.1    0.022     1
    19    3     2     44.6    0.069     2
    20    3     3    443.8    0.501     1
    21    3     2     11.4    0.002     1
    22    3     2     28.2    0.039     2
    23    3     2     58.8    0.101     2
    24    3     2     14.4    0.007     0
    25    3     2     40.5    0.035     2
    26    3     2     31.1    0.026     1
    27    3     2     28.8    0.022     1
    28    3     2     38.9    0.066     1
    29    3     2     35.6    0.030     1
    30    3     2     10.5    0.001     2
    31    3     2     39.6    0.067     1
    32    3     2     40.5    0.067     1
    33    3     2     32.5    0.026     3
    34    3     2     31.1    0.048     3
    35    3     2     50.9    0.066     0
    36    3     2     12.2    0.005     0
    37    3     2     26.9    0.020     1
    38    3     2     38.9    0.058     1
    39    3     2     53.0    0.097     0
    40    3     2     38.9    0.066     1
    41    3     2     38.9    0.034     1
    42    3     2     44.3    0.040     2
    43    3     2     37.7    0.056     1
    44    3     2     39.2    0.067     1
    45    3     2     49.9    0.066     0
    46    3     2     38.9    0.034     1
    47    3     2     38.9    0.066     1
    48    3     2     24.1    0.016     1
    49    3     2     55.7    0.053     0
    50    3     2     37.4    0.058     1
    51    3     2     51.3    0.078     1
    52    3     2     41.2    0.070     1
    53    3     2     51.6    0.081     0
    54    3     2     19.5    0.012     1
    55    3     2     35.0    0.029     1
    56    3     2     39.4    0.067     1
    57    3     2     50.0    0.081     2
    58    3     2     51.6    0.096     0
    59    3     2     38.9    0.066     1
    60    3     2     46.7    0.066     1
    61    3     2     36.3    0.031     2
    62    3     2     38.9    0.034     1
    63    3     2     40.0    0.068     1
    64    3     2     40.1    0.063     1
    65    3     2     38.9    0.066     1
    66    3     2     10.6    0.001     0
    67    3     2     52.6    0.084     1
    68    3     2     51.1    0.048     0
    69    3     2     10.4    0.001     0
    70    3     2     20.4    0.015     1
    71    3     2     20.2    0.012     0
    72    3     2     41.2    0.069     1
    73    3     2     40.8    0.070     1
    74    3     2     38.9    0.066     1
    75    3     2     54.5    0.077     0
    76    3     2     31.2    0.024     1
    77    3     2     38.9    0.066     1
    78    3     2     39.7    0.038     0
    79    3     2     52.9    0.097     0
    80    3     2     44.6    0.062     2
    81    3     2     38.9    0.066     1
    82    3     2     41.2    0.070     1
    83    3     2     38.9    0.064     1
    84    3     2     50.3    0.047     1
    85    3     2     38.9    0.066     1
    86    3     2     31.1    0.047     0
    87    3     2     10.4    0.001     0
    88    3     2     38.9    0.057     1
    89    3     2     42.5    0.042     2
    90    3     2     36.1    0.030     2
    91    3     2     38.9    0.055     1
    92    3     2     12.4    0.003     0
    93    3     2    120.7    0.151     0
    94    3     2     15.5    0.007     1
    95    3     2     38.9    0.066     1
    96    3     2     38.8    0.061     1
    97    3     2     23.7    0.016     0
    98    3     2     10.5    0.001     0
    99    3     2     38.9    0.055     1
   100    3     2     38.9    0.055     1
   101    3     2     40.8    0.036     2
   102    3     2     51.6    0.096     0
   103    3     2     41.7    0.057     1
   104    3     2     37.3    0.032     1
   105    3     2     24.7    0.018     0
   106    3     2     38.9    0.034     1
   107    3     2     51.6    0.096     0
   108    3     2     10.4    0.000     3
   109    3     2     39.4    0.061     1
   110    3     2     53.1    0.050     0
   111    3     2     54.3    0.052     0
   112    3     2     13.9    0.005     0
   113    3     2     61.5    0.107     0
   114    3     2     39.6    0.068     1
   115    3     2     32.9    0.027     3
   116    3     2     12.0    0.003     1
   117    3     2     27.6    0.021     0
   118    3     2     38.9    0.066     1
   119    3     2     38.9    0.066     1
   120    3     2     71.0    0.103     1
   121    3     2     38.9    0.066     1
   122    3     2     40.8    0.067     1
   123    3     2     12.7    0.006     2
   124    3     2     53.9    0.062     0
   125    3     2     29.0    0.022     1
   126    3     2     39.0    0.037     1
   127    3     2     12.3    0.003     1
   128    3     2     30.3    0.045     1
   129    3     2     11.3    0.002     0
   130    3     2     32.9    0.049     3
   131    3     2     38.9    0.066     1
   132    3     2     30.8    0.046     2
   133    3     2     51.6    0.085     2
   134    3     2     38.9    0.066     1
   135    3     2     40.5    0.066     1
   136    3     2     38.9    0.066     2
   137    3     2     38.9    0.066     1
   138    3     2     19.4    0.011     0
   139    3     2     11.8    0.003     0
   140    3     2     38.9    0.033     1
   141    3     2     29.8    0.034     3
   142    3     2     27.5    0.032     1
   143    3     2     10.4    0.001     0
   144    3     2     21.7    0.016     1
   145    3     2     40.6    0.036     1
   146    3     2     39.8    0.040     1
   147    3     2     38.9    0.066     1
   148    3     2     11.8    0.002     3
   149    3     2     15.9    0.013     0
   150    3     2     28.7    0.042     3
Total extinctions: 0
Generation time: 19.694 sec (15.105 average)
 ****** Running generation 4 ******
Average fitness:
31.903010873338797
Population's average fitness: 35.47722 stdev: 19.35486
Best fitness: 92.78025 - size: (6, 15) - species 7 - id 7
Average adjusted fitness: 0.306
Mean genetic distance 3.163, standard deviation 0.322
Population of 300 members in 150 species:
   ID   age  size  fitness  adj fit  stag
  ====  ===  ====  =======  =======  ====
     1    4     2     24.5    0.152     4
     2    4     2     56.2    0.552     2
     3    4     2     30.5    0.193     0
     4    4     2     11.2    0.008     2
     5    4     2     44.2    0.389     1
     6    4     2     22.3    0.074     1
     7    4     2     92.8    0.770     3
     8    4     2     36.0    0.232     1
     9    4     2     15.3    0.033     1
    10    4     2     11.6    0.016     1
    11    4     2     60.4    0.584     2
    12    4     2     26.2    0.160     1
    13    4     2     39.8    0.352     1
    14    4     2     28.8    0.214     1
    15    4     2     56.1    0.491     2
    16    4     2     53.3    0.269     2
    17    4     2     50.8    0.463     2
    18    4     2     26.1    0.130     2
    19    4     2     85.5    0.601     0
    20    4     2     56.3    0.371     2
    21    4     2     11.6    0.010     2
    22    4     2     29.1    0.198     3
    23    4     2     83.9    0.700     3
    24    4     2     14.0    0.033     1
    25    4     2     49.6    0.239     0
    26    4     2     35.5    0.161     2
    27    4     2     30.6    0.128     2
    28    4     2     56.2    0.557     2
    29    4     2     31.3    0.128     2
    30    4     2     57.4    0.287     3
    31    4     2     39.6    0.304     2
    32    4     2     61.8    0.568     2
    33    4     2     34.8    0.150     4
    34    4     2     47.1    0.366     0
    35    4     2     41.8    0.281     1
    36    4     2     12.0    0.022     1
    37    4     2     26.5    0.104     2
    38    4     2     56.2    0.424     2
    39    4     2     42.4    0.369     1
    40    4     2     56.1    0.456     2
    41    4     2     56.2    0.284     2
    42    4     2     52.3    0.256     0
    43    4     2     38.4    0.319     2
    44    4     2     56.5    0.559     2
    45    4     2     41.1    0.286     1
    46    4     2     56.2    0.279     2
    47    4     2     56.1    0.553     2
    48    4     2     26.4    0.099     2
    49    4     2     41.2    0.188     1
    50    4     2     37.2    0.316     2
    51    4     2     58.5    0.477     2
    52    4     2     56.5    0.514     2
    53    4     2     40.4    0.357     1
    54    4     2     20.5    0.065     2
    55    4     2     47.3    0.226     2
    56    4     2     56.8    0.467     2
    57    4     2     54.2    0.403     0
    58    4     2     38.5    0.343     1
    59    4     2     56.2    0.557     2
    60    4     2     71.4    0.623     2
    61    4     2     58.0    0.290     3
    62    4     2     56.2    0.279     2
    63    4     2     84.2    0.726     2
    64    4     2     56.3    0.417     2
    65    4     2     56.2    0.557     2
    66    4     2     10.4    0.003     1
    67    4     2     71.1    0.544     0
    68    4     2     41.5    0.191     1
    69    4     2     10.2    0.001     1
    70    4     2     21.3    0.084     2
    71    4     2     19.1    0.055     1
    72    4     2     57.1    0.563     2
    73    4     2     56.0    0.490     2
    74    4     2     56.2    0.557     2
    75    4     2     40.1    0.331     1
    76    4     2     33.3    0.140     2
    77    4     2     56.2    0.557     2
    78    4     2     37.7    0.185     1
    79    4     2     39.3    0.348     1
    80    4     2     51.8    0.408     0
    81    4     2     56.1    0.556     2
    82    4     2     55.1    0.521     0
    83    4     2     53.3    0.418     2
    84    4     2     56.6    0.282     2
    85    4     2     57.1    0.563     2
    86    4     2     29.5    0.226     1
    87    4     2     10.3    0.001     1
    88    4     2     48.7    0.397     2
    89    4     2     61.6    0.339     3
    90    4     2     50.3    0.244     0
    91    4     2     56.2    0.405     2
    92    4     2     12.3    0.014     1
    93    4     2     69.8    0.458     1
    94    4     2     16.3    0.038     2
    95    4     2     56.2    0.554     2
    96    4     2     56.2    0.417     2
    97    4     2     54.1    0.532     0
    98    4     2     10.5    0.003     1
    99    4     2     56.2    0.407     2
   100    4     2     56.2    0.402     2
   101    4     2     54.5    0.271     0
   102    4     2     38.5    0.301     1
   103    4     2     60.8    0.398     2
   104    4     2     51.5    0.251     2
   105    4     2     23.5    0.083     1
   106    4     2     56.2    0.279     2
   107    4     2     38.9    0.346     1
   108    4     2     10.2    0.001     4
   109    4     2     55.1    0.439     2
   110    4     2     39.8    0.181     1
   111    4     2     41.3    0.191     1
   112    4     2     13.6    0.023     1
   113    4     2     46.1    0.389     1
   114    4     2     58.6    0.578     2
   115    4     2     33.4    0.143     4
   116    4     2     12.2    0.014     2
   117    4     2     26.9    0.102     1
   118    4     2     56.2    0.557     2
   119    4     2     56.2    0.557     2
   120    4     2     56.2    0.452     2
   121    4     2     56.6    0.561     2
   122    4     2     54.4    0.518     2
   123    4     2     12.9    0.030     0
   124    4     2     40.9    0.246     1
   125    4     2     30.8    0.126     2
   126    4     2     56.4    0.297     2
   127    4     2     12.4    0.015     2
   128    4     2     50.1    0.366     2
   129    4     2     12.0    0.012     0
   130    4     2     33.1    0.257     4
   131    4     2     56.2    0.557     2
   132    4     2     57.9    0.403     3
   133    4     2     60.2    0.474     0
   134    4     2     56.2    0.557     2
   135    4     2     59.1    0.547     2
   136    4     2     51.2    0.387     0
   137    4     2     56.2    0.557     2
   138    4     2     18.9    0.054     1
   139    4     2     11.7    0.011     1
   140    4     2     54.2    0.267     0
   141    4     2     31.6    0.201     4
   142    4     2     34.5    0.218     2
   143    4     2     10.2    0.001     1
   144    4     2     20.8    0.076     2
   145    4     2     55.3    0.275     2
   146    4     2     56.0    0.302     2
   147    4     2     56.2    0.557     2
   148    4     2     11.5    0.009     4
   149    4     2     15.5    0.065     1
   150    4     2     30.4    0.243     4
Total extinctions: 0
Generation time: 18.689 sec (15.822 average)
 ****** Running generation 5 ******
Average fitness:
35.47722386617046
Population's average fitness: 41.89200 stdev: 38.18779
Best fitness: 482.84467 - size: (6, 15) - species 20 - id 20
Species 148 with 2 members is stagnated: removing it
Species 1 with 2 members is stagnated: removing it
Species 130 with 2 members is stagnated: removing it
Species 115 with 2 members is stagnated: removing it
Species 141 with 2 members is stagnated: removing it
Species 150 with 2 members is stagnated: removing it
Species 33 with 2 members is stagnated: removing it
Species 108 with 2 members is stagnated: removing it
Average adjusted fitness: 0.069
Mean genetic distance 3.164, standard deviation 0.327
Population of 284 members in 142 species:
   ID   age  size  fitness  adj fit  stag
  ====  ===  ====  =======  =======  ====
     2    5     2     80.3    0.119     0
     3    5     2     30.3    0.036     1
     4    5     2    219.1    0.221     3
     5    5     2     50.8    0.069     2
     6    5     2     21.4    0.012     2
     7    5     2     94.0    0.157     4
     8    5     2     23.8    0.017     2
     9    5     2     15.0    0.005     2
    10    5     2     11.5    0.002     2
    11    5     2     78.7    0.122     0
    12    5     2     20.8    0.022     2
    13    5     2     38.1    0.052     2
    14    5     2     25.9    0.033     2
    15    5     2     80.2    0.144     0
    16    5     2     80.0    0.083     0
    17    5     2     51.5    0.078     0
    18    5     2     28.2    0.024     3
    19    5     2     60.1    0.075     1
    20    5     2    482.8    0.530     0
    21    5     2     12.1    0.002     0
    22    5     2     27.6    0.029     4
    23    5     2     57.4    0.083     4
    24    5     2     13.8    0.005     2
    25    5     2     44.5    0.036     1
    26    5     2     35.9    0.028     0
    27    5     2     32.1    0.024     0
    28    5     2     80.3    0.149     0
    29    5     2     60.0    0.053     0
    30    5     2     10.2    0.000     4
    31    5     2     69.5    0.094     0
    32    5     2     79.6    0.130     0
    34    5     2     34.2    0.051     1
    35    5     2     33.7    0.038     2
    36    5     2     11.9    0.003     2
    37    5     2     47.1    0.052     0
    38    5     2     80.3    0.100     0
    39    5     2     33.6    0.049     2
    40    5     2     79.5    0.106     0
    41    5     2     80.3    0.075     0
    42    5     2     30.8    0.022     1
    43    5     2     80.3    0.148     0
    44    5     2     76.7    0.139     3
    45    5     2     33.3    0.038     2
    46    5     2     80.2    0.074     0
    47    5     2     81.1    0.150     0
    48    5     2     30.2    0.021     3
    49    5     2     32.9    0.024     2
    50    5     2     37.5    0.057     3
    51    5     2     84.7    0.135     0
    52    5     2     73.0    0.104     0
    53    5     2     45.3    0.069     2
    54    5     2     21.9    0.013     3
    55    5     2     78.7    0.073     3
    56    5     2     80.3    0.140     0
    57    5     2     42.6    0.054     1
    58    5     2     31.2    0.045     2
    59    5     2     77.6    0.118     0
    60    5     2     79.4    0.121     3
    61    5     2     33.4    0.025     4
    62    5     2     80.3    0.074     0
    63    5     2     91.3    0.160     0
    64    5     2     62.8    0.077     0
    65    5     2     84.9    0.151     0
    66    5     2     10.3    0.000     2
    67    5     2     72.5    0.113     0
    68    5     2     33.5    0.025     2
    69    5     2     10.1    0.000     2
    70    5     2     22.6    0.016     3
    71    5     2     18.0    0.008     2
    72    5     2     79.8    0.124     0
    73    5     2     86.4    0.100     0
    74    5     2     80.3    0.148     0
    75    5     2     33.6    0.048     2
    76    5     2     33.7    0.025     0
    77    5     2     80.4    0.149     0
    78    5     2     30.6    0.024     2
    79    5     2     48.3    0.063     2
    80    5     2     49.6    0.078     1
    81    5     2     80.3    0.148     0
    82    5     2     54.2    0.091     1
    83    5     2     55.9    0.070     3
    84    5     2     83.0    0.077     0
    85    5     2     77.0    0.132     0
    86    5     2     27.7    0.036     2
    87    5     2     10.2    0.000     2
    88    5     2     55.4    0.093     3
    89    5     2     39.8    0.035     4
    90    5     2     39.5    0.031     1
    91    5     2     80.3    0.098     0
    92    5     2     12.2    0.002     2
    93    5     2     23.2    0.014     2
    94    5     2     17.3    0.008     3
    95    5     2     80.3    0.146     0
    96    5     2     80.4    0.096     0
    97    5     2     21.1    0.012     1
    98    5     2     10.2    0.000     2
    99    5     2     80.3    0.127     0
   100    5     2     80.3    0.098     0
   101    5     2     10.8    0.001     1
   102    5     2     31.0    0.044     2
   103    5     2     72.2    0.079     0
   104    5     2     79.2    0.073     0
   105    5     2     20.8    0.012     2
   106    5     2     80.3    0.074     0
   107    5     2     31.5    0.045     2
   109    5     2     68.5    0.093     0
   110    5     2     31.9    0.023     2
   111    5     2     33.0    0.024     2
   112    5     2     13.4    0.004     2
   113    5     2     31.2    0.024     2
   114    5     2     91.8    0.167     0
   116    5     2     12.4    0.003     3
   117    5     2     21.9    0.013     2
   118    5     2     80.3    0.149     0
   119    5     2     80.3    0.148     0
   120    5     2     80.3    0.096     0
   121    5     2     80.9    0.125     0
   122    5     2     74.3    0.115     0
   123    5     2     12.2    0.004     1
   124    5     2     33.4    0.035     2
   125    5     2     32.3    0.024     0
   126    5     2     63.5    0.059     0
   127    5     2     12.5    0.003     0
   128    5     2     66.4    0.081     3
   129    5     2     11.0    0.001     1
   131    5     2     80.3    0.148     0
   132    5     2     45.1    0.073     4
   133    5     2     45.8    0.067     1
   134    5     2     80.3    0.145     0
   135    5     2     66.2    0.119     0
   136    5     2     44.0    0.056     1
   137    5     2     80.3    0.142     0
   138    5     2     19.1    0.009     2
   139    5     2     11.5    0.003     2
   140    5     2     53.7    0.046     1
   142    5     2     41.8    0.048     3
   143    5     2     10.1    0.000     2
   144    5     2     28.2    0.026     0
   145    5     2     57.2    0.050     0
   146    5     2     64.7    0.058     0
   147    5     2     80.3    0.148     0
   149    5     2     15.0    0.010     2
Total extinctions: 0
Generation time: 18.839 sec (16.324 average)
 ****** Running generation 6 ******
Average fitness:
41.892001636862545
Population's average fitness: 41.50918 stdev: 37.35086
Best fitness: 468.20902 - size: (6, 15) - species 20 - id 20
Species 30 with 2 members is stagnated: removing it
Species 22 with 2 members is stagnated: removing it
Species 89 with 2 members is stagnated: removing it
Species 61 with 2 members is stagnated: removing it
Species 23 with 2 members is stagnated: removing it
Species 132 with 2 members is stagnated: removing it
Average adjusted fitness: 0.069
Mean genetic distance 3.162, standard deviation 0.331
Population of 273 members in 136 species:
   ID   age  size  fitness  adj fit  stag
  ====  ===  ====  =======  =======  ====
     2    6     2     78.3    0.132     1
     3    6     2     36.3    0.042     0
     4    6     2    246.6    0.259     4
     5    6     2     47.8    0.070     3
     6    6     2     23.2    0.014     3
     7    6     2    122.6    0.186     0
     8    6     2     26.4    0.020     3
     9    6     2     15.6    0.006     3
    10    6     2     11.8    0.002     3
    11    6     2     67.7    0.121     1
    12    6     2     22.6    0.025     3
    13    6     2     34.4    0.052     3
    14    6     2     29.4    0.041     3
    15    6     2     70.4    0.125     1
    16    6     2     60.7    0.072     1
    17    6     2     97.4    0.150     0
    18    6     2     26.0    0.022     4
    19    6     2     50.6    0.074     2
    20    6     3    468.2    0.561     1
    21    6     2     12.1    0.002     0
    24    6     2     14.2    0.006     3
    25    6     2     63.0    0.058     0
    26    6     2     30.0    0.023     1
    27    6     2     39.9    0.034     0
    28    6     2     63.5    0.116     1
    29    6     2     75.8    0.072     0
    31    6     2     69.0    0.096     1
    32    6     2     61.5    0.110     1
    34    6     2     44.6    0.075     2
    35    6     2     38.2    0.043     3
    36    6     2     12.2    0.004     3
    37    6     2     64.1    0.071     0
    38    6     2     63.5    0.088     1
    39    6     2     37.9    0.048     3
    40    6     2     63.5    0.089     1
    41    6     2     63.4    0.059     1
    42    6     2     27.8    0.019     2
    43    6     2     63.8    0.076     1
    44    6     2     66.0    0.119     4
    45    6     2     37.2    0.043     3
    46    6     2     63.4    0.058     1
    47    6     2     63.9    0.117     1
    48    6     2     32.1    0.024     0
    49    6     2     35.7    0.028     3
    50    6     2     54.0    0.079     0
    51    6     2     49.4    0.068     1
    52    6     2     67.4    0.124     1
    53    6     2     88.5    0.118     0
    54    6     2     23.0    0.014     0
    55    6     2     44.1    0.037     4
    56    6     2     66.7    0.120     1
    57    6     2     43.1    0.060     2
    58    6     2     33.8    0.051     3
    59    6     2     63.5    0.116     1
    60    6     2     75.5    0.132     4
    62    6     2     63.5    0.058     1
    63    6     2    157.1    0.219     0
    64    6     2     73.8    0.098     0
    65    6     2     66.4    0.120     1
    66    6     2     10.4    0.000     3
    67    6     2     65.8    0.121     1
    68    6     2     37.7    0.030     3
    69    6     2     10.3    0.000     3
    70    6     2     24.2    0.018     0
    71    6     2     17.7    0.008     3
    72    6     2     73.3    0.127     1
    73    6     2     72.9    0.088     1
    74    6     2     63.5    0.116     1
    75    6     2     35.6    0.046     3
    76    6     2     46.0    0.039     0
    77    6     2     63.5    0.116     1
    78    6     2     33.0    0.028     3
    79    6     2     44.0    0.063     3
    80    6     2     57.9    0.082     0
    81    6     2     63.5    0.116     1
    82    6     2     86.2    0.155     0
    83    6     2     54.5    0.076     4
    84    6     2     68.0    0.063     1
    85    6     2     63.5    0.114     1
    86    6     2     31.9    0.045     0
    87    6     2     10.4    0.000     0
    88    6     2     49.5    0.075     4
    90    6     2     32.3    0.024     2
    91    6     2     63.5    0.092     1
    92    6     2     12.0    0.002     3
    93    6     2     24.5    0.016     3
    94    6     2     17.0    0.007     4
    95    6     2     63.6    0.116     1
    96    6     2     63.3    0.081     1
    97    6     2     22.7    0.014     2
    98    6     2     10.4    0.000     3
    99    6     2     63.5    0.089     1
   100    6     2     63.5    0.091     1
   101    6     2     11.0    0.001     2
   102    6     2     34.6    0.052     3
   103    6     2     47.3    0.056     1
   104    6     2     63.0    0.058     1
   105    6     2     21.8    0.013     3
   106    6     2     63.5    0.058     1
   107    6     2     34.3    0.052     3
   109    6     2     74.7    0.130     0
   110    6     2     34.9    0.027     3
   111    6     2     38.7    0.031     3
   112    6     2     13.8    0.004     3
   113    6     2     33.8    0.028     3
   114    6     2     68.8    0.121     1
   116    6     2     12.7    0.003     0
   117    6     2     24.6    0.016     3
   118    6     2     63.5    0.116     1
   119    6     2     63.5    0.116     1
   120    6     2     63.5    0.084     1
   121    6     2     62.9    0.098     1
   122    6     2     78.6    0.144     0
   123    6     2     12.5    0.004     2
   124    6     2     30.5    0.031     3
   125    6     2     40.3    0.033     0
   126    6     2     73.3    0.072     0
   127    6     2     12.8    0.003     0
   128    6     2     65.5    0.089     4
   129    6     2     11.2    0.001     2
   131    6     2     63.5    0.116     1
   133    6     2     67.9    0.094     0
   134    6     2     63.5    0.116     1
   135    6     2     67.0    0.115     0
   136    6     2     68.6    0.089     0
   137    6     2     66.4    0.119     1
   138    6     2     18.1    0.009     3
   139    6     2     11.8    0.003     3
   140    6     2     66.3    0.061     0
   142    6     2     34.2    0.042     4
   143    6     2     10.3    0.000     3
   144    6     2     41.3    0.046     0
   145    6     2     77.7    0.074     0
   146    6     2     72.8    0.069     0
   147    6     2     63.5    0.116     1
   149    6     2     15.0    0.010     3
Total extinctions: 0
Generation time: 15.521 sec (16.210 average)
 ****** Running generation 7 ******
Average fitness:
41.509178501812144
Population's average fitness: 28.94313 stdev: 13.44543
Best fitness: 65.66437 - size: (6, 15) - species 63 - id 63
Species 4 with 2 members is stagnated: removing it
Species 142 with 2 members is stagnated: removing it
Species 55 with 2 members is stagnated: removing it
Species 83 with 2 members is stagnated: removing it
Species 44 with 2 members is stagnated: removing it
Species 88 with 2 members is stagnated: removing it
Species 60 with 2 members is stagnated: removing it
Species 128 with 2 members is stagnated: removing it
Average adjusted fitness: 0.334
Mean genetic distance 3.163, standard deviation 0.339
Population of 256 members in 128 species:
   ID   age  size  fitness  adj fit  stag
  ====  ===  ====  =======  =======  ====
     2    7     2     42.0    0.570     2
     3    7     2     39.1    0.390     0
     5    7     2     29.7    0.334     4
     6    7     2     21.8    0.108     4
     7    7     2     56.8    0.715     1
     8    7     2     24.4    0.152     4
     9    7     2     15.2    0.050     4
    10    7     2     11.6    0.020     4
    11    7     2     42.0    0.558     2
    12    7     2     22.4    0.200     4
    13    7     2     28.0    0.320     4
    14    7     2     27.5    0.300     4
    15    7     2     42.1    0.549     2
    16    7     2     43.5    0.313     2
    17    7     2     44.1    0.560     1
    18    7     2     31.3    0.236     0
    19    7     2     36.5    0.431     3
    20    7     2     44.3    0.486     2
    21    7     2     11.7    0.017     1
    24    7     2     13.9    0.051     4
    25    7     2     40.3    0.273     1
    26    7     2     27.9    0.171     2
    27    7     2     39.0    0.274     1
    28    7     2     42.0    0.575     2
    29    7     2     42.2    0.290     1
    31    7     2     42.0    0.554     2
    32    7     2     40.9    0.548     2
    34    7     2     39.8    0.534     3
    35    7     2     30.0    0.270     4
    36    7     2     12.0    0.029     4
    37    7     2     21.3    0.103     1
    38    7     2     42.0    0.571     2
    39    7     2     31.7    0.373     4
    40    7     2     42.0    0.542     2
    41    7     2     42.0    0.296     2
    42    7     2     30.6    0.189     3
    43    7     2     42.0    0.416     2
    45    7     2     29.6    0.275     4
    46    7     2     42.0    0.287     2
    47    7     2     42.2    0.577     2
    48    7     2     42.3    0.293     0
    49    7     2     28.7    0.169     4
    50    7     2     41.2    0.542     1
    51    7     2     39.3    0.481     2
    52    7     2     42.0    0.551     2
    53    7     2     49.8    0.629     1
    54    7     2     25.5    0.141     0
    56    7     2     42.0    0.574     2
    57    7     2     37.0    0.395     3
    58    7     2     27.7    0.317     4
    59    7     2     42.0    0.575     2
    62    7     2     42.0    0.289     2
    63    7     2     65.7    0.788     1
    64    7     2     41.8    0.472     1
    65    7     2     42.6    0.580     2
    66    7     2     10.3    0.005     4
    67    7     2     42.0    0.566     2
    68    7     2     29.8    0.179     4
    69    7     2     10.2    0.003     4
    70    7     2     26.6    0.177     0
    71    7     2     16.5    0.060     4
    72    7     2     42.0    0.565     2
    73    7     2     44.0    0.581     2
    74    7     2     42.0    0.575     2
    75    7     2     31.6    0.289     4
    76    7     2     33.2    0.210     1
    77    7     2     42.0    0.575     2
    78    7     2     27.7    0.182     4
    79    7     2     28.5    0.326     4
    80    7     2     38.9    0.502     1
    81    7     2     42.0    0.575     2
    82    7     2     41.9    0.564     1
    84    7     2     41.7    0.286     2
    85    7     2     42.0    0.575     2
    86    7     2     28.1    0.314     1
    87    7     2     10.4    0.005     1
    90    7     2     39.2    0.264     3
    91    7     2     42.0    0.556     2
    92    7     2     12.2    0.022     4
    93    7     2     21.8    0.109     4
    94    7     2     18.1    0.074     0
    95    7     2     42.0    0.572     2
    96    7     2     42.0    0.439     2
    97    7     2     21.2    0.105     3
    98    7     2     10.3    0.004     4
    99    7     2     42.0    0.559     2
   100    7     2     42.0    0.549     2
   101    7     2     10.9    0.012     3
   102    7     2     28.2    0.322     4
   103    7     2     33.7    0.321     2
   104    7     2     42.3    0.291     2
   105    7     2     21.6    0.110     4
   106    7     2     42.0    0.289     2
   107    7     2     28.0    0.320     4
   109    7     2     48.0    0.633     1
   110    7     2     28.3    0.167     4
   111    7     2     29.2    0.174     4
   112    7     2     13.6    0.035     4
   113    7     2     27.7    0.174     4
   114    7     2     42.8    0.588     2
   116    7     2     13.1    0.030     0
   117    7     2     26.5    0.150     4
   118    7     2     42.0    0.575     2
   119    7     2     42.0    0.575     2
   120    7     2     42.0    0.446     2
   121    7     2     41.9    0.473     2
   122    7     2     44.7    0.592     1
   123    7     2     12.3    0.035     3
   124    7     2     34.3    0.291     4
   125    7     2     39.5    0.269     1
   126    7     2     41.9    0.318     1
   127    7     2     12.6    0.026     1
   129    7     2     11.1    0.012     3
   131    7     2     42.0    0.575     2
   133    7     2     40.0    0.351     1
   134    7     2     42.0    0.575     2
   135    7     2     41.0    0.555     1
   136    7     2     42.0    0.442     1
   137    7     2     42.0    0.575     2
   138    7     2     18.7    0.080     4
   139    7     2     11.7    0.030     4
   140    7     2     43.1    0.299     1
   143    7     2     10.2    0.004     4
   144    7     2     20.4    0.111     1
   145    7     2     41.5    0.287     1
   146    7     2     42.1    0.293     1
   147    7     2     42.0    0.575     2
   149    7     2     15.4    0.086     4
Total extinctions: 0
Generation time: 14.006 sec (15.934 average)
 ****** Running generation 8 ******
Average fitness:
