2022-05-24 10:30:36,687 INFO    MainThread:9672 [internal.py:wandb_internal():90] W&B internal server running at pid: 9672, started at: 2022-05-24 10:30:36.687166
2022-05-24 10:30:36,687 INFO    WriterThread:9672 [datastore.py:open_for_write():75] open: C:\Projects\Code\Neurals\wandb\run-20220524_103034-1gu957x4\run-1gu957x4.wandb
2022-05-24 10:30:36,695 DEBUG   SenderThread:9672 [sender.py:send():232] send: header
2022-05-24 10:30:36,695 DEBUG   SenderThread:9672 [sender.py:send():232] send: run
2022-05-24 10:30:37,022 DEBUG   HandlerThread:9672 [handler.py:handle_request():141] handle_request: check_version
2022-05-24 10:30:37,029 INFO    SenderThread:9672 [dir_watcher.py:__init__():197] watching files in: C:\Projects\Code\Neurals\wandb\run-20220524_103034-1gu957x4\files
2022-05-24 10:30:37,029 INFO    SenderThread:9672 [sender.py:_start_run_threads():811] run started: 1gu957x4 with start time 1653352235
2022-05-24 10:30:37,029 DEBUG   SenderThread:9672 [sender.py:send():232] send: summary
2022-05-24 10:30:37,029 INFO    SenderThread:9672 [sender.py:_save_file():948] saving file wandb-summary.json with policy end
2022-05-24 10:30:37,029 DEBUG   SenderThread:9672 [sender.py:send_request():246] send_request: check_version
2022-05-24 10:30:37,132 DEBUG   HandlerThread:9672 [handler.py:handle_request():141] handle_request: run_start
2022-05-24 10:30:38,032 INFO    Thread-11 :9672 [dir_watcher.py:_on_file_created():244] file/dir created: C:\Projects\Code\Neurals\wandb\run-20220524_103034-1gu957x4\files\wandb-summary.json
2022-05-24 10:30:38,907 DEBUG   HandlerThread:9672 [meta.py:__init__():35] meta init
2022-05-24 10:30:38,907 DEBUG   HandlerThread:9672 [meta.py:__init__():49] meta init done
2022-05-24 10:30:38,907 DEBUG   HandlerThread:9672 [meta.py:probe():209] probe
2022-05-24 10:30:38,923 DEBUG   HandlerThread:9672 [git.py:repo():29] git repository is invalid
2022-05-24 10:30:38,923 DEBUG   HandlerThread:9672 [meta.py:_save_pip():53] save pip
2022-05-24 10:30:38,935 DEBUG   HandlerThread:9672 [meta.py:_save_pip():67] save pip done
2022-05-24 10:30:38,935 DEBUG   HandlerThread:9672 [meta.py:probe():247] probe done
2022-05-24 10:30:38,935 DEBUG   SenderThread:9672 [sender.py:send():232] send: files
2022-05-24 10:30:38,935 INFO    SenderThread:9672 [sender.py:_save_file():948] saving file wandb-metadata.json with policy now
2022-05-24 10:30:38,943 DEBUG   HandlerThread:9672 [handler.py:handle_request():141] handle_request: stop_status
2022-05-24 10:30:38,943 DEBUG   SenderThread:9672 [sender.py:send_request():246] send_request: stop_status
2022-05-24 10:30:39,048 INFO    Thread-11 :9672 [dir_watcher.py:_on_file_created():244] file/dir created: C:\Projects\Code\Neurals\wandb\run-20220524_103034-1gu957x4\files\output.log
2022-05-24 10:30:39,049 INFO    Thread-11 :9672 [dir_watcher.py:_on_file_created():244] file/dir created: C:\Projects\Code\Neurals\wandb\run-20220524_103034-1gu957x4\files\requirements.txt
2022-05-24 10:30:39,049 INFO    Thread-11 :9672 [dir_watcher.py:_on_file_created():244] file/dir created: C:\Projects\Code\Neurals\wandb\run-20220524_103034-1gu957x4\files\wandb-metadata.json
2022-05-24 10:30:39,234 DEBUG   SenderThread:9672 [sender.py:send():232] send: telemetry
2022-05-24 10:30:39,797 INFO    Thread-15 :9672 [upload_job.py:push():132] Uploaded file C:\Users\MAXIMN~1\AppData\Local\Temp\tmp7qaz7adgwandb\24y75cri-wandb-metadata.json
2022-05-24 10:30:41,070 INFO    Thread-11 :9672 [dir_watcher.py:_on_file_modified():257] file/dir modified: C:\Projects\Code\Neurals\wandb\run-20220524_103034-1gu957x4\files\output.log
2022-05-24 10:30:42,324 DEBUG   HandlerThread:9672 [handler.py:handle_request():141] handle_request: partial_history
2022-05-24 10:30:42,326 DEBUG   SenderThread:9672 [sender.py:send():232] send: history
2022-05-24 10:30:42,326 DEBUG   SenderThread:9672 [sender.py:send():232] send: summary
2022-05-24 10:30:42,328 INFO    SenderThread:9672 [sender.py:_save_file():948] saving file wandb-summary.json with policy end
2022-05-24 10:30:43,085 INFO    Thread-11 :9672 [dir_watcher.py:_on_file_modified():257] file/dir modified: C:\Projects\Code\Neurals\wandb\run-20220524_103034-1gu957x4\files\wandb-summary.json
2022-05-24 10:30:43,085 INFO    Thread-11 :9672 [dir_watcher.py:_on_file_modified():257] file/dir modified: C:\Projects\Code\Neurals\wandb\run-20220524_103034-1gu957x4\files\output.log
2022-05-24 10:30:45,092 INFO    Thread-11 :9672 [dir_watcher.py:_on_file_modified():257] file/dir modified: C:\Projects\Code\Neurals\wandb\run-20220524_103034-1gu957x4\files\output.log
2022-05-24 10:30:48,313 DEBUG   HandlerThread:9672 [handler.py:handle_request():141] handle_request: partial_history
2022-05-24 10:30:48,313 DEBUG   SenderThread:9672 [sender.py:send():232] send: history
2022-05-24 10:30:48,314 DEBUG   SenderThread:9672 [sender.py:send():232] send: summary
2022-05-24 10:30:48,314 INFO    SenderThread:9672 [sender.py:_save_file():948] saving file wandb-summary.json with policy end
2022-05-24 10:30:49,113 INFO    Thread-11 :9672 [dir_watcher.py:_on_file_modified():257] file/dir modified: C:\Projects\Code\Neurals\wandb\run-20220524_103034-1gu957x4\files\wandb-summary.json
2022-05-24 10:30:49,114 INFO    Thread-11 :9672 [dir_watcher.py:_on_file_modified():257] file/dir modified: C:\Projects\Code\Neurals\wandb\run-20220524_103034-1gu957x4\files\output.log
2022-05-24 10:30:51,133 INFO    Thread-11 :9672 [dir_watcher.py:_on_file_modified():257] file/dir modified: C:\Projects\Code\Neurals\wandb\run-20220524_103034-1gu957x4\files\output.log
2022-05-24 10:30:54,214 DEBUG   HandlerThread:9672 [handler.py:handle_request():141] handle_request: partial_history
2022-05-24 10:30:54,215 DEBUG   SenderThread:9672 [sender.py:send():232] send: history
2022-05-24 10:30:54,216 DEBUG   SenderThread:9672 [sender.py:send():232] send: summary
2022-05-24 10:30:54,218 INFO    SenderThread:9672 [sender.py:_save_file():948] saving file wandb-summary.json with policy end
2022-05-24 10:30:54,242 DEBUG   HandlerThread:9672 [handler.py:handle_request():141] handle_request: stop_status
2022-05-24 10:30:54,242 DEBUG   SenderThread:9672 [sender.py:send_request():246] send_request: stop_status
2022-05-24 10:30:55,156 INFO    Thread-11 :9672 [dir_watcher.py:_on_file_modified():257] file/dir modified: C:\Projects\Code\Neurals\wandb\run-20220524_103034-1gu957x4\files\wandb-summary.json
2022-05-24 10:30:55,156 INFO    Thread-11 :9672 [dir_watcher.py:_on_file_modified():257] file/dir modified: C:\Projects\Code\Neurals\wandb\run-20220524_103034-1gu957x4\files\output.log
