 ****** Running generation 0 ******
Average fitness:
Failed mean
Population's average fitness: 36.28403 stdev: 31.52346
Best fitness: 98.30626 - size: (6, 15) - species 82 - id 82
Average adjusted fitness: 0.351
Mean genetic distance 3.168, standard deviation 0.313
Population of 300 members in 152 species:
   ID   age  size  fitness  adj fit  stag
  ====  ===  ====  =======  =======  ====
     1    0     2     14.7    0.125     0
     2    0     2     97.7    0.994     0
     3    0     2     28.1    0.265     0
     4    0     2     97.6    0.993     0
     5    0     2     26.1    0.245     0
     6    0     2     11.1    0.088     0
     7    0     2     11.1    0.087     0
     8    0     2     12.7    0.104     0
     9    0     2     19.3    0.173     0
    10    0     2     39.1    0.380     0
    11    0     2     11.1    0.087     0
    12    0     2     31.5    0.301     0
    13    0     2     60.0    0.600     0
    14    0     2     93.4    0.948     0
    15    0     2     83.1    0.841     0
    16    0     2     16.4    0.142     0
    17    0     2     15.2    0.130     0
    18    0     2     31.5    0.300     0
    19    0     2     84.7    0.857     0
    20    0     2     13.1    0.108     0
    21    0     2     20.3    0.183     0
    22    0     1     11.1    0.087     0
    23    0     2     13.4    0.111     0
    24    0     2     65.8    0.659     0
    25    0     2     90.7    0.920     0
    26    0     2     18.4    0.164     0
    27    0     2     28.9    0.274     0
    28    0     2     31.5    0.301     0
    29    0     2     19.1    0.171     0
    30    0     2     30.5    0.291     0
    31    0     2     28.7    0.272     0
    32    0     2     11.1    0.087     0
    33    0     2      8.6    0.061     0
    34    0     2     10.8    0.084     0
    35    0     2     11.1    0.087     0
    36    0     2     15.5    0.133     0
    37    0     2     26.3    0.246     0
    38    0     2     98.1    0.998     0
    39    0     2     29.0    0.275     0
    40    0     2     97.4    0.991     0
    41    0     2     11.3    0.090     0
    42    0     2     17.4    0.153     0
    43    0     2      2.8    0.000     0
    44    0     2     92.2    0.936     0
    45    0     2      9.1    0.067     0
    46    0     2     11.1    0.088     0
    47    0     2     11.1    0.087     0
    48    0     2     19.3    0.173     0
    49    0     2     97.3    0.989     0
    50    0     2     11.1    0.087     0
    51    0     2     39.8    0.387     0
    52    0     2     72.8    0.733     0
    53    0     2     10.7    0.083     0
    54    0     2     31.7    0.303     0
    55    0     2     31.3    0.298     0
    56    0     2     97.7    0.994     0
    57    0     2     11.1    0.087     0
    58    0     2     17.8    0.157     0
    59    0     2     26.4    0.247     0
    60    0     2     17.3    0.152     0
    61    0     1     11.3    0.089     0
    62    0     2     11.3    0.089     0
    63    0     2     11.1    0.087     0
    64    0     2     11.1    0.087     0
    65    0     2     75.6    0.762     0
    66    0     2     42.7    0.418     0
    67    0     2     14.6    0.123     0
    68    0     2     30.7    0.293     0
    69    0     2     31.5    0.301     0
    70    0     2     11.7    0.093     0
    71    0     2     19.7    0.177     0
    72    0     2     97.4    0.990     0
    73    0     2     23.2    0.214     0
    74    0     2     98.2    0.999     0
    75    0     2     11.1    0.087     0
    76    0     2     44.2    0.434     0
    77    0     2     78.3    0.790     0
    78    0     2     11.1    0.087     0
    79    0     2     58.9    0.587     0
    80    0     2     19.7    0.177     0
    81    0     2     28.6    0.270     0
    82    0     2     98.3    1.000     0
    83    0     2     11.4    0.090     0
    84    0     2     97.3    0.989     0
    85    0     2     29.0    0.275     0
    86    0     2     10.9    0.086     0
    87    0     2     12.8    0.105     0
    88    0     2     12.1    0.098     0
    89    0     2     13.0    0.107     0
    90    0     2     97.9    0.996     0
    91    0     2     12.2    0.099     0
    92    0     2     24.5    0.227     0
    93    0     2     10.4    0.080     0
    94    0     2     26.9    0.252     0
    95    0     2     13.3    0.111     0
    96    0     2     19.2    0.172     0
    97    0     2     98.0    0.997     0
    98    0     2     12.6    0.102     0
    99    0     2     11.5    0.091     0
   100    0     2     29.0    0.275     0
   101    0     2     13.8    0.115     0
   102    0     2     14.0    0.117     0
   103    0     2     18.8    0.167     0
   104    0     2     11.6    0.093     0
   105    0     2     98.2    0.999     0
   106    0     2     68.0    0.683     0
   107    0     2     67.6    0.678     0
   108    0     2     11.4    0.090     0
   109    0     2     25.4    0.237     0
   110    0     2     29.0    0.275     0
   111    0     2     14.1    0.118     0
   112    0     2     97.8    0.995     0
   113    0     2     94.1    0.956     0
   114    0     2     91.3    0.927     0
   115    0     2     16.9    0.148     0
   116    0     2     11.1    0.088     0
   117    0     2      9.8    0.074     0
   118    0     2     11.1    0.087     0
   119    0     2     12.7    0.104     0
   120    0     2     17.0    0.149     0
   121    0     2     88.6    0.899     0
   122    0     2     30.9    0.295     0
   123    0     2     38.6    0.375     0
   124    0     2     96.8    0.984     0
   125    0     2     35.6    0.344     0
   126    0     2     44.6    0.438     0
   127    0     2     31.5    0.301     0
   128    0     2      9.1    0.066     0
   129    0     2     13.3    0.110     0
   130    0     2     23.2    0.214     0
   131    0     2     98.2    0.999     0
   132    0     2     12.5    0.102     0
   133    0     2     10.2    0.078     0
   134    0     2     83.1    0.841     0
   135    0     2     12.2    0.099     0
   136    0     2     46.2    0.455     0
   137    0     2     18.2    0.161     0
   138    0     2     10.4    0.080     0
   139    0     2     28.0    0.264     0
   140    0     2     11.6    0.092     0
   141    0     2     18.9    0.169     0
   142    0     2     78.8    0.796     0
   143    0     2     98.0    0.997     0
   144    0     2     11.8    0.094     0
   145    0     2     70.8    0.712     0
   146    0     2     13.6    0.113     0
   147    0     2     86.9    0.880     0
   148    0     2     12.0    0.096     0
   149    0     2     14.5    0.123     0
   150    0     2     75.9    0.766     0
   151    0     1       --       --     0
   152    0     1       --       --     0
Total extinctions: 0
Generation time: 9.019 sec
 ****** Running generation 1 ******
Average fitness:
36.28403028863519
Population's average fitness: 41.25606 stdev: 29.58330
Best fitness: 99.32796 - size: (6, 15) - species 74 - id 74
Average adjusted fitness: 0.364
Mean genetic distance 3.165, standard deviation 0.315
Population of 304 members in 152 species:
   ID   age  size  fitness  adj fit  stag
  ====  ===  ====  =======  =======  ====
     1    1     2     20.1    0.136     0
     2    1     2     88.8    0.939     1
     3    1     2     30.1    0.249     0
     4    1     2     95.9    0.978     1
     5    1     2     29.6    0.619     0
     6    1     2     20.1    0.137     0
     7    1     2     20.1    0.136     0
     8    1     2     11.9    0.091     1
     9    1     2     25.6    0.597     0
    10    1     2     28.9    0.385     1
    11    1     2     20.1    0.136     0
    12    1     2     27.6    0.258     1
    13    1     2     35.8    0.439     1
    14    1     2     88.6    0.914     1
    15    1     2     20.2    0.488     1
    16    1     2     20.1    0.138     0
    17    1     2     20.1    0.143     0
    18    1     2     35.7    0.307     0
    19    1     2     20.7    0.556     1
    20    1     2     20.1    0.145     0
    21    1     2     25.4    0.196     0
    22    1     2     20.1    0.136     0
    23    1     2     19.3    0.562     0
    24    1     2     17.3    0.380     1
    25    1     2     25.2    0.554     1
    26    1     2     24.9    0.585     0
    27    1     2     30.3    0.250     0
    28    1     2     35.8    0.307     0
    29    1     2     24.4    0.589     0
    30    1     2     19.9    0.215     1
    31    1     2     34.0    0.294     0
    32    1     2     18.1    0.125     0
    33    1     2     12.4    0.083     0
    34    1     2     20.1    0.182     0
    35    1     2     20.2    0.177     0
    36    1     2     20.0    0.151     0
    37    1     2     26.9    0.539     0
    38    1     2     99.1    0.998     0
    39    1     2     16.4    0.175     1
    40    1     2     99.2    0.998     0
    41    1     2     20.1    0.138     0
    42    1     2     20.0    0.149     0
    43    1     2     20.1    0.193     0
    44    1     2     42.8    0.657     1
    45    1     2     18.5    0.128     0
    46    1     2     20.1    0.136     0
    47    1     2     20.1    0.136     0
    48    1     2     21.8    0.576     0
    49    1     2     29.7    0.617     1
    50    1     2      7.6    0.068     1
    51    1     2     21.9    0.273     1
    52    1     2     20.1    0.391     1
    53    1     2     19.7    0.133     0
    54    1     2     30.3    0.277     1
    55    1     2     35.6    0.305     0
    56    1     2     98.7    0.994     0
    57    1     2     16.6    0.539     0
    58    1     2     20.1    0.136     0
    59    1     2     21.4    0.181     1
    60    1     2     24.2    0.190     0
    61    1     2     20.3    0.139     0
    62    1     2     20.0    0.153     0
    63    1     2     20.1    0.137     0
    64    1     2     20.1    0.136     0
    65    1     2     30.8    0.498     1
    66    1     2     20.1    0.274     1
    67    1     2     22.3    0.391     0
    68    1     2     27.9    0.262     1
    69    1     2     20.1    0.221     1
    70    1     2     20.3    0.164     0
    71    1     2     58.0    0.759     0
    72    1     2     71.1    0.843     1
    73    1     2     24.6    0.211     0
    74    1     2     96.5    0.984     1
    75    1     2     20.1    0.136     0
    76    1     2     30.0    0.316     1
    77    1     2     79.9    0.879     0
    78    1     2     20.1    0.136     0
    79    1     2     19.9    0.334     1
    80    1     2     20.0    0.140     0
    81    1     2     26.6    0.240     1
    82    1     2     67.3    0.825     1
    83    1     2     20.1    0.136     0
    84    1     2     57.2    0.765     1
    85    1     2     30.8    0.253     0
    86    1     2     19.7    0.191     0
    87    1     2     20.8    0.171     0
    88    1     2     20.1    0.136     0
    89    1     2     17.1    0.119     0
    90    1     2     37.0    0.659     1
    91    1     2     21.6    0.196     0
    92    1     2     21.4    0.505     1
    93    1     2     33.4    0.607     0
    94    1     2     26.3    0.557     1
    95    1     2     21.0    0.226     0
    96    1     2     20.1    0.162     0
    97    1     2     99.0    0.997     0
    98    1     2     22.1    0.301     0
    99    1     2     20.5    0.140     0
   100    1     2     30.8    0.625     0
   101    1     2     17.8    0.123     0
   102    1     2     21.7    0.206     0
   103    1     2     20.2    0.152     0
   104    1     2     20.6    0.142     0
   105    1     2     97.8    0.991     1
   106    1     2     68.7    0.797     0
   107    1     2     22.5    0.419     1
   108    1     2     20.1    0.137     0
   109    1     2     20.7    0.185     1
   110    1     2     30.8    0.253     0
   111    1     2     14.2    0.120     0
   112    1     2     82.0    0.903     1
   113    1     2     95.2    0.955     0
   114    1     2     60.8    0.759     1
   115    1     2     20.1    0.147     0
   116    1     2     18.6    0.129     0
   117    1     2     22.9    0.505     0
   118    1     2     20.1    0.138     0
   119    1     2     20.1    0.168     0
   120    1     2     20.6    0.160     0
   121    1     2     69.1    0.783     1
   122    1     2     20.6    0.570     1
   123    1     2     33.5    0.638     1
   124    1     2     16.3    0.539     1
   125    1     2     20.2    0.227     1
   126    1     2     47.2    0.713     0
   127    1     2     35.8    0.307     0
   128    1     2     18.2    0.126     0
   129    1     2     23.9    0.333     0
   130    1     2     20.2    0.156     1
   131    1     2     95.5    0.978     1
   132    1     2     20.2    0.139     0
   133    1     2     20.1    0.136     0
   134    1     2     33.9    0.563     1
   135    1     2     20.1    0.137     0
   136    1     2     31.5    0.374     1
   137    1     2     20.1    0.153     0
   138    1     2     19.5    0.132     0
   139    1     2      9.5    0.145     1
   140    1     2     22.2    0.206     0
   141    1     2     24.2    0.217     0
   142    1     2     26.3    0.487     1
   143    1     2     30.8    0.625     1
   144    1     2     20.1    0.138     0
   145    1     2     25.7    0.438     1
   146    1     2     20.0    0.135     0
   147    1     2     35.3    0.588     1
   148    1     2     20.2    0.142     0
   149    1     2     20.1    0.136     0
   150    1     2     75.4    0.868     1
   151    1     2     29.4    0.237     0
   152    1     2     20.1    0.136     0
Total extinctions: 0
Generation time: 16.978 sec (12.999 average)
 ****** Running generation 2 ******
Average fitness:
