2022-05-30 11:34:00,085 INFO    MainThread:19864 [wandb_setup.py:_flush():76] Loading settings from C:\Users\Maxim N\.config\wandb\settings
2022-05-30 11:34:00,085 INFO    MainThread:19864 [wandb_setup.py:_flush():76] Loading settings from C:\Projects\Code\Neurals\wandb\settings
2022-05-30 11:34:00,085 INFO    MainThread:19864 [wandb_setup.py:_flush():76] Loading settings from environment variables: {}
2022-05-30 11:34:00,085 INFO    MainThread:19864 [wandb_setup.py:_flush():76] Inferring run settings from compute environment: {'program_relpath': 'carneuralnetwork.py', 'program': 'C:\\Projects\\Code\\Neurals\\carneuralnetwork.py'}
2022-05-30 11:34:00,086 INFO    MainThread:19864 [wandb_init.py:_log_setup():428] Logging user logs to C:\Projects\Code\Neurals\wandb\run-20220530_113400-1sp5byr3\logs\debug.log
2022-05-30 11:34:00,095 INFO    MainThread:19864 [wandb_init.py:_log_setup():429] Logging internal logs to C:\Projects\Code\Neurals\wandb\run-20220530_113400-1sp5byr3\logs\debug-internal.log
2022-05-30 11:34:00,095 INFO    MainThread:19864 [wandb_init.py:init():462] calling init triggers
2022-05-30 11:34:00,095 INFO    MainThread:19864 [wandb_init.py:init():465] wandb.init called with sweep_config: {}
config: {}
2022-05-30 11:34:00,095 INFO    MainThread:19864 [wandb_init.py:init():515] starting backend
2022-05-30 11:34:00,095 INFO    MainThread:19864 [backend.py:_multiprocessing_setup():97] multiprocessing start_methods=spawn, using: spawn
2022-05-30 11:34:00,102 INFO    MainThread:19864 [backend.py:ensure_launched():217] starting backend process...
2022-05-30 11:34:00,245 INFO    MainThread:19864 [backend.py:ensure_launched():222] started backend process with pid: 14180
2022-05-30 11:34:00,246 INFO    MainThread:19864 [wandb_init.py:init():525] backend started and connected
2022-05-30 11:34:00,250 INFO    MainThread:19864 [wandb_init.py:init():596] updated telemetry
2022-05-30 11:34:00,258 INFO    MainThread:19864 [wandb_init.py:init():627] communicating run to backend with 30 second timeout
2022-05-30 11:34:02,274 INFO    MainThread:19864 [wandb_run.py:_on_init():1924] communicating current version
2022-05-30 11:34:02,441 INFO    MainThread:19864 [wandb_run.py:_on_init():1928] got version response upgrade_message: "wandb version 0.12.17 is available!  To upgrade, please run:\n $ pip install wandb --upgrade"

2022-05-30 11:34:02,441 INFO    MainThread:19864 [wandb_init.py:init():662] starting run threads in backend
2022-05-30 11:34:04,981 INFO    MainThread:19864 [wandb_run.py:_console_start():1898] atexit reg
2022-05-30 11:34:04,983 INFO    MainThread:19864 [wandb_run.py:_redirect():1771] redirect: SettingsConsole.WRAP
2022-05-30 11:34:04,984 INFO    MainThread:19864 [wandb_run.py:_redirect():1808] Wrapping output streams.
2022-05-30 11:34:04,986 INFO    MainThread:19864 [wandb_run.py:_redirect():1832] Redirects installed.
2022-05-30 11:34:04,987 INFO    MainThread:19864 [wandb_init.py:init():688] run started, returning control to user process
2022-05-30 11:37:35,922 INFO    MainThread:19864 [wandb_run.py:_atexit_cleanup():1867] got exitcode: 0
2022-05-30 11:37:35,923 INFO    MainThread:19864 [wandb_run.py:_restore():1839] restore
2022-05-30 11:37:36,603 INFO    MainThread:19864 [wandb_run.py:_on_finish():1996] got exit ret: file_counts {
  wandb_count: 1
}
pusher_stats {
  uploaded_bytes: 583
  total_bytes: 583
}

2022-05-30 11:37:36,985 INFO    MainThread:19864 [wandb_run.py:_on_finish():1996] got exit ret: file_counts {
  wandb_count: 1
}
pusher_stats {
  uploaded_bytes: 583
  total_bytes: 583
}

2022-05-30 11:37:37,918 INFO    MainThread:19864 [wandb_run.py:_on_finish():1996] got exit ret: file_counts {
  wandb_count: 4
}
pusher_stats {
  uploaded_bytes: 583
  total_bytes: 472729
}

2022-05-30 11:37:38,020 INFO    MainThread:19864 [wandb_run.py:_on_finish():1996] got exit ret: file_counts {
  wandb_count: 5
}
pusher_stats {
  uploaded_bytes: 583
  total_bytes: 472893
}

2022-05-30 11:37:38,123 INFO    MainThread:19864 [wandb_run.py:_on_finish():1996] got exit ret: file_counts {
  wandb_count: 5
}
pusher_stats {
  uploaded_bytes: 583
  total_bytes: 472893
}

2022-05-30 11:37:38,225 INFO    MainThread:19864 [wandb_run.py:_on_finish():1996] got exit ret: file_counts {
  wandb_count: 5
}
pusher_stats {
  uploaded_bytes: 583
  total_bytes: 472893
}

2022-05-30 11:37:38,327 INFO    MainThread:19864 [wandb_run.py:_on_finish():1996] got exit ret: file_counts {
  wandb_count: 5
}
pusher_stats {
  uploaded_bytes: 583
  total_bytes: 472893
}

2022-05-30 11:37:38,429 INFO    MainThread:19864 [wandb_run.py:_on_finish():1996] got exit ret: file_counts {
  wandb_count: 5
}
pusher_stats {
  uploaded_bytes: 416635
  total_bytes: 472893
}

2022-05-30 11:37:38,531 INFO    MainThread:19864 [wandb_run.py:_on_finish():1996] got exit ret: file_counts {
  wandb_count: 5
}
pusher_stats {
  uploaded_bytes: 472893
  total_bytes: 472893
}

2022-05-30 11:37:38,633 INFO    MainThread:19864 [wandb_run.py:_on_finish():1996] got exit ret: file_counts {
  wandb_count: 5
}
pusher_stats {
  uploaded_bytes: 472893
  total_bytes: 472893
}

2022-05-30 11:37:38,736 INFO    MainThread:19864 [wandb_run.py:_on_finish():1996] got exit ret: file_counts {
  wandb_count: 5
}
pusher_stats {
  uploaded_bytes: 472893
  total_bytes: 472893
}

2022-05-30 11:37:38,839 INFO    MainThread:19864 [wandb_run.py:_on_finish():1996] got exit ret: file_counts {
  wandb_count: 5
}
pusher_stats {
  uploaded_bytes: 472893
  total_bytes: 472893
}

2022-05-30 11:37:38,940 INFO    MainThread:19864 [wandb_run.py:_on_finish():1996] got exit ret: file_counts {
  wandb_count: 5
}
pusher_stats {
  uploaded_bytes: 472893
  total_bytes: 472893
}

2022-05-30 11:37:39,043 INFO    MainThread:19864 [wandb_run.py:_on_finish():1996] got exit ret: file_counts {
  wandb_count: 5
}
pusher_stats {
  uploaded_bytes: 472893
  total_bytes: 472893
}

2022-05-30 11:37:39,868 INFO    MainThread:19864 [wandb_run.py:_on_finish():1996] got exit ret: file_counts {
  wandb_count: 5
}
pusher_stats {
  uploaded_bytes: 472893
  total_bytes: 472893
}

2022-05-30 11:37:40,545 INFO    MainThread:19864 [wandb_run.py:_on_finish():1996] got exit ret: done: true
exit_result {
}
file_counts {
  wandb_count: 5
}
pusher_stats {
  uploaded_bytes: 472893
  total_bytes: 472893
}
local_info {
}

2022-05-30 11:37:41,940 INFO    MainThread:19864 [wandb_run.py:_footer_history_summary_info():3104] rendering history
2022-05-30 11:37:41,940 INFO    MainThread:19864 [wandb_run.py:_footer_history_summary_info():3136] rendering summary
2022-05-30 11:37:41,944 INFO    MainThread:19864 [wandb_run.py:_footer_sync_info():3060] logging synced files
