2022-05-30 11:34:01,964 INFO    MainThread:14180 [internal.py:wandb_internal():90] W&B internal server running at pid: 14180, started at: 2022-05-30 11:34:01.964955
2022-05-30 11:34:01,967 INFO    WriterThread:14180 [datastore.py:open_for_write():75] open: C:\Projects\Code\Neurals\wandb\run-20220530_113400-1sp5byr3\run-1sp5byr3.wandb
2022-05-30 11:34:01,975 DEBUG   SenderThread:14180 [sender.py:send():232] send: header
2022-05-30 11:34:01,975 DEBUG   SenderThread:14180 [sender.py:send():232] send: run
2022-05-30 11:34:02,274 INFO    SenderThread:14180 [dir_watcher.py:__init__():197] watching files in: C:\Projects\Code\Neurals\wandb\run-20220530_113400-1sp5byr3\files
2022-05-30 11:34:02,275 DEBUG   HandlerThread:14180 [handler.py:handle_request():141] handle_request: check_version
2022-05-30 11:34:02,286 INFO    SenderThread:14180 [sender.py:_start_run_threads():811] run started: 1sp5byr3 with start time 1653874440
2022-05-30 11:34:02,286 DEBUG   SenderThread:14180 [sender.py:send():232] send: summary
2022-05-30 11:34:02,286 INFO    SenderThread:14180 [sender.py:_save_file():948] saving file wandb-summary.json with policy end
2022-05-30 11:34:02,286 DEBUG   SenderThread:14180 [sender.py:send_request():246] send_request: check_version
2022-05-30 11:34:02,444 DEBUG   HandlerThread:14180 [handler.py:handle_request():141] handle_request: run_start
2022-05-30 11:34:03,291 INFO    Thread-11 :14180 [dir_watcher.py:_on_file_created():244] file/dir created: C:\Projects\Code\Neurals\wandb\run-20220530_113400-1sp5byr3\files\wandb-summary.json
2022-05-30 11:34:04,946 DEBUG   HandlerThread:14180 [meta.py:__init__():35] meta init
2022-05-30 11:34:04,946 DEBUG   HandlerThread:14180 [meta.py:__init__():49] meta init done
2022-05-30 11:34:04,946 DEBUG   HandlerThread:14180 [meta.py:probe():209] probe
2022-05-30 11:34:04,968 DEBUG   HandlerThread:14180 [git.py:repo():29] git repository is invalid
2022-05-30 11:34:04,968 DEBUG   HandlerThread:14180 [meta.py:_save_pip():53] save pip
2022-05-30 11:34:04,969 DEBUG   HandlerThread:14180 [meta.py:_save_pip():67] save pip done
2022-05-30 11:34:04,969 DEBUG   HandlerThread:14180 [meta.py:probe():247] probe done
2022-05-30 11:34:04,973 DEBUG   SenderThread:14180 [sender.py:send():232] send: files
2022-05-30 11:34:04,974 INFO    SenderThread:14180 [sender.py:_save_file():948] saving file wandb-metadata.json with policy now
2022-05-30 11:34:04,982 DEBUG   HandlerThread:14180 [handler.py:handle_request():141] handle_request: stop_status
2022-05-30 11:34:04,982 DEBUG   SenderThread:14180 [sender.py:send_request():246] send_request: stop_status
2022-05-30 11:34:05,299 DEBUG   SenderThread:14180 [sender.py:send():232] send: telemetry
2022-05-30 11:34:05,306 INFO    Thread-11 :14180 [dir_watcher.py:_on_file_created():244] file/dir created: C:\Projects\Code\Neurals\wandb\run-20220530_113400-1sp5byr3\files\output.log
2022-05-30 11:34:05,307 INFO    Thread-11 :14180 [dir_watcher.py:_on_file_created():244] file/dir created: C:\Projects\Code\Neurals\wandb\run-20220530_113400-1sp5byr3\files\wandb-metadata.json
2022-05-30 11:34:05,307 INFO    Thread-11 :14180 [dir_watcher.py:_on_file_created():244] file/dir created: C:\Projects\Code\Neurals\wandb\run-20220530_113400-1sp5byr3\files\requirements.txt
2022-05-30 11:34:05,811 INFO    Thread-15 :14180 [upload_job.py:push():132] Uploaded file C:\Users\MAXIMN~1\AppData\Local\Temp\tmpihnq5_cwwandb\3jgd8yp0-wandb-metadata.json
2022-05-30 11:34:06,717 DEBUG   HandlerThread:14180 [handler.py:handle_request():141] handle_request: partial_history
2022-05-30 11:34:06,719 DEBUG   SenderThread:14180 [sender.py:send():232] send: history
2022-05-30 11:34:06,719 DEBUG   SenderThread:14180 [sender.py:send():232] send: summary
2022-05-30 11:34:06,722 INFO    SenderThread:14180 [sender.py:_save_file():948] saving file wandb-summary.json with policy end
2022-05-30 11:34:07,318 INFO    Thread-11 :14180 [dir_watcher.py:_on_file_modified():257] file/dir modified: C:\Projects\Code\Neurals\wandb\run-20220530_113400-1sp5byr3\files\wandb-summary.json
2022-05-30 11:34:07,319 INFO    Thread-11 :14180 [dir_watcher.py:_on_file_modified():257] file/dir modified: C:\Projects\Code\Neurals\wandb\run-20220530_113400-1sp5byr3\files\output.log
2022-05-30 11:34:08,249 DEBUG   HandlerThread:14180 [handler.py:handle_request():141] handle_request: partial_history
2022-05-30 11:34:08,250 DEBUG   SenderThread:14180 [sender.py:send():232] send: history
2022-05-30 11:34:08,250 DEBUG   SenderThread:14180 [sender.py:send():232] send: summary
2022-05-30 11:34:08,251 INFO    SenderThread:14180 [sender.py:_save_file():948] saving file wandb-summary.json with policy end
2022-05-30 11:34:08,331 INFO    Thread-11 :14180 [dir_watcher.py:_on_file_modified():257] file/dir modified: C:\Projects\Code\Neurals\wandb\run-20220530_113400-1sp5byr3\files\wandb-summary.json
2022-05-30 11:34:09,333 INFO    Thread-11 :14180 [dir_watcher.py:_on_file_modified():257] file/dir modified: C:\Projects\Code\Neurals\wandb\run-20220530_113400-1sp5byr3\files\output.log
2022-05-30 11:34:09,832 DEBUG   HandlerThread:14180 [handler.py:handle_request():141] handle_request: partial_history
2022-05-30 11:34:09,833 DEBUG   SenderThread:14180 [sender.py:send():232] send: history
2022-05-30 11:34:09,833 DEBUG   SenderThread:14180 [sender.py:send():232] send: summary
2022-05-30 11:34:09,834 INFO    SenderThread:14180 [sender.py:_save_file():948] saving file wandb-summary.json with policy end
2022-05-30 11:34:10,345 INFO    Thread-11 :14180 [dir_watcher.py:_on_file_modified():257] file/dir modified: C:\Projects\Code\Neurals\wandb\run-20220530_113400-1sp5byr3\files\wandb-summary.json
2022-05-30 11:34:11,346 INFO    Thread-11 :14180 [dir_watcher.py:_on_file_modified():257] file/dir modified: C:\Projects\Code\Neurals\wandb\run-20220530_113400-1sp5byr3\files\output.log
2022-05-30 11:34:11,590 DEBUG   HandlerThread:14180 [handler.py:handle_request():141] handle_request: partial_history
2022-05-30 11:34:11,591 DEBUG   SenderThread:14180 [sender.py:send():232] send: history
2022-05-30 11:34:11,591 DEBUG   SenderThread:14180 [sender.py:send():232] send: summary
2022-05-30 11:34:11,592 INFO    SenderThread:14180 [sender.py:_save_file():948] saving file wandb-summary.json with policy end
2022-05-30 11:34:12,362 INFO    Thread-11 :14180 [dir_watcher.py:_on_file_modified():257] file/dir modified: C:\Projects\Code\Neurals\wandb\run-20220530_113400-1sp5byr3\files\wandb-summary.json
2022-05-30 11:34:13,377 INFO    Thread-11 :14180 [dir_watcher.py:_on_file_modified():257] file/dir modified: C:\Projects\Code\Neurals\wandb\run-20220530_113400-1sp5byr3\files\output.log
2022-05-30 11:34:13,413 DEBUG   HandlerThread:14180 [handler.py:handle_request():141] handle_request: partial_history
2022-05-30 11:34:13,414 DEBUG   SenderThread:14180 [sender.py:send():232] send: history
2022-05-30 11:34:13,414 DEBUG   SenderThread:14180 [sender.py:send():232] send: summary
2022-05-30 11:34:13,415 INFO    SenderThread:14180 [sender.py:_save_file():948] saving file wandb-summary.json with policy end
2022-05-30 11:34:14,379 INFO    Thread-11 :14180 [dir_watcher.py:_on_file_modified():257] file/dir modified: C:\Projects\Code\Neurals\wandb\run-20220530_113400-1sp5byr3\files\wandb-summary.json
2022-05-30 11:34:14,856 DEBUG   HandlerThread:14180 [handler.py:handle_request():141] handle_request: partial_history
2022-05-30 11:34:14,857 DEBUG   SenderThread:14180 [sender.py:send():232] send: history
2022-05-30 11:34:14,857 DEBUG   SenderThread:14180 [sender.py:send():232] send: summary
2022-05-30 11:34:14,858 INFO    SenderThread:14180 [sender.py:_save_file():948] saving file wandb-summary.json with policy end
2022-05-30 11:34:15,395 INFO    Thread-11 :14180 [dir_watcher.py:_on_file_modified():257] file/dir modified: C:\Projects\Code\Neurals\wandb\run-20220530_113400-1sp5byr3\files\wandb-summary.json
2022-05-30 11:34:15,396 INFO    Thread-11 :14180 [dir_watcher.py:_on_file_modified():257] file/dir modified: C:\Projects\Code\Neurals\wandb\run-20220530_113400-1sp5byr3\files\output.log
2022-05-30 11:34:16,571 DEBUG   HandlerThread:14180 [handler.py:handle_request():141] handle_request: partial_history
2022-05-30 11:34:16,572 DEBUG   SenderThread:14180 [sender.py:send():232] send: history
2022-05-30 11:34:16,572 DEBUG   SenderThread:14180 [sender.py:send():232] send: summary
2022-05-30 11:34:16,573 INFO    SenderThread:14180 [sender.py:_save_file():948] saving file wandb-summary.json with policy end
2022-05-30 11:34:17,405 INFO    Thread-11 :14180 [dir_watcher.py:_on_file_modified():257] file/dir modified: C:\Projects\Code\Neurals\wandb\run-20220530_113400-1sp5byr3\files\wandb-summary.json
2022-05-30 11:34:17,405 INFO    Thread-11 :14180 [dir_watcher.py:_on_file_modified():257] file/dir modified: C:\Projects\Code\Neurals\wandb\run-20220530_113400-1sp5byr3\files\output.log
2022-05-30 11:34:18,331 DEBUG   HandlerThread:14180 [handler.py:handle_request():141] handle_request: partial_history
2022-05-30 11:34:18,331 DEBUG   SenderThread:14180 [sender.py:send():232] send: history
2022-05-30 11:34:18,332 DEBUG   SenderThread:14180 [sender.py:send():232] send: summary
2022-05-30 11:34:18,332 INFO    SenderThread:14180 [sender.py:_save_file():948] saving file wandb-summary.json with policy end
2022-05-30 11:34:18,405 INFO    Thread-11 :14180 [dir_watcher.py:_on_file_modified():257] file/dir modified: C:\Projects\Code\Neurals\wandb\run-20220530_113400-1sp5byr3\files\wandb-summary.json
2022-05-30 11:34:19,406 INFO    Thread-11 :14180 [dir_watcher.py:_on_file_modified():257] file/dir modified: C:\Projects\Code\Neurals\wandb\run-20220530_113400-1sp5byr3\files\output.log
2022-05-30 11:34:20,019 DEBUG   HandlerThread:14180 [handler.py:handle_request():141] handle_request: partial_history
2022-05-30 11:34:20,020 DEBUG   SenderThread:14180 [sender.py:send():232] send: history
2022-05-30 11:34:20,020 DEBUG   SenderThread:14180 [sender.py:send():232] send: summary
2022-05-30 11:34:20,021 INFO    SenderThread:14180 [sender.py:_save_file():948] saving file wandb-summary.json with policy end
2022-05-30 11:34:20,309 DEBUG   HandlerThread:14180 [handler.py:handle_request():141] handle_request: stop_status
2022-05-30 11:34:20,309 DEBUG   SenderThread:14180 [sender.py:send_request():246] send_request: stop_status
2022-05-30 11:34:20,409 INFO    Thread-11 :14180 [dir_watcher.py:_on_file_modified():257] file/dir modified: C:\Projects\Code\Neurals\wandb\run-20220530_113400-1sp5byr3\files\wandb-summary.json
2022-05-30 11:34:21,424 INFO    Thread-11 :14180 [dir_watcher.py:_on_file_modified():257] file/dir modified: C:\Projects\Code\Neurals\wandb\run-20220530_113400-1sp5byr3\files\output.log
2022-05-30 11:34:21,718 DEBUG   HandlerThread:14180 [handler.py:handle_request():141] handle_request: partial_history
2022-05-30 11:34:21,718 DEBUG   SenderThread:14180 [sender.py:send():232] send: history
2022-05-30 11:34:21,719 DEBUG   SenderThread:14180 [sender.py:send():232] send: summary
2022-05-30 11:34:21,720 INFO    SenderThread:14180 [sender.py:_save_file():948] saving file wandb-summary.json with policy end
2022-05-30 11:34:22,425 INFO    Thread-11 :14180 [dir_watcher.py:_on_file_modified():257] file/dir modified: C:\Projects\Code\Neurals\wandb\run-20220530_113400-1sp5byr3\files\wandb-summary.json
2022-05-30 11:34:23,439 INFO    Thread-11 :14180 [dir_watcher.py:_on_file_modified():257] file/dir modified: C:\Projects\Code\Neurals\wandb\run-20220530_113400-1sp5byr3\files\output.log
2022-05-30 11:34:23,467 DEBUG   HandlerThread:14180 [handler.py:handle_request():141] handle_request: partial_history
2022-05-30 11:34:23,467 DEBUG   SenderThread:14180 [sender.py:send():232] send: history
2022-05-30 11:34:23,467 DEBUG   SenderThread:14180 [sender.py:send():232] send: summary
2022-05-30 11:34:23,468 INFO    SenderThread:14180 [sender.py:_save_file():948] saving file wandb-summary.json with policy end
2022-05-30 11:34:24,453 INFO    Thread-11 :14180 [dir_watcher.py:_on_file_modified():257] file/dir modified: C:\Projects\Code\Neurals\wandb\run-20220530_113400-1sp5byr3\files\wandb-summary.json
2022-05-30 11:34:25,126 DEBUG   HandlerThread:14180 [handler.py:handle_request():141] handle_request: partial_history
2022-05-30 11:34:25,127 DEBUG   SenderThread:14180 [sender.py:send():232] send: history
2022-05-30 11:34:25,127 DEBUG   SenderThread:14180 [sender.py:send():232] send: summary
2022-05-30 11:34:25,128 INFO    SenderThread:14180 [sender.py:_save_file():948] saving file wandb-summary.json with policy end
2022-05-30 11:34:25,455 INFO    Thread-11 :14180 [dir_watcher.py:_on_file_modified():257] file/dir modified: C:\Projects\Code\Neurals\wandb\run-20220530_113400-1sp5byr3\files\wandb-summary.json
2022-05-30 11:34:25,455 INFO    Thread-11 :14180 [dir_watcher.py:_on_file_modified():257] file/dir modified: C:\Projects\Code\Neurals\wandb\run-20220530_113400-1sp5byr3\files\output.log
2022-05-30 11:34:26,827 DEBUG   HandlerThread:14180 [handler.py:handle_request():141] handle_request: partial_history
2022-05-30 11:34:26,828 DEBUG   SenderThread:14180 [sender.py:send():232] send: history
2022-05-30 11:34:26,828 DEBUG   SenderThread:14180 [sender.py:send():232] send: summary
2022-05-30 11:34:26,829 INFO    SenderThread:14180 [sender.py:_save_file():948] saving file wandb-summary.json with policy end
2022-05-30 11:34:27,471 INFO    Thread-11 :14180 [dir_watcher.py:_on_file_modified():257] file/dir modified: C:\Projects\Code\Neurals\wandb\run-20220530_113400-1sp5byr3\files\wandb-summary.json
2022-05-30 11:34:27,472 INFO    Thread-11 :14180 [dir_watcher.py:_on_file_modified():257] file/dir modified: C:\Projects\Code\Neurals\wandb\run-20220530_113400-1sp5byr3\files\output.log
2022-05-30 11:34:28,488 DEBUG   HandlerThread:14180 [handler.py:handle_request():141] handle_request: partial_history
2022-05-30 11:34:28,489 DEBUG   SenderThread:14180 [sender.py:send():232] send: history
2022-05-30 11:34:28,489 DEBUG   SenderThread:14180 [sender.py:send():232] send: summary
2022-05-30 11:34:28,490 INFO    SenderThread:14180 [sender.py:_save_file():948] saving file wandb-summary.json with policy end
2022-05-30 11:34:29,493 INFO    Thread-11 :14180 [dir_watcher.py:_on_file_modified():257] file/dir modified: C:\Projects\Code\Neurals\wandb\run-20220530_113400-1sp5byr3\files\wandb-summary.json
2022-05-30 11:34:29,493 INFO    Thread-11 :14180 [dir_watcher.py:_on_file_modified():257] file/dir modified: C:\Projects\Code\Neurals\wandb\run-20220530_113400-1sp5byr3\files\output.log
2022-05-30 11:34:30,202 DEBUG   HandlerThread:14180 [handler.py:handle_request():141] handle_request: partial_history
2022-05-30 11:34:30,204 DEBUG   SenderThread:14180 [sender.py:send():232] send: history
2022-05-30 11:34:30,205 DEBUG   SenderThread:14180 [sender.py:send():232] send: summary
2022-05-30 11:34:30,206 INFO    SenderThread:14180 [sender.py:_save_file():948] saving file wandb-summary.json with policy end
2022-05-30 11:34:30,502 INFO    Thread-11 :14180 [dir_watcher.py:_on_file_modified():257] file/dir modified: C:\Projects\Code\Neurals\wandb\run-20220530_113400-1sp5byr3\files\wandb-summary.json
2022-05-30 11:34:31,505 INFO    Thread-11 :14180 [dir_watcher.py:_on_file_modified():257] file/dir modified: C:\Projects\Code\Neurals\wandb\run-20220530_113400-1sp5byr3\files\output.log
2022-05-30 11:34:32,133 DEBUG   HandlerThread:14180 [handler.py:handle_request():141] handle_request: partial_history
2022-05-30 11:34:32,134 DEBUG   SenderThread:14180 [sender.py:send():232] send: history
2022-05-30 11:34:32,448 DEBUG   SenderThread:14180 [sender.py:send():232] send: summary
2022-05-30 11:34:32,448 INFO    SenderThread:14180 [sender.py:_save_file():948] saving file wandb-summary.json with policy end
2022-05-30 11:34:32,519 INFO    Thread-11 :14180 [dir_watcher.py:_on_file_modified():257] file/dir modified: C:\Projects\Code\Neurals\wandb\run-20220530_113400-1sp5byr3\files\wandb-summary.json
2022-05-30 11:34:32,520 INFO    Thread-11 :14180 [dir_watcher.py:_on_file_modified():257] file/dir modified: C:\Projects\Code\Neurals\wandb\run-20220530_113400-1sp5byr3\files\config.yaml
2022-05-30 11:34:33,532 INFO    Thread-11 :14180 [dir_watcher.py:_on_file_modified():257] file/dir modified: C:\Projects\Code\Neurals\wandb\run-20220530_113400-1sp5byr3\files\output.log
2022-05-30 11:34:33,799 DEBUG   HandlerThread:14180 [handler.py:handle_request():141] handle_request: partial_history
2022-05-30 11:34:33,800 DEBUG   SenderThread:14180 [sender.py:send():232] send: history
2022-05-30 11:34:33,801 DEBUG   SenderThread:14180 [sender.py:send():232] send: summary
2022-05-30 11:34:33,802 INFO    SenderThread:14180 [sender.py:_save_file():948] saving file wandb-summary.json with policy end
2022-05-30 11:34:34,546 INFO    Thread-11 :14180 [dir_watcher.py:_on_file_modified():257] file/dir modified: C:\Projects\Code\Neurals\wandb\run-20220530_113400-1sp5byr3\files\wandb-summary.json
2022-05-30 11:34:35,550 INFO    Thread-11 :14180 [dir_watcher.py:_on_file_modified():257] file/dir modified: C:\Projects\Code\Neurals\wandb\run-20220530_113400-1sp5byr3\files\output.log
2022-05-30 11:34:35,596 DEBUG   HandlerThread:14180 [handler.py:handle_request():141] handle_request: stop_status
2022-05-30 11:34:35,596 DEBUG   SenderThread:14180 [sender.py:send_request():246] send_request: stop_status
2022-05-30 11:34:35,791 DEBUG   HandlerThread:14180 [handler.py:handle_request():141] handle_request: partial_history
2022-05-30 11:34:35,877 DEBUG   SenderThread:14180 [sender.py:send():232] send: history
2022-05-30 11:34:35,878 DEBUG   SenderThread:14180 [sender.py:send():232] send: summary
2022-05-30 11:34:35,878 INFO    SenderThread:14180 [sender.py:_save_file():948] saving file wandb-summary.json with policy end
2022-05-30 11:34:36,189 DEBUG   SenderThread:14180 [sender.py:send():232] send: stats
2022-05-30 11:34:36,554 INFO    Thread-11 :14180 [dir_watcher.py:_on_file_modified():257] file/dir modified: C:\Projects\Code\Neurals\wandb\run-20220530_113400-1sp5byr3\files\wandb-summary.json
2022-05-30 11:34:37,559 INFO    Thread-11 :14180 [dir_watcher.py:_on_file_modified():257] file/dir modified: C:\Projects\Code\Neurals\wandb\run-20220530_113400-1sp5byr3\files\output.log
2022-05-30 11:34:37,776 DEBUG   HandlerThread:14180 [handler.py:handle_request():141] handle_request: partial_history
2022-05-30 11:34:37,777 DEBUG   SenderThread:14180 [sender.py:send():232] send: history
2022-05-30 11:34:37,777 DEBUG   SenderThread:14180 [sender.py:send():232] send: summary
2022-05-30 11:34:37,778 INFO    SenderThread:14180 [sender.py:_save_file():948] saving file wandb-summary.json with policy end
2022-05-30 11:34:38,574 INFO    Thread-11 :14180 [dir_watcher.py:_on_file_modified():257] file/dir modified: C:\Projects\Code\Neurals\wandb\run-20220530_113400-1sp5byr3\files\wandb-summary.json
2022-05-30 11:34:39,590 INFO    Thread-11 :14180 [dir_watcher.py:_on_file_modified():257] file/dir modified: C:\Projects\Code\Neurals\wandb\run-20220530_113400-1sp5byr3\files\output.log
2022-05-30 11:34:50,883 DEBUG   HandlerThread:14180 [handler.py:handle_request():141] handle_request: stop_status
2022-05-30 11:34:50,883 DEBUG   SenderThread:14180 [sender.py:send_request():246] send_request: stop_status
2022-05-30 11:35:01,766 INFO    Thread-11 :14180 [dir_watcher.py:_on_file_modified():257] file/dir modified: C:\Projects\Code\Neurals\wandb\run-20220530_113400-1sp5byr3\files\output.log
2022-05-30 11:35:02,455 DEBUG   HandlerThread:14180 [handler.py:handle_request():141] handle_request: partial_history
2022-05-30 11:35:02,456 DEBUG   SenderThread:14180 [sender.py:send():232] send: history
2022-05-30 11:35:02,456 DEBUG   SenderThread:14180 [sender.py:send():232] send: summary
2022-05-30 11:35:02,457 INFO    SenderThread:14180 [sender.py:_save_file():948] saving file wandb-summary.json with policy end
2022-05-30 11:35:02,770 INFO    Thread-11 :14180 [dir_watcher.py:_on_file_modified():257] file/dir modified: C:\Projects\Code\Neurals\wandb\run-20220530_113400-1sp5byr3\files\wandb-summary.json
2022-05-30 11:35:03,785 INFO    Thread-11 :14180 [dir_watcher.py:_on_file_modified():257] file/dir modified: C:\Projects\Code\Neurals\wandb\run-20220530_113400-1sp5byr3\files\output.log
2022-05-30 11:35:04,341 DEBUG   HandlerThread:14180 [handler.py:handle_request():141] handle_request: partial_history
2022-05-30 11:35:04,342 DEBUG   SenderThread:14180 [sender.py:send():232] send: history
2022-05-30 11:35:04,342 DEBUG   SenderThread:14180 [sender.py:send():232] send: summary
2022-05-30 11:35:04,343 INFO    SenderThread:14180 [sender.py:_save_file():948] saving file wandb-summary.json with policy end
2022-05-30 11:35:04,801 INFO    Thread-11 :14180 [dir_watcher.py:_on_file_modified():257] file/dir modified: C:\Projects\Code\Neurals\wandb\run-20220530_113400-1sp5byr3\files\wandb-summary.json
2022-05-30 11:35:05,804 INFO    Thread-11 :14180 [dir_watcher.py:_on_file_modified():257] file/dir modified: C:\Projects\Code\Neurals\wandb\run-20220530_113400-1sp5byr3\files\output.log
2022-05-30 11:35:06,152 DEBUG   HandlerThread:14180 [handler.py:handle_request():141] handle_request: stop_status
2022-05-30 11:35:06,153 DEBUG   SenderThread:14180 [sender.py:send_request():246] send_request: stop_status
2022-05-30 11:35:06,201 DEBUG   HandlerThread:14180 [handler.py:handle_request():141] handle_request: partial_history
2022-05-30 11:35:06,449 DEBUG   SenderThread:14180 [sender.py:send():232] send: history
2022-05-30 11:35:06,449 DEBUG   SenderThread:14180 [sender.py:send():232] send: summary
2022-05-30 11:35:06,450 INFO    SenderThread:14180 [sender.py:_save_file():948] saving file wandb-summary.json with policy end
2022-05-30 11:35:06,809 INFO    Thread-11 :14180 [dir_watcher.py:_on_file_modified():257] file/dir modified: C:\Projects\Code\Neurals\wandb\run-20220530_113400-1sp5byr3\files\wandb-summary.json
2022-05-30 11:35:07,824 INFO    Thread-11 :14180 [dir_watcher.py:_on_file_modified():257] file/dir modified: C:\Projects\Code\Neurals\wandb\run-20220530_113400-1sp5byr3\files\output.log
2022-05-30 11:35:08,089 DEBUG   HandlerThread:14180 [handler.py:handle_request():141] handle_request: partial_history
2022-05-30 11:35:08,090 DEBUG   SenderThread:14180 [sender.py:send():232] send: history
2022-05-30 11:35:08,090 DEBUG   SenderThread:14180 [sender.py:send():232] send: summary
2022-05-30 11:35:08,091 INFO    SenderThread:14180 [sender.py:_save_file():948] saving file wandb-summary.json with policy end
2022-05-30 11:35:08,825 INFO    Thread-11 :14180 [dir_watcher.py:_on_file_modified():257] file/dir modified: C:\Projects\Code\Neurals\wandb\run-20220530_113400-1sp5byr3\files\wandb-summary.json
2022-05-30 11:35:09,547 DEBUG   SenderThread:14180 [sender.py:send():232] send: stats
2022-05-30 11:35:09,828 INFO    Thread-11 :14180 [dir_watcher.py:_on_file_modified():257] file/dir modified: C:\Projects\Code\Neurals\wandb\run-20220530_113400-1sp5byr3\files\output.log
2022-05-30 11:35:09,884 DEBUG   HandlerThread:14180 [handler.py:handle_request():141] handle_request: partial_history
2022-05-30 11:35:09,885 DEBUG   SenderThread:14180 [sender.py:send():232] send: history
2022-05-30 11:35:09,885 DEBUG   SenderThread:14180 [sender.py:send():232] send: summary
2022-05-30 11:35:09,885 INFO    SenderThread:14180 [sender.py:_save_file():948] saving file wandb-summary.json with policy end
2022-05-30 11:35:10,832 INFO    Thread-11 :14180 [dir_watcher.py:_on_file_modified():257] file/dir modified: C:\Projects\Code\Neurals\wandb\run-20220530_113400-1sp5byr3\files\wandb-summary.json
2022-05-30 11:35:11,845 INFO    Thread-11 :14180 [dir_watcher.py:_on_file_modified():257] file/dir modified: C:\Projects\Code\Neurals\wandb\run-20220530_113400-1sp5byr3\files\output.log
2022-05-30 11:35:12,001 DEBUG   HandlerThread:14180 [handler.py:handle_request():141] handle_request: partial_history
2022-05-30 11:35:12,001 DEBUG   SenderThread:14180 [sender.py:send():232] send: history
2022-05-30 11:35:12,002 DEBUG   SenderThread:14180 [sender.py:send():232] send: summary
2022-05-30 11:35:12,002 INFO    SenderThread:14180 [sender.py:_save_file():948] saving file wandb-summary.json with policy end
2022-05-30 11:35:12,846 INFO    Thread-11 :14180 [dir_watcher.py:_on_file_modified():257] file/dir modified: C:\Projects\Code\Neurals\wandb\run-20220530_113400-1sp5byr3\files\wandb-summary.json
2022-05-30 11:35:13,812 DEBUG   HandlerThread:14180 [handler.py:handle_request():141] handle_request: partial_history
2022-05-30 11:35:13,814 DEBUG   SenderThread:14180 [sender.py:send():232] send: history
2022-05-30 11:35:13,814 DEBUG   SenderThread:14180 [sender.py:send():232] send: summary
2022-05-30 11:35:13,814 INFO    SenderThread:14180 [sender.py:_save_file():948] saving file wandb-summary.json with policy end
2022-05-30 11:35:13,848 INFO    Thread-11 :14180 [dir_watcher.py:_on_file_modified():257] file/dir modified: C:\Projects\Code\Neurals\wandb\run-20220530_113400-1sp5byr3\files\wandb-summary.json
2022-05-30 11:35:13,848 INFO    Thread-11 :14180 [dir_watcher.py:_on_file_modified():257] file/dir modified: C:\Projects\Code\Neurals\wandb\run-20220530_113400-1sp5byr3\files\output.log
2022-05-30 11:35:15,620 DEBUG   HandlerThread:14180 [handler.py:handle_request():141] handle_request: partial_history
2022-05-30 11:35:15,621 DEBUG   SenderThread:14180 [sender.py:send():232] send: history
2022-05-30 11:35:15,621 DEBUG   SenderThread:14180 [sender.py:send():232] send: summary
2022-05-30 11:35:15,621 INFO    SenderThread:14180 [sender.py:_save_file():948] saving file wandb-summary.json with policy end
2022-05-30 11:35:15,857 INFO    Thread-11 :14180 [dir_watcher.py:_on_file_modified():257] file/dir modified: C:\Projects\Code\Neurals\wandb\run-20220530_113400-1sp5byr3\files\wandb-summary.json
2022-05-30 11:35:15,858 INFO    Thread-11 :14180 [dir_watcher.py:_on_file_modified():257] file/dir modified: C:\Projects\Code\Neurals\wandb\run-20220530_113400-1sp5byr3\files\output.log
2022-05-30 11:35:17,436 DEBUG   HandlerThread:14180 [handler.py:handle_request():141] handle_request: partial_history
2022-05-30 11:35:17,437 DEBUG   SenderThread:14180 [sender.py:send():232] send: history
2022-05-30 11:35:17,437 DEBUG   SenderThread:14180 [sender.py:send():232] send: summary
2022-05-30 11:35:17,437 INFO    SenderThread:14180 [sender.py:_save_file():948] saving file wandb-summary.json with policy end
2022-05-30 11:35:17,865 INFO    Thread-11 :14180 [dir_watcher.py:_on_file_modified():257] file/dir modified: C:\Projects\Code\Neurals\wandb\run-20220530_113400-1sp5byr3\files\wandb-summary.json
2022-05-30 11:35:17,865 INFO    Thread-11 :14180 [dir_watcher.py:_on_file_modified():257] file/dir modified: C:\Projects\Code\Neurals\wandb\run-20220530_113400-1sp5byr3\files\output.log
2022-05-30 11:35:19,335 DEBUG   HandlerThread:14180 [handler.py:handle_request():141] handle_request: partial_history
2022-05-30 11:35:19,335 DEBUG   SenderThread:14180 [sender.py:send():232] send: history
2022-05-30 11:35:19,336 DEBUG   SenderThread:14180 [sender.py:send():232] send: summary
2022-05-30 11:35:19,337 INFO    SenderThread:14180 [sender.py:_save_file():948] saving file wandb-summary.json with policy end
2022-05-30 11:35:19,893 INFO    Thread-11 :14180 [dir_watcher.py:_on_file_modified():257] file/dir modified: C:\Projects\Code\Neurals\wandb\run-20220530_113400-1sp5byr3\files\wandb-summary.json
2022-05-30 11:35:19,894 INFO    Thread-11 :14180 [dir_watcher.py:_on_file_modified():257] file/dir modified: C:\Projects\Code\Neurals\wandb\run-20220530_113400-1sp5byr3\files\output.log
2022-05-30 11:35:21,242 DEBUG   HandlerThread:14180 [handler.py:handle_request():141] handle_request: partial_history
2022-05-30 11:35:21,244 DEBUG   SenderThread:14180 [sender.py:send():232] send: history
2022-05-30 11:35:21,244 DEBUG   SenderThread:14180 [sender.py:send():232] send: summary
2022-05-30 11:35:21,245 INFO    SenderThread:14180 [sender.py:_save_file():948] saving file wandb-summary.json with policy end
2022-05-30 11:35:21,453 DEBUG   HandlerThread:14180 [handler.py:handle_request():141] handle_request: stop_status
2022-05-30 11:35:21,453 DEBUG   SenderThread:14180 [sender.py:send_request():246] send_request: stop_status
2022-05-30 11:35:21,910 INFO    Thread-11 :14180 [dir_watcher.py:_on_file_modified():257] file/dir modified: C:\Projects\Code\Neurals\wandb\run-20220530_113400-1sp5byr3\files\wandb-summary.json
2022-05-30 11:35:21,910 INFO    Thread-11 :14180 [dir_watcher.py:_on_file_modified():257] file/dir modified: C:\Projects\Code\Neurals\wandb\run-20220530_113400-1sp5byr3\files\output.log
2022-05-30 11:35:23,119 DEBUG   HandlerThread:14180 [handler.py:handle_request():141] handle_request: partial_history
2022-05-30 11:35:23,120 DEBUG   SenderThread:14180 [sender.py:send():232] send: history
2022-05-30 11:35:23,120 DEBUG   SenderThread:14180 [sender.py:send():232] send: summary
2022-05-30 11:35:23,120 INFO    SenderThread:14180 [sender.py:_save_file():948] saving file wandb-summary.json with policy end
2022-05-30 11:35:23,928 INFO    Thread-11 :14180 [dir_watcher.py:_on_file_modified():257] file/dir modified: C:\Projects\Code\Neurals\wandb\run-20220530_113400-1sp5byr3\files\wandb-summary.json
2022-05-30 11:35:23,929 INFO    Thread-11 :14180 [dir_watcher.py:_on_file_modified():257] file/dir modified: C:\Projects\Code\Neurals\wandb\run-20220530_113400-1sp5byr3\files\output.log
2022-05-30 11:35:24,976 DEBUG   HandlerThread:14180 [handler.py:handle_request():141] handle_request: partial_history
2022-05-30 11:35:24,977 DEBUG   SenderThread:14180 [sender.py:send():232] send: history
2022-05-30 11:35:24,977 DEBUG   SenderThread:14180 [sender.py:send():232] send: summary
2022-05-30 11:35:24,978 INFO    SenderThread:14180 [sender.py:_save_file():948] saving file wandb-summary.json with policy end
2022-05-30 11:35:25,940 INFO    Thread-11 :14180 [dir_watcher.py:_on_file_modified():257] file/dir modified: C:\Projects\Code\Neurals\wandb\run-20220530_113400-1sp5byr3\files\wandb-summary.json
2022-05-30 11:35:25,940 INFO    Thread-11 :14180 [dir_watcher.py:_on_file_modified():257] file/dir modified: C:\Projects\Code\Neurals\wandb\run-20220530_113400-1sp5byr3\files\output.log
2022-05-30 11:35:26,858 DEBUG   HandlerThread:14180 [handler.py:handle_request():141] handle_request: partial_history
2022-05-30 11:35:26,858 DEBUG   SenderThread:14180 [sender.py:send():232] send: history
2022-05-30 11:35:26,859 DEBUG   SenderThread:14180 [sender.py:send():232] send: summary
2022-05-30 11:35:26,859 INFO    SenderThread:14180 [sender.py:_save_file():948] saving file wandb-summary.json with policy end
2022-05-30 11:35:26,942 INFO    Thread-11 :14180 [dir_watcher.py:_on_file_modified():257] file/dir modified: C:\Projects\Code\Neurals\wandb\run-20220530_113400-1sp5byr3\files\wandb-summary.json
2022-05-30 11:35:27,944 INFO    Thread-11 :14180 [dir_watcher.py:_on_file_modified():257] file/dir modified: C:\Projects\Code\Neurals\wandb\run-20220530_113400-1sp5byr3\files\output.log
2022-05-30 11:35:28,767 DEBUG   HandlerThread:14180 [handler.py:handle_request():141] handle_request: partial_history
2022-05-30 11:35:28,767 DEBUG   SenderThread:14180 [sender.py:send():232] send: history
2022-05-30 11:35:28,768 DEBUG   SenderThread:14180 [sender.py:send():232] send: summary
2022-05-30 11:35:28,769 INFO    SenderThread:14180 [sender.py:_save_file():948] saving file wandb-summary.json with policy end
2022-05-30 11:35:28,950 INFO    Thread-11 :14180 [dir_watcher.py:_on_file_modified():257] file/dir modified: C:\Projects\Code\Neurals\wandb\run-20220530_113400-1sp5byr3\files\wandb-summary.json
2022-05-30 11:35:29,952 INFO    Thread-11 :14180 [dir_watcher.py:_on_file_modified():257] file/dir modified: C:\Projects\Code\Neurals\wandb\run-20220530_113400-1sp5byr3\files\output.log
2022-05-30 11:35:30,589 DEBUG   HandlerThread:14180 [handler.py:handle_request():141] handle_request: partial_history
2022-05-30 11:35:30,590 DEBUG   SenderThread:14180 [sender.py:send():232] send: history
2022-05-30 11:35:30,590 DEBUG   SenderThread:14180 [sender.py:send():232] send: summary
2022-05-30 11:35:30,591 INFO    SenderThread:14180 [sender.py:_save_file():948] saving file wandb-summary.json with policy end
2022-05-30 11:35:30,968 INFO    Thread-11 :14180 [dir_watcher.py:_on_file_modified():257] file/dir modified: C:\Projects\Code\Neurals\wandb\run-20220530_113400-1sp5byr3\files\wandb-summary.json
2022-05-30 11:35:31,980 INFO    Thread-11 :14180 [dir_watcher.py:_on_file_modified():257] file/dir modified: C:\Projects\Code\Neurals\wandb\run-20220530_113400-1sp5byr3\files\output.log
2022-05-30 11:35:32,674 DEBUG   HandlerThread:14180 [handler.py:handle_request():141] handle_request: partial_history
2022-05-30 11:35:32,675 DEBUG   SenderThread:14180 [sender.py:send():232] send: history
2022-05-30 11:35:32,675 DEBUG   SenderThread:14180 [sender.py:send():232] send: summary
2022-05-30 11:35:32,676 INFO    SenderThread:14180 [sender.py:_save_file():948] saving file wandb-summary.json with policy end
2022-05-30 11:35:32,993 INFO    Thread-11 :14180 [dir_watcher.py:_on_file_modified():257] file/dir modified: C:\Projects\Code\Neurals\wandb\run-20220530_113400-1sp5byr3\files\wandb-summary.json
2022-05-30 11:35:33,994 INFO    Thread-11 :14180 [dir_watcher.py:_on_file_modified():257] file/dir modified: C:\Projects\Code\Neurals\wandb\run-20220530_113400-1sp5byr3\files\output.log
2022-05-30 11:35:34,735 DEBUG   HandlerThread:14180 [handler.py:handle_request():141] handle_request: partial_history
2022-05-30 11:35:34,736 DEBUG   SenderThread:14180 [sender.py:send():232] send: history
2022-05-30 11:35:34,737 DEBUG   SenderThread:14180 [sender.py:send():232] send: summary
2022-05-30 11:35:34,738 INFO    SenderThread:14180 [sender.py:_save_file():948] saving file wandb-summary.json with policy end
2022-05-30 11:35:34,995 INFO    Thread-11 :14180 [dir_watcher.py:_on_file_modified():257] file/dir modified: C:\Projects\Code\Neurals\wandb\run-20220530_113400-1sp5byr3\files\wandb-summary.json
2022-05-30 11:35:36,006 INFO    Thread-11 :14180 [dir_watcher.py:_on_file_modified():257] file/dir modified: C:\Projects\Code\Neurals\wandb\run-20220530_113400-1sp5byr3\files\output.log
2022-05-30 11:35:36,449 DEBUG   HandlerThread:14180 [handler.py:handle_request():141] handle_request: partial_history
2022-05-30 11:35:36,450 DEBUG   SenderThread:14180 [sender.py:send():232] send: history
2022-05-30 11:35:36,450 DEBUG   SenderThread:14180 [sender.py:send():232] send: summary
2022-05-30 11:35:36,451 INFO    SenderThread:14180 [sender.py:_save_file():948] saving file wandb-summary.json with policy end
2022-05-30 11:35:36,753 DEBUG   HandlerThread:14180 [handler.py:handle_request():141] handle_request: stop_status
2022-05-30 11:35:36,753 DEBUG   SenderThread:14180 [sender.py:send_request():246] send_request: stop_status
2022-05-30 11:35:37,008 INFO    Thread-11 :14180 [dir_watcher.py:_on_file_modified():257] file/dir modified: C:\Projects\Code\Neurals\wandb\run-20220530_113400-1sp5byr3\files\wandb-summary.json
2022-05-30 11:35:38,013 INFO    Thread-11 :14180 [dir_watcher.py:_on_file_modified():257] file/dir modified: C:\Projects\Code\Neurals\wandb\run-20220530_113400-1sp5byr3\files\output.log
2022-05-30 11:35:38,215 DEBUG   HandlerThread:14180 [handler.py:handle_request():141] handle_request: partial_history
2022-05-30 11:35:38,215 DEBUG   SenderThread:14180 [sender.py:send():232] send: history
2022-05-30 11:35:38,216 DEBUG   SenderThread:14180 [sender.py:send():232] send: summary
2022-05-30 11:35:38,217 INFO    SenderThread:14180 [sender.py:_save_file():948] saving file wandb-summary.json with policy end
2022-05-30 11:35:39,019 INFO    Thread-11 :14180 [dir_watcher.py:_on_file_modified():257] file/dir modified: C:\Projects\Code\Neurals\wandb\run-20220530_113400-1sp5byr3\files\wandb-summary.json
2022-05-30 11:35:40,034 INFO    Thread-11 :14180 [dir_watcher.py:_on_file_modified():257] file/dir modified: C:\Projects\Code\Neurals\wandb\run-20220530_113400-1sp5byr3\files\output.log
2022-05-30 11:35:40,376 DEBUG   HandlerThread:14180 [handler.py:handle_request():141] handle_request: partial_history
2022-05-30 11:35:40,377 DEBUG   SenderThread:14180 [sender.py:send():232] send: history
2022-05-30 11:35:40,377 DEBUG   SenderThread:14180 [sender.py:send():232] send: summary
2022-05-30 11:35:40,378 INFO    SenderThread:14180 [sender.py:_save_file():948] saving file wandb-summary.json with policy end
2022-05-30 11:35:41,048 INFO    Thread-11 :14180 [dir_watcher.py:_on_file_modified():257] file/dir modified: C:\Projects\Code\Neurals\wandb\run-20220530_113400-1sp5byr3\files\wandb-summary.json
2022-05-30 11:35:42,057 INFO    Thread-11 :14180 [dir_watcher.py:_on_file_modified():257] file/dir modified: C:\Projects\Code\Neurals\wandb\run-20220530_113400-1sp5byr3\files\output.log
2022-05-30 11:35:42,216 DEBUG   HandlerThread:14180 [handler.py:handle_request():141] handle_request: partial_history
2022-05-30 11:35:42,217 DEBUG   SenderThread:14180 [sender.py:send():232] send: history
2022-05-30 11:35:42,217 DEBUG   SenderThread:14180 [sender.py:send():232] send: summary
2022-05-30 11:35:42,218 INFO    SenderThread:14180 [sender.py:_save_file():948] saving file wandb-summary.json with policy end
2022-05-30 11:35:42,956 DEBUG   SenderThread:14180 [sender.py:send():232] send: stats
2022-05-30 11:35:43,058 INFO    Thread-11 :14180 [dir_watcher.py:_on_file_modified():257] file/dir modified: C:\Projects\Code\Neurals\wandb\run-20220530_113400-1sp5byr3\files\wandb-summary.json
2022-05-30 11:35:44,074 INFO    Thread-11 :14180 [dir_watcher.py:_on_file_modified():257] file/dir modified: C:\Projects\Code\Neurals\wandb\run-20220530_113400-1sp5byr3\files\output.log
2022-05-30 11:35:44,379 DEBUG   HandlerThread:14180 [handler.py:handle_request():141] handle_request: partial_history
2022-05-30 11:35:44,380 DEBUG   SenderThread:14180 [sender.py:send():232] send: history
2022-05-30 11:35:44,380 DEBUG   SenderThread:14180 [sender.py:send():232] send: summary
2022-05-30 11:35:44,381 INFO    SenderThread:14180 [sender.py:_save_file():948] saving file wandb-summary.json with policy end
2022-05-30 11:35:45,088 INFO    Thread-11 :14180 [dir_watcher.py:_on_file_modified():257] file/dir modified: C:\Projects\Code\Neurals\wandb\run-20220530_113400-1sp5byr3\files\wandb-summary.json
2022-05-30 11:35:46,102 INFO    Thread-11 :14180 [dir_watcher.py:_on_file_modified():257] file/dir modified: C:\Projects\Code\Neurals\wandb\run-20220530_113400-1sp5byr3\files\output.log
2022-05-30 11:35:46,428 DEBUG   HandlerThread:14180 [handler.py:handle_request():141] handle_request: partial_history
2022-05-30 11:35:46,429 DEBUG   SenderThread:14180 [sender.py:send():232] send: history
2022-05-30 11:35:46,429 DEBUG   SenderThread:14180 [sender.py:send():232] send: summary
2022-05-30 11:35:46,431 INFO    SenderThread:14180 [sender.py:_save_file():948] saving file wandb-summary.json with policy end
2022-05-30 11:35:47,103 INFO    Thread-11 :14180 [dir_watcher.py:_on_file_modified():257] file/dir modified: C:\Projects\Code\Neurals\wandb\run-20220530_113400-1sp5byr3\files\wandb-summary.json
2022-05-30 11:35:48,105 INFO    Thread-11 :14180 [dir_watcher.py:_on_file_modified():257] file/dir modified: C:\Projects\Code\Neurals\wandb\run-20220530_113400-1sp5byr3\files\output.log
2022-05-30 11:35:48,398 DEBUG   HandlerThread:14180 [handler.py:handle_request():141] handle_request: partial_history
2022-05-30 11:35:48,399 DEBUG   SenderThread:14180 [sender.py:send():232] send: history
2022-05-30 11:35:48,400 DEBUG   SenderThread:14180 [sender.py:send():232] send: summary
2022-05-30 11:35:48,402 INFO    SenderThread:14180 [sender.py:_save_file():948] saving file wandb-summary.json with policy end
2022-05-30 11:35:49,119 INFO    Thread-11 :14180 [dir_watcher.py:_on_file_modified():257] file/dir modified: C:\Projects\Code\Neurals\wandb\run-20220530_113400-1sp5byr3\files\wandb-summary.json
2022-05-30 11:35:50,134 INFO    Thread-11 :14180 [dir_watcher.py:_on_file_modified():257] file/dir modified: C:\Projects\Code\Neurals\wandb\run-20220530_113400-1sp5byr3\files\output.log
2022-05-30 11:35:50,434 DEBUG   HandlerThread:14180 [handler.py:handle_request():141] handle_request: partial_history
2022-05-30 11:35:50,435 DEBUG   SenderThread:14180 [sender.py:send():232] send: history
2022-05-30 11:35:50,435 DEBUG   SenderThread:14180 [sender.py:send():232] send: summary
2022-05-30 11:35:50,435 INFO    SenderThread:14180 [sender.py:_save_file():948] saving file wandb-summary.json with policy end
2022-05-30 11:35:51,135 INFO    Thread-11 :14180 [dir_watcher.py:_on_file_modified():257] file/dir modified: C:\Projects\Code\Neurals\wandb\run-20220530_113400-1sp5byr3\files\wandb-summary.json
2022-05-30 11:35:52,051 DEBUG   HandlerThread:14180 [handler.py:handle_request():141] handle_request: stop_status
2022-05-30 11:35:52,051 DEBUG   SenderThread:14180 [sender.py:send_request():246] send_request: stop_status
2022-05-30 11:35:52,147 INFO    Thread-11 :14180 [dir_watcher.py:_on_file_modified():257] file/dir modified: C:\Projects\Code\Neurals\wandb\run-20220530_113400-1sp5byr3\files\output.log
2022-05-30 11:35:52,432 DEBUG   HandlerThread:14180 [handler.py:handle_request():141] handle_request: partial_history
2022-05-30 11:35:52,433 DEBUG   SenderThread:14180 [sender.py:send():232] send: history
2022-05-30 11:35:52,433 DEBUG   SenderThread:14180 [sender.py:send():232] send: summary
2022-05-30 11:35:52,434 INFO    SenderThread:14180 [sender.py:_save_file():948] saving file wandb-summary.json with policy end
2022-05-30 11:35:53,151 INFO    Thread-11 :14180 [dir_watcher.py:_on_file_modified():257] file/dir modified: C:\Projects\Code\Neurals\wandb\run-20220530_113400-1sp5byr3\files\wandb-summary.json
2022-05-30 11:35:54,152 INFO    Thread-11 :14180 [dir_watcher.py:_on_file_modified():257] file/dir modified: C:\Projects\Code\Neurals\wandb\run-20220530_113400-1sp5byr3\files\output.log
2022-05-30 11:35:54,316 DEBUG   HandlerThread:14180 [handler.py:handle_request():141] handle_request: partial_history
2022-05-30 11:35:54,317 DEBUG   SenderThread:14180 [sender.py:send():232] send: history
2022-05-30 11:35:54,317 DEBUG   SenderThread:14180 [sender.py:send():232] send: summary
2022-05-30 11:35:54,318 INFO    SenderThread:14180 [sender.py:_save_file():948] saving file wandb-summary.json with policy end
2022-05-30 11:35:55,166 INFO    Thread-11 :14180 [dir_watcher.py:_on_file_modified():257] file/dir modified: C:\Projects\Code\Neurals\wandb\run-20220530_113400-1sp5byr3\files\wandb-summary.json
2022-05-30 11:35:56,178 INFO    Thread-11 :14180 [dir_watcher.py:_on_file_modified():257] file/dir modified: C:\Projects\Code\Neurals\wandb\run-20220530_113400-1sp5byr3\files\output.log
2022-05-30 11:35:56,301 DEBUG   HandlerThread:14180 [handler.py:handle_request():141] handle_request: partial_history
2022-05-30 11:35:56,301 DEBUG   SenderThread:14180 [sender.py:send():232] send: history
2022-05-30 11:35:56,301 DEBUG   SenderThread:14180 [sender.py:send():232] send: summary
2022-05-30 11:35:56,302 INFO    SenderThread:14180 [sender.py:_save_file():948] saving file wandb-summary.json with policy end
2022-05-30 11:35:57,179 INFO    Thread-11 :14180 [dir_watcher.py:_on_file_modified():257] file/dir modified: C:\Projects\Code\Neurals\wandb\run-20220530_113400-1sp5byr3\files\wandb-summary.json
2022-05-30 11:35:58,193 INFO    Thread-11 :14180 [dir_watcher.py:_on_file_modified():257] file/dir modified: C:\Projects\Code\Neurals\wandb\run-20220530_113400-1sp5byr3\files\output.log
2022-05-30 11:35:58,350 DEBUG   HandlerThread:14180 [handler.py:handle_request():141] handle_request: partial_history
2022-05-30 11:35:58,351 DEBUG   SenderThread:14180 [sender.py:send():232] send: history
2022-05-30 11:35:58,351 DEBUG   SenderThread:14180 [sender.py:send():232] send: summary
2022-05-30 11:35:58,352 INFO    SenderThread:14180 [sender.py:_save_file():948] saving file wandb-summary.json with policy end
2022-05-30 11:35:59,208 INFO    Thread-11 :14180 [dir_watcher.py:_on_file_modified():257] file/dir modified: C:\Projects\Code\Neurals\wandb\run-20220530_113400-1sp5byr3\files\wandb-summary.json
2022-05-30 11:36:00,210 INFO    Thread-11 :14180 [dir_watcher.py:_on_file_modified():257] file/dir modified: C:\Projects\Code\Neurals\wandb\run-20220530_113400-1sp5byr3\files\output.log
2022-05-30 11:36:00,496 DEBUG   HandlerThread:14180 [handler.py:handle_request():141] handle_request: partial_history
2022-05-30 11:36:00,496 DEBUG   SenderThread:14180 [sender.py:send():232] send: history
2022-05-30 11:36:00,497 DEBUG   SenderThread:14180 [sender.py:send():232] send: summary
2022-05-30 11:36:00,497 INFO    SenderThread:14180 [sender.py:_save_file():948] saving file wandb-summary.json with policy end
2022-05-30 11:36:01,217 INFO    Thread-11 :14180 [dir_watcher.py:_on_file_modified():257] file/dir modified: C:\Projects\Code\Neurals\wandb\run-20220530_113400-1sp5byr3\files\wandb-summary.json
2022-05-30 11:36:02,219 INFO    Thread-11 :14180 [dir_watcher.py:_on_file_modified():257] file/dir modified: C:\Projects\Code\Neurals\wandb\run-20220530_113400-1sp5byr3\files\output.log
2022-05-30 11:36:02,742 DEBUG   HandlerThread:14180 [handler.py:handle_request():141] handle_request: partial_history
2022-05-30 11:36:02,743 DEBUG   SenderThread:14180 [sender.py:send():232] send: history
2022-05-30 11:36:02,743 DEBUG   SenderThread:14180 [sender.py:send():232] send: summary
2022-05-30 11:36:02,744 INFO    SenderThread:14180 [sender.py:_save_file():948] saving file wandb-summary.json with policy end
2022-05-30 11:36:03,234 INFO    Thread-11 :14180 [dir_watcher.py:_on_file_modified():257] file/dir modified: C:\Projects\Code\Neurals\wandb\run-20220530_113400-1sp5byr3\files\wandb-summary.json
2022-05-30 11:36:04,237 INFO    Thread-11 :14180 [dir_watcher.py:_on_file_modified():257] file/dir modified: C:\Projects\Code\Neurals\wandb\run-20220530_113400-1sp5byr3\files\output.log
2022-05-30 11:36:04,729 DEBUG   HandlerThread:14180 [handler.py:handle_request():141] handle_request: partial_history
2022-05-30 11:36:04,730 DEBUG   SenderThread:14180 [sender.py:send():232] send: history
2022-05-30 11:36:04,730 DEBUG   SenderThread:14180 [sender.py:send():232] send: summary
2022-05-30 11:36:04,731 INFO    SenderThread:14180 [sender.py:_save_file():948] saving file wandb-summary.json with policy end
2022-05-30 11:36:05,238 INFO    Thread-11 :14180 [dir_watcher.py:_on_file_modified():257] file/dir modified: C:\Projects\Code\Neurals\wandb\run-20220530_113400-1sp5byr3\files\wandb-summary.json
2022-05-30 11:36:06,251 INFO    Thread-11 :14180 [dir_watcher.py:_on_file_modified():257] file/dir modified: C:\Projects\Code\Neurals\wandb\run-20220530_113400-1sp5byr3\files\output.log
2022-05-30 11:36:06,671 DEBUG   HandlerThread:14180 [handler.py:handle_request():141] handle_request: partial_history
2022-05-30 11:36:06,672 DEBUG   SenderThread:14180 [sender.py:send():232] send: history
2022-05-30 11:36:06,672 DEBUG   SenderThread:14180 [sender.py:send():232] send: summary
2022-05-30 11:36:06,673 INFO    SenderThread:14180 [sender.py:_save_file():948] saving file wandb-summary.json with policy end
2022-05-30 11:36:07,255 INFO    Thread-11 :14180 [dir_watcher.py:_on_file_modified():257] file/dir modified: C:\Projects\Code\Neurals\wandb\run-20220530_113400-1sp5byr3\files\wandb-summary.json
2022-05-30 11:36:07,352 DEBUG   HandlerThread:14180 [handler.py:handle_request():141] handle_request: stop_status
2022-05-30 11:36:07,352 DEBUG   SenderThread:14180 [sender.py:send_request():246] send_request: stop_status
2022-05-30 11:36:08,270 INFO    Thread-11 :14180 [dir_watcher.py:_on_file_modified():257] file/dir modified: C:\Projects\Code\Neurals\wandb\run-20220530_113400-1sp5byr3\files\output.log
2022-05-30 11:36:08,541 DEBUG   HandlerThread:14180 [handler.py:handle_request():141] handle_request: partial_history
2022-05-30 11:36:08,542 DEBUG   SenderThread:14180 [sender.py:send():232] send: history
2022-05-30 11:36:08,542 DEBUG   SenderThread:14180 [sender.py:send():232] send: summary
2022-05-30 11:36:08,543 INFO    SenderThread:14180 [sender.py:_save_file():948] saving file wandb-summary.json with policy end
2022-05-30 11:36:09,281 INFO    Thread-11 :14180 [dir_watcher.py:_on_file_modified():257] file/dir modified: C:\Projects\Code\Neurals\wandb\run-20220530_113400-1sp5byr3\files\wandb-summary.json
2022-05-30 11:36:10,286 INFO    Thread-11 :14180 [dir_watcher.py:_on_file_modified():257] file/dir modified: C:\Projects\Code\Neurals\wandb\run-20220530_113400-1sp5byr3\files\output.log
2022-05-30 11:36:10,583 DEBUG   HandlerThread:14180 [handler.py:handle_request():141] handle_request: partial_history
2022-05-30 11:36:10,585 DEBUG   SenderThread:14180 [sender.py:send():232] send: history
2022-05-30 11:36:10,585 DEBUG   SenderThread:14180 [sender.py:send():232] send: summary
2022-05-30 11:36:10,586 INFO    SenderThread:14180 [sender.py:_save_file():948] saving file wandb-summary.json with policy end
2022-05-30 11:36:11,286 INFO    Thread-11 :14180 [dir_watcher.py:_on_file_modified():257] file/dir modified: C:\Projects\Code\Neurals\wandb\run-20220530_113400-1sp5byr3\files\wandb-summary.json
2022-05-30 11:36:12,300 INFO    Thread-11 :14180 [dir_watcher.py:_on_file_modified():257] file/dir modified: C:\Projects\Code\Neurals\wandb\run-20220530_113400-1sp5byr3\files\output.log
2022-05-30 11:36:12,457 DEBUG   HandlerThread:14180 [handler.py:handle_request():141] handle_request: partial_history
2022-05-30 11:36:12,458 DEBUG   SenderThread:14180 [sender.py:send():232] send: history
2022-05-30 11:36:12,458 DEBUG   SenderThread:14180 [sender.py:send():232] send: summary
2022-05-30 11:36:12,459 INFO    SenderThread:14180 [sender.py:_save_file():948] saving file wandb-summary.json with policy end
2022-05-30 11:36:13,315 INFO    Thread-11 :14180 [dir_watcher.py:_on_file_modified():257] file/dir modified: C:\Projects\Code\Neurals\wandb\run-20220530_113400-1sp5byr3\files\wandb-summary.json
2022-05-30 11:36:14,318 INFO    Thread-11 :14180 [dir_watcher.py:_on_file_modified():257] file/dir modified: C:\Projects\Code\Neurals\wandb\run-20220530_113400-1sp5byr3\files\output.log
2022-05-30 11:36:14,332 DEBUG   HandlerThread:14180 [handler.py:handle_request():141] handle_request: partial_history
2022-05-30 11:36:14,333 DEBUG   SenderThread:14180 [sender.py:send():232] send: history
2022-05-30 11:36:14,335 DEBUG   SenderThread:14180 [sender.py:send():232] send: summary
2022-05-30 11:36:14,336 INFO    SenderThread:14180 [sender.py:_save_file():948] saving file wandb-summary.json with policy end
2022-05-30 11:36:15,321 INFO    Thread-11 :14180 [dir_watcher.py:_on_file_modified():257] file/dir modified: C:\Projects\Code\Neurals\wandb\run-20220530_113400-1sp5byr3\files\wandb-summary.json
2022-05-30 11:36:16,270 DEBUG   HandlerThread:14180 [handler.py:handle_request():141] handle_request: partial_history
2022-05-30 11:36:16,271 DEBUG   SenderThread:14180 [sender.py:send():232] send: history
2022-05-30 11:36:16,271 DEBUG   SenderThread:14180 [sender.py:send():232] send: summary
2022-05-30 11:36:16,272 INFO    SenderThread:14180 [sender.py:_save_file():948] saving file wandb-summary.json with policy end
2022-05-30 11:36:16,335 INFO    Thread-11 :14180 [dir_watcher.py:_on_file_modified():257] file/dir modified: C:\Projects\Code\Neurals\wandb\run-20220530_113400-1sp5byr3\files\wandb-summary.json
2022-05-30 11:36:16,335 INFO    Thread-11 :14180 [dir_watcher.py:_on_file_modified():257] file/dir modified: C:\Projects\Code\Neurals\wandb\run-20220530_113400-1sp5byr3\files\output.log
2022-05-30 11:36:16,401 DEBUG   SenderThread:14180 [sender.py:send():232] send: stats
2022-05-30 11:36:18,276 DEBUG   HandlerThread:14180 [handler.py:handle_request():141] handle_request: partial_history
2022-05-30 11:36:18,277 DEBUG   SenderThread:14180 [sender.py:send():232] send: history
2022-05-30 11:36:18,277 DEBUG   SenderThread:14180 [sender.py:send():232] send: summary
2022-05-30 11:36:18,278 INFO    SenderThread:14180 [sender.py:_save_file():948] saving file wandb-summary.json with policy end
2022-05-30 11:36:18,351 INFO    Thread-11 :14180 [dir_watcher.py:_on_file_modified():257] file/dir modified: C:\Projects\Code\Neurals\wandb\run-20220530_113400-1sp5byr3\files\wandb-summary.json
2022-05-30 11:36:18,352 INFO    Thread-11 :14180 [dir_watcher.py:_on_file_modified():257] file/dir modified: C:\Projects\Code\Neurals\wandb\run-20220530_113400-1sp5byr3\files\output.log
2022-05-30 11:36:20,094 DEBUG   HandlerThread:14180 [handler.py:handle_request():141] handle_request: partial_history
2022-05-30 11:36:20,096 DEBUG   SenderThread:14180 [sender.py:send():232] send: history
2022-05-30 11:36:20,096 DEBUG   SenderThread:14180 [sender.py:send():232] send: summary
2022-05-30 11:36:20,098 INFO    SenderThread:14180 [sender.py:_save_file():948] saving file wandb-summary.json with policy end
2022-05-30 11:36:20,367 INFO    Thread-11 :14180 [dir_watcher.py:_on_file_modified():257] file/dir modified: C:\Projects\Code\Neurals\wandb\run-20220530_113400-1sp5byr3\files\wandb-summary.json
2022-05-30 11:36:20,367 INFO    Thread-11 :14180 [dir_watcher.py:_on_file_modified():257] file/dir modified: C:\Projects\Code\Neurals\wandb\run-20220530_113400-1sp5byr3\files\output.log
2022-05-30 11:36:22,088 DEBUG   HandlerThread:14180 [handler.py:handle_request():141] handle_request: partial_history
2022-05-30 11:36:22,089 DEBUG   SenderThread:14180 [sender.py:send():232] send: history
2022-05-30 11:36:22,089 DEBUG   SenderThread:14180 [sender.py:send():232] send: summary
2022-05-30 11:36:22,089 INFO    SenderThread:14180 [sender.py:_save_file():948] saving file wandb-summary.json with policy end
2022-05-30 11:36:22,397 INFO    Thread-11 :14180 [dir_watcher.py:_on_file_modified():257] file/dir modified: C:\Projects\Code\Neurals\wandb\run-20220530_113400-1sp5byr3\files\wandb-summary.json
2022-05-30 11:36:22,397 INFO    Thread-11 :14180 [dir_watcher.py:_on_file_modified():257] file/dir modified: C:\Projects\Code\Neurals\wandb\run-20220530_113400-1sp5byr3\files\output.log
2022-05-30 11:36:22,657 DEBUG   HandlerThread:14180 [handler.py:handle_request():141] handle_request: stop_status
2022-05-30 11:36:22,657 DEBUG   SenderThread:14180 [sender.py:send_request():246] send_request: stop_status
2022-05-30 11:36:24,038 DEBUG   HandlerThread:14180 [handler.py:handle_request():141] handle_request: partial_history
2022-05-30 11:36:24,039 DEBUG   SenderThread:14180 [sender.py:send():232] send: history
2022-05-30 11:36:24,039 DEBUG   SenderThread:14180 [sender.py:send():232] send: summary
2022-05-30 11:36:24,040 INFO    SenderThread:14180 [sender.py:_save_file():948] saving file wandb-summary.json with policy end
2022-05-30 11:36:24,403 INFO    Thread-11 :14180 [dir_watcher.py:_on_file_modified():257] file/dir modified: C:\Projects\Code\Neurals\wandb\run-20220530_113400-1sp5byr3\files\wandb-summary.json
2022-05-30 11:36:24,404 INFO    Thread-11 :14180 [dir_watcher.py:_on_file_modified():257] file/dir modified: C:\Projects\Code\Neurals\wandb\run-20220530_113400-1sp5byr3\files\output.log
2022-05-30 11:36:25,839 DEBUG   HandlerThread:14180 [handler.py:handle_request():141] handle_request: partial_history
2022-05-30 11:36:25,840 DEBUG   SenderThread:14180 [sender.py:send():232] send: history
2022-05-30 11:36:25,841 DEBUG   SenderThread:14180 [sender.py:send():232] send: summary
2022-05-30 11:36:25,841 INFO    SenderThread:14180 [sender.py:_save_file():948] saving file wandb-summary.json with policy end
2022-05-30 11:36:26,406 INFO    Thread-11 :14180 [dir_watcher.py:_on_file_modified():257] file/dir modified: C:\Projects\Code\Neurals\wandb\run-20220530_113400-1sp5byr3\files\wandb-summary.json
2022-05-30 11:36:26,407 INFO    Thread-11 :14180 [dir_watcher.py:_on_file_modified():257] file/dir modified: C:\Projects\Code\Neurals\wandb\run-20220530_113400-1sp5byr3\files\output.log
2022-05-30 11:36:27,845 DEBUG   HandlerThread:14180 [handler.py:handle_request():141] handle_request: partial_history
2022-05-30 11:36:27,846 DEBUG   SenderThread:14180 [sender.py:send():232] send: history
2022-05-30 11:36:27,846 DEBUG   SenderThread:14180 [sender.py:send():232] send: summary
2022-05-30 11:36:27,846 INFO    SenderThread:14180 [sender.py:_save_file():948] saving file wandb-summary.json with policy end
2022-05-30 11:36:28,425 INFO    Thread-11 :14180 [dir_watcher.py:_on_file_modified():257] file/dir modified: C:\Projects\Code\Neurals\wandb\run-20220530_113400-1sp5byr3\files\wandb-summary.json
2022-05-30 11:36:28,425 INFO    Thread-11 :14180 [dir_watcher.py:_on_file_modified():257] file/dir modified: C:\Projects\Code\Neurals\wandb\run-20220530_113400-1sp5byr3\files\output.log
2022-05-30 11:36:29,781 DEBUG   HandlerThread:14180 [handler.py:handle_request():141] handle_request: partial_history
2022-05-30 11:36:29,782 DEBUG   SenderThread:14180 [sender.py:send():232] send: history
2022-05-30 11:36:29,782 DEBUG   SenderThread:14180 [sender.py:send():232] send: summary
2022-05-30 11:36:29,783 INFO    SenderThread:14180 [sender.py:_save_file():948] saving file wandb-summary.json with policy end
2022-05-30 11:36:30,443 INFO    Thread-11 :14180 [dir_watcher.py:_on_file_modified():257] file/dir modified: C:\Projects\Code\Neurals\wandb\run-20220530_113400-1sp5byr3\files\wandb-summary.json
2022-05-30 11:36:30,443 INFO    Thread-11 :14180 [dir_watcher.py:_on_file_modified():257] file/dir modified: C:\Projects\Code\Neurals\wandb\run-20220530_113400-1sp5byr3\files\output.log
2022-05-30 11:36:31,724 DEBUG   HandlerThread:14180 [handler.py:handle_request():141] handle_request: partial_history
2022-05-30 11:36:31,725 DEBUG   SenderThread:14180 [sender.py:send():232] send: history
2022-05-30 11:36:31,725 DEBUG   SenderThread:14180 [sender.py:send():232] send: summary
2022-05-30 11:36:31,725 INFO    SenderThread:14180 [sender.py:_save_file():948] saving file wandb-summary.json with policy end
2022-05-30 11:36:32,459 INFO    Thread-11 :14180 [dir_watcher.py:_on_file_modified():257] file/dir modified: C:\Projects\Code\Neurals\wandb\run-20220530_113400-1sp5byr3\files\wandb-summary.json
2022-05-30 11:36:32,459 INFO    Thread-11 :14180 [dir_watcher.py:_on_file_modified():257] file/dir modified: C:\Projects\Code\Neurals\wandb\run-20220530_113400-1sp5byr3\files\output.log
2022-05-30 11:36:33,639 DEBUG   HandlerThread:14180 [handler.py:handle_request():141] handle_request: partial_history
2022-05-30 11:36:33,640 DEBUG   SenderThread:14180 [sender.py:send():232] send: history
2022-05-30 11:36:33,641 DEBUG   SenderThread:14180 [sender.py:send():232] send: summary
2022-05-30 11:36:33,641 INFO    SenderThread:14180 [sender.py:_save_file():948] saving file wandb-summary.json with policy end
2022-05-30 11:36:34,465 INFO    Thread-11 :14180 [dir_watcher.py:_on_file_modified():257] file/dir modified: C:\Projects\Code\Neurals\wandb\run-20220530_113400-1sp5byr3\files\wandb-summary.json
2022-05-30 11:36:34,466 INFO    Thread-11 :14180 [dir_watcher.py:_on_file_modified():257] file/dir modified: C:\Projects\Code\Neurals\wandb\run-20220530_113400-1sp5byr3\files\output.log
2022-05-30 11:36:35,512 DEBUG   HandlerThread:14180 [handler.py:handle_request():141] handle_request: partial_history
2022-05-30 11:36:35,512 DEBUG   SenderThread:14180 [sender.py:send():232] send: history
2022-05-30 11:36:35,512 DEBUG   SenderThread:14180 [sender.py:send():232] send: summary
2022-05-30 11:36:35,513 INFO    SenderThread:14180 [sender.py:_save_file():948] saving file wandb-summary.json with policy end
2022-05-30 11:36:36,479 INFO    Thread-11 :14180 [dir_watcher.py:_on_file_modified():257] file/dir modified: C:\Projects\Code\Neurals\wandb\run-20220530_113400-1sp5byr3\files\wandb-summary.json
2022-05-30 11:36:36,480 INFO    Thread-11 :14180 [dir_watcher.py:_on_file_modified():257] file/dir modified: C:\Projects\Code\Neurals\wandb\run-20220530_113400-1sp5byr3\files\output.log
2022-05-30 11:36:37,373 DEBUG   HandlerThread:14180 [handler.py:handle_request():141] handle_request: partial_history
2022-05-30 11:36:37,374 DEBUG   SenderThread:14180 [sender.py:send():232] send: history
2022-05-30 11:36:37,375 DEBUG   SenderThread:14180 [sender.py:send():232] send: summary
2022-05-30 11:36:37,376 INFO    SenderThread:14180 [sender.py:_save_file():948] saving file wandb-summary.json with policy end
2022-05-30 11:36:37,491 INFO    Thread-11 :14180 [dir_watcher.py:_on_file_modified():257] file/dir modified: C:\Projects\Code\Neurals\wandb\run-20220530_113400-1sp5byr3\files\wandb-summary.json
2022-05-30 11:36:37,990 DEBUG   HandlerThread:14180 [handler.py:handle_request():141] handle_request: stop_status
2022-05-30 11:36:37,990 DEBUG   SenderThread:14180 [sender.py:send_request():246] send_request: stop_status
2022-05-30 11:36:38,506 INFO    Thread-11 :14180 [dir_watcher.py:_on_file_modified():257] file/dir modified: C:\Projects\Code\Neurals\wandb\run-20220530_113400-1sp5byr3\files\output.log
2022-05-30 11:36:39,516 DEBUG   HandlerThread:14180 [handler.py:handle_request():141] handle_request: partial_history
2022-05-30 11:36:39,517 DEBUG   SenderThread:14180 [sender.py:send():232] send: history
2022-05-30 11:36:39,517 DEBUG   SenderThread:14180 [sender.py:send():232] send: summary
2022-05-30 11:36:39,518 INFO    SenderThread:14180 [sender.py:_save_file():948] saving file wandb-summary.json with policy end
2022-05-30 11:36:39,518 INFO    Thread-11 :14180 [dir_watcher.py:_on_file_modified():257] file/dir modified: C:\Projects\Code\Neurals\wandb\run-20220530_113400-1sp5byr3\files\wandb-summary.json
2022-05-30 11:36:40,533 INFO    Thread-11 :14180 [dir_watcher.py:_on_file_modified():257] file/dir modified: C:\Projects\Code\Neurals\wandb\run-20220530_113400-1sp5byr3\files\output.log
2022-05-30 11:36:41,436 DEBUG   HandlerThread:14180 [handler.py:handle_request():141] handle_request: partial_history
2022-05-30 11:36:41,437 DEBUG   SenderThread:14180 [sender.py:send():232] send: history
2022-05-30 11:36:41,437 DEBUG   SenderThread:14180 [sender.py:send():232] send: summary
2022-05-30 11:36:41,438 INFO    SenderThread:14180 [sender.py:_save_file():948] saving file wandb-summary.json with policy end
2022-05-30 11:36:41,534 INFO    Thread-11 :14180 [dir_watcher.py:_on_file_modified():257] file/dir modified: C:\Projects\Code\Neurals\wandb\run-20220530_113400-1sp5byr3\files\wandb-summary.json
2022-05-30 11:36:42,548 INFO    Thread-11 :14180 [dir_watcher.py:_on_file_modified():257] file/dir modified: C:\Projects\Code\Neurals\wandb\run-20220530_113400-1sp5byr3\files\output.log
2022-05-30 11:36:43,236 DEBUG   HandlerThread:14180 [handler.py:handle_request():141] handle_request: partial_history
2022-05-30 11:36:43,237 DEBUG   SenderThread:14180 [sender.py:send():232] send: history
2022-05-30 11:36:43,237 DEBUG   SenderThread:14180 [sender.py:send():232] send: summary
2022-05-30 11:36:43,238 INFO    SenderThread:14180 [sender.py:_save_file():948] saving file wandb-summary.json with policy end
2022-05-30 11:36:43,563 INFO    Thread-11 :14180 [dir_watcher.py:_on_file_modified():257] file/dir modified: C:\Projects\Code\Neurals\wandb\run-20220530_113400-1sp5byr3\files\wandb-summary.json
2022-05-30 11:36:44,567 INFO    Thread-11 :14180 [dir_watcher.py:_on_file_modified():257] file/dir modified: C:\Projects\Code\Neurals\wandb\run-20220530_113400-1sp5byr3\files\output.log
2022-05-30 11:36:45,028 DEBUG   HandlerThread:14180 [handler.py:handle_request():141] handle_request: partial_history
2022-05-30 11:36:45,029 DEBUG   SenderThread:14180 [sender.py:send():232] send: history
2022-05-30 11:36:45,029 DEBUG   SenderThread:14180 [sender.py:send():232] send: summary
2022-05-30 11:36:45,030 INFO    SenderThread:14180 [sender.py:_save_file():948] saving file wandb-summary.json with policy end
2022-05-30 11:36:45,582 INFO    Thread-11 :14180 [dir_watcher.py:_on_file_modified():257] file/dir modified: C:\Projects\Code\Neurals\wandb\run-20220530_113400-1sp5byr3\files\wandb-summary.json
2022-05-30 11:36:46,599 INFO    Thread-11 :14180 [dir_watcher.py:_on_file_modified():257] file/dir modified: C:\Projects\Code\Neurals\wandb\run-20220530_113400-1sp5byr3\files\output.log
2022-05-30 11:36:47,046 DEBUG   HandlerThread:14180 [handler.py:handle_request():141] handle_request: partial_history
2022-05-30 11:36:47,047 DEBUG   SenderThread:14180 [sender.py:send():232] send: history
2022-05-30 11:36:47,047 DEBUG   SenderThread:14180 [sender.py:send():232] send: summary
2022-05-30 11:36:47,048 INFO    SenderThread:14180 [sender.py:_save_file():948] saving file wandb-summary.json with policy end
2022-05-30 11:36:47,612 INFO    Thread-11 :14180 [dir_watcher.py:_on_file_modified():257] file/dir modified: C:\Projects\Code\Neurals\wandb\run-20220530_113400-1sp5byr3\files\wandb-summary.json
2022-05-30 11:36:48,616 INFO    Thread-11 :14180 [dir_watcher.py:_on_file_modified():257] file/dir modified: C:\Projects\Code\Neurals\wandb\run-20220530_113400-1sp5byr3\files\output.log
2022-05-30 11:36:48,884 DEBUG   HandlerThread:14180 [handler.py:handle_request():141] handle_request: partial_history
2022-05-30 11:36:48,884 DEBUG   SenderThread:14180 [sender.py:send():232] send: history
2022-05-30 11:36:48,885 DEBUG   SenderThread:14180 [sender.py:send():232] send: summary
2022-05-30 11:36:48,886 INFO    SenderThread:14180 [sender.py:_save_file():948] saving file wandb-summary.json with policy end
2022-05-30 11:36:49,617 INFO    Thread-11 :14180 [dir_watcher.py:_on_file_modified():257] file/dir modified: C:\Projects\Code\Neurals\wandb\run-20220530_113400-1sp5byr3\files\wandb-summary.json
2022-05-30 11:36:49,778 DEBUG   SenderThread:14180 [sender.py:send():232] send: stats
2022-05-30 11:36:50,631 INFO    Thread-11 :14180 [dir_watcher.py:_on_file_modified():257] file/dir modified: C:\Projects\Code\Neurals\wandb\run-20220530_113400-1sp5byr3\files\output.log
2022-05-30 11:36:50,730 DEBUG   HandlerThread:14180 [handler.py:handle_request():141] handle_request: partial_history
2022-05-30 11:36:50,731 DEBUG   SenderThread:14180 [sender.py:send():232] send: history
2022-05-30 11:36:50,732 DEBUG   SenderThread:14180 [sender.py:send():232] send: summary
2022-05-30 11:36:50,732 INFO    SenderThread:14180 [sender.py:_save_file():948] saving file wandb-summary.json with policy end
2022-05-30 11:36:51,633 INFO    Thread-11 :14180 [dir_watcher.py:_on_file_modified():257] file/dir modified: C:\Projects\Code\Neurals\wandb\run-20220530_113400-1sp5byr3\files\wandb-summary.json
2022-05-30 11:36:52,598 DEBUG   HandlerThread:14180 [handler.py:handle_request():141] handle_request: partial_history
2022-05-30 11:36:52,598 DEBUG   SenderThread:14180 [sender.py:send():232] send: history
2022-05-30 11:36:52,598 DEBUG   SenderThread:14180 [sender.py:send():232] send: summary
2022-05-30 11:36:52,599 INFO    SenderThread:14180 [sender.py:_save_file():948] saving file wandb-summary.json with policy end
2022-05-30 11:36:52,646 INFO    Thread-11 :14180 [dir_watcher.py:_on_file_modified():257] file/dir modified: C:\Projects\Code\Neurals\wandb\run-20220530_113400-1sp5byr3\files\wandb-summary.json
2022-05-30 11:36:52,646 INFO    Thread-11 :14180 [dir_watcher.py:_on_file_modified():257] file/dir modified: C:\Projects\Code\Neurals\wandb\run-20220530_113400-1sp5byr3\files\output.log
2022-05-30 11:36:53,269 DEBUG   HandlerThread:14180 [handler.py:handle_request():141] handle_request: stop_status
2022-05-30 11:36:53,270 DEBUG   SenderThread:14180 [sender.py:send_request():246] send_request: stop_status
2022-05-30 11:36:54,440 DEBUG   HandlerThread:14180 [handler.py:handle_request():141] handle_request: partial_history
2022-05-30 11:36:54,441 DEBUG   SenderThread:14180 [sender.py:send():232] send: history
2022-05-30 11:36:54,441 DEBUG   SenderThread:14180 [sender.py:send():232] send: summary
2022-05-30 11:36:54,442 INFO    SenderThread:14180 [sender.py:_save_file():948] saving file wandb-summary.json with policy end
2022-05-30 11:36:54,660 INFO    Thread-11 :14180 [dir_watcher.py:_on_file_modified():257] file/dir modified: C:\Projects\Code\Neurals\wandb\run-20220530_113400-1sp5byr3\files\wandb-summary.json
2022-05-30 11:36:54,660 INFO    Thread-11 :14180 [dir_watcher.py:_on_file_modified():257] file/dir modified: C:\Projects\Code\Neurals\wandb\run-20220530_113400-1sp5byr3\files\output.log
2022-05-30 11:36:56,301 DEBUG   HandlerThread:14180 [handler.py:handle_request():141] handle_request: partial_history
2022-05-30 11:36:56,302 DEBUG   SenderThread:14180 [sender.py:send():232] send: history
2022-05-30 11:36:56,302 DEBUG   SenderThread:14180 [sender.py:send():232] send: summary
2022-05-30 11:36:56,302 INFO    SenderThread:14180 [sender.py:_save_file():948] saving file wandb-summary.json with policy end
2022-05-30 11:36:56,677 INFO    Thread-11 :14180 [dir_watcher.py:_on_file_modified():257] file/dir modified: C:\Projects\Code\Neurals\wandb\run-20220530_113400-1sp5byr3\files\wandb-summary.json
2022-05-30 11:36:56,677 INFO    Thread-11 :14180 [dir_watcher.py:_on_file_modified():257] file/dir modified: C:\Projects\Code\Neurals\wandb\run-20220530_113400-1sp5byr3\files\output.log
2022-05-30 11:36:58,115 DEBUG   HandlerThread:14180 [handler.py:handle_request():141] handle_request: partial_history
2022-05-30 11:36:58,116 DEBUG   SenderThread:14180 [sender.py:send():232] send: history
2022-05-30 11:36:58,116 DEBUG   SenderThread:14180 [sender.py:send():232] send: summary
2022-05-30 11:36:58,116 INFO    SenderThread:14180 [sender.py:_save_file():948] saving file wandb-summary.json with policy end
2022-05-30 11:36:58,692 INFO    Thread-11 :14180 [dir_watcher.py:_on_file_modified():257] file/dir modified: C:\Projects\Code\Neurals\wandb\run-20220530_113400-1sp5byr3\files\wandb-summary.json
2022-05-30 11:36:58,692 INFO    Thread-11 :14180 [dir_watcher.py:_on_file_modified():257] file/dir modified: C:\Projects\Code\Neurals\wandb\run-20220530_113400-1sp5byr3\files\output.log
2022-05-30 11:36:59,928 DEBUG   HandlerThread:14180 [handler.py:handle_request():141] handle_request: partial_history
2022-05-30 11:36:59,929 DEBUG   SenderThread:14180 [sender.py:send():232] send: history
2022-05-30 11:36:59,929 DEBUG   SenderThread:14180 [sender.py:send():232] send: summary
2022-05-30 11:36:59,929 INFO    SenderThread:14180 [sender.py:_save_file():948] saving file wandb-summary.json with policy end
2022-05-30 11:37:00,695 INFO    Thread-11 :14180 [dir_watcher.py:_on_file_modified():257] file/dir modified: C:\Projects\Code\Neurals\wandb\run-20220530_113400-1sp5byr3\files\wandb-summary.json
2022-05-30 11:37:00,695 INFO    Thread-11 :14180 [dir_watcher.py:_on_file_modified():257] file/dir modified: C:\Projects\Code\Neurals\wandb\run-20220530_113400-1sp5byr3\files\output.log
2022-05-30 11:37:01,716 DEBUG   HandlerThread:14180 [handler.py:handle_request():141] handle_request: partial_history
2022-05-30 11:37:01,717 DEBUG   SenderThread:14180 [sender.py:send():232] send: history
2022-05-30 11:37:01,717 DEBUG   SenderThread:14180 [sender.py:send():232] send: summary
2022-05-30 11:37:01,718 INFO    SenderThread:14180 [sender.py:_save_file():948] saving file wandb-summary.json with policy end
2022-05-30 11:37:02,712 INFO    Thread-11 :14180 [dir_watcher.py:_on_file_modified():257] file/dir modified: C:\Projects\Code\Neurals\wandb\run-20220530_113400-1sp5byr3\files\wandb-summary.json
2022-05-30 11:37:02,712 INFO    Thread-11 :14180 [dir_watcher.py:_on_file_modified():257] file/dir modified: C:\Projects\Code\Neurals\wandb\run-20220530_113400-1sp5byr3\files\output.log
2022-05-30 11:37:03,554 DEBUG   HandlerThread:14180 [handler.py:handle_request():141] handle_request: partial_history
2022-05-30 11:37:03,555 DEBUG   SenderThread:14180 [sender.py:send():232] send: history
2022-05-30 11:37:03,555 DEBUG   SenderThread:14180 [sender.py:send():232] send: summary
2022-05-30 11:37:03,555 INFO    SenderThread:14180 [sender.py:_save_file():948] saving file wandb-summary.json with policy end
2022-05-30 11:37:03,725 INFO    Thread-11 :14180 [dir_watcher.py:_on_file_modified():257] file/dir modified: C:\Projects\Code\Neurals\wandb\run-20220530_113400-1sp5byr3\files\wandb-summary.json
2022-05-30 11:37:04,727 INFO    Thread-11 :14180 [dir_watcher.py:_on_file_modified():257] file/dir modified: C:\Projects\Code\Neurals\wandb\run-20220530_113400-1sp5byr3\files\output.log
2022-05-30 11:37:05,409 DEBUG   HandlerThread:14180 [handler.py:handle_request():141] handle_request: partial_history
2022-05-30 11:37:05,410 DEBUG   SenderThread:14180 [sender.py:send():232] send: history
2022-05-30 11:37:05,410 DEBUG   SenderThread:14180 [sender.py:send():232] send: summary
2022-05-30 11:37:05,411 INFO    SenderThread:14180 [sender.py:_save_file():948] saving file wandb-summary.json with policy end
2022-05-30 11:37:05,730 INFO    Thread-11 :14180 [dir_watcher.py:_on_file_modified():257] file/dir modified: C:\Projects\Code\Neurals\wandb\run-20220530_113400-1sp5byr3\files\wandb-summary.json
2022-05-30 11:37:06,736 INFO    Thread-11 :14180 [dir_watcher.py:_on_file_modified():257] file/dir modified: C:\Projects\Code\Neurals\wandb\run-20220530_113400-1sp5byr3\files\output.log
2022-05-30 11:37:07,348 DEBUG   HandlerThread:14180 [handler.py:handle_request():141] handle_request: partial_history
2022-05-30 11:37:07,348 DEBUG   SenderThread:14180 [sender.py:send():232] send: history
2022-05-30 11:37:07,349 DEBUG   SenderThread:14180 [sender.py:send():232] send: summary
2022-05-30 11:37:07,349 INFO    SenderThread:14180 [sender.py:_save_file():948] saving file wandb-summary.json with policy end
2022-05-30 11:37:07,750 INFO    Thread-11 :14180 [dir_watcher.py:_on_file_modified():257] file/dir modified: C:\Projects\Code\Neurals\wandb\run-20220530_113400-1sp5byr3\files\wandb-summary.json
2022-05-30 11:37:08,561 DEBUG   HandlerThread:14180 [handler.py:handle_request():141] handle_request: stop_status
2022-05-30 11:37:08,561 DEBUG   SenderThread:14180 [sender.py:send_request():246] send_request: stop_status
2022-05-30 11:37:08,763 INFO    Thread-11 :14180 [dir_watcher.py:_on_file_modified():257] file/dir modified: C:\Projects\Code\Neurals\wandb\run-20220530_113400-1sp5byr3\files\output.log
2022-05-30 11:37:09,246 DEBUG   HandlerThread:14180 [handler.py:handle_request():141] handle_request: partial_history
2022-05-30 11:37:09,247 DEBUG   SenderThread:14180 [sender.py:send():232] send: history
2022-05-30 11:37:09,247 DEBUG   SenderThread:14180 [sender.py:send():232] send: summary
2022-05-30 11:37:09,247 INFO    SenderThread:14180 [sender.py:_save_file():948] saving file wandb-summary.json with policy end
2022-05-30 11:37:09,765 INFO    Thread-11 :14180 [dir_watcher.py:_on_file_modified():257] file/dir modified: C:\Projects\Code\Neurals\wandb\run-20220530_113400-1sp5byr3\files\wandb-summary.json
2022-05-30 11:37:10,769 INFO    Thread-11 :14180 [dir_watcher.py:_on_file_modified():257] file/dir modified: C:\Projects\Code\Neurals\wandb\run-20220530_113400-1sp5byr3\files\output.log
2022-05-30 11:37:11,385 DEBUG   HandlerThread:14180 [handler.py:handle_request():141] handle_request: partial_history
2022-05-30 11:37:11,387 DEBUG   SenderThread:14180 [sender.py:send():232] send: history
2022-05-30 11:37:11,387 DEBUG   SenderThread:14180 [sender.py:send():232] send: summary
2022-05-30 11:37:11,388 INFO    SenderThread:14180 [sender.py:_save_file():948] saving file wandb-summary.json with policy end
2022-05-30 11:37:11,773 INFO    Thread-11 :14180 [dir_watcher.py:_on_file_modified():257] file/dir modified: C:\Projects\Code\Neurals\wandb\run-20220530_113400-1sp5byr3\files\wandb-summary.json
2022-05-30 11:37:12,774 INFO    Thread-11 :14180 [dir_watcher.py:_on_file_modified():257] file/dir modified: C:\Projects\Code\Neurals\wandb\run-20220530_113400-1sp5byr3\files\output.log
2022-05-30 11:37:13,276 DEBUG   HandlerThread:14180 [handler.py:handle_request():141] handle_request: partial_history
2022-05-30 11:37:13,276 DEBUG   SenderThread:14180 [sender.py:send():232] send: history
2022-05-30 11:37:13,276 DEBUG   SenderThread:14180 [sender.py:send():232] send: summary
2022-05-30 11:37:13,277 INFO    SenderThread:14180 [sender.py:_save_file():948] saving file wandb-summary.json with policy end
2022-05-30 11:37:13,778 INFO    Thread-11 :14180 [dir_watcher.py:_on_file_modified():257] file/dir modified: C:\Projects\Code\Neurals\wandb\run-20220530_113400-1sp5byr3\files\wandb-summary.json
2022-05-30 11:37:14,781 INFO    Thread-11 :14180 [dir_watcher.py:_on_file_modified():257] file/dir modified: C:\Projects\Code\Neurals\wandb\run-20220530_113400-1sp5byr3\files\output.log
2022-05-30 11:37:15,160 DEBUG   HandlerThread:14180 [handler.py:handle_request():141] handle_request: partial_history
2022-05-30 11:37:15,160 DEBUG   SenderThread:14180 [sender.py:send():232] send: history
2022-05-30 11:37:15,160 DEBUG   SenderThread:14180 [sender.py:send():232] send: summary
2022-05-30 11:37:15,161 INFO    SenderThread:14180 [sender.py:_save_file():948] saving file wandb-summary.json with policy end
2022-05-30 11:37:15,783 INFO    Thread-11 :14180 [dir_watcher.py:_on_file_modified():257] file/dir modified: C:\Projects\Code\Neurals\wandb\run-20220530_113400-1sp5byr3\files\wandb-summary.json
2022-05-30 11:37:16,784 INFO    Thread-11 :14180 [dir_watcher.py:_on_file_modified():257] file/dir modified: C:\Projects\Code\Neurals\wandb\run-20220530_113400-1sp5byr3\files\output.log
2022-05-30 11:37:17,050 DEBUG   HandlerThread:14180 [handler.py:handle_request():141] handle_request: partial_history
2022-05-30 11:37:17,051 DEBUG   SenderThread:14180 [sender.py:send():232] send: history
2022-05-30 11:37:17,051 DEBUG   SenderThread:14180 [sender.py:send():232] send: summary
2022-05-30 11:37:17,052 INFO    SenderThread:14180 [sender.py:_save_file():948] saving file wandb-summary.json with policy end
2022-05-30 11:37:17,787 INFO    Thread-11 :14180 [dir_watcher.py:_on_file_modified():257] file/dir modified: C:\Projects\Code\Neurals\wandb\run-20220530_113400-1sp5byr3\files\wandb-summary.json
2022-05-30 11:37:18,794 INFO    Thread-11 :14180 [dir_watcher.py:_on_file_modified():257] file/dir modified: C:\Projects\Code\Neurals\wandb\run-20220530_113400-1sp5byr3\files\output.log
2022-05-30 11:37:18,947 DEBUG   HandlerThread:14180 [handler.py:handle_request():141] handle_request: partial_history
2022-05-30 11:37:18,948 DEBUG   SenderThread:14180 [sender.py:send():232] send: history
2022-05-30 11:37:18,949 DEBUG   SenderThread:14180 [sender.py:send():232] send: summary
2022-05-30 11:37:18,950 INFO    SenderThread:14180 [sender.py:_save_file():948] saving file wandb-summary.json with policy end
2022-05-30 11:37:19,796 INFO    Thread-11 :14180 [dir_watcher.py:_on_file_modified():257] file/dir modified: C:\Projects\Code\Neurals\wandb\run-20220530_113400-1sp5byr3\files\wandb-summary.json
2022-05-30 11:37:20,797 INFO    Thread-11 :14180 [dir_watcher.py:_on_file_modified():257] file/dir modified: C:\Projects\Code\Neurals\wandb\run-20220530_113400-1sp5byr3\files\output.log
2022-05-30 11:37:20,835 DEBUG   HandlerThread:14180 [handler.py:handle_request():141] handle_request: partial_history
2022-05-30 11:37:20,836 DEBUG   SenderThread:14180 [sender.py:send():232] send: history
2022-05-30 11:37:20,836 DEBUG   SenderThread:14180 [sender.py:send():232] send: summary
2022-05-30 11:37:20,837 INFO    SenderThread:14180 [sender.py:_save_file():948] saving file wandb-summary.json with policy end
2022-05-30 11:37:21,798 INFO    Thread-11 :14180 [dir_watcher.py:_on_file_modified():257] file/dir modified: C:\Projects\Code\Neurals\wandb\run-20220530_113400-1sp5byr3\files\wandb-summary.json
2022-05-30 11:37:22,683 DEBUG   HandlerThread:14180 [handler.py:handle_request():141] handle_request: partial_history
2022-05-30 11:37:22,684 DEBUG   SenderThread:14180 [sender.py:send():232] send: history
2022-05-30 11:37:22,684 DEBUG   SenderThread:14180 [sender.py:send():232] send: summary
2022-05-30 11:37:22,685 INFO    SenderThread:14180 [sender.py:_save_file():948] saving file wandb-summary.json with policy end
2022-05-30 11:37:22,801 INFO    Thread-11 :14180 [dir_watcher.py:_on_file_modified():257] file/dir modified: C:\Projects\Code\Neurals\wandb\run-20220530_113400-1sp5byr3\files\wandb-summary.json
2022-05-30 11:37:22,802 INFO    Thread-11 :14180 [dir_watcher.py:_on_file_modified():257] file/dir modified: C:\Projects\Code\Neurals\wandb\run-20220530_113400-1sp5byr3\files\output.log
2022-05-30 11:37:23,201 DEBUG   SenderThread:14180 [sender.py:send():232] send: stats
2022-05-30 11:37:23,836 DEBUG   HandlerThread:14180 [handler.py:handle_request():141] handle_request: stop_status
2022-05-30 11:37:23,836 DEBUG   SenderThread:14180 [sender.py:send_request():246] send_request: stop_status
2022-05-30 11:37:24,573 DEBUG   HandlerThread:14180 [handler.py:handle_request():141] handle_request: partial_history
2022-05-30 11:37:24,574 DEBUG   SenderThread:14180 [sender.py:send():232] send: history
2022-05-30 11:37:24,574 DEBUG   SenderThread:14180 [sender.py:send():232] send: summary
2022-05-30 11:37:24,575 INFO    SenderThread:14180 [sender.py:_save_file():948] saving file wandb-summary.json with policy end
2022-05-30 11:37:24,812 INFO    Thread-11 :14180 [dir_watcher.py:_on_file_modified():257] file/dir modified: C:\Projects\Code\Neurals\wandb\run-20220530_113400-1sp5byr3\files\wandb-summary.json
2022-05-30 11:37:24,812 INFO    Thread-11 :14180 [dir_watcher.py:_on_file_modified():257] file/dir modified: C:\Projects\Code\Neurals\wandb\run-20220530_113400-1sp5byr3\files\output.log
2022-05-30 11:37:26,438 DEBUG   HandlerThread:14180 [handler.py:handle_request():141] handle_request: partial_history
2022-05-30 11:37:26,439 DEBUG   SenderThread:14180 [sender.py:send():232] send: history
2022-05-30 11:37:26,439 DEBUG   SenderThread:14180 [sender.py:send():232] send: summary
2022-05-30 11:37:26,440 INFO    SenderThread:14180 [sender.py:_save_file():948] saving file wandb-summary.json with policy end
2022-05-30 11:37:26,840 INFO    Thread-11 :14180 [dir_watcher.py:_on_file_modified():257] file/dir modified: C:\Projects\Code\Neurals\wandb\run-20220530_113400-1sp5byr3\files\wandb-summary.json
2022-05-30 11:37:26,841 INFO    Thread-11 :14180 [dir_watcher.py:_on_file_modified():257] file/dir modified: C:\Projects\Code\Neurals\wandb\run-20220530_113400-1sp5byr3\files\output.log
2022-05-30 11:37:28,297 DEBUG   HandlerThread:14180 [handler.py:handle_request():141] handle_request: partial_history
2022-05-30 11:37:28,298 DEBUG   SenderThread:14180 [sender.py:send():232] send: history
2022-05-30 11:37:28,298 DEBUG   SenderThread:14180 [sender.py:send():232] send: summary
2022-05-30 11:37:28,299 INFO    SenderThread:14180 [sender.py:_save_file():948] saving file wandb-summary.json with policy end
2022-05-30 11:37:28,849 INFO    Thread-11 :14180 [dir_watcher.py:_on_file_modified():257] file/dir modified: C:\Projects\Code\Neurals\wandb\run-20220530_113400-1sp5byr3\files\wandb-summary.json
2022-05-30 11:37:28,849 INFO    Thread-11 :14180 [dir_watcher.py:_on_file_modified():257] file/dir modified: C:\Projects\Code\Neurals\wandb\run-20220530_113400-1sp5byr3\files\output.log
2022-05-30 11:37:30,106 DEBUG   HandlerThread:14180 [handler.py:handle_request():141] handle_request: partial_history
2022-05-30 11:37:30,107 DEBUG   SenderThread:14180 [sender.py:send():232] send: history
2022-05-30 11:37:30,107 DEBUG   SenderThread:14180 [sender.py:send():232] send: summary
2022-05-30 11:37:30,107 INFO    SenderThread:14180 [sender.py:_save_file():948] saving file wandb-summary.json with policy end
2022-05-30 11:37:30,861 INFO    Thread-11 :14180 [dir_watcher.py:_on_file_modified():257] file/dir modified: C:\Projects\Code\Neurals\wandb\run-20220530_113400-1sp5byr3\files\wandb-summary.json
2022-05-30 11:37:30,861 INFO    Thread-11 :14180 [dir_watcher.py:_on_file_modified():257] file/dir modified: C:\Projects\Code\Neurals\wandb\run-20220530_113400-1sp5byr3\files\output.log
2022-05-30 11:37:32,155 DEBUG   HandlerThread:14180 [handler.py:handle_request():141] handle_request: partial_history
2022-05-30 11:37:32,156 DEBUG   SenderThread:14180 [sender.py:send():232] send: history
2022-05-30 11:37:32,156 DEBUG   SenderThread:14180 [sender.py:send():232] send: summary
2022-05-30 11:37:32,157 INFO    SenderThread:14180 [sender.py:_save_file():948] saving file wandb-summary.json with policy end
2022-05-30 11:37:32,869 INFO    Thread-11 :14180 [dir_watcher.py:_on_file_modified():257] file/dir modified: C:\Projects\Code\Neurals\wandb\run-20220530_113400-1sp5byr3\files\wandb-summary.json
2022-05-30 11:37:32,870 INFO    Thread-11 :14180 [dir_watcher.py:_on_file_modified():257] file/dir modified: C:\Projects\Code\Neurals\wandb\run-20220530_113400-1sp5byr3\files\output.log
2022-05-30 11:37:33,961 DEBUG   HandlerThread:14180 [handler.py:handle_request():141] handle_request: partial_history
2022-05-30 11:37:33,961 DEBUG   SenderThread:14180 [sender.py:send():232] send: history
2022-05-30 11:37:33,962 DEBUG   SenderThread:14180 [sender.py:send():232] send: summary
2022-05-30 11:37:33,962 INFO    SenderThread:14180 [sender.py:_save_file():948] saving file wandb-summary.json with policy end
2022-05-30 11:37:34,883 INFO    Thread-11 :14180 [dir_watcher.py:_on_file_modified():257] file/dir modified: C:\Projects\Code\Neurals\wandb\run-20220530_113400-1sp5byr3\files\wandb-summary.json
2022-05-30 11:37:34,883 INFO    Thread-11 :14180 [dir_watcher.py:_on_file_modified():257] file/dir modified: C:\Projects\Code\Neurals\wandb\run-20220530_113400-1sp5byr3\files\output.log
2022-05-30 11:37:35,764 DEBUG   HandlerThread:14180 [handler.py:handle_request():141] handle_request: partial_history
2022-05-30 11:37:35,765 DEBUG   SenderThread:14180 [sender.py:send():232] send: history
2022-05-30 11:37:35,765 DEBUG   SenderThread:14180 [sender.py:send():232] send: summary
2022-05-30 11:37:35,766 INFO    SenderThread:14180 [sender.py:_save_file():948] saving file wandb-summary.json with policy end
2022-05-30 11:37:35,897 INFO    Thread-11 :14180 [dir_watcher.py:_on_file_modified():257] file/dir modified: C:\Projects\Code\Neurals\wandb\run-20220530_113400-1sp5byr3\files\wandb-summary.json
2022-05-30 11:37:35,924 DEBUG   SenderThread:14180 [sender.py:send():232] send: telemetry
2022-05-30 11:37:36,600 DEBUG   HandlerThread:14180 [handler.py:handle_request():141] handle_request: poll_exit
2022-05-30 11:37:36,600 DEBUG   SenderThread:14180 [sender.py:send():232] send: exit
2022-05-30 11:37:36,601 INFO    SenderThread:14180 [sender.py:send_exit():368] handling exit code: 0
2022-05-30 11:37:36,601 INFO    SenderThread:14180 [sender.py:send_exit():370] handling runtime: 214
2022-05-30 11:37:36,601 INFO    SenderThread:14180 [sender.py:_save_file():948] saving file wandb-summary.json with policy end
2022-05-30 11:37:36,602 INFO    SenderThread:14180 [sender.py:send_exit():376] send defer
2022-05-30 11:37:36,602 DEBUG   SenderThread:14180 [sender.py:send_request():246] send_request: poll_exit
2022-05-30 11:37:36,603 DEBUG   HandlerThread:14180 [handler.py:handle_request():141] handle_request: defer
2022-05-30 11:37:36,603 INFO    HandlerThread:14180 [handler.py:handle_request_defer():164] handle defer: 0
2022-05-30 11:37:36,603 DEBUG   SenderThread:14180 [sender.py:send_request():246] send_request: defer
2022-05-30 11:37:36,603 INFO    SenderThread:14180 [sender.py:send_request_defer():385] handle sender defer: 0
2022-05-30 11:37:36,603 INFO    SenderThread:14180 [sender.py:transition_state():389] send defer: 1
2022-05-30 11:37:36,604 DEBUG   HandlerThread:14180 [handler.py:handle_request():141] handle_request: defer
2022-05-30 11:37:36,604 INFO    HandlerThread:14180 [handler.py:handle_request_defer():164] handle defer: 1
2022-05-30 11:37:36,677 DEBUG   SenderThread:14180 [sender.py:send_request():246] send_request: defer
2022-05-30 11:37:36,678 INFO    SenderThread:14180 [sender.py:send_request_defer():385] handle sender defer: 1
2022-05-30 11:37:36,678 INFO    SenderThread:14180 [sender.py:transition_state():389] send defer: 2
2022-05-30 11:37:36,678 DEBUG   SenderThread:14180 [sender.py:send():232] send: stats
2022-05-30 11:37:36,679 DEBUG   HandlerThread:14180 [handler.py:handle_request():141] handle_request: defer
2022-05-30 11:37:36,679 INFO    HandlerThread:14180 [handler.py:handle_request_defer():164] handle defer: 2
2022-05-30 11:37:36,679 DEBUG   SenderThread:14180 [sender.py:send_request():246] send_request: defer
2022-05-30 11:37:36,679 INFO    SenderThread:14180 [sender.py:send_request_defer():385] handle sender defer: 2
2022-05-30 11:37:36,679 INFO    SenderThread:14180 [sender.py:transition_state():389] send defer: 3
2022-05-30 11:37:36,680 DEBUG   HandlerThread:14180 [handler.py:handle_request():141] handle_request: defer
2022-05-30 11:37:36,680 INFO    HandlerThread:14180 [handler.py:handle_request_defer():164] handle defer: 3
2022-05-30 11:37:36,680 DEBUG   SenderThread:14180 [sender.py:send_request():246] send_request: defer
2022-05-30 11:37:36,680 INFO    SenderThread:14180 [sender.py:send_request_defer():385] handle sender defer: 3
2022-05-30 11:37:36,680 INFO    SenderThread:14180 [sender.py:transition_state():389] send defer: 4
2022-05-30 11:37:36,680 DEBUG   HandlerThread:14180 [handler.py:handle_request():141] handle_request: defer
2022-05-30 11:37:36,680 INFO    HandlerThread:14180 [handler.py:handle_request_defer():164] handle defer: 4
2022-05-30 11:37:36,680 DEBUG   SenderThread:14180 [sender.py:send():232] send: summary
2022-05-30 11:37:36,681 INFO    SenderThread:14180 [sender.py:_save_file():948] saving file wandb-summary.json with policy end
2022-05-30 11:37:36,681 DEBUG   SenderThread:14180 [sender.py:send_request():246] send_request: defer
2022-05-30 11:37:36,681 INFO    SenderThread:14180 [sender.py:send_request_defer():385] handle sender defer: 4
2022-05-30 11:37:36,681 INFO    SenderThread:14180 [sender.py:transition_state():389] send defer: 5
2022-05-30 11:37:36,682 DEBUG   HandlerThread:14180 [handler.py:handle_request():141] handle_request: defer
2022-05-30 11:37:36,682 INFO    HandlerThread:14180 [handler.py:handle_request_defer():164] handle defer: 5
2022-05-30 11:37:36,682 DEBUG   SenderThread:14180 [sender.py:send_request():246] send_request: defer
2022-05-30 11:37:36,682 INFO    SenderThread:14180 [sender.py:send_request_defer():385] handle sender defer: 5
2022-05-30 11:37:36,705 DEBUG   HandlerThread:14180 [handler.py:handle_request():141] handle_request: poll_exit
2022-05-30 11:37:36,903 INFO    Thread-11 :14180 [dir_watcher.py:_on_file_modified():257] file/dir modified: C:\Projects\Code\Neurals\wandb\run-20220530_113400-1sp5byr3\files\wandb-summary.json
2022-05-30 11:37:36,904 INFO    Thread-11 :14180 [dir_watcher.py:_on_file_modified():257] file/dir modified: C:\Projects\Code\Neurals\wandb\run-20220530_113400-1sp5byr3\files\output.log
2022-05-30 11:37:36,983 INFO    SenderThread:14180 [sender.py:transition_state():389] send defer: 6
2022-05-30 11:37:36,984 DEBUG   SenderThread:14180 [sender.py:send_request():246] send_request: poll_exit
2022-05-30 11:37:36,984 DEBUG   HandlerThread:14180 [handler.py:handle_request():141] handle_request: defer
2022-05-30 11:37:36,984 INFO    HandlerThread:14180 [handler.py:handle_request_defer():164] handle defer: 6
2022-05-30 11:37:36,985 DEBUG   SenderThread:14180 [sender.py:send_request():246] send_request: defer
2022-05-30 11:37:36,985 INFO    SenderThread:14180 [sender.py:send_request_defer():385] handle sender defer: 6
2022-05-30 11:37:36,985 INFO    SenderThread:14180 [dir_watcher.py:finish():312] shutting down directory watcher
2022-05-30 11:37:37,085 DEBUG   HandlerThread:14180 [handler.py:handle_request():141] handle_request: poll_exit
2022-05-30 11:37:37,907 INFO    SenderThread:14180 [dir_watcher.py:_on_file_modified():257] file/dir modified: C:\Projects\Code\Neurals\wandb\run-20220530_113400-1sp5byr3\files\config.yaml
2022-05-30 11:37:37,908 INFO    SenderThread:14180 [dir_watcher.py:finish():342] scan: C:\Projects\Code\Neurals\wandb\run-20220530_113400-1sp5byr3\files
2022-05-30 11:37:37,908 INFO    SenderThread:14180 [dir_watcher.py:finish():356] scan save: C:\Projects\Code\Neurals\wandb\run-20220530_113400-1sp5byr3\files\config.yaml config.yaml
2022-05-30 11:37:37,909 INFO    SenderThread:14180 [dir_watcher.py:finish():356] scan save: C:\Projects\Code\Neurals\wandb\run-20220530_113400-1sp5byr3\files\output.log output.log
2022-05-30 11:37:37,910 INFO    SenderThread:14180 [dir_watcher.py:finish():356] scan save: C:\Projects\Code\Neurals\wandb\run-20220530_113400-1sp5byr3\files\requirements.txt requirements.txt
2022-05-30 11:37:37,912 INFO    SenderThread:14180 [dir_watcher.py:finish():356] scan save: C:\Projects\Code\Neurals\wandb\run-20220530_113400-1sp5byr3\files\wandb-metadata.json wandb-metadata.json
2022-05-30 11:37:37,912 INFO    SenderThread:14180 [dir_watcher.py:finish():356] scan save: C:\Projects\Code\Neurals\wandb\run-20220530_113400-1sp5byr3\files\wandb-summary.json wandb-summary.json
2022-05-30 11:37:37,917 INFO    SenderThread:14180 [sender.py:transition_state():389] send defer: 7
2022-05-30 11:37:37,918 DEBUG   SenderThread:14180 [sender.py:send_request():246] send_request: poll_exit
2022-05-30 11:37:37,919 DEBUG   HandlerThread:14180 [handler.py:handle_request():141] handle_request: defer
2022-05-30 11:37:37,919 INFO    HandlerThread:14180 [handler.py:handle_request_defer():164] handle defer: 7
2022-05-30 11:37:37,919 DEBUG   SenderThread:14180 [sender.py:send_request():246] send_request: defer
2022-05-30 11:37:37,919 INFO    SenderThread:14180 [sender.py:send_request_defer():385] handle sender defer: 7
2022-05-30 11:37:37,919 INFO    SenderThread:14180 [file_pusher.py:finish():145] shutting down file pusher
2022-05-30 11:37:38,019 DEBUG   HandlerThread:14180 [handler.py:handle_request():141] handle_request: poll_exit
2022-05-30 11:37:38,019 DEBUG   SenderThread:14180 [sender.py:send_request():246] send_request: poll_exit
2022-05-30 11:37:38,121 DEBUG   HandlerThread:14180 [handler.py:handle_request():141] handle_request: poll_exit
2022-05-30 11:37:38,121 DEBUG   SenderThread:14180 [sender.py:send_request():246] send_request: poll_exit
2022-05-30 11:37:38,224 DEBUG   HandlerThread:14180 [handler.py:handle_request():141] handle_request: poll_exit
2022-05-30 11:37:38,224 DEBUG   SenderThread:14180 [sender.py:send_request():246] send_request: poll_exit
2022-05-30 11:37:38,326 DEBUG   HandlerThread:14180 [handler.py:handle_request():141] handle_request: poll_exit
2022-05-30 11:37:38,326 DEBUG   SenderThread:14180 [sender.py:send_request():246] send_request: poll_exit
2022-05-30 11:37:38,428 DEBUG   HandlerThread:14180 [handler.py:handle_request():141] handle_request: poll_exit
2022-05-30 11:37:38,428 DEBUG   SenderThread:14180 [sender.py:send_request():246] send_request: poll_exit
2022-05-30 11:37:38,530 DEBUG   HandlerThread:14180 [handler.py:handle_request():141] handle_request: poll_exit
2022-05-30 11:37:38,531 DEBUG   SenderThread:14180 [sender.py:send_request():246] send_request: poll_exit
2022-05-30 11:37:38,632 DEBUG   HandlerThread:14180 [handler.py:handle_request():141] handle_request: poll_exit
2022-05-30 11:37:38,633 DEBUG   SenderThread:14180 [sender.py:send_request():246] send_request: poll_exit
2022-05-30 11:37:38,707 INFO    Thread-18 :14180 [upload_job.py:push():132] Uploaded file C:\Projects\Code\Neurals\wandb\run-20220530_113400-1sp5byr3\files\requirements.txt
2022-05-30 11:37:38,712 INFO    Thread-19 :14180 [upload_job.py:push():132] Uploaded file C:\Projects\Code\Neurals\wandb\run-20220530_113400-1sp5byr3\files\wandb-summary.json
2022-05-30 11:37:38,730 INFO    Thread-16 :14180 [upload_job.py:push():132] Uploaded file C:\Projects\Code\Neurals\wandb\run-20220530_113400-1sp5byr3\files\config.yaml
2022-05-30 11:37:38,735 DEBUG   HandlerThread:14180 [handler.py:handle_request():141] handle_request: poll_exit
2022-05-30 11:37:38,735 DEBUG   SenderThread:14180 [sender.py:send_request():246] send_request: poll_exit
2022-05-30 11:37:38,837 DEBUG   HandlerThread:14180 [handler.py:handle_request():141] handle_request: poll_exit
2022-05-30 11:37:38,838 DEBUG   SenderThread:14180 [sender.py:send_request():246] send_request: poll_exit
2022-05-30 11:37:38,861 INFO    Thread-17 :14180 [upload_job.py:push():132] Uploaded file C:\Projects\Code\Neurals\wandb\run-20220530_113400-1sp5byr3\files\output.log
2022-05-30 11:37:38,939 DEBUG   HandlerThread:14180 [handler.py:handle_request():141] handle_request: poll_exit
2022-05-30 11:37:38,939 DEBUG   SenderThread:14180 [sender.py:send_request():246] send_request: poll_exit
2022-05-30 11:37:39,042 DEBUG   HandlerThread:14180 [handler.py:handle_request():141] handle_request: poll_exit
2022-05-30 11:37:39,042 DEBUG   SenderThread:14180 [sender.py:send_request():246] send_request: poll_exit
2022-05-30 11:37:39,068 INFO    Thread-10 :14180 [sender.py:transition_state():389] send defer: 8
2022-05-30 11:37:39,069 DEBUG   HandlerThread:14180 [handler.py:handle_request():141] handle_request: defer
2022-05-30 11:37:39,069 INFO    HandlerThread:14180 [handler.py:handle_request_defer():164] handle defer: 8
2022-05-30 11:37:39,069 DEBUG   SenderThread:14180 [sender.py:send_request():246] send_request: defer
2022-05-30 11:37:39,069 INFO    SenderThread:14180 [sender.py:send_request_defer():385] handle sender defer: 8
2022-05-30 11:37:39,144 DEBUG   HandlerThread:14180 [handler.py:handle_request():141] handle_request: poll_exit
2022-05-30 11:37:39,866 INFO    SenderThread:14180 [sender.py:transition_state():389] send defer: 9
2022-05-30 11:37:39,867 DEBUG   SenderThread:14180 [sender.py:send_request():246] send_request: poll_exit
2022-05-30 11:37:39,868 DEBUG   HandlerThread:14180 [handler.py:handle_request():141] handle_request: defer
2022-05-30 11:37:39,868 INFO    HandlerThread:14180 [handler.py:handle_request_defer():164] handle defer: 9
2022-05-30 11:37:39,868 DEBUG   SenderThread:14180 [sender.py:send_request():246] send_request: defer
2022-05-30 11:37:39,868 INFO    SenderThread:14180 [sender.py:send_request_defer():385] handle sender defer: 9
2022-05-30 11:37:39,868 INFO    SenderThread:14180 [sender.py:transition_state():389] send defer: 10
2022-05-30 11:37:39,869 DEBUG   SenderThread:14180 [sender.py:send():232] send: final
2022-05-30 11:37:39,869 DEBUG   HandlerThread:14180 [handler.py:handle_request():141] handle_request: defer
2022-05-30 11:37:39,869 DEBUG   SenderThread:14180 [sender.py:send():232] send: footer
2022-05-30 11:37:39,870 INFO    HandlerThread:14180 [handler.py:handle_request_defer():164] handle defer: 10
2022-05-30 11:37:39,870 DEBUG   SenderThread:14180 [sender.py:send_request():246] send_request: defer
2022-05-30 11:37:39,870 INFO    SenderThread:14180 [sender.py:send_request_defer():385] handle sender defer: 10
2022-05-30 11:37:39,968 DEBUG   HandlerThread:14180 [handler.py:handle_request():141] handle_request: poll_exit
2022-05-30 11:37:39,969 DEBUG   SenderThread:14180 [sender.py:send_request():246] send_request: poll_exit
2022-05-30 11:37:39,969 INFO    SenderThread:14180 [file_pusher.py:join():150] waiting for file pusher
2022-05-30 11:37:40,646 DEBUG   HandlerThread:14180 [handler.py:handle_request():141] handle_request: sampled_history
2022-05-30 11:37:40,649 DEBUG   HandlerThread:14180 [handler.py:handle_request():141] handle_request: get_summary
2022-05-30 11:37:40,650 DEBUG   HandlerThread:14180 [handler.py:handle_request():141] handle_request: shutdown
2022-05-30 11:37:40,650 INFO    HandlerThread:14180 [handler.py:finish():806] shutting down handler
2022-05-30 11:37:40,884 INFO    WriterThread:14180 [datastore.py:close():279] close: C:\Projects\Code\Neurals\wandb\run-20220530_113400-1sp5byr3\run-1sp5byr3.wandb
2022-05-30 11:37:41,554 INFO    SenderThread:14180 [sender.py:finish():1110] shutting down sender
2022-05-30 11:37:41,554 INFO    SenderThread:14180 [file_pusher.py:finish():145] shutting down file pusher
2022-05-30 11:37:41,554 INFO    SenderThread:14180 [file_pusher.py:join():150] waiting for file pusher
2022-05-30 11:37:41,557 INFO    MainThread:14180 [internal.py:handle_exit():80] Internal process exited
