2022-05-23 02:13:30,829 INFO    MainThread:19260 [internal.py:wandb_internal():90] W&B internal server running at pid: 19260, started at: 2022-05-23 02:13:30.828016
2022-05-23 02:13:30,832 INFO    WriterThread:19260 [datastore.py:open_for_write():75] open: C:\Projects\Code\Neurals\wandb\run-20220523_021327-1qpmmzwg\run-1qpmmzwg.wandb
2022-05-23 02:13:30,852 DEBUG   SenderThread:19260 [sender.py:send():232] send: header
2022-05-23 02:13:30,853 DEBUG   SenderThread:19260 [sender.py:send():232] send: run
2022-05-23 02:13:31,166 INFO    SenderThread:19260 [dir_watcher.py:__init__():197] watching files in: C:\Projects\Code\Neurals\wandb\run-20220523_021327-1qpmmzwg\files
2022-05-23 02:13:31,166 INFO    SenderThread:19260 [sender.py:_start_run_threads():811] run started: 1qpmmzwg with start time 1653236007
2022-05-23 02:13:31,166 DEBUG   SenderThread:19260 [sender.py:send():232] send: summary
2022-05-23 02:13:31,167 INFO    SenderThread:19260 [sender.py:_save_file():948] saving file wandb-summary.json with policy end
2022-05-23 02:13:31,168 DEBUG   HandlerThread:19260 [handler.py:handle_request():141] handle_request: check_version
2022-05-23 02:13:31,168 DEBUG   SenderThread:19260 [sender.py:send_request():246] send_request: check_version
2022-05-23 02:13:31,229 DEBUG   HandlerThread:19260 [handler.py:handle_request():141] handle_request: run_start
2022-05-23 02:13:32,176 INFO    Thread-11 :19260 [dir_watcher.py:_on_file_created():244] file/dir created: C:\Projects\Code\Neurals\wandb\run-20220523_021327-1qpmmzwg\files\wandb-summary.json
2022-05-23 02:13:34,270 DEBUG   HandlerThread:19260 [meta.py:__init__():35] meta init
2022-05-23 02:13:34,270 DEBUG   HandlerThread:19260 [meta.py:__init__():49] meta init done
2022-05-23 02:13:34,270 DEBUG   HandlerThread:19260 [meta.py:probe():209] probe
2022-05-23 02:13:34,298 DEBUG   HandlerThread:19260 [git.py:repo():29] git repository is invalid
2022-05-23 02:13:34,298 DEBUG   HandlerThread:19260 [meta.py:_save_pip():53] save pip
2022-05-23 02:13:34,299 DEBUG   HandlerThread:19260 [meta.py:_save_pip():67] save pip done
2022-05-23 02:13:34,299 DEBUG   HandlerThread:19260 [meta.py:probe():247] probe done
2022-05-23 02:13:34,306 DEBUG   SenderThread:19260 [sender.py:send():232] send: files
2022-05-23 02:13:34,306 INFO    SenderThread:19260 [sender.py:_save_file():948] saving file wandb-metadata.json with policy now
2022-05-23 02:13:34,315 DEBUG   HandlerThread:19260 [handler.py:handle_request():141] handle_request: stop_status
2022-05-23 02:13:34,315 DEBUG   SenderThread:19260 [sender.py:send_request():246] send_request: stop_status
2022-05-23 02:13:34,689 DEBUG   SenderThread:19260 [sender.py:send():232] send: telemetry
2022-05-23 02:13:35,201 INFO    Thread-11 :19260 [dir_watcher.py:_on_file_created():244] file/dir created: C:\Projects\Code\Neurals\wandb\run-20220523_021327-1qpmmzwg\files\requirements.txt
2022-05-23 02:13:35,203 INFO    Thread-11 :19260 [dir_watcher.py:_on_file_created():244] file/dir created: C:\Projects\Code\Neurals\wandb\run-20220523_021327-1qpmmzwg\files\wandb-metadata.json
2022-05-23 02:13:35,203 INFO    Thread-11 :19260 [dir_watcher.py:_on_file_created():244] file/dir created: C:\Projects\Code\Neurals\wandb\run-20220523_021327-1qpmmzwg\files\output.log
2022-05-23 02:13:35,277 INFO    Thread-15 :19260 [upload_job.py:push():132] Uploaded file C:\Users\MAXIMN~1\AppData\Local\Temp\tmpd_fsx90awandb\6d42ij0f-wandb-metadata.json
2022-05-23 02:13:37,219 INFO    Thread-11 :19260 [dir_watcher.py:_on_file_modified():257] file/dir modified: C:\Projects\Code\Neurals\wandb\run-20220523_021327-1qpmmzwg\files\output.log
2022-05-23 02:13:39,158 DEBUG   HandlerThread:19260 [handler.py:handle_request():141] handle_request: partial_history
2022-05-23 02:13:39,159 DEBUG   SenderThread:19260 [sender.py:send():232] send: history
2022-05-23 02:13:39,159 DEBUG   SenderThread:19260 [sender.py:send():232] send: summary
2022-05-23 02:13:39,160 INFO    SenderThread:19260 [sender.py:_save_file():948] saving file wandb-summary.json with policy end
2022-05-23 02:13:39,164 DEBUG   HandlerThread:19260 [handler.py:handle_request():141] handle_request: partial_history
2022-05-23 02:13:39,165 DEBUG   SenderThread:19260 [sender.py:send():232] send: history
2022-05-23 02:13:39,165 DEBUG   SenderThread:19260 [sender.py:send():232] send: summary
2022-05-23 02:13:39,169 INFO    SenderThread:19260 [sender.py:_save_file():948] saving file wandb-summary.json with policy end
2022-05-23 02:13:39,242 INFO    Thread-11 :19260 [dir_watcher.py:_on_file_modified():257] file/dir modified: C:\Projects\Code\Neurals\wandb\run-20220523_021327-1qpmmzwg\files\wandb-summary.json
2022-05-23 02:13:41,270 INFO    Thread-11 :19260 [dir_watcher.py:_on_file_modified():257] file/dir modified: C:\Projects\Code\Neurals\wandb\run-20220523_021327-1qpmmzwg\files\output.log
2022-05-23 02:13:45,236 DEBUG   HandlerThread:19260 [handler.py:handle_request():141] handle_request: partial_history
2022-05-23 02:13:45,237 DEBUG   SenderThread:19260 [sender.py:send():232] send: history
2022-05-23 02:13:45,237 DEBUG   SenderThread:19260 [sender.py:send():232] send: summary
2022-05-23 02:13:45,240 INFO    SenderThread:19260 [sender.py:_save_file():948] saving file wandb-summary.json with policy end
2022-05-23 02:13:45,243 DEBUG   HandlerThread:19260 [handler.py:handle_request():141] handle_request: partial_history
2022-05-23 02:13:45,243 DEBUG   SenderThread:19260 [sender.py:send():232] send: history
2022-05-23 02:13:45,243 DEBUG   SenderThread:19260 [sender.py:send():232] send: summary
2022-05-23 02:13:45,243 INFO    SenderThread:19260 [sender.py:_save_file():948] saving file wandb-summary.json with policy end
2022-05-23 02:13:45,285 INFO    Thread-11 :19260 [dir_watcher.py:_on_file_modified():257] file/dir modified: C:\Projects\Code\Neurals\wandb\run-20220523_021327-1qpmmzwg\files\wandb-summary.json
2022-05-23 02:13:47,296 INFO    Thread-11 :19260 [dir_watcher.py:_on_file_modified():257] file/dir modified: C:\Projects\Code\Neurals\wandb\run-20220523_021327-1qpmmzwg\files\output.log
2022-05-23 02:13:49,693 DEBUG   HandlerThread:19260 [handler.py:handle_request():141] handle_request: stop_status
2022-05-23 02:13:49,694 DEBUG   SenderThread:19260 [sender.py:send_request():246] send_request: stop_status
2022-05-23 02:13:51,682 DEBUG   HandlerThread:19260 [handler.py:handle_request():141] handle_request: partial_history
2022-05-23 02:13:51,683 DEBUG   HandlerThread:19260 [handler.py:handle_request():141] handle_request: partial_history
2022-05-23 02:13:51,683 DEBUG   SenderThread:19260 [sender.py:send():232] send: history
2022-05-23 02:13:51,683 DEBUG   SenderThread:19260 [sender.py:send():232] send: summary
2022-05-23 02:13:51,685 INFO    SenderThread:19260 [sender.py:_save_file():948] saving file wandb-summary.json with policy end
2022-05-23 02:13:51,685 DEBUG   SenderThread:19260 [sender.py:send():232] send: history
2022-05-23 02:13:51,685 DEBUG   SenderThread:19260 [sender.py:send():232] send: summary
2022-05-23 02:13:51,686 INFO    SenderThread:19260 [sender.py:_save_file():948] saving file wandb-summary.json with policy end
2022-05-23 02:13:52,317 INFO    Thread-11 :19260 [dir_watcher.py:_on_file_modified():257] file/dir modified: C:\Projects\Code\Neurals\wandb\run-20220523_021327-1qpmmzwg\files\wandb-summary.json
