2022-05-24 10:17:26,001 INFO    MainThread:5688 [internal.py:wandb_internal():90] W&B internal server running at pid: 5688, started at: 2022-05-24 10:17:25.991700
2022-05-24 10:17:26,001 INFO    WriterThread:5688 [datastore.py:open_for_write():75] open: C:\Projects\Code\Neurals\wandb\run-20220524_101724-3jcqpxpk\run-3jcqpxpk.wandb
2022-05-24 10:17:26,009 DEBUG   SenderThread:5688 [sender.py:send():232] send: header
2022-05-24 10:17:26,009 DEBUG   SenderThread:5688 [sender.py:send():232] send: run
2022-05-24 10:17:26,340 DEBUG   HandlerThread:5688 [handler.py:handle_request():141] handle_request: check_version
2022-05-24 10:17:26,346 INFO    SenderThread:5688 [dir_watcher.py:__init__():197] watching files in: C:\Projects\Code\Neurals\wandb\run-20220524_101724-3jcqpxpk\files
2022-05-24 10:17:26,346 INFO    SenderThread:5688 [sender.py:_start_run_threads():811] run started: 3jcqpxpk with start time 1653351444
2022-05-24 10:17:26,346 DEBUG   SenderThread:5688 [sender.py:send():232] send: summary
2022-05-24 10:17:26,346 INFO    SenderThread:5688 [sender.py:_save_file():948] saving file wandb-summary.json with policy end
2022-05-24 10:17:26,346 DEBUG   SenderThread:5688 [sender.py:send_request():246] send_request: check_version
2022-05-24 10:17:26,436 DEBUG   HandlerThread:5688 [handler.py:handle_request():141] handle_request: run_start
2022-05-24 10:17:27,373 INFO    Thread-11 :5688 [dir_watcher.py:_on_file_created():244] file/dir created: C:\Projects\Code\Neurals\wandb\run-20220524_101724-3jcqpxpk\files\wandb-summary.json
2022-05-24 10:17:28,259 DEBUG   HandlerThread:5688 [meta.py:__init__():35] meta init
2022-05-24 10:17:28,259 DEBUG   HandlerThread:5688 [meta.py:__init__():49] meta init done
2022-05-24 10:17:28,259 DEBUG   HandlerThread:5688 [meta.py:probe():209] probe
2022-05-24 10:17:28,275 DEBUG   HandlerThread:5688 [git.py:repo():29] git repository is invalid
2022-05-24 10:17:28,275 DEBUG   HandlerThread:5688 [meta.py:_save_pip():53] save pip
2022-05-24 10:17:28,291 DEBUG   HandlerThread:5688 [meta.py:_save_pip():67] save pip done
2022-05-24 10:17:28,291 DEBUG   HandlerThread:5688 [meta.py:probe():247] probe done
2022-05-24 10:17:28,291 DEBUG   SenderThread:5688 [sender.py:send():232] send: files
2022-05-24 10:17:28,291 INFO    SenderThread:5688 [sender.py:_save_file():948] saving file wandb-metadata.json with policy now
2022-05-24 10:17:28,299 DEBUG   HandlerThread:5688 [handler.py:handle_request():141] handle_request: stop_status
2022-05-24 10:17:28,299 DEBUG   SenderThread:5688 [sender.py:send_request():246] send_request: stop_status
2022-05-24 10:17:28,387 INFO    Thread-11 :5688 [dir_watcher.py:_on_file_created():244] file/dir created: C:\Projects\Code\Neurals\wandb\run-20220524_101724-3jcqpxpk\files\wandb-metadata.json
2022-05-24 10:17:28,388 INFO    Thread-11 :5688 [dir_watcher.py:_on_file_created():244] file/dir created: C:\Projects\Code\Neurals\wandb\run-20220524_101724-3jcqpxpk\files\output.log
2022-05-24 10:17:28,388 INFO    Thread-11 :5688 [dir_watcher.py:_on_file_created():244] file/dir created: C:\Projects\Code\Neurals\wandb\run-20220524_101724-3jcqpxpk\files\requirements.txt
2022-05-24 10:17:28,587 DEBUG   SenderThread:5688 [sender.py:send():232] send: telemetry
2022-05-24 10:17:28,645 DEBUG   SenderThread:5688 [sender.py:send():232] send: telemetry
2022-05-24 10:17:28,946 DEBUG   SenderThread:5688 [sender.py:send():232] send: exit
2022-05-24 10:17:28,946 INFO    SenderThread:5688 [sender.py:send_exit():368] handling exit code: 1
2022-05-24 10:17:28,946 INFO    SenderThread:5688 [sender.py:send_exit():370] handling runtime: 2
2022-05-24 10:17:28,947 DEBUG   HandlerThread:5688 [handler.py:handle_request():141] handle_request: poll_exit
2022-05-24 10:17:28,947 INFO    SenderThread:5688 [sender.py:_save_file():948] saving file wandb-summary.json with policy end
2022-05-24 10:17:28,949 INFO    SenderThread:5688 [sender.py:send_exit():376] send defer
2022-05-24 10:17:28,949 DEBUG   SenderThread:5688 [sender.py:send_request():246] send_request: poll_exit
2022-05-24 10:17:28,949 DEBUG   HandlerThread:5688 [handler.py:handle_request():141] handle_request: defer
2022-05-24 10:17:28,949 INFO    HandlerThread:5688 [handler.py:handle_request_defer():164] handle defer: 0
2022-05-24 10:17:28,949 DEBUG   SenderThread:5688 [sender.py:send_request():246] send_request: defer
2022-05-24 10:17:28,949 INFO    SenderThread:5688 [sender.py:send_request_defer():385] handle sender defer: 0
2022-05-24 10:17:28,949 INFO    SenderThread:5688 [sender.py:transition_state():389] send defer: 1
2022-05-24 10:17:28,950 DEBUG   HandlerThread:5688 [handler.py:handle_request():141] handle_request: defer
2022-05-24 10:17:28,950 INFO    HandlerThread:5688 [handler.py:handle_request_defer():164] handle defer: 1
2022-05-24 10:17:29,043 DEBUG   SenderThread:5688 [sender.py:send_request():246] send_request: defer
2022-05-24 10:17:29,043 INFO    SenderThread:5688 [sender.py:send_request_defer():385] handle sender defer: 1
2022-05-24 10:17:29,043 INFO    SenderThread:5688 [sender.py:transition_state():389] send defer: 2
2022-05-24 10:17:29,044 DEBUG   SenderThread:5688 [sender.py:send():232] send: stats
2022-05-24 10:17:29,044 DEBUG   HandlerThread:5688 [handler.py:handle_request():141] handle_request: defer
2022-05-24 10:17:29,044 INFO    HandlerThread:5688 [handler.py:handle_request_defer():164] handle defer: 2
2022-05-24 10:17:29,045 DEBUG   SenderThread:5688 [sender.py:send_request():246] send_request: defer
2022-05-24 10:17:29,045 INFO    SenderThread:5688 [sender.py:send_request_defer():385] handle sender defer: 2
2022-05-24 10:17:29,045 INFO    SenderThread:5688 [sender.py:transition_state():389] send defer: 3
2022-05-24 10:17:29,046 DEBUG   HandlerThread:5688 [handler.py:handle_request():141] handle_request: defer
2022-05-24 10:17:29,046 INFO    HandlerThread:5688 [handler.py:handle_request_defer():164] handle defer: 3
2022-05-24 10:17:29,046 DEBUG   SenderThread:5688 [sender.py:send_request():246] send_request: defer
2022-05-24 10:17:29,046 INFO    SenderThread:5688 [sender.py:send_request_defer():385] handle sender defer: 3
2022-05-24 10:17:29,046 INFO    SenderThread:5688 [sender.py:transition_state():389] send defer: 4
2022-05-24 10:17:29,046 DEBUG   HandlerThread:5688 [handler.py:handle_request():141] handle_request: defer
2022-05-24 10:17:29,046 INFO    HandlerThread:5688 [handler.py:handle_request_defer():164] handle defer: 4
2022-05-24 10:17:29,047 DEBUG   SenderThread:5688 [sender.py:send():232] send: summary
2022-05-24 10:17:29,047 INFO    SenderThread:5688 [sender.py:_save_file():948] saving file wandb-summary.json with policy end
2022-05-24 10:17:29,048 DEBUG   SenderThread:5688 [sender.py:send_request():246] send_request: defer
2022-05-24 10:17:29,048 INFO    SenderThread:5688 [sender.py:send_request_defer():385] handle sender defer: 4
2022-05-24 10:17:29,048 INFO    SenderThread:5688 [sender.py:transition_state():389] send defer: 5
2022-05-24 10:17:29,048 DEBUG   HandlerThread:5688 [handler.py:handle_request():141] handle_request: defer
2022-05-24 10:17:29,048 INFO    HandlerThread:5688 [handler.py:handle_request_defer():164] handle defer: 5
2022-05-24 10:17:29,048 DEBUG   SenderThread:5688 [sender.py:send_request():246] send_request: defer
2022-05-24 10:17:29,048 INFO    SenderThread:5688 [sender.py:send_request_defer():385] handle sender defer: 5
2022-05-24 10:17:29,052 DEBUG   HandlerThread:5688 [handler.py:handle_request():141] handle_request: poll_exit
2022-05-24 10:17:29,162 INFO    Thread-15 :5688 [upload_job.py:push():132] Uploaded file C:\Users\MAXIMN~1\AppData\Local\Temp\tmpga69a8s1wandb\2yqtx1zn-wandb-metadata.json
2022-05-24 10:17:29,372 INFO    SenderThread:5688 [sender.py:transition_state():389] send defer: 6
2022-05-24 10:17:29,372 DEBUG   SenderThread:5688 [sender.py:send_request():246] send_request: poll_exit
2022-05-24 10:17:29,373 DEBUG   HandlerThread:5688 [handler.py:handle_request():141] handle_request: defer
2022-05-24 10:17:29,373 INFO    HandlerThread:5688 [handler.py:handle_request_defer():164] handle defer: 6
2022-05-24 10:17:29,373 DEBUG   SenderThread:5688 [sender.py:send_request():246] send_request: defer
2022-05-24 10:17:29,373 INFO    SenderThread:5688 [sender.py:send_request_defer():385] handle sender defer: 6
2022-05-24 10:17:29,373 INFO    SenderThread:5688 [dir_watcher.py:finish():312] shutting down directory watcher
2022-05-24 10:17:29,394 INFO    SenderThread:5688 [dir_watcher.py:_on_file_modified():257] file/dir modified: C:\Projects\Code\Neurals\wandb\run-20220524_101724-3jcqpxpk\files\output.log
2022-05-24 10:17:29,395 INFO    SenderThread:5688 [dir_watcher.py:_on_file_modified():257] file/dir modified: C:\Projects\Code\Neurals\wandb\run-20220524_101724-3jcqpxpk\files\wandb-summary.json
2022-05-24 10:17:29,395 INFO    SenderThread:5688 [dir_watcher.py:_on_file_modified():257] file/dir modified: C:\Projects\Code\Neurals\wandb\run-20220524_101724-3jcqpxpk\files\config.yaml
2022-05-24 10:17:29,395 INFO    SenderThread:5688 [dir_watcher.py:finish():342] scan: C:\Projects\Code\Neurals\wandb\run-20220524_101724-3jcqpxpk\files
2022-05-24 10:17:29,396 INFO    SenderThread:5688 [dir_watcher.py:finish():356] scan save: C:\Projects\Code\Neurals\wandb\run-20220524_101724-3jcqpxpk\files\config.yaml config.yaml
2022-05-24 10:17:29,396 INFO    SenderThread:5688 [dir_watcher.py:finish():356] scan save: C:\Projects\Code\Neurals\wandb\run-20220524_101724-3jcqpxpk\files\output.log output.log
2022-05-24 10:17:29,397 INFO    SenderThread:5688 [dir_watcher.py:finish():356] scan save: C:\Projects\Code\Neurals\wandb\run-20220524_101724-3jcqpxpk\files\requirements.txt requirements.txt
2022-05-24 10:17:29,400 INFO    SenderThread:5688 [dir_watcher.py:finish():356] scan save: C:\Projects\Code\Neurals\wandb\run-20220524_101724-3jcqpxpk\files\wandb-metadata.json wandb-metadata.json
2022-05-24 10:17:29,400 INFO    SenderThread:5688 [dir_watcher.py:finish():356] scan save: C:\Projects\Code\Neurals\wandb\run-20220524_101724-3jcqpxpk\files\wandb-summary.json wandb-summary.json
2022-05-24 10:17:29,403 INFO    SenderThread:5688 [sender.py:transition_state():389] send defer: 7
2022-05-24 10:17:29,406 DEBUG   HandlerThread:5688 [handler.py:handle_request():141] handle_request: defer
2022-05-24 10:17:29,406 INFO    HandlerThread:5688 [handler.py:handle_request_defer():164] handle defer: 7
2022-05-24 10:17:29,408 DEBUG   SenderThread:5688 [sender.py:send_request():246] send_request: defer
2022-05-24 10:17:29,408 INFO    SenderThread:5688 [sender.py:send_request_defer():385] handle sender defer: 7
2022-05-24 10:17:29,408 INFO    SenderThread:5688 [file_pusher.py:finish():145] shutting down file pusher
2022-05-24 10:17:29,473 DEBUG   HandlerThread:5688 [handler.py:handle_request():141] handle_request: poll_exit
2022-05-24 10:17:29,474 DEBUG   SenderThread:5688 [sender.py:send_request():246] send_request: poll_exit
2022-05-24 10:17:29,576 DEBUG   HandlerThread:5688 [handler.py:handle_request():141] handle_request: poll_exit
2022-05-24 10:17:29,576 DEBUG   SenderThread:5688 [sender.py:send_request():246] send_request: poll_exit
2022-05-24 10:17:29,677 DEBUG   HandlerThread:5688 [handler.py:handle_request():141] handle_request: poll_exit
2022-05-24 10:17:29,677 DEBUG   SenderThread:5688 [sender.py:send_request():246] send_request: poll_exit
2022-05-24 10:17:29,779 DEBUG   HandlerThread:5688 [handler.py:handle_request():141] handle_request: poll_exit
2022-05-24 10:17:29,780 DEBUG   SenderThread:5688 [sender.py:send_request():246] send_request: poll_exit
2022-05-24 10:17:29,882 DEBUG   HandlerThread:5688 [handler.py:handle_request():141] handle_request: poll_exit
2022-05-24 10:17:29,882 DEBUG   SenderThread:5688 [sender.py:send_request():246] send_request: poll_exit
2022-05-24 10:17:29,985 DEBUG   HandlerThread:5688 [handler.py:handle_request():141] handle_request: poll_exit
2022-05-24 10:17:29,985 DEBUG   SenderThread:5688 [sender.py:send_request():246] send_request: poll_exit
2022-05-24 10:17:30,088 DEBUG   HandlerThread:5688 [handler.py:handle_request():141] handle_request: poll_exit
2022-05-24 10:17:30,088 DEBUG   SenderThread:5688 [sender.py:send_request():246] send_request: poll_exit
2022-05-24 10:17:30,189 DEBUG   HandlerThread:5688 [handler.py:handle_request():141] handle_request: poll_exit
2022-05-24 10:17:30,189 DEBUG   SenderThread:5688 [sender.py:send_request():246] send_request: poll_exit
2022-05-24 10:17:30,239 INFO    Thread-18 :5688 [upload_job.py:push():132] Uploaded file C:\Projects\Code\Neurals\wandb\run-20220524_101724-3jcqpxpk\files\requirements.txt
2022-05-24 10:17:30,258 INFO    Thread-16 :5688 [upload_job.py:push():132] Uploaded file C:\Projects\Code\Neurals\wandb\run-20220524_101724-3jcqpxpk\files\config.yaml
2022-05-24 10:17:30,267 INFO    Thread-19 :5688 [upload_job.py:push():132] Uploaded file C:\Projects\Code\Neurals\wandb\run-20220524_101724-3jcqpxpk\files\wandb-summary.json
2022-05-24 10:17:30,271 INFO    Thread-17 :5688 [upload_job.py:push():132] Uploaded file C:\Projects\Code\Neurals\wandb\run-20220524_101724-3jcqpxpk\files\output.log
2022-05-24 10:17:30,292 DEBUG   HandlerThread:5688 [handler.py:handle_request():141] handle_request: poll_exit
2022-05-24 10:17:30,292 DEBUG   SenderThread:5688 [sender.py:send_request():246] send_request: poll_exit
2022-05-24 10:17:30,394 DEBUG   HandlerThread:5688 [handler.py:handle_request():141] handle_request: poll_exit
2022-05-24 10:17:30,394 DEBUG   SenderThread:5688 [sender.py:send_request():246] send_request: poll_exit
2022-05-24 10:17:30,478 INFO    Thread-10 :5688 [sender.py:transition_state():389] send defer: 8
2022-05-24 10:17:30,479 DEBUG   HandlerThread:5688 [handler.py:handle_request():141] handle_request: defer
2022-05-24 10:17:30,479 INFO    HandlerThread:5688 [handler.py:handle_request_defer():164] handle defer: 8
2022-05-24 10:17:30,479 DEBUG   SenderThread:5688 [sender.py:send_request():246] send_request: defer
2022-05-24 10:17:30,479 INFO    SenderThread:5688 [sender.py:send_request_defer():385] handle sender defer: 8
2022-05-24 10:17:30,495 DEBUG   HandlerThread:5688 [handler.py:handle_request():141] handle_request: poll_exit
2022-05-24 10:17:31,302 INFO    SenderThread:5688 [sender.py:transition_state():389] send defer: 9
2022-05-24 10:17:31,302 DEBUG   SenderThread:5688 [sender.py:send_request():246] send_request: poll_exit
2022-05-24 10:17:31,303 DEBUG   HandlerThread:5688 [handler.py:handle_request():141] handle_request: defer
2022-05-24 10:17:31,303 INFO    HandlerThread:5688 [handler.py:handle_request_defer():164] handle defer: 9
2022-05-24 10:17:31,303 DEBUG   SenderThread:5688 [sender.py:send_request():246] send_request: defer
2022-05-24 10:17:31,303 INFO    SenderThread:5688 [sender.py:send_request_defer():385] handle sender defer: 9
2022-05-24 10:17:31,303 INFO    SenderThread:5688 [sender.py:transition_state():389] send defer: 10
2022-05-24 10:17:31,304 DEBUG   HandlerThread:5688 [handler.py:handle_request():141] handle_request: defer
2022-05-24 10:17:31,304 INFO    HandlerThread:5688 [handler.py:handle_request_defer():164] handle defer: 10
2022-05-24 10:17:31,305 DEBUG   SenderThread:5688 [sender.py:send():232] send: final
2022-05-24 10:17:31,305 DEBUG   SenderThread:5688 [sender.py:send():232] send: footer
2022-05-24 10:17:31,305 DEBUG   SenderThread:5688 [sender.py:send_request():246] send_request: defer
2022-05-24 10:17:31,305 INFO    SenderThread:5688 [sender.py:send_request_defer():385] handle sender defer: 10
2022-05-24 10:17:31,403 DEBUG   HandlerThread:5688 [handler.py:handle_request():141] handle_request: poll_exit
2022-05-24 10:17:31,403 DEBUG   SenderThread:5688 [sender.py:send_request():246] send_request: poll_exit
2022-05-24 10:17:31,404 INFO    SenderThread:5688 [file_pusher.py:join():150] waiting for file pusher
2022-05-24 10:17:32,086 DEBUG   HandlerThread:5688 [handler.py:handle_request():141] handle_request: sampled_history
2022-05-24 10:17:32,087 DEBUG   HandlerThread:5688 [handler.py:handle_request():141] handle_request: get_summary
2022-05-24 10:17:32,088 DEBUG   HandlerThread:5688 [handler.py:handle_request():141] handle_request: shutdown
2022-05-24 10:17:32,088 INFO    HandlerThread:5688 [handler.py:finish():806] shutting down handler
2022-05-24 10:17:32,317 INFO    WriterThread:5688 [datastore.py:close():279] close: C:\Projects\Code\Neurals\wandb\run-20220524_101724-3jcqpxpk\run-3jcqpxpk.wandb
2022-05-24 10:17:32,990 INFO    SenderThread:5688 [sender.py:finish():1110] shutting down sender
2022-05-24 10:17:32,990 INFO    SenderThread:5688 [file_pusher.py:finish():145] shutting down file pusher
2022-05-24 10:17:32,990 INFO    SenderThread:5688 [file_pusher.py:join():150] waiting for file pusher
2022-05-24 10:17:33,038 INFO    MainThread:5688 [internal.py:handle_exit():80] Internal process exited
