 ****** Running generation 0 ******
Average fitness:
Failed mean
Failed fitness
Run done
Enum done
Population's average fitness: 2507.49251 stdev: 3154.87233
Best fitness: 9361.82949 - size: (6, 15) - species 139 - id 139
Average adjusted fitness: 0.266
Mean genetic distance 3.161, standard deviation 0.316
Population of 300 members in 151 species:
   ID   age  size  fitness  adj fit  stag
  ====  ===  ====  =======  =======  ====
     1    0     2    378.6    0.038     0
     2    0     2   9271.0    0.990     0
     3    0     2    613.8    0.064     0
     4    0     2    370.3    0.037     0
     5    0     2   3962.8    0.422     0
     6    0     2   1746.6    0.185     0
     7    0     2   9332.0    0.997     0
     8    0     2    613.8    0.064     0
     9    0     2   8723.3    0.932     0
    10    0     2    550.7    0.057     0
    11    0     2    334.5    0.034     0
    12    0     2   2131.1    0.226     0
    13    0     2    763.9    0.080     0
    14    0     2    613.8    0.064     0
    15    0     2    366.3    0.037     0
    16    0     2    600.6    0.062     0
    17    0     2   9220.6    0.985     0
    18    0     2    546.1    0.056     0
    19    0     2    368.0    0.037     0
    20    0     2    613.9    0.064     0
    21    0     2    614.1    0.064     0
    22    0     2    613.8    0.064     0
    23    0     2    608.3    0.063     0
    24    0     2   5822.9    0.621     0
    25    0     1    613.8    0.064     0
    26    0     2   6703.4    0.715     0
    27    0     2   1121.0    0.118     0
    28    0     2    613.9    0.064     0
    29    0     2    520.2    0.054     0
    30    0     2   9251.8    0.988     0
    31    0     2   1104.3    0.116     0
    32    0     2    584.6    0.060     0
    33    0     2    712.1    0.074     0
    34    0     2   2022.4    0.214     0
    35    0     2   1005.0    0.105     0
    36    0     2   1729.2    0.183     0
    37    0     2    281.5    0.028     0
    38    0     2    400.1    0.041     0
    39    0     2    613.8    0.064     0
    40    0     2    613.8    0.064     0
    41    0     2   2392.2    0.254     0
    42    0     2    604.9    0.063     0
    43    0     2    613.3    0.064     0
    44    0     2   1083.4    0.114     0
    45    0     2   7009.3    0.748     0
    46    0     2    601.0    0.062     0
    47    0     2    613.9    0.064     0
    48    0     2   1143.6    0.120     0
    49    0     2    353.5    0.036     0
    50    0     2   6048.4    0.645     0
    51    0     2    613.8    0.064     0
    52    0     2    613.9    0.064     0
    53    0     2   9319.1    0.995     0
    54    0     2    588.6    0.061     0
    55    0     2    613.9    0.064     0
    56    0     2   9108.7    0.973     0
    57    0     2    613.8    0.064     0
    58    0     2   9310.3    0.994     0
    59    0     2   9317.7    0.995     0
    60    0     2   9318.5    0.995     0
    61    0     2   1020.7    0.107     0
    62    0     2    547.9    0.057     0
    63    0     2    584.5    0.060     0
    64    0     2   5519.9    0.589     0
    65    0     2    624.1    0.065     0
    66    0     2   6723.5    0.718     0
    67    0     2    546.5    0.056     0
    68    0     2   1418.3    0.150     0
    69    0     2    613.8    0.064     0
    70    0     2    613.7    0.064     0
    71    0     2   2583.6    0.274     0
    72    0     2    613.1    0.063     0
    73    0     2    375.6    0.038     0
    74    0     2   1333.9    0.141     0
    75    0     2    613.9    0.064     0
    76    0     2     20.0    0.000     0
    77    0     2   6455.7    0.689     0
    78    0     2   9294.4    0.993     0
    79    0     2    604.6    0.063     0
    80    0     2   2397.2    0.254     0
    81    0     2   8719.3    0.931     0
    82    0     2    371.5    0.038     0
    83    0     2   2425.6    0.258     0
    84    0     2   6877.3    0.734     0
    85    0     2   1073.2    0.113     0
    86    0     2   9293.5    0.993     0
    87    0     2    465.3    0.048     0
    88    0     2   8396.4    0.897     0
    89    0     2    907.7    0.095     0
    90    0     2   1654.0    0.175     0
    91    0     2    531.9    0.055     0
    92    0     2   9345.1    0.998     0
    93    0     2   1182.5    0.124     0
    94    0     2   1167.2    0.123     0
    95    0     2    613.6    0.064     0
    96    0     2    687.6    0.071     0
    97    0     2   6051.5    0.646     0
    98    0     2    595.5    0.062     0
    99    0     2    216.9    0.021     0
   100    0     2    760.7    0.079     0
   101    0     2   7014.3    0.749     0
   102    0     2    613.9    0.064     0
   103    0     2    626.9    0.065     0
   104    0     2    592.0    0.061     0
   105    0     2   1127.4    0.119     0
   106    0     2    426.5    0.044     0
   107    0     2   1307.8    0.138     0
   108    0     2    372.5    0.038     0
   109    0     2    613.8    0.064     0
   110    0     2    559.3    0.058     0
   111    0     2    613.9    0.064     0
   112    0     2   3686.5    0.392     0
   113    0     2   1509.0    0.159     0
   114    0     2    613.9    0.064     0
   115    0     2    654.6    0.068     0
   116    0     2   2341.4    0.248     0
   117    0     2   9229.4    0.986     0
   118    0     2   1054.7    0.111     0
   119    0     2   6893.8    0.736     0
   120    0     2    572.0    0.059     0
   121    0     2   9266.5    0.990     0
   122    0     2    614.0    0.064     0
   123    0     2    643.0    0.067     0
   124    0     2   6452.3    0.689     0
   125    0     2   1164.4    0.123     0
   126    0     2    613.0    0.063     0
   127    0     2    615.4    0.064     0
   128    0     2    613.8    0.064     0
   129    0     2    617.3    0.064     0
   130    0     2    802.5    0.084     0
   131    0     2   1136.3    0.119     0
   132    0     2    680.3    0.071     0
   133    0     2    613.9    0.064     0
   134    0     2   9319.1    0.995     0
   135    0     2    343.3    0.035     0
   136    0     2   9311.0    0.995     0
   137    0     2   1084.5    0.114     0
   138    0     2    485.8    0.050     0
   139    0     2   9361.8    1.000     0
   140    0     2    826.1    0.086     0
   141    0     2   1140.6    0.120     0
   142    0     2    571.8    0.059     0
   143    0     2   5066.5    0.540     0
   144    0     2    626.8    0.065     0
   145    0     2   1161.0    0.122     0
   146    0     2   1061.0    0.111     0
   147    0     2   9185.5    0.981     0
   148    0     2    615.1    0.064     0
   149    0     2    536.6    0.055     0
   150    0     2    776.1    0.081     0
   151    0     1       --       --     0
Total extinctions: 0
Generation time: 3.445 sec
 ****** Running generation 1 ******
Average fitness:
2507.4925112265632
Best fitness:
9361.829494585196
Failed fitness
Run done
Enum done
Population's average fitness: 2597.27065 stdev: 3359.80038
Best fitness: 9983.77356 - size: (7, 14) - species 5 - id 266
Average adjusted fitness: 0.258
Mean genetic distance 3.162, standard deviation 0.317
Population of 302 members in 151 species:
   ID   age  size  fitness  adj fit  stag
  ====  ===  ====  =======  =======  ====
     1    1     2    940.5    0.093     0
     2    1     2   7737.8    0.879     1
     3    1     2    446.8    0.043     1
     4    1     2    931.8    0.128     0
     5    1     2   4191.8    0.709     0
     6    1     2   1246.2    0.170     1
     7    1     2   9854.9    0.991     0
     8    1     2    446.9    0.043     1
     9    1     2   9012.4    0.930     0
    10    1     2    589.3    0.077     0
    11    1     2    973.2    0.502     0
    12    1     2    514.7    0.157     1
    13    1     2    253.1    0.024     1
    14    1     2    446.9    0.043     1
    15    1     2    446.5    0.067     0
    16    1     2    260.3    0.055     1
    17    1     2    940.0    0.536     1
    18    1     2    828.1    0.534     0
    19    1     2    853.7    0.088     0
    20    1     2    446.9    0.043     1
    21    1     2    446.9    0.043     1
    22    1     2    446.9    0.043     1
    23    1     2    453.1    0.066     1
    24    1     2   6359.6    0.806     0
    25    1     2    446.9    0.043     1
    26    1     2   7231.5    0.853     0
    27    1     2   1091.9    0.119     1
    28    1     2    446.9    0.108     1
    29    1     2    274.1    0.059     1
    30    1     2   1150.4    0.547     1
    31    1     2    630.6    0.063     1
    32    1     2    282.3    0.035     1
    33    1     2    465.7    0.046     1
    34    1     2    446.9    0.140     1
    35    1     2   1150.9    0.469     0
    36    1     2    540.3    0.137     1
    37    1     2    830.7    0.085     0
    38    1     2    220.7    0.507     1
    39    1     2    446.9    0.043     1
    40    1     2    447.0    0.043     1
    41    1     2    447.8    0.167     1
    42    1     2    457.0    0.087     1
    43    1     2    448.1    0.514     1
    44    1     2   1246.3    0.555     0
    45    1     2   1269.2    0.408     1
    46    1     2    426.8    0.049     1
    47    1     2    446.9    0.052     1
    48    1     2   1156.1    0.208     0
    49    1     2    845.2    0.084     0
    50    1     2    708.2    0.327     1
    51    1     2    446.9    0.043     1
    52    1     2    446.9    0.043     1
    53    1     2   1851.5    0.585     1
    54    1     2    455.1    0.453     1
    55    1     2    446.9    0.043     1
    56    1     2   8893.9    0.920     1
    57    1     2    446.9    0.043     1
    58    1     2   1038.0    0.544     1
    59    1     2   9846.0    0.986     0
    60    1     2   9846.5    0.986     0
    61    1     2   1334.5    0.406     0
    62    1     2    692.3    0.094     0
    63    1     2    444.4    0.050     1
    64    1     2    843.0    0.374     1
    65    1     2    450.6    0.253     1
    66    1     2   4145.0    0.560     1
    67    1     2    444.0    0.043     1
    68    1     2    591.7    0.097     1
    69    1     2    446.9    0.043     1
    70    1     2    455.3    0.060     1
    71    1     2   1427.3    0.191     1
    72    1     2    446.4    0.044     1
    73    1     2    955.3    0.138     0
    74    1     2    573.0    0.082     1
    75    1     2    450.4    0.044     1
    76    1     2     15.0    0.028     1
    77    1     2    447.4    0.371     1
    78    1     2   1315.5    0.557     1
    79    1     2    457.3    0.046     1
    80    1     2   2063.9    0.224     1
    81    1     2   7063.5    0.817     1
    82    1     2    908.1    0.091     0
    83    1     2    622.2    0.151     1
    84    1     2   1306.2    0.403     1
    85    1     2    894.4    0.104     1
    86    1     2   9821.6    0.984     0
    87    1     2    335.7    0.062     1
    88    1     2   7428.7    0.820     1
    89    1     2   1084.7    0.110     0
    90    1     2    858.2    0.111     1
    91    1     2    691.0    0.080     0
    92    1     2    522.7    0.519     1
    93    1     2    839.2    0.107     1
    94    1     2   1316.1    0.209     0
    95    1     2    447.3    0.043     1
    96    1     2    844.7    0.107     0
    97    1     2    229.6    0.340     1
    98    1     2    450.3    0.046     1
    99    1     2    461.4    0.058     0
   100    1     2    999.1    0.299     0
   101    1     2    878.1    0.394     1
   102    1     2    446.9    0.221     1
   103    1     2    537.2    0.124     1
   104    1     2    445.0    0.045     1
   105    1     2   1270.0    0.127     0
   106    1     2    677.1    0.503     0
   107    1     2    449.3    0.079     1
   108    1     2    391.1    0.058     0
   109    1     2    447.0    0.113     1
   110    1     2    628.6    0.089     0
   111    1     2    446.9    0.043     1
   112    1     2   4208.0    0.590     0
   113    1     2   1806.5    0.583     0
   114    1     2    446.9    0.043     1
   115    1     2    750.7    0.524     0
   116    1     2    912.6    0.166     1
   117    1     2   3787.5    0.667     1
   118    1     2   1236.8    0.554     0
   119    1     2   1030.7    0.418     1
   120    1     2    283.7    0.035     1
   121    1     2   9794.6    0.984     0
   122    1     2    447.7    0.044     1
   123    1     2    448.0    0.044     1
   124    1     2    918.6    0.383     1
   125    1     2   1207.0    0.125     0
   126    1     2    455.0    0.056     1
   127    1     2    455.1    0.051     1
   128    1     2    446.9    0.043     1
   129    1     2    466.1    0.064     1
   130    1     2   1063.9    0.168     0
   131    1     2    893.9    0.537     1
   132    1     2    824.0    0.105     0
   133    1     2    446.9    0.043     1
   134    1     2   9847.2    0.986     0
   135    1     2    446.9    0.066     0
   136    1     2    713.3    0.528     1
   137    1     2    611.5    0.063     1
   138    1     2    446.1    0.046     1
   139    1     2   1174.7    0.551     1
   140    1     2    333.9    0.077     1
   141    1     2   1214.9    0.124     0
   142    1     2    455.1    0.047     1
   143    1     2    480.7    0.303     1
   144    1     2    449.3    0.044     1
   145    1     2    894.8    0.109     1
   146    1     2   1223.0    0.123     0
   147    1     2   9713.6    0.980     0
   148    1     2    447.5    0.044     1
   149    1     2    446.4    0.049     1
   150    1     2    310.3    0.056     1
   151    1     2    447.7    0.043     0
Total extinctions: 0
Generation time: 7.435 sec (5.440 average)
 ****** Running generation 2 ******
Average fitness:
2597.2706474682714
Best fitness:
9983.77356436542
Failed fitness
Run done
Enum done
Population's average fitness: 2181.57325 stdev: 3265.46660
Best fitness: 9628.64037 - size: (6, 15) - species 53 - id 53
Average adjusted fitness: 0.226
Mean genetic distance 3.162, standard deviation 0.317
Population of 302 members in 151 species:
   ID   age  size  fitness  adj fit  stag
  ====  ===  ====  =======  =======  ====
     1    2     2    900.2    0.096     1
     2    2     2    139.3    0.504     2
     3    2     2    131.8    0.013     2
     4    2     2    946.6    0.125     0
     5    2     2   3995.3    0.705     1
     6    2     2   1402.0    0.182     2
     7    2     2   9493.0    0.990     1
     8    2     2    129.6    0.013     2
     9    2     2   8499.2    0.917     1
    10    2     2    567.7    0.079     1
    11    2     2    863.3    0.542     1
    12    2     2    375.4    0.141     2
    13    2     2    171.2    0.035     2
    14    2     2    131.9    0.016     2
    15    2     2    126.7    0.040     1
    16    2     2    130.0    0.013     2
    17    2     2    955.3    0.546     2
    18    2     2     61.7    0.500     1
    19    2     2    845.5    0.093     1
    20    2     2    131.8    0.013     2
    21    2     2    131.8    0.013     2
    22    2     2    132.5    0.014     2
    23    2     2    141.0    0.041     2
    24    2     2   6113.8    0.813     1
    25    2     2    131.8    0.013     2
    26    2     2    784.9    0.402     1
    27    2     2    252.1    0.044     2
    28    2     2    131.8    0.081     2
    29    2     2    206.2    0.045     2
    30    2     2    542.9    0.517     2
    31    2     2    181.6    0.027     2
    32    2     2    131.8    0.015     2
    33    2     2    119.4    0.013     2
    34    2     2    131.8    0.120     2
    35    2     2      6.1    0.001     1
    36    2     2    179.0    0.109     2
    37    2     2    530.8    0.075     1
    38    2     2    120.6    0.504     2
    39    2     2    131.8    0.013     2
    40    2     2    131.8    0.013     2
    41    2     2    131.0    0.143     2
    42    2     2    130.1    0.047     2
    43    2     2    351.0    0.046     2
    44    2     2    732.4    0.091     1
    45    2     2    831.9    0.375     2
    46    2     2    183.6    0.038     2
    47    2     2    131.9    0.019     2
    48    2     2   1133.8    0.186     1
    49    2     2    757.6    0.087     1
    50    2     2     17.4    0.278     2
    51    2     2    131.8    0.013     2
    52    2     2    131.8    0.013     2
    53    2     2   1929.7    0.600     2
    54    2     2    174.8    0.451     2
    55    2     2    131.8    0.014     2
    56    2     2   3146.5    0.617     2
    57    2     2    131.8    0.013     2
    58    2     2    578.1    0.527     2
    59    2     2   9577.5    0.995     1
    60    2     2   9577.6    0.997     1
    61    2     2     51.3    0.009     1
    62    2     2    710.7    0.129     0
    63    2     2    130.3    0.037     2
    64    2     2     32.9    0.380     2
    65    2     2    152.3    0.261     2
    66    2     2   3926.0    0.654     2
    67    2     2    132.1    0.016     2
    68    2     2    587.3    0.129     2
    69    2     2    126.6    0.014     2
    70    2     2    180.1    0.024     2
    71    2     2   1052.2    0.145     2
    72    2     2    281.2    0.037     2
    73    2     2    946.7    0.162     1
    74    2     2   1272.0    0.166     2
    75    2     2    121.8    0.015     2
    76    2     2     12.5    0.037     2
    77    2     2    131.7    0.355     2
    78    2     2    788.4    0.537     2
    79    2     2   2533.3    0.625     0
    80    2     2   1856.5    0.233     2
    81    2     2   3748.2    0.648     2
    82    2     2    584.0    0.076     1
    83    2     2     13.3    0.123     2
    84    2     2    780.4    0.364     2
    85    2     2    379.4    0.055     2
    86    2     2   9553.3    0.993     1
    87    2     2    130.1    0.019     2
    88    2     2   7759.5    0.862     2
    89    2     2    600.4    0.064     1
    90    2     2      2.3    0.057     2
    91    2     2     51.5    0.009     1
    92    2     2    193.8    0.413     2
    93    2     2    131.7    0.044     2
    94    2     2    788.6    0.194     1
    95    2     2    219.6    0.030     2
    96    2     2    489.8    0.066     1
    97    2     2    142.7    0.381     2
    98    2     2    131.2    0.014     2
    99    2     2    272.4    0.050     1
   100    2     2    265.4    0.258     1
   101    2     2    118.1    0.341     2
   102    2     2    131.8    0.242     2
   103    2     2     42.3    0.089     2
   104    2     2    132.2    0.014     2
   105    2     2    814.6    0.090     1
   106    2     2    457.7    0.500     1
   107    2     2    160.9    0.026     2
   108    2     2    626.0    0.529     0
   109    2     2     14.7    0.007     2
   110    2     2    436.5    0.056     1
   111    2     2    131.9    0.013     2
   112    2     2   3931.3    0.536     1
   113    2     2   8626.9    0.945     0
   114    2     2    131.8    0.013     2
   115    2     2    548.1    0.067     1
   116    2     2    989.5    0.196     2
   117    2     2   3619.2    0.670     2
   118    2     2   1205.8    0.504     1
   119    2     2    728.4    0.390     2
   120    2     2    275.7    0.032     2
   121    2     2   9526.2    0.992     1
   122    2     2    126.8    0.013     2
   123    2     2    131.4    0.016     2
   124    2     2    902.8    0.419     2
   125    2     2    372.2    0.063     1
   126    2     2    126.7    0.024     2
   127    2     2    106.3    0.012     2
   128    2     2    131.8    0.013     2
   129    2     2    113.1    0.031     2
   130    2     2    656.8    0.129     1
   131    2     2     28.4    0.484     2
   132    2     2    224.9    0.052     1
   133    2     2    131.8    0.013     2
   134    2     2   9578.9    0.995     1
   135    2     2    131.8    0.053     1
   136    2     2   1237.1    0.561     2
   137    2     2    258.8    0.032     2
   138    2     2    132.7    0.019     2
   139    2     2    666.1    0.525     2
   140    2     2    407.4    0.068     2
   141    2     2    774.8    0.083     1
   142    2     2    107.7    0.012     2
   143    2     2    135.0    0.283     2
   144    2     2    114.0    0.012     2
   145    2     2    851.9    0.095     2
   146    2     2    710.8    0.075     1
   147    2     2   9445.2    0.988     1
   148    2     2    130.1    0.018     2
   149    2     2    245.5    0.040     2
   150    2     2    543.7    0.071     2
   151    2     2    130.3    0.057     1
Total extinctions: 0
Generation time: 8.640 sec (6.506 average)
 ****** Running generation 3 ******
Average fitness:
2181.5732545536407
Best fitness:
9983.77356436542
Failed fitness
Run done
Enum done
Population's average fitness: 2389.12179 stdev: 3213.38925
Best fitness: 9661.26997 - size: (7, 14) - species 5 - id 266
Average adjusted fitness: 0.246
Mean genetic distance 3.162, standard deviation 0.317
Population of 302 members in 151 species:
   ID   age  size  fitness  adj fit  stag
  ====  ===  ====  =======  =======  ====
     1    3     2    472.9    0.047     2
     2    3     2   7292.8    0.859     3
     3    3     2    446.4    0.044     3
     4    3     2    463.3    0.084     1
     5    3     2   3854.5    0.699     2
     6    3     2   1723.3    0.183     3
     7    3     2   9365.5    0.977     2
     8    3     2    446.4    0.044     3
     9    3     2   8644.5    0.926     2
    10    3     2    382.6    0.063     2
    11    3     2    540.6    0.472     2
    12    3     2    517.5    0.137     3
    13    3     2    354.6    0.050     3
    14    3     2    446.5    0.044     3
    15    3     2    442.1    0.045     2
    16    3     2    261.8    0.036     3
    17    3     2    472.1    0.504     3
    18    3     2    467.6    0.508     2
    19    3     2    377.6    0.042     2
    20    3     2    446.5    0.044     3
    21    3     2    446.5    0.044     3
    22    3     2    446.5    0.044     3
    23    3     2    440.3    0.051     3
    24    3     2   5869.6    0.782     2
    25    3     2    446.5    0.044     3
    26    3     2   6741.8    0.831     2
    27    3     2   1023.6    0.105     3
    28    3     2    446.5    0.087     3
    29    3     2    372.4    0.041     3
    30    3     2   1094.5    0.537     3
    31    3     2    451.7    0.071     3
    32    3     2    446.5    0.048     3
    33    3     2    421.7    0.048     3
    34    3     2    446.5    0.129     3
    35    3     2    786.9    0.440     2
    36    3     2    385.3    0.108     3
    37    3     2    351.6    0.039     2
    38    3     2    402.1    0.510     0
    39    3     2    446.5    0.044     3
    40    3     2    446.3    0.044     3
    41    3     2    445.7    0.147     3
    42    3     2    436.6    0.073     3
    43    3     2    445.9    0.506     3
    44    3     2    945.3    0.532     2
    45    3     2    973.1    0.404     3
    46    3     2    422.3    0.052     3
    47    3     2    388.4    0.041     3
    48    3     2    893.4    0.185     2
    49    3     2    355.7    0.037     2
    50    3     2    294.9    0.320     3
    51    3     2    446.5    0.044     3
    52    3     2    446.5    0.044     3
    53    3     2   2042.4    0.589     3
    54    3     2    436.1    0.443     3
    55    3     2    446.5    0.044     3
    56    3     2   8455.4    0.906     3
    57    3     2    446.4    0.044     3
    58    3     2    705.5    0.519     3
    59    3     2   9356.1    0.968     2
    60    3     2   9356.6    0.968     2
    61    3     2    872.5    0.370     2
    62    3     2    353.5    0.064     1
    63    3     2    443.7    0.050     3
    64    3     2    834.1    0.326     3
    65    3     2    456.5    0.271     3
    66    3     2   4368.2    0.582     3
    67    3     2    378.5    0.041     3
    68    3     2    586.8    0.108     3
    69    3     2    446.5    0.044     3
    70    3     2    445.7    0.060     3
    71    3     2   1104.3    0.181     3
    72    3     2    268.7    0.035     3
    73    3     2    483.7    0.108     2
    74    3     2    374.4    0.085     3
    75    3     2    445.7    0.044     3
    76    3     2     17.5    0.027     3
    77    3     2    446.0    0.358     3
    78    3     2   1026.7    0.535     3
    79    3     2    415.7    0.042     1
    80    3     2   2247.7    0.233     3
    81    3     2   6573.6    0.793     3
    82    3     2    435.4    0.045     2
    83    3     2    493.8    0.150     3
    84    3     2   1015.5    0.399     3
    85    3     2    656.1    0.080     3
    86    3     2   9331.7    0.966     2
    87    3     2    278.9    0.040     3
    88    3     2   7210.1    0.812     3
    89    3     2    769.2    0.081     2
    90    3     2    981.2    0.125     3
    91    3     2    380.6    0.066     2
    92    3     2    516.1    0.510     3
    93    3     2    826.1    0.096     3
    94    3     2   1027.4    0.176     2
    95    3     2    446.3    0.044     3
    96    3     2    542.5    0.079     2
    97    3     2    281.8    0.329     3
    98    3     2    425.9    0.044     3
    99    3     2    237.4    0.025     2
   100    3     2    845.2    0.275     2
   101    3     2    858.5    0.399     3
   102    3     2    446.5    0.232     3
   103    3     2    455.2    0.099     3
   104    3     2    422.5    0.042     3
   105    3     2    985.8    0.101     2
   106    3     2    294.3    0.475     2
   107    3     2    446.8    0.093     3
   108    3     2    315.1    0.041     1
   109    3     2    446.5    0.120     3
   110    3     2    393.5    0.065     2
   111    3     2    446.5    0.044     3
   112    3     2   3719.6    0.559     2
   113    3     2   1672.4    0.570     1
   114    3     2    446.5    0.044     3
   115    3     2    471.7    0.502     2
   116    3     2    442.3    0.149     3
   117    3     2   3361.7    0.586     3
   118    3     2    987.0    0.535     2
   119    3     2    587.6    0.391     3
   120    3     2    400.8    0.041     3
   121    3     2   9304.7    0.966     2
   122    3     2    446.6    0.045     3
   123    3     2    458.4    0.046     3
   124    3     2    439.7    0.364     3
   125    3     2    892.5    0.098     2
   126    3     2    377.4    0.041     3
   127    3     2    447.4    0.047     3
   128    3     2    446.5    0.044     3
   129    3     2    448.6    0.064     3
   130    3     2    674.8    0.156     2
   131    3     2    895.8    0.539     3
   132    3     2    527.8    0.078     2
   133    3     2    446.5    0.044     3
   134    3     2   9357.3    0.968     2
   135    3     2    431.7    0.044     2
   136    3     2   1162.2    0.543     3
   137    3     2    762.2    0.079     3
   138    3     2    316.3    0.038     3
   139    3     2    875.1    0.529     3
   140    3     2    541.5    0.064     3
   141    3     2    820.3    0.093     2
   142    3     2    404.6    0.042     3
   143    3     2    416.7    0.284     3
   144    3     2    448.5    0.045     3
   145    3     2    408.9    0.072     3
   146    3     2    922.4    0.096     2
   147    3     2   9223.7    0.961     2
   148    3     2    437.9    0.044     3
   149    3     2    392.6    0.059     3
   150    3     2    351.6    0.050     3
   151    3     2    439.0    0.075     2
Total extinctions: 0
Generation time: 8.377 sec (6.974 average)
 ****** Running generation 4 ******
Average fitness:
2389.121787409539
Best fitness:
9983.77356436542
Failed fitness
Run done
Enum done
Population's average fitness: 2236.16603 stdev: 3302.15320
Best fitness: 9719.65380 - size: (6, 15) - species 53 - id 53
Average adjusted fitness: 0.230
Mean genetic distance 3.162, standard deviation 0.317
Population of 302 members in 151 species:
   ID   age  size  fitness  adj fit  stag
  ====  ===  ====  =======  =======  ====
     1    4     2    964.8    0.099     0
     2    4     2   7643.0    0.891     4
     3    4     2    120.2    0.012     4
     4    4     2    955.5    0.130     0
     5    4     2   4162.2    0.714     3
     6    4     2   1261.3    0.175     4
     7    4     2   9704.4    0.999     3
     8    4     2    120.3    0.012     4
     9    4     2   8681.0    0.925     3
    10    4     2    324.2    0.066     3
    11    4     2    980.3    0.510     0
    12    4     2    241.5    0.151     4
    13    4     2     47.8    0.016     4
    14    4     2    120.3    0.014     4
    15    4     2    118.0    0.043     3
    16    4     2     57.0    0.037     4
    17    4     2    963.8    0.547     4
    18    4     2    771.3    0.539     3
    19    4     2    688.8    0.085     3
    20    4     2    120.2    0.012     4
    21    4     2    120.2    0.012     4
    22    4     2    120.7    0.013     4
    23    4     2    131.3    0.062     4
    24    4     2   6244.3    0.818     3
    25    4     2    120.2    0.012     4
    26    4     2   7099.7    0.863     3
    27    4     2    683.0    0.081     4
    28    4     2    120.2    0.061     4
    29    4     2    132.2    0.058     4
    30    4     2   1099.8    0.553     4
    31    4     2    425.0    0.045     4
    32    4     2     50.6    0.008     4
    33    4     2     79.8    0.010     4
    34    4     2    120.2    0.122     4
    35    4     2      3.1    0.417     3
    36    4     2    235.9    0.103     4
    37    4     2    837.2    0.090     0
    38    4     2    127.7    0.504     1
    39    4     2    120.2    0.012     4
    40    4     2    120.8    0.012     4
    41    4     2    287.8    0.167     4
    42    4     2    138.2    0.057     4
    43    4     2    345.1    0.517     4
    44    4     2    930.6    0.548     3
    45    4     2    965.0    0.386     4
    46    4     2    100.1    0.025     4
    47    4     2    120.1    0.024     4
    48    4     2   1400.1    0.205     0
    49    4     2    788.9    0.086     3
    50    4     2    553.5    0.315     4
    51    4     2    120.2    0.012     4
    52    4     2    120.2    0.012     4
    53    4     2   1868.1    0.596     4
    54    4     2    139.7    0.280     4
    55    4     2    118.7    0.012     4
    56    4     2   4784.6    0.702     4
    57    4     2    203.3    0.023     4
    58    4     2    745.0    0.538     4
    59    4     2   9716.6    1.000     3
    60    4     2   9717.3    1.000     3
    61    4     2    121.6    0.271     3
    62    4     2    508.9    0.070     2
    63    4     2    115.6    0.032     4
    64    4     2    219.3    0.388     4
    65    4     2    159.8    0.246     4
    66    4     2   3882.2    0.577     4
    67    4     2    120.3    0.015     4
    68    4     2    578.5    0.119     4
    69    4     2    120.2    0.012     4
    70    4     2    309.6    0.032     4
    71    4     2   1597.5    0.180     4
    72    4     2    265.1    0.032     4
    73    4     2    968.6    0.162     0
    74    4     2    310.3    0.078     4
    75    4     2    136.1    0.015     4
    76    4     2     20.0    0.009     4
    77    4     2    121.1    0.358     4
    78    4     2    990.6    0.543     4
    79    4     2    138.8    0.016     2
    80    4     2   2056.0    0.231     4
    81    4     2    105.9    0.011     4
    82    4     2    924.1    0.096     0
    83    4     2     20.2    0.125     4
    84    4     2    982.4    0.378     4
    85    4     2    688.1    0.081     4
    86    4     2   9692.4    0.998     3
    87    4     2    178.5    0.022     4
    88    4     2   7684.2    0.855     4
    89    4     2    714.4    0.078     3
    90    4     2     16.2    0.059     4
    91    4     2     64.6    0.027     3
    92    4     2    194.8    0.508     4
    93    4     2     56.6    0.014     4
    94    4     2    991.0    0.191     3
    95    4     2    218.7    0.030     4
    96    4     2    590.8    0.081     3
    97    4     2    145.0    0.339     4
    98    4     2    123.8    0.017     4
    99    4     2     78.7    0.040     3
   100    4     2    802.7    0.292     3
   101    4     2    283.1    0.356     4
   102    4     2    319.5    0.240     4
   103    4     2    243.0    0.105     4
   104    4     2    135.4    0.015     4
   105    4     2    993.4    0.103     3
   106    4     2    508.3    0.502     3
   107    4     2    350.5    0.096     4
   108    4     2     17.1    0.036     2
   109    4     2     14.9    0.007     4
   110    4     2    613.2    0.075     3
   111    4     2    120.2    0.012     4
   112    4     2   4153.5    0.597     3
   113    4     2   2948.5    0.651     2
   114    4     2    237.2    0.025     4
   115    4     2    423.1    0.129     3
   116    4     2    933.1    0.190     4
   117    4     2     93.8    0.364     4
   118    4     2   1188.5    0.561     3
   119    4     2   1060.0    0.430     4
   120    4     2     99.0    0.021     4
   121    4     2   9372.2    0.981     3
   122    4     2    119.7    0.012     4
   123    4     2     68.0    0.008     4
   124    4     2    922.4    0.410     4
   125    4     2    660.7    0.083     3
   126    4     2    194.8    0.033     4
   127    4     2    121.6    0.020     4
   128    4     2    130.2    0.013     4
   129    4     2    119.5    0.014     4
   130    4     2    241.1    0.029     3
   131    4     2    160.8    0.497     4
   132    4     2    443.2    0.073     3
   133    4     2    120.2    0.012     4
   134    4     2   9715.8    1.000     3
   135    4     2    120.2    0.053     3
   136    4     2   1030.1    0.553     4
   137    4     2    272.3    0.038     4
   138    4     2    119.8    0.020     4
   139    4     2    865.8    0.541     4
   140    4     2    271.8    0.065     4
   141    4     2    861.5    0.094     3
   142    4     2    155.0    0.018     4
   143    4     2     97.9    0.286     4
   144    4     2    119.3    0.013     4
   145    4     2    880.7    0.099     4
   146    4     2    916.6    0.096     3
   147    4     2   9584.6    0.993     3
   148    4     2    145.0    0.023     4
   149    4     2    327.6    0.036     4
   150    4     2    396.4    0.055     4
   151    4     2    121.6    0.055     3
Total extinctions: 0
Generation time: 7.057 sec (6.991 average)
 ****** Running generation 5 ******
Average fitness:
2236.166029945871
Best fitness:
9983.77356436542
Failed fitness
Run done
Enum done
Population's average fitness: 2342.93176 stdev: 3315.07663
Best fitness: 9816.47694 - size: (6, 15) - species 53 - id 53
Species 109 with 2 members is stagnated: removing it
Species 83 with 2 members is stagnated: removing it
Species 90 with 2 members is stagnated: removing it
Species 137 with 2 members is stagnated: removing it
Species 116 with 2 members is stagnated: removing it
Species 33 with 2 members is stagnated: removing it
Species 97 with 2 members is stagnated: removing it
Species 50 with 2 members is stagnated: removing it
Species 31 with 2 members is stagnated: removing it
Species 144 with 2 members is stagnated: removing it
Species 12 with 2 members is stagnated: removing it
Species 131 with 2 members is stagnated: removing it
Species 127 with 2 members is stagnated: removing it
Species 129 with 2 members is stagnated: removing it
Species 122 with 2 members is stagnated: removing it
Species 148 with 2 members is stagnated: removing it
Species 47 with 2 members is stagnated: removing it
Species 25 with 2 members is stagnated: removing it
Species 3 with 2 members is stagnated: removing it
Species 22 with 2 members is stagnated: removing it
Species 133 with 2 members is stagnated: removing it
Species 32 with 2 members is stagnated: removing it
Species 21 with 2 members is stagnated: removing it
Species 34 with 2 members is stagnated: removing it
Species 20 with 2 members is stagnated: removing it
Species 52 with 2 members is stagnated: removing it
Species 51 with 2 members is stagnated: removing it
Species 114 with 2 members is stagnated: removing it
Species 28 with 2 members is stagnated: removing it
Species 128 with 2 members is stagnated: removing it
Species 111 with 2 members is stagnated: removing it
Species 102 with 2 members is stagnated: removing it
Species 57 with 2 members is stagnated: removing it
Species 55 with 2 members is stagnated: removing it
Species 14 with 2 members is stagnated: removing it
Species 39 with 2 members is stagnated: removing it
Species 8 with 2 members is stagnated: removing it
Species 40 with 2 members is stagnated: removing it
Species 95 with 2 members is stagnated: removing it
Species 138 with 2 members is stagnated: removing it
Species 67 with 2 members is stagnated: removing it
Species 93 with 2 members is stagnated: removing it
Species 77 with 2 members is stagnated: removing it
Species 75 with 2 members is stagnated: removing it
Species 65 with 2 members is stagnated: removing it
Species 98 with 2 members is stagnated: removing it
Species 126 with 2 members is stagnated: removing it
Species 41 with 2 members is stagnated: removing it
Species 69 with 2 members is stagnated: removing it
Species 64 with 2 members is stagnated: removing it
Species 16 with 2 members is stagnated: removing it
Species 63 with 2 members is stagnated: removing it
Species 23 with 2 members is stagnated: removing it
Species 142 with 2 members is stagnated: removing it
Species 13 with 2 members is stagnated: removing it
Species 42 with 2 members is stagnated: removing it
Species 103 with 2 members is stagnated: removing it
Species 104 with 2 members is stagnated: removing it
Species 123 with 2 members is stagnated: removing it
Species 101 with 2 members is stagnated: removing it
Species 54 with 2 members is stagnated: removing it
Species 143 with 2 members is stagnated: removing it
Species 140 with 2 members is stagnated: removing it
Species 120 with 2 members is stagnated: removing it
Species 92 with 2 members is stagnated: removing it
Species 70 with 2 members is stagnated: removing it
Species 43 with 2 members is stagnated: removing it
Species 29 with 2 members is stagnated: removing it
Species 150 with 2 members is stagnated: removing it
Species 107 with 2 members is stagnated: removing it
Species 36 with 2 members is stagnated: removing it
Species 46 with 2 members is stagnated: removing it
Species 87 with 2 members is stagnated: removing it
Species 72 with 2 members is stagnated: removing it
Species 149 with 2 members is stagnated: removing it
Species 27 with 2 members is stagnated: removing it
Species 85 with 2 members is stagnated: removing it
Species 68 with 2 members is stagnated: removing it
Species 30 with 2 members is stagnated: removing it
Species 58 with 2 members is stagnated: removing it
Species 139 with 2 members is stagnated: removing it
Species 119 with 2 members is stagnated: removing it
Species 84 with 2 members is stagnated: removing it
Species 78 with 2 members is stagnated: removing it
Species 45 with 2 members is stagnated: removing it
Species 145 with 2 members is stagnated: removing it
Species 124 with 2 members is stagnated: removing it
Species 17 with 2 members is stagnated: removing it
Species 136 with 2 members is stagnated: removing it
Species 74 with 2 members is stagnated: removing it
Species 71 with 2 members is stagnated: removing it
Species 6 with 2 members is stagnated: removing it
Species 53 with 2 members is stagnated: removing it
Species 80 with 2 members is stagnated: removing it
Species 56 with 2 members is stagnated: removing it
Species 117 with 2 members is stagnated: removing it
Species 66 with 2 members is stagnated: removing it
Species 81 with 2 members is stagnated: removing it
Species 2 with 2 members is stagnated: removing it
Species 88 with 2 members is stagnated: removing it
Average adjusted fitness: 0.357
Mean genetic distance 3.106, standard deviation 0.417
Population of 144 members in 55 species:
   ID   age  size  fitness  adj fit  stag
  ====  ===  ====  =======  =======  ====
     1    5     2   1108.7    0.113     0
     4    5     2   1111.6    0.138     0
     5    5     4   4182.0    0.711     4
     7    5     5   9743.9    0.995     4
     9    5     5   8622.9    0.916     4
    10    5     2    569.5    0.077     4
    11    5     3   1013.6    0.550     0
    15    5     2    233.4    0.054     4
    18    5     3    999.4    0.549     0
    19    5     2   1021.8    0.108     0
    24    5     3   6313.5    0.818     4
    26    5     3    943.6    0.413     4
    35    5     2      2.2    0.000     4
    37    5     2    675.0    0.089     1
    38    5     3    347.7    0.516     2
    44    5     2    849.0    0.089     4
    48    5     2    775.8    0.174     1
    49    5     2    935.5    0.101     0
    59    5     5   9776.0    0.997     4
    60    5     5   9776.1    0.998     4
    61    5     2    107.7    0.012     4
    62    5     2    881.7    0.145     0
    73    5     2   1112.2    0.173     0
    76    5     2    666.7    0.076     0
    79    5     2   2528.4    0.624     3
    82    5     2   1073.3    0.111     0
    86    5     5   9751.7    0.995     4
    89    5     2    784.2    0.082     4
    91    5     2     69.6    0.015     4
    94    5     2    947.4    0.202     4
    96    5     2    656.7    0.082     4
    99    5     2    419.3    0.065     4
   100    5     3    451.0    0.273     4
   105    5     2    964.7    0.105     4
   106    5     3    645.4    0.510     4
   108    5     3    810.0    0.539     0
   110    5     2    610.5    0.072     4
   112    5     3   4130.2    0.547     4
   113    5     5   8754.7    0.945     0
   115    5     2    714.8    0.083     4
   118    5     3   1240.2    0.538     0
   121    5     4   9724.6    0.994     4
   125    5     2    679.8    0.088     4
   130    5     2    853.6    0.134     4
   132    5     2    417.6    0.069     4
   134    5     5   9777.3    0.997     4
   135    5     2    237.9    0.067     4
   141    5     2    936.4    0.097     4
   146    5     2    880.2    0.090     4
   147    5     5   9643.6    0.990     4
   151    5     2    248.2    0.063     4
   152    0     1       --       --     0
   153    0     1       --       --     0
   154    0     1       --       --     0
   155    0     1       --       --     0
Total extinctions: 0
Generation time: 6.459 sec (6.902 average)
 ****** Running generation 6 ******
Average fitness:
2342.9317585640706
Best fitness:
9983.77356436542
Failed fitness
Run done
Enum done
Population's average fitness: 3651.74900 stdev: 3996.81806
Best fitness: 9508.95814 - size: (6, 15) - species 60 - id 60
Species 35 with 2 members is stagnated: removing it
Species 91 with 2 members is stagnated: removing it
Species 100 with 3 members is stagnated: removing it
Species 61 with 2 members is stagnated: removing it
Species 132 with 2 members is stagnated: removing it
Species 110 with 2 members is stagnated: removing it
Species 106 with 3 members is stagnated: removing it
Species 112 with 3 members is stagnated: removing it
Species 151 with 2 members is stagnated: removing it
Species 15 with 2 members is stagnated: removing it
Species 121 with 4 members is stagnated: removing it
Species 135 with 2 members is stagnated: removing it
Species 147 with 5 members is stagnated: removing it
Species 7 with 5 members is stagnated: removing it
Species 5 with 4 members is stagnated: removing it
Species 24 with 3 members is stagnated: removing it
Species 99 with 2 members is stagnated: removing it
Species 115 with 2 members is stagnated: removing it
Species 10 with 2 members is stagnated: removing it
Species 89 with 2 members is stagnated: removing it
Species 96 with 2 members is stagnated: removing it
Species 125 with 2 members is stagnated: removing it
Species 130 with 2 members is stagnated: removing it
Species 9 with 5 members is stagnated: removing it
Species 146 with 2 members is stagnated: removing it
Species 44 with 2 members is stagnated: removing it
Species 141 with 2 members is stagnated: removing it
Species 26 with 3 members is stagnated: removing it
Species 94 with 2 members is stagnated: removing it
Species 105 with 2 members is stagnated: removing it
Species 86 with 5 members is stagnated: removing it
Average adjusted fitness: 0.400
Mean genetic distance 2.947, standard deviation 0.546
Population of 153 members in 34 species:
   ID   age  size  fitness  adj fit  stag
  ====  ===  ====  =======  =======  ====
     1    6     3    860.7    0.091     1
     4    6     2    904.0    0.127     1
    11    6     8    777.8    0.686     1
    18    6     8    711.1    0.684     1
    19    6     3    819.3    0.089     1
    37    6     3    355.0    0.062     2
    38    6     4     55.0    0.345     3
    48    6     4   1158.2    0.178     2
    49    6     3    698.3    0.078     1
    59    6     5   9401.2    0.989     5
    60    6    14   8864.1    0.977     5
    62    6     3    515.3    0.110     1
    73    6     4    899.1    0.161     1
    76    6     3     19.9    0.035     1
    79    6     2   2158.9    0.603     4
    82    6     3    862.3    0.090     1
   108    6     5    394.6    0.361     1
   113    6     9   1635.3    0.802     1
   118    6     3    291.5    0.076     1
   134    6    12   9403.4    0.989     5
   152    1     2    539.1    0.055     0
   153    1     4   1360.7    0.141     0
   154    1    11   8761.0    0.921     0
   155    1    11   9116.9    0.959     0
   156    0     1       --       --     0
   157    0     1       --       --     0
   158    0     1       --       --     0
   159    0     1       --       --     0
   160    0     1       --       --     0
   161    0     3       --       --     0
   162    0     4       --       --     0
   163    0     1       --       --     0
   164    0     9       --       --     0
   165    0     2       --       --     0
Total extinctions: 0
Generation time: 3.473 sec (6.412 average)
 ****** Running generation 7 ******
Average fitness:
3651.748997022032
Best fitness:
9983.77356436542
Failed fitness
Run done
Enum done
Population's average fitness: 4567.79379 stdev: 4069.32112
Best fitness: 9567.65929 - size: (6, 15) - species 60 - id 412
Species 60 with 14 members is stagnated: removing it
Species 79 with 2 members is stagnated: removing it
Average adjusted fitness: 0.339
Mean genetic distance 2.873, standard deviation 0.572
Population of 150 members in 43 species:
   ID   age  size  fitness  adj fit  stag
  ====  ===  ====  =======  =======  ====
     1    7     2    447.1    0.046     2
     4    7     2    437.2    0.079     2
    11    7     7    368.0    0.572     2
    18    7     8    251.0    0.760     2
    19    7     2    222.6    0.186     2
    37    7     2    318.9    0.038     3
    38    7     5    369.5    0.566     4
    48    7     3    450.5    0.122     3
    49    7     4    282.8    0.254     2
    59    7     3   9270.1    0.977     6
    62    7     4    274.9    0.351     2
    73    7     5    450.0    0.299     2
    76    7     2     13.3    0.031     2
    82    7     2    405.9    0.043     2
   108    7     4    216.9    0.386     2
   113    7     6    366.1    0.522     2
   118    7     2     20.7    0.041     2
   134    7     8    925.5    0.840     6
   152    2     4    865.9    0.423     0
   153    2     5    308.7    0.411     1
   154    2     7    437.6    0.524     1
   155    2     9    437.6    0.662     1
   156    1     2   1268.5    0.132     0
   157    1     2    437.6    0.045     0
   158    1     7   9175.6    0.966     0
   159    1     2    437.6    0.045     0
   160    1     2    436.2    0.045     0
   161    1     2    272.8    0.165     0
   162    1     3    294.0    0.041     0
   163    1     2    437.6    0.045     0
   164    1    10    296.6    0.747     0
   165    1     4    520.3    0.476     0
   166    0     2       --       --     0
   167    0     1       --       --     0
   168    0     4       --       --     0
   169    0     2       --       --     0
   170    0     1       --       --     0
   171    0     2       --       --     0
   172    0     1       --       --     0
   173    0     2       --       --     0
   174    0     1       --       --     0
   175    0     1       --       --     0
   176    0     1       --       --     0
Total extinctions: 0
Generation time: 4.053 sec (6.117 average)
 ****** Running generation 8 ******
Average fitness:
4567.793792889254
Best fitness:
9983.77356436542
Failed fitness
Run done
Enum done
Population's average fitness: 5071.97882 stdev: 4322.49222
Best fitness: 9753.77359 - size: (8, 14) - species 154 - id 498
Species 38 with 5 members is stagnated: removing it
Species 134 with 8 members is stagnated: removing it
Species 59 with 3 members is stagnated: removing it
Average adjusted fitness: 0.433
Mean genetic distance 2.840, standard deviation 0.591
Population of 156 members in 46 species:
   ID   age  size  fitness  adj fit  stag
  ====  ===  ====  =======  =======  ====
     1    8     2   1073.9    0.087     3
     4    8     2   1086.1    0.115     3
    11    8     6    296.9    0.737     3
    18    8     4    254.2    0.748     3
    19    8     3   1083.4    0.289     0
    37    8     2   1038.2    0.083     0
    48    8     2    409.5    0.105     4
    49    8     5   1002.7    0.470     0
    62    8     5    740.7    0.654     3
    73    8     6    928.6    0.580     3
    76    8     2    773.7    0.058     0
    82    8     2    254.2    0.043     3
   108    8     3    254.2    0.259     3
   113    8     5    254.2    0.596     3
   118    8     2    828.8    0.081     3
   152    3     3    254.2    0.268     1
   153    3     3    254.2    0.026     2
   154    3     8    254.2    0.809     2
   155    3     7    254.2    0.769     2
   156    2     3    994.0    0.534     1
   157    2     2    254.2    0.000     1
   158    2     5    254.2    0.317     1
   159    2     2    254.3    0.000     1
   160    2     2    254.2    0.103     1
   161    2     2    799.5    0.106     0
   162    2     2    254.2    0.012     1
   163    2     2    254.2    0.494     1
   164    2     4   9513.8    0.988     0
   165    2     2    781.3    0.662     0
   166    1     3   9658.6    0.990     0
   167    1     5   9635.4    0.988     0
   168    1     6    254.2    0.000     0
   169    1     4   9658.5    0.990     0
   170    1     4   9659.2    0.990     0
   171    1     5   6691.3    0.833     0
   172    1     8   9659.2    0.990     0
   173    1     3   1073.1    0.538     0
   174    1     2    254.2    0.000     0
   175    1     2    254.2    0.000     0
   176    1     5   9660.5    0.990     0
   177    0     5       --       --     0
   178    0     1       --       --     0
   179    0     2       --       --     0
   180    0     1       --       --     0
   181    0     1       --       --     0
   182    0     1       --       --     0
Total extinctions: 0
Generation time: 3.541 sec (5.831 average)
 ****** Running generation 9 ******
Average fitness:
5071.978821713873
Best fitness:
9983.77356436542
Failed fitness
Run done
Enum done
Population's average fitness: 5022.54173 stdev: 4286.73576
Best fitness: 9546.21349 - size: (8, 12) - species 164 - id 605
Species 48 with 2 members is stagnated: removing it
Average adjusted fitness: 0.437
Mean genetic distance 2.836, standard deviation 0.592
Population of 155 members in 52 species:
   ID   age  size  fitness  adj fit  stag
  ====  ===  ====  =======  =======  ====
     1    9     2    808.8    0.075     4
     4    9     2    873.2    0.107     4
    11    9     6   2045.5    0.861     0
    18    9     5    283.7    0.744     4
    19    9     2    870.5    0.242     1
    37    9     2    824.2    0.074     1
    49    9     5    798.9    0.738     1
    62    9     4    555.3    0.587     4
    73    9     6    899.1    0.786     4
    76    9     2    211.8    0.031     1
    82    9     2    159.8    0.037     4
   108    9     2    533.5    0.360     4
   113    9     4    159.8    0.665     4
   118    9     2    641.1    0.079     4
   152    4     2    664.4    0.363     2
   153    4     2    141.0    0.054     3
   154    4     6    159.8    0.730     3
   155    4     2   3457.9    0.880     3
   156    3     2    857.8    0.390     2
   157    3     2    159.8    0.002     2
   158    3     5   2877.6    0.840     2
   159    3     2    159.3    0.002     2
   160    3     2    159.8    0.101     2
   161    3     2    721.2    0.128     1
   162    3     2    159.8    0.014     2
   163    3     2    159.8    0.497     2
   164    3     3    892.5    0.767     1
   165    3     3   2212.7    0.607     0
   166    2     5   9066.7    0.979     1
   167    2     3    159.8    0.358     1
   168    2     5    159.8    0.002     1
   169    2     3    697.6    0.531     1
   170    2     3    159.8    0.498     1
   171    2     5    811.0    0.743     1
   172    2     5    159.8    0.636     1
   173    2     4    859.1    0.688     1
   174    2     2    159.8    0.002     1
   175    2     2    159.8    0.011     1
   176    2     5    159.8    0.795     1
   177    1     4    159.8    0.607     0
   178    1     2    159.8    0.002     0
   179    1     5   9487.7    0.994     0
   180    1     4   9487.7    0.994     0
   181    1     4   9485.4    0.994     0
   182    1     2    724.9    0.062     0
   183    0     1       --       --     0
   184    0     1       --       --     0
   185    0     1       --       --     0
   186    0     1       --       --     0
   187    0     2       --       --     0
   188    0     2       --       --     0
   189    0     1       --       --     0
Total extinctions: 0
Generation time: 3.468 sec (5.595 average)
 ****** Running generation 10 ******
Average fitness:
5022.541727111132
Best fitness:
9983.77356436542
Failed fitness
Run done
Enum done
Population's average fitness: 5487.19567 stdev: 4393.28117
Best fitness: 9854.71906 - size: (8, 12) - species 164 - id 605
Species 82 with 2 members is stagnated: removing it
Species 18 with 5 members is stagnated: removing it
Species 118 with 2 members is stagnated: removing it
Species 113 with 4 members is stagnated: removing it
Average adjusted fitness: 0.462
Mean genetic distance 2.781, standard deviation 0.607
Population of 154 members in 53 species:
   ID   age  size  fitness  adj fit  stag
  ====  ===  ====  =======  =======  ====
     1   10     2   1153.4    0.092     0
     4   10     2   1148.6    0.117     0
    11   10     4   2035.8    0.718     1
    19   10     3   1649.7    0.316     0
    37   10     2   1106.8    0.087     0
    49   10     5   2461.5    0.835     0
    62   10     2   1608.8    0.752     0
    73   10     4   1304.4    0.706     0
    76   10     2    690.7    0.053     2
   108   10     3    826.9    0.526     0
   152    5     3    920.5    0.524     0
   153    5     2    735.4    0.068     4
   154    5     4    274.6    0.343     4
   155    5     3   9811.3    0.995     0
   156    4     3    880.1    0.530     3
   157    4     2    274.6    0.000     3
   158    4     5   9753.6    0.994     0
   159    4     2    274.8    0.000     3
   160    4     2    274.7    0.109     3
   161    4     2    969.0    0.116     0
   162    4     2    274.6    0.013     3
   163    4     2    274.6    0.497     3
   164    4     3    976.6    0.690     2
   165    4     2    274.6    0.411     1
   166    3     5   3371.3    0.819     2
   167    3     4    889.2    0.539     2
   168    3     6    274.6    0.000     0
   169    3     3   9810.7    0.995     0
   170    3     3   9805.7    0.995     0
   171    3     4    274.6    0.441     2
   172    3     5   1696.5    0.826     2
   173    3     4   9805.1    0.995     0
   174    3     2    274.6    0.000     0
   175    3     2    274.6    0.015     0
   176    3     3    274.6    0.796     2
   177    2     4    549.0    0.755     0
   178    2     2    274.6    0.000     0
   179    2     4   1141.2    0.814     1
   180    2     3   1175.8    0.770     1
   181    2     4    963.0    0.764     1
   182    2     3    971.6    0.534     0
   183    1     2    274.6    0.000     0
   184    1     4   9811.2    0.995     0
   185    1     2   1496.1    0.128     0
   186    1     2    274.6    0.000     0
   187    1     5   9756.0    0.993     0
   188    1     4    274.6    0.498     0
   189    1     1    274.6    0.000     0
   190    0     2       --       --     0
   191    0     1       --       --     0
   192    0     1       --       --     0
   193    0     2       --       --     0
   194    0     1       --       --     0
Total extinctions: 0
Generation time: 3.396 sec (5.590 average)
 ****** Running generation 11 ******
Average fitness:
5487.195666253919
Best fitness:
9983.77356436542
Failed fitness
Run done
Enum done
Population's average fitness: 5040.16743 stdev: 4431.26861
Best fitness: 9901.23357 - size: (8, 12) - species 187 - id 605
Species 154 with 4 members is stagnated: removing it
Species 153 with 2 members is stagnated: removing it
Average adjusted fitness: 0.404
Mean genetic distance 2.768, standard deviation 0.593
Population of 158 members in 58 species:
   ID   age  size  fitness  adj fit  stag
  ====  ===  ====  =======  =======  ====
     1   11     2   1228.7    0.089     0
     4   11     2   1231.5    0.117     0
    11   11     3    404.3    0.522     2
    19   11     2   1210.1    0.226     1
    37   11     2   1182.1    0.085     0
    49   11     4    403.9    0.609     1
    62   11     3    403.9    0.491     1
    73   11     5   9658.4    0.980     0
    76   11     2    680.8    0.048     3
   108   11     4    688.6    0.494     1
   152    6     4    776.4    0.649     1
   155    6     2    403.9    0.329     1
   156    5     4    719.4    0.487     4
   157    5     2    403.9    0.003     4
   158    5     5    458.4    0.757     1
   159    5     2    403.9    0.003     4
   160    5     2    403.9    0.102     4
   161    5     2    818.4    0.072     1
   162    5     2    403.9    0.022     0
   163    5     3    403.9    0.491     4
   164    5     3    819.9    0.670     3
   165    5     3   2472.2    0.601     0
   166    4     4    399.5    0.600     3
   167    4     3    378.2    0.377     3
   168    4     3    403.9    0.003     0
   169    4     4   9240.3    0.965     1
   170    4     2   9725.2    0.982     1
   171    4     3    403.9    0.491     3
   172    4     5   8870.5    0.964     3
   173    4     3    820.1    0.748     1
   174    4     2    403.9    0.003     0
   175    4     2    403.9    0.005     0
   176    4     5    403.9    0.656     3
   177    3     5   9726.6    0.991     0
   178    3     2    403.9    0.003     0
   179    3     4    403.9    0.737     2
   180    3     4    944.6    0.674     2
   181    3     5   9698.4    0.981     0
   182    3     4    820.2    0.670     1
   183    2     2    403.9    0.003     0
   184    2     3    403.9    0.514     1
   185    2     2    403.9    0.056     1
   186    2     2    403.9    0.003     0
   187    2     3    781.6    0.609     1
   188    2     3    403.9    0.492     0
   189    2     2    403.9    0.003     0
   190    1     3   5217.8    0.754     0
   191    1     2    418.5    0.004     0
   192    1     1    403.9    0.003     0
   193    1     3    473.7    0.480     0
   194    1     1    403.9    0.003     0
   195    0     1       --       --     0
   196    0     1       --       --     0
   197    0     1       --       --     0
   198    0     1       --       --     0
   199    0     1       --       --     0
   200    0     1       --       --     0
   201    0     2       --       --     0
Total extinctions: 0
Generation time: 3.421 sec (5.188 average)
 ****** Running generation 12 ******
Average fitness:
5040.167428280824
Best fitness:
9983.77356436542
Failed fitness
Run done
Enum done
Population's average fitness: 5180.49276 stdev: 4494.32097
Best fitness: 9912.27723 - size: (7, 11) - species 180 - id 602
Species 160 with 2 members is stagnated: removing it
Species 157 with 2 members is stagnated: removing it
Species 163 with 3 members is stagnated: removing it
Species 159 with 2 members is stagnated: removing it
Average adjusted fitness: 0.436
Mean genetic distance 2.704, standard deviation 0.593
Population of 150 members in 62 species:
   ID   age  size  fitness  adj fit  stag
  ====  ===  ====  =======  =======  ====
     1   12     2   1051.1    0.092     1
     4   12     2   1041.6    0.123     1
    11   12     3   2327.4    0.740     0
    19   12     2   1968.4    0.339     0
    37   12     2   1008.4    0.088     1
    49   12     3    320.2    0.751     2
    62   12     2    320.2    0.344     2
    73   12     5    279.5    0.789     1
    76   12     2    361.9    0.025     4
   108   12     3   1313.8    0.647     0
   152    7     2    320.2    0.478     2
   155    7     2    320.2    0.507     2
   156    6     4   4189.6    0.806     0
   158    6     5   9880.8    0.997     0
   161    6     2   1645.8    0.159     0
   162    6     2    320.2    0.017     1
   164    6     1    320.2    0.671     4
   165    6     3    778.3    0.686     1
   166    5     4   1583.9    0.784     4
   167    5     2    464.7    0.533     4
   168    5     2    320.2    0.017     1
   169    5     3    320.2    0.752     2
   170    5     3   9885.1    0.999     0
   171    5     3   8429.0    0.908     0
   172    5     5    382.5    0.802     4
   173    5     3   1198.6    0.701     2
   174    5     2    320.2    0.017     1
   175    5     2    320.2    0.236     1
   176    5     3    320.2    0.582     4
   177    4     3    320.2    0.619     1
   178    4     2    320.2    0.017     1
   179    4     3   9885.1    0.997     0
   180    4     2    320.2    0.538     3
   181    4     5    320.2    0.801     1
   182    4     3    320.2    0.663     2
   183    3     2    320.2    0.017     1
   184    3     3    320.2    0.670     2
   185    3     2    320.2    0.078     2
   186    3     2    320.2    0.017     1
   187    3     3   9871.3    0.997     0
   188    3     3    320.2    0.671     1
   189    3     2    320.2    0.017     1
   190    2     3    320.2    0.522     1
   191    2     2    313.5    0.035     1
   192    2     2    320.2    0.017     1
   193    2     3    153.0    0.648     1
   194    2     1    320.2    0.017     1
   195    1     2    320.2    0.017     0
   196    1     2    320.2    0.017     0
   197    1     2    320.2    0.017     0
   198    1     3   1050.4    0.092     0
   199    1     3   4740.1    0.470     0
   200    1     3   9885.1    0.997     0
   201    1     2    320.2    0.017     0
   202    0     1       --       --     0
   203    0     1       --       --     0
   204    0     1       --       --     0
   205    0     1       --       --     0
   206    0     1       --       --     0
   207    0     1       --       --     0
   208    0     1       --       --     0
   209    0     1       --       --     0
Total extinctions: 0
Generation time: 3.487 sec (4.673 average)
 ****** Running generation 13 ******
Average fitness:
5180.492758557905
Best fitness:
9983.77356436542
Failed fitness
Run done
Enum done
Population's average fitness: 5280.32020 stdev: 4454.66553
Best fitness: 9964.75421 - size: (8, 12) - species 198 - id 605
Species 172 with 5 members is stagnated: removing it
Species 166 with 4 members is stagnated: removing it
Species 76 with 2 members is stagnated: removing it
Species 167 with 2 members is stagnated: removing it
Average adjusted fitness: 0.433
Mean genetic distance 2.668, standard deviation 0.591
Population of 165 members in 65 species:
   ID   age  size  fitness  adj fit  stag
  ====  ===  ====  =======  =======  ====
     1   13     2   1296.0    0.087     0
     4   13     2   1297.4    0.114     0
    11   13     4   9749.1    0.991     0
    19   13     2   1385.7    0.286     1
    37   13     2   1247.3    0.082     0
    49   13     3   9748.0    0.979     0
    62   13     3    472.8    0.488     3
    73   13     4    721.6    0.788     2
   108   13     2    555.0    0.647     1
   152    8     4   9342.6    0.949     0
   155    8     3    472.8    0.489     3
   156    7     3    472.8    0.488     1
   158    7     4    472.8    0.769     1
   161    7     2    833.3    0.059     1
   162    7     2    472.8    0.020     0
   164    7     3   9755.2    0.978     0
   165    7     4   2585.7    0.726     0
   168    6     3    472.8    0.000     0
   169    6     4    472.8    0.652     3
   170    6     3   9725.6    0.977     1
   171    6     3   8496.3    0.921     0
   173    6     4   9755.3    0.978     3
   174    6     2    472.8    0.000     0
   175    6     2    472.8    0.001     0
   176    6     4   9723.8    0.977     0
   177    5     4   9739.5    0.992     0
   178    5     2    472.8    0.000     0
   179    5     4   9755.4    0.978     1
   180    5     4   9755.4    0.978     0
   181    5     4    472.8    0.587     2
   182    5     3   2382.3    0.719     0
   183    4     2    472.8    0.000     0
   184    4     4    834.6    0.665     3
   185    4     2    472.8    0.052     3
   186    4     2    472.8    0.000     0
   187    4     3    472.8    0.355     1
   188    4     3    472.8    0.652     0
   189    4     2    472.8    0.000     0
   190    3     2    472.8    0.501     2
   191    3     2    476.2    0.001     0
   192    3     2    472.8    0.000     0
   193    3     4    739.1    0.654     0
   194    3     2    472.8    0.000     0
   195    2     2    472.8    0.000     0
   196    2     2    472.8    0.000     0
   197    2     2    472.8    0.000     0
   198    2     1   1305.9    0.392     0
   199    2     1    712.6    0.499     1
   200    2     4    472.8    0.652     1
   201    2     2    472.8    0.000     0
   202    1     3   9754.5    0.978     0
   203    1     1    472.8    0.000     0
   204    1     4   9755.4    0.978     0
   205    1     1    472.8    0.000     0
   206    1     2    472.8    0.000     0
   207    1     2    795.7    0.034     0
   208    1     4   9751.2    0.977     0
   209    1     2    480.1    0.001     0
   210    0     1       --       --     0
   211    0     1       --       --     0
   212    0     1       --       --     0
   213    0     1       --       --     0
   214    0     1       --       --     0
   215    0     1       --       --     0
   216    0     1       --       --     0
Total extinctions: 0
Generation time: 3.509 sec (4.186 average)
 ****** Running generation 14 ******
Average fitness:
5280.320197644924
Best fitness:
9983.77356436542
Failed fitness
Run done
Enum done
Population's average fitness: 5236.10587 stdev: 4497.49301
Best fitness: 9793.28368 - size: (7, 11) - species 180 - id 925
Average adjusted fitness: 0.439
Mean genetic distance 2.664, standard deviation 0.579
Population of 150 members in 69 species:
   ID   age  size  fitness  adj fit  stag
  ====  ===  ====  =======  =======  ====
     1   14     2    956.8    0.079     1
     4   14     2    947.1    0.109     1
    11   14     2   1954.6    0.595     1
    19   14     2   1896.8    0.335     2
    37   14     2    913.2    0.075     1
    49   14     3   1440.6    0.707     1
    62   14     2    206.2    0.487     4
    73   14     2    846.0    0.535     3
   108   14     2   2168.6    0.599     0
   152    9     4   8829.7    0.942     1
   155    9     3    206.2    0.665     4
   156    8     3   7593.1    0.909     0
   158    8     4   9349.6    0.986     2
   161    8     2   1720.2    0.164     0
   162    8     2    206.2    0.001     1
   164    8     3   9767.6    0.997     0
   165    8     2    527.3    0.530     1
   168    7     3    206.2    0.001     1
   169    7     2    206.2    0.499     4
   170    7     3    206.2    0.666     2
   171    7     3   5936.5    0.824     1
   173    7     2    206.2    0.748     4
   174    7     2    206.2    0.001     1
   175    7     2    206.2    0.223     1
   176    7     2    206.2    0.742     1
   177    6     1    953.4    0.768     1
   178    6     2    206.2    0.001     1
   179    6     4   9767.7    0.997     2
   180    6     2    206.2    0.750     1
   181    6     2    206.2    0.744     3
   182    6     3   1089.7    0.696     1
   183    5     2    206.2    0.001     1
   184    5     2    206.2    0.748     4
   185    5     2    206.2    0.065     4
   186    5     2    206.2    0.001     1
   187    5     3    956.8    0.691     2
   188    5     3   9767.4    0.997     0
   189    5     2    206.2    0.001     1
   190    4     2   5397.4    0.771     0
   191    4     2    199.6    0.019     1
   192    4     2    206.2    0.001     1
   193    4     2    206.2    0.734     1
   194    4     2    206.2    0.001     1
   195    3     2    206.2    0.001     1
   196    3     2    206.2    0.001     1
   197    3     2    206.2    0.001     1
   198    3     2    956.6    0.079     1
   199    3     2   4622.4    0.461     2
   200    3     2    215.2    0.748     2
   201    3     2    206.2    0.001     1
   202    2     2   9767.9    0.997     0
   203    2     1    206.2    0.001     1
   204    2     4   9766.8    0.997     0
   205    2     2    206.2    0.001     1
   206    2     2    206.2    0.001     1
   207    2     2    849.1    0.068     0
   208    2     2    206.2    0.710     1
   209    2     2    206.2    0.001     1
   210    1     2   9767.7    0.997     0
   211    1     2    206.2    0.001     0
   212    1     2    700.4    0.052     0
   213    1     2    206.2    0.001     0
   214    1     2   9765.8    0.997     0
   215    1     2   9767.6    0.997     0
   216    1     2   9767.7    0.997     0
   217    0     1       --       --     0
   218    0     1       --       --     0
   219    0     1       --       --     0
   220    0     1       --       --     0
Total extinctions: 0
Generation time: 3.761 sec (3.857 average)
 ****** Running generation 15 ******
Average fitness:
5236.10587267561
Best fitness:
9983.77356436542
Failed fitness
Run done
Enum done
Population's average fitness: 5143.70771 stdev: 4567.80522
Best fitness: 9773.97012 - size: (8, 12) - species 187 - id 605
Species 185 with 2 members is stagnated: removing it
Species 184 with 2 members is stagnated: removing it
Species 169 with 2 members is stagnated: removing it
Species 155 with 3 members is stagnated: removing it
Species 173 with 2 members is stagnated: removing it
Average adjusted fitness: 0.440
Mean genetic distance 2.682, standard deviation 0.572
Population of 153 members in 67 species:
   ID   age  size  fitness  adj fit  stag
  ====  ===  ====  =======  =======  ====
     1   15     2   1067.7    0.091     2
     4   15     2   1077.1    0.117     2
    11   15     3   9766.4    0.999     0
    19   15     2   1616.6    0.320     3
    37   15     2   1033.6    0.087     2
    49   15     2   9720.1    0.995     2
    62   15     2   4432.9    0.717     0
    73   15     3   9726.4    0.995     0
   108   15     2   2387.6    0.611     0
   152   10     4   9313.3    0.973     2
   156    9     3   9682.1    0.994     0
   158    9     2    207.8    0.746     3
   161    9     2    896.1    0.122     1
   162    9     2    207.8    0.014     2
   164    9     3   9726.4    0.995     1
   165    9     3   9722.0    0.995     0
   168    8     3    207.8    0.000     2
   170    8     3    207.8    0.663     3
   171    8     3   9499.0    0.987     0
   174    8     2    207.8    0.000     2
   175    8     2    207.8    0.012     2
   176    8     3   9726.4    0.995     0
   177    7     2   9772.2    1.000     0
   178    7     2    207.8    0.000     2
   179    7     4    874.9    0.764     3
   180    7     3   9726.4    0.995     2
   181    7     3   9726.0    0.995     0
   182    7     3    898.9    0.688     2
   183    6     2    207.8    0.000     2
   186    6     2    207.8    0.000     2
   187    6     3   9711.0    0.996     3
   188    6     3    207.8    0.663     1
   189    6     2    207.8    0.000     2
   190    5     2   5210.8    0.761     1
   191    5     2    214.2    0.002     2
   192    5     2    207.8    0.000     2
   193    5     3   9642.6    0.993     0
   194    5     2    207.8    0.000     2
   195    4     2    207.8    0.000     2
   196    4     2    207.8    0.000     2
   197    4     2    207.8    0.000     2
   198    4     2   1086.7    0.092     2
   199    4     2    207.8    0.258     3
   200    4     3   9726.4    0.995     3
   201    4     2    207.8    0.000     2
   202    3     2   9726.1    0.995     1
   203    3     1    207.8    0.000     2
   204    3     4   9726.4    0.995     1
   205    3     2    207.8    0.000     2
   206    3     2    207.8    0.000     2
   207    3     2    854.1    0.068     0
   208    3     3   9486.1    0.982     2
   209    3     2    220.9    0.001     2
   210    2     2   9726.4    0.995     1
   211    2     2    207.8    0.000     0
   212    2     2    528.2    0.054     1
   213    2     2    207.8    0.000     0
   214    2     2    207.8    0.476     1
   215    2     2    207.8    0.498     1
   216    2     2    207.8    0.498     1
   217    1     2   9726.4    0.995     0
   218    1     2    207.8    0.000     0
   219    1     2    207.8    0.000     0
   220    1     2    207.8    0.000     0
   221    0     1       --       --     0
   222    0     1       --       --     0
   223    0     1       --       --     0
Total extinctions: 0
Generation time: 3.842 sec (3.595 average)
 ****** Running generation 16 ******
Average fitness:
5143.707710440627
Best fitness:
9983.77356436542
