2022-05-23 01:34:34,733 INFO    MainThread:12748 [internal.py:wandb_internal():90] W&B internal server running at pid: 12748, started at: 2022-05-23 01:34:34.732457
2022-05-23 01:34:34,735 INFO    WriterThread:12748 [datastore.py:open_for_write():75] open: C:\Projects\Code\Neurals\wandb\run-20220523_013432-hmvzpt92\run-hmvzpt92.wandb
2022-05-23 01:34:34,750 DEBUG   SenderThread:12748 [sender.py:send():232] send: header
2022-05-23 01:34:34,751 DEBUG   SenderThread:12748 [sender.py:send():232] send: run
2022-05-23 01:34:35,091 INFO    SenderThread:12748 [dir_watcher.py:__init__():197] watching files in: C:\Projects\Code\Neurals\wandb\run-20220523_013432-hmvzpt92\files
2022-05-23 01:34:35,092 DEBUG   HandlerThread:12748 [handler.py:handle_request():141] handle_request: check_version
2022-05-23 01:34:35,093 INFO    SenderThread:12748 [sender.py:_start_run_threads():811] run started: hmvzpt92 with start time 1653233672
2022-05-23 01:34:35,095 DEBUG   SenderThread:12748 [sender.py:send():232] send: summary
2022-05-23 01:34:35,097 INFO    SenderThread:12748 [sender.py:_save_file():948] saving file wandb-summary.json with policy end
2022-05-23 01:34:35,098 DEBUG   SenderThread:12748 [sender.py:send_request():246] send_request: check_version
2022-05-23 01:34:35,181 DEBUG   HandlerThread:12748 [handler.py:handle_request():141] handle_request: run_start
2022-05-23 01:34:36,106 INFO    Thread-11 :12748 [dir_watcher.py:_on_file_created():244] file/dir created: C:\Projects\Code\Neurals\wandb\run-20220523_013432-hmvzpt92\files\wandb-summary.json
2022-05-23 01:34:37,742 DEBUG   HandlerThread:12748 [meta.py:__init__():35] meta init
2022-05-23 01:34:37,745 DEBUG   HandlerThread:12748 [meta.py:__init__():49] meta init done
2022-05-23 01:34:37,745 DEBUG   HandlerThread:12748 [meta.py:probe():209] probe
2022-05-23 01:34:37,761 DEBUG   HandlerThread:12748 [git.py:repo():29] git repository is invalid
2022-05-23 01:34:37,762 DEBUG   HandlerThread:12748 [meta.py:_save_pip():53] save pip
2022-05-23 01:34:37,762 DEBUG   HandlerThread:12748 [meta.py:_save_pip():67] save pip done
2022-05-23 01:34:37,763 DEBUG   HandlerThread:12748 [meta.py:probe():247] probe done
2022-05-23 01:34:37,776 DEBUG   SenderThread:12748 [sender.py:send():232] send: files
2022-05-23 01:34:37,776 INFO    SenderThread:12748 [sender.py:_save_file():948] saving file wandb-metadata.json with policy now
2022-05-23 01:34:37,784 DEBUG   HandlerThread:12748 [handler.py:handle_request():141] handle_request: stop_status
2022-05-23 01:34:37,784 DEBUG   SenderThread:12748 [sender.py:send_request():246] send_request: stop_status
2022-05-23 01:34:38,047 DEBUG   SenderThread:12748 [sender.py:send():232] send: telemetry
2022-05-23 01:34:38,135 INFO    Thread-11 :12748 [dir_watcher.py:_on_file_created():244] file/dir created: C:\Projects\Code\Neurals\wandb\run-20220523_013432-hmvzpt92\files\wandb-metadata.json
2022-05-23 01:34:38,136 INFO    Thread-11 :12748 [dir_watcher.py:_on_file_created():244] file/dir created: C:\Projects\Code\Neurals\wandb\run-20220523_013432-hmvzpt92\files\requirements.txt
2022-05-23 01:34:38,136 INFO    Thread-11 :12748 [dir_watcher.py:_on_file_created():244] file/dir created: C:\Projects\Code\Neurals\wandb\run-20220523_013432-hmvzpt92\files\output.log
2022-05-23 01:34:38,581 INFO    Thread-15 :12748 [upload_job.py:push():132] Uploaded file C:\Users\MAXIMN~1\AppData\Local\Temp\tmpjwqmfzorwandb\28yz7gri-wandb-metadata.json
2022-05-23 01:34:40,156 INFO    Thread-11 :12748 [dir_watcher.py:_on_file_modified():257] file/dir modified: C:\Projects\Code\Neurals\wandb\run-20220523_013432-hmvzpt92\files\output.log
2022-05-23 01:34:41,651 DEBUG   SenderThread:12748 [sender.py:send():232] send: telemetry
2022-05-23 01:34:42,168 INFO    Thread-11 :12748 [dir_watcher.py:_on_file_modified():257] file/dir modified: C:\Projects\Code\Neurals\wandb\run-20220523_013432-hmvzpt92\files\output.log
2022-05-23 01:34:42,317 DEBUG   SenderThread:12748 [sender.py:send():232] send: exit
2022-05-23 01:34:42,318 DEBUG   HandlerThread:12748 [handler.py:handle_request():141] handle_request: poll_exit
2022-05-23 01:34:42,318 INFO    SenderThread:12748 [sender.py:send_exit():368] handling exit code: 1
2022-05-23 01:34:42,319 INFO    SenderThread:12748 [sender.py:send_exit():370] handling runtime: 7
2022-05-23 01:34:42,319 INFO    SenderThread:12748 [sender.py:_save_file():948] saving file wandb-summary.json with policy end
2022-05-23 01:34:42,319 INFO    SenderThread:12748 [sender.py:send_exit():376] send defer
2022-05-23 01:34:42,320 DEBUG   SenderThread:12748 [sender.py:send_request():246] send_request: poll_exit
2022-05-23 01:34:42,320 DEBUG   HandlerThread:12748 [handler.py:handle_request():141] handle_request: defer
2022-05-23 01:34:42,321 INFO    HandlerThread:12748 [handler.py:handle_request_defer():164] handle defer: 0
2022-05-23 01:34:42,321 DEBUG   SenderThread:12748 [sender.py:send_request():246] send_request: defer
2022-05-23 01:34:42,321 INFO    SenderThread:12748 [sender.py:send_request_defer():385] handle sender defer: 0
2022-05-23 01:34:42,321 INFO    SenderThread:12748 [sender.py:transition_state():389] send defer: 1
2022-05-23 01:34:42,322 DEBUG   HandlerThread:12748 [handler.py:handle_request():141] handle_request: defer
2022-05-23 01:34:42,322 INFO    HandlerThread:12748 [handler.py:handle_request_defer():164] handle defer: 1
2022-05-23 01:34:42,340 DEBUG   SenderThread:12748 [sender.py:send_request():246] send_request: defer
2022-05-23 01:34:42,341 INFO    SenderThread:12748 [sender.py:send_request_defer():385] handle sender defer: 1
2022-05-23 01:34:42,342 INFO    SenderThread:12748 [sender.py:transition_state():389] send defer: 2
2022-05-23 01:34:42,342 DEBUG   SenderThread:12748 [sender.py:send():232] send: stats
2022-05-23 01:34:42,344 DEBUG   HandlerThread:12748 [handler.py:handle_request():141] handle_request: defer
2022-05-23 01:34:42,345 INFO    HandlerThread:12748 [handler.py:handle_request_defer():164] handle defer: 2
2022-05-23 01:34:42,345 DEBUG   SenderThread:12748 [sender.py:send_request():246] send_request: defer
2022-05-23 01:34:42,345 INFO    SenderThread:12748 [sender.py:send_request_defer():385] handle sender defer: 2
2022-05-23 01:34:42,345 INFO    SenderThread:12748 [sender.py:transition_state():389] send defer: 3
2022-05-23 01:34:42,346 DEBUG   HandlerThread:12748 [handler.py:handle_request():141] handle_request: defer
2022-05-23 01:34:42,346 INFO    HandlerThread:12748 [handler.py:handle_request_defer():164] handle defer: 3
2022-05-23 01:34:42,346 DEBUG   SenderThread:12748 [sender.py:send_request():246] send_request: defer
2022-05-23 01:34:42,347 INFO    SenderThread:12748 [sender.py:send_request_defer():385] handle sender defer: 3
2022-05-23 01:34:42,347 INFO    SenderThread:12748 [sender.py:transition_state():389] send defer: 4
2022-05-23 01:34:42,347 DEBUG   HandlerThread:12748 [handler.py:handle_request():141] handle_request: defer
2022-05-23 01:34:42,347 INFO    HandlerThread:12748 [handler.py:handle_request_defer():164] handle defer: 4
2022-05-23 01:34:42,348 DEBUG   SenderThread:12748 [sender.py:send():232] send: summary
2022-05-23 01:34:42,348 INFO    SenderThread:12748 [sender.py:_save_file():948] saving file wandb-summary.json with policy end
2022-05-23 01:34:42,348 DEBUG   SenderThread:12748 [sender.py:send_request():246] send_request: defer
2022-05-23 01:34:42,348 INFO    SenderThread:12748 [sender.py:send_request_defer():385] handle sender defer: 4
2022-05-23 01:34:42,348 INFO    SenderThread:12748 [sender.py:transition_state():389] send defer: 5
2022-05-23 01:34:42,349 DEBUG   HandlerThread:12748 [handler.py:handle_request():141] handle_request: defer
2022-05-23 01:34:42,349 INFO    HandlerThread:12748 [handler.py:handle_request_defer():164] handle defer: 5
2022-05-23 01:34:42,349 DEBUG   SenderThread:12748 [sender.py:send_request():246] send_request: defer
2022-05-23 01:34:42,349 INFO    SenderThread:12748 [sender.py:send_request_defer():385] handle sender defer: 5
2022-05-23 01:34:42,422 DEBUG   HandlerThread:12748 [handler.py:handle_request():141] handle_request: poll_exit
2022-05-23 01:34:43,002 INFO    SenderThread:12748 [sender.py:transition_state():389] send defer: 6
2022-05-23 01:34:43,003 DEBUG   SenderThread:12748 [sender.py:send_request():246] send_request: poll_exit
2022-05-23 01:34:43,003 DEBUG   HandlerThread:12748 [handler.py:handle_request():141] handle_request: defer
2022-05-23 01:34:43,003 INFO    HandlerThread:12748 [handler.py:handle_request_defer():164] handle defer: 6
2022-05-23 01:34:43,004 DEBUG   SenderThread:12748 [sender.py:send_request():246] send_request: defer
2022-05-23 01:34:43,004 INFO    SenderThread:12748 [sender.py:send_request_defer():385] handle sender defer: 6
2022-05-23 01:34:43,004 INFO    SenderThread:12748 [dir_watcher.py:finish():312] shutting down directory watcher
2022-05-23 01:34:43,105 DEBUG   HandlerThread:12748 [handler.py:handle_request():141] handle_request: poll_exit
2022-05-23 01:34:43,170 INFO    Thread-11 :12748 [dir_watcher.py:_on_file_modified():257] file/dir modified: C:\Projects\Code\Neurals\wandb\run-20220523_013432-hmvzpt92\files\output.log
2022-05-23 01:34:43,171 INFO    SenderThread:12748 [dir_watcher.py:_on_file_modified():257] file/dir modified: C:\Projects\Code\Neurals\wandb\run-20220523_013432-hmvzpt92\files\config.yaml
2022-05-23 01:34:43,172 INFO    SenderThread:12748 [dir_watcher.py:_on_file_modified():257] file/dir modified: C:\Projects\Code\Neurals\wandb\run-20220523_013432-hmvzpt92\files\wandb-summary.json
2022-05-23 01:34:43,172 INFO    SenderThread:12748 [dir_watcher.py:finish():342] scan: C:\Projects\Code\Neurals\wandb\run-20220523_013432-hmvzpt92\files
2022-05-23 01:34:43,173 INFO    SenderThread:12748 [dir_watcher.py:finish():356] scan save: C:\Projects\Code\Neurals\wandb\run-20220523_013432-hmvzpt92\files\config.yaml config.yaml
2022-05-23 01:34:43,175 INFO    SenderThread:12748 [dir_watcher.py:finish():356] scan save: C:\Projects\Code\Neurals\wandb\run-20220523_013432-hmvzpt92\files\output.log output.log
2022-05-23 01:34:43,175 INFO    SenderThread:12748 [dir_watcher.py:finish():356] scan save: C:\Projects\Code\Neurals\wandb\run-20220523_013432-hmvzpt92\files\requirements.txt requirements.txt
2022-05-23 01:34:43,182 INFO    SenderThread:12748 [dir_watcher.py:finish():356] scan save: C:\Projects\Code\Neurals\wandb\run-20220523_013432-hmvzpt92\files\wandb-metadata.json wandb-metadata.json
2022-05-23 01:34:43,183 INFO    SenderThread:12748 [dir_watcher.py:finish():356] scan save: C:\Projects\Code\Neurals\wandb\run-20220523_013432-hmvzpt92\files\wandb-summary.json wandb-summary.json
2022-05-23 01:34:43,188 INFO    SenderThread:12748 [sender.py:transition_state():389] send defer: 7
2022-05-23 01:34:43,188 DEBUG   SenderThread:12748 [sender.py:send_request():246] send_request: poll_exit
2022-05-23 01:34:43,192 DEBUG   HandlerThread:12748 [handler.py:handle_request():141] handle_request: defer
2022-05-23 01:34:43,192 INFO    HandlerThread:12748 [handler.py:handle_request_defer():164] handle defer: 7
2022-05-23 01:34:43,193 DEBUG   SenderThread:12748 [sender.py:send_request():246] send_request: defer
2022-05-23 01:34:43,193 INFO    SenderThread:12748 [sender.py:send_request_defer():385] handle sender defer: 7
2022-05-23 01:34:43,196 INFO    SenderThread:12748 [file_pusher.py:finish():145] shutting down file pusher
2022-05-23 01:34:43,292 DEBUG   HandlerThread:12748 [handler.py:handle_request():141] handle_request: poll_exit
2022-05-23 01:34:43,292 DEBUG   SenderThread:12748 [sender.py:send_request():246] send_request: poll_exit
2022-05-23 01:34:43,394 DEBUG   HandlerThread:12748 [handler.py:handle_request():141] handle_request: poll_exit
2022-05-23 01:34:43,394 DEBUG   SenderThread:12748 [sender.py:send_request():246] send_request: poll_exit
2022-05-23 01:34:43,496 DEBUG   HandlerThread:12748 [handler.py:handle_request():141] handle_request: poll_exit
2022-05-23 01:34:43,496 DEBUG   SenderThread:12748 [sender.py:send_request():246] send_request: poll_exit
2022-05-23 01:34:43,598 DEBUG   HandlerThread:12748 [handler.py:handle_request():141] handle_request: poll_exit
2022-05-23 01:34:43,598 DEBUG   SenderThread:12748 [sender.py:send_request():246] send_request: poll_exit
2022-05-23 01:34:43,700 DEBUG   HandlerThread:12748 [handler.py:handle_request():141] handle_request: poll_exit
2022-05-23 01:34:43,700 DEBUG   SenderThread:12748 [sender.py:send_request():246] send_request: poll_exit
2022-05-23 01:34:43,801 DEBUG   HandlerThread:12748 [handler.py:handle_request():141] handle_request: poll_exit
2022-05-23 01:34:43,801 DEBUG   SenderThread:12748 [sender.py:send_request():246] send_request: poll_exit
2022-05-23 01:34:43,903 DEBUG   HandlerThread:12748 [handler.py:handle_request():141] handle_request: poll_exit
2022-05-23 01:34:43,903 DEBUG   SenderThread:12748 [sender.py:send_request():246] send_request: poll_exit
2022-05-23 01:34:44,005 DEBUG   HandlerThread:12748 [handler.py:handle_request():141] handle_request: poll_exit
2022-05-23 01:34:44,005 DEBUG   SenderThread:12748 [sender.py:send_request():246] send_request: poll_exit
2022-05-23 01:34:44,098 INFO    Thread-16 :12748 [upload_job.py:push():132] Uploaded file C:\Projects\Code\Neurals\wandb\run-20220523_013432-hmvzpt92\files\config.yaml
2022-05-23 01:34:44,100 INFO    Thread-19 :12748 [upload_job.py:push():132] Uploaded file C:\Projects\Code\Neurals\wandb\run-20220523_013432-hmvzpt92\files\wandb-summary.json
2022-05-23 01:34:44,102 INFO    Thread-17 :12748 [upload_job.py:push():132] Uploaded file C:\Projects\Code\Neurals\wandb\run-20220523_013432-hmvzpt92\files\output.log
2022-05-23 01:34:44,106 DEBUG   HandlerThread:12748 [handler.py:handle_request():141] handle_request: poll_exit
2022-05-23 01:34:44,106 DEBUG   SenderThread:12748 [sender.py:send_request():246] send_request: poll_exit
2022-05-23 01:34:44,124 INFO    Thread-18 :12748 [upload_job.py:push():132] Uploaded file C:\Projects\Code\Neurals\wandb\run-20220523_013432-hmvzpt92\files\requirements.txt
2022-05-23 01:34:44,208 DEBUG   HandlerThread:12748 [handler.py:handle_request():141] handle_request: poll_exit
2022-05-23 01:34:44,209 DEBUG   SenderThread:12748 [sender.py:send_request():246] send_request: poll_exit
2022-05-23 01:34:44,310 DEBUG   HandlerThread:12748 [handler.py:handle_request():141] handle_request: poll_exit
2022-05-23 01:34:44,310 DEBUG   SenderThread:12748 [sender.py:send_request():246] send_request: poll_exit
2022-05-23 01:34:44,339 INFO    Thread-10 :12748 [sender.py:transition_state():389] send defer: 8
2022-05-23 01:34:44,340 DEBUG   HandlerThread:12748 [handler.py:handle_request():141] handle_request: defer
2022-05-23 01:34:44,341 INFO    HandlerThread:12748 [handler.py:handle_request_defer():164] handle defer: 8
2022-05-23 01:34:44,344 DEBUG   SenderThread:12748 [sender.py:send_request():246] send_request: defer
2022-05-23 01:34:44,344 INFO    SenderThread:12748 [sender.py:send_request_defer():385] handle sender defer: 8
2022-05-23 01:34:44,411 DEBUG   HandlerThread:12748 [handler.py:handle_request():141] handle_request: poll_exit
2022-05-23 01:34:44,794 INFO    SenderThread:12748 [sender.py:transition_state():389] send defer: 9
2022-05-23 01:34:44,795 DEBUG   SenderThread:12748 [sender.py:send_request():246] send_request: poll_exit
2022-05-23 01:34:44,795 DEBUG   HandlerThread:12748 [handler.py:handle_request():141] handle_request: defer
2022-05-23 01:34:44,795 INFO    HandlerThread:12748 [handler.py:handle_request_defer():164] handle defer: 9
2022-05-23 01:34:44,796 DEBUG   SenderThread:12748 [sender.py:send_request():246] send_request: defer
2022-05-23 01:34:44,796 INFO    SenderThread:12748 [sender.py:send_request_defer():385] handle sender defer: 9
2022-05-23 01:34:44,796 INFO    SenderThread:12748 [sender.py:transition_state():389] send defer: 10
2022-05-23 01:34:44,797 DEBUG   SenderThread:12748 [sender.py:send():232] send: final
2022-05-23 01:34:44,797 DEBUG   HandlerThread:12748 [handler.py:handle_request():141] handle_request: defer
2022-05-23 01:34:44,797 INFO    HandlerThread:12748 [handler.py:handle_request_defer():164] handle defer: 10
2022-05-23 01:34:44,797 DEBUG   SenderThread:12748 [sender.py:send():232] send: footer
2022-05-23 01:34:44,797 DEBUG   SenderThread:12748 [sender.py:send_request():246] send_request: defer
2022-05-23 01:34:44,798 INFO    SenderThread:12748 [sender.py:send_request_defer():385] handle sender defer: 10
2022-05-23 01:34:44,896 DEBUG   HandlerThread:12748 [handler.py:handle_request():141] handle_request: poll_exit
2022-05-23 01:34:44,896 DEBUG   SenderThread:12748 [sender.py:send_request():246] send_request: poll_exit
2022-05-23 01:34:44,896 INFO    SenderThread:12748 [file_pusher.py:join():150] waiting for file pusher
2022-05-23 01:34:45,551 DEBUG   HandlerThread:12748 [handler.py:handle_request():141] handle_request: sampled_history
2022-05-23 01:34:45,552 DEBUG   HandlerThread:12748 [handler.py:handle_request():141] handle_request: get_summary
2022-05-23 01:34:45,553 DEBUG   HandlerThread:12748 [handler.py:handle_request():141] handle_request: shutdown
2022-05-23 01:34:45,553 INFO    HandlerThread:12748 [handler.py:finish():806] shutting down handler
2022-05-23 01:34:45,800 INFO    WriterThread:12748 [datastore.py:close():279] close: C:\Projects\Code\Neurals\wandb\run-20220523_013432-hmvzpt92\run-hmvzpt92.wandb
2022-05-23 01:34:46,459 INFO    SenderThread:12748 [sender.py:finish():1110] shutting down sender
2022-05-23 01:34:46,459 INFO    SenderThread:12748 [file_pusher.py:finish():145] shutting down file pusher
2022-05-23 01:34:46,459 INFO    SenderThread:12748 [file_pusher.py:join():150] waiting for file pusher
2022-05-23 01:34:46,461 INFO    MainThread:12748 [internal.py:handle_exit():80] Internal process exited
