2022-05-23 01:34:32,085 INFO    MainThread:13560 [wandb_setup.py:_flush():76] Loading settings from C:\Users\Maxim N\.config\wandb\settings
2022-05-23 01:34:32,085 INFO    MainThread:13560 [wandb_setup.py:_flush():76] Loading settings from C:\Projects\Code\Neurals\wandb\settings
2022-05-23 01:34:32,085 INFO    MainThread:13560 [wandb_setup.py:_flush():76] Loading settings from environment variables: {}
2022-05-23 01:34:32,085 INFO    MainThread:13560 [wandb_setup.py:_flush():76] Inferring run settings from compute environment: {'program_relpath': 'testing.py', 'program': 'C:\\Projects\\Code\\Neurals\\testing.py'}
2022-05-23 01:34:32,085 INFO    MainThread:13560 [wandb_init.py:_log_setup():428] Logging user logs to C:\Projects\Code\Neurals\wandb\run-20220523_013432-hmvzpt92\logs\debug.log
2022-05-23 01:34:32,094 INFO    MainThread:13560 [wandb_init.py:_log_setup():429] Logging internal logs to C:\Projects\Code\Neurals\wandb\run-20220523_013432-hmvzpt92\logs\debug-internal.log
2022-05-23 01:34:32,094 INFO    MainThread:13560 [wandb_init.py:init():462] calling init triggers
2022-05-23 01:34:32,095 INFO    MainThread:13560 [wandb_init.py:init():465] wandb.init called with sweep_config: {}
config: {}
2022-05-23 01:34:32,095 INFO    MainThread:13560 [wandb_init.py:init():515] starting backend
2022-05-23 01:34:32,095 INFO    MainThread:13560 [backend.py:_multiprocessing_setup():97] multiprocessing start_methods=spawn, using: spawn
2022-05-23 01:34:32,104 INFO    MainThread:13560 [backend.py:ensure_launched():217] starting backend process...
2022-05-23 01:34:32,365 INFO    MainThread:13560 [backend.py:ensure_launched():222] started backend process with pid: 12748
2022-05-23 01:34:32,365 INFO    MainThread:13560 [wandb_init.py:init():525] backend started and connected
2022-05-23 01:34:32,372 INFO    MainThread:13560 [wandb_init.py:init():596] updated telemetry
2022-05-23 01:34:32,386 INFO    MainThread:13560 [wandb_init.py:init():627] communicating run to backend with 30 second timeout
2022-05-23 01:34:35,091 INFO    MainThread:13560 [wandb_run.py:_on_init():1924] communicating current version
2022-05-23 01:34:35,175 INFO    MainThread:13560 [wandb_run.py:_on_init():1928] got version response 
2022-05-23 01:34:35,176 INFO    MainThread:13560 [wandb_init.py:init():662] starting run threads in backend
2022-05-23 01:34:37,784 INFO    MainThread:13560 [wandb_run.py:_console_start():1898] atexit reg
2022-05-23 01:34:37,785 INFO    MainThread:13560 [wandb_run.py:_redirect():1771] redirect: SettingsConsole.WRAP
2022-05-23 01:34:37,785 INFO    MainThread:13560 [wandb_run.py:_redirect():1808] Wrapping output streams.
2022-05-23 01:34:37,787 INFO    MainThread:13560 [wandb_run.py:_redirect():1832] Redirects installed.
2022-05-23 01:34:37,788 INFO    MainThread:13560 [wandb_init.py:init():688] run started, returning control to user process
2022-05-23 01:34:41,649 INFO    MainThread:13560 [wandb_run.py:_atexit_cleanup():1867] got exitcode: 1
2022-05-23 01:34:41,650 INFO    MainThread:13560 [wandb_run.py:_restore():1839] restore
2022-05-23 01:34:42,321 INFO    MainThread:13560 [wandb_run.py:_on_finish():1996] got exit ret: file_counts {
  wandb_count: 1
}
pusher_stats {
  uploaded_bytes: 565
  total_bytes: 565
}

2022-05-23 01:34:43,003 INFO    MainThread:13560 [wandb_run.py:_on_finish():1996] got exit ret: file_counts {
  wandb_count: 1
}
pusher_stats {
  uploaded_bytes: 565
  total_bytes: 565
}

2022-05-23 01:34:43,192 INFO    MainThread:13560 [wandb_run.py:_on_finish():1996] got exit ret: file_counts {
  wandb_count: 4
}
pusher_stats {
  uploaded_bytes: 565
  total_bytes: 7807
}

2022-05-23 01:34:43,293 INFO    MainThread:13560 [wandb_run.py:_on_finish():1996] got exit ret: file_counts {
  wandb_count: 5
}
pusher_stats {
  uploaded_bytes: 565
  total_bytes: 7833
}

2022-05-23 01:34:43,395 INFO    MainThread:13560 [wandb_run.py:_on_finish():1996] got exit ret: file_counts {
  wandb_count: 5
}
pusher_stats {
  uploaded_bytes: 565
  total_bytes: 7833
}

2022-05-23 01:34:43,497 INFO    MainThread:13560 [wandb_run.py:_on_finish():1996] got exit ret: file_counts {
  wandb_count: 5
}
pusher_stats {
  uploaded_bytes: 565
  total_bytes: 7833
}

2022-05-23 01:34:43,599 INFO    MainThread:13560 [wandb_run.py:_on_finish():1996] got exit ret: file_counts {
  wandb_count: 5
}
pusher_stats {
  uploaded_bytes: 565
  total_bytes: 7833
}

2022-05-23 01:34:43,701 INFO    MainThread:13560 [wandb_run.py:_on_finish():1996] got exit ret: file_counts {
  wandb_count: 5
}
pusher_stats {
  uploaded_bytes: 565
  total_bytes: 7833
}

2022-05-23 01:34:43,802 INFO    MainThread:13560 [wandb_run.py:_on_finish():1996] got exit ret: file_counts {
  wandb_count: 5
}
pusher_stats {
  uploaded_bytes: 7833
  total_bytes: 7833
}

2022-05-23 01:34:43,904 INFO    MainThread:13560 [wandb_run.py:_on_finish():1996] got exit ret: file_counts {
  wandb_count: 5
}
pusher_stats {
  uploaded_bytes: 7833
  total_bytes: 7833
}

2022-05-23 01:34:44,006 INFO    MainThread:13560 [wandb_run.py:_on_finish():1996] got exit ret: file_counts {
  wandb_count: 5
}
pusher_stats {
  uploaded_bytes: 7833
  total_bytes: 7833
}

2022-05-23 01:34:44,108 INFO    MainThread:13560 [wandb_run.py:_on_finish():1996] got exit ret: file_counts {
  wandb_count: 5
}
pusher_stats {
  uploaded_bytes: 7833
  total_bytes: 7833
}

2022-05-23 01:34:44,210 INFO    MainThread:13560 [wandb_run.py:_on_finish():1996] got exit ret: file_counts {
  wandb_count: 5
}
pusher_stats {
  uploaded_bytes: 7833
  total_bytes: 7833
}

2022-05-23 01:34:44,311 INFO    MainThread:13560 [wandb_run.py:_on_finish():1996] got exit ret: file_counts {
  wandb_count: 5
}
pusher_stats {
  uploaded_bytes: 7833
  total_bytes: 7833
}

2022-05-23 01:34:44,796 INFO    MainThread:13560 [wandb_run.py:_on_finish():1996] got exit ret: file_counts {
  wandb_count: 5
}
pusher_stats {
  uploaded_bytes: 7833
  total_bytes: 7833
}

2022-05-23 01:34:45,449 INFO    MainThread:13560 [wandb_run.py:_on_finish():1996] got exit ret: done: true
exit_result {
}
file_counts {
  wandb_count: 5
}
pusher_stats {
  uploaded_bytes: 7833
  total_bytes: 7833
}
local_info {
}

2022-05-23 01:34:46,843 INFO    MainThread:13560 [wandb_run.py:_footer_history_summary_info():3104] rendering history
2022-05-23 01:34:46,843 INFO    MainThread:13560 [wandb_run.py:_footer_history_summary_info():3136] rendering summary
2022-05-23 01:34:46,846 INFO    MainThread:13560 [wandb_run.py:_footer_sync_info():3060] logging synced files
