2022-05-23 11:39:05,074 INFO    MainThread:21352 [internal.py:wandb_internal():90] W&B internal server running at pid: 21352, started at: 2022-05-23 11:39:05.073331
2022-05-23 11:39:05,077 INFO    WriterThread:21352 [datastore.py:open_for_write():75] open: C:\Projects\Code\Neurals\wandb\run-20220523_113903-11z89bh8\run-11z89bh8.wandb
2022-05-23 11:39:05,084 DEBUG   SenderThread:21352 [sender.py:send():232] send: header
2022-05-23 11:39:05,084 DEBUG   SenderThread:21352 [sender.py:send():232] send: run
2022-05-23 11:39:05,392 INFO    SenderThread:21352 [dir_watcher.py:__init__():197] watching files in: C:\Projects\Code\Neurals\wandb\run-20220523_113903-11z89bh8\files
2022-05-23 11:39:05,393 INFO    SenderThread:21352 [sender.py:_start_run_threads():811] run started: 11z89bh8 with start time 1653269943
2022-05-23 11:39:05,392 DEBUG   HandlerThread:21352 [handler.py:handle_request():141] handle_request: check_version
2022-05-23 11:39:05,393 DEBUG   SenderThread:21352 [sender.py:send():232] send: summary
2022-05-23 11:39:05,393 INFO    SenderThread:21352 [sender.py:_save_file():948] saving file wandb-summary.json with policy end
2022-05-23 11:39:05,394 DEBUG   SenderThread:21352 [sender.py:send_request():246] send_request: check_version
2022-05-23 11:39:05,594 DEBUG   HandlerThread:21352 [handler.py:handle_request():141] handle_request: run_start
2022-05-23 11:39:06,402 INFO    Thread-11 :21352 [dir_watcher.py:_on_file_created():244] file/dir created: C:\Projects\Code\Neurals\wandb\run-20220523_113903-11z89bh8\files\wandb-summary.json
2022-05-23 11:39:07,470 DEBUG   HandlerThread:21352 [meta.py:__init__():35] meta init
2022-05-23 11:39:07,470 DEBUG   HandlerThread:21352 [meta.py:__init__():49] meta init done
2022-05-23 11:39:07,470 DEBUG   HandlerThread:21352 [meta.py:probe():209] probe
2022-05-23 11:39:07,492 DEBUG   HandlerThread:21352 [git.py:repo():29] git repository is invalid
2022-05-23 11:39:07,492 DEBUG   HandlerThread:21352 [meta.py:_save_pip():53] save pip
2022-05-23 11:39:07,493 DEBUG   HandlerThread:21352 [meta.py:_save_pip():67] save pip done
2022-05-23 11:39:07,493 DEBUG   HandlerThread:21352 [meta.py:probe():247] probe done
2022-05-23 11:39:07,505 DEBUG   SenderThread:21352 [sender.py:send():232] send: files
2022-05-23 11:39:07,505 INFO    SenderThread:21352 [sender.py:_save_file():948] saving file wandb-metadata.json with policy now
2022-05-23 11:39:07,513 DEBUG   HandlerThread:21352 [handler.py:handle_request():141] handle_request: stop_status
2022-05-23 11:39:07,513 DEBUG   SenderThread:21352 [sender.py:send_request():246] send_request: stop_status
2022-05-23 11:39:07,797 DEBUG   SenderThread:21352 [sender.py:send():232] send: telemetry
2022-05-23 11:39:08,334 INFO    Thread-15 :21352 [upload_job.py:push():132] Uploaded file C:\Users\MAXIMN~1\AppData\Local\Temp\tmpkz2fap07wandb\145qtpfn-wandb-metadata.json
2022-05-23 11:39:08,419 INFO    Thread-11 :21352 [dir_watcher.py:_on_file_created():244] file/dir created: C:\Projects\Code\Neurals\wandb\run-20220523_113903-11z89bh8\files\output.log
2022-05-23 11:39:08,419 INFO    Thread-11 :21352 [dir_watcher.py:_on_file_created():244] file/dir created: C:\Projects\Code\Neurals\wandb\run-20220523_113903-11z89bh8\files\wandb-metadata.json
2022-05-23 11:39:08,419 INFO    Thread-11 :21352 [dir_watcher.py:_on_file_created():244] file/dir created: C:\Projects\Code\Neurals\wandb\run-20220523_113903-11z89bh8\files\requirements.txt
2022-05-23 11:39:10,425 INFO    Thread-11 :21352 [dir_watcher.py:_on_file_modified():257] file/dir modified: C:\Projects\Code\Neurals\wandb\run-20220523_113903-11z89bh8\files\output.log
2022-05-23 11:39:10,978 DEBUG   HandlerThread:21352 [handler.py:handle_request():141] handle_request: partial_history
2022-05-23 11:39:10,979 DEBUG   SenderThread:21352 [sender.py:send():232] send: history
2022-05-23 11:39:10,980 DEBUG   SenderThread:21352 [sender.py:send():232] send: summary
2022-05-23 11:39:10,980 INFO    SenderThread:21352 [sender.py:_save_file():948] saving file wandb-summary.json with policy end
2022-05-23 11:39:11,430 INFO    Thread-11 :21352 [dir_watcher.py:_on_file_modified():257] file/dir modified: C:\Projects\Code\Neurals\wandb\run-20220523_113903-11z89bh8\files\wandb-summary.json
2022-05-23 11:39:12,432 INFO    Thread-11 :21352 [dir_watcher.py:_on_file_modified():257] file/dir modified: C:\Projects\Code\Neurals\wandb\run-20220523_113903-11z89bh8\files\output.log
2022-05-23 11:39:14,440 INFO    Thread-11 :21352 [dir_watcher.py:_on_file_modified():257] file/dir modified: C:\Projects\Code\Neurals\wandb\run-20220523_113903-11z89bh8\files\output.log
2022-05-23 11:39:16,814 DEBUG   HandlerThread:21352 [handler.py:handle_request():141] handle_request: partial_history
2022-05-23 11:39:16,815 DEBUG   SenderThread:21352 [sender.py:send():232] send: history
2022-05-23 11:39:16,815 DEBUG   SenderThread:21352 [sender.py:send():232] send: summary
2022-05-23 11:39:16,816 INFO    SenderThread:21352 [sender.py:_save_file():948] saving file wandb-summary.json with policy end
2022-05-23 11:39:17,450 INFO    Thread-11 :21352 [dir_watcher.py:_on_file_modified():257] file/dir modified: C:\Projects\Code\Neurals\wandb\run-20220523_113903-11z89bh8\files\wandb-summary.json
2022-05-23 11:39:18,454 INFO    Thread-11 :21352 [dir_watcher.py:_on_file_modified():257] file/dir modified: C:\Projects\Code\Neurals\wandb\run-20220523_113903-11z89bh8\files\output.log
2022-05-23 11:39:22,780 DEBUG   HandlerThread:21352 [handler.py:handle_request():141] handle_request: partial_history
2022-05-23 11:39:22,780 DEBUG   SenderThread:21352 [sender.py:send():232] send: history
2022-05-23 11:39:22,780 DEBUG   SenderThread:21352 [sender.py:send():232] send: summary
2022-05-23 11:39:22,783 INFO    SenderThread:21352 [sender.py:_save_file():948] saving file wandb-summary.json with policy end
2022-05-23 11:39:22,803 DEBUG   HandlerThread:21352 [handler.py:handle_request():141] handle_request: stop_status
2022-05-23 11:39:22,803 DEBUG   SenderThread:21352 [sender.py:send_request():246] send_request: stop_status
2022-05-23 11:39:23,473 INFO    Thread-11 :21352 [dir_watcher.py:_on_file_modified():257] file/dir modified: C:\Projects\Code\Neurals\wandb\run-20220523_113903-11z89bh8\files\wandb-summary.json
2022-05-23 11:39:24,478 INFO    Thread-11 :21352 [dir_watcher.py:_on_file_modified():257] file/dir modified: C:\Projects\Code\Neurals\wandb\run-20220523_113903-11z89bh8\files\output.log
2022-05-23 11:39:28,856 DEBUG   HandlerThread:21352 [handler.py:handle_request():141] handle_request: partial_history
2022-05-23 11:39:28,857 DEBUG   SenderThread:21352 [sender.py:send():232] send: history
2022-05-23 11:39:28,858 DEBUG   SenderThread:21352 [sender.py:send():232] send: summary
2022-05-23 11:39:28,859 INFO    SenderThread:21352 [sender.py:_save_file():948] saving file wandb-summary.json with policy end
2022-05-23 11:39:29,540 INFO    Thread-11 :21352 [dir_watcher.py:_on_file_modified():257] file/dir modified: C:\Projects\Code\Neurals\wandb\run-20220523_113903-11z89bh8\files\wandb-summary.json
2022-05-23 11:39:30,556 INFO    Thread-11 :21352 [dir_watcher.py:_on_file_modified():257] file/dir modified: C:\Projects\Code\Neurals\wandb\run-20220523_113903-11z89bh8\files\output.log
2022-05-23 11:39:34,902 DEBUG   HandlerThread:21352 [handler.py:handle_request():141] handle_request: partial_history
2022-05-23 11:39:34,903 DEBUG   SenderThread:21352 [sender.py:send():232] send: history
2022-05-23 11:39:34,903 DEBUG   SenderThread:21352 [sender.py:send():232] send: summary
2022-05-23 11:39:34,905 INFO    SenderThread:21352 [sender.py:_save_file():948] saving file wandb-summary.json with policy end
2022-05-23 11:39:35,578 INFO    Thread-11 :21352 [dir_watcher.py:_on_file_modified():257] file/dir modified: C:\Projects\Code\Neurals\wandb\run-20220523_113903-11z89bh8\files\wandb-summary.json
2022-05-23 11:39:36,587 INFO    Thread-11 :21352 [dir_watcher.py:_on_file_modified():257] file/dir modified: C:\Projects\Code\Neurals\wandb\run-20220523_113903-11z89bh8\files\output.log
2022-05-23 11:39:36,595 INFO    Thread-11 :21352 [dir_watcher.py:_on_file_modified():257] file/dir modified: C:\Projects\Code\Neurals\wandb\run-20220523_113903-11z89bh8\files\config.yaml
2022-05-23 11:39:38,093 DEBUG   HandlerThread:21352 [handler.py:handle_request():141] handle_request: stop_status
2022-05-23 11:39:38,093 DEBUG   SenderThread:21352 [sender.py:send_request():246] send_request: stop_status
2022-05-23 11:39:38,871 DEBUG   SenderThread:21352 [sender.py:send():232] send: stats
2022-05-23 11:39:40,611 DEBUG   HandlerThread:21352 [handler.py:handle_request():141] handle_request: partial_history
2022-05-23 11:39:40,612 DEBUG   SenderThread:21352 [sender.py:send():232] send: history
2022-05-23 11:39:40,612 DEBUG   SenderThread:21352 [sender.py:send():232] send: summary
2022-05-23 11:39:40,614 INFO    SenderThread:21352 [sender.py:_save_file():948] saving file wandb-summary.json with policy end
2022-05-23 11:39:41,603 INFO    Thread-11 :21352 [dir_watcher.py:_on_file_modified():257] file/dir modified: C:\Projects\Code\Neurals\wandb\run-20220523_113903-11z89bh8\files\wandb-summary.json
2022-05-23 11:39:42,608 INFO    Thread-11 :21352 [dir_watcher.py:_on_file_modified():257] file/dir modified: C:\Projects\Code\Neurals\wandb\run-20220523_113903-11z89bh8\files\output.log
2022-05-23 11:39:46,159 DEBUG   HandlerThread:21352 [handler.py:handle_request():141] handle_request: partial_history
2022-05-23 11:39:46,160 DEBUG   SenderThread:21352 [sender.py:send():232] send: history
2022-05-23 11:39:46,160 DEBUG   SenderThread:21352 [sender.py:send():232] send: summary
2022-05-23 11:39:46,162 INFO    SenderThread:21352 [sender.py:_save_file():948] saving file wandb-summary.json with policy end
2022-05-23 11:39:46,651 INFO    Thread-11 :21352 [dir_watcher.py:_on_file_modified():257] file/dir modified: C:\Projects\Code\Neurals\wandb\run-20220523_113903-11z89bh8\files\wandb-summary.json
2022-05-23 11:39:48,659 INFO    Thread-11 :21352 [dir_watcher.py:_on_file_modified():257] file/dir modified: C:\Projects\Code\Neurals\wandb\run-20220523_113903-11z89bh8\files\output.log
2022-05-23 11:39:50,703 DEBUG   HandlerThread:21352 [handler.py:handle_request():141] handle_request: partial_history
2022-05-23 11:39:50,704 DEBUG   SenderThread:21352 [sender.py:send():232] send: history
2022-05-23 11:39:50,704 DEBUG   SenderThread:21352 [sender.py:send():232] send: summary
2022-05-23 11:39:50,704 INFO    SenderThread:21352 [sender.py:_save_file():948] saving file wandb-summary.json with policy end
2022-05-23 11:39:51,671 INFO    Thread-11 :21352 [dir_watcher.py:_on_file_modified():257] file/dir modified: C:\Projects\Code\Neurals\wandb\run-20220523_113903-11z89bh8\files\wandb-summary.json
2022-05-23 11:39:52,677 INFO    Thread-11 :21352 [dir_watcher.py:_on_file_modified():257] file/dir modified: C:\Projects\Code\Neurals\wandb\run-20220523_113903-11z89bh8\files\output.log
2022-05-23 11:39:53,405 DEBUG   HandlerThread:21352 [handler.py:handle_request():141] handle_request: stop_status
2022-05-23 11:39:53,405 DEBUG   SenderThread:21352 [sender.py:send_request():246] send_request: stop_status
2022-05-23 11:39:53,681 DEBUG   HandlerThread:21352 [handler.py:handle_request():141] handle_request: partial_history
2022-05-23 11:39:53,698 DEBUG   SenderThread:21352 [sender.py:send():232] send: history
2022-05-23 11:39:53,698 DEBUG   SenderThread:21352 [sender.py:send():232] send: summary
2022-05-23 11:39:53,699 INFO    SenderThread:21352 [sender.py:_save_file():948] saving file wandb-summary.json with policy end
2022-05-23 11:39:54,684 INFO    Thread-11 :21352 [dir_watcher.py:_on_file_modified():257] file/dir modified: C:\Projects\Code\Neurals\wandb\run-20220523_113903-11z89bh8\files\wandb-summary.json
2022-05-23 11:39:56,686 INFO    Thread-11 :21352 [dir_watcher.py:_on_file_modified():257] file/dir modified: C:\Projects\Code\Neurals\wandb\run-20220523_113903-11z89bh8\files\output.log
2022-05-23 11:39:56,826 DEBUG   HandlerThread:21352 [handler.py:handle_request():141] handle_request: partial_history
2022-05-23 11:39:56,826 DEBUG   SenderThread:21352 [sender.py:send():232] send: history
2022-05-23 11:39:56,826 DEBUG   SenderThread:21352 [sender.py:send():232] send: summary
2022-05-23 11:39:56,827 INFO    SenderThread:21352 [sender.py:_save_file():948] saving file wandb-summary.json with policy end
2022-05-23 11:39:57,691 INFO    Thread-11 :21352 [dir_watcher.py:_on_file_modified():257] file/dir modified: C:\Projects\Code\Neurals\wandb\run-20220523_113903-11z89bh8\files\wandb-summary.json
2022-05-23 11:39:58,707 INFO    Thread-11 :21352 [dir_watcher.py:_on_file_modified():257] file/dir modified: C:\Projects\Code\Neurals\wandb\run-20220523_113903-11z89bh8\files\output.log
2022-05-23 11:40:00,266 DEBUG   HandlerThread:21352 [handler.py:handle_request():141] handle_request: partial_history
2022-05-23 11:40:00,267 DEBUG   SenderThread:21352 [sender.py:send():232] send: history
2022-05-23 11:40:00,268 DEBUG   SenderThread:21352 [sender.py:send():232] send: summary
2022-05-23 11:40:00,270 INFO    SenderThread:21352 [sender.py:_save_file():948] saving file wandb-summary.json with policy end
2022-05-23 11:40:00,714 INFO    Thread-11 :21352 [dir_watcher.py:_on_file_modified():257] file/dir modified: C:\Projects\Code\Neurals\wandb\run-20220523_113903-11z89bh8\files\wandb-summary.json
2022-05-23 11:40:02,719 INFO    Thread-11 :21352 [dir_watcher.py:_on_file_modified():257] file/dir modified: C:\Projects\Code\Neurals\wandb\run-20220523_113903-11z89bh8\files\output.log
2022-05-23 11:40:04,019 DEBUG   HandlerThread:21352 [handler.py:handle_request():141] handle_request: partial_history
2022-05-23 11:40:04,019 DEBUG   SenderThread:21352 [sender.py:send():232] send: history
2022-05-23 11:40:04,020 DEBUG   SenderThread:21352 [sender.py:send():232] send: summary
2022-05-23 11:40:04,020 INFO    SenderThread:21352 [sender.py:_save_file():948] saving file wandb-summary.json with policy end
2022-05-23 11:40:04,726 INFO    Thread-11 :21352 [dir_watcher.py:_on_file_modified():257] file/dir modified: C:\Projects\Code\Neurals\wandb\run-20220523_113903-11z89bh8\files\wandb-summary.json
2022-05-23 11:40:06,746 INFO    Thread-11 :21352 [dir_watcher.py:_on_file_modified():257] file/dir modified: C:\Projects\Code\Neurals\wandb\run-20220523_113903-11z89bh8\files\output.log
2022-05-23 11:40:07,678 DEBUG   HandlerThread:21352 [handler.py:handle_request():141] handle_request: partial_history
2022-05-23 11:40:07,679 DEBUG   SenderThread:21352 [sender.py:send():232] send: history
2022-05-23 11:40:07,679 DEBUG   SenderThread:21352 [sender.py:send():232] send: summary
2022-05-23 11:40:07,679 INFO    SenderThread:21352 [sender.py:_save_file():948] saving file wandb-summary.json with policy end
2022-05-23 11:40:07,747 INFO    Thread-11 :21352 [dir_watcher.py:_on_file_modified():257] file/dir modified: C:\Projects\Code\Neurals\wandb\run-20220523_113903-11z89bh8\files\wandb-summary.json
2022-05-23 11:40:08,723 DEBUG   HandlerThread:21352 [handler.py:handle_request():141] handle_request: stop_status
2022-05-23 11:40:08,723 DEBUG   SenderThread:21352 [sender.py:send_request():246] send_request: stop_status
2022-05-23 11:40:10,777 INFO    Thread-11 :21352 [dir_watcher.py:_on_file_modified():257] file/dir modified: C:\Projects\Code\Neurals\wandb\run-20220523_113903-11z89bh8\files\output.log
2022-05-23 11:40:11,422 DEBUG   HandlerThread:21352 [handler.py:handle_request():141] handle_request: partial_history
2022-05-23 11:40:11,423 DEBUG   SenderThread:21352 [sender.py:send():232] send: history
2022-05-23 11:40:11,424 DEBUG   SenderThread:21352 [sender.py:send():232] send: summary
2022-05-23 11:40:11,427 INFO    SenderThread:21352 [sender.py:_save_file():948] saving file wandb-summary.json with policy end
2022-05-23 11:40:11,781 INFO    Thread-11 :21352 [dir_watcher.py:_on_file_modified():257] file/dir modified: C:\Projects\Code\Neurals\wandb\run-20220523_113903-11z89bh8\files\wandb-summary.json
2022-05-23 11:40:12,445 DEBUG   SenderThread:21352 [sender.py:send():232] send: stats
2022-05-23 11:40:12,783 INFO    Thread-11 :21352 [dir_watcher.py:_on_file_modified():257] file/dir modified: C:\Projects\Code\Neurals\wandb\run-20220523_113903-11z89bh8\files\output.log
2022-05-23 11:40:14,861 DEBUG   HandlerThread:21352 [handler.py:handle_request():141] handle_request: partial_history
2022-05-23 11:40:14,862 DEBUG   SenderThread:21352 [sender.py:send():232] send: history
2022-05-23 11:40:14,862 DEBUG   SenderThread:21352 [sender.py:send():232] send: summary
2022-05-23 11:40:14,862 INFO    SenderThread:21352 [sender.py:_save_file():948] saving file wandb-summary.json with policy end
2022-05-23 11:40:15,808 INFO    Thread-11 :21352 [dir_watcher.py:_on_file_modified():257] file/dir modified: C:\Projects\Code\Neurals\wandb\run-20220523_113903-11z89bh8\files\wandb-summary.json
2022-05-23 11:40:16,813 INFO    Thread-11 :21352 [dir_watcher.py:_on_file_modified():257] file/dir modified: C:\Projects\Code\Neurals\wandb\run-20220523_113903-11z89bh8\files\output.log
2022-05-23 11:40:18,202 DEBUG   HandlerThread:21352 [handler.py:handle_request():141] handle_request: partial_history
2022-05-23 11:40:18,203 DEBUG   SenderThread:21352 [sender.py:send():232] send: history
2022-05-23 11:40:18,203 DEBUG   SenderThread:21352 [sender.py:send():232] send: summary
2022-05-23 11:40:18,204 INFO    SenderThread:21352 [sender.py:_save_file():948] saving file wandb-summary.json with policy end
2022-05-23 11:40:18,821 INFO    Thread-11 :21352 [dir_watcher.py:_on_file_modified():257] file/dir modified: C:\Projects\Code\Neurals\wandb\run-20220523_113903-11z89bh8\files\wandb-summary.json
2022-05-23 11:40:20,829 INFO    Thread-11 :21352 [dir_watcher.py:_on_file_modified():257] file/dir modified: C:\Projects\Code\Neurals\wandb\run-20220523_113903-11z89bh8\files\output.log
2022-05-23 11:40:21,615 DEBUG   HandlerThread:21352 [handler.py:handle_request():141] handle_request: partial_history
2022-05-23 11:40:21,616 DEBUG   SenderThread:21352 [sender.py:send():232] send: history
2022-05-23 11:40:21,616 DEBUG   SenderThread:21352 [sender.py:send():232] send: summary
2022-05-23 11:40:21,619 INFO    SenderThread:21352 [sender.py:_save_file():948] saving file wandb-summary.json with policy end
2022-05-23 11:40:21,831 INFO    Thread-11 :21352 [dir_watcher.py:_on_file_modified():257] file/dir modified: C:\Projects\Code\Neurals\wandb\run-20220523_113903-11z89bh8\files\wandb-summary.json
2022-05-23 11:40:22,837 INFO    Thread-11 :21352 [dir_watcher.py:_on_file_modified():257] file/dir modified: C:\Projects\Code\Neurals\wandb\run-20220523_113903-11z89bh8\files\output.log
2022-05-23 11:40:24,014 DEBUG   HandlerThread:21352 [handler.py:handle_request():141] handle_request: stop_status
2022-05-23 11:40:24,014 DEBUG   SenderThread:21352 [sender.py:send_request():246] send_request: stop_status
2022-05-23 11:40:25,244 DEBUG   HandlerThread:21352 [handler.py:handle_request():141] handle_request: partial_history
2022-05-23 11:40:25,244 DEBUG   SenderThread:21352 [sender.py:send():232] send: history
2022-05-23 11:40:25,245 DEBUG   SenderThread:21352 [sender.py:send():232] send: summary
2022-05-23 11:40:25,246 INFO    SenderThread:21352 [sender.py:_save_file():948] saving file wandb-summary.json with policy end
2022-05-23 11:40:25,845 INFO    Thread-11 :21352 [dir_watcher.py:_on_file_modified():257] file/dir modified: C:\Projects\Code\Neurals\wandb\run-20220523_113903-11z89bh8\files\wandb-summary.json
2022-05-23 11:40:26,851 INFO    Thread-11 :21352 [dir_watcher.py:_on_file_modified():257] file/dir modified: C:\Projects\Code\Neurals\wandb\run-20220523_113903-11z89bh8\files\output.log
2022-05-23 11:40:28,682 DEBUG   HandlerThread:21352 [handler.py:handle_request():141] handle_request: partial_history
2022-05-23 11:40:28,683 DEBUG   SenderThread:21352 [sender.py:send():232] send: history
2022-05-23 11:40:28,683 DEBUG   SenderThread:21352 [sender.py:send():232] send: summary
2022-05-23 11:40:28,684 INFO    SenderThread:21352 [sender.py:_save_file():948] saving file wandb-summary.json with policy end
2022-05-23 11:40:28,872 INFO    Thread-11 :21352 [dir_watcher.py:_on_file_modified():257] file/dir modified: C:\Projects\Code\Neurals\wandb\run-20220523_113903-11z89bh8\files\wandb-summary.json
2022-05-23 11:40:30,873 INFO    Thread-11 :21352 [dir_watcher.py:_on_file_modified():257] file/dir modified: C:\Projects\Code\Neurals\wandb\run-20220523_113903-11z89bh8\files\output.log
2022-05-23 11:40:32,051 DEBUG   HandlerThread:21352 [handler.py:handle_request():141] handle_request: partial_history
2022-05-23 11:40:32,052 DEBUG   SenderThread:21352 [sender.py:send():232] send: history
2022-05-23 11:40:32,052 DEBUG   SenderThread:21352 [sender.py:send():232] send: summary
2022-05-23 11:40:32,053 INFO    SenderThread:21352 [sender.py:_save_file():948] saving file wandb-summary.json with policy end
2022-05-23 11:40:32,876 INFO    Thread-11 :21352 [dir_watcher.py:_on_file_modified():257] file/dir modified: C:\Projects\Code\Neurals\wandb\run-20220523_113903-11z89bh8\files\wandb-summary.json
2022-05-23 11:40:34,894 INFO    Thread-11 :21352 [dir_watcher.py:_on_file_modified():257] file/dir modified: C:\Projects\Code\Neurals\wandb\run-20220523_113903-11z89bh8\files\output.log
2022-05-23 11:40:35,605 DEBUG   HandlerThread:21352 [handler.py:handle_request():141] handle_request: partial_history
2022-05-23 11:40:35,606 DEBUG   SenderThread:21352 [sender.py:send():232] send: history
2022-05-23 11:40:35,606 DEBUG   SenderThread:21352 [sender.py:send():232] send: summary
2022-05-23 11:40:35,607 INFO    SenderThread:21352 [sender.py:_save_file():948] saving file wandb-summary.json with policy end
2022-05-23 11:40:35,908 INFO    Thread-11 :21352 [dir_watcher.py:_on_file_modified():257] file/dir modified: C:\Projects\Code\Neurals\wandb\run-20220523_113903-11z89bh8\files\wandb-summary.json
2022-05-23 11:40:36,912 INFO    Thread-11 :21352 [dir_watcher.py:_on_file_modified():257] file/dir modified: C:\Projects\Code\Neurals\wandb\run-20220523_113903-11z89bh8\files\output.log
2022-05-23 11:40:38,949 DEBUG   HandlerThread:21352 [handler.py:handle_request():141] handle_request: partial_history
2022-05-23 11:40:38,950 DEBUG   SenderThread:21352 [sender.py:send():232] send: history
2022-05-23 11:40:38,951 DEBUG   SenderThread:21352 [sender.py:send():232] send: summary
2022-05-23 11:40:38,951 INFO    SenderThread:21352 [sender.py:_save_file():948] saving file wandb-summary.json with policy end
2022-05-23 11:40:39,407 DEBUG   HandlerThread:21352 [handler.py:handle_request():141] handle_request: stop_status
2022-05-23 11:40:39,407 DEBUG   SenderThread:21352 [sender.py:send_request():246] send_request: stop_status
2022-05-23 11:40:39,921 INFO    Thread-11 :21352 [dir_watcher.py:_on_file_modified():257] file/dir modified: C:\Projects\Code\Neurals\wandb\run-20220523_113903-11z89bh8\files\wandb-summary.json
2022-05-23 11:40:40,936 INFO    Thread-11 :21352 [dir_watcher.py:_on_file_modified():257] file/dir modified: C:\Projects\Code\Neurals\wandb\run-20220523_113903-11z89bh8\files\output.log
2022-05-23 11:40:42,364 DEBUG   HandlerThread:21352 [handler.py:handle_request():141] handle_request: partial_history
2022-05-23 11:40:42,365 DEBUG   SenderThread:21352 [sender.py:send():232] send: history
2022-05-23 11:40:42,365 DEBUG   SenderThread:21352 [sender.py:send():232] send: summary
2022-05-23 11:40:42,367 INFO    SenderThread:21352 [sender.py:_save_file():948] saving file wandb-summary.json with policy end
2022-05-23 11:40:42,947 INFO    Thread-11 :21352 [dir_watcher.py:_on_file_modified():257] file/dir modified: C:\Projects\Code\Neurals\wandb\run-20220523_113903-11z89bh8\files\wandb-summary.json
2022-05-23 11:40:43,952 INFO    Thread-11 :21352 [dir_watcher.py:_on_file_modified():257] file/dir modified: C:\Projects\Code\Neurals\wandb\run-20220523_113903-11z89bh8\files\output.log
2022-05-23 11:40:45,838 DEBUG   HandlerThread:21352 [handler.py:handle_request():141] handle_request: partial_history
2022-05-23 11:40:45,839 DEBUG   SenderThread:21352 [sender.py:send():232] send: history
2022-05-23 11:40:45,839 DEBUG   SenderThread:21352 [sender.py:send():232] send: summary
2022-05-23 11:40:45,841 INFO    SenderThread:21352 [sender.py:_save_file():948] saving file wandb-summary.json with policy end
2022-05-23 11:40:45,968 INFO    Thread-11 :21352 [dir_watcher.py:_on_file_modified():257] file/dir modified: C:\Projects\Code\Neurals\wandb\run-20220523_113903-11z89bh8\files\output.log
2022-05-23 11:40:45,968 INFO    Thread-11 :21352 [dir_watcher.py:_on_file_modified():257] file/dir modified: C:\Projects\Code\Neurals\wandb\run-20220523_113903-11z89bh8\files\wandb-summary.json
2022-05-23 11:40:46,087 DEBUG   SenderThread:21352 [sender.py:send():232] send: stats
2022-05-23 11:40:49,351 DEBUG   HandlerThread:21352 [handler.py:handle_request():141] handle_request: partial_history
2022-05-23 11:40:49,352 DEBUG   SenderThread:21352 [sender.py:send():232] send: history
2022-05-23 11:40:49,352 DEBUG   SenderThread:21352 [sender.py:send():232] send: summary
2022-05-23 11:40:49,354 INFO    SenderThread:21352 [sender.py:_save_file():948] saving file wandb-summary.json with policy end
2022-05-23 11:40:49,986 INFO    Thread-11 :21352 [dir_watcher.py:_on_file_modified():257] file/dir modified: C:\Projects\Code\Neurals\wandb\run-20220523_113903-11z89bh8\files\output.log
2022-05-23 11:40:49,987 INFO    Thread-11 :21352 [dir_watcher.py:_on_file_modified():257] file/dir modified: C:\Projects\Code\Neurals\wandb\run-20220523_113903-11z89bh8\files\wandb-summary.json
2022-05-23 11:40:53,005 DEBUG   HandlerThread:21352 [handler.py:handle_request():141] handle_request: partial_history
2022-05-23 11:40:53,006 DEBUG   SenderThread:21352 [sender.py:send():232] send: history
2022-05-23 11:40:53,006 DEBUG   SenderThread:21352 [sender.py:send():232] send: summary
2022-05-23 11:40:53,008 INFO    SenderThread:21352 [sender.py:_save_file():948] saving file wandb-summary.json with policy end
2022-05-23 11:40:54,003 INFO    Thread-11 :21352 [dir_watcher.py:_on_file_modified():257] file/dir modified: C:\Projects\Code\Neurals\wandb\run-20220523_113903-11z89bh8\files\output.log
2022-05-23 11:40:54,003 INFO    Thread-11 :21352 [dir_watcher.py:_on_file_modified():257] file/dir modified: C:\Projects\Code\Neurals\wandb\run-20220523_113903-11z89bh8\files\wandb-summary.json
2022-05-23 11:40:54,695 DEBUG   HandlerThread:21352 [handler.py:handle_request():141] handle_request: stop_status
2022-05-23 11:40:54,695 DEBUG   SenderThread:21352 [sender.py:send_request():246] send_request: stop_status
2022-05-23 11:40:56,264 DEBUG   HandlerThread:21352 [handler.py:handle_request():141] handle_request: partial_history
2022-05-23 11:40:56,265 DEBUG   SenderThread:21352 [sender.py:send():232] send: history
2022-05-23 11:40:56,265 DEBUG   SenderThread:21352 [sender.py:send():232] send: summary
2022-05-23 11:40:56,266 INFO    SenderThread:21352 [sender.py:_save_file():948] saving file wandb-summary.json with policy end
2022-05-23 11:40:57,014 INFO    Thread-11 :21352 [dir_watcher.py:_on_file_modified():257] file/dir modified: C:\Projects\Code\Neurals\wandb\run-20220523_113903-11z89bh8\files\wandb-summary.json
2022-05-23 11:40:58,020 INFO    Thread-11 :21352 [dir_watcher.py:_on_file_modified():257] file/dir modified: C:\Projects\Code\Neurals\wandb\run-20220523_113903-11z89bh8\files\output.log
2022-05-23 11:40:59,438 DEBUG   HandlerThread:21352 [handler.py:handle_request():141] handle_request: partial_history
2022-05-23 11:40:59,439 DEBUG   SenderThread:21352 [sender.py:send():232] send: history
2022-05-23 11:40:59,439 DEBUG   SenderThread:21352 [sender.py:send():232] send: summary
2022-05-23 11:40:59,440 INFO    SenderThread:21352 [sender.py:_save_file():948] saving file wandb-summary.json with policy end
2022-05-23 11:41:00,027 INFO    Thread-11 :21352 [dir_watcher.py:_on_file_modified():257] file/dir modified: C:\Projects\Code\Neurals\wandb\run-20220523_113903-11z89bh8\files\output.log
2022-05-23 11:41:00,027 INFO    Thread-11 :21352 [dir_watcher.py:_on_file_modified():257] file/dir modified: C:\Projects\Code\Neurals\wandb\run-20220523_113903-11z89bh8\files\wandb-summary.json
2022-05-23 11:41:02,871 DEBUG   HandlerThread:21352 [handler.py:handle_request():141] handle_request: partial_history
2022-05-23 11:41:02,872 DEBUG   SenderThread:21352 [sender.py:send():232] send: history
2022-05-23 11:41:02,872 DEBUG   SenderThread:21352 [sender.py:send():232] send: summary
2022-05-23 11:41:02,873 INFO    SenderThread:21352 [sender.py:_save_file():948] saving file wandb-summary.json with policy end
2022-05-23 11:41:03,064 INFO    Thread-11 :21352 [dir_watcher.py:_on_file_modified():257] file/dir modified: C:\Projects\Code\Neurals\wandb\run-20220523_113903-11z89bh8\files\wandb-summary.json
2022-05-23 11:41:04,068 INFO    Thread-11 :21352 [dir_watcher.py:_on_file_modified():257] file/dir modified: C:\Projects\Code\Neurals\wandb\run-20220523_113903-11z89bh8\files\output.log
2022-05-23 11:41:06,158 DEBUG   HandlerThread:21352 [handler.py:handle_request():141] handle_request: partial_history
2022-05-23 11:41:06,158 DEBUG   SenderThread:21352 [sender.py:send():232] send: history
2022-05-23 11:41:06,158 DEBUG   SenderThread:21352 [sender.py:send():232] send: summary
2022-05-23 11:41:06,159 INFO    SenderThread:21352 [sender.py:_save_file():948] saving file wandb-summary.json with policy end
2022-05-23 11:41:07,082 INFO    Thread-11 :21352 [dir_watcher.py:_on_file_modified():257] file/dir modified: C:\Projects\Code\Neurals\wandb\run-20220523_113903-11z89bh8\files\wandb-summary.json
2022-05-23 11:41:08,086 INFO    Thread-11 :21352 [dir_watcher.py:_on_file_modified():257] file/dir modified: C:\Projects\Code\Neurals\wandb\run-20220523_113903-11z89bh8\files\output.log
2022-05-23 11:41:09,371 DEBUG   HandlerThread:21352 [handler.py:handle_request():141] handle_request: partial_history
2022-05-23 11:41:09,372 DEBUG   SenderThread:21352 [sender.py:send():232] send: history
2022-05-23 11:41:09,373 DEBUG   SenderThread:21352 [sender.py:send():232] send: summary
2022-05-23 11:41:09,373 INFO    SenderThread:21352 [sender.py:_save_file():948] saving file wandb-summary.json with policy end
2022-05-23 11:41:09,961 DEBUG   HandlerThread:21352 [handler.py:handle_request():141] handle_request: stop_status
2022-05-23 11:41:09,961 DEBUG   SenderThread:21352 [sender.py:send_request():246] send_request: stop_status
2022-05-23 11:41:10,096 INFO    Thread-11 :21352 [dir_watcher.py:_on_file_modified():257] file/dir modified: C:\Projects\Code\Neurals\wandb\run-20220523_113903-11z89bh8\files\output.log
2022-05-23 11:41:10,096 INFO    Thread-11 :21352 [dir_watcher.py:_on_file_modified():257] file/dir modified: C:\Projects\Code\Neurals\wandb\run-20220523_113903-11z89bh8\files\wandb-summary.json
2022-05-23 11:41:12,518 DEBUG   HandlerThread:21352 [handler.py:handle_request():141] handle_request: partial_history
2022-05-23 11:41:12,519 DEBUG   SenderThread:21352 [sender.py:send():232] send: history
2022-05-23 11:41:12,519 DEBUG   SenderThread:21352 [sender.py:send():232] send: summary
2022-05-23 11:41:12,520 INFO    SenderThread:21352 [sender.py:_save_file():948] saving file wandb-summary.json with policy end
2022-05-23 11:41:13,116 INFO    Thread-11 :21352 [dir_watcher.py:_on_file_modified():257] file/dir modified: C:\Projects\Code\Neurals\wandb\run-20220523_113903-11z89bh8\files\wandb-summary.json
2022-05-23 11:41:14,130 INFO    Thread-11 :21352 [dir_watcher.py:_on_file_modified():257] file/dir modified: C:\Projects\Code\Neurals\wandb\run-20220523_113903-11z89bh8\files\output.log
2022-05-23 11:41:16,521 DEBUG   HandlerThread:21352 [handler.py:handle_request():141] handle_request: partial_history
2022-05-23 11:41:16,522 DEBUG   SenderThread:21352 [sender.py:send():232] send: history
2022-05-23 11:41:16,522 DEBUG   SenderThread:21352 [sender.py:send():232] send: summary
2022-05-23 11:41:16,524 INFO    SenderThread:21352 [sender.py:_save_file():948] saving file wandb-summary.json with policy end
2022-05-23 11:41:17,153 INFO    Thread-11 :21352 [dir_watcher.py:_on_file_modified():257] file/dir modified: C:\Projects\Code\Neurals\wandb\run-20220523_113903-11z89bh8\files\wandb-summary.json
2022-05-23 11:41:18,159 INFO    Thread-11 :21352 [dir_watcher.py:_on_file_modified():257] file/dir modified: C:\Projects\Code\Neurals\wandb\run-20220523_113903-11z89bh8\files\output.log
2022-05-23 11:41:19,731 DEBUG   SenderThread:21352 [sender.py:send():232] send: stats
2022-05-23 11:41:20,159 DEBUG   HandlerThread:21352 [handler.py:handle_request():141] handle_request: partial_history
2022-05-23 11:41:20,160 DEBUG   SenderThread:21352 [sender.py:send():232] send: history
2022-05-23 11:41:20,160 DEBUG   SenderThread:21352 [sender.py:send():232] send: summary
2022-05-23 11:41:20,161 INFO    SenderThread:21352 [sender.py:_save_file():948] saving file wandb-summary.json with policy end
2022-05-23 11:41:20,164 INFO    Thread-11 :21352 [dir_watcher.py:_on_file_modified():257] file/dir modified: C:\Projects\Code\Neurals\wandb\run-20220523_113903-11z89bh8\files\wandb-summary.json
2022-05-23 11:41:22,174 INFO    Thread-11 :21352 [dir_watcher.py:_on_file_modified():257] file/dir modified: C:\Projects\Code\Neurals\wandb\run-20220523_113903-11z89bh8\files\output.log
2022-05-23 11:41:23,782 DEBUG   HandlerThread:21352 [handler.py:handle_request():141] handle_request: partial_history
2022-05-23 11:41:23,782 DEBUG   SenderThread:21352 [sender.py:send():232] send: history
2022-05-23 11:41:23,783 DEBUG   SenderThread:21352 [sender.py:send():232] send: summary
2022-05-23 11:41:23,783 INFO    SenderThread:21352 [sender.py:_save_file():948] saving file wandb-summary.json with policy end
2022-05-23 11:41:24,192 INFO    Thread-11 :21352 [dir_watcher.py:_on_file_modified():257] file/dir modified: C:\Projects\Code\Neurals\wandb\run-20220523_113903-11z89bh8\files\wandb-summary.json
2022-05-23 11:41:25,243 DEBUG   HandlerThread:21352 [handler.py:handle_request():141] handle_request: stop_status
2022-05-23 11:41:25,243 DEBUG   SenderThread:21352 [sender.py:send_request():246] send_request: stop_status
2022-05-23 11:41:26,221 INFO    Thread-11 :21352 [dir_watcher.py:_on_file_modified():257] file/dir modified: C:\Projects\Code\Neurals\wandb\run-20220523_113903-11z89bh8\files\output.log
2022-05-23 11:41:27,194 DEBUG   HandlerThread:21352 [handler.py:handle_request():141] handle_request: partial_history
2022-05-23 11:41:27,195 DEBUG   SenderThread:21352 [sender.py:send():232] send: history
2022-05-23 11:41:27,196 DEBUG   SenderThread:21352 [sender.py:send():232] send: summary
2022-05-23 11:41:27,196 INFO    SenderThread:21352 [sender.py:_save_file():948] saving file wandb-summary.json with policy end
2022-05-23 11:41:27,222 INFO    Thread-11 :21352 [dir_watcher.py:_on_file_modified():257] file/dir modified: C:\Projects\Code\Neurals\wandb\run-20220523_113903-11z89bh8\files\wandb-summary.json
2022-05-23 11:41:28,225 INFO    Thread-11 :21352 [dir_watcher.py:_on_file_modified():257] file/dir modified: C:\Projects\Code\Neurals\wandb\run-20220523_113903-11z89bh8\files\output.log
2022-05-23 11:41:30,514 DEBUG   HandlerThread:21352 [handler.py:handle_request():141] handle_request: partial_history
2022-05-23 11:41:30,515 DEBUG   SenderThread:21352 [sender.py:send():232] send: history
2022-05-23 11:41:30,515 DEBUG   SenderThread:21352 [sender.py:send():232] send: summary
2022-05-23 11:41:30,516 INFO    SenderThread:21352 [sender.py:_save_file():948] saving file wandb-summary.json with policy end
2022-05-23 11:41:31,240 INFO    Thread-11 :21352 [dir_watcher.py:_on_file_modified():257] file/dir modified: C:\Projects\Code\Neurals\wandb\run-20220523_113903-11z89bh8\files\wandb-summary.json
2022-05-23 11:41:32,244 INFO    Thread-11 :21352 [dir_watcher.py:_on_file_modified():257] file/dir modified: C:\Projects\Code\Neurals\wandb\run-20220523_113903-11z89bh8\files\output.log
2022-05-23 11:41:34,081 DEBUG   HandlerThread:21352 [handler.py:handle_request():141] handle_request: partial_history
2022-05-23 11:41:34,082 DEBUG   SenderThread:21352 [sender.py:send():232] send: history
2022-05-23 11:41:34,084 DEBUG   SenderThread:21352 [sender.py:send():232] send: summary
2022-05-23 11:41:34,086 INFO    SenderThread:21352 [sender.py:_save_file():948] saving file wandb-summary.json with policy end
2022-05-23 11:41:34,253 INFO    Thread-11 :21352 [dir_watcher.py:_on_file_modified():257] file/dir modified: C:\Projects\Code\Neurals\wandb\run-20220523_113903-11z89bh8\files\wandb-summary.json
2022-05-23 11:41:36,273 INFO    Thread-11 :21352 [dir_watcher.py:_on_file_modified():257] file/dir modified: C:\Projects\Code\Neurals\wandb\run-20220523_113903-11z89bh8\files\output.log
2022-05-23 11:41:37,874 DEBUG   HandlerThread:21352 [handler.py:handle_request():141] handle_request: partial_history
2022-05-23 11:41:37,875 DEBUG   SenderThread:21352 [sender.py:send():232] send: history
2022-05-23 11:41:37,875 DEBUG   SenderThread:21352 [sender.py:send():232] send: summary
2022-05-23 11:41:37,876 INFO    SenderThread:21352 [sender.py:_save_file():948] saving file wandb-summary.json with policy end
2022-05-23 11:41:38,280 INFO    Thread-11 :21352 [dir_watcher.py:_on_file_modified():257] file/dir modified: C:\Projects\Code\Neurals\wandb\run-20220523_113903-11z89bh8\files\wandb-summary.json
2022-05-23 11:41:40,294 INFO    Thread-11 :21352 [dir_watcher.py:_on_file_modified():257] file/dir modified: C:\Projects\Code\Neurals\wandb\run-20220523_113903-11z89bh8\files\output.log
2022-05-23 11:41:40,563 DEBUG   HandlerThread:21352 [handler.py:handle_request():141] handle_request: stop_status
2022-05-23 11:41:40,563 DEBUG   SenderThread:21352 [sender.py:send_request():246] send_request: stop_status
2022-05-23 11:41:41,608 DEBUG   HandlerThread:21352 [handler.py:handle_request():141] handle_request: partial_history
2022-05-23 11:41:41,609 DEBUG   SenderThread:21352 [sender.py:send():232] send: history
2022-05-23 11:41:41,609 DEBUG   SenderThread:21352 [sender.py:send():232] send: summary
2022-05-23 11:41:41,610 INFO    SenderThread:21352 [sender.py:_save_file():948] saving file wandb-summary.json with policy end
2022-05-23 11:41:42,305 INFO    Thread-11 :21352 [dir_watcher.py:_on_file_modified():257] file/dir modified: C:\Projects\Code\Neurals\wandb\run-20220523_113903-11z89bh8\files\output.log
2022-05-23 11:41:42,306 INFO    Thread-11 :21352 [dir_watcher.py:_on_file_modified():257] file/dir modified: C:\Projects\Code\Neurals\wandb\run-20220523_113903-11z89bh8\files\wandb-summary.json
2022-05-23 11:41:45,249 DEBUG   HandlerThread:21352 [handler.py:handle_request():141] handle_request: partial_history
2022-05-23 11:41:45,249 DEBUG   SenderThread:21352 [sender.py:send():232] send: history
2022-05-23 11:41:45,250 DEBUG   SenderThread:21352 [sender.py:send():232] send: summary
2022-05-23 11:41:45,250 INFO    SenderThread:21352 [sender.py:_save_file():948] saving file wandb-summary.json with policy end
2022-05-23 11:41:45,323 INFO    Thread-11 :21352 [dir_watcher.py:_on_file_modified():257] file/dir modified: C:\Projects\Code\Neurals\wandb\run-20220523_113903-11z89bh8\files\wandb-summary.json
2022-05-23 11:41:46,327 INFO    Thread-11 :21352 [dir_watcher.py:_on_file_modified():257] file/dir modified: C:\Projects\Code\Neurals\wandb\run-20220523_113903-11z89bh8\files\output.log
2022-05-23 11:41:48,805 DEBUG   HandlerThread:21352 [handler.py:handle_request():141] handle_request: partial_history
2022-05-23 11:41:48,806 DEBUG   SenderThread:21352 [sender.py:send():232] send: history
2022-05-23 11:41:48,806 DEBUG   SenderThread:21352 [sender.py:send():232] send: summary
2022-05-23 11:41:48,807 INFO    SenderThread:21352 [sender.py:_save_file():948] saving file wandb-summary.json with policy end
2022-05-23 11:41:49,342 INFO    Thread-11 :21352 [dir_watcher.py:_on_file_modified():257] file/dir modified: C:\Projects\Code\Neurals\wandb\run-20220523_113903-11z89bh8\files\wandb-summary.json
2022-05-23 11:41:50,346 INFO    Thread-11 :21352 [dir_watcher.py:_on_file_modified():257] file/dir modified: C:\Projects\Code\Neurals\wandb\run-20220523_113903-11z89bh8\files\output.log
2022-05-23 11:41:52,386 DEBUG   HandlerThread:21352 [handler.py:handle_request():141] handle_request: partial_history
2022-05-23 11:41:52,386 DEBUG   SenderThread:21352 [sender.py:send():232] send: history
2022-05-23 11:41:52,386 DEBUG   SenderThread:21352 [sender.py:send():232] send: summary
2022-05-23 11:41:52,387 INFO    SenderThread:21352 [sender.py:_save_file():948] saving file wandb-summary.json with policy end
2022-05-23 11:41:53,356 INFO    Thread-11 :21352 [dir_watcher.py:_on_file_modified():257] file/dir modified: C:\Projects\Code\Neurals\wandb\run-20220523_113903-11z89bh8\files\wandb-summary.json
2022-05-23 11:41:53,414 DEBUG   SenderThread:21352 [sender.py:send():232] send: stats
2022-05-23 11:41:54,357 INFO    Thread-11 :21352 [dir_watcher.py:_on_file_modified():257] file/dir modified: C:\Projects\Code\Neurals\wandb\run-20220523_113903-11z89bh8\files\output.log
2022-05-23 11:41:55,810 DEBUG   HandlerThread:21352 [handler.py:handle_request():141] handle_request: partial_history
2022-05-23 11:41:55,811 DEBUG   SenderThread:21352 [sender.py:send():232] send: history
2022-05-23 11:41:55,811 DEBUG   SenderThread:21352 [sender.py:send():232] send: summary
2022-05-23 11:41:55,812 INFO    SenderThread:21352 [sender.py:_save_file():948] saving file wandb-summary.json with policy end
2022-05-23 11:41:55,856 DEBUG   HandlerThread:21352 [handler.py:handle_request():141] handle_request: stop_status
2022-05-23 11:41:55,857 DEBUG   SenderThread:21352 [sender.py:send_request():246] send_request: stop_status
2022-05-23 11:41:56,373 INFO    Thread-11 :21352 [dir_watcher.py:_on_file_modified():257] file/dir modified: C:\Projects\Code\Neurals\wandb\run-20220523_113903-11z89bh8\files\wandb-summary.json
2022-05-23 11:41:58,382 INFO    Thread-11 :21352 [dir_watcher.py:_on_file_modified():257] file/dir modified: C:\Projects\Code\Neurals\wandb\run-20220523_113903-11z89bh8\files\output.log
2022-05-23 11:41:59,304 DEBUG   HandlerThread:21352 [handler.py:handle_request():141] handle_request: partial_history
2022-05-23 11:41:59,305 DEBUG   SenderThread:21352 [sender.py:send():232] send: history
2022-05-23 11:41:59,305 DEBUG   SenderThread:21352 [sender.py:send():232] send: summary
2022-05-23 11:41:59,306 INFO    SenderThread:21352 [sender.py:_save_file():948] saving file wandb-summary.json with policy end
2022-05-23 11:41:59,387 INFO    Thread-11 :21352 [dir_watcher.py:_on_file_modified():257] file/dir modified: C:\Projects\Code\Neurals\wandb\run-20220523_113903-11z89bh8\files\wandb-summary.json
2022-05-23 11:42:00,390 INFO    Thread-11 :21352 [dir_watcher.py:_on_file_modified():257] file/dir modified: C:\Projects\Code\Neurals\wandb\run-20220523_113903-11z89bh8\files\output.log
2022-05-23 11:42:02,764 DEBUG   HandlerThread:21352 [handler.py:handle_request():141] handle_request: partial_history
2022-05-23 11:42:02,765 DEBUG   SenderThread:21352 [sender.py:send():232] send: history
2022-05-23 11:42:02,766 DEBUG   SenderThread:21352 [sender.py:send():232] send: summary
2022-05-23 11:42:02,766 INFO    SenderThread:21352 [sender.py:_save_file():948] saving file wandb-summary.json with policy end
2022-05-23 11:42:03,403 INFO    Thread-11 :21352 [dir_watcher.py:_on_file_modified():257] file/dir modified: C:\Projects\Code\Neurals\wandb\run-20220523_113903-11z89bh8\files\wandb-summary.json
2022-05-23 11:42:04,417 INFO    Thread-11 :21352 [dir_watcher.py:_on_file_modified():257] file/dir modified: C:\Projects\Code\Neurals\wandb\run-20220523_113903-11z89bh8\files\output.log
2022-05-23 11:42:06,254 DEBUG   HandlerThread:21352 [handler.py:handle_request():141] handle_request: partial_history
2022-05-23 11:42:06,255 DEBUG   SenderThread:21352 [sender.py:send():232] send: history
2022-05-23 11:42:06,255 DEBUG   SenderThread:21352 [sender.py:send():232] send: summary
2022-05-23 11:42:06,256 INFO    SenderThread:21352 [sender.py:_save_file():948] saving file wandb-summary.json with policy end
2022-05-23 11:42:06,428 INFO    Thread-11 :21352 [dir_watcher.py:_on_file_modified():257] file/dir modified: C:\Projects\Code\Neurals\wandb\run-20220523_113903-11z89bh8\files\wandb-summary.json
2022-05-23 11:42:08,434 INFO    Thread-11 :21352 [dir_watcher.py:_on_file_modified():257] file/dir modified: C:\Projects\Code\Neurals\wandb\run-20220523_113903-11z89bh8\files\output.log
2022-05-23 11:42:09,733 DEBUG   HandlerThread:21352 [handler.py:handle_request():141] handle_request: partial_history
2022-05-23 11:42:09,734 DEBUG   SenderThread:21352 [sender.py:send():232] send: history
2022-05-23 11:42:09,734 DEBUG   SenderThread:21352 [sender.py:send():232] send: summary
2022-05-23 11:42:09,735 INFO    SenderThread:21352 [sender.py:_save_file():948] saving file wandb-summary.json with policy end
2022-05-23 11:42:10,451 INFO    Thread-11 :21352 [dir_watcher.py:_on_file_modified():257] file/dir modified: C:\Projects\Code\Neurals\wandb\run-20220523_113903-11z89bh8\files\output.log
2022-05-23 11:42:10,452 INFO    Thread-11 :21352 [dir_watcher.py:_on_file_modified():257] file/dir modified: C:\Projects\Code\Neurals\wandb\run-20220523_113903-11z89bh8\files\wandb-summary.json
2022-05-23 11:42:11,128 DEBUG   HandlerThread:21352 [handler.py:handle_request():141] handle_request: stop_status
2022-05-23 11:42:11,129 DEBUG   SenderThread:21352 [sender.py:send_request():246] send_request: stop_status
2022-05-23 11:42:12,824 DEBUG   HandlerThread:21352 [handler.py:handle_request():141] handle_request: partial_history
2022-05-23 11:42:12,825 DEBUG   SenderThread:21352 [sender.py:send():232] send: history
2022-05-23 11:42:12,825 DEBUG   SenderThread:21352 [sender.py:send():232] send: summary
2022-05-23 11:42:12,826 INFO    SenderThread:21352 [sender.py:_save_file():948] saving file wandb-summary.json with policy end
2022-05-23 11:42:13,465 INFO    Thread-11 :21352 [dir_watcher.py:_on_file_modified():257] file/dir modified: C:\Projects\Code\Neurals\wandb\run-20220523_113903-11z89bh8\files\wandb-summary.json
2022-05-23 11:42:14,470 INFO    Thread-11 :21352 [dir_watcher.py:_on_file_modified():257] file/dir modified: C:\Projects\Code\Neurals\wandb\run-20220523_113903-11z89bh8\files\output.log
2022-05-23 11:42:16,360 DEBUG   HandlerThread:21352 [handler.py:handle_request():141] handle_request: partial_history
2022-05-23 11:42:16,361 DEBUG   SenderThread:21352 [sender.py:send():232] send: history
2022-05-23 11:42:16,362 DEBUG   SenderThread:21352 [sender.py:send():232] send: summary
2022-05-23 11:42:16,362 INFO    SenderThread:21352 [sender.py:_save_file():948] saving file wandb-summary.json with policy end
2022-05-23 11:42:16,487 INFO    Thread-11 :21352 [dir_watcher.py:_on_file_modified():257] file/dir modified: C:\Projects\Code\Neurals\wandb\run-20220523_113903-11z89bh8\files\wandb-summary.json
2022-05-23 11:42:18,493 INFO    Thread-11 :21352 [dir_watcher.py:_on_file_modified():257] file/dir modified: C:\Projects\Code\Neurals\wandb\run-20220523_113903-11z89bh8\files\output.log
2022-05-23 11:42:19,960 DEBUG   HandlerThread:21352 [handler.py:handle_request():141] handle_request: partial_history
2022-05-23 11:42:19,961 DEBUG   SenderThread:21352 [sender.py:send():232] send: history
2022-05-23 11:42:19,962 DEBUG   SenderThread:21352 [sender.py:send():232] send: summary
2022-05-23 11:42:19,962 INFO    SenderThread:21352 [sender.py:_save_file():948] saving file wandb-summary.json with policy end
2022-05-23 11:42:20,497 INFO    Thread-11 :21352 [dir_watcher.py:_on_file_modified():257] file/dir modified: C:\Projects\Code\Neurals\wandb\run-20220523_113903-11z89bh8\files\wandb-summary.json
2022-05-23 11:42:22,513 INFO    Thread-11 :21352 [dir_watcher.py:_on_file_modified():257] file/dir modified: C:\Projects\Code\Neurals\wandb\run-20220523_113903-11z89bh8\files\output.log
2022-05-23 11:42:23,408 DEBUG   HandlerThread:21352 [handler.py:handle_request():141] handle_request: partial_history
2022-05-23 11:42:23,409 DEBUG   SenderThread:21352 [sender.py:send():232] send: history
2022-05-23 11:42:23,409 DEBUG   SenderThread:21352 [sender.py:send():232] send: summary
2022-05-23 11:42:23,410 INFO    SenderThread:21352 [sender.py:_save_file():948] saving file wandb-summary.json with policy end
2022-05-23 11:42:23,521 INFO    Thread-11 :21352 [dir_watcher.py:_on_file_modified():257] file/dir modified: C:\Projects\Code\Neurals\wandb\run-20220523_113903-11z89bh8\files\wandb-summary.json
2022-05-23 11:42:24,534 INFO    Thread-11 :21352 [dir_watcher.py:_on_file_modified():257] file/dir modified: C:\Projects\Code\Neurals\wandb\run-20220523_113903-11z89bh8\files\output.log
2022-05-23 11:42:26,402 DEBUG   HandlerThread:21352 [handler.py:handle_request():141] handle_request: stop_status
2022-05-23 11:42:26,403 DEBUG   SenderThread:21352 [sender.py:send_request():246] send_request: stop_status
2022-05-23 11:42:26,986 DEBUG   SenderThread:21352 [sender.py:send():232] send: stats
2022-05-23 11:42:27,023 DEBUG   HandlerThread:21352 [handler.py:handle_request():141] handle_request: partial_history
2022-05-23 11:42:27,024 DEBUG   SenderThread:21352 [sender.py:send():232] send: history
2022-05-23 11:42:27,025 DEBUG   SenderThread:21352 [sender.py:send():232] send: summary
2022-05-23 11:42:27,026 INFO    SenderThread:21352 [sender.py:_save_file():948] saving file wandb-summary.json with policy end
2022-05-23 11:42:27,550 INFO    Thread-11 :21352 [dir_watcher.py:_on_file_modified():257] file/dir modified: C:\Projects\Code\Neurals\wandb\run-20220523_113903-11z89bh8\files\wandb-summary.json
2022-05-23 11:42:28,557 INFO    Thread-11 :21352 [dir_watcher.py:_on_file_modified():257] file/dir modified: C:\Projects\Code\Neurals\wandb\run-20220523_113903-11z89bh8\files\output.log
2022-05-23 11:42:30,312 DEBUG   HandlerThread:21352 [handler.py:handle_request():141] handle_request: partial_history
2022-05-23 11:42:30,313 DEBUG   SenderThread:21352 [sender.py:send():232] send: history
2022-05-23 11:42:30,313 DEBUG   SenderThread:21352 [sender.py:send():232] send: summary
2022-05-23 11:42:30,314 INFO    SenderThread:21352 [sender.py:_save_file():948] saving file wandb-summary.json with policy end
2022-05-23 11:42:30,566 INFO    Thread-11 :21352 [dir_watcher.py:_on_file_modified():257] file/dir modified: C:\Projects\Code\Neurals\wandb\run-20220523_113903-11z89bh8\files\wandb-summary.json
2022-05-23 11:42:32,572 INFO    Thread-11 :21352 [dir_watcher.py:_on_file_modified():257] file/dir modified: C:\Projects\Code\Neurals\wandb\run-20220523_113903-11z89bh8\files\output.log
2022-05-23 11:42:33,488 DEBUG   HandlerThread:21352 [handler.py:handle_request():141] handle_request: partial_history
2022-05-23 11:42:33,488 DEBUG   SenderThread:21352 [sender.py:send():232] send: history
2022-05-23 11:42:33,489 DEBUG   SenderThread:21352 [sender.py:send():232] send: summary
2022-05-23 11:42:33,489 INFO    SenderThread:21352 [sender.py:_save_file():948] saving file wandb-summary.json with policy end
2022-05-23 11:42:33,573 INFO    Thread-11 :21352 [dir_watcher.py:_on_file_modified():257] file/dir modified: C:\Projects\Code\Neurals\wandb\run-20220523_113903-11z89bh8\files\wandb-summary.json
2022-05-23 11:42:34,576 INFO    Thread-11 :21352 [dir_watcher.py:_on_file_modified():257] file/dir modified: C:\Projects\Code\Neurals\wandb\run-20220523_113903-11z89bh8\files\output.log
2022-05-23 11:42:36,582 DEBUG   HandlerThread:21352 [handler.py:handle_request():141] handle_request: partial_history
2022-05-23 11:42:36,584 DEBUG   SenderThread:21352 [sender.py:send():232] send: history
2022-05-23 11:42:36,584 DEBUG   SenderThread:21352 [sender.py:send():232] send: summary
2022-05-23 11:42:36,585 INFO    Thread-11 :21352 [dir_watcher.py:_on_file_modified():257] file/dir modified: C:\Projects\Code\Neurals\wandb\run-20220523_113903-11z89bh8\files\wandb-summary.json
2022-05-23 11:42:36,585 INFO    SenderThread:21352 [sender.py:_save_file():948] saving file wandb-summary.json with policy end
2022-05-23 11:42:37,600 INFO    Thread-11 :21352 [dir_watcher.py:_on_file_modified():257] file/dir modified: C:\Projects\Code\Neurals\wandb\run-20220523_113903-11z89bh8\files\wandb-summary.json
2022-05-23 11:42:38,605 INFO    Thread-11 :21352 [dir_watcher.py:_on_file_modified():257] file/dir modified: C:\Projects\Code\Neurals\wandb\run-20220523_113903-11z89bh8\files\output.log
2022-05-23 11:42:40,031 DEBUG   HandlerThread:21352 [handler.py:handle_request():141] handle_request: partial_history
2022-05-23 11:42:40,034 DEBUG   SenderThread:21352 [sender.py:send():232] send: history
2022-05-23 11:42:40,035 DEBUG   SenderThread:21352 [sender.py:send():232] send: summary
2022-05-23 11:42:40,036 INFO    SenderThread:21352 [sender.py:_save_file():948] saving file wandb-summary.json with policy end
2022-05-23 11:42:40,624 INFO    Thread-11 :21352 [dir_watcher.py:_on_file_modified():257] file/dir modified: C:\Projects\Code\Neurals\wandb\run-20220523_113903-11z89bh8\files\output.log
2022-05-23 11:42:40,625 INFO    Thread-11 :21352 [dir_watcher.py:_on_file_modified():257] file/dir modified: C:\Projects\Code\Neurals\wandb\run-20220523_113903-11z89bh8\files\wandb-summary.json
2022-05-23 11:42:41,692 DEBUG   HandlerThread:21352 [handler.py:handle_request():141] handle_request: stop_status
2022-05-23 11:42:41,692 DEBUG   SenderThread:21352 [sender.py:send_request():246] send_request: stop_status
2022-05-23 11:42:42,643 INFO    Thread-11 :21352 [dir_watcher.py:_on_file_modified():257] file/dir modified: C:\Projects\Code\Neurals\wandb\run-20220523_113903-11z89bh8\files\output.log
2022-05-23 11:42:43,390 DEBUG   HandlerThread:21352 [handler.py:handle_request():141] handle_request: partial_history
2022-05-23 11:42:43,391 DEBUG   SenderThread:21352 [sender.py:send():232] send: history
2022-05-23 11:42:43,391 DEBUG   SenderThread:21352 [sender.py:send():232] send: summary
2022-05-23 11:42:43,391 INFO    SenderThread:21352 [sender.py:_save_file():948] saving file wandb-summary.json with policy end
2022-05-23 11:42:43,647 INFO    Thread-11 :21352 [dir_watcher.py:_on_file_modified():257] file/dir modified: C:\Projects\Code\Neurals\wandb\run-20220523_113903-11z89bh8\files\wandb-summary.json
2022-05-23 11:42:44,651 INFO    Thread-11 :21352 [dir_watcher.py:_on_file_modified():257] file/dir modified: C:\Projects\Code\Neurals\wandb\run-20220523_113903-11z89bh8\files\output.log
