2022-05-23 11:19:28,913 INFO    MainThread:12676 [internal.py:wandb_internal():90] W&B internal server running at pid: 12676, started at: 2022-05-23 11:19:28.912781
2022-05-23 11:19:28,916 INFO    WriterThread:12676 [datastore.py:open_for_write():75] open: C:\Projects\Code\Neurals\wandb\run-20220523_111927-1hx1je95\run-1hx1je95.wandb
2022-05-23 11:19:28,923 DEBUG   SenderThread:12676 [sender.py:send():232] send: header
2022-05-23 11:19:28,923 DEBUG   SenderThread:12676 [sender.py:send():232] send: run
2022-05-23 11:19:29,244 INFO    SenderThread:12676 [dir_watcher.py:__init__():197] watching files in: C:\Projects\Code\Neurals\wandb\run-20220523_111927-1hx1je95\files
2022-05-23 11:19:29,245 INFO    SenderThread:12676 [sender.py:_start_run_threads():811] run started: 1hx1je95 with start time 1653268767
2022-05-23 11:19:29,245 DEBUG   HandlerThread:12676 [handler.py:handle_request():141] handle_request: check_version
2022-05-23 11:19:29,245 DEBUG   SenderThread:12676 [sender.py:send():232] send: summary
2022-05-23 11:19:29,246 INFO    SenderThread:12676 [sender.py:_save_file():948] saving file wandb-summary.json with policy end
2022-05-23 11:19:29,246 DEBUG   SenderThread:12676 [sender.py:send_request():246] send_request: check_version
2022-05-23 11:19:29,455 DEBUG   HandlerThread:12676 [handler.py:handle_request():141] handle_request: run_start
2022-05-23 11:19:30,255 INFO    Thread-11 :12676 [dir_watcher.py:_on_file_created():244] file/dir created: C:\Projects\Code\Neurals\wandb\run-20220523_111927-1hx1je95\files\wandb-summary.json
2022-05-23 11:19:31,366 DEBUG   HandlerThread:12676 [meta.py:__init__():35] meta init
2022-05-23 11:19:31,366 DEBUG   HandlerThread:12676 [meta.py:__init__():49] meta init done
2022-05-23 11:19:31,366 DEBUG   HandlerThread:12676 [meta.py:probe():209] probe
2022-05-23 11:19:31,387 DEBUG   HandlerThread:12676 [git.py:repo():29] git repository is invalid
2022-05-23 11:19:31,387 DEBUG   HandlerThread:12676 [meta.py:_save_pip():53] save pip
2022-05-23 11:19:31,388 DEBUG   HandlerThread:12676 [meta.py:_save_pip():67] save pip done
2022-05-23 11:19:31,388 DEBUG   HandlerThread:12676 [meta.py:probe():247] probe done
2022-05-23 11:19:31,396 DEBUG   SenderThread:12676 [sender.py:send():232] send: files
2022-05-23 11:19:31,396 INFO    SenderThread:12676 [sender.py:_save_file():948] saving file wandb-metadata.json with policy now
2022-05-23 11:19:31,405 DEBUG   HandlerThread:12676 [handler.py:handle_request():141] handle_request: stop_status
2022-05-23 11:19:31,405 DEBUG   SenderThread:12676 [sender.py:send_request():246] send_request: stop_status
2022-05-23 11:19:32,026 DEBUG   SenderThread:12676 [sender.py:send():232] send: telemetry
2022-05-23 11:19:32,260 INFO    Thread-11 :12676 [dir_watcher.py:_on_file_created():244] file/dir created: C:\Projects\Code\Neurals\wandb\run-20220523_111927-1hx1je95\files\wandb-metadata.json
2022-05-23 11:19:32,261 INFO    Thread-11 :12676 [dir_watcher.py:_on_file_created():244] file/dir created: C:\Projects\Code\Neurals\wandb\run-20220523_111927-1hx1je95\files\output.log
2022-05-23 11:19:32,262 INFO    Thread-11 :12676 [dir_watcher.py:_on_file_created():244] file/dir created: C:\Projects\Code\Neurals\wandb\run-20220523_111927-1hx1je95\files\requirements.txt
2022-05-23 11:19:32,619 INFO    Thread-15 :12676 [upload_job.py:push():132] Uploaded file C:\Users\MAXIMN~1\AppData\Local\Temp\tmpd41tmb3ywandb\ttd5qy2p-wandb-metadata.json
2022-05-23 11:19:34,277 INFO    Thread-11 :12676 [dir_watcher.py:_on_file_modified():257] file/dir modified: C:\Projects\Code\Neurals\wandb\run-20220523_111927-1hx1je95\files\output.log
2022-05-23 11:19:34,315 DEBUG   HandlerThread:12676 [handler.py:handle_request():141] handle_request: partial_history
2022-05-23 11:19:34,315 DEBUG   SenderThread:12676 [sender.py:send():232] send: history
2022-05-23 11:19:34,316 DEBUG   SenderThread:12676 [sender.py:send():232] send: summary
2022-05-23 11:19:34,316 INFO    SenderThread:12676 [sender.py:_save_file():948] saving file wandb-summary.json with policy end
2022-05-23 11:19:35,281 INFO    Thread-11 :12676 [dir_watcher.py:_on_file_modified():257] file/dir modified: C:\Projects\Code\Neurals\wandb\run-20220523_111927-1hx1je95\files\wandb-summary.json
2022-05-23 11:19:36,282 INFO    Thread-11 :12676 [dir_watcher.py:_on_file_modified():257] file/dir modified: C:\Projects\Code\Neurals\wandb\run-20220523_111927-1hx1je95\files\output.log
2022-05-23 11:19:39,385 DEBUG   HandlerThread:12676 [handler.py:handle_request():141] handle_request: partial_history
2022-05-23 11:19:39,386 DEBUG   SenderThread:12676 [sender.py:send():232] send: history
2022-05-23 11:19:39,386 DEBUG   SenderThread:12676 [sender.py:send():232] send: summary
2022-05-23 11:19:39,388 INFO    SenderThread:12676 [sender.py:_save_file():948] saving file wandb-summary.json with policy end
2022-05-23 11:19:40,313 INFO    Thread-11 :12676 [dir_watcher.py:_on_file_modified():257] file/dir modified: C:\Projects\Code\Neurals\wandb\run-20220523_111927-1hx1je95\files\wandb-summary.json
2022-05-23 11:19:42,319 INFO    Thread-11 :12676 [dir_watcher.py:_on_file_modified():257] file/dir modified: C:\Projects\Code\Neurals\wandb\run-20220523_111927-1hx1je95\files\output.log
2022-05-23 11:19:44,482 DEBUG   HandlerThread:12676 [handler.py:handle_request():141] handle_request: partial_history
2022-05-23 11:19:44,482 DEBUG   SenderThread:12676 [sender.py:send():232] send: history
2022-05-23 11:19:44,483 DEBUG   SenderThread:12676 [sender.py:send():232] send: summary
2022-05-23 11:19:44,485 INFO    SenderThread:12676 [sender.py:_save_file():948] saving file wandb-summary.json with policy end
2022-05-23 11:19:45,339 INFO    Thread-11 :12676 [dir_watcher.py:_on_file_modified():257] file/dir modified: C:\Projects\Code\Neurals\wandb\run-20220523_111927-1hx1je95\files\wandb-summary.json
2022-05-23 11:19:46,354 INFO    Thread-11 :12676 [dir_watcher.py:_on_file_modified():257] file/dir modified: C:\Projects\Code\Neurals\wandb\run-20220523_111927-1hx1je95\files\output.log
2022-05-23 11:19:47,030 DEBUG   HandlerThread:12676 [handler.py:handle_request():141] handle_request: stop_status
2022-05-23 11:19:47,030 DEBUG   SenderThread:12676 [sender.py:send_request():246] send_request: stop_status
2022-05-23 11:19:49,601 DEBUG   HandlerThread:12676 [handler.py:handle_request():141] handle_request: partial_history
2022-05-23 11:19:49,602 DEBUG   SenderThread:12676 [sender.py:send():232] send: history
2022-05-23 11:19:49,602 DEBUG   SenderThread:12676 [sender.py:send():232] send: summary
2022-05-23 11:19:49,604 INFO    SenderThread:12676 [sender.py:_save_file():948] saving file wandb-summary.json with policy end
2022-05-23 11:19:50,378 INFO    Thread-11 :12676 [dir_watcher.py:_on_file_modified():257] file/dir modified: C:\Projects\Code\Neurals\wandb\run-20220523_111927-1hx1je95\files\wandb-summary.json
2022-05-23 11:19:52,384 INFO    Thread-11 :12676 [dir_watcher.py:_on_file_modified():257] file/dir modified: C:\Projects\Code\Neurals\wandb\run-20220523_111927-1hx1je95\files\output.log
2022-05-23 11:19:54,936 DEBUG   HandlerThread:12676 [handler.py:handle_request():141] handle_request: partial_history
2022-05-23 11:19:54,937 DEBUG   SenderThread:12676 [sender.py:send():232] send: history
2022-05-23 11:19:54,938 DEBUG   SenderThread:12676 [sender.py:send():232] send: summary
2022-05-23 11:19:54,938 INFO    SenderThread:12676 [sender.py:_save_file():948] saving file wandb-summary.json with policy end
2022-05-23 11:19:55,406 INFO    Thread-11 :12676 [dir_watcher.py:_on_file_modified():257] file/dir modified: C:\Projects\Code\Neurals\wandb\run-20220523_111927-1hx1je95\files\wandb-summary.json
2022-05-23 11:19:56,407 INFO    Thread-11 :12676 [dir_watcher.py:_on_file_modified():257] file/dir modified: C:\Projects\Code\Neurals\wandb\run-20220523_111927-1hx1je95\files\output.log
2022-05-23 11:19:58,415 INFO    Thread-11 :12676 [dir_watcher.py:_on_file_modified():257] file/dir modified: C:\Projects\Code\Neurals\wandb\run-20220523_111927-1hx1je95\files\output.log
2022-05-23 11:19:59,858 DEBUG   HandlerThread:12676 [handler.py:handle_request():141] handle_request: partial_history
2022-05-23 11:19:59,885 DEBUG   SenderThread:12676 [sender.py:send():232] send: history
2022-05-23 11:19:59,886 DEBUG   SenderThread:12676 [sender.py:send():232] send: summary
2022-05-23 11:19:59,887 INFO    SenderThread:12676 [sender.py:_save_file():948] saving file wandb-summary.json with policy end
2022-05-23 11:20:00,430 INFO    Thread-11 :12676 [dir_watcher.py:_on_file_modified():257] file/dir modified: C:\Projects\Code\Neurals\wandb\run-20220523_111927-1hx1je95\files\config.yaml
2022-05-23 11:20:00,431 INFO    Thread-11 :12676 [dir_watcher.py:_on_file_modified():257] file/dir modified: C:\Projects\Code\Neurals\wandb\run-20220523_111927-1hx1je95\files\wandb-summary.json
2022-05-23 11:20:02,314 DEBUG   HandlerThread:12676 [handler.py:handle_request():141] handle_request: stop_status
2022-05-23 11:20:02,314 DEBUG   SenderThread:12676 [sender.py:send_request():246] send_request: stop_status
2022-05-23 11:20:02,440 INFO    Thread-11 :12676 [dir_watcher.py:_on_file_modified():257] file/dir modified: C:\Projects\Code\Neurals\wandb\run-20220523_111927-1hx1je95\files\output.log
2022-05-23 11:20:02,752 DEBUG   SenderThread:12676 [sender.py:send():232] send: stats
2022-05-23 11:20:04,672 DEBUG   HandlerThread:12676 [handler.py:handle_request():141] handle_request: partial_history
2022-05-23 11:20:04,673 DEBUG   SenderThread:12676 [sender.py:send():232] send: history
2022-05-23 11:20:04,673 DEBUG   SenderThread:12676 [sender.py:send():232] send: summary
2022-05-23 11:20:04,674 INFO    SenderThread:12676 [sender.py:_save_file():948] saving file wandb-summary.json with policy end
2022-05-23 11:20:05,461 INFO    Thread-11 :12676 [dir_watcher.py:_on_file_modified():257] file/dir modified: C:\Projects\Code\Neurals\wandb\run-20220523_111927-1hx1je95\files\wandb-summary.json
2022-05-23 11:20:06,467 INFO    Thread-11 :12676 [dir_watcher.py:_on_file_modified():257] file/dir modified: C:\Projects\Code\Neurals\wandb\run-20220523_111927-1hx1je95\files\output.log
2022-05-23 11:20:07,311 DEBUG   HandlerThread:12676 [handler.py:handle_request():141] handle_request: partial_history
2022-05-23 11:20:07,312 DEBUG   SenderThread:12676 [sender.py:send():232] send: history
2022-05-23 11:20:07,312 DEBUG   SenderThread:12676 [sender.py:send():232] send: summary
2022-05-23 11:20:07,314 INFO    SenderThread:12676 [sender.py:_save_file():948] saving file wandb-summary.json with policy end
2022-05-23 11:20:07,474 INFO    Thread-11 :12676 [dir_watcher.py:_on_file_modified():257] file/dir modified: C:\Projects\Code\Neurals\wandb\run-20220523_111927-1hx1je95\files\wandb-summary.json
2022-05-23 11:20:09,940 DEBUG   HandlerThread:12676 [handler.py:handle_request():141] handle_request: partial_history
2022-05-23 11:20:09,941 DEBUG   SenderThread:12676 [sender.py:send():232] send: history
2022-05-23 11:20:09,942 DEBUG   SenderThread:12676 [sender.py:send():232] send: summary
2022-05-23 11:20:09,943 INFO    SenderThread:12676 [sender.py:_save_file():948] saving file wandb-summary.json with policy end
2022-05-23 11:20:10,486 INFO    Thread-11 :12676 [dir_watcher.py:_on_file_modified():257] file/dir modified: C:\Projects\Code\Neurals\wandb\run-20220523_111927-1hx1je95\files\wandb-summary.json
2022-05-23 11:20:10,486 INFO    Thread-11 :12676 [dir_watcher.py:_on_file_modified():257] file/dir modified: C:\Projects\Code\Neurals\wandb\run-20220523_111927-1hx1je95\files\output.log
2022-05-23 11:20:12,499 INFO    Thread-11 :12676 [dir_watcher.py:_on_file_modified():257] file/dir modified: C:\Projects\Code\Neurals\wandb\run-20220523_111927-1hx1je95\files\output.log
2022-05-23 11:20:12,804 DEBUG   HandlerThread:12676 [handler.py:handle_request():141] handle_request: partial_history
2022-05-23 11:20:12,805 DEBUG   SenderThread:12676 [sender.py:send():232] send: history
2022-05-23 11:20:12,805 DEBUG   SenderThread:12676 [sender.py:send():232] send: summary
2022-05-23 11:20:12,806 INFO    SenderThread:12676 [sender.py:_save_file():948] saving file wandb-summary.json with policy end
2022-05-23 11:20:13,502 INFO    Thread-11 :12676 [dir_watcher.py:_on_file_modified():257] file/dir modified: C:\Projects\Code\Neurals\wandb\run-20220523_111927-1hx1je95\files\wandb-summary.json
2022-05-23 11:20:14,507 INFO    Thread-11 :12676 [dir_watcher.py:_on_file_modified():257] file/dir modified: C:\Projects\Code\Neurals\wandb\run-20220523_111927-1hx1je95\files\output.log
2022-05-23 11:20:15,805 DEBUG   HandlerThread:12676 [handler.py:handle_request():141] handle_request: partial_history
2022-05-23 11:20:15,805 DEBUG   SenderThread:12676 [sender.py:send():232] send: history
2022-05-23 11:20:15,806 DEBUG   SenderThread:12676 [sender.py:send():232] send: summary
2022-05-23 11:20:15,808 INFO    SenderThread:12676 [sender.py:_save_file():948] saving file wandb-summary.json with policy end
2022-05-23 11:20:16,517 INFO    Thread-11 :12676 [dir_watcher.py:_on_file_modified():257] file/dir modified: C:\Projects\Code\Neurals\wandb\run-20220523_111927-1hx1je95\files\wandb-summary.json
2022-05-23 11:20:17,614 DEBUG   HandlerThread:12676 [handler.py:handle_request():141] handle_request: stop_status
2022-05-23 11:20:17,615 DEBUG   SenderThread:12676 [sender.py:send_request():246] send_request: stop_status
2022-05-23 11:20:18,526 INFO    Thread-11 :12676 [dir_watcher.py:_on_file_modified():257] file/dir modified: C:\Projects\Code\Neurals\wandb\run-20220523_111927-1hx1je95\files\output.log
2022-05-23 11:20:18,713 DEBUG   HandlerThread:12676 [handler.py:handle_request():141] handle_request: partial_history
2022-05-23 11:20:18,714 DEBUG   SenderThread:12676 [sender.py:send():232] send: history
2022-05-23 11:20:18,714 DEBUG   SenderThread:12676 [sender.py:send():232] send: summary
2022-05-23 11:20:18,715 INFO    SenderThread:12676 [sender.py:_save_file():948] saving file wandb-summary.json with policy end
2022-05-23 11:20:19,530 INFO    Thread-11 :12676 [dir_watcher.py:_on_file_modified():257] file/dir modified: C:\Projects\Code\Neurals\wandb\run-20220523_111927-1hx1je95\files\wandb-summary.json
2022-05-23 11:20:20,535 INFO    Thread-11 :12676 [dir_watcher.py:_on_file_modified():257] file/dir modified: C:\Projects\Code\Neurals\wandb\run-20220523_111927-1hx1je95\files\output.log
2022-05-23 11:20:21,757 DEBUG   HandlerThread:12676 [handler.py:handle_request():141] handle_request: partial_history
2022-05-23 11:20:21,758 DEBUG   SenderThread:12676 [sender.py:send():232] send: history
2022-05-23 11:20:21,758 DEBUG   SenderThread:12676 [sender.py:send():232] send: summary
2022-05-23 11:20:21,758 INFO    SenderThread:12676 [sender.py:_save_file():948] saving file wandb-summary.json with policy end
2022-05-23 11:20:22,546 INFO    Thread-11 :12676 [dir_watcher.py:_on_file_modified():257] file/dir modified: C:\Projects\Code\Neurals\wandb\run-20220523_111927-1hx1je95\files\wandb-summary.json
2022-05-23 11:20:24,566 INFO    Thread-11 :12676 [dir_watcher.py:_on_file_modified():257] file/dir modified: C:\Projects\Code\Neurals\wandb\run-20220523_111927-1hx1je95\files\output.log
2022-05-23 11:20:24,583 DEBUG   HandlerThread:12676 [handler.py:handle_request():141] handle_request: partial_history
2022-05-23 11:20:24,584 DEBUG   SenderThread:12676 [sender.py:send():232] send: history
2022-05-23 11:20:24,584 DEBUG   SenderThread:12676 [sender.py:send():232] send: summary
2022-05-23 11:20:24,585 INFO    SenderThread:12676 [sender.py:_save_file():948] saving file wandb-summary.json with policy end
2022-05-23 11:20:25,581 INFO    Thread-11 :12676 [dir_watcher.py:_on_file_modified():257] file/dir modified: C:\Projects\Code\Neurals\wandb\run-20220523_111927-1hx1je95\files\wandb-summary.json
2022-05-23 11:20:26,593 INFO    Thread-11 :12676 [dir_watcher.py:_on_file_modified():257] file/dir modified: C:\Projects\Code\Neurals\wandb\run-20220523_111927-1hx1je95\files\output.log
2022-05-23 11:20:27,305 DEBUG   HandlerThread:12676 [handler.py:handle_request():141] handle_request: partial_history
2022-05-23 11:20:27,305 DEBUG   SenderThread:12676 [sender.py:send():232] send: history
2022-05-23 11:20:27,305 DEBUG   SenderThread:12676 [sender.py:send():232] send: summary
2022-05-23 11:20:27,307 INFO    SenderThread:12676 [sender.py:_save_file():948] saving file wandb-summary.json with policy end
2022-05-23 11:20:27,598 INFO    Thread-11 :12676 [dir_watcher.py:_on_file_modified():257] file/dir modified: C:\Projects\Code\Neurals\wandb\run-20220523_111927-1hx1je95\files\wandb-summary.json
2022-05-23 11:20:28,605 INFO    Thread-11 :12676 [dir_watcher.py:_on_file_modified():257] file/dir modified: C:\Projects\Code\Neurals\wandb\run-20220523_111927-1hx1je95\files\output.log
2022-05-23 11:20:30,275 DEBUG   HandlerThread:12676 [handler.py:handle_request():141] handle_request: partial_history
2022-05-23 11:20:30,276 DEBUG   SenderThread:12676 [sender.py:send():232] send: history
2022-05-23 11:20:30,276 DEBUG   SenderThread:12676 [sender.py:send():232] send: summary
2022-05-23 11:20:30,277 INFO    SenderThread:12676 [sender.py:_save_file():948] saving file wandb-summary.json with policy end
2022-05-23 11:20:30,619 INFO    Thread-11 :12676 [dir_watcher.py:_on_file_modified():257] file/dir modified: C:\Projects\Code\Neurals\wandb\run-20220523_111927-1hx1je95\files\wandb-summary.json
2022-05-23 11:20:32,627 INFO    Thread-11 :12676 [dir_watcher.py:_on_file_modified():257] file/dir modified: C:\Projects\Code\Neurals\wandb\run-20220523_111927-1hx1je95\files\output.log
2022-05-23 11:20:32,917 DEBUG   HandlerThread:12676 [handler.py:handle_request():141] handle_request: stop_status
2022-05-23 11:20:32,917 DEBUG   SenderThread:12676 [sender.py:send_request():246] send_request: stop_status
2022-05-23 11:20:33,180 DEBUG   HandlerThread:12676 [handler.py:handle_request():141] handle_request: partial_history
2022-05-23 11:20:33,207 DEBUG   SenderThread:12676 [sender.py:send():232] send: history
2022-05-23 11:20:33,207 DEBUG   SenderThread:12676 [sender.py:send():232] send: summary
2022-05-23 11:20:33,208 INFO    SenderThread:12676 [sender.py:_save_file():948] saving file wandb-summary.json with policy end
2022-05-23 11:20:33,632 INFO    Thread-11 :12676 [dir_watcher.py:_on_file_modified():257] file/dir modified: C:\Projects\Code\Neurals\wandb\run-20220523_111927-1hx1je95\files\wandb-summary.json
2022-05-23 11:20:34,635 INFO    Thread-11 :12676 [dir_watcher.py:_on_file_modified():257] file/dir modified: C:\Projects\Code\Neurals\wandb\run-20220523_111927-1hx1je95\files\output.log
2022-05-23 11:20:35,920 DEBUG   HandlerThread:12676 [handler.py:handle_request():141] handle_request: partial_history
2022-05-23 11:20:35,921 DEBUG   SenderThread:12676 [sender.py:send():232] send: history
2022-05-23 11:20:35,921 DEBUG   SenderThread:12676 [sender.py:send():232] send: summary
2022-05-23 11:20:35,923 INFO    SenderThread:12676 [sender.py:_save_file():948] saving file wandb-summary.json with policy end
2022-05-23 11:20:36,421 DEBUG   SenderThread:12676 [sender.py:send():232] send: stats
2022-05-23 11:20:36,649 INFO    Thread-11 :12676 [dir_watcher.py:_on_file_modified():257] file/dir modified: C:\Projects\Code\Neurals\wandb\run-20220523_111927-1hx1je95\files\wandb-summary.json
2022-05-23 11:20:38,632 DEBUG   HandlerThread:12676 [handler.py:handle_request():141] handle_request: partial_history
2022-05-23 11:20:38,633 DEBUG   SenderThread:12676 [sender.py:send():232] send: history
2022-05-23 11:20:38,633 DEBUG   SenderThread:12676 [sender.py:send():232] send: summary
2022-05-23 11:20:38,634 INFO    SenderThread:12676 [sender.py:_save_file():948] saving file wandb-summary.json with policy end
2022-05-23 11:20:38,665 INFO    Thread-11 :12676 [dir_watcher.py:_on_file_modified():257] file/dir modified: C:\Projects\Code\Neurals\wandb\run-20220523_111927-1hx1je95\files\wandb-summary.json
2022-05-23 11:20:38,666 INFO    Thread-11 :12676 [dir_watcher.py:_on_file_modified():257] file/dir modified: C:\Projects\Code\Neurals\wandb\run-20220523_111927-1hx1je95\files\output.log
2022-05-23 11:20:40,678 INFO    Thread-11 :12676 [dir_watcher.py:_on_file_modified():257] file/dir modified: C:\Projects\Code\Neurals\wandb\run-20220523_111927-1hx1je95\files\output.log
2022-05-23 11:20:41,485 DEBUG   HandlerThread:12676 [handler.py:handle_request():141] handle_request: partial_history
2022-05-23 11:20:41,486 DEBUG   SenderThread:12676 [sender.py:send():232] send: history
2022-05-23 11:20:41,486 DEBUG   SenderThread:12676 [sender.py:send():232] send: summary
2022-05-23 11:20:41,487 INFO    SenderThread:12676 [sender.py:_save_file():948] saving file wandb-summary.json with policy end
2022-05-23 11:20:41,681 INFO    Thread-11 :12676 [dir_watcher.py:_on_file_modified():257] file/dir modified: C:\Projects\Code\Neurals\wandb\run-20220523_111927-1hx1je95\files\wandb-summary.json
2022-05-23 11:20:42,688 INFO    Thread-11 :12676 [dir_watcher.py:_on_file_modified():257] file/dir modified: C:\Projects\Code\Neurals\wandb\run-20220523_111927-1hx1je95\files\output.log
2022-05-23 11:20:44,322 DEBUG   HandlerThread:12676 [handler.py:handle_request():141] handle_request: partial_history
2022-05-23 11:20:44,323 DEBUG   SenderThread:12676 [sender.py:send():232] send: history
2022-05-23 11:20:44,323 DEBUG   SenderThread:12676 [sender.py:send():232] send: summary
2022-05-23 11:20:44,323 INFO    SenderThread:12676 [sender.py:_save_file():948] saving file wandb-summary.json with policy end
2022-05-23 11:20:44,694 INFO    Thread-11 :12676 [dir_watcher.py:_on_file_modified():257] file/dir modified: C:\Projects\Code\Neurals\wandb\run-20220523_111927-1hx1je95\files\wandb-summary.json
2022-05-23 11:20:46,704 INFO    Thread-11 :12676 [dir_watcher.py:_on_file_modified():257] file/dir modified: C:\Projects\Code\Neurals\wandb\run-20220523_111927-1hx1je95\files\output.log
2022-05-23 11:20:47,132 DEBUG   HandlerThread:12676 [handler.py:handle_request():141] handle_request: partial_history
2022-05-23 11:20:47,133 DEBUG   SenderThread:12676 [sender.py:send():232] send: history
2022-05-23 11:20:47,133 DEBUG   SenderThread:12676 [sender.py:send():232] send: summary
2022-05-23 11:20:47,136 INFO    SenderThread:12676 [sender.py:_save_file():948] saving file wandb-summary.json with policy end
2022-05-23 11:20:47,705 INFO    Thread-11 :12676 [dir_watcher.py:_on_file_modified():257] file/dir modified: C:\Projects\Code\Neurals\wandb\run-20220523_111927-1hx1je95\files\wandb-summary.json
2022-05-23 11:20:48,227 DEBUG   HandlerThread:12676 [handler.py:handle_request():141] handle_request: stop_status
2022-05-23 11:20:48,227 DEBUG   SenderThread:12676 [sender.py:send_request():246] send_request: stop_status
2022-05-23 11:20:48,706 INFO    Thread-11 :12676 [dir_watcher.py:_on_file_modified():257] file/dir modified: C:\Projects\Code\Neurals\wandb\run-20220523_111927-1hx1je95\files\output.log
2022-05-23 11:20:49,962 DEBUG   HandlerThread:12676 [handler.py:handle_request():141] handle_request: partial_history
2022-05-23 11:20:49,963 DEBUG   SenderThread:12676 [sender.py:send():232] send: history
2022-05-23 11:20:49,963 DEBUG   SenderThread:12676 [sender.py:send():232] send: summary
2022-05-23 11:20:49,964 INFO    SenderThread:12676 [sender.py:_save_file():948] saving file wandb-summary.json with policy end
2022-05-23 11:20:50,713 INFO    Thread-11 :12676 [dir_watcher.py:_on_file_modified():257] file/dir modified: C:\Projects\Code\Neurals\wandb\run-20220523_111927-1hx1je95\files\wandb-summary.json
2022-05-23 11:20:52,664 DEBUG   HandlerThread:12676 [handler.py:handle_request():141] handle_request: partial_history
2022-05-23 11:20:52,665 DEBUG   SenderThread:12676 [sender.py:send():232] send: history
2022-05-23 11:20:52,665 DEBUG   SenderThread:12676 [sender.py:send():232] send: summary
2022-05-23 11:20:52,666 INFO    SenderThread:12676 [sender.py:_save_file():948] saving file wandb-summary.json with policy end
2022-05-23 11:20:52,721 INFO    Thread-11 :12676 [dir_watcher.py:_on_file_modified():257] file/dir modified: C:\Projects\Code\Neurals\wandb\run-20220523_111927-1hx1je95\files\wandb-summary.json
2022-05-23 11:20:52,721 INFO    Thread-11 :12676 [dir_watcher.py:_on_file_modified():257] file/dir modified: C:\Projects\Code\Neurals\wandb\run-20220523_111927-1hx1je95\files\output.log
2022-05-23 11:20:54,730 INFO    Thread-11 :12676 [dir_watcher.py:_on_file_modified():257] file/dir modified: C:\Projects\Code\Neurals\wandb\run-20220523_111927-1hx1je95\files\output.log
2022-05-23 11:20:55,397 DEBUG   HandlerThread:12676 [handler.py:handle_request():141] handle_request: partial_history
2022-05-23 11:20:55,398 DEBUG   SenderThread:12676 [sender.py:send():232] send: history
2022-05-23 11:20:55,398 DEBUG   SenderThread:12676 [sender.py:send():232] send: summary
2022-05-23 11:20:55,399 INFO    SenderThread:12676 [sender.py:_save_file():948] saving file wandb-summary.json with policy end
2022-05-23 11:20:55,732 INFO    Thread-11 :12676 [dir_watcher.py:_on_file_modified():257] file/dir modified: C:\Projects\Code\Neurals\wandb\run-20220523_111927-1hx1je95\files\wandb-summary.json
2022-05-23 11:20:56,737 INFO    Thread-11 :12676 [dir_watcher.py:_on_file_modified():257] file/dir modified: C:\Projects\Code\Neurals\wandb\run-20220523_111927-1hx1je95\files\output.log
2022-05-23 11:20:58,272 DEBUG   HandlerThread:12676 [handler.py:handle_request():141] handle_request: partial_history
2022-05-23 11:20:58,273 DEBUG   SenderThread:12676 [sender.py:send():232] send: history
2022-05-23 11:20:58,273 DEBUG   SenderThread:12676 [sender.py:send():232] send: summary
2022-05-23 11:20:58,275 INFO    SenderThread:12676 [sender.py:_save_file():948] saving file wandb-summary.json with policy end
2022-05-23 11:20:58,742 INFO    Thread-11 :12676 [dir_watcher.py:_on_file_modified():257] file/dir modified: C:\Projects\Code\Neurals\wandb\run-20220523_111927-1hx1je95\files\wandb-summary.json
2022-05-23 11:21:00,762 INFO    Thread-11 :12676 [dir_watcher.py:_on_file_modified():257] file/dir modified: C:\Projects\Code\Neurals\wandb\run-20220523_111927-1hx1je95\files\output.log
2022-05-23 11:21:01,110 DEBUG   HandlerThread:12676 [handler.py:handle_request():141] handle_request: partial_history
2022-05-23 11:21:01,111 DEBUG   SenderThread:12676 [sender.py:send():232] send: history
2022-05-23 11:21:01,111 DEBUG   SenderThread:12676 [sender.py:send():232] send: summary
2022-05-23 11:21:01,111 INFO    SenderThread:12676 [sender.py:_save_file():948] saving file wandb-summary.json with policy end
2022-05-23 11:21:01,764 INFO    Thread-11 :12676 [dir_watcher.py:_on_file_modified():257] file/dir modified: C:\Projects\Code\Neurals\wandb\run-20220523_111927-1hx1je95\files\wandb-summary.json
2022-05-23 11:21:02,779 INFO    Thread-11 :12676 [dir_watcher.py:_on_file_modified():257] file/dir modified: C:\Projects\Code\Neurals\wandb\run-20220523_111927-1hx1je95\files\output.log
2022-05-23 11:21:03,513 DEBUG   HandlerThread:12676 [handler.py:handle_request():141] handle_request: stop_status
2022-05-23 11:21:03,513 DEBUG   SenderThread:12676 [sender.py:send_request():246] send_request: stop_status
2022-05-23 11:21:03,923 DEBUG   HandlerThread:12676 [handler.py:handle_request():141] handle_request: partial_history
2022-05-23 11:21:03,934 DEBUG   SenderThread:12676 [sender.py:send():232] send: history
2022-05-23 11:21:03,935 DEBUG   SenderThread:12676 [sender.py:send():232] send: summary
2022-05-23 11:21:03,937 INFO    SenderThread:12676 [sender.py:_save_file():948] saving file wandb-summary.json with policy end
2022-05-23 11:21:04,785 INFO    Thread-11 :12676 [dir_watcher.py:_on_file_modified():257] file/dir modified: C:\Projects\Code\Neurals\wandb\run-20220523_111927-1hx1je95\files\wandb-summary.json
2022-05-23 11:21:06,795 INFO    Thread-11 :12676 [dir_watcher.py:_on_file_modified():257] file/dir modified: C:\Projects\Code\Neurals\wandb\run-20220523_111927-1hx1je95\files\output.log
2022-05-23 11:21:06,854 DEBUG   HandlerThread:12676 [handler.py:handle_request():141] handle_request: partial_history
2022-05-23 11:21:06,854 DEBUG   SenderThread:12676 [sender.py:send():232] send: history
2022-05-23 11:21:06,855 DEBUG   SenderThread:12676 [sender.py:send():232] send: summary
2022-05-23 11:21:06,855 INFO    SenderThread:12676 [sender.py:_save_file():948] saving file wandb-summary.json with policy end
2022-05-23 11:21:07,796 INFO    Thread-11 :12676 [dir_watcher.py:_on_file_modified():257] file/dir modified: C:\Projects\Code\Neurals\wandb\run-20220523_111927-1hx1je95\files\wandb-summary.json
2022-05-23 11:21:08,801 INFO    Thread-11 :12676 [dir_watcher.py:_on_file_modified():257] file/dir modified: C:\Projects\Code\Neurals\wandb\run-20220523_111927-1hx1je95\files\output.log
2022-05-23 11:21:09,698 DEBUG   HandlerThread:12676 [handler.py:handle_request():141] handle_request: partial_history
2022-05-23 11:21:09,700 DEBUG   SenderThread:12676 [sender.py:send():232] send: history
2022-05-23 11:21:09,700 DEBUG   SenderThread:12676 [sender.py:send():232] send: summary
2022-05-23 11:21:09,702 INFO    SenderThread:12676 [sender.py:_save_file():948] saving file wandb-summary.json with policy end
2022-05-23 11:21:09,804 INFO    Thread-11 :12676 [dir_watcher.py:_on_file_modified():257] file/dir modified: C:\Projects\Code\Neurals\wandb\run-20220523_111927-1hx1je95\files\wandb-summary.json
2022-05-23 11:21:10,101 DEBUG   SenderThread:12676 [sender.py:send():232] send: stats
2022-05-23 11:21:12,341 DEBUG   HandlerThread:12676 [handler.py:handle_request():141] handle_request: partial_history
2022-05-23 11:21:12,342 DEBUG   SenderThread:12676 [sender.py:send():232] send: history
2022-05-23 11:21:12,342 DEBUG   SenderThread:12676 [sender.py:send():232] send: summary
2022-05-23 11:21:12,343 INFO    SenderThread:12676 [sender.py:_save_file():948] saving file wandb-summary.json with policy end
2022-05-23 11:21:12,810 INFO    Thread-11 :12676 [dir_watcher.py:_on_file_modified():257] file/dir modified: C:\Projects\Code\Neurals\wandb\run-20220523_111927-1hx1je95\files\wandb-summary.json
2022-05-23 11:21:12,811 INFO    Thread-11 :12676 [dir_watcher.py:_on_file_modified():257] file/dir modified: C:\Projects\Code\Neurals\wandb\run-20220523_111927-1hx1je95\files\output.log
2022-05-23 11:21:14,816 INFO    Thread-11 :12676 [dir_watcher.py:_on_file_modified():257] file/dir modified: C:\Projects\Code\Neurals\wandb\run-20220523_111927-1hx1je95\files\output.log
2022-05-23 11:21:15,097 DEBUG   HandlerThread:12676 [handler.py:handle_request():141] handle_request: partial_history
2022-05-23 11:21:15,099 DEBUG   SenderThread:12676 [sender.py:send():232] send: history
2022-05-23 11:21:15,099 DEBUG   SenderThread:12676 [sender.py:send():232] send: summary
2022-05-23 11:21:15,100 INFO    SenderThread:12676 [sender.py:_save_file():948] saving file wandb-summary.json with policy end
2022-05-23 11:21:15,819 INFO    Thread-11 :12676 [dir_watcher.py:_on_file_modified():257] file/dir modified: C:\Projects\Code\Neurals\wandb\run-20220523_111927-1hx1je95\files\wandb-summary.json
2022-05-23 11:21:16,823 INFO    Thread-11 :12676 [dir_watcher.py:_on_file_modified():257] file/dir modified: C:\Projects\Code\Neurals\wandb\run-20220523_111927-1hx1je95\files\output.log
2022-05-23 11:21:17,981 DEBUG   HandlerThread:12676 [handler.py:handle_request():141] handle_request: partial_history
2022-05-23 11:21:17,982 DEBUG   SenderThread:12676 [sender.py:send():232] send: history
2022-05-23 11:21:17,982 DEBUG   SenderThread:12676 [sender.py:send():232] send: summary
2022-05-23 11:21:17,983 INFO    SenderThread:12676 [sender.py:_save_file():948] saving file wandb-summary.json with policy end
2022-05-23 11:21:18,846 INFO    Thread-11 :12676 [dir_watcher.py:_on_file_modified():257] file/dir modified: C:\Projects\Code\Neurals\wandb\run-20220523_111927-1hx1je95\files\wandb-summary.json
2022-05-23 11:21:18,945 DEBUG   HandlerThread:12676 [handler.py:handle_request():141] handle_request: stop_status
2022-05-23 11:21:18,945 DEBUG   SenderThread:12676 [sender.py:send_request():246] send_request: stop_status
2022-05-23 11:21:19,861 INFO    Thread-11 :12676 [dir_watcher.py:_on_file_modified():257] file/dir modified: C:\Projects\Code\Neurals\wandb\run-20220523_111927-1hx1je95\files\output.log
2022-05-23 11:21:20,823 DEBUG   HandlerThread:12676 [handler.py:handle_request():141] handle_request: partial_history
2022-05-23 11:21:20,823 DEBUG   SenderThread:12676 [sender.py:send():232] send: history
2022-05-23 11:21:20,824 DEBUG   SenderThread:12676 [sender.py:send():232] send: summary
2022-05-23 11:21:20,825 INFO    SenderThread:12676 [sender.py:_save_file():948] saving file wandb-summary.json with policy end
2022-05-23 11:21:20,864 INFO    Thread-11 :12676 [dir_watcher.py:_on_file_modified():257] file/dir modified: C:\Projects\Code\Neurals\wandb\run-20220523_111927-1hx1je95\files\wandb-summary.json
2022-05-23 11:21:21,868 INFO    Thread-11 :12676 [dir_watcher.py:_on_file_modified():257] file/dir modified: C:\Projects\Code\Neurals\wandb\run-20220523_111927-1hx1je95\files\output.log
2022-05-23 11:21:23,676 DEBUG   HandlerThread:12676 [handler.py:handle_request():141] handle_request: partial_history
2022-05-23 11:21:23,676 DEBUG   SenderThread:12676 [sender.py:send():232] send: history
2022-05-23 11:21:23,677 DEBUG   SenderThread:12676 [sender.py:send():232] send: summary
2022-05-23 11:21:23,677 INFO    SenderThread:12676 [sender.py:_save_file():948] saving file wandb-summary.json with policy end
2022-05-23 11:21:23,875 INFO    Thread-11 :12676 [dir_watcher.py:_on_file_modified():257] file/dir modified: C:\Projects\Code\Neurals\wandb\run-20220523_111927-1hx1je95\files\wandb-summary.json
2022-05-23 11:21:25,887 INFO    Thread-11 :12676 [dir_watcher.py:_on_file_modified():257] file/dir modified: C:\Projects\Code\Neurals\wandb\run-20220523_111927-1hx1je95\files\output.log
2022-05-23 11:21:26,513 DEBUG   HandlerThread:12676 [handler.py:handle_request():141] handle_request: partial_history
2022-05-23 11:21:26,514 DEBUG   SenderThread:12676 [sender.py:send():232] send: history
2022-05-23 11:21:26,514 DEBUG   SenderThread:12676 [sender.py:send():232] send: summary
2022-05-23 11:21:26,515 INFO    SenderThread:12676 [sender.py:_save_file():948] saving file wandb-summary.json with policy end
2022-05-23 11:21:26,892 INFO    Thread-11 :12676 [dir_watcher.py:_on_file_modified():257] file/dir modified: C:\Projects\Code\Neurals\wandb\run-20220523_111927-1hx1je95\files\wandb-summary.json
2022-05-23 11:21:27,895 INFO    Thread-11 :12676 [dir_watcher.py:_on_file_modified():257] file/dir modified: C:\Projects\Code\Neurals\wandb\run-20220523_111927-1hx1je95\files\output.log
2022-05-23 11:21:29,360 DEBUG   HandlerThread:12676 [handler.py:handle_request():141] handle_request: partial_history
2022-05-23 11:21:29,360 DEBUG   SenderThread:12676 [sender.py:send():232] send: history
2022-05-23 11:21:29,361 DEBUG   SenderThread:12676 [sender.py:send():232] send: summary
2022-05-23 11:21:29,361 INFO    SenderThread:12676 [sender.py:_save_file():948] saving file wandb-summary.json with policy end
2022-05-23 11:21:29,925 INFO    Thread-11 :12676 [dir_watcher.py:_on_file_modified():257] file/dir modified: C:\Projects\Code\Neurals\wandb\run-20220523_111927-1hx1je95\files\wandb-summary.json
2022-05-23 11:21:29,925 INFO    Thread-11 :12676 [dir_watcher.py:_on_file_modified():257] file/dir modified: C:\Projects\Code\Neurals\wandb\run-20220523_111927-1hx1je95\files\output.log
2022-05-23 11:21:32,325 DEBUG   HandlerThread:12676 [handler.py:handle_request():141] handle_request: partial_history
2022-05-23 11:21:32,325 DEBUG   SenderThread:12676 [sender.py:send():232] send: history
2022-05-23 11:21:32,326 DEBUG   SenderThread:12676 [sender.py:send():232] send: summary
2022-05-23 11:21:32,326 INFO    SenderThread:12676 [sender.py:_save_file():948] saving file wandb-summary.json with policy end
2022-05-23 11:21:32,937 INFO    Thread-11 :12676 [dir_watcher.py:_on_file_modified():257] file/dir modified: C:\Projects\Code\Neurals\wandb\run-20220523_111927-1hx1je95\files\wandb-summary.json
2022-05-23 11:21:33,941 INFO    Thread-11 :12676 [dir_watcher.py:_on_file_modified():257] file/dir modified: C:\Projects\Code\Neurals\wandb\run-20220523_111927-1hx1je95\files\output.log
2022-05-23 11:21:34,266 DEBUG   HandlerThread:12676 [handler.py:handle_request():141] handle_request: stop_status
2022-05-23 11:21:34,266 DEBUG   SenderThread:12676 [sender.py:send_request():246] send_request: stop_status
2022-05-23 11:21:35,317 DEBUG   HandlerThread:12676 [handler.py:handle_request():141] handle_request: partial_history
2022-05-23 11:21:35,319 DEBUG   SenderThread:12676 [sender.py:send():232] send: history
2022-05-23 11:21:35,319 DEBUG   SenderThread:12676 [sender.py:send():232] send: summary
2022-05-23 11:21:35,320 INFO    SenderThread:12676 [sender.py:_save_file():948] saving file wandb-summary.json with policy end
2022-05-23 11:21:35,959 INFO    Thread-11 :12676 [dir_watcher.py:_on_file_modified():257] file/dir modified: C:\Projects\Code\Neurals\wandb\run-20220523_111927-1hx1je95\files\wandb-summary.json
2022-05-23 11:21:35,959 INFO    Thread-11 :12676 [dir_watcher.py:_on_file_modified():257] file/dir modified: C:\Projects\Code\Neurals\wandb\run-20220523_111927-1hx1je95\files\output.log
2022-05-23 11:21:38,149 DEBUG   HandlerThread:12676 [handler.py:handle_request():141] handle_request: partial_history
2022-05-23 11:21:38,150 DEBUG   SenderThread:12676 [sender.py:send():232] send: history
2022-05-23 11:21:38,150 DEBUG   SenderThread:12676 [sender.py:send():232] send: summary
2022-05-23 11:21:38,151 INFO    SenderThread:12676 [sender.py:_save_file():948] saving file wandb-summary.json with policy end
2022-05-23 11:21:38,966 INFO    Thread-11 :12676 [dir_watcher.py:_on_file_modified():257] file/dir modified: C:\Projects\Code\Neurals\wandb\run-20220523_111927-1hx1je95\files\wandb-summary.json
2022-05-23 11:21:39,971 INFO    Thread-11 :12676 [dir_watcher.py:_on_file_modified():257] file/dir modified: C:\Projects\Code\Neurals\wandb\run-20220523_111927-1hx1je95\files\output.log
2022-05-23 11:21:41,141 DEBUG   HandlerThread:12676 [handler.py:handle_request():141] handle_request: partial_history
2022-05-23 11:21:41,142 DEBUG   SenderThread:12676 [sender.py:send():232] send: history
2022-05-23 11:21:41,142 DEBUG   SenderThread:12676 [sender.py:send():232] send: summary
2022-05-23 11:21:41,143 INFO    SenderThread:12676 [sender.py:_save_file():948] saving file wandb-summary.json with policy end
2022-05-23 11:21:41,982 INFO    Thread-11 :12676 [dir_watcher.py:_on_file_modified():257] file/dir modified: C:\Projects\Code\Neurals\wandb\run-20220523_111927-1hx1je95\files\wandb-summary.json
2022-05-23 11:21:41,982 INFO    Thread-11 :12676 [dir_watcher.py:_on_file_modified():257] file/dir modified: C:\Projects\Code\Neurals\wandb\run-20220523_111927-1hx1je95\files\output.log
2022-05-23 11:21:43,775 DEBUG   SenderThread:12676 [sender.py:send():232] send: stats
2022-05-23 11:21:44,455 DEBUG   HandlerThread:12676 [handler.py:handle_request():141] handle_request: partial_history
2022-05-23 11:21:44,456 DEBUG   SenderThread:12676 [sender.py:send():232] send: history
2022-05-23 11:21:44,457 DEBUG   SenderThread:12676 [sender.py:send():232] send: summary
2022-05-23 11:21:44,457 INFO    SenderThread:12676 [sender.py:_save_file():948] saving file wandb-summary.json with policy end
2022-05-23 11:21:44,998 INFO    Thread-11 :12676 [dir_watcher.py:_on_file_modified():257] file/dir modified: C:\Projects\Code\Neurals\wandb\run-20220523_111927-1hx1je95\files\wandb-summary.json
2022-05-23 11:21:46,016 INFO    Thread-11 :12676 [dir_watcher.py:_on_file_modified():257] file/dir modified: C:\Projects\Code\Neurals\wandb\run-20220523_111927-1hx1je95\files\output.log
2022-05-23 11:21:47,430 DEBUG   HandlerThread:12676 [handler.py:handle_request():141] handle_request: partial_history
2022-05-23 11:21:47,431 DEBUG   SenderThread:12676 [sender.py:send():232] send: history
2022-05-23 11:21:47,431 DEBUG   SenderThread:12676 [sender.py:send():232] send: summary
2022-05-23 11:21:47,431 INFO    SenderThread:12676 [sender.py:_save_file():948] saving file wandb-summary.json with policy end
2022-05-23 11:21:48,038 INFO    Thread-11 :12676 [dir_watcher.py:_on_file_modified():257] file/dir modified: C:\Projects\Code\Neurals\wandb\run-20220523_111927-1hx1je95\files\wandb-summary.json
2022-05-23 11:21:48,038 INFO    Thread-11 :12676 [dir_watcher.py:_on_file_modified():257] file/dir modified: C:\Projects\Code\Neurals\wandb\run-20220523_111927-1hx1je95\files\output.log
2022-05-23 11:21:49,556 DEBUG   HandlerThread:12676 [handler.py:handle_request():141] handle_request: stop_status
2022-05-23 11:21:49,556 DEBUG   SenderThread:12676 [sender.py:send_request():246] send_request: stop_status
2022-05-23 11:21:50,157 DEBUG   HandlerThread:12676 [handler.py:handle_request():141] handle_request: partial_history
2022-05-23 11:21:50,158 DEBUG   SenderThread:12676 [sender.py:send():232] send: history
2022-05-23 11:21:50,159 DEBUG   SenderThread:12676 [sender.py:send():232] send: summary
2022-05-23 11:21:50,162 INFO    SenderThread:12676 [sender.py:_save_file():948] saving file wandb-summary.json with policy end
2022-05-23 11:21:51,050 INFO    Thread-11 :12676 [dir_watcher.py:_on_file_modified():257] file/dir modified: C:\Projects\Code\Neurals\wandb\run-20220523_111927-1hx1je95\files\wandb-summary.json
2022-05-23 11:21:52,053 INFO    Thread-11 :12676 [dir_watcher.py:_on_file_modified():257] file/dir modified: C:\Projects\Code\Neurals\wandb\run-20220523_111927-1hx1je95\files\output.log
2022-05-23 11:21:52,994 DEBUG   HandlerThread:12676 [handler.py:handle_request():141] handle_request: partial_history
2022-05-23 11:21:52,994 DEBUG   SenderThread:12676 [sender.py:send():232] send: history
2022-05-23 11:21:52,995 DEBUG   SenderThread:12676 [sender.py:send():232] send: summary
2022-05-23 11:21:52,995 INFO    SenderThread:12676 [sender.py:_save_file():948] saving file wandb-summary.json with policy end
2022-05-23 11:21:53,058 INFO    Thread-11 :12676 [dir_watcher.py:_on_file_modified():257] file/dir modified: C:\Projects\Code\Neurals\wandb\run-20220523_111927-1hx1je95\files\wandb-summary.json
2022-05-23 11:21:54,063 INFO    Thread-11 :12676 [dir_watcher.py:_on_file_modified():257] file/dir modified: C:\Projects\Code\Neurals\wandb\run-20220523_111927-1hx1je95\files\output.log
2022-05-23 11:21:55,999 DEBUG   HandlerThread:12676 [handler.py:handle_request():141] handle_request: partial_history
2022-05-23 11:21:56,000 DEBUG   SenderThread:12676 [sender.py:send():232] send: history
2022-05-23 11:21:56,000 DEBUG   SenderThread:12676 [sender.py:send():232] send: summary
2022-05-23 11:21:56,001 INFO    SenderThread:12676 [sender.py:_save_file():948] saving file wandb-summary.json with policy end
2022-05-23 11:21:56,074 INFO    Thread-11 :12676 [dir_watcher.py:_on_file_modified():257] file/dir modified: C:\Projects\Code\Neurals\wandb\run-20220523_111927-1hx1je95\files\wandb-summary.json
2022-05-23 11:21:58,080 INFO    Thread-11 :12676 [dir_watcher.py:_on_file_modified():257] file/dir modified: C:\Projects\Code\Neurals\wandb\run-20220523_111927-1hx1je95\files\output.log
