2022-05-23 01:32:48,109 INFO    MainThread:21068 [wandb_setup.py:_flush():76] Loading settings from C:\Users\Maxim N\.config\wandb\settings
2022-05-23 01:32:48,110 INFO    MainThread:21068 [wandb_setup.py:_flush():76] Loading settings from C:\Projects\Code\Neurals\wandb\settings
2022-05-23 01:32:48,110 INFO    MainThread:21068 [wandb_setup.py:_flush():76] Loading settings from environment variables: {}
2022-05-23 01:32:48,110 INFO    MainThread:21068 [wandb_setup.py:_flush():76] Inferring run settings from compute environment: {'program_relpath': 'testing.py', 'program': 'C:\\Projects\\Code\\Neurals\\testing.py'}
2022-05-23 01:32:48,110 INFO    MainThread:21068 [wandb_init.py:_log_setup():428] Logging user logs to C:\Projects\Code\Neurals\wandb\run-20220523_013248-l7puor58\logs\debug.log
2022-05-23 01:32:48,119 INFO    MainThread:21068 [wandb_init.py:_log_setup():429] Logging internal logs to C:\Projects\Code\Neurals\wandb\run-20220523_013248-l7puor58\logs\debug-internal.log
2022-05-23 01:32:48,119 INFO    MainThread:21068 [wandb_init.py:init():462] calling init triggers
2022-05-23 01:32:48,119 INFO    MainThread:21068 [wandb_init.py:init():465] wandb.init called with sweep_config: {}
config: {}
2022-05-23 01:32:48,119 INFO    MainThread:21068 [wandb_init.py:init():515] starting backend
2022-05-23 01:32:48,119 INFO    MainThread:21068 [backend.py:_multiprocessing_setup():97] multiprocessing start_methods=spawn, using: spawn
2022-05-23 01:32:48,125 INFO    MainThread:21068 [backend.py:ensure_launched():217] starting backend process...
2022-05-23 01:32:48,273 INFO    MainThread:21068 [backend.py:ensure_launched():222] started backend process with pid: 13104
2022-05-23 01:32:48,274 INFO    MainThread:21068 [wandb_init.py:init():525] backend started and connected
2022-05-23 01:32:48,278 INFO    MainThread:21068 [wandb_init.py:init():596] updated telemetry
2022-05-23 01:32:48,284 INFO    MainThread:21068 [wandb_init.py:init():627] communicating run to backend with 30 second timeout
2022-05-23 01:32:50,277 INFO    MainThread:21068 [wandb_run.py:_on_init():1924] communicating current version
2022-05-23 01:32:50,343 INFO    MainThread:21068 [wandb_run.py:_on_init():1928] got version response 
2022-05-23 01:32:50,344 INFO    MainThread:21068 [wandb_init.py:init():662] starting run threads in backend
2022-05-23 01:32:52,382 INFO    MainThread:21068 [wandb_run.py:_console_start():1898] atexit reg
2022-05-23 01:32:52,382 INFO    MainThread:21068 [wandb_run.py:_redirect():1771] redirect: SettingsConsole.WRAP
2022-05-23 01:32:52,383 INFO    MainThread:21068 [wandb_run.py:_redirect():1808] Wrapping output streams.
2022-05-23 01:32:52,385 INFO    MainThread:21068 [wandb_run.py:_redirect():1832] Redirects installed.
2022-05-23 01:32:52,385 INFO    MainThread:21068 [wandb_init.py:init():688] run started, returning control to user process
