2022-05-23 11:07:00,296 INFO    MainThread:13052 [wandb_setup.py:_flush():76] Loading settings from C:\Users\Maxim N\.config\wandb\settings
2022-05-23 11:07:00,296 INFO    MainThread:13052 [wandb_setup.py:_flush():76] Loading settings from C:\Projects\Code\Neurals\wandb\settings
2022-05-23 11:07:00,297 INFO    MainThread:13052 [wandb_setup.py:_flush():76] Loading settings from environment variables: {}
2022-05-23 11:07:00,297 INFO    MainThread:13052 [wandb_setup.py:_flush():76] Inferring run settings from compute environment: {'program_relpath': 'testing.py', 'program': 'C:\\Projects\\Code\\Neurals\\testing.py'}
2022-05-23 11:07:00,297 INFO    MainThread:13052 [wandb_init.py:_log_setup():428] Logging user logs to C:\Projects\Code\Neurals\wandb\run-20220523_110700-35q8e7af\logs\debug.log
2022-05-23 11:07:00,297 INFO    MainThread:13052 [wandb_init.py:_log_setup():429] Logging internal logs to C:\Projects\Code\Neurals\wandb\run-20220523_110700-35q8e7af\logs\debug-internal.log
2022-05-23 11:07:00,297 INFO    MainThread:13052 [wandb_init.py:init():462] calling init triggers
2022-05-23 11:07:00,297 INFO    MainThread:13052 [wandb_init.py:init():465] wandb.init called with sweep_config: {}
config: {}
2022-05-23 11:07:00,297 INFO    MainThread:13052 [wandb_init.py:init():515] starting backend
2022-05-23 11:07:00,297 INFO    MainThread:13052 [backend.py:_multiprocessing_setup():97] multiprocessing start_methods=spawn, using: spawn
2022-05-23 11:07:00,321 INFO    MainThread:13052 [backend.py:ensure_launched():217] starting backend process...
2022-05-23 11:07:00,641 INFO    MainThread:13052 [backend.py:ensure_launched():222] started backend process with pid: 6060
2022-05-23 11:07:00,643 INFO    MainThread:13052 [wandb_init.py:init():525] backend started and connected
2022-05-23 11:07:00,647 INFO    MainThread:13052 [wandb_init.py:init():596] updated telemetry
2022-05-23 11:07:00,699 INFO    MainThread:13052 [wandb_init.py:init():627] communicating run to backend with 30 second timeout
2022-05-23 11:07:04,233 INFO    MainThread:13052 [wandb_run.py:_on_init():1924] communicating current version
2022-05-23 11:07:04,476 INFO    MainThread:13052 [wandb_run.py:_on_init():1928] got version response 
2022-05-23 11:07:04,476 INFO    MainThread:13052 [wandb_init.py:init():662] starting run threads in backend
2022-05-23 11:07:07,841 INFO    MainThread:13052 [wandb_run.py:_console_start():1898] atexit reg
2022-05-23 11:07:07,844 INFO    MainThread:13052 [wandb_run.py:_redirect():1771] redirect: SettingsConsole.WRAP
2022-05-23 11:07:07,844 INFO    MainThread:13052 [wandb_run.py:_redirect():1808] Wrapping output streams.
2022-05-23 11:07:07,847 INFO    MainThread:13052 [wandb_run.py:_redirect():1832] Redirects installed.
2022-05-23 11:07:07,847 INFO    MainThread:13052 [wandb_init.py:init():688] run started, returning control to user process
2022-05-23 11:18:03,714 INFO    MainThread:13052 [wandb_run.py:_atexit_cleanup():1867] got exitcode: 1
2022-05-23 11:18:03,715 INFO    MainThread:13052 [wandb_run.py:_restore():1839] restore
2022-05-23 11:18:04,304 INFO    MainThread:13052 [wandb_run.py:_on_finish():1996] got exit ret: file_counts {
  wandb_count: 1
}
pusher_stats {
  uploaded_bytes: 565
  total_bytes: 565
}

2022-05-23 11:18:04,717 INFO    MainThread:13052 [wandb_run.py:_on_finish():1996] got exit ret: file_counts {
  wandb_count: 1
}
pusher_stats {
  uploaded_bytes: 565
  total_bytes: 565
}

2022-05-23 11:18:04,964 INFO    MainThread:13052 [wandb_run.py:_on_finish():1996] got exit ret: file_counts {
  wandb_count: 4
}
pusher_stats {
  uploaded_bytes: 565
  total_bytes: 682199
}

2022-05-23 11:18:05,066 INFO    MainThread:13052 [wandb_run.py:_on_finish():1996] got exit ret: file_counts {
  wandb_count: 5
}
pusher_stats {
  uploaded_bytes: 565
  total_bytes: 682352
}

2022-05-23 11:18:05,168 INFO    MainThread:13052 [wandb_run.py:_on_finish():1996] got exit ret: file_counts {
  wandb_count: 5
}
pusher_stats {
  uploaded_bytes: 565
  total_bytes: 682352
}

2022-05-23 11:18:05,269 INFO    MainThread:13052 [wandb_run.py:_on_finish():1996] got exit ret: file_counts {
  wandb_count: 5
}
pusher_stats {
  uploaded_bytes: 565
  total_bytes: 682352
}

2022-05-23 11:18:05,371 INFO    MainThread:13052 [wandb_run.py:_on_finish():1996] got exit ret: file_counts {
  wandb_count: 5
}
pusher_stats {
  uploaded_bytes: 565
  total_bytes: 682352
}

2022-05-23 11:18:05,473 INFO    MainThread:13052 [wandb_run.py:_on_finish():1996] got exit ret: file_counts {
  wandb_count: 5
}
pusher_stats {
  uploaded_bytes: 121694
  total_bytes: 682352
}

2022-05-23 11:18:05,575 INFO    MainThread:13052 [wandb_run.py:_on_finish():1996] got exit ret: file_counts {
  wandb_count: 5
}
pusher_stats {
  uploaded_bytes: 682352
  total_bytes: 682352
}

2022-05-23 11:18:05,676 INFO    MainThread:13052 [wandb_run.py:_on_finish():1996] got exit ret: file_counts {
  wandb_count: 5
}
pusher_stats {
  uploaded_bytes: 682352
  total_bytes: 682352
}

2022-05-23 11:18:05,778 INFO    MainThread:13052 [wandb_run.py:_on_finish():1996] got exit ret: file_counts {
  wandb_count: 5
}
pusher_stats {
  uploaded_bytes: 682352
  total_bytes: 682352
}

2022-05-23 11:18:05,881 INFO    MainThread:13052 [wandb_run.py:_on_finish():1996] got exit ret: file_counts {
  wandb_count: 5
}
pusher_stats {
  uploaded_bytes: 682352
  total_bytes: 682352
}

2022-05-23 11:18:05,983 INFO    MainThread:13052 [wandb_run.py:_on_finish():1996] got exit ret: file_counts {
  wandb_count: 5
}
pusher_stats {
  uploaded_bytes: 682352
  total_bytes: 682352
}

2022-05-23 11:18:06,084 INFO    MainThread:13052 [wandb_run.py:_on_finish():1996] got exit ret: file_counts {
  wandb_count: 5
}
pusher_stats {
  uploaded_bytes: 682352
  total_bytes: 682352
}

2022-05-23 11:18:06,835 INFO    MainThread:13052 [wandb_run.py:_on_finish():1996] got exit ret: file_counts {
  wandb_count: 5
}
pusher_stats {
  uploaded_bytes: 682352
  total_bytes: 682352
}

2022-05-23 11:18:07,500 INFO    MainThread:13052 [wandb_run.py:_on_finish():1996] got exit ret: done: true
exit_result {
}
file_counts {
  wandb_count: 5
}
pusher_stats {
  uploaded_bytes: 682352
  total_bytes: 682352
}
local_info {
}

2022-05-23 11:18:08,930 INFO    MainThread:13052 [wandb_run.py:_footer_history_summary_info():3104] rendering history
2022-05-23 11:18:08,931 INFO    MainThread:13052 [wandb_run.py:_footer_history_summary_info():3136] rendering summary
2022-05-23 11:18:08,935 INFO    MainThread:13052 [wandb_run.py:_footer_sync_info():3060] logging synced files
