2022-05-23 01:30:33,864 INFO    MainThread:12472 [internal.py:wandb_internal():90] W&B internal server running at pid: 12472, started at: 2022-05-23 01:30:33.863272
2022-05-23 01:30:33,868 INFO    WriterThread:12472 [datastore.py:open_for_write():75] open: C:\Projects\Code\Neurals\wandb\run-20220523_013031-15ltx6i0\run-15ltx6i0.wandb
2022-05-23 01:30:33,877 DEBUG   SenderThread:12472 [sender.py:send():232] send: header
2022-05-23 01:30:33,877 DEBUG   SenderThread:12472 [sender.py:send():232] send: run
2022-05-23 01:30:34,203 DEBUG   HandlerThread:12472 [handler.py:handle_request():141] handle_request: check_version
2022-05-23 01:30:34,206 INFO    SenderThread:12472 [dir_watcher.py:__init__():197] watching files in: C:\Projects\Code\Neurals\wandb\run-20220523_013031-15ltx6i0\files
2022-05-23 01:30:34,206 INFO    SenderThread:12472 [sender.py:_start_run_threads():811] run started: 15ltx6i0 with start time 1653233431
2022-05-23 01:30:34,206 DEBUG   SenderThread:12472 [sender.py:send():232] send: summary
2022-05-23 01:30:34,207 INFO    SenderThread:12472 [sender.py:_save_file():948] saving file wandb-summary.json with policy end
2022-05-23 01:30:34,208 DEBUG   SenderThread:12472 [sender.py:send_request():246] send_request: check_version
2022-05-23 01:30:34,273 DEBUG   HandlerThread:12472 [handler.py:handle_request():141] handle_request: run_start
2022-05-23 01:30:35,211 INFO    Thread-11 :12472 [dir_watcher.py:_on_file_created():244] file/dir created: C:\Projects\Code\Neurals\wandb\run-20220523_013031-15ltx6i0\files\wandb-summary.json
2022-05-23 01:30:36,458 DEBUG   HandlerThread:12472 [meta.py:__init__():35] meta init
2022-05-23 01:30:36,458 DEBUG   HandlerThread:12472 [meta.py:__init__():49] meta init done
2022-05-23 01:30:36,458 DEBUG   HandlerThread:12472 [meta.py:probe():209] probe
2022-05-23 01:30:36,479 DEBUG   HandlerThread:12472 [git.py:repo():29] git repository is invalid
2022-05-23 01:30:36,479 DEBUG   HandlerThread:12472 [meta.py:_save_pip():53] save pip
2022-05-23 01:30:36,480 DEBUG   HandlerThread:12472 [meta.py:_save_pip():67] save pip done
2022-05-23 01:30:36,480 DEBUG   HandlerThread:12472 [meta.py:probe():247] probe done
2022-05-23 01:30:36,492 DEBUG   SenderThread:12472 [sender.py:send():232] send: files
2022-05-23 01:30:36,493 INFO    SenderThread:12472 [sender.py:_save_file():948] saving file wandb-metadata.json with policy now
2022-05-23 01:30:36,504 DEBUG   HandlerThread:12472 [handler.py:handle_request():141] handle_request: stop_status
2022-05-23 01:30:36,505 DEBUG   SenderThread:12472 [sender.py:send_request():246] send_request: stop_status
2022-05-23 01:30:36,805 DEBUG   SenderThread:12472 [sender.py:send():232] send: telemetry
2022-05-23 01:30:36,852 DEBUG   SenderThread:12472 [sender.py:send():232] send: telemetry
2022-05-23 01:30:37,238 INFO    Thread-11 :12472 [dir_watcher.py:_on_file_created():244] file/dir created: C:\Projects\Code\Neurals\wandb\run-20220523_013031-15ltx6i0\files\wandb-metadata.json
2022-05-23 01:30:37,239 INFO    Thread-11 :12472 [dir_watcher.py:_on_file_created():244] file/dir created: C:\Projects\Code\Neurals\wandb\run-20220523_013031-15ltx6i0\files\output.log
2022-05-23 01:30:37,239 INFO    Thread-11 :12472 [dir_watcher.py:_on_file_created():244] file/dir created: C:\Projects\Code\Neurals\wandb\run-20220523_013031-15ltx6i0\files\requirements.txt
2022-05-23 01:30:37,335 INFO    Thread-15 :12472 [upload_job.py:push():132] Uploaded file C:\Users\MAXIMN~1\AppData\Local\Temp\tmpin4lnor1wandb\2mash0cj-wandb-metadata.json
2022-05-23 01:30:37,533 DEBUG   SenderThread:12472 [sender.py:send():232] send: exit
2022-05-23 01:30:37,533 INFO    SenderThread:12472 [sender.py:send_exit():368] handling exit code: 1
2022-05-23 01:30:37,533 INFO    SenderThread:12472 [sender.py:send_exit():370] handling runtime: 3
2022-05-23 01:30:37,534 DEBUG   HandlerThread:12472 [handler.py:handle_request():141] handle_request: poll_exit
2022-05-23 01:30:37,534 INFO    SenderThread:12472 [sender.py:_save_file():948] saving file wandb-summary.json with policy end
2022-05-23 01:30:37,534 INFO    SenderThread:12472 [sender.py:send_exit():376] send defer
2022-05-23 01:30:37,535 DEBUG   SenderThread:12472 [sender.py:send_request():246] send_request: poll_exit
2022-05-23 01:30:37,535 DEBUG   HandlerThread:12472 [handler.py:handle_request():141] handle_request: defer
2022-05-23 01:30:37,535 INFO    HandlerThread:12472 [handler.py:handle_request_defer():164] handle defer: 0
2022-05-23 01:30:37,536 DEBUG   SenderThread:12472 [sender.py:send_request():246] send_request: defer
2022-05-23 01:30:37,536 INFO    SenderThread:12472 [sender.py:send_request_defer():385] handle sender defer: 0
2022-05-23 01:30:37,536 INFO    SenderThread:12472 [sender.py:transition_state():389] send defer: 1
2022-05-23 01:30:37,537 DEBUG   HandlerThread:12472 [handler.py:handle_request():141] handle_request: defer
2022-05-23 01:30:37,537 INFO    HandlerThread:12472 [handler.py:handle_request_defer():164] handle defer: 1
2022-05-23 01:30:37,581 DEBUG   SenderThread:12472 [sender.py:send_request():246] send_request: defer
2022-05-23 01:30:37,581 INFO    SenderThread:12472 [sender.py:send_request_defer():385] handle sender defer: 1
2022-05-23 01:30:37,581 INFO    SenderThread:12472 [sender.py:transition_state():389] send defer: 2
2022-05-23 01:30:37,581 DEBUG   SenderThread:12472 [sender.py:send():232] send: stats
2022-05-23 01:30:37,582 DEBUG   HandlerThread:12472 [handler.py:handle_request():141] handle_request: defer
2022-05-23 01:30:37,582 INFO    HandlerThread:12472 [handler.py:handle_request_defer():164] handle defer: 2
2022-05-23 01:30:37,582 DEBUG   SenderThread:12472 [sender.py:send_request():246] send_request: defer
2022-05-23 01:30:37,582 INFO    SenderThread:12472 [sender.py:send_request_defer():385] handle sender defer: 2
2022-05-23 01:30:37,582 INFO    SenderThread:12472 [sender.py:transition_state():389] send defer: 3
2022-05-23 01:30:37,584 DEBUG   HandlerThread:12472 [handler.py:handle_request():141] handle_request: defer
2022-05-23 01:30:37,584 INFO    HandlerThread:12472 [handler.py:handle_request_defer():164] handle defer: 3
2022-05-23 01:30:37,584 DEBUG   SenderThread:12472 [sender.py:send_request():246] send_request: defer
2022-05-23 01:30:37,584 INFO    SenderThread:12472 [sender.py:send_request_defer():385] handle sender defer: 3
2022-05-23 01:30:37,585 INFO    SenderThread:12472 [sender.py:transition_state():389] send defer: 4
2022-05-23 01:30:37,585 DEBUG   HandlerThread:12472 [handler.py:handle_request():141] handle_request: defer
2022-05-23 01:30:37,585 INFO    HandlerThread:12472 [handler.py:handle_request_defer():164] handle defer: 4
2022-05-23 01:30:37,586 DEBUG   SenderThread:12472 [sender.py:send():232] send: summary
2022-05-23 01:30:37,586 INFO    SenderThread:12472 [sender.py:_save_file():948] saving file wandb-summary.json with policy end
2022-05-23 01:30:37,587 DEBUG   SenderThread:12472 [sender.py:send_request():246] send_request: defer
2022-05-23 01:30:37,587 INFO    SenderThread:12472 [sender.py:send_request_defer():385] handle sender defer: 4
2022-05-23 01:30:37,587 INFO    SenderThread:12472 [sender.py:transition_state():389] send defer: 5
2022-05-23 01:30:37,587 DEBUG   HandlerThread:12472 [handler.py:handle_request():141] handle_request: defer
2022-05-23 01:30:37,587 INFO    HandlerThread:12472 [handler.py:handle_request_defer():164] handle defer: 5
2022-05-23 01:30:37,588 DEBUG   SenderThread:12472 [sender.py:send_request():246] send_request: defer
2022-05-23 01:30:37,588 INFO    SenderThread:12472 [sender.py:send_request_defer():385] handle sender defer: 5
2022-05-23 01:30:37,637 DEBUG   HandlerThread:12472 [handler.py:handle_request():141] handle_request: poll_exit
2022-05-23 01:30:37,914 INFO    SenderThread:12472 [sender.py:transition_state():389] send defer: 6
2022-05-23 01:30:37,914 DEBUG   SenderThread:12472 [sender.py:send_request():246] send_request: poll_exit
2022-05-23 01:30:37,915 DEBUG   HandlerThread:12472 [handler.py:handle_request():141] handle_request: defer
2022-05-23 01:30:37,915 INFO    HandlerThread:12472 [handler.py:handle_request_defer():164] handle defer: 6
2022-05-23 01:30:37,915 DEBUG   SenderThread:12472 [sender.py:send_request():246] send_request: defer
2022-05-23 01:30:37,915 INFO    SenderThread:12472 [sender.py:send_request_defer():385] handle sender defer: 6
2022-05-23 01:30:37,916 INFO    SenderThread:12472 [dir_watcher.py:finish():312] shutting down directory watcher
2022-05-23 01:30:38,017 DEBUG   HandlerThread:12472 [handler.py:handle_request():141] handle_request: poll_exit
2022-05-23 01:30:38,245 INFO    SenderThread:12472 [dir_watcher.py:_on_file_modified():257] file/dir modified: C:\Projects\Code\Neurals\wandb\run-20220523_013031-15ltx6i0\files\wandb-summary.json
2022-05-23 01:30:38,245 INFO    SenderThread:12472 [dir_watcher.py:_on_file_modified():257] file/dir modified: C:\Projects\Code\Neurals\wandb\run-20220523_013031-15ltx6i0\files\output.log
2022-05-23 01:30:38,246 INFO    SenderThread:12472 [dir_watcher.py:_on_file_modified():257] file/dir modified: C:\Projects\Code\Neurals\wandb\run-20220523_013031-15ltx6i0\files\config.yaml
2022-05-23 01:30:38,246 INFO    SenderThread:12472 [dir_watcher.py:finish():342] scan: C:\Projects\Code\Neurals\wandb\run-20220523_013031-15ltx6i0\files
2022-05-23 01:30:38,246 INFO    SenderThread:12472 [dir_watcher.py:finish():356] scan save: C:\Projects\Code\Neurals\wandb\run-20220523_013031-15ltx6i0\files\config.yaml config.yaml
2022-05-23 01:30:38,247 INFO    SenderThread:12472 [dir_watcher.py:finish():356] scan save: C:\Projects\Code\Neurals\wandb\run-20220523_013031-15ltx6i0\files\output.log output.log
2022-05-23 01:30:38,247 INFO    SenderThread:12472 [dir_watcher.py:finish():356] scan save: C:\Projects\Code\Neurals\wandb\run-20220523_013031-15ltx6i0\files\requirements.txt requirements.txt
2022-05-23 01:30:38,250 INFO    SenderThread:12472 [dir_watcher.py:finish():356] scan save: C:\Projects\Code\Neurals\wandb\run-20220523_013031-15ltx6i0\files\wandb-metadata.json wandb-metadata.json
2022-05-23 01:30:38,251 INFO    SenderThread:12472 [dir_watcher.py:finish():356] scan save: C:\Projects\Code\Neurals\wandb\run-20220523_013031-15ltx6i0\files\wandb-summary.json wandb-summary.json
2022-05-23 01:30:38,255 INFO    SenderThread:12472 [sender.py:transition_state():389] send defer: 7
2022-05-23 01:30:38,256 DEBUG   SenderThread:12472 [sender.py:send_request():246] send_request: poll_exit
2022-05-23 01:30:38,258 DEBUG   HandlerThread:12472 [handler.py:handle_request():141] handle_request: defer
2022-05-23 01:30:38,258 INFO    HandlerThread:12472 [handler.py:handle_request_defer():164] handle defer: 7
2022-05-23 01:30:38,261 DEBUG   SenderThread:12472 [sender.py:send_request():246] send_request: defer
2022-05-23 01:30:38,262 INFO    SenderThread:12472 [sender.py:send_request_defer():385] handle sender defer: 7
2022-05-23 01:30:38,262 INFO    SenderThread:12472 [file_pusher.py:finish():145] shutting down file pusher
2022-05-23 01:30:38,358 DEBUG   HandlerThread:12472 [handler.py:handle_request():141] handle_request: poll_exit
2022-05-23 01:30:38,358 DEBUG   SenderThread:12472 [sender.py:send_request():246] send_request: poll_exit
2022-05-23 01:30:38,459 DEBUG   HandlerThread:12472 [handler.py:handle_request():141] handle_request: poll_exit
2022-05-23 01:30:38,459 DEBUG   SenderThread:12472 [sender.py:send_request():246] send_request: poll_exit
2022-05-23 01:30:38,560 DEBUG   HandlerThread:12472 [handler.py:handle_request():141] handle_request: poll_exit
2022-05-23 01:30:38,560 DEBUG   SenderThread:12472 [sender.py:send_request():246] send_request: poll_exit
2022-05-23 01:30:38,663 DEBUG   HandlerThread:12472 [handler.py:handle_request():141] handle_request: poll_exit
2022-05-23 01:30:38,663 DEBUG   SenderThread:12472 [sender.py:send_request():246] send_request: poll_exit
2022-05-23 01:30:38,766 DEBUG   HandlerThread:12472 [handler.py:handle_request():141] handle_request: poll_exit
2022-05-23 01:30:38,766 DEBUG   SenderThread:12472 [sender.py:send_request():246] send_request: poll_exit
2022-05-23 01:30:38,868 DEBUG   HandlerThread:12472 [handler.py:handle_request():141] handle_request: poll_exit
2022-05-23 01:30:38,868 DEBUG   SenderThread:12472 [sender.py:send_request():246] send_request: poll_exit
2022-05-23 01:30:38,969 DEBUG   HandlerThread:12472 [handler.py:handle_request():141] handle_request: poll_exit
2022-05-23 01:30:38,969 DEBUG   SenderThread:12472 [sender.py:send_request():246] send_request: poll_exit
2022-05-23 01:30:39,046 INFO    Thread-18 :12472 [upload_job.py:push():132] Uploaded file C:\Projects\Code\Neurals\wandb\run-20220523_013031-15ltx6i0\files\requirements.txt
2022-05-23 01:30:39,051 INFO    Thread-17 :12472 [upload_job.py:push():132] Uploaded file C:\Projects\Code\Neurals\wandb\run-20220523_013031-15ltx6i0\files\output.log
2022-05-23 01:30:39,071 DEBUG   HandlerThread:12472 [handler.py:handle_request():141] handle_request: poll_exit
2022-05-23 01:30:39,072 DEBUG   SenderThread:12472 [sender.py:send_request():246] send_request: poll_exit
2022-05-23 01:30:39,084 INFO    Thread-16 :12472 [upload_job.py:push():132] Uploaded file C:\Projects\Code\Neurals\wandb\run-20220523_013031-15ltx6i0\files\config.yaml
2022-05-23 01:30:39,085 INFO    Thread-19 :12472 [upload_job.py:push():132] Uploaded file C:\Projects\Code\Neurals\wandb\run-20220523_013031-15ltx6i0\files\wandb-summary.json
2022-05-23 01:30:39,173 DEBUG   HandlerThread:12472 [handler.py:handle_request():141] handle_request: poll_exit
2022-05-23 01:30:39,173 DEBUG   SenderThread:12472 [sender.py:send_request():246] send_request: poll_exit
2022-05-23 01:30:39,275 DEBUG   HandlerThread:12472 [handler.py:handle_request():141] handle_request: poll_exit
2022-05-23 01:30:39,275 DEBUG   SenderThread:12472 [sender.py:send_request():246] send_request: poll_exit
2022-05-23 01:30:39,289 INFO    Thread-10 :12472 [sender.py:transition_state():389] send defer: 8
2022-05-23 01:30:39,289 DEBUG   HandlerThread:12472 [handler.py:handle_request():141] handle_request: defer
2022-05-23 01:30:39,290 INFO    HandlerThread:12472 [handler.py:handle_request_defer():164] handle defer: 8
2022-05-23 01:30:39,290 DEBUG   SenderThread:12472 [sender.py:send_request():246] send_request: defer
2022-05-23 01:30:39,290 INFO    SenderThread:12472 [sender.py:send_request_defer():385] handle sender defer: 8
2022-05-23 01:30:39,377 DEBUG   HandlerThread:12472 [handler.py:handle_request():141] handle_request: poll_exit
2022-05-23 01:30:40,005 INFO    SenderThread:12472 [sender.py:transition_state():389] send defer: 9
2022-05-23 01:30:40,005 DEBUG   SenderThread:12472 [sender.py:send_request():246] send_request: poll_exit
2022-05-23 01:30:40,006 DEBUG   HandlerThread:12472 [handler.py:handle_request():141] handle_request: defer
2022-05-23 01:30:40,006 INFO    HandlerThread:12472 [handler.py:handle_request_defer():164] handle defer: 9
2022-05-23 01:30:40,006 DEBUG   SenderThread:12472 [sender.py:send_request():246] send_request: defer
2022-05-23 01:30:40,006 INFO    SenderThread:12472 [sender.py:send_request_defer():385] handle sender defer: 9
2022-05-23 01:30:40,007 INFO    SenderThread:12472 [sender.py:transition_state():389] send defer: 10
2022-05-23 01:30:40,008 DEBUG   HandlerThread:12472 [handler.py:handle_request():141] handle_request: defer
2022-05-23 01:30:40,008 INFO    HandlerThread:12472 [handler.py:handle_request_defer():164] handle defer: 10
2022-05-23 01:30:40,008 DEBUG   SenderThread:12472 [sender.py:send():232] send: final
2022-05-23 01:30:40,008 DEBUG   SenderThread:12472 [sender.py:send():232] send: footer
2022-05-23 01:30:40,008 DEBUG   SenderThread:12472 [sender.py:send_request():246] send_request: defer
2022-05-23 01:30:40,009 INFO    SenderThread:12472 [sender.py:send_request_defer():385] handle sender defer: 10
2022-05-23 01:30:40,109 DEBUG   HandlerThread:12472 [handler.py:handle_request():141] handle_request: poll_exit
2022-05-23 01:30:40,109 DEBUG   SenderThread:12472 [sender.py:send_request():246] send_request: poll_exit
2022-05-23 01:30:40,109 INFO    SenderThread:12472 [file_pusher.py:join():150] waiting for file pusher
2022-05-23 01:30:40,742 DEBUG   HandlerThread:12472 [handler.py:handle_request():141] handle_request: sampled_history
2022-05-23 01:30:40,743 DEBUG   HandlerThread:12472 [handler.py:handle_request():141] handle_request: get_summary
2022-05-23 01:30:40,744 DEBUG   HandlerThread:12472 [handler.py:handle_request():141] handle_request: shutdown
2022-05-23 01:30:40,744 INFO    HandlerThread:12472 [handler.py:finish():806] shutting down handler
2022-05-23 01:30:41,013 INFO    WriterThread:12472 [datastore.py:close():279] close: C:\Projects\Code\Neurals\wandb\run-20220523_013031-15ltx6i0\run-15ltx6i0.wandb
2022-05-23 01:30:41,657 INFO    SenderThread:12472 [sender.py:finish():1110] shutting down sender
2022-05-23 01:30:41,657 INFO    SenderThread:12472 [file_pusher.py:finish():145] shutting down file pusher
2022-05-23 01:30:41,657 INFO    SenderThread:12472 [file_pusher.py:join():150] waiting for file pusher
2022-05-23 01:30:41,659 INFO    MainThread:12472 [internal.py:handle_exit():80] Internal process exited
