 ****** Running generation 0 ******
Ntime = 0
Utime = 0
Runlength = 0
Warning: initial_connection = full with hidden nodes will not do direct input-output connections;
	if this is desired, set initial_connection = full_nodirect;
	if not, set initial_connection = full_direct
Warning: initial_connection = full with hidden nodes will not do direct input-output connections;
	if this is desired, set initial_connection = full_nodirect;
	if not, set initial_connection = full_direct
Warning: initial_connection = full with hidden nodes will not do direct input-output connections;
	if this is desired, set initial_connection = full_nodirect;
	if not, set initial_connection = full_direct
Warning: initial_connection = full with hidden nodes will not do direct input-output connections;
	if this is desired, set initial_connection = full_nodirect;
	if not, set initial_connection = full_direct
Warning: initial_connection = full with hidden nodes will not do direct input-output connections;
	if this is desired, set initial_connection = full_nodirect;
	if not, set initial_connection = full_direct
Warning: initial_connection = full with hidden nodes will not do direct input-output connections;
	if this is desired, set initial_connection = full_nodirect;
	if not, set initial_connection = full_direct
Warning: initial_connection = full with hidden nodes will not do direct input-output connections;
	if this is desired, set initial_connection = full_nodirect;
	if not, set initial_connection = full_direct
Warning: initial_connection = full with hidden nodes will not do direct input-output connections;
	if this is desired, set initial_connection = full_nodirect;
	if not, set initial_connection = full_direct
Warning: initial_connection = full with hidden nodes will not do direct input-output connections;
	if this is desired, set initial_connection = full_nodirect;
	if not, set initial_connection = full_direct
Warning: initial_connection = full with hidden nodes will not do direct input-output connections;
	if this is desired, set initial_connection = full_nodirect;
	if not, set initial_connection = full_direct
Warning: initial_connection = full with hidden nodes will not do direct input-output connections;
	if this is desired, set initial_connection = full_nodirect;
	if not, set initial_connection = full_direct
Warning: initial_connection = full with hidden nodes will not do direct input-output connections;
	if this is desired, set initial_connection = full_nodirect;
	if not, set initial_connection = full_direct
Warning: initial_connection = full with hidden nodes will not do direct input-output connections;
	if this is desired, set initial_connection = full_nodirect;
	if not, set initial_connection = full_direct
Warning: initial_connection = full with hidden nodes will not do direct input-output connections;
	if this is desired, set initial_connection = full_nodirect;
	if not, set initial_connection = full_direct
Warning: initial_connection = full with hidden nodes will not do direct input-output connections;
	if this is desired, set initial_connection = full_nodirect;
	if not, set initial_connection = full_direct
Warning: initial_connection = full with hidden nodes will not do direct input-output connections;
	if this is desired, set initial_connection = full_nodirect;
	if not, set initial_connection = full_direct
Warning: initial_connection = full with hidden nodes will not do direct input-output connections;
	if this is desired, set initial_connection = full_nodirect;
	if not, set initial_connection = full_direct
Warning: initial_connection = full with hidden nodes will not do direct input-output connections;
	if this is desired, set initial_connection = full_nodirect;
	if not, set initial_connection = full_direct
Warning: initial_connection = full with hidden nodes will not do direct input-output connections;
	if this is desired, set initial_connection = full_nodirect;
	if not, set initial_connection = full_direct
Warning: initial_connection = full with hidden nodes will not do direct input-output connections;
	if this is desired, set initial_connection = full_nodirect;
	if not, set initial_connection = full_direct
Warning: initial_connection = full with hidden nodes will not do direct input-output connections;
	if this is desired, set initial_connection = full_nodirect;
	if not, set initial_connection = full_direct
Warning: initial_connection = full with hidden nodes will not do direct input-output connections;
	if this is desired, set initial_connection = full_nodirect;
	if not, set initial_connection = full_direct
Warning: initial_connection = full with hidden nodes will not do direct input-output connections;
	if this is desired, set initial_connection = full_nodirect;
	if not, set initial_connection = full_direct
Warning: initial_connection = full with hidden nodes will not do direct input-output connections;
	if this is desired, set initial_connection = full_nodirect;
	if not, set initial_connection = full_direct
Warning: initial_connection = full with hidden nodes will not do direct input-output connections;
	if this is desired, set initial_connection = full_nodirect;
	if not, set initial_connection = full_direct
Warning: initial_connection = full with hidden nodes will not do direct input-output connections;
	if this is desired, set initial_connection = full_nodirect;
	if not, set initial_connection = full_direct
Warning: initial_connection = full with hidden nodes will not do direct input-output connections;
	if this is desired, set initial_connection = full_nodirect;
	if not, set initial_connection = full_direct
Warning: initial_connection = full with hidden nodes will not do direct input-output connections;
	if this is desired, set initial_connection = full_nodirect;
	if not, set initial_connection = full_direct
Warning: initial_connection = full with hidden nodes will not do direct input-output connections;
	if this is desired, set initial_connection = full_nodirect;
	if not, set initial_connection = full_direct
Warning: initial_connection = full with hidden nodes will not do direct input-output connections;
	if this is desired, set initial_connection = full_nodirect;
	if not, set initial_connection = full_direct
Warning: initial_connection = full with hidden nodes will not do direct input-output connections;
	if this is desired, set initial_connection = full_nodirect;
	if not, set initial_connection = full_direct
Warning: initial_connection = full with hidden nodes will not do direct input-output connections;
	if this is desired, set initial_connection = full_nodirect;
	if not, set initial_connection = full_direct
Warning: initial_connection = full with hidden nodes will not do direct input-output connections;
	if this is desired, set initial_connection = full_nodirect;
	if not, set initial_connection = full_direct
Warning: initial_connection = full with hidden nodes will not do direct input-output connections;
	if this is desired, set initial_connection = full_nodirect;
	if not, set initial_connection = full_direct
Warning: initial_connection = full with hidden nodes will not do direct input-output connections;
	if this is desired, set initial_connection = full_nodirect;
	if not, set initial_connection = full_direct
Warning: initial_connection = full with hidden nodes will not do direct input-output connections;
	if this is desired, set initial_connection = full_nodirect;
	if not, set initial_connection = full_direct
Warning: initial_connection = full with hidden nodes will not do direct input-output connections;
	if this is desired, set initial_connection = full_nodirect;
	if not, set initial_connection = full_direct
Warning: initial_connection = full with hidden nodes will not do direct input-output connections;
	if this is desired, set initial_connection = full_nodirect;
	if not, set initial_connection = full_direct
Warning: initial_connection = full with hidden nodes will not do direct input-output connections;
	if this is desired, set initial_connection = full_nodirect;
	if not, set initial_connection = full_direct
Warning: initial_connection = full with hidden nodes will not do direct input-output connections;
	if this is desired, set initial_connection = full_nodirect;
	if not, set initial_connection = full_direct
Warning: initial_connection = full with hidden nodes will not do direct input-output connections;
	if this is desired, set initial_connection = full_nodirect;
	if not, set initial_connection = full_direct
Warning: initial_connection = full with hidden nodes will not do direct input-output connections;
	if this is desired, set initial_connection = full_nodirect;
	if not, set initial_connection = full_direct
Warning: initial_connection = full with hidden nodes will not do direct input-output connections;
	if this is desired, set initial_connection = full_nodirect;
	if not, set initial_connection = full_direct
Warning: initial_connection = full with hidden nodes will not do direct input-output connections;
	if this is desired, set initial_connection = full_nodirect;
	if not, set initial_connection = full_direct
Warning: initial_connection = full with hidden nodes will not do direct input-output connections;
	if this is desired, set initial_connection = full_nodirect;
	if not, set initial_connection = full_direct
Warning: initial_connection = full with hidden nodes will not do direct input-output connections;
	if this is desired, set initial_connection = full_nodirect;
	if not, set initial_connection = full_direct
Warning: initial_connection = full with hidden nodes will not do direct input-output connections;
	if this is desired, set initial_connection = full_nodirect;
	if not, set initial_connection = full_direct
Warning: initial_connection = full with hidden nodes will not do direct input-output connections;
	if this is desired, set initial_connection = full_nodirect;
	if not, set initial_connection = full_direct
Warning: initial_connection = full with hidden nodes will not do direct input-output connections;
	if this is desired, set initial_connection = full_nodirect;
	if not, set initial_connection = full_direct
Warning: initial_connection = full with hidden nodes will not do direct input-output connections;
	if this is desired, set initial_connection = full_nodirect;
	if not, set initial_connection = full_direct
Warning: initial_connection = full with hidden nodes will not do direct input-output connections;
	if this is desired, set initial_connection = full_nodirect;
	if not, set initial_connection = full_direct
Warning: initial_connection = full with hidden nodes will not do direct input-output connections;
	if this is desired, set initial_connection = full_nodirect;
	if not, set initial_connection = full_direct
Warning: initial_connection = full with hidden nodes will not do direct input-output connections;
	if this is desired, set initial_connection = full_nodirect;
	if not, set initial_connection = full_direct
Warning: initial_connection = full with hidden nodes will not do direct input-output connections;
	if this is desired, set initial_connection = full_nodirect;
	if not, set initial_connection = full_direct
Warning: initial_connection = full with hidden nodes will not do direct input-output connections;
	if this is desired, set initial_connection = full_nodirect;
	if not, set initial_connection = full_direct
Warning: initial_connection = full with hidden nodes will not do direct input-output connections;
	if this is desired, set initial_connection = full_nodirect;
	if not, set initial_connection = full_direct
Warning: initial_connection = full with hidden nodes will not do direct input-output connections;
	if this is desired, set initial_connection = full_nodirect;
	if not, set initial_connection = full_direct
Warning: initial_connection = full with hidden nodes will not do direct input-output connections;
	if this is desired, set initial_connection = full_nodirect;
	if not, set initial_connection = full_direct
Warning: initial_connection = full with hidden nodes will not do direct input-output connections;
	if this is desired, set initial_connection = full_nodirect;
	if not, set initial_connection = full_direct
Warning: initial_connection = full with hidden nodes will not do direct input-output connections;
	if this is desired, set initial_connection = full_nodirect;
	if not, set initial_connection = full_direct
Warning: initial_connection = full with hidden nodes will not do direct input-output connections;
	if this is desired, set initial_connection = full_nodirect;
	if not, set initial_connection = full_direct
Warning: initial_connection = full with hidden nodes will not do direct input-output connections;
	if this is desired, set initial_connection = full_nodirect;
	if not, set initial_connection = full_direct
Warning: initial_connection = full with hidden nodes will not do direct input-output connections;
	if this is desired, set initial_connection = full_nodirect;
	if not, set initial_connection = full_direct
Warning: initial_connection = full with hidden nodes will not do direct input-output connections;
	if this is desired, set initial_connection = full_nodirect;
	if not, set initial_connection = full_direct
Warning: initial_connection = full with hidden nodes will not do direct input-output connections;
	if this is desired, set initial_connection = full_nodirect;
	if not, set initial_connection = full_direct
Warning: initial_connection = full with hidden nodes will not do direct input-output connections;
	if this is desired, set initial_connection = full_nodirect;
	if not, set initial_connection = full_direct
Warning: initial_connection = full with hidden nodes will not do direct input-output connections;
	if this is desired, set initial_connection = full_nodirect;
	if not, set initial_connection = full_direct
Warning: initial_connection = full with hidden nodes will not do direct input-output connections;
	if this is desired, set initial_connection = full_nodirect;
	if not, set initial_connection = full_direct
Warning: initial_connection = full with hidden nodes will not do direct input-output connections;
	if this is desired, set initial_connection = full_nodirect;
	if not, set initial_connection = full_direct
Warning: initial_connection = full with hidden nodes will not do direct input-output connections;
	if this is desired, set initial_connection = full_nodirect;
	if not, set initial_connection = full_direct
Warning: initial_connection = full with hidden nodes will not do direct input-output connections;
	if this is desired, set initial_connection = full_nodirect;
	if not, set initial_connection = full_direct
Warning: initial_connection = full with hidden nodes will not do direct input-output connections;
	if this is desired, set initial_connection = full_nodirect;
	if not, set initial_connection = full_direct
Warning: initial_connection = full with hidden nodes will not do direct input-output connections;
	if this is desired, set initial_connection = full_nodirect;
	if not, set initial_connection = full_direct
Warning: initial_connection = full with hidden nodes will not do direct input-output connections;
	if this is desired, set initial_connection = full_nodirect;
	if not, set initial_connection = full_direct
Warning: initial_connection = full with hidden nodes will not do direct input-output connections;
	if this is desired, set initial_connection = full_nodirect;
	if not, set initial_connection = full_direct
Warning: initial_connection = full with hidden nodes will not do direct input-output connections;
	if this is desired, set initial_connection = full_nodirect;
	if not, set initial_connection = full_direct
Warning: initial_connection = full with hidden nodes will not do direct input-output connections;
	if this is desired, set initial_connection = full_nodirect;
	if not, set initial_connection = full_direct
Warning: initial_connection = full with hidden nodes will not do direct input-output connections;
	if this is desired, set initial_connection = full_nodirect;
	if not, set initial_connection = full_direct
Warning: initial_connection = full with hidden nodes will not do direct input-output connections;
	if this is desired, set initial_connection = full_nodirect;
	if not, set initial_connection = full_direct
Warning: initial_connection = full with hidden nodes will not do direct input-output connections;
	if this is desired, set initial_connection = full_nodirect;
	if not, set initial_connection = full_direct
Warning: initial_connection = full with hidden nodes will not do direct input-output connections;
	if this is desired, set initial_connection = full_nodirect;
	if not, set initial_connection = full_direct
Warning: initial_connection = full with hidden nodes will not do direct input-output connections;
	if this is desired, set initial_connection = full_nodirect;
	if not, set initial_connection = full_direct
Warning: initial_connection = full with hidden nodes will not do direct input-output connections;
	if this is desired, set initial_connection = full_nodirect;
	if not, set initial_connection = full_direct
Warning: initial_connection = full with hidden nodes will not do direct input-output connections;
	if this is desired, set initial_connection = full_nodirect;
	if not, set initial_connection = full_direct
Warning: initial_connection = full with hidden nodes will not do direct input-output connections;
	if this is desired, set initial_connection = full_nodirect;
	if not, set initial_connection = full_direct
Warning: initial_connection = full with hidden nodes will not do direct input-output connections;
	if this is desired, set initial_connection = full_nodirect;
	if not, set initial_connection = full_direct
Warning: initial_connection = full with hidden nodes will not do direct input-output connections;
	if this is desired, set initial_connection = full_nodirect;
	if not, set initial_connection = full_direct
Warning: initial_connection = full with hidden nodes will not do direct input-output connections;
	if this is desired, set initial_connection = full_nodirect;
	if not, set initial_connection = full_direct
Warning: initial_connection = full with hidden nodes will not do direct input-output connections;
	if this is desired, set initial_connection = full_nodirect;
	if not, set initial_connection = full_direct
Warning: initial_connection = full with hidden nodes will not do direct input-output connections;
	if this is desired, set initial_connection = full_nodirect;
	if not, set initial_connection = full_direct
Warning: initial_connection = full with hidden nodes will not do direct input-output connections;
	if this is desired, set initial_connection = full_nodirect;
	if not, set initial_connection = full_direct
Warning: initial_connection = full with hidden nodes will not do direct input-output connections;
	if this is desired, set initial_connection = full_nodirect;
	if not, set initial_connection = full_direct
Warning: initial_connection = full with hidden nodes will not do direct input-output connections;
	if this is desired, set initial_connection = full_nodirect;
	if not, set initial_connection = full_direct
Warning: initial_connection = full with hidden nodes will not do direct input-output connections;
	if this is desired, set initial_connection = full_nodirect;
	if not, set initial_connection = full_direct
Warning: initial_connection = full with hidden nodes will not do direct input-output connections;
	if this is desired, set initial_connection = full_nodirect;
	if not, set initial_connection = full_direct
Warning: initial_connection = full with hidden nodes will not do direct input-output connections;
	if this is desired, set initial_connection = full_nodirect;
	if not, set initial_connection = full_direct
Warning: initial_connection = full with hidden nodes will not do direct input-output connections;
	if this is desired, set initial_connection = full_nodirect;
	if not, set initial_connection = full_direct
Warning: initial_connection = full with hidden nodes will not do direct input-output connections;
	if this is desired, set initial_connection = full_nodirect;
	if not, set initial_connection = full_direct
Warning: initial_connection = full with hidden nodes will not do direct input-output connections;
	if this is desired, set initial_connection = full_nodirect;
	if not, set initial_connection = full_direct
Warning: initial_connection = full with hidden nodes will not do direct input-output connections;
	if this is desired, set initial_connection = full_nodirect;
	if not, set initial_connection = full_direct
Warning: initial_connection = full with hidden nodes will not do direct input-output connections;
	if this is desired, set initial_connection = full_nodirect;
	if not, set initial_connection = full_direct
Warning: initial_connection = full with hidden nodes will not do direct input-output connections;
	if this is desired, set initial_connection = full_nodirect;
	if not, set initial_connection = full_direct
Warning: initial_connection = full with hidden nodes will not do direct input-output connections;
	if this is desired, set initial_connection = full_nodirect;
	if not, set initial_connection = full_direct
Warning: initial_connection = full with hidden nodes will not do direct input-output connections;
	if this is desired, set initial_connection = full_nodirect;
	if not, set initial_connection = full_direct
Warning: initial_connection = full with hidden nodes will not do direct input-output connections;
	if this is desired, set initial_connection = full_nodirect;
	if not, set initial_connection = full_direct
Warning: initial_connection = full with hidden nodes will not do direct input-output connections;
	if this is desired, set initial_connection = full_nodirect;
	if not, set initial_connection = full_direct
Warning: initial_connection = full with hidden nodes will not do direct input-output connections;
	if this is desired, set initial_connection = full_nodirect;
	if not, set initial_connection = full_direct
Warning: initial_connection = full with hidden nodes will not do direct input-output connections;
	if this is desired, set initial_connection = full_nodirect;
	if not, set initial_connection = full_direct
Warning: initial_connection = full with hidden nodes will not do direct input-output connections;
	if this is desired, set initial_connection = full_nodirect;
	if not, set initial_connection = full_direct
Warning: initial_connection = full with hidden nodes will not do direct input-output connections;
	if this is desired, set initial_connection = full_nodirect;
	if not, set initial_connection = full_direct
Warning: initial_connection = full with hidden nodes will not do direct input-output connections;
	if this is desired, set initial_connection = full_nodirect;
	if not, set initial_connection = full_direct
Warning: initial_connection = full with hidden nodes will not do direct input-output connections;
	if this is desired, set initial_connection = full_nodirect;
	if not, set initial_connection = full_direct
Warning: initial_connection = full with hidden nodes will not do direct input-output connections;
	if this is desired, set initial_connection = full_nodirect;
	if not, set initial_connection = full_direct
Warning: initial_connection = full with hidden nodes will not do direct input-output connections;
	if this is desired, set initial_connection = full_nodirect;
	if not, set initial_connection = full_direct
Warning: initial_connection = full with hidden nodes will not do direct input-output connections;
	if this is desired, set initial_connection = full_nodirect;
	if not, set initial_connection = full_direct
Warning: initial_connection = full with hidden nodes will not do direct input-output connections;
	if this is desired, set initial_connection = full_nodirect;
	if not, set initial_connection = full_direct
Warning: initial_connection = full with hidden nodes will not do direct input-output connections;
	if this is desired, set initial_connection = full_nodirect;
	if not, set initial_connection = full_direct
Warning: initial_connection = full with hidden nodes will not do direct input-output connections;
	if this is desired, set initial_connection = full_nodirect;
	if not, set initial_connection = full_direct
Warning: initial_connection = full with hidden nodes will not do direct input-output connections;
	if this is desired, set initial_connection = full_nodirect;
	if not, set initial_connection = full_direct
Warning: initial_connection = full with hidden nodes will not do direct input-output connections;
	if this is desired, set initial_connection = full_nodirect;
	if not, set initial_connection = full_direct
Warning: initial_connection = full with hidden nodes will not do direct input-output connections;
	if this is desired, set initial_connection = full_nodirect;
	if not, set initial_connection = full_direct
Warning: initial_connection = full with hidden nodes will not do direct input-output connections;
	if this is desired, set initial_connection = full_nodirect;
	if not, set initial_connection = full_direct
Warning: initial_connection = full with hidden nodes will not do direct input-output connections;
	if this is desired, set initial_connection = full_nodirect;
	if not, set initial_connection = full_direct
Warning: initial_connection = full with hidden nodes will not do direct input-output connections;
	if this is desired, set initial_connection = full_nodirect;
	if not, set initial_connection = full_direct
Warning: initial_connection = full with hidden nodes will not do direct input-output connections;
	if this is desired, set initial_connection = full_nodirect;
	if not, set initial_connection = full_direct
Warning: initial_connection = full with hidden nodes will not do direct input-output connections;
	if this is desired, set initial_connection = full_nodirect;
	if not, set initial_connection = full_direct
Warning: initial_connection = full with hidden nodes will not do direct input-output connections;
	if this is desired, set initial_connection = full_nodirect;
	if not, set initial_connection = full_direct
Warning: initial_connection = full with hidden nodes will not do direct input-output connections;
	if this is desired, set initial_connection = full_nodirect;
	if not, set initial_connection = full_direct
Warning: initial_connection = full with hidden nodes will not do direct input-output connections;
	if this is desired, set initial_connection = full_nodirect;
	if not, set initial_connection = full_direct
Warning: initial_connection = full with hidden nodes will not do direct input-output connections;
	if this is desired, set initial_connection = full_nodirect;
	if not, set initial_connection = full_direct
Warning: initial_connection = full with hidden nodes will not do direct input-output connections;
	if this is desired, set initial_connection = full_nodirect;
	if not, set initial_connection = full_direct
Warning: initial_connection = full with hidden nodes will not do direct input-output connections;
	if this is desired, set initial_connection = full_nodirect;
	if not, set initial_connection = full_direct
Warning: initial_connection = full with hidden nodes will not do direct input-output connections;
	if this is desired, set initial_connection = full_nodirect;
	if not, set initial_connection = full_direct
Warning: initial_connection = full with hidden nodes will not do direct input-output connections;
	if this is desired, set initial_connection = full_nodirect;
	if not, set initial_connection = full_direct
Warning: initial_connection = full with hidden nodes will not do direct input-output connections;
	if this is desired, set initial_connection = full_nodirect;
	if not, set initial_connection = full_direct
Warning: initial_connection = full with hidden nodes will not do direct input-output connections;
	if this is desired, set initial_connection = full_nodirect;
	if not, set initial_connection = full_direct
Warning: initial_connection = full with hidden nodes will not do direct input-output connections;
	if this is desired, set initial_connection = full_nodirect;
	if not, set initial_connection = full_direct
Warning: initial_connection = full with hidden nodes will not do direct input-output connections;
	if this is desired, set initial_connection = full_nodirect;
	if not, set initial_connection = full_direct
Warning: initial_connection = full with hidden nodes will not do direct input-output connections;
	if this is desired, set initial_connection = full_nodirect;
	if not, set initial_connection = full_direct
Warning: initial_connection = full with hidden nodes will not do direct input-output connections;
	if this is desired, set initial_connection = full_nodirect;
	if not, set initial_connection = full_direct
Warning: initial_connection = full with hidden nodes will not do direct input-output connections;
	if this is desired, set initial_connection = full_nodirect;
	if not, set initial_connection = full_direct
Warning: initial_connection = full with hidden nodes will not do direct input-output connections;
	if this is desired, set initial_connection = full_nodirect;
	if not, set initial_connection = full_direct
Warning: initial_connection = full with hidden nodes will not do direct input-output connections;
	if this is desired, set initial_connection = full_nodirect;
	if not, set initial_connection = full_direct
Warning: initial_connection = full with hidden nodes will not do direct input-output connections;
	if this is desired, set initial_connection = full_nodirect;
	if not, set initial_connection = full_direct
Warning: initial_connection = full with hidden nodes will not do direct input-output connections;
	if this is desired, set initial_connection = full_nodirect;
	if not, set initial_connection = full_direct
Warning: initial_connection = full with hidden nodes will not do direct input-output connections;
	if this is desired, set initial_connection = full_nodirect;
	if not, set initial_connection = full_direct
Warning: initial_connection = full with hidden nodes will not do direct input-output connections;
	if this is desired, set initial_connection = full_nodirect;
	if not, set initial_connection = full_direct
Warning: initial_connection = full with hidden nodes will not do direct input-output connections;
	if this is desired, set initial_connection = full_nodirect;
	if not, set initial_connection = full_direct
Warning: initial_connection = full with hidden nodes will not do direct input-output connections;
	if this is desired, set initial_connection = full_nodirect;
	if not, set initial_connection = full_direct
Warning: initial_connection = full with hidden nodes will not do direct input-output connections;
	if this is desired, set initial_connection = full_nodirect;
	if not, set initial_connection = full_direct
Run done
Enum done
Population's average fitness: 6.71722 stdev: 4.12506
Best fitness: 37.35512 - size: (6, 15) - species 37 - id 37
Average adjusted fitness: 0.138
Mean genetic distance 3.171, standard deviation 0.316
Population of 300 members in 150 species:
   ID   age  size  fitness  adj fit  stag
  ====  ===  ====  =======  =======  ====
     1    0     2      6.4    0.128     0
     2    0     2      4.8    0.084     0
     3    0     2      1.8    0.001     0
     4    0     2      5.4    0.101     0
     5    0     2      2.5    0.021     0
     6    0     2      1.8    0.000     0
     7    0     2     12.2    0.292     0
     8    0     2      7.1    0.148     0
     9    0     2      6.2    0.124     0
    10    0     2      2.2    0.010     0
    11    0     2      7.5    0.160     0
    12    0     2     10.0    0.231     0
    13    0     2      1.8    0.001     0
    14    0     2      5.7    0.109     0
    15    0     2     10.0    0.230     0
    16    0     2      1.8    0.000     0
    17    0     2      9.9    0.229     0
    18    0     2      7.6    0.164     0
    19    0     2      2.9    0.031     0
    20    0     2      5.4    0.102     0
    21    0     2     10.0    0.229     0
    22    0     2     10.0    0.231     0
    23    0     2      3.1    0.037     0
    24    0     2     10.0    0.230     0
    25    0     2      9.4    0.213     0
    26    0     2      1.8    0.000     0
    27    0     2      5.4    0.100     0
    28    0     2      1.8    0.000     0
    29    0     2     10.0    0.230     0
    30    0     2      2.1    0.008     0
    31    0     2      7.5    0.161     0
    32    0     2     10.0    0.230     0
    33    0     2      9.9    0.229     0
    34    0     2      6.6    0.136     0
    35    0     2      5.4    0.101     0
    36    0     2      6.7    0.139     0
    37    0     2     37.4    1.000     0
    38    0     2     10.0    0.229     0
    39    0     2     10.0    0.229     0
    40    0     2      2.2    0.010     0
    41    0     2      8.3    0.184     0
    42    0     2      7.5    0.161     0
    43    0     2      6.0    0.119     0
    44    0     2      9.2    0.209     0
    45    0     2      2.2    0.012     0
    46    0     2      9.9    0.229     0
    47    0     2     10.0    0.230     0
    48    0     2      5.1    0.092     0
    49    0     2      9.8    0.225     0
    50    0     2      5.4    0.100     0
    51    0     2      9.2    0.208     0
    52    0     2      7.8    0.168     0
    53    0     2     10.0    0.229     0
    54    0     2      7.1    0.149     0
    55    0     2      4.5    0.077     0
    56    0     2     10.0    0.231     0
    57    0     2      4.5    0.076     0
    58    0     2      1.8    0.001     0
    59    0     2     10.0    0.229     0
    60    0     2      8.5    0.188     0
    61    0     2      2.3    0.016     0
    62    0     2      4.6    0.080     0
    63    0     2      6.6    0.134     0
    64    0     2      5.4    0.100     0
    65    0     2      9.4    0.215     0
    66    0     2     11.2    0.264     0
    67    0     2      2.3    0.014     0
    68    0     2      9.9    0.229     0
    69    0     2     10.0    0.229     0
    70    0     2     10.6    0.248     0
    71    0     2      1.8    0.001     0
    72    0     2      2.9    0.032     0
    73    0     2      6.8    0.139     0
    74    0     2      3.7    0.054     0
    75    0     2      8.1    0.176     0
    76    0     2      5.8    0.112     0
    77    0     2      5.8    0.113     0
    78    0     2      5.3    0.100     0
    79    0     2      1.8    0.000     0
    80    0     2      1.8    0.001     0
    81    0     2     13.8    0.337     0
    82    0     2      9.8    0.226     0
    83    0     2      8.7    0.193     0
    84    0     2      1.8    0.001     0
    85    0     2      9.4    0.212     0
    86    0     2      5.6    0.107     0
    87    0     2      2.5    0.019     0
    88    0     2      7.5    0.160     0
    89    0     2     10.8    0.254     0
    90    0     2      4.0    0.062     0
    91    0     2     10.0    0.229     0
    92    0     2      3.9    0.059     0
    93    0     2     10.0    0.229     0
    94    0     2     10.0    0.229     0
    95    0     2      9.2    0.208     0
    96    0     2      5.0    0.089     0
    97    0     2      7.7    0.165     0
    98    0     2     15.5    0.385     0
    99    0     2     12.0    0.286     0
   100    0     2      7.2    0.152     0
   101    0     2     10.0    0.229     0
   102    0     2      5.7    0.110     0
   103    0     2      6.9    0.143     0
   104    0     2      9.9    0.229     0
   105    0     2      1.8    0.000     0
   106    0     2      1.8    0.000     0
   107    0     2      1.8    0.001     0
   108    0     2      2.5    0.019     0
   109    0     2     10.0    0.231     0
   110    0     2      5.8    0.112     0
   111    0     2      5.9    0.114     0
   112    0     2      6.8    0.142     0
   113    0     2      1.9    0.004     0
   114    0     2      3.8    0.056     0
   115    0     2      5.1    0.094     0
   116    0     2      3.8    0.056     0
   117    0     2      1.8    0.000     0
   118    0     2      5.7    0.109     0
   119    0     2     10.0    0.229     0
   120    0     2      6.8    0.139     0
   121    0     2      2.8    0.027     0
   122    0     2     13.9    0.340     0
   123    0     2      5.4    0.101     0
   124    0     2      7.7    0.165     0
   125    0     2      2.8    0.029     0
   126    0     2      6.3    0.126     0
   127    0     2      3.0    0.034     0
   128    0     2     10.0    0.229     0
   129    0     2      1.8    0.000     0
   130    0     2     11.6    0.275     0
   131    0     2     10.1    0.233     0
   132    0     2      6.7    0.139     0
   133    0     2      7.8    0.168     0
   134    0     2      8.2    0.181     0
   135    0     2      1.8    0.001     0
   136    0     2      1.8    0.000     0
   137    0     2      7.6    0.164     0
   138    0     2      1.8    0.000     0
   139    0     2     10.0    0.229     0
   140    0     2      5.6    0.108     0
   141    0     2      3.1    0.037     0
   142    0     2      8.1    0.177     0
   143    0     2      7.1    0.150     0
   144    0     2      5.8    0.114     0
   145    0     2      6.6    0.135     0
   146    0     2      1.9    0.003     0
   147    0     2      1.8    0.000     0
   148    0     2      9.7    0.222     0
   149    0     2     10.0    0.230     0
   150    0     2     10.0    0.229     0
Total extinctions: 0
Generation time: 3.374 sec
 ****** Running generation 1 ******
Ntime = 0.0
Utime = 1.6959261894226074
Runlength = 2.9753577709198
Run done
Enum done
Population's average fitness: 6.40806 stdev: 5.28784
Best fitness: 47.41831 - size: (6, 14) - species 80 - id 170
Average adjusted fitness: 0.133
Mean genetic distance 3.171, standard deviation 0.316
Population of 300 members in 150 species:
   ID   age  size  fitness  adj fit  stag
  ====  ===  ====  =======  =======  ====
     1    1     2      3.8    0.061     1
     2    1     2      9.9    0.148     0
     3    1     2      1.7    0.033     1
     4    1     2     10.0    0.169     0
     5    1     2      2.5    0.048     1
     6    1     2      3.2    0.049     0
     7    1     2      9.4    0.150     1
     8    1     2      9.3    0.150     0
     9    1     2      9.4    0.153     0
    10    1     2      2.3    0.039     0
    11    1     2     11.1    0.133     0
    12    1     2     10.0    0.180     1
    13    1     2      2.4    0.040     0
    14    1     2      6.0    0.081     0
    15    1     2     10.0    0.208     1
    16    1     2      1.6    0.032     1
    17    1     2     10.0    0.173     0
    18    1     2      7.1    0.105     1
    19    1     2      4.9    0.077     0
    20    1     2      7.1    0.137     0
    21    1     2      9.9    0.208     1
    22    1     2     12.7    0.238     0
    23    1     2     12.2    0.254     0
    24    1     2     10.2    0.211     0
    25    1     2      7.4    0.096     1
    26    1     2      9.0    0.110     0
    27    1     2      6.8    0.132     0
    28    1     2      1.6    0.032     1
    29    1     2     10.0    0.208     0
    30    1     2      6.3    0.092     0
    31    1     2      7.8    0.159     0
    32    1     2     10.1    0.209     0
    33    1     2      9.9    0.205     1
    34    1     2      6.7    0.126     0
    35    1     2      7.8    0.082     0
    36    1     2      6.8    0.122     0
    37    1     2     46.6    0.528     0
    38    1     2     10.0    0.206     1
    39    1     2     10.0    0.208     1
    40    1     2      2.3    0.042     0
    41    1     2      8.5    0.148     0
    42    1     2      5.7    0.114     1
    43    1     2      4.5    0.062     1
    44    1     2      4.8    0.067     1
    45    1     2      2.0    0.036     1
    46    1     2     10.0    0.175     0
    47    1     2     10.0    0.208     1
    48    1     2      3.9    0.056     1
    49    1     2     10.0    0.148     0
    50    1     2      5.9    0.111     0
    51    1     2      5.0    0.068     1
    52    1     2      8.5    0.139     0
    53    1     2     10.0    0.208     1
    54    1     2      5.3    0.086     1
    55    1     2      4.1    0.060     1
    56    1     2     10.0    0.209     1
    57    1     2      3.5    0.053     1
    58    1     2      3.4    0.051     0
    59    1     2     10.0    0.208     1
    60    1     2     14.4    0.203     0
    61    1     2      3.0    0.052     0
    62    1     2      6.0    0.104     0
    63    1     2      5.4    0.103     1
    64    1     2      5.9    0.123     0
    65    1     2     10.6    0.135     0
    66    1     2      8.5    0.126     1
    67    1     2      2.1    0.040     1
    68    1     2     10.0    0.125     0
    69    1     2     10.0    0.208     0
    70    1     2     12.2    0.232     0
    71    1     2     11.6    0.138     0
    72    1     2      2.6    0.050     1
    73    1     2      7.4    0.099     0
    74    1     2      4.9    0.079     0
    75    1     2      8.2    0.102     0
    76    1     2      7.4    0.145     0
    77    1     2      6.8    0.132     0
    78    1     2      5.9    0.062     0
    79    1     2      9.9    0.120     0
    80    1     2     47.4    0.609     0
    81    1     2     12.0    0.176     1
    82    1     2     10.1    0.210     0
    83    1     2      8.2    0.126     1
    84    1     2      5.6    0.075     0
    85    1     2     10.1    0.202     0
    86    1     2     12.9    0.200     0
    87    1     2      2.3    0.040     1
    88    1     2     10.8    0.183     0
    89    1     2      9.8    0.199     1
    90    1     2      4.2    0.059     0
    91    1     2     10.0    0.120     0
    92    1     2     10.3    0.176     0
    93    1     2     10.0    0.208     0
    94    1     2      7.0    0.137     1
    95    1     2      8.6    0.148     1
    96    1     2      9.9    0.177     0
    97    1     2     11.5    0.228     0
    98    1     2     40.2    0.559     0
    99    1     2      9.9    0.193     1
   100    1     2      5.4    0.072     1
   101    1     2     10.0    0.208     0
   102    1     2      6.6    0.095     0
   103    1     2      7.2    0.103     0
   104    1     2      9.9    0.104     1
   105    1     2     10.0    0.121     0
   106    1     2      2.6    0.043     0
   107    1     2      2.0    0.037     0
   108    1     2      2.2    0.039     1
   109    1     2      9.9    0.208     1
   110    1     2      5.0    0.103     1
   111    1     2     22.5    0.368     0
   112    1     2      5.1    0.069     1
   113    1     2      1.8    0.034     1
   114    1     2      3.8    0.056     0
   115    1     2      6.5    0.084     0
   116    1     2      6.1    0.098     0
   117    1     2      5.1    0.068     0
   118    1     2      4.5    0.083     1
   119    1     2      9.9    0.208     1
   120    1     2      5.0    0.068     1
   121    1     2      2.5    0.042     1
   122    1     2     12.1    0.163     1
   123    1     2      4.9    0.094     1
   124    1     2      6.7    0.124     1
   125    1     2      4.2    0.069     0
   126    1     2      5.0    0.101     1
   127    1     2      4.4    0.071     0
   128    1     2     10.0    0.208     0
   129    1     2      2.1    0.037     0
   130    1     2      4.9    0.096     1
   131    1     2     10.0    0.208     1
   132    1     2      5.1    0.104     1
   133    1     2      5.9    0.118     1
   134    1     2      5.8    0.096     1
   135    1     2      1.8    0.034     0
   136    1     2      3.1    0.048     0
   137    1     2      5.4    0.077     1
   138    1     2      1.6    0.032     1
   139    1     2     10.0    0.208     1
   140    1     2      8.1    0.149     0
   141    1     2     19.9    0.237     0
   142    1     2      9.7    0.164     0
   143    1     2      6.7    0.095     1
   144    1     2      8.6    0.135     0
   145    1     2      9.3    0.115     0
   146    1     2      1.6    0.032     1
   147    1     2      7.2    0.091     0
   148    1     2      8.8    0.164     1
   149    1     2      9.0    0.164     1
   150    1     2     10.0    0.208     0
Total extinctions: 0
Generation time: 6.422 sec (4.898 average)
 ****** Running generation 2 ******
Ntime = 0.0
Utime = 2.7239396572113037
Runlength = 5.950260400772095
Run done
Enum done
Population's average fitness: 6.48671 stdev: 9.36930
Best fitness: 96.92585 - size: (6, 15) - species 4 - id 4
Average adjusted fitness: 0.066
Mean genetic distance 3.171, standard deviation 0.316
Population of 300 members in 150 species:
   ID   age  size  fitness  adj fit  stag
  ====  ===  ====  =======  =======  ====
     1    2     2      2.9    0.022     2
     2    2     2      9.2    0.062     1
     3    2     2      1.3    0.012     2
     4    2     2     96.9    0.551     0
     5    2     2      1.9    0.017     2
     6    2     2      2.4    0.018     1
     7    2     2      9.4    0.068     2
     8    2     2      8.3    0.063     1
     9    2     2      6.4    0.052     1
    10    2     2      1.7    0.014     1
    11    2     2      8.3    0.048     1
    12    2     2     10.3    0.080     0
    13    2     2      1.8    0.014     1
    14    2     2      4.3    0.029     1
    15    2     2     10.0    0.102     2
    16    2     2      1.2    0.011     2
    17    2     2     87.9    0.496     0
    18    2     2      5.7    0.040     2
    19    2     2      3.9    0.029     1
    20    2     2      6.6    0.055     1
    21    2     2     10.0    0.102     0
    22    2     2     10.0    0.096     1
    23    2     2     13.5    0.133     0
    24    2     2     10.9    0.109     0
    25    2     2      6.0    0.038     2
    26    2     2      6.3    0.038     1
    27    2     2      5.0    0.047     1
    28    2     2      1.2    0.011     2
    29    2     2     10.0    0.102     0
    30    2     2      4.4    0.032     1
    31    2     2     12.5    0.096     0
    32    2     2     10.0    0.082     1
    33    2     2      9.9    0.093     2
    34    2     2      5.1    0.047     1
    35    2     2      6.5    0.033     1
    36    2     2      5.3    0.047     1
    37    2     2     61.5    0.331     0
    38    2     2      9.9    0.096     2
    39    2     2      9.9    0.093     2
    40    2     2      1.7    0.015     1
    41    2     2      7.2    0.059     1
    42    2     2      8.0    0.070     0
    43    2     2      3.3    0.022     2
    44    2     2      3.3    0.022     2
    45    2     2      1.5    0.013     2
    46    2     2      9.9    0.074     1
    47    2     2     10.0    0.102     2
    48    2     2      3.0    0.021     2
    49    2     2     11.1    0.073     0
    50    2     2      4.3    0.039     1
    51    2     2      4.2    0.027     2
    52    2     2      6.7    0.054     1
    53    2     2     10.0    0.102     2
    54    2     2      4.2    0.032     2
    55    2     2      3.0    0.021     2
    56    2     2     10.0    0.102     2
    57    2     2      2.7    0.019     2
    58    2     2      2.5    0.018     1
    59    2     2     10.0    0.102     2
    60    2     2     10.5    0.075     1
    61    2     2      7.4    0.045     0
    62    2     2      4.3    0.037     1
    63    2     2      3.8    0.038     2
    64    2     2      4.3    0.043     1
    65    2     2     10.3    0.062     1
    66    2     2      9.5    0.080     2
    67    2     2      1.6    0.015     2
    68    2     2      8.2    0.049     1
    69    2     2     10.0    0.102     0
    70    2     2     14.3    0.125     0
    71    2     2      8.8    0.051     1
    72    2     2      1.9    0.018     2
    73    2     2      5.9    0.038     1
    74    2     2      3.7    0.029     1
    75    2     2      5.5    0.033     1
    76    2     2      5.8    0.054     1
    77    2     2      4.9    0.046     1
    78    2     2      4.3    0.022     1
    79    2     2      8.6    0.050     1
    80    2     2     44.4    0.288     1
    81    2     2     16.5    0.104     0
    82    2     2     10.3    0.104     0
    83    2     2      4.8    0.042     2
    84    2     2      4.5    0.029     1
    85    2     2     10.6    0.098     0
    86    2     2     12.9    0.089     0
    87    2     2      1.7    0.014     2
    88    2     2     10.5    0.086     1
    89    2     2      9.9    0.097     2
    90    2     2      3.0    0.021     1
    91    2     2     10.0    0.057     0
    92    2     2      9.1    0.073     1
    93    2     2     10.0    0.102     1
    94    2     2      5.8    0.058     2
    95    2     2      7.0    0.059     2
    96    2     2     11.4    0.085     0
    97    2     2      9.2    0.089     1
    98    2     2     40.4    0.239     0
    99    2     2      9.1    0.087     2
   100    2     2      4.3    0.028     2
   101    2     2     10.0    0.102     0
   102    2     2      4.7    0.033     1
   103    2     2      5.2    0.037     1
   104    2     2      9.9    0.051     2
   105    2     2     10.8    0.061     0
   106    2     2      2.0    0.015     1
   107    2     2     46.7    0.247     0
   108    2     2      1.7    0.014     2
   109    2     2      9.9    0.102     2
   110    2     2      3.9    0.039     2
   111    2     2     15.3    0.134     1
   112    2     2      4.0    0.026     2
   113    2     2      1.3    0.012     2
   114    2     2      2.8    0.020     1
   115    2     2      8.2    0.047     0
   116    2     2      4.0    0.030     1
   117    2     2      4.0    0.026     1
   118    2     2      3.4    0.030     2
   119    2     2      9.9    0.100     2
   120    2     2      3.9    0.026     2
   121    2     2      1.8    0.015     2
   122    2     2      9.5    0.062     2
   123    2     2      3.7    0.035     2
   124    2     2      5.2    0.047     2
   125    2     2      3.2    0.025     1
   126    2     2      4.0    0.039     2
   127    2     2      3.2    0.025     1
   128    2     2     10.0    0.102     0
   129    2     2      1.6    0.013     1
   130    2     2      3.9    0.039     2
   131    2     2     10.0    0.102     2
   132    2     2      4.1    0.040     2
   133    2     2      4.4    0.044     2
   134    2     2      4.8    0.037     2
   135    2     2      1.4    0.012     1
   136    2     2     12.8    0.071     0
   137    2     2      8.3    0.050     0
   138    2     2      1.2    0.011     2
   139    2     2     10.0    0.102     0
   140    2     2      6.3    0.055     1
   141    2     2     14.9    0.087     1
   142    2     2      5.6    0.050     1
   143    2     2      5.1    0.035     2
   144    2     2      4.7    0.039     1
   145    2     2      7.4    0.044     1
   146    2     2      1.2    0.012     2
   147    2     2      5.4    0.033     1
   148    2     2     10.6    0.080     0
   149    2     2      8.6    0.074     2
   150    2     2     10.4    0.104     0
Total extinctions: 0
Generation time: 6.031 sec (5.276 average)
 ****** Running generation 3 ******
Ntime = 0.0
Utime = 2.8770806789398193
Runlength = 5.575376510620117
Run done
Enum done
Population's average fitness: 5.80352 stdev: 8.65759
Best fitness: 97.34543 - size: (6, 15) - species 4 - id 4
Average adjusted fitness: 0.059
Mean genetic distance 3.171, standard deviation 0.316
Population of 301 members in 150 species:
   ID   age  size  fitness  adj fit  stag
  ====  ===  ====  =======  =======  ====
     1    3     2      2.4    0.018     3
     2    3     2      5.7    0.041     2
     3    3     2      1.1    0.010     3
     4    3     3     97.3    0.550     0
     5    3     2      1.6    0.014     3
     6    3     2      2.0    0.015     2
     7    3     2      6.4    0.049     3
     8    3     2      9.3    0.063     2
     9    3     2      4.7    0.040     2
    10    3     2      1.4    0.011     2
    11    3     2      5.6    0.033     2
    12    3     2      9.5    0.069     1
    13    3     2      1.5    0.012     2
    14    3     2      3.4    0.022     2
    15    3     2     10.0    0.101     3
    16    3     2      1.0    0.009     3
    17    3     2     78.5    0.439     1
    18    3     2      4.3    0.031     3
    19    3     2      3.2    0.024     2
    20    3     2      5.5    0.045     2
    21    3     2     10.0    0.101     1
    22    3     2     10.0    0.088     2
    23    3     2     13.0    0.106     1
    24    3     2      9.9    0.090     1
    25    3     2      4.5    0.028     3
    26    3     2      5.7    0.034     2
    27    3     2      4.2    0.038     2
    28    3     2      1.0    0.009     3
    29    3     2     10.0    0.099     1
    30    3     2      3.8    0.027     2
    31    3     2      8.6    0.070     1
    32    3     2     10.0    0.076     2
    33    3     2      8.4    0.079     3
    34    3     2      4.6    0.042     2
    35    3     2      4.8    0.024     2
    36    3     2      4.0    0.036     2
    37    3     2     29.9    0.164     1
    38    3     2      9.9    0.093     3
    39    3     2      9.9    0.092     3
    40    3     2      1.5    0.013     2
    41    3     2      5.2    0.047     2
    42    3     2      5.9    0.050     1
    43    3     2      2.8    0.019     3
    44    3     2      2.7    0.018     3
    45    3     2      1.2    0.011     3
    46    3     2      9.3    0.065     2
    47    3     2     10.0    0.101     3
    48    3     2      2.6    0.017     3
    49    3     2     12.4    0.077     0
    50    3     2      3.4    0.031     2
    51    3     2      3.4    0.022     3
    52    3     2      4.9    0.040     2
    53    3     2     10.0    0.101     0
    54    3     2      3.5    0.027     3
    55    3     2      2.4    0.017     3
    56    3     2     10.0    0.101     3
    57    3     2      2.3    0.016     3
    58    3     2      2.1    0.015     2
    59    3     2     10.0    0.101     3
    60    3     2      8.7    0.061     2
    61    3     2      3.0    0.021     1
    62    3     2      3.4    0.029     2
    63    3     2      3.1    0.031     3
    64    3     2      3.4    0.034     2
    65    3     2      8.1    0.048     2
    66    3     2      9.1    0.073     3
    67    3     2      1.3    0.012     3
    68    3     2      6.3    0.038     2
    69    3     2     10.0    0.101     0
    70    3     2     14.6    0.125     0
    71    3     2     10.3    0.057     2
    72    3     2      1.6    0.015     3
    73    3     2      4.5    0.029     2
    74    3     2      3.3    0.025     2
    75    3     2      4.6    0.028     2
    76    3     2      5.3    0.046     2
    77    3     2      3.8    0.036     2
    78    3     2      3.4    0.017     2
    79    3     2      7.3    0.042     2
    80    3     2     31.9    0.211     2
    81    3     2      8.9    0.060     1
    82    3     2     10.0    0.102     1
    83    3     2      3.9    0.035     3
    84    3     2      3.6    0.023     2
    85    3     2      9.1    0.077     1
    86    3     2      7.1    0.054     1
    87    3     2      1.5    0.012     3
    88    3     2     15.1    0.110     0
    89    3     2     10.5    0.091     3
    90    3     2      2.5    0.017     2
    91    3     2     10.0    0.055     1
    92    3     2     10.8    0.075     0
    93    3     2     10.0    0.101     2
    94    3     2      5.2    0.051     3
    95    3     2      5.0    0.044     3
    96    3     2      9.0    0.068     1
    97    3     2      7.7    0.074     2
    98    3     2     36.6    0.342     1
    99    3     2      8.4    0.078     3
   100    3     2      3.4    0.022     3
   101    3     2      9.9    0.101     1
   102    3     2      3.7    0.026     2
   103    3     2      4.0    0.028     2
   104    3     2      9.9    0.051     0
   105    3     2      7.9    0.045     1
   106    3     2      1.6    0.013     2
   107    3     2     44.5    0.234     1
   108    3     2      1.4    0.011     3
   109    3     2      9.9    0.100     3
   110    3     2      3.2    0.032     3
   111    3     2     12.8    0.099     2
   112    3     2      3.2    0.021     3
   113    3     2      1.1    0.010     3
   114    3     2      2.3    0.016     2
   115    3     2      6.0    0.035     1
   116    3     2      3.5    0.025     2
   117    3     2      3.3    0.021     2
   118    3     2      9.7    0.059     0
   119    3     2      8.8    0.088     3
   120    3     2      3.2    0.021     3
   121    3     2      1.5    0.012     3
   122    3     2      6.1    0.042     3
   123    3     2      3.0    0.028     3
   124    3     2      4.2    0.038     3
   125    3     2      2.6    0.020     2
   126    3     2      3.3    0.032     3
   127    3     2      2.7    0.021     2
   128    3     2      9.9    0.100     1
   129    3     2      1.3    0.011     2
   130    3     2      3.3    0.032     3
   131    3     2     10.0    0.101     3
   132    3     2      3.3    0.032     3
   133    3     2      3.7    0.036     3
   134    3     2      4.1    0.031     3
   135    3     2      1.1    0.010     2
   136    3     2      5.8    0.034     1
   137    3     2     31.0    0.165     0
   138    3     2      1.0    0.009     3
   139    3     2     10.0    0.101     1
   140    3     2      4.6    0.041     2
   141    3     2     14.3    0.081     2
   142    3     2      4.6    0.040     2
   143    3     2      4.6    0.031     3
   144    3     2      3.9    0.033     2
   145    3     2      4.9    0.030     2
   146    3     2      1.0    0.009     3
   147    3     2      5.1    0.030     2
   148    3     2     10.6    0.086     0
   149    3     2      8.0    0.068     3
   150    3     2     11.1    0.107     0
Total extinctions: 0
Generation time: 5.765 sec (5.398 average)
 ****** Running generation 4 ******
Ntime = 0.0
Utime = 2.6888670921325684
