2022-05-23 01:50:22,217 INFO    MainThread:19388 [internal.py:wandb_internal():90] W&B internal server running at pid: 19388, started at: 2022-05-23 01:50:22.217279
2022-05-23 01:50:22,219 INFO    WriterThread:19388 [datastore.py:open_for_write():75] open: C:\Projects\Code\Neurals\wandb\run-20220523_015019-37s9xbb7\run-37s9xbb7.wandb
2022-05-23 01:50:22,227 DEBUG   SenderThread:19388 [sender.py:send():232] send: header
2022-05-23 01:50:22,227 DEBUG   SenderThread:19388 [sender.py:send():232] send: run
2022-05-23 01:50:22,559 INFO    SenderThread:19388 [dir_watcher.py:__init__():197] watching files in: C:\Projects\Code\Neurals\wandb\run-20220523_015019-37s9xbb7\files
2022-05-23 01:50:22,559 DEBUG   HandlerThread:19388 [handler.py:handle_request():141] handle_request: check_version
2022-05-23 01:50:22,559 INFO    SenderThread:19388 [sender.py:_start_run_threads():811] run started: 37s9xbb7 with start time 1653234619
2022-05-23 01:50:22,560 DEBUG   SenderThread:19388 [sender.py:send():232] send: summary
2022-05-23 01:50:22,560 INFO    SenderThread:19388 [sender.py:_save_file():948] saving file wandb-summary.json with policy end
2022-05-23 01:50:22,560 DEBUG   SenderThread:19388 [sender.py:send_request():246] send_request: check_version
2022-05-23 01:50:22,617 DEBUG   HandlerThread:19388 [handler.py:handle_request():141] handle_request: run_start
2022-05-23 01:50:23,561 INFO    Thread-11 :19388 [dir_watcher.py:_on_file_created():244] file/dir created: C:\Projects\Code\Neurals\wandb\run-20220523_015019-37s9xbb7\files\wandb-summary.json
2022-05-23 01:50:24,636 DEBUG   HandlerThread:19388 [meta.py:__init__():35] meta init
2022-05-23 01:50:24,640 DEBUG   HandlerThread:19388 [meta.py:__init__():49] meta init done
2022-05-23 01:50:24,640 DEBUG   HandlerThread:19388 [meta.py:probe():209] probe
2022-05-23 01:50:24,662 DEBUG   HandlerThread:19388 [git.py:repo():29] git repository is invalid
2022-05-23 01:50:24,662 DEBUG   HandlerThread:19388 [meta.py:_save_pip():53] save pip
2022-05-23 01:50:24,663 DEBUG   HandlerThread:19388 [meta.py:_save_pip():67] save pip done
2022-05-23 01:50:24,663 DEBUG   HandlerThread:19388 [meta.py:probe():247] probe done
2022-05-23 01:50:24,667 DEBUG   SenderThread:19388 [sender.py:send():232] send: files
2022-05-23 01:50:24,668 INFO    SenderThread:19388 [sender.py:_save_file():948] saving file wandb-metadata.json with policy now
2022-05-23 01:50:24,677 DEBUG   HandlerThread:19388 [handler.py:handle_request():141] handle_request: stop_status
2022-05-23 01:50:24,677 DEBUG   SenderThread:19388 [sender.py:send_request():246] send_request: stop_status
2022-05-23 01:50:24,943 DEBUG   SenderThread:19388 [sender.py:send():232] send: telemetry
2022-05-23 01:50:25,580 INFO    Thread-11 :19388 [dir_watcher.py:_on_file_created():244] file/dir created: C:\Projects\Code\Neurals\wandb\run-20220523_015019-37s9xbb7\files\output.log
2022-05-23 01:50:25,580 INFO    Thread-11 :19388 [dir_watcher.py:_on_file_created():244] file/dir created: C:\Projects\Code\Neurals\wandb\run-20220523_015019-37s9xbb7\files\requirements.txt
2022-05-23 01:50:25,580 INFO    Thread-11 :19388 [dir_watcher.py:_on_file_created():244] file/dir created: C:\Projects\Code\Neurals\wandb\run-20220523_015019-37s9xbb7\files\wandb-metadata.json
2022-05-23 01:50:26,030 INFO    Thread-15 :19388 [upload_job.py:push():132] Uploaded file C:\Users\MAXIMN~1\AppData\Local\Temp\tmpfyimmy9iwandb\wgnfntxa-wandb-metadata.json
2022-05-23 01:50:27,600 INFO    Thread-11 :19388 [dir_watcher.py:_on_file_modified():257] file/dir modified: C:\Projects\Code\Neurals\wandb\run-20220523_015019-37s9xbb7\files\output.log
