 ****** Running generation 0 ******
Average fitness:
Failed mean
Population's average fitness: 2393.95703 stdev: 3284.75854
Best fitness: 9438.90822 - size: (6, 15) - species 138 - id 138
Average adjusted fitness: 0.233
Mean genetic distance 3.157, standard deviation 0.321
Population of 300 members in 150 species:
   ID   age  size  fitness  adj fit  stag
  ====  ===  ====  =======  =======  ====
     1    0     2    378.9    0.014     0
     2    0     2   2288.1    0.222     0
     3    0     2   1108.2    0.093     0
     4    0     2    378.7    0.014     0
     5    0     2   1120.0    0.095     0
     6    0     2    378.4    0.014     0
     7    0     2   9173.3    0.971     0
     8    0     2   4350.9    0.446     0
     9    0     2    389.4    0.015     0
    10    0     2    378.7    0.014     0
    11    0     2    569.1    0.035     0
    12    0     2    443.2    0.021     0
    13    0     2    304.5    0.006     0
    14    0     2    378.6    0.014     0
    15    0     2    529.7    0.030     0
    16    0     2   1418.2    0.127     0
    17    0     2    378.9    0.014     0
    18    0     2   8255.2    0.871     0
    19    0     2   4233.7    0.433     0
    20    0     2   1837.8    0.173     0
    21    0     2    382.0    0.014     0
    22    0     2   9434.0    0.999     0
    23    0     2   9373.6    0.993     0
    24    0     2   8922.4    0.944     0
    25    0     2   1127.3    0.095     0
    26    0     2   1586.7    0.145     0
    27    0     2    790.9    0.059     0
    28    0     2    518.6    0.029     0
    29    0     2    378.4    0.014     0
    30    0     2   9438.9    1.000     0
    31    0     2    409.0    0.017     0
    32    0     2   9421.5    0.998     0
    33    0     2   1751.7    0.163     0
    34    0     2    798.2    0.060     0
    35    0     2    376.9    0.014     0
    36    0     2    385.9    0.015     0
    37    0     2    507.9    0.028     0
    38    0     2    378.4    0.014     0
    39    0     2    852.0    0.065     0
    40    0     2    761.6    0.056     0
    41    0     2    960.3    0.077     0
    42    0     2   8720.2    0.922     0
    43    0     2   9395.2    0.995     0
    44    0     2   7124.2    0.748     0
    45    0     2   6332.3    0.662     0
    46    0     2    378.9    0.014     0
    47    0     2    377.2    0.014     0
    48    0     2   9438.2    1.000     0
    49    0     2   7304.6    0.768     0
    50    0     2    379.2    0.014     0
    51    0     2   9438.9    1.000     0
    52    0     2    363.4    0.012     0
    53    0     2    343.7    0.010     0
    54    0     2   9290.5    0.984     0
    55    0     2    378.3    0.014     0
    56    0     2   9438.9    1.000     0
    57    0     2    389.0    0.015     0
    58    0     2   8382.4    0.885     0
    59    0     2    451.5    0.022     0
    60    0     2    914.0    0.072     0
    61    0     2    378.4    0.014     0
    62    0     2    334.9    0.009     0
    63    0     2   1253.6    0.109     0
    64    0     2    986.7    0.080     0
    65    0     2   2498.8    0.245     0
    66    0     2   3461.0    0.349     0
    67    0     2   9437.9    1.000     0
    68    0     2    378.7    0.014     0
    69    0     2    628.1    0.041     0
    70    0     2    451.0    0.022     0
    71    0     2   1974.5    0.188     0
    72    0     2    352.9    0.011     0
    73    0     2   1039.0    0.086     0
    74    0     2    990.8    0.080     0
    75    0     2    379.1    0.014     0
    76    0     2    343.7    0.010     0
    77    0     2   1220.4    0.105     0
    78    0     2    379.1    0.014     0
    79    0     2    277.0    0.003     0
    80    0     2    993.9    0.081     0
    81    0     2   8510.3    0.899     0
    82    0     2   8226.9    0.868     0
    83    0     2    378.2    0.014     0
    84    0     2    612.0    0.039     0
    85    0     2    378.5    0.014     0
    86    0     2    376.8    0.014     0
    87    0     2    702.8    0.049     0
    88    0     2    382.0    0.014     0
    89    0     2    541.7    0.032     0
    90    0     2    349.5    0.011     0
    91    0     2    373.0    0.013     0
    92    0     2    791.2    0.059     0
    93    0     2   5289.6    0.548     0
    94    0     2    480.3    0.025     0
    95    0     2   9162.4    0.970     0
    96    0     2    379.0    0.014     0
    97    0     2    559.3    0.034     0
    98    0     2    764.3    0.056     0
    99    0     2   1336.2    0.118     0
   100    0     2   9415.8    0.997     0
   101    0     2    376.5    0.014     0
   102    0     2    378.9    0.014     0
   103    0     2    299.1    0.005     0
   104    0     2    375.4    0.013     0
   105    0     2   2075.7    0.199     0
   106    0     2    555.1    0.033     0
   107    0     2   3710.9    0.377     0
   108    0     2    388.9    0.015     0
   109    0     2    377.9    0.014     0
   110    0     2   2184.1    0.210     0
   111    0     2    984.2    0.080     0
   112    0     2    415.9    0.018     0
   113    0     2    385.8    0.015     0
   114    0     2    559.1    0.033     0
   115    0     2    378.7    0.014     0
   116    0     2    377.4    0.014     0
   117    0     2    483.2    0.025     0
   118    0     2    679.0    0.047     0
   119    0     2   9436.6    1.000     0
   120    0     2    363.9    0.012     0
   121    0     2    378.8    0.014     0
   122    0     2   7315.1    0.769     0
   123    0     2    403.6    0.017     0
   124    0     2   9438.3    1.000     0
   125    0     2   9438.2    1.000     0
   126    0     2    864.2    0.067     0
   127    0     2   6490.8    0.679     0
   128    0     2    379.5    0.014     0
   129    0     2    401.8    0.016     0
   130    0     2    379.0    0.014     0
   131    0     2    378.4    0.014     0
   132    0     2    378.3    0.014     0
   133    0     2   8668.7    0.916     0
   134    0     2   2304.0    0.223     0
   135    0     2    383.2    0.014     0
   136    0     2    393.9    0.016     0
   137    0     2   1381.3    0.123     0
   138    0     2   9438.9    1.000     0
   139    0     2    365.5    0.012     0
   140    0     2    251.4    0.000     0
   141    0     2    378.3    0.014     0
   142    0     2   7790.1    0.821     0
   143    0     2   1280.9    0.112     0
   144    0     2    806.4    0.060     0
   145    0     2    288.7    0.004     0
   146    0     2    498.6    0.027     0
   147    0     2    360.8    0.012     0
   148    0     2    375.7    0.014     0
   149    0     2    263.3    0.001     0
   150    0     2    372.1    0.013     0
Total extinctions: 0
Generation time: 24.193 sec
 ****** Running generation 1 ******
Average fitness:
2393.957026223111
Best fitness:
9438.908224183122
Population's average fitness: 2367.03924 stdev: 3351.61707
Best fitness: 9802.81554 - size: (6, 14) - species 126 - id 240
Average adjusted fitness: 0.241
Mean genetic distance 3.157, standard deviation 0.321
Population of 300 members in 150 species:
   ID   age  size  fitness  adj fit  stag
  ====  ===  ====  =======  =======  ====
     1    1     2    244.0    0.025     1
     2    1     2    802.2    0.174     1
     3    1     2    243.9    0.075     1
     4    1     2    243.8    0.025     1
     5    1     2    252.2    0.049     1
     6    1     2    244.9    0.029     1
     7    1     2   9349.8    0.961     0
     8    1     2    303.1    0.254     1
     9    1     2    376.9    0.039     1
    10    1     2    244.0    0.025     1
    11    1     2    927.7    0.095     0
    12    1     2     83.7    0.024     1
    13    1     2    351.9    0.047     0
    14    1     2    244.0    0.025     1
    15    1     2    268.7    0.225     1
    16    1     2      4.0    0.067     1
    17    1     2    244.0    0.025     1
    18    1     2    168.7    0.447     1
    19    1     2   4046.5    0.694     1
    20    1     2    244.0    0.095     1
    21    1     2    245.2    0.032     1
    22    1     2    934.0    0.546     1
    23    1     2   1120.5    0.552     1
    24    1     2    333.9    0.490     1
    25    1     2    506.0    0.084     1
    26    1     2    243.4    0.100     1
    27    1     2    240.3    0.412     1
    28    1     2      0.7    0.481     1
    29    1     2    244.8    0.059     1
    30    1     2   9770.5    0.997     0
    31    1     2    273.8    0.028     1
    32    1     2    178.1    0.506     1
    33    1     2    804.9    0.114     1
    34    1     2    440.0    0.045     1
    35    1     2    247.0    0.035     1
    36    1     2    281.1    0.050     1
    37    1     2    750.9    0.083     0
    38    1     2    234.5    0.041     1
    39    1     2    994.9    0.550     0
    40    1     2    824.6    0.485     0
    41    1     2    747.6    0.535     1
    42    1     2     12.9    0.464     1
    43    1     2   9740.7    0.995     0
    44    1     2   5633.8    0.654     1
    45    1     2   6200.3    0.762     1
    46    1     2    244.0    0.025     1
    47    1     2     63.3    0.017     1
    48    1     2   9769.0    0.997     0
    49    1     2   7637.7    0.854     0
    50    1     2    242.5    0.031     1
    51    1     2   9770.5    0.997     0
    52    1     2    234.1    0.024     1
    53    1     2   2128.5    0.485     0
    54    1     2   8753.9    0.934     1
    55    1     2    243.8    0.025     1
    56    1     2   1343.4    0.567     1
    57    1     2    255.7    0.029     1
    58    1     2    161.6    0.453     1
    59    1     2    248.8    0.055     1
    60    1     2   1023.0    0.154     0
    61    1     2    244.8    0.063     1
    62    1     2    244.0    0.025     1
    63    1     2    939.3    0.428     1
    64    1     2    884.3    0.482     1
    65    1     2    934.2    0.205     1
    66    1     2   1111.1    0.252     1
    67    1     2    244.3    0.510     1
    68    1     2    244.2    0.025     1
    69    1     2    267.5    0.408     1
    70    1     2    813.8    0.088     0
    71    1     2    446.8    0.138     1
    72    1     2    108.8    0.039     1
    73    1     2   1126.4    0.115     0
    74    1     2    934.0    0.123     1
    75    1     2    260.3    0.045     1
    76    1     2    319.6    0.033     1
    77    1     2    238.7    0.093     1
    78    1     2    244.1    0.028     1
    79    1     2    250.4    0.045     1
    80    1     2   1193.2    0.125     0
    81    1     2   7487.5    0.825     1
    82    1     2   1083.4    0.492     1
    83    1     2    244.2    0.025     1
    84    1     2    598.0    0.200     1
    85    1     2    244.5    0.183     1
    86    1     2    243.9    0.025     1
    87    1     2    244.5    0.030     1
    88    1     2    243.9    0.498     1
    89    1     2    271.2    0.069     1
    90    1     2    244.0    0.025     1
    91    1     2    265.3    0.066     1
    92    1     2    411.9    0.062     1
    93    1     2    867.1    0.331     1
    94    1     2    461.3    0.250     1
    95    1     2   2144.5    0.595     1
    96    1     2    244.0    0.026     1
    97    1     2    853.8    0.091     0
    98    1     2    928.7    0.103     0
    99    1     2    908.9    0.109     1
   100    1     2   1063.0    0.551     1
   101    1     2    247.7    0.027     1
   102    1     2    244.0    0.025     1
   103    1     2    673.3    0.125     0
   104    1     2    212.5    0.023     1
   105    1     2   1936.3    0.221     1
   106    1     2    538.5    0.056     1
   107    1     2   4035.1    0.412     0
   108    1     2    244.2    0.025     1
   109    1     2    299.5    0.031     1
   110    1     2   1181.6    0.153     1
   111    1     2    625.8    0.090     1
   112    1     2    352.9    0.039     1
   113    1     2    245.1    0.038     1
   114    1     2    833.9    0.090     0
   115    1     2    244.0    0.025     1
   116    1     2    244.2    0.025     1
   117    1     2    853.5    0.526     0
   118    1     2   1023.2    0.108     0
   119    1     2    888.2    0.544     1
   120    1     2    279.0    0.088     1
   121    1     2    244.1    0.025     1
   122    1     2   2696.8    0.527     1
   123    1     2    276.3    0.031     1
   124    1     2   9769.7    0.997     0
   125    1     2   9769.9    0.997     0
   126    1     2   1065.4    0.554     0
   127    1     2    935.5    0.395     1
   128    1     2    244.0    0.025     1
   129    1     2    239.6    0.039     1
   130    1     2    244.0    0.025     1
   131    1     2    244.0    0.025     1
   132    1     2    247.3    0.026     1
   133    1     2   1116.8    0.516     1
   134    1     2    927.8    0.183     1
   135    1     2    524.9    0.159     0
   136    1     2    277.9    0.043     1
   137    1     2   1707.4    0.225     0
   138    1     2    605.6    0.529     1
   139    1     2    194.4    0.022     1
   140    1     2    146.1    0.065     1
   141    1     2    243.6    0.065     1
   142    1     2   8114.5    0.901     0
   143    1     2   1509.3    0.489     0
   144    1     2    586.6    0.070     1
   145    1     2    303.3    0.048     0
   146    1     2    201.6    0.061     1
   147    1     2    509.5    0.061     0
   148    1     2    243.9    0.030     1
   149    1     2     75.7    0.398     1
   150    1     2    280.0    0.039     1
Total extinctions: 0
Generation time: 26.539 sec (25.366 average)
 ****** Running generation 2 ******
Average fitness:
2367.039236814785
Best fitness:
9802.815539491156
Population's average fitness: 2350.80037 stdev: 3338.86618
Best fitness: 9755.93837 - size: (6, 14) - species 126 - id 240
Average adjusted fitness: 0.241
Mean genetic distance 3.157, standard deviation 0.321
Population of 300 members in 150 species:
   ID   age  size  fitness  adj fit  stag
  ====  ===  ====  =======  =======  ====
     1    2     2    203.3    0.021     2
     2    2     2    771.5    0.171     2
     3    2     2    203.3    0.073     2
     4    2     2    203.2    0.021     2
     5    2     2    210.9    0.051     2
     6    2     2    204.1    0.024     2
     7    2     2   9310.5    0.960     1
     8    2     2    269.5    0.252     2
     9    2     2    380.0    0.039     2
    10    2     2    203.3    0.021     2
    11    2     2    898.3    0.093     1
    12    2     2     83.1    0.023     2
    13    2     2    344.3    0.045     1
    14    2     2    203.3    0.021     2
    15    2     2    249.5    0.223     2
    16    2     2      2.7    0.067     2
    17    2     2    203.3    0.021     2
    18    2     2    127.1    0.444     2
    19    2     2   4020.8    0.695     2
    20    2     2    203.3    0.095     2
    21    2     2    204.5    0.030     2
    22    2     2    904.7    0.545     2
    23    2     2   1077.8    0.550     2
    24    2     2    289.5    0.488     2
    25    2     2    453.0    0.083     2
    26    2     2    202.8    0.096     2
    27    2     2    755.9    0.440     2
    28    2     2    300.6    0.496     2
    29    2     2    204.0    0.055     2
    30    2     2   9729.2    0.997     1
    31    2     2    232.4    0.024     2
    32    2     2    199.0    0.508     2
    33    2     2    760.4    0.113     2
    34    2     2    440.4    0.047     2
    35    2     2    206.1    0.030     2
    36    2     2    278.7    0.048     2
    37    2     2    706.9    0.079     1
    38    2     2    194.5    0.040     2
    39    2     2    947.6    0.548     1
    40    2     2    782.1    0.483     1
    41    2     2    729.2    0.535     2
    42    2     2     13.2    0.465     2
    43    2     2   9701.1    0.996     1
    44    2     2   5620.7    0.652     2
    45    2     2   6187.1    0.763     2
    46    2     2    203.3    0.021     2
    47    2     2     69.6    0.016     2
    48    2     2   9727.7    0.997     1
    49    2     2   7596.3    0.814     1
    50    2     2    201.9    0.027     2
    51    2     2   9729.2    0.997     1
    52    2     2    195.0    0.020     2
    53    2     2   2174.0    0.466     0
    54    2     2   8712.6    0.934     2
    55    2     2    203.1    0.021     2
    56    2     2   1368.1    0.569     2
    57    2     2    214.1    0.025     2
    58    2     2    178.7    0.454     2
    59    2     2    207.8    0.051     2
    60    2     2    979.4    0.155     1
    61    2     2    204.0    0.059     2
    62    2     2    203.4    0.021     2
    63    2     2    983.4    0.429     2
    64    2     2    885.5    0.483     2
    65    2     2    904.9    0.204     2
    66    2     2   1084.4    0.252     2
    67    2     2    203.6    0.507     2
    68    2     2    203.3    0.021     2
    69    2     2    310.1    0.410     2
    70    2     2    778.6    0.085     1
    71    2     2    344.2    0.124     2
    72    2     2    101.8    0.037     2
    73    2     2   1083.7    0.111     1
    74    2     2    904.7    0.119     2
    75    2     2    215.6    0.042     2
    76    2     2    275.6    0.028     2
    77    2     2    198.8    0.090     2
    78    2     2    203.4    0.024     2
    79    2     2    209.2    0.042     2
    80    2     2   1165.2    0.122     1
    81    2     2   7446.1    0.826     2
    82    2     2   1040.1    0.490     2
    83    2     2    203.4    0.021     2
    84    2     2    527.3    0.197     2
    85    2     2    203.8    0.182     2
    86    2     2    203.2    0.021     2
    87    2     2    203.8    0.026     2
    88    2     2    214.4    0.497     2
    89    2     2    196.4    0.064     2
    90    2     2    203.4    0.021     2
    91    2     2    260.6    0.065     2
    92    2     2    474.2    0.063     2
    93    2     2    837.1    0.329     2
    94    2     2    462.0    0.253     2
    95    2     2   2105.5    0.595     2
    96    2     2    203.4    0.022     2
    97    2     2    823.7    0.088     1
    98    2     2    917.9    0.101     1
    99    2     2    929.7    0.109     2
   100    2     2   1019.7    0.550     2
   101    2     2    207.3    0.022     2
   102    2     2    203.3    0.021     2
   103    2     2    640.7    0.123     1
   104    2     2    168.5    0.019     2
   105    2     2   1945.2    0.223     2
   106    2     2    486.3    0.058     2
   107    2     2   3993.6    0.410     1
   108    2     2    203.5    0.021     2
   109    2     2    257.4    0.029     2
   110    2     2   1136.9    0.153     2
   111    2     2    599.9    0.087     2
   112    2     2    311.3    0.035     2
   113    2     2    204.5    0.035     2
   114    2     2    803.5    0.087     1
   115    2     2    203.3    0.021     2
   116    2     2    203.4    0.021     2
   117    2     2    820.3    0.524     1
   118    2     2    984.8    0.103     1
   119    2     2    854.9    0.542     2
   120    2     2    236.4    0.084     2
   121    2     2    203.4    0.021     2
   122    2     2   2654.4    0.525     2
   123    2     2    263.5    0.028     2
   124    2     2   9728.4    0.997     1
   125    2     2   9728.6    0.997     1
   126    2     2   1014.3    0.552     1
   127    2     2    891.5    0.392     2
   128    2     2    203.3    0.021     2
   129    2     2    458.6    0.049     0
   130    2     2    203.3    0.021     2
   131    2     2    203.3    0.021     2
   132    2     2    215.0    0.023     2
   133    2     2   1073.7    0.514     2
   134    2     2    898.5    0.181     2
   135    2     2    237.7    0.143     1
   136    2     2    294.0    0.049     2
   137    2     2   1665.6    0.221     1
   138    2     2    641.7    0.531     2
   139    2     2    153.8    0.018     2
   140    2     2    165.3    0.063     2
   141    2     2    203.0    0.063     2
   142    2     2   8104.9    0.902     1
   143    2     2   1457.7    0.486     1
   144    2     2    540.6    0.065     2
   145    2     2    264.9    0.045     1
   146    2     2    221.4    0.061     2
   147    2     2    469.5    0.057     1
   148    2     2    353.7    0.256     2
   149    2     2     63.1    0.397     2
   150    2     2    270.8    0.036     2
Total extinctions: 0
Generation time: 26.034 sec (25.589 average)
 ****** Running generation 3 ******
Average fitness:
2350.8003744860275
Best fitness:
9802.815539491156
Population's average fitness: 2385.20765 stdev: 3222.21818
Best fitness: 9815.78673 - size: (6, 14) - species 126 - id 240
Average adjusted fitness: 0.243
Mean genetic distance 3.157, standard deviation 0.321
Population of 300 members in 150 species:
   ID   age  size  fitness  adj fit  stag
  ====  ===  ====  =======  =======  ====
     1    3     2    479.7    0.049     0
     2    3     2    457.7    0.144     3
     3    3     2    479.7    0.070     3
     4    3     2    479.5    0.049     0
     5    3     2    477.0    0.069     3
     6    3     2    465.4    0.048     0
     7    3     2   9067.9    0.931     2
     8    3     2    506.5    0.251     3
     9    3     2    479.8    0.049     0
    10    3     2    479.5    0.049     0
    11    3     2    566.7    0.058     2
    12    3     2    283.9    0.037     3
    13    3     2    134.9    0.028     2
    14    3     2    479.5    0.049     0
    15    3     2    613.4    0.241     0
    16    3     2      0.1    0.079     3
    17    3     2    479.7    0.049     0
    18    3     2    325.7    0.440     3
    19    3     2   4357.1    0.691     0
    20    3     2    479.7    0.114     3
    21    3     2    479.8    0.049     0
    22    3     2    571.8    0.512     3
    23    3     2   1166.1    0.540     3
    24    3     2    456.3    0.480     3
    25    3     2    877.9    0.095     3
    26    3     2    480.5    0.112     3
    27    3     2    916.6    0.426     0
    28    3     2    510.6    0.500     3
    29    3     2    479.5    0.063     0
    30    3     2   9493.2    0.967     2
    31    3     2    469.4    0.050     0
    32    3     2    438.2    0.505     3
    33    3     2    804.9    0.134     3
    34    3     2    476.9    0.064     3
    35    3     2    477.9    0.049     0
    36    3     2    492.7    0.065     0
    37    3     2    642.2    0.071     2
    38    3     2    486.8    0.051     0
    39    3     2   1015.2    0.539     0
    40    3     2    898.1    0.478     0
    41    3     2   1068.3    0.536     0
    42    3     2     15.1    0.445     3
    43    3     2   9437.6    0.965     2
    44    3     2   5958.8    0.670     3
    45    3     2   6431.2    0.775     0
    46    3     2    479.7    0.049     0
    47    3     2    478.9    0.052     0
    48    3     2   9491.8    0.967     2
    49    3     2   7363.3    0.848     2
    50    3     2    477.8    0.049     0
    51    3     2   9493.4    0.967     2
    52    3     2    474.2    0.049     0
    53    3     2   2220.3    0.546     0
    54    3     2   8477.5    0.910     3
    55    3     2    476.9    0.049     0
    56    3     2   1744.3    0.572     3
    57    3     2    476.0    0.050     0
    58    3     2    568.3    0.459     3
    59    3     2    478.1    0.049     0
    60    3     2   1045.8    0.166     0
    61    3     2    479.5    0.127     0
    62    3     2    467.2    0.048     0
    63    3     2   1202.8    0.426     3
    64    3     2    981.0    0.472     3
    65    3     2    572.0    0.160     3
    66    3     2   1075.2    0.235     3
    67    3     2    479.6    0.508     3
    68    3     2    479.6    0.049     0
    69    3     2    615.6    0.411     3
    70    3     2    514.0    0.055     2
    71    3     2    393.0    0.126     3
    72    3     2    466.5    0.053     0
    73    3     2   1171.6    0.119     0
    74    3     2    533.8    0.056     3
    75    3     2    479.7    0.050     0
    76    3     2    465.4    0.050     0
    77    3     2    418.8    0.086     3
    78    3     2    479.8    0.054     0
    79    3     2    365.5    0.043     0
    80    3     2   1082.8    0.114     2
    81    3     2   7213.5    0.804     3
    82    3     2    909.8    0.468     3
    83    3     2    475.3    0.049     0
    84    3     2    639.7    0.182     0
    85    3     2    479.4    0.179     0
    86    3     2    478.5    0.049     0
    87    3     2    483.9    0.068     3
    88    3     2    484.9    0.492     0
    89    3     2    572.0    0.064     0
    90    3     2    479.7    0.078     0
    91    3     2    474.2    0.076     0
    92    3     2    515.6    0.069     3
    93    3     2    512.6    0.299     3
    94    3     2    485.0    0.241     0
    95    3     2   2238.4    0.581     3
    96    3     2    479.7    0.050     0
    97    3     2    501.2    0.055     2
    98    3     2    566.6    0.076     2
    99    3     2    732.0    0.107     3
   100    3     2   1094.2    0.538     3
   101    3     2    470.7    0.048     0
   102    3     2    479.7    0.049     0
   103    3     2    360.7    0.088     2
   104    3     2    351.1    0.042     3
   105    3     2   1223.1    0.172     3
   106    3     2    713.6    0.074     0
   107    3     2   3770.5    0.385     2
   108    3     2    479.9    0.049     0
   109    3     2    478.8    0.050     0
   110    3     2   1114.5    0.170     3
   111    3     2   1056.4    0.135     0
   112    3     2    535.6    0.062     0
   113    3     2    479.7    0.049     0
   114    3     2    484.6    0.054     2
   115    3     2    479.6    0.049     0
   116    3     2    473.7    0.048     0
   117    3     2    528.8    0.503     2
   118    3     2    750.2    0.081     2
   119    3     2    426.2    0.505     3
   120    3     2    474.8    0.087     0
   121    3     2    479.7    0.049     0
   122    3     2   2457.9    0.501     3
   123    3     2    480.8    0.051     0
   124    3     2   9492.5    0.967     2
   125    3     2   9492.7    0.967     2
   126    3     2   1036.8    0.553     2
   127    3     2    945.2    0.383     3
   128    3     2    479.7    0.049     0
   129    3     2    497.0    0.054     0
   130    3     2    479.7    0.049     0
   131    3     2    479.4    0.049     0
   132    3     2    479.4    0.049     0
   133    3     2   1162.1    0.504     3
   134    3     2    566.4    0.143     3
   135    3     2    501.2    0.140     2
   136    3     2    284.8    0.040     3
   137    3     2   1467.8    0.198     2
   138    3     2    962.5    0.533     3
   139    3     2    454.3    0.047     0
   140    3     2    352.2    0.077     0
   141    3     2    479.4    0.077     0
   142    3     2   7711.9    0.864     2
   143    3     2   1432.2    0.490     2
   144    3     2    972.7    0.108     0
   145    3     2    378.8    0.039     0
   146    3     2    539.4    0.058     0
   147    3     2    350.9    0.042     2
   148    3     2    479.7    0.049     0
   149    3     2    155.9    0.387     3
   150    3     2    446.9    0.047     0
Total extinctions: 0
Generation time: 28.227 sec (26.248 average)
 ****** Running generation 4 ******
Average fitness:
2385.207652405386
Best fitness:
9815.786729263753
Population's average fitness: 2322.19273 stdev: 3304.55290
Best fitness: 9742.44217 - size: (6, 14) - species 126 - id 240
Average adjusted fitness: 0.238
Mean genetic distance 3.157, standard deviation 0.321
Population of 300 members in 150 species:
   ID   age  size  fitness  adj fit  stag
  ====  ===  ====  =======  =======  ====
     1    4     2    268.0    0.027     1
     2    4     2    671.5    0.163     4
     3    4     2    267.9    0.073     4
     4    4     2    267.8    0.027     1
     5    4     2    270.9    0.062     4
     6    4     2    268.3    0.029     1
     7    4     2   9238.6    0.958     3
     8    4     2    309.9    0.251     4
     9    4     2    382.4    0.040     1
    10    4     2    268.0    0.027     1
    11    4     2    795.1    0.082     3
    12    4     2    188.1    0.028     4
    13    4     2    324.9    0.034     3
    14    4     2    268.0    0.027     1
    15    4     2    361.1    0.229     1
    16    4     2      3.9    0.069     4
    17    4     2    268.0    0.028     1
    18    4     2    116.0    0.441     4
    19    4     2   4137.8    0.697     1
    20    4     2    268.0    0.100     4
    21    4     2    269.0    0.033     1
    22    4     2    801.2    0.537     4
    23    4     2   1102.9    0.549     4
    24    4     2    310.5    0.486     4
    25    4     2    451.0    0.079     4
    26    4     2    268.2    0.100     4
    27    4     2   1056.8    0.450     0
    28    4     2    263.9    0.494     4
    29    4     2    268.3    0.056     1
    30    4     2   9664.4    0.992     3
    31    4     2    285.1    0.030     1
    32    4     2    327.2    0.512     4
    33    4     2    764.9    0.119     4
    34    4     2    385.7    0.048     4
    35    4     2    269.0    0.033     1
    36    4     2    291.4    0.050     1
    37    4     2    674.5    0.075     3
    38    4     2    265.7    0.039     1
    39    4     2    906.0    0.544     1
    40    4     2    811.3    0.483     1
    41    4     2    836.1    0.537     1
    42    4     2     14.2    0.460     4
    43    4     2   9627.2    0.990     3
    44    4     2   5731.3    0.658     4
    45    4     2   6267.5    0.770     1
    46    4     2    268.0    0.027     1
    47    4     2    268.9    0.053     1
    48    4     2   9662.9    0.992     3
    49    4     2   7532.2    0.871     3
    50    4     2    266.2    0.027     1
    51    4     2   9664.5    0.992     3
    52    4     2    258.6    0.027     1
    53    4     2    239.2    0.123     1
    54    4     2   8647.8    0.931     4
    55    4     2    266.4    0.027     1
    56    4     2   1480.4    0.572     4
    57    4     2    272.3    0.030     1
    58    4     2    297.2    0.457     4
    59    4     2    269.7    0.049     1
    60    4     2    995.9    0.159     1
    61    4     2    268.3    0.082     1
    62    4     2    268.0    0.027     1
    63    4     2   1030.3    0.429     4
    64    4     2    939.3    0.482     4
    65    4     2    801.4    0.195     4
    66    4     2   1058.6    0.243     4
    67    4     2    268.1    0.510     4
    68    4     2    268.1    0.027     1
    69    4     2    380.3    0.411     4
    70    4     2    691.4    0.076     3
    71    4     2    581.4    0.141     4
    72    4     2    100.3    0.034     1
    73    4     2   1108.7    0.114     1
    74    4     2    801.2    0.102     4
    75    4     2    269.4    0.041     1
    76    4     2    305.5    0.033     1
    77    4     2    257.6    0.088     4
    78    4     2    268.1    0.032     1
    79    4     2    270.2    0.040     1
    80    4     2   1133.2    0.120     3
    81    4     2   7382.1    0.822     4
    82    4     2    995.8    0.485     4
    83    4     2    265.6    0.027     1
    84    4     2    134.9    0.171     1
    85    4     2    268.1    0.180     1
    86    4     2    267.9    0.027     1
    87    4     2    268.2    0.058     4
    88    4     2    280.9    0.496     1
    89    4     2    393.8    0.061     1
    90    4     2    268.0    0.027     1
    91    4     2    263.9    0.065     1
    92    4     2    618.5    0.071     4
    93    4     2    735.2    0.321     4
    94    4     2    449.6    0.248     1
    95    4     2   2151.5    0.593     4
    96    4     2    268.1    0.028     1
    97    4     2    722.2    0.078     3
    98    4     2    792.0    0.094     3
    99    4     2    331.9    0.070     4
   100    4     2   1039.4    0.548     4
   101    4     2    269.3    0.028     1
   102    4     2    268.0    0.027     1
   103    4     2    546.1    0.112     3
   104    4     2    168.9    0.022     4
   105    4     2   1784.6    0.209     4
   106    4     2    534.2    0.065     1
   107    4     2   3931.3    0.404     3
   108    4     2    268.2    0.027     1
   109    4     2    307.7    0.032     1
   110    4     2   1127.2    0.158     4
   111    4     2    728.1    0.108     1
   112    4     2    361.1    0.043     1
   113    4     2    269.2    0.037     1
   114    4     2    702.6    0.077     3
   115    4     2    268.0    0.027     1
   116    4     2    267.3    0.027     1
   117    4     2    726.7    0.519     3
   118    4     2    909.2    0.100     3
   119    4     2    633.3    0.528     4
   120    4     2    285.2    0.084     1
   121    4     2    268.1    0.027     1
   122    4     2   2598.8    0.520     4
   123    4     2    283.3    0.032     1
   124    4     2   9663.7    0.992     3
   125    4     2   9663.8    0.992     3
   126    4     2   1011.4    0.552     3
   127    4     2    902.1    0.390     4
   128    4     2    268.0    0.027     1
   129    4     2    442.6    0.063     1
   130    4     2    268.0    0.027     1
   131    4     2    268.0    0.027     1
   132    4     2    268.3    0.027     1
   133    4     2   1099.1    0.513     4
   134    4     2    795.1    0.170     4
   135    4     2    560.7    0.155     0
   136    4     2    278.0    0.029     4
   137    4     2   1606.6    0.215     3
   138    4     2    691.6    0.531     4
   139    4     2    226.0    0.025     1
   140    4     2     50.8    0.059     1
   141    4     2    267.5    0.066     1
   142    4     2   7982.2    0.894     3
   143    4     2   1450.4    0.489     3
   144    4     2    675.4    0.080     1
   145    4     2    252.9    0.040     1
   146    4     2    338.3    0.055     1
   147    4     2    406.9    0.050     3
   148    4     2    268.0    0.031     1
   149    4     2    472.9    0.415     0
   150    4     2    280.6    0.035     1
Total extinctions: 0
Generation time: 26.361 sec (26.271 average)
 ****** Running generation 5 ******
Average fitness:
2322.1927289569526
Best fitness:
