 ****** Running generation 0 ******
Runlength = 0
Population's average fitness: 8.33744 stdev: 8.56425
Best fitness: 86.67666 - size: (6, 15) - species 33 - id 33
Average adjusted fitness: 0.076
Mean genetic distance 3.159, standard deviation 0.314
Population of 301 members in 150 species:
   ID   age  size  fitness  adj fit  stag
  ====  ===  ====  =======  =======  ====
     1    0     2      4.0    0.024     0
     2    0     2     10.0    0.095     0
     3    0     2     10.0    0.095     0
     4    0     2      9.9    0.095     0
     5    0     2      9.3    0.087     0
     6    0     2     51.0    0.579     0
     7    0     2     16.8    0.176     0
     8    0     2      7.9    0.071     0
     9    0     2      5.6    0.043     0
    10    0     2      9.7    0.092     0
    11    0     2      9.3    0.087     0
    12    0     2     10.0    0.095     0
    13    0     2      9.9    0.094     0
    14    0     2     10.7    0.104     0
    15    0     2      7.9    0.071     0
    16    0     2      3.5    0.018     0
    17    0     2     10.0    0.095     0
    18    0     2      5.9    0.047     0
    19    0     2      1.9    0.000     0
    20    0     2      4.2    0.027     0
    21    0     2      2.9    0.012     0
    22    0     2      7.5    0.066     0
    23    0     2      1.9    0.000     0
    24    0     2      8.8    0.082     0
    25    0     2      6.0    0.048     0
    26    0     2     10.0    0.095     0
    27    0     2      9.7    0.092     0
    28    0     2      4.5    0.030     0
    29    0     2     10.0    0.095     0
    30    0     2      9.2    0.086     0
    31    0     2      9.1    0.085     0
    32    0     2     10.0    0.095     0
    33    0     3     86.7    1.000     0
    34    0     2      6.5    0.054     0
    35    0     2      9.2    0.086     0
    36    0     2     10.0    0.095     0
    37    0     2     10.1    0.096     0
    38    0     2      2.3    0.005     0
    39    0     2      7.7    0.069     0
    40    0     2     10.5    0.102     0
    41    0     2      4.8    0.034     0
    42    0     2      3.1    0.014     0
    43    0     2     10.0    0.095     0
    44    0     2      1.9    0.000     0
    45    0     2     28.0    0.308     0
    46    0     2     10.6    0.103     0
    47    0     2      6.8    0.058     0
    48    0     2     10.0    0.095     0
    49    0     2      2.1    0.002     0
    50    0     2      9.5    0.090     0
    51    0     2     10.0    0.095     0
    52    0     2      4.2    0.027     0
    53    0     2      1.9    0.000     0
    54    0     2      1.9    0.000     0
    55    0     2      9.4    0.089     0
    56    0     2     10.0    0.095     0
    57    0     2      1.9    0.000     0
    58    0     2     10.0    0.095     0
    59    0     2      9.9    0.094     0
    60    0     2      3.0    0.013     0
    61    0     2      3.9    0.023     0
    62    0     2     10.0    0.095     0
    63    0     2      9.6    0.090     0
    64    0     2      9.6    0.090     0
    65    0     2      1.9    0.000     0
    66    0     2      4.8    0.034     0
    67    0     2     10.9    0.106     0
    68    0     2     13.5    0.136     0
    69    0     2      1.9    0.000     0
    70    0     2      9.9    0.095     0
    71    0     2      2.2    0.004     0
    72    0     2      4.3    0.028     0
    73    0     2     10.2    0.098     0
    74    0     2      7.8    0.069     0
    75    0     2      6.0    0.048     0
    76    0     2     10.0    0.095     0
    77    0     2      7.7    0.069     0
    78    0     2      6.0    0.049     0
    79    0     2     10.8    0.104     0
    80    0     2      7.8    0.069     0
    81    0     2      6.6    0.055     0
    82    0     2      9.5    0.090     0
    83    0     2      5.9    0.047     0
    84    0     2      6.1    0.049     0
    85    0     2     10.0    0.095     0
    86    0     2      5.9    0.047     0
    87    0     2      5.3    0.040     0
    88    0     2      5.8    0.046     0
    89    0     2     10.1    0.097     0
    90    0     2     39.4    0.443     0
    91    0     2      8.8    0.081     0
    92    0     2      2.1    0.002     0
    93    0     2      5.9    0.047     0
    94    0     2      5.5    0.042     0
    95    0     2     10.0    0.095     0
    96    0     2      1.9    0.000     0
    97    0     2      7.8    0.070     0
    98    0     2      6.4    0.053     0
    99    0     2     11.5    0.113     0
   100    0     2     11.5    0.113     0
   101    0     2      2.2    0.003     0
   102    0     2      1.9    0.000     0
   103    0     2      9.6    0.090     0
   104    0     2     10.7    0.103     0
   105    0     2     10.0    0.095     0
   106    0     2      6.8    0.057     0
   107    0     2      9.9    0.095     0
   108    0     2     10.0    0.095     0
   109    0     2     10.0    0.095     0
   110    0     2      2.4    0.006     0
   111    0     2      6.5    0.054     0
   112    0     2      6.6    0.055     0
   113    0     2      9.9    0.095     0
   114    0     2      9.9    0.094     0
   115    0     2      9.0    0.084     0
   116    0     2     10.4    0.100     0
   117    0     2      3.5    0.019     0
   118    0     2      9.1    0.085     0
   119    0     2      1.9    0.000     0
   120    0     2      1.9    0.000     0
   121    0     2     10.0    0.095     0
   122    0     2      7.1    0.061     0
   123    0     2      7.7    0.069     0
   124    0     2     10.0    0.095     0
   125    0     2      1.9    0.000     0
   126    0     2      6.2    0.050     0
   127    0     2      7.9    0.070     0
   128    0     2      9.4    0.089     0
   129    0     2      6.4    0.053     0
   130    0     2     10.0    0.095     0
   131    0     2      3.3    0.016     0
   132    0     2     10.0    0.095     0
   133    0     2     10.0    0.095     0
   134    0     2      2.1    0.003     0
   135    0     2      6.4    0.053     0
   136    0     2      7.7    0.068     0
   137    0     2      2.0    0.001     0
   138    0     2      9.9    0.094     0
   139    0     2      7.6    0.067     0
   140    0     2      6.1    0.049     0
   141    0     2      1.9    0.000     0
   142    0     2     10.0    0.095     0
   143    0     2      1.9    0.000     0
   144    0     2      8.0    0.071     0
   145    0     2      3.7    0.022     0
   146    0     2      2.6    0.008     0
   147    0     2      3.7    0.021     0
   148    0     2      5.9    0.047     0
   149    0     2      9.8    0.093     0
   150    0     2      5.9    0.047     0
Total extinctions: 0
Generation time: 3.460 sec
 ****** Running generation 1 ******
Runlength = 3.0231144428253174
Population's average fitness: 6.41686 stdev: 7.26196
Best fitness: 89.91446 - size: (6, 15) - species 50 - id 50
Average adjusted fitness: 0.059
Mean genetic distance 3.159, standard deviation 0.314
Population of 301 members in 150 species:
   ID   age  size  fitness  adj fit  stag
  ====  ===  ====  =======  =======  ====
     1    1     2      9.5    0.054     0
     2    1     2     10.0    0.097     0
     3    1     2     10.0    0.073     0
     4    1     2      9.3    0.079     1
     5    1     2      8.5    0.042     1
     6    1     2     35.1    0.362     1
     7    1     2      5.4    0.040     1
     8    1     2      3.8    0.015     1
     9    1     2      7.2    0.050     0
    10    1     2      5.3    0.037     1
    11    1     2     12.5    0.113     0
    12    1     2     10.0    0.100     0
    13    1     2     10.0    0.099     0
    14    1     2     15.7    0.142     0
    15    1     2      8.2    0.055     0
    16    1     2      2.1    0.008     1
    17    1     2      9.9    0.088     1
    18    1     2      4.3    0.034     1
    19    1     2      3.5    0.013     0
    20    1     2      2.3    0.013     1
    21    1     2      4.8    0.021     0
    22    1     2     10.1    0.067     0
    23    1     2      7.5    0.036     0
    24    1     2      4.1    0.017     1
    25    1     2      5.2    0.042     1
    26    1     2      8.8    0.085     1
    27    1     2      9.5    0.092     1
    28    1     2     10.0    0.073     0
    29    1     2      9.9    0.098     1
    30    1     2     12.4    0.113     0
    31    1     2     10.8    0.084     0
    32    1     2     10.0    0.099     0
    33    1     2     13.5    0.068     1
    34    1     2      6.5    0.047     0
    35    1     2      5.2    0.038     1
    36    1     2     10.1    0.100     0
    37    1     2     10.1    0.096     1
    38    1     2      2.8    0.010     0
    39    1     2      3.7    0.015     1
    40    1     2      7.8    0.059     1
    41    1     2     10.1    0.060     0
    42    1     2      1.9    0.005     1
    43    1     2      7.5    0.071     1
    44    1     2      1.6    0.003     1
    45    1     2     24.6    0.175     1
    46    1     2     10.1    0.097     1
    47    1     2      7.5    0.054     0
    48    1     2     10.0    0.086     1
    49    1     2      2.3    0.007     0
    50    1     3     89.9    0.565     0
    51    1     2     10.0    0.099     0
    52    1     2      4.4    0.030     0
    53    1     2      1.3    0.001     1
    54    1     2      8.9    0.044     0
    55    1     2      9.7    0.074     0
    56    1     2     10.0    0.099     1
    57    1     2      2.5    0.008     0
    58    1     2     10.0    0.097     1
    59    1     2      5.9    0.040     1
    60    1     2      1.7    0.006     1
    61    1     2      2.2    0.006     1
    62    1     2     10.0    0.064     1
    63    1     2     61.6    0.409     0
    64    1     2     10.1    0.051     0
    65    1     2      2.5    0.008     0
    66    1     2      3.4    0.022     1
    67    1     2      4.9    0.021     1
    68    1     2      3.3    0.016     1
    69    1     2      1.3    0.001     1
    70    1     2      5.3    0.038     1
    71    1     2     10.1    0.051     0
    72    1     2      9.4    0.056     0
    73    1     2     10.3    0.101     0
    74    1     2      3.7    0.020     1
    75    1     2      3.9    0.022     1
    76    1     2     12.9    0.115     0
    77    1     2      8.3    0.054     0
    78    1     2      4.2    0.032     1
    79    1     2      1.7    0.003     1
    80    1     2     10.1    0.051     0
    81    1     2      3.7    0.018     1
    82    1     2     11.2    0.076     0
    83    1     2      4.1    0.016     1
    84    1     2      4.2    0.034     1
    85    1     2     10.1    0.088     0
    86    1     2      4.2    0.033     1
    87    1     2     10.1    0.101     0
    88    1     2      6.9    0.045     0
    89    1     2     10.1    0.101     1
    90    1     2     13.3    0.093     1
    91    1     2      9.9    0.087     0
    92    1     2      1.9    0.005     1
    93    1     2      4.1    0.033     1
    94    1     2      3.4    0.019     1
    95    1     2     10.0    0.071     0
    96    1     2      1.2    0.000     1
    97    1     2     10.4    0.100     0
    98    1     2      2.9    0.018     1
    99    1     2      3.1    0.012     1
   100    1     2     12.4    0.111     0
   101    1     2      2.1    0.006     1
   102    1     2      1.2    0.000     1
   103    1     2      6.0    0.028     1
   104    1     2      7.8    0.070     1
   105    1     2     10.0    0.099     0
   106    1     2      5.8    0.026     1
   107    1     2      8.3    0.065     1
   108    1     2     10.1    0.091     0
   109    1     2     10.0    0.065     0
   110    1     2      4.2    0.019     0
   111    1     2      3.7    0.014     1
   112    1     2      4.8    0.041     1
   113    1     2      8.8    0.055     1
   114    1     2     10.7    0.086     0
   115    1     2      6.3    0.029     1
   116    1     2      5.9    0.035     1
   117    1     2     10.0    0.064     0
   118    1     2      5.6    0.035     1
   119    1     2      3.7    0.014     0
   120    1     2      1.2    0.000     1
   121    1     2     10.0    0.099     1
   122    1     2     10.0    0.081     0
   123    1     2      4.1    0.021     1
   124    1     2     10.0    0.099     1
   125    1     2      1.2    0.000     1
   126    1     2      4.0    0.016     1
   127    1     2      5.9    0.041     1
   128    1     2      7.3    0.038     1
   129    1     2      5.0    0.038     1
   130    1     2      9.9    0.085     1
   131    1     2      9.1    0.049     0
   132    1     2     10.0    0.100     0
   133    1     2     10.0    0.099     0
   134    1     2      3.9    0.016     0
   135    1     2      4.1    0.032     1
   136    1     2      9.6    0.061     0
   137    1     2      1.2    0.001     1
   138    1     2      9.4    0.064     1
   139    1     2      6.4    0.051     1
   140    1     2      4.2    0.034     1
   141    1     2      1.2    0.000     1
   142    1     2      9.9    0.081     1
   143    1     2      7.4    0.035     0
   144    1     2      3.7    0.015     1
   145    1     2      2.4    0.014     1
   146    1     2     10.1    0.053     0
   147    1     2      2.0    0.005     1
   148    1     2      4.1    0.032     1
   149    1     2     18.4    0.134     0
   150    1     2      6.2    0.042     0
Total extinctions: 0
Generation time: 6.109 sec (4.785 average)
 ****** Running generation 2 ******
Runlength = 5.655184507369995
Population's average fitness: 7.87631 stdev: 7.32557
Best fitness: 87.14630 - size: (6, 15) - species 33 - id 33
Average adjusted fitness: 0.089
Mean genetic distance 3.160, standard deviation 0.314
Population of 300 members in 150 species:
   ID   age  size  fitness  adj fit  stag
  ====  ===  ====  =======  =======  ====
     1    2     2      8.0    0.070     1
     2    2     2     10.0    0.113     1
     3    2     2     10.0    0.099     1
     4    2     2      9.9    0.112     0
     5    2     2      9.8    0.067     0
     6    2     2     62.1    0.552     0
     7    2     2     11.4    0.114     2
     8    2     2      7.8    0.056     2
     9    2     2      6.9    0.072     1
    10    2     2      7.8    0.088     2
    11    2     2      9.9    0.110     1
    12    2     2     10.0    0.113     1
    13    2     2     10.0    0.113     1
    14    2     2      9.9    0.113     1
    15    2     2     10.5    0.104     0
    16    2     2      3.7    0.035     0
    17    2     2     10.0    0.113     0
    18    2     2      6.6    0.070     0
    19    2     2      4.0    0.034     0
    20    2     2      4.6    0.049     0
    21    2     2      8.3    0.058     0
    22    2     2      7.3    0.081     1
    23    2     2      2.6    0.025     1
    24    2     2      8.2    0.071     2
    25    2     2      5.9    0.065     2
    26    2     2     10.4    0.116     0
    27    2     2      9.8    0.112     0
    28    2     2      7.9    0.071     1
    29    2     2     10.0    0.113     0
    30    2     2     10.1    0.112     1
    31    2     2      8.6    0.085     1
    32    2     2     10.0    0.113     1
    33    2     2     87.1    0.562     0
    34    2     2      9.4    0.104     0
    35    2     2      8.7    0.098     2
    36    2     2     10.0    0.113     1
    37    2     2     10.0    0.113     2
    38    2     2      5.6    0.045     0
    39    2     2      7.7    0.057     2
    40    2     2      9.7    0.106     2
    41    2     2     10.0    0.084     1
    42    2     2      3.2    0.031     0
    43    2     2     10.0    0.113     2
    44    2     2      2.6    0.025     0
    45    2     2     24.5    0.198     2
    46    2     2     10.1    0.114     2
    47    2     2      8.4    0.085     0
    48    2     2     10.0    0.113     0
    49    2     2      2.7    0.027     0
    50    2     2      9.9    0.100     1
    51    2     2     10.0    0.113     1
    52    2     2      5.2    0.054     0
    53    2     2      2.2    0.023     0
    54    2     2      9.8    0.067     0
    55    2     2     11.2    0.121     0
    56    2     2     10.0    0.113     2
    57    2     2      5.0    0.039     0
    58    2     2     10.0    0.113     2
    59    2     2      9.3    0.099     2
    60    2     2      3.8    0.039     0
    61    2     2      4.0    0.034     0
    62    2     2     10.0    0.100     2
    63    2     2     10.1    0.111     1
    64    2     2      9.9    0.067     1
    65    2     2      5.4    0.042     0
    66    2     2      5.0    0.056     0
    67    2     2      9.3    0.064     2
    68    2     2     13.3    0.095     2
    69    2     2     30.2    0.184     0
    70    2     2      9.9    0.093     2
    71    2     2      2.4    0.024     1
    72    2     2      9.7    0.080     0
    73    2     2     11.7    0.125     0
    74    2     2      7.7    0.065     2
    75    2     2      6.3    0.063     0
    76    2     2     10.0    0.108     1
    77    2     2      8.1    0.089     1
    78    2     2      6.0    0.067     2
    79    2     2      9.4    0.069     2
    80    2     2      7.7    0.087     1
    81    2     2      7.7    0.060     0
    82    2     2      9.5    0.068     1
    83    2     2      5.9    0.044     2
    84    2     2      6.0    0.068     2
    85    2     2      9.9    0.112     1
    86    2     2      5.9    0.066     0
    87    2     2      5.8    0.056     1
    88    2     2      6.2    0.060     1
    89    2     2     10.2    0.115     0
    90    2     2     36.8    0.259     2
    91    2     2     10.0    0.106     0
    92    2     2      2.3    0.023     0
    93    2     2      5.9    0.066     0
    94    2     2      5.7    0.063     0
    95    2     2     10.0    0.105     1
    96    2     2      2.0    0.022     0
    97    2     2      9.1    0.097     1
    98    2     2      5.7    0.060     2
    99    2     2      9.7    0.068     2
   100    2     2     48.7    0.336     0
   101    2     2      8.1    0.058     0
   102    2     2      2.0    0.022     0
   103    2     2      8.4    0.059     2
   104    2     2     10.0    0.110     2
   105    2     2     10.0    0.113     1
   106    2     2      6.7    0.038     2
   107    2     2      9.9    0.111     2
   108    2     2     10.9    0.119     0
   109    2     2     10.0    0.093     1
   110    2     2      5.8    0.047     0
   111    2     2      7.7    0.054     0
   112    2     2      7.7    0.080     0
   113    2     2     10.0    0.084     0
   114    2     2     10.0    0.108     1
   115    2     2      8.2    0.058     2
   116    2     2      7.5    0.066     2
   117    2     2      9.9    0.078     1
   118    2     2      9.8    0.100     0
   119    2     2      7.7    0.055     0
   120    2     2      2.1    0.022     0
   121    2     2     10.0    0.113     2
   122    2     2     10.0    0.097     1
   123    2     2      7.7    0.076     2
   124    2     2     10.0    0.113     2
   125    2     2      2.1    0.023     0
   126    2     2      5.6    0.042     2
   127    2     2     11.7    0.111     0
   128    2     2      9.4    0.069     2
   129    2     2      6.3    0.070     2
   130    2     2     10.0    0.113     2
   131    2     2     10.9    0.081     0
   132    2     2     10.0    0.113     1
   133    2     2     10.0    0.113     1
   134    2     2      8.1    0.058     0
   135    2     2      6.5    0.070     0
   136    2     2      9.1    0.098     1
   137    2     2      2.1    0.023     0
   138    2     2      9.9    0.101     0
   139    2     2      9.5    0.100     0
   140    2     2      6.0    0.067     2
   141    2     2      2.0    0.022     0
   142    2     2     10.0    0.113     2
   143    2     2      9.9    0.068     0
   144    2     2      7.7    0.055     2
   145    2     2      4.5    0.047     0
   146    2     2      8.4    0.063     1
   147    2     2      9.8    0.077     0
   148    2     2      5.8    0.066     2
   149    2     2      9.5    0.105     1
   150    2     2      7.4    0.077     0
Total extinctions: 0
Generation time: 6.228 sec (5.266 average)
 ****** Running generation 3 ******
