2022-05-23 11:42:55,086 INFO    MainThread:16896 [internal.py:wandb_internal():90] W&B internal server running at pid: 16896, started at: 2022-05-23 11:42:55.086147
2022-05-23 11:42:55,088 INFO    WriterThread:16896 [datastore.py:open_for_write():75] open: C:\Projects\Code\Neurals\wandb\run-20220523_114253-2pltvp06\run-2pltvp06.wandb
2022-05-23 11:42:55,096 DEBUG   SenderThread:16896 [sender.py:send():232] send: header
2022-05-23 11:42:55,096 DEBUG   SenderThread:16896 [sender.py:send():232] send: run
2022-05-23 11:42:55,462 INFO    SenderThread:16896 [dir_watcher.py:__init__():197] watching files in: C:\Projects\Code\Neurals\wandb\run-20220523_114253-2pltvp06\files
2022-05-23 11:42:55,462 DEBUG   HandlerThread:16896 [handler.py:handle_request():141] handle_request: check_version
2022-05-23 11:42:55,471 INFO    SenderThread:16896 [sender.py:_start_run_threads():811] run started: 2pltvp06 with start time 1653270173
2022-05-23 11:42:55,471 DEBUG   SenderThread:16896 [sender.py:send():232] send: summary
2022-05-23 11:42:55,472 INFO    SenderThread:16896 [sender.py:_save_file():948] saving file wandb-summary.json with policy end
2022-05-23 11:42:55,472 DEBUG   SenderThread:16896 [sender.py:send_request():246] send_request: check_version
2022-05-23 11:42:55,676 DEBUG   HandlerThread:16896 [handler.py:handle_request():141] handle_request: run_start
2022-05-23 11:42:56,477 INFO    Thread-11 :16896 [dir_watcher.py:_on_file_created():244] file/dir created: C:\Projects\Code\Neurals\wandb\run-20220523_114253-2pltvp06\files\wandb-summary.json
2022-05-23 11:42:57,619 DEBUG   HandlerThread:16896 [meta.py:__init__():35] meta init
2022-05-23 11:42:57,619 DEBUG   HandlerThread:16896 [meta.py:__init__():49] meta init done
2022-05-23 11:42:57,619 DEBUG   HandlerThread:16896 [meta.py:probe():209] probe
2022-05-23 11:42:57,640 DEBUG   HandlerThread:16896 [git.py:repo():29] git repository is invalid
2022-05-23 11:42:57,640 DEBUG   HandlerThread:16896 [meta.py:_save_pip():53] save pip
2022-05-23 11:42:57,641 DEBUG   HandlerThread:16896 [meta.py:_save_pip():67] save pip done
2022-05-23 11:42:57,642 DEBUG   HandlerThread:16896 [meta.py:probe():247] probe done
2022-05-23 11:42:57,645 DEBUG   SenderThread:16896 [sender.py:send():232] send: files
2022-05-23 11:42:57,645 INFO    SenderThread:16896 [sender.py:_save_file():948] saving file wandb-metadata.json with policy now
2022-05-23 11:42:57,654 DEBUG   HandlerThread:16896 [handler.py:handle_request():141] handle_request: stop_status
2022-05-23 11:42:57,654 DEBUG   SenderThread:16896 [sender.py:send_request():246] send_request: stop_status
2022-05-23 11:42:57,932 DEBUG   SenderThread:16896 [sender.py:send():232] send: telemetry
2022-05-23 11:42:58,453 INFO    Thread-15 :16896 [upload_job.py:push():132] Uploaded file C:\Users\MAXIMN~1\AppData\Local\Temp\tmpplo5mjuowandb\22rbdxqm-wandb-metadata.json
2022-05-23 11:42:58,494 INFO    Thread-11 :16896 [dir_watcher.py:_on_file_created():244] file/dir created: C:\Projects\Code\Neurals\wandb\run-20220523_114253-2pltvp06\files\output.log
2022-05-23 11:42:58,495 INFO    Thread-11 :16896 [dir_watcher.py:_on_file_created():244] file/dir created: C:\Projects\Code\Neurals\wandb\run-20220523_114253-2pltvp06\files\wandb-metadata.json
2022-05-23 11:42:58,495 INFO    Thread-11 :16896 [dir_watcher.py:_on_file_created():244] file/dir created: C:\Projects\Code\Neurals\wandb\run-20220523_114253-2pltvp06\files\requirements.txt
2022-05-23 11:43:00,504 INFO    Thread-11 :16896 [dir_watcher.py:_on_file_modified():257] file/dir modified: C:\Projects\Code\Neurals\wandb\run-20220523_114253-2pltvp06\files\output.log
2022-05-23 11:43:01,156 DEBUG   HandlerThread:16896 [handler.py:handle_request():141] handle_request: partial_history
2022-05-23 11:43:01,157 DEBUG   SenderThread:16896 [sender.py:send():232] send: history
2022-05-23 11:43:01,157 DEBUG   SenderThread:16896 [sender.py:send():232] send: summary
2022-05-23 11:43:01,158 INFO    SenderThread:16896 [sender.py:_save_file():948] saving file wandb-summary.json with policy end
2022-05-23 11:43:01,508 INFO    Thread-11 :16896 [dir_watcher.py:_on_file_modified():257] file/dir modified: C:\Projects\Code\Neurals\wandb\run-20220523_114253-2pltvp06\files\wandb-summary.json
2022-05-23 11:43:02,511 INFO    Thread-11 :16896 [dir_watcher.py:_on_file_modified():257] file/dir modified: C:\Projects\Code\Neurals\wandb\run-20220523_114253-2pltvp06\files\output.log
2022-05-23 11:43:04,522 INFO    Thread-11 :16896 [dir_watcher.py:_on_file_modified():257] file/dir modified: C:\Projects\Code\Neurals\wandb\run-20220523_114253-2pltvp06\files\output.log
2022-05-23 11:43:07,440 DEBUG   HandlerThread:16896 [handler.py:handle_request():141] handle_request: partial_history
2022-05-23 11:43:07,442 DEBUG   SenderThread:16896 [sender.py:send():232] send: history
2022-05-23 11:43:07,442 DEBUG   SenderThread:16896 [sender.py:send():232] send: summary
2022-05-23 11:43:07,444 INFO    SenderThread:16896 [sender.py:_save_file():948] saving file wandb-summary.json with policy end
2022-05-23 11:43:07,529 INFO    Thread-11 :16896 [dir_watcher.py:_on_file_modified():257] file/dir modified: C:\Projects\Code\Neurals\wandb\run-20220523_114253-2pltvp06\files\wandb-summary.json
2022-05-23 11:43:10,542 INFO    Thread-11 :16896 [dir_watcher.py:_on_file_modified():257] file/dir modified: C:\Projects\Code\Neurals\wandb\run-20220523_114253-2pltvp06\files\output.log
2022-05-23 11:43:12,938 DEBUG   HandlerThread:16896 [handler.py:handle_request():141] handle_request: stop_status
2022-05-23 11:43:12,938 DEBUG   SenderThread:16896 [sender.py:send_request():246] send_request: stop_status
2022-05-23 11:43:13,650 DEBUG   HandlerThread:16896 [handler.py:handle_request():141] handle_request: partial_history
2022-05-23 11:43:13,651 DEBUG   SenderThread:16896 [sender.py:send():232] send: history
2022-05-23 11:43:13,651 DEBUG   SenderThread:16896 [sender.py:send():232] send: summary
2022-05-23 11:43:13,652 INFO    SenderThread:16896 [sender.py:_save_file():948] saving file wandb-summary.json with policy end
2022-05-23 11:43:14,570 INFO    Thread-11 :16896 [dir_watcher.py:_on_file_modified():257] file/dir modified: C:\Projects\Code\Neurals\wandb\run-20220523_114253-2pltvp06\files\wandb-summary.json
2022-05-23 11:43:16,595 INFO    Thread-11 :16896 [dir_watcher.py:_on_file_modified():257] file/dir modified: C:\Projects\Code\Neurals\wandb\run-20220523_114253-2pltvp06\files\output.log
2022-05-23 11:43:20,215 DEBUG   HandlerThread:16896 [handler.py:handle_request():141] handle_request: partial_history
2022-05-23 11:43:20,216 DEBUG   SenderThread:16896 [sender.py:send():232] send: history
2022-05-23 11:43:20,216 DEBUG   SenderThread:16896 [sender.py:send():232] send: summary
2022-05-23 11:43:20,218 INFO    SenderThread:16896 [sender.py:_save_file():948] saving file wandb-summary.json with policy end
2022-05-23 11:43:20,621 INFO    Thread-11 :16896 [dir_watcher.py:_on_file_modified():257] file/dir modified: C:\Projects\Code\Neurals\wandb\run-20220523_114253-2pltvp06\files\wandb-summary.json
2022-05-23 11:43:22,629 INFO    Thread-11 :16896 [dir_watcher.py:_on_file_modified():257] file/dir modified: C:\Projects\Code\Neurals\wandb\run-20220523_114253-2pltvp06\files\output.log
2022-05-23 11:43:26,538 DEBUG   HandlerThread:16896 [handler.py:handle_request():141] handle_request: partial_history
2022-05-23 11:43:26,539 DEBUG   SenderThread:16896 [sender.py:send():232] send: history
2022-05-23 11:43:26,539 DEBUG   SenderThread:16896 [sender.py:send():232] send: summary
2022-05-23 11:43:26,542 INFO    SenderThread:16896 [sender.py:_save_file():948] saving file wandb-summary.json with policy end
2022-05-23 11:43:26,638 INFO    Thread-11 :16896 [dir_watcher.py:_on_file_modified():257] file/dir modified: C:\Projects\Code\Neurals\wandb\run-20220523_114253-2pltvp06\files\config.yaml
2022-05-23 11:43:26,639 INFO    Thread-11 :16896 [dir_watcher.py:_on_file_modified():257] file/dir modified: C:\Projects\Code\Neurals\wandb\run-20220523_114253-2pltvp06\files\wandb-summary.json
2022-05-23 11:43:28,431 DEBUG   HandlerThread:16896 [handler.py:handle_request():141] handle_request: stop_status
2022-05-23 11:43:28,431 DEBUG   SenderThread:16896 [sender.py:send_request():246] send_request: stop_status
2022-05-23 11:43:28,646 INFO    Thread-11 :16896 [dir_watcher.py:_on_file_modified():257] file/dir modified: C:\Projects\Code\Neurals\wandb\run-20220523_114253-2pltvp06\files\output.log
2022-05-23 11:43:29,057 DEBUG   SenderThread:16896 [sender.py:send():232] send: stats
2022-05-23 11:43:32,840 DEBUG   HandlerThread:16896 [handler.py:handle_request():141] handle_request: partial_history
2022-05-23 11:43:32,841 DEBUG   SenderThread:16896 [sender.py:send():232] send: history
2022-05-23 11:43:32,841 DEBUG   SenderThread:16896 [sender.py:send():232] send: summary
2022-05-23 11:43:32,843 INFO    SenderThread:16896 [sender.py:_save_file():948] saving file wandb-summary.json with policy end
2022-05-23 11:43:33,664 INFO    Thread-11 :16896 [dir_watcher.py:_on_file_modified():257] file/dir modified: C:\Projects\Code\Neurals\wandb\run-20220523_114253-2pltvp06\files\wandb-summary.json
2022-05-23 11:43:34,668 INFO    Thread-11 :16896 [dir_watcher.py:_on_file_modified():257] file/dir modified: C:\Projects\Code\Neurals\wandb\run-20220523_114253-2pltvp06\files\output.log
2022-05-23 11:43:38,991 DEBUG   HandlerThread:16896 [handler.py:handle_request():141] handle_request: partial_history
2022-05-23 11:43:38,992 DEBUG   SenderThread:16896 [sender.py:send():232] send: history
2022-05-23 11:43:38,992 DEBUG   SenderThread:16896 [sender.py:send():232] send: summary
2022-05-23 11:43:38,994 INFO    SenderThread:16896 [sender.py:_save_file():948] saving file wandb-summary.json with policy end
2022-05-23 11:43:39,696 INFO    Thread-11 :16896 [dir_watcher.py:_on_file_modified():257] file/dir modified: C:\Projects\Code\Neurals\wandb\run-20220523_114253-2pltvp06\files\wandb-summary.json
2022-05-23 11:43:40,704 INFO    Thread-11 :16896 [dir_watcher.py:_on_file_modified():257] file/dir modified: C:\Projects\Code\Neurals\wandb\run-20220523_114253-2pltvp06\files\output.log
2022-05-23 11:43:43,721 DEBUG   HandlerThread:16896 [handler.py:handle_request():141] handle_request: stop_status
2022-05-23 11:43:43,721 DEBUG   SenderThread:16896 [sender.py:send_request():246] send_request: stop_status
2022-05-23 11:43:45,169 DEBUG   HandlerThread:16896 [handler.py:handle_request():141] handle_request: partial_history
2022-05-23 11:43:45,170 DEBUG   SenderThread:16896 [sender.py:send():232] send: history
2022-05-23 11:43:45,170 DEBUG   SenderThread:16896 [sender.py:send():232] send: summary
2022-05-23 11:43:45,172 INFO    SenderThread:16896 [sender.py:_save_file():948] saving file wandb-summary.json with policy end
2022-05-23 11:43:45,732 INFO    Thread-11 :16896 [dir_watcher.py:_on_file_modified():257] file/dir modified: C:\Projects\Code\Neurals\wandb\run-20220523_114253-2pltvp06\files\wandb-summary.json
2022-05-23 11:43:46,736 INFO    Thread-11 :16896 [dir_watcher.py:_on_file_modified():257] file/dir modified: C:\Projects\Code\Neurals\wandb\run-20220523_114253-2pltvp06\files\output.log
2022-05-23 11:43:51,602 DEBUG   HandlerThread:16896 [handler.py:handle_request():141] handle_request: partial_history
2022-05-23 11:43:51,603 DEBUG   SenderThread:16896 [sender.py:send():232] send: history
2022-05-23 11:43:51,603 DEBUG   SenderThread:16896 [sender.py:send():232] send: summary
2022-05-23 11:43:51,605 INFO    SenderThread:16896 [sender.py:_save_file():948] saving file wandb-summary.json with policy end
2022-05-23 11:43:51,776 INFO    Thread-11 :16896 [dir_watcher.py:_on_file_modified():257] file/dir modified: C:\Projects\Code\Neurals\wandb\run-20220523_114253-2pltvp06\files\wandb-summary.json
2022-05-23 11:43:52,778 INFO    Thread-11 :16896 [dir_watcher.py:_on_file_modified():257] file/dir modified: C:\Projects\Code\Neurals\wandb\run-20220523_114253-2pltvp06\files\output.log
2022-05-23 11:43:54,788 INFO    Thread-11 :16896 [dir_watcher.py:_on_file_modified():257] file/dir modified: C:\Projects\Code\Neurals\wandb\run-20220523_114253-2pltvp06\files\output.log
2022-05-23 11:43:57,091 DEBUG   HandlerThread:16896 [handler.py:handle_request():141] handle_request: partial_history
2022-05-23 11:43:57,092 DEBUG   SenderThread:16896 [sender.py:send():232] send: history
2022-05-23 11:43:57,092 DEBUG   SenderThread:16896 [sender.py:send():232] send: summary
2022-05-23 11:43:57,093 INFO    SenderThread:16896 [sender.py:_save_file():948] saving file wandb-summary.json with policy end
2022-05-23 11:43:57,797 INFO    Thread-11 :16896 [dir_watcher.py:_on_file_modified():257] file/dir modified: C:\Projects\Code\Neurals\wandb\run-20220523_114253-2pltvp06\files\wandb-summary.json
2022-05-23 11:43:58,799 INFO    Thread-11 :16896 [dir_watcher.py:_on_file_modified():257] file/dir modified: C:\Projects\Code\Neurals\wandb\run-20220523_114253-2pltvp06\files\output.log
2022-05-23 11:43:59,023 DEBUG   HandlerThread:16896 [handler.py:handle_request():141] handle_request: stop_status
2022-05-23 11:43:59,024 DEBUG   SenderThread:16896 [sender.py:send_request():246] send_request: stop_status
2022-05-23 11:44:01,690 DEBUG   HandlerThread:16896 [handler.py:handle_request():141] handle_request: partial_history
2022-05-23 11:44:01,690 DEBUG   SenderThread:16896 [sender.py:send():232] send: history
2022-05-23 11:44:01,691 DEBUG   SenderThread:16896 [sender.py:send():232] send: summary
2022-05-23 11:44:01,693 INFO    SenderThread:16896 [sender.py:_save_file():948] saving file wandb-summary.json with policy end
2022-05-23 11:44:01,811 INFO    Thread-11 :16896 [dir_watcher.py:_on_file_modified():257] file/dir modified: C:\Projects\Code\Neurals\wandb\run-20220523_114253-2pltvp06\files\wandb-summary.json
2022-05-23 11:44:02,647 DEBUG   SenderThread:16896 [sender.py:send():232] send: stats
2022-05-23 11:44:04,823 INFO    Thread-11 :16896 [dir_watcher.py:_on_file_modified():257] file/dir modified: C:\Projects\Code\Neurals\wandb\run-20220523_114253-2pltvp06\files\output.log
2022-05-23 11:44:05,735 DEBUG   HandlerThread:16896 [handler.py:handle_request():141] handle_request: partial_history
2022-05-23 11:44:05,736 DEBUG   SenderThread:16896 [sender.py:send():232] send: history
2022-05-23 11:44:05,737 DEBUG   SenderThread:16896 [sender.py:send():232] send: summary
2022-05-23 11:44:05,738 INFO    SenderThread:16896 [sender.py:_save_file():948] saving file wandb-summary.json with policy end
2022-05-23 11:44:05,828 INFO    Thread-11 :16896 [dir_watcher.py:_on_file_modified():257] file/dir modified: C:\Projects\Code\Neurals\wandb\run-20220523_114253-2pltvp06\files\wandb-summary.json
2022-05-23 11:44:08,843 INFO    Thread-11 :16896 [dir_watcher.py:_on_file_modified():257] file/dir modified: C:\Projects\Code\Neurals\wandb\run-20220523_114253-2pltvp06\files\output.log
2022-05-23 11:44:09,119 DEBUG   HandlerThread:16896 [handler.py:handle_request():141] handle_request: partial_history
2022-05-23 11:44:09,120 DEBUG   SenderThread:16896 [sender.py:send():232] send: history
2022-05-23 11:44:09,120 DEBUG   SenderThread:16896 [sender.py:send():232] send: summary
2022-05-23 11:44:09,121 INFO    SenderThread:16896 [sender.py:_save_file():948] saving file wandb-summary.json with policy end
2022-05-23 11:44:09,846 INFO    Thread-11 :16896 [dir_watcher.py:_on_file_modified():257] file/dir modified: C:\Projects\Code\Neurals\wandb\run-20220523_114253-2pltvp06\files\wandb-summary.json
2022-05-23 11:44:10,851 INFO    Thread-11 :16896 [dir_watcher.py:_on_file_modified():257] file/dir modified: C:\Projects\Code\Neurals\wandb\run-20220523_114253-2pltvp06\files\output.log
2022-05-23 11:44:12,389 DEBUG   HandlerThread:16896 [handler.py:handle_request():141] handle_request: partial_history
2022-05-23 11:44:12,390 DEBUG   SenderThread:16896 [sender.py:send():232] send: history
2022-05-23 11:44:12,390 DEBUG   SenderThread:16896 [sender.py:send():232] send: summary
2022-05-23 11:44:12,392 INFO    SenderThread:16896 [sender.py:_save_file():948] saving file wandb-summary.json with policy end
2022-05-23 11:44:12,859 INFO    Thread-11 :16896 [dir_watcher.py:_on_file_modified():257] file/dir modified: C:\Projects\Code\Neurals\wandb\run-20220523_114253-2pltvp06\files\wandb-summary.json
2022-05-23 11:44:14,332 DEBUG   HandlerThread:16896 [handler.py:handle_request():141] handle_request: stop_status
2022-05-23 11:44:14,333 DEBUG   SenderThread:16896 [sender.py:send_request():246] send_request: stop_status
2022-05-23 11:44:14,864 INFO    Thread-11 :16896 [dir_watcher.py:_on_file_modified():257] file/dir modified: C:\Projects\Code\Neurals\wandb\run-20220523_114253-2pltvp06\files\output.log
2022-05-23 11:44:15,632 DEBUG   HandlerThread:16896 [handler.py:handle_request():141] handle_request: partial_history
2022-05-23 11:44:15,633 DEBUG   SenderThread:16896 [sender.py:send():232] send: history
2022-05-23 11:44:15,633 DEBUG   SenderThread:16896 [sender.py:send():232] send: summary
2022-05-23 11:44:15,634 INFO    SenderThread:16896 [sender.py:_save_file():948] saving file wandb-summary.json with policy end
2022-05-23 11:44:15,870 INFO    Thread-11 :16896 [dir_watcher.py:_on_file_modified():257] file/dir modified: C:\Projects\Code\Neurals\wandb\run-20220523_114253-2pltvp06\files\wandb-summary.json
2022-05-23 11:44:18,491 DEBUG   HandlerThread:16896 [handler.py:handle_request():141] handle_request: partial_history
2022-05-23 11:44:18,491 DEBUG   SenderThread:16896 [sender.py:send():232] send: history
2022-05-23 11:44:18,492 DEBUG   SenderThread:16896 [sender.py:send():232] send: summary
2022-05-23 11:44:18,492 INFO    SenderThread:16896 [sender.py:_save_file():948] saving file wandb-summary.json with policy end
2022-05-23 11:44:18,882 INFO    Thread-11 :16896 [dir_watcher.py:_on_file_modified():257] file/dir modified: C:\Projects\Code\Neurals\wandb\run-20220523_114253-2pltvp06\files\output.log
2022-05-23 11:44:18,883 INFO    Thread-11 :16896 [dir_watcher.py:_on_file_modified():257] file/dir modified: C:\Projects\Code\Neurals\wandb\run-20220523_114253-2pltvp06\files\wandb-summary.json
2022-05-23 11:44:20,892 INFO    Thread-11 :16896 [dir_watcher.py:_on_file_modified():257] file/dir modified: C:\Projects\Code\Neurals\wandb\run-20220523_114253-2pltvp06\files\output.log
2022-05-23 11:44:21,440 DEBUG   HandlerThread:16896 [handler.py:handle_request():141] handle_request: partial_history
2022-05-23 11:44:21,441 DEBUG   SenderThread:16896 [sender.py:send():232] send: history
2022-05-23 11:44:21,441 DEBUG   SenderThread:16896 [sender.py:send():232] send: summary
2022-05-23 11:44:21,442 INFO    SenderThread:16896 [sender.py:_save_file():948] saving file wandb-summary.json with policy end
2022-05-23 11:44:21,895 INFO    Thread-11 :16896 [dir_watcher.py:_on_file_modified():257] file/dir modified: C:\Projects\Code\Neurals\wandb\run-20220523_114253-2pltvp06\files\wandb-summary.json
2022-05-23 11:44:22,903 INFO    Thread-11 :16896 [dir_watcher.py:_on_file_modified():257] file/dir modified: C:\Projects\Code\Neurals\wandb\run-20220523_114253-2pltvp06\files\output.log
2022-05-23 11:44:24,307 DEBUG   HandlerThread:16896 [handler.py:handle_request():141] handle_request: partial_history
2022-05-23 11:44:24,307 DEBUG   SenderThread:16896 [sender.py:send():232] send: history
2022-05-23 11:44:24,308 DEBUG   SenderThread:16896 [sender.py:send():232] send: summary
2022-05-23 11:44:24,310 INFO    SenderThread:16896 [sender.py:_save_file():948] saving file wandb-summary.json with policy end
2022-05-23 11:44:24,922 INFO    Thread-11 :16896 [dir_watcher.py:_on_file_modified():257] file/dir modified: C:\Projects\Code\Neurals\wandb\run-20220523_114253-2pltvp06\files\wandb-summary.json
2022-05-23 11:44:26,932 INFO    Thread-11 :16896 [dir_watcher.py:_on_file_modified():257] file/dir modified: C:\Projects\Code\Neurals\wandb\run-20220523_114253-2pltvp06\files\output.log
2022-05-23 11:44:27,214 DEBUG   HandlerThread:16896 [handler.py:handle_request():141] handle_request: partial_history
2022-05-23 11:44:27,215 DEBUG   SenderThread:16896 [sender.py:send():232] send: history
2022-05-23 11:44:27,215 DEBUG   SenderThread:16896 [sender.py:send():232] send: summary
2022-05-23 11:44:27,215 INFO    SenderThread:16896 [sender.py:_save_file():948] saving file wandb-summary.json with policy end
2022-05-23 11:44:27,935 INFO    Thread-11 :16896 [dir_watcher.py:_on_file_modified():257] file/dir modified: C:\Projects\Code\Neurals\wandb\run-20220523_114253-2pltvp06\files\wandb-summary.json
2022-05-23 11:44:28,939 INFO    Thread-11 :16896 [dir_watcher.py:_on_file_modified():257] file/dir modified: C:\Projects\Code\Neurals\wandb\run-20220523_114253-2pltvp06\files\output.log
2022-05-23 11:44:29,620 DEBUG   HandlerThread:16896 [handler.py:handle_request():141] handle_request: stop_status
2022-05-23 11:44:29,620 DEBUG   SenderThread:16896 [sender.py:send_request():246] send_request: stop_status
2022-05-23 11:44:30,089 DEBUG   HandlerThread:16896 [handler.py:handle_request():141] handle_request: partial_history
2022-05-23 11:44:30,090 DEBUG   SenderThread:16896 [sender.py:send():232] send: history
2022-05-23 11:44:30,091 DEBUG   SenderThread:16896 [sender.py:send():232] send: summary
2022-05-23 11:44:30,092 INFO    SenderThread:16896 [sender.py:_save_file():948] saving file wandb-summary.json with policy end
2022-05-23 11:44:30,949 INFO    Thread-11 :16896 [dir_watcher.py:_on_file_modified():257] file/dir modified: C:\Projects\Code\Neurals\wandb\run-20220523_114253-2pltvp06\files\wandb-summary.json
2022-05-23 11:44:32,955 INFO    Thread-11 :16896 [dir_watcher.py:_on_file_modified():257] file/dir modified: C:\Projects\Code\Neurals\wandb\run-20220523_114253-2pltvp06\files\output.log
2022-05-23 11:44:33,345 DEBUG   HandlerThread:16896 [handler.py:handle_request():141] handle_request: partial_history
2022-05-23 11:44:33,346 DEBUG   SenderThread:16896 [sender.py:send():232] send: history
2022-05-23 11:44:33,346 DEBUG   SenderThread:16896 [sender.py:send():232] send: summary
2022-05-23 11:44:33,347 INFO    SenderThread:16896 [sender.py:_save_file():948] saving file wandb-summary.json with policy end
2022-05-23 11:44:33,959 INFO    Thread-11 :16896 [dir_watcher.py:_on_file_modified():257] file/dir modified: C:\Projects\Code\Neurals\wandb\run-20220523_114253-2pltvp06\files\wandb-summary.json
2022-05-23 11:44:34,967 INFO    Thread-11 :16896 [dir_watcher.py:_on_file_modified():257] file/dir modified: C:\Projects\Code\Neurals\wandb\run-20220523_114253-2pltvp06\files\output.log
2022-05-23 11:44:36,282 DEBUG   SenderThread:16896 [sender.py:send():232] send: stats
2022-05-23 11:44:36,581 DEBUG   HandlerThread:16896 [handler.py:handle_request():141] handle_request: partial_history
2022-05-23 11:44:36,581 DEBUG   SenderThread:16896 [sender.py:send():232] send: history
2022-05-23 11:44:36,582 DEBUG   SenderThread:16896 [sender.py:send():232] send: summary
2022-05-23 11:44:36,582 INFO    SenderThread:16896 [sender.py:_save_file():948] saving file wandb-summary.json with policy end
2022-05-23 11:44:36,973 INFO    Thread-11 :16896 [dir_watcher.py:_on_file_modified():257] file/dir modified: C:\Projects\Code\Neurals\wandb\run-20220523_114253-2pltvp06\files\wandb-summary.json
2022-05-23 11:44:38,982 INFO    Thread-11 :16896 [dir_watcher.py:_on_file_modified():257] file/dir modified: C:\Projects\Code\Neurals\wandb\run-20220523_114253-2pltvp06\files\output.log
2022-05-23 11:44:39,623 DEBUG   HandlerThread:16896 [handler.py:handle_request():141] handle_request: partial_history
2022-05-23 11:44:39,624 DEBUG   SenderThread:16896 [sender.py:send():232] send: history
2022-05-23 11:44:39,624 DEBUG   SenderThread:16896 [sender.py:send():232] send: summary
2022-05-23 11:44:39,625 INFO    SenderThread:16896 [sender.py:_save_file():948] saving file wandb-summary.json with policy end
2022-05-23 11:44:39,988 INFO    Thread-11 :16896 [dir_watcher.py:_on_file_modified():257] file/dir modified: C:\Projects\Code\Neurals\wandb\run-20220523_114253-2pltvp06\files\wandb-summary.json
2022-05-23 11:44:40,993 INFO    Thread-11 :16896 [dir_watcher.py:_on_file_modified():257] file/dir modified: C:\Projects\Code\Neurals\wandb\run-20220523_114253-2pltvp06\files\output.log
2022-05-23 11:44:42,951 DEBUG   HandlerThread:16896 [handler.py:handle_request():141] handle_request: partial_history
2022-05-23 11:44:42,952 DEBUG   SenderThread:16896 [sender.py:send():232] send: history
2022-05-23 11:44:42,952 DEBUG   SenderThread:16896 [sender.py:send():232] send: summary
2022-05-23 11:44:42,953 INFO    SenderThread:16896 [sender.py:_save_file():948] saving file wandb-summary.json with policy end
2022-05-23 11:44:43,014 INFO    Thread-11 :16896 [dir_watcher.py:_on_file_modified():257] file/dir modified: C:\Projects\Code\Neurals\wandb\run-20220523_114253-2pltvp06\files\wandb-summary.json
2022-05-23 11:44:44,931 DEBUG   HandlerThread:16896 [handler.py:handle_request():141] handle_request: stop_status
2022-05-23 11:44:44,931 DEBUG   SenderThread:16896 [sender.py:send_request():246] send_request: stop_status
2022-05-23 11:44:45,026 INFO    Thread-11 :16896 [dir_watcher.py:_on_file_modified():257] file/dir modified: C:\Projects\Code\Neurals\wandb\run-20220523_114253-2pltvp06\files\output.log
2022-05-23 11:44:46,237 DEBUG   HandlerThread:16896 [handler.py:handle_request():141] handle_request: partial_history
2022-05-23 11:44:46,238 DEBUG   SenderThread:16896 [sender.py:send():232] send: history
2022-05-23 11:44:46,238 DEBUG   SenderThread:16896 [sender.py:send():232] send: summary
2022-05-23 11:44:46,239 INFO    SenderThread:16896 [sender.py:_save_file():948] saving file wandb-summary.json with policy end
2022-05-23 11:44:47,034 INFO    Thread-11 :16896 [dir_watcher.py:_on_file_modified():257] file/dir modified: C:\Projects\Code\Neurals\wandb\run-20220523_114253-2pltvp06\files\wandb-summary.json
2022-05-23 11:44:49,042 INFO    Thread-11 :16896 [dir_watcher.py:_on_file_modified():257] file/dir modified: C:\Projects\Code\Neurals\wandb\run-20220523_114253-2pltvp06\files\output.log
2022-05-23 11:44:49,552 DEBUG   HandlerThread:16896 [handler.py:handle_request():141] handle_request: partial_history
2022-05-23 11:44:49,553 DEBUG   SenderThread:16896 [sender.py:send():232] send: history
2022-05-23 11:44:49,553 DEBUG   SenderThread:16896 [sender.py:send():232] send: summary
2022-05-23 11:44:49,554 INFO    SenderThread:16896 [sender.py:_save_file():948] saving file wandb-summary.json with policy end
2022-05-23 11:44:50,045 INFO    Thread-11 :16896 [dir_watcher.py:_on_file_modified():257] file/dir modified: C:\Projects\Code\Neurals\wandb\run-20220523_114253-2pltvp06\files\wandb-summary.json
2022-05-23 11:44:51,060 INFO    Thread-11 :16896 [dir_watcher.py:_on_file_modified():257] file/dir modified: C:\Projects\Code\Neurals\wandb\run-20220523_114253-2pltvp06\files\output.log
2022-05-23 11:44:53,090 DEBUG   HandlerThread:16896 [handler.py:handle_request():141] handle_request: partial_history
2022-05-23 11:44:53,091 DEBUG   SenderThread:16896 [sender.py:send():232] send: history
2022-05-23 11:44:53,091 DEBUG   SenderThread:16896 [sender.py:send():232] send: summary
2022-05-23 11:44:53,091 INFO    SenderThread:16896 [sender.py:_save_file():948] saving file wandb-summary.json with policy end
2022-05-23 11:44:54,071 INFO    Thread-11 :16896 [dir_watcher.py:_on_file_modified():257] file/dir modified: C:\Projects\Code\Neurals\wandb\run-20220523_114253-2pltvp06\files\wandb-summary.json
2022-05-23 11:44:55,075 INFO    Thread-11 :16896 [dir_watcher.py:_on_file_modified():257] file/dir modified: C:\Projects\Code\Neurals\wandb\run-20220523_114253-2pltvp06\files\output.log
2022-05-23 11:44:56,539 DEBUG   HandlerThread:16896 [handler.py:handle_request():141] handle_request: partial_history
2022-05-23 11:44:56,540 DEBUG   SenderThread:16896 [sender.py:send():232] send: history
2022-05-23 11:44:56,540 DEBUG   SenderThread:16896 [sender.py:send():232] send: summary
2022-05-23 11:44:56,541 INFO    SenderThread:16896 [sender.py:_save_file():948] saving file wandb-summary.json with policy end
2022-05-23 11:44:57,079 INFO    Thread-11 :16896 [dir_watcher.py:_on_file_modified():257] file/dir modified: C:\Projects\Code\Neurals\wandb\run-20220523_114253-2pltvp06\files\wandb-summary.json
2022-05-23 11:44:59,095 INFO    Thread-11 :16896 [dir_watcher.py:_on_file_modified():257] file/dir modified: C:\Projects\Code\Neurals\wandb\run-20220523_114253-2pltvp06\files\output.log
2022-05-23 11:45:00,103 DEBUG   HandlerThread:16896 [handler.py:handle_request():141] handle_request: partial_history
2022-05-23 11:45:00,104 DEBUG   SenderThread:16896 [sender.py:send():232] send: history
2022-05-23 11:45:00,104 DEBUG   SenderThread:16896 [sender.py:send():232] send: summary
2022-05-23 11:45:00,104 INFO    SenderThread:16896 [sender.py:_save_file():948] saving file wandb-summary.json with policy end
2022-05-23 11:45:00,108 INFO    Thread-11 :16896 [dir_watcher.py:_on_file_modified():257] file/dir modified: C:\Projects\Code\Neurals\wandb\run-20220523_114253-2pltvp06\files\wandb-summary.json
2022-05-23 11:45:00,272 DEBUG   HandlerThread:16896 [handler.py:handle_request():141] handle_request: stop_status
2022-05-23 11:45:00,273 DEBUG   SenderThread:16896 [sender.py:send_request():246] send_request: stop_status
2022-05-23 11:45:02,119 INFO    Thread-11 :16896 [dir_watcher.py:_on_file_modified():257] file/dir modified: C:\Projects\Code\Neurals\wandb\run-20220523_114253-2pltvp06\files\output.log
2022-05-23 11:45:03,733 DEBUG   HandlerThread:16896 [handler.py:handle_request():141] handle_request: partial_history
2022-05-23 11:45:03,734 DEBUG   SenderThread:16896 [sender.py:send():232] send: history
2022-05-23 11:45:03,734 DEBUG   SenderThread:16896 [sender.py:send():232] send: summary
2022-05-23 11:45:03,735 INFO    SenderThread:16896 [sender.py:_save_file():948] saving file wandb-summary.json with policy end
2022-05-23 11:45:04,144 INFO    Thread-11 :16896 [dir_watcher.py:_on_file_modified():257] file/dir modified: C:\Projects\Code\Neurals\wandb\run-20220523_114253-2pltvp06\files\output.log
2022-05-23 11:45:04,145 INFO    Thread-11 :16896 [dir_watcher.py:_on_file_modified():257] file/dir modified: C:\Projects\Code\Neurals\wandb\run-20220523_114253-2pltvp06\files\wandb-summary.json
