2022-05-23 08:47:30,564 INFO    MainThread:13872 [wandb_setup.py:_flush():76] Loading settings from C:\Users\Maxim N\.config\wandb\settings
2022-05-23 08:47:30,564 INFO    MainThread:13872 [wandb_setup.py:_flush():76] Loading settings from C:\Projects\Code\Neurals\wandb\settings
2022-05-23 08:47:30,564 INFO    MainThread:13872 [wandb_setup.py:_flush():76] Loading settings from environment variables: {}
2022-05-23 08:47:30,564 INFO    MainThread:13872 [wandb_setup.py:_flush():76] Inferring run settings from compute environment: {'program_relpath': 'testing.py', 'program': 'C:\\Projects\\Code\\Neurals\\testing.py'}
2022-05-23 08:47:30,564 INFO    MainThread:13872 [wandb_init.py:_log_setup():428] Logging user logs to C:\Projects\Code\Neurals\wandb\run-20220523_084730-27zq0bqm\logs\debug.log
2022-05-23 08:47:30,565 INFO    MainThread:13872 [wandb_init.py:_log_setup():429] Logging internal logs to C:\Projects\Code\Neurals\wandb\run-20220523_084730-27zq0bqm\logs\debug-internal.log
2022-05-23 08:47:30,565 INFO    MainThread:13872 [wandb_init.py:init():462] calling init triggers
2022-05-23 08:47:30,565 INFO    MainThread:13872 [wandb_init.py:init():465] wandb.init called with sweep_config: {}
config: {}
2022-05-23 08:47:30,565 INFO    MainThread:13872 [wandb_init.py:init():515] starting backend
2022-05-23 08:47:30,565 INFO    MainThread:13872 [backend.py:_multiprocessing_setup():97] multiprocessing start_methods=spawn, using: spawn
2022-05-23 08:47:30,583 INFO    MainThread:13872 [backend.py:ensure_launched():217] starting backend process...
2022-05-23 08:47:30,923 INFO    MainThread:13872 [backend.py:ensure_launched():222] started backend process with pid: 996
2022-05-23 08:47:30,924 INFO    MainThread:13872 [wandb_init.py:init():525] backend started and connected
2022-05-23 08:47:30,939 INFO    MainThread:13872 [wandb_init.py:init():596] updated telemetry
2022-05-23 08:47:31,067 INFO    MainThread:13872 [wandb_init.py:init():627] communicating run to backend with 30 second timeout
2022-05-23 08:47:33,218 INFO    MainThread:13872 [wandb_run.py:_on_init():1924] communicating current version
2022-05-23 08:47:33,428 INFO    MainThread:13872 [wandb_run.py:_on_init():1928] got version response 
2022-05-23 08:47:33,428 INFO    MainThread:13872 [wandb_init.py:init():662] starting run threads in backend
2022-05-23 08:47:35,915 INFO    MainThread:13872 [wandb_run.py:_console_start():1898] atexit reg
2022-05-23 08:47:35,929 INFO    MainThread:13872 [wandb_run.py:_redirect():1771] redirect: SettingsConsole.WRAP
2022-05-23 08:47:35,929 INFO    MainThread:13872 [wandb_run.py:_redirect():1808] Wrapping output streams.
2022-05-23 08:47:35,932 INFO    MainThread:13872 [wandb_run.py:_redirect():1832] Redirects installed.
2022-05-23 08:47:35,932 INFO    MainThread:13872 [wandb_init.py:init():688] run started, returning control to user process
2022-05-23 08:47:39,914 INFO    MainThread:13872 [wandb_run.py:_atexit_cleanup():1867] got exitcode: 1
2022-05-23 08:47:39,914 INFO    MainThread:13872 [wandb_run.py:_restore():1839] restore
2022-05-23 08:47:40,464 INFO    MainThread:13872 [wandb_run.py:_on_finish():1996] got exit ret: file_counts {
  wandb_count: 1
}
pusher_stats {
  uploaded_bytes: 565
  total_bytes: 565
}

2022-05-23 08:47:40,786 INFO    MainThread:13872 [wandb_run.py:_on_finish():1996] got exit ret: file_counts {
  wandb_count: 1
}
pusher_stats {
  uploaded_bytes: 565
  total_bytes: 565
}

2022-05-23 08:47:41,315 INFO    MainThread:13872 [wandb_run.py:_on_finish():1996] got exit ret: file_counts {
  wandb_count: 4
}
pusher_stats {
  uploaded_bytes: 565
  total_bytes: 7558
}

2022-05-23 08:47:41,417 INFO    MainThread:13872 [wandb_run.py:_on_finish():1996] got exit ret: file_counts {
  wandb_count: 5
}
pusher_stats {
  uploaded_bytes: 565
  total_bytes: 7584
}

2022-05-23 08:47:41,518 INFO    MainThread:13872 [wandb_run.py:_on_finish():1996] got exit ret: file_counts {
  wandb_count: 5
}
pusher_stats {
  uploaded_bytes: 565
  total_bytes: 7584
}

2022-05-23 08:47:41,620 INFO    MainThread:13872 [wandb_run.py:_on_finish():1996] got exit ret: file_counts {
  wandb_count: 5
}
pusher_stats {
  uploaded_bytes: 565
  total_bytes: 7584
}

2022-05-23 08:47:41,723 INFO    MainThread:13872 [wandb_run.py:_on_finish():1996] got exit ret: file_counts {
  wandb_count: 5
}
pusher_stats {
  uploaded_bytes: 565
  total_bytes: 7584
}

2022-05-23 08:47:41,825 INFO    MainThread:13872 [wandb_run.py:_on_finish():1996] got exit ret: file_counts {
  wandb_count: 5
}
pusher_stats {
  uploaded_bytes: 1606
  total_bytes: 7584
}

2022-05-23 08:47:41,927 INFO    MainThread:13872 [wandb_run.py:_on_finish():1996] got exit ret: file_counts {
  wandb_count: 5
}
pusher_stats {
  uploaded_bytes: 7584
  total_bytes: 7584
}

2022-05-23 08:47:42,028 INFO    MainThread:13872 [wandb_run.py:_on_finish():1996] got exit ret: file_counts {
  wandb_count: 5
}
pusher_stats {
  uploaded_bytes: 7584
  total_bytes: 7584
}

2022-05-23 08:47:42,130 INFO    MainThread:13872 [wandb_run.py:_on_finish():1996] got exit ret: file_counts {
  wandb_count: 5
}
pusher_stats {
  uploaded_bytes: 7584
  total_bytes: 7584
}

2022-05-23 08:47:42,231 INFO    MainThread:13872 [wandb_run.py:_on_finish():1996] got exit ret: file_counts {
  wandb_count: 5
}
pusher_stats {
  uploaded_bytes: 7584
  total_bytes: 7584
}

2022-05-23 08:47:42,333 INFO    MainThread:13872 [wandb_run.py:_on_finish():1996] got exit ret: file_counts {
  wandb_count: 5
}
pusher_stats {
  uploaded_bytes: 7584
  total_bytes: 7584
}

2022-05-23 08:47:42,435 INFO    MainThread:13872 [wandb_run.py:_on_finish():1996] got exit ret: file_counts {
  wandb_count: 5
}
pusher_stats {
  uploaded_bytes: 7584
  total_bytes: 7584
}

2022-05-23 08:47:42,816 INFO    MainThread:13872 [wandb_run.py:_on_finish():1996] got exit ret: file_counts {
  wandb_count: 5
}
pusher_stats {
  uploaded_bytes: 7584
  total_bytes: 7584
}

2022-05-23 08:47:43,492 INFO    MainThread:13872 [wandb_run.py:_on_finish():1996] got exit ret: done: true
exit_result {
}
file_counts {
  wandb_count: 5
}
pusher_stats {
  uploaded_bytes: 7584
  total_bytes: 7584
}
local_info {
}

2022-05-23 08:47:44,922 INFO    MainThread:13872 [wandb_run.py:_footer_history_summary_info():3104] rendering history
2022-05-23 08:47:44,922 INFO    MainThread:13872 [wandb_run.py:_footer_history_summary_info():3136] rendering summary
2022-05-23 08:47:44,925 INFO    MainThread:13872 [wandb_run.py:_footer_sync_info():3060] logging synced files
