2022-05-23 08:47:59,443 INFO    MainThread:15524 [wandb_setup.py:_flush():76] Loading settings from C:\Users\Maxim N\.config\wandb\settings
2022-05-23 08:47:59,444 INFO    MainThread:15524 [wandb_setup.py:_flush():76] Loading settings from C:\Projects\Code\Neurals\wandb\settings
2022-05-23 08:47:59,444 INFO    MainThread:15524 [wandb_setup.py:_flush():76] Loading settings from environment variables: {}
2022-05-23 08:47:59,444 INFO    MainThread:15524 [wandb_setup.py:_flush():76] Inferring run settings from compute environment: {'program_relpath': 'testing.py', 'program': 'C:\\Projects\\Code\\Neurals\\testing.py'}
2022-05-23 08:47:59,444 INFO    MainThread:15524 [wandb_init.py:_log_setup():428] Logging user logs to C:\Projects\Code\Neurals\wandb\run-20220523_084759-33m6z9zv\logs\debug.log
2022-05-23 08:47:59,452 INFO    MainThread:15524 [wandb_init.py:_log_setup():429] Logging internal logs to C:\Projects\Code\Neurals\wandb\run-20220523_084759-33m6z9zv\logs\debug-internal.log
2022-05-23 08:47:59,452 INFO    MainThread:15524 [wandb_init.py:init():462] calling init triggers
2022-05-23 08:47:59,452 INFO    MainThread:15524 [wandb_init.py:init():465] wandb.init called with sweep_config: {}
config: {}
2022-05-23 08:47:59,453 INFO    MainThread:15524 [wandb_init.py:init():515] starting backend
2022-05-23 08:47:59,453 INFO    MainThread:15524 [backend.py:_multiprocessing_setup():97] multiprocessing start_methods=spawn, using: spawn
2022-05-23 08:47:59,459 INFO    MainThread:15524 [backend.py:ensure_launched():217] starting backend process...
2022-05-23 08:47:59,769 INFO    MainThread:15524 [backend.py:ensure_launched():222] started backend process with pid: 1264
2022-05-23 08:47:59,770 INFO    MainThread:15524 [wandb_init.py:init():525] backend started and connected
2022-05-23 08:47:59,774 INFO    MainThread:15524 [wandb_init.py:init():596] updated telemetry
2022-05-23 08:47:59,819 INFO    MainThread:15524 [wandb_init.py:init():627] communicating run to backend with 30 second timeout
2022-05-23 08:48:01,919 INFO    MainThread:15524 [wandb_run.py:_on_init():1924] communicating current version
2022-05-23 08:48:02,072 INFO    MainThread:15524 [wandb_run.py:_on_init():1928] got version response 
2022-05-23 08:48:02,072 INFO    MainThread:15524 [wandb_init.py:init():662] starting run threads in backend
2022-05-23 08:48:04,417 INFO    MainThread:15524 [wandb_run.py:_console_start():1898] atexit reg
2022-05-23 08:48:04,418 INFO    MainThread:15524 [wandb_run.py:_redirect():1771] redirect: SettingsConsole.WRAP
2022-05-23 08:48:04,418 INFO    MainThread:15524 [wandb_run.py:_redirect():1808] Wrapping output streams.
2022-05-23 08:48:04,420 INFO    MainThread:15524 [wandb_run.py:_redirect():1832] Redirects installed.
2022-05-23 08:48:04,420 INFO    MainThread:15524 [wandb_init.py:init():688] run started, returning control to user process
2022-05-23 08:48:08,285 INFO    MainThread:15524 [wandb_run.py:_atexit_cleanup():1867] got exitcode: 1
2022-05-23 08:48:08,285 INFO    MainThread:15524 [wandb_run.py:_restore():1839] restore
2022-05-23 08:48:08,944 INFO    MainThread:15524 [wandb_run.py:_on_finish():1996] got exit ret: file_counts {
  wandb_count: 1
}
pusher_stats {
  uploaded_bytes: 565
  total_bytes: 565
}

2022-05-23 08:48:09,292 INFO    MainThread:15524 [wandb_run.py:_on_finish():1996] got exit ret: file_counts {
  wandb_count: 1
}
pusher_stats {
  uploaded_bytes: 565
  total_bytes: 565
}

2022-05-23 08:48:09,998 INFO    MainThread:15524 [wandb_run.py:_on_finish():1996] got exit ret: file_counts {
  wandb_count: 4
}
pusher_stats {
  uploaded_bytes: 565
  total_bytes: 7552
}

2022-05-23 08:48:10,100 INFO    MainThread:15524 [wandb_run.py:_on_finish():1996] got exit ret: file_counts {
  wandb_count: 5
}
pusher_stats {
  uploaded_bytes: 565
  total_bytes: 7578
}

2022-05-23 08:48:10,203 INFO    MainThread:15524 [wandb_run.py:_on_finish():1996] got exit ret: file_counts {
  wandb_count: 5
}
pusher_stats {
  uploaded_bytes: 565
  total_bytes: 7578
}

2022-05-23 08:48:10,318 INFO    MainThread:15524 [wandb_run.py:_on_finish():1996] got exit ret: file_counts {
  wandb_count: 5
}
pusher_stats {
  uploaded_bytes: 565
  total_bytes: 7578
}

2022-05-23 08:48:10,420 INFO    MainThread:15524 [wandb_run.py:_on_finish():1996] got exit ret: file_counts {
  wandb_count: 5
}
pusher_stats {
  uploaded_bytes: 565
  total_bytes: 7578
}

2022-05-23 08:48:10,522 INFO    MainThread:15524 [wandb_run.py:_on_finish():1996] got exit ret: file_counts {
  wandb_count: 5
}
pusher_stats {
  uploaded_bytes: 7578
  total_bytes: 7578
}

2022-05-23 08:48:10,626 INFO    MainThread:15524 [wandb_run.py:_on_finish():1996] got exit ret: file_counts {
  wandb_count: 5
}
pusher_stats {
  uploaded_bytes: 7578
  total_bytes: 7578
}

2022-05-23 08:48:10,729 INFO    MainThread:15524 [wandb_run.py:_on_finish():1996] got exit ret: file_counts {
  wandb_count: 5
}
pusher_stats {
  uploaded_bytes: 7578
  total_bytes: 7578
}

2022-05-23 08:48:10,830 INFO    MainThread:15524 [wandb_run.py:_on_finish():1996] got exit ret: file_counts {
  wandb_count: 5
}
pusher_stats {
  uploaded_bytes: 7578
  total_bytes: 7578
}

2022-05-23 08:48:10,932 INFO    MainThread:15524 [wandb_run.py:_on_finish():1996] got exit ret: file_counts {
  wandb_count: 5
}
pusher_stats {
  uploaded_bytes: 7578
  total_bytes: 7578
}

2022-05-23 08:48:11,033 INFO    MainThread:15524 [wandb_run.py:_on_finish():1996] got exit ret: file_counts {
  wandb_count: 5
}
pusher_stats {
  uploaded_bytes: 7578
  total_bytes: 7578
}

2022-05-23 08:48:11,135 INFO    MainThread:15524 [wandb_run.py:_on_finish():1996] got exit ret: file_counts {
  wandb_count: 5
}
pusher_stats {
  uploaded_bytes: 7578
  total_bytes: 7578
}

2022-05-23 08:48:11,506 INFO    MainThread:15524 [wandb_run.py:_on_finish():1996] got exit ret: file_counts {
  wandb_count: 5
}
pusher_stats {
  uploaded_bytes: 7578
  total_bytes: 7578
}

2022-05-23 08:48:12,184 INFO    MainThread:15524 [wandb_run.py:_on_finish():1996] got exit ret: done: true
exit_result {
}
file_counts {
  wandb_count: 5
}
pusher_stats {
  uploaded_bytes: 7578
  total_bytes: 7578
}
local_info {
}

2022-05-23 08:48:13,649 INFO    MainThread:15524 [wandb_run.py:_footer_history_summary_info():3104] rendering history
2022-05-23 08:48:13,649 INFO    MainThread:15524 [wandb_run.py:_footer_history_summary_info():3136] rendering summary
2022-05-23 08:48:13,652 INFO    MainThread:15524 [wandb_run.py:_footer_sync_info():3060] logging synced files
