2022-05-23 02:09:59,001 INFO    MainThread:18848 [internal.py:wandb_internal():90] W&B internal server running at pid: 18848, started at: 2022-05-23 02:09:59.001354
2022-05-23 02:09:59,003 INFO    WriterThread:18848 [datastore.py:open_for_write():75] open: C:\Projects\Code\Neurals\wandb\run-20220523_020957-cr62i1x8\run-cr62i1x8.wandb
2022-05-23 02:09:59,010 DEBUG   SenderThread:18848 [sender.py:send():232] send: header
2022-05-23 02:09:59,010 DEBUG   SenderThread:18848 [sender.py:send():232] send: run
2022-05-23 02:09:59,324 INFO    SenderThread:18848 [dir_watcher.py:__init__():197] watching files in: C:\Projects\Code\Neurals\wandb\run-20220523_020957-cr62i1x8\files
2022-05-23 02:09:59,325 INFO    SenderThread:18848 [sender.py:_start_run_threads():811] run started: cr62i1x8 with start time 1653235797
2022-05-23 02:09:59,324 DEBUG   HandlerThread:18848 [handler.py:handle_request():141] handle_request: check_version
2022-05-23 02:09:59,325 DEBUG   SenderThread:18848 [sender.py:send():232] send: summary
2022-05-23 02:09:59,325 INFO    SenderThread:18848 [sender.py:_save_file():948] saving file wandb-summary.json with policy end
2022-05-23 02:09:59,326 DEBUG   SenderThread:18848 [sender.py:send_request():246] send_request: check_version
2022-05-23 02:09:59,381 DEBUG   HandlerThread:18848 [handler.py:handle_request():141] handle_request: run_start
2022-05-23 02:10:00,338 INFO    Thread-11 :18848 [dir_watcher.py:_on_file_created():244] file/dir created: C:\Projects\Code\Neurals\wandb\run-20220523_020957-cr62i1x8\files\wandb-summary.json
2022-05-23 02:10:01,253 DEBUG   HandlerThread:18848 [meta.py:__init__():35] meta init
2022-05-23 02:10:01,253 DEBUG   HandlerThread:18848 [meta.py:__init__():49] meta init done
2022-05-23 02:10:01,253 DEBUG   HandlerThread:18848 [meta.py:probe():209] probe
2022-05-23 02:10:01,273 DEBUG   HandlerThread:18848 [git.py:repo():29] git repository is invalid
2022-05-23 02:10:01,273 DEBUG   HandlerThread:18848 [meta.py:_save_pip():53] save pip
2022-05-23 02:10:01,274 DEBUG   HandlerThread:18848 [meta.py:_save_pip():67] save pip done
2022-05-23 02:10:01,274 DEBUG   HandlerThread:18848 [meta.py:probe():247] probe done
2022-05-23 02:10:01,279 DEBUG   SenderThread:18848 [sender.py:send():232] send: files
2022-05-23 02:10:01,279 INFO    SenderThread:18848 [sender.py:_save_file():948] saving file wandb-metadata.json with policy now
2022-05-23 02:10:01,286 DEBUG   HandlerThread:18848 [handler.py:handle_request():141] handle_request: stop_status
2022-05-23 02:10:01,287 DEBUG   SenderThread:18848 [sender.py:send_request():246] send_request: stop_status
2022-05-23 02:10:01,342 INFO    Thread-11 :18848 [dir_watcher.py:_on_file_created():244] file/dir created: C:\Projects\Code\Neurals\wandb\run-20220523_020957-cr62i1x8\files\requirements.txt
2022-05-23 02:10:01,343 INFO    Thread-11 :18848 [dir_watcher.py:_on_file_created():244] file/dir created: C:\Projects\Code\Neurals\wandb\run-20220523_020957-cr62i1x8\files\output.log
2022-05-23 02:10:01,344 INFO    Thread-11 :18848 [dir_watcher.py:_on_file_created():244] file/dir created: C:\Projects\Code\Neurals\wandb\run-20220523_020957-cr62i1x8\files\wandb-metadata.json
2022-05-23 02:10:01,549 DEBUG   SenderThread:18848 [sender.py:send():232] send: telemetry
2022-05-23 02:10:02,566 INFO    Thread-15 :18848 [upload_job.py:push():132] Uploaded file C:\Users\MAXIMN~1\AppData\Local\Temp\tmpmyhn9c1awandb\1iz09rhs-wandb-metadata.json
2022-05-23 02:10:03,350 INFO    Thread-11 :18848 [dir_watcher.py:_on_file_modified():257] file/dir modified: C:\Projects\Code\Neurals\wandb\run-20220523_020957-cr62i1x8\files\output.log
2022-05-23 02:10:05,620 DEBUG   HandlerThread:18848 [handler.py:handle_request():141] handle_request: partial_history
2022-05-23 02:10:05,622 DEBUG   HandlerThread:18848 [handler.py:handle_request():141] handle_request: partial_history
2022-05-23 02:10:05,623 DEBUG   SenderThread:18848 [sender.py:send():232] send: history
2022-05-23 02:10:05,623 DEBUG   SenderThread:18848 [sender.py:send():232] send: summary
2022-05-23 02:10:05,624 INFO    SenderThread:18848 [sender.py:_save_file():948] saving file wandb-summary.json with policy end
2022-05-23 02:10:05,624 DEBUG   SenderThread:18848 [sender.py:send():232] send: history
2022-05-23 02:10:05,624 DEBUG   SenderThread:18848 [sender.py:send():232] send: summary
2022-05-23 02:10:05,626 INFO    SenderThread:18848 [sender.py:_save_file():948] saving file wandb-summary.json with policy end
2022-05-23 02:10:06,367 INFO    Thread-11 :18848 [dir_watcher.py:_on_file_modified():257] file/dir modified: C:\Projects\Code\Neurals\wandb\run-20220523_020957-cr62i1x8\files\wandb-summary.json
2022-05-23 02:10:07,373 INFO    Thread-11 :18848 [dir_watcher.py:_on_file_modified():257] file/dir modified: C:\Projects\Code\Neurals\wandb\run-20220523_020957-cr62i1x8\files\output.log
2022-05-23 02:10:13,080 DEBUG   HandlerThread:18848 [handler.py:handle_request():141] handle_request: partial_history
2022-05-23 02:10:13,082 DEBUG   HandlerThread:18848 [handler.py:handle_request():141] handle_request: partial_history
2022-05-23 02:10:13,083 DEBUG   SenderThread:18848 [sender.py:send():232] send: history
2022-05-23 02:10:13,083 DEBUG   SenderThread:18848 [sender.py:send():232] send: summary
2022-05-23 02:10:13,085 INFO    SenderThread:18848 [sender.py:_save_file():948] saving file wandb-summary.json with policy end
2022-05-23 02:10:13,086 DEBUG   SenderThread:18848 [sender.py:send():232] send: history
2022-05-23 02:10:13,086 DEBUG   SenderThread:18848 [sender.py:send():232] send: summary
2022-05-23 02:10:13,087 INFO    SenderThread:18848 [sender.py:_save_file():948] saving file wandb-summary.json with policy end
2022-05-23 02:10:13,430 INFO    Thread-11 :18848 [dir_watcher.py:_on_file_modified():257] file/dir modified: C:\Projects\Code\Neurals\wandb\run-20220523_020957-cr62i1x8\files\output.log
2022-05-23 02:10:13,431 INFO    Thread-11 :18848 [dir_watcher.py:_on_file_modified():257] file/dir modified: C:\Projects\Code\Neurals\wandb\run-20220523_020957-cr62i1x8\files\wandb-summary.json
2022-05-23 02:10:15,443 INFO    Thread-11 :18848 [dir_watcher.py:_on_file_modified():257] file/dir modified: C:\Projects\Code\Neurals\wandb\run-20220523_020957-cr62i1x8\files\output.log
2022-05-23 02:10:16,561 DEBUG   HandlerThread:18848 [handler.py:handle_request():141] handle_request: stop_status
2022-05-23 02:10:16,561 DEBUG   SenderThread:18848 [sender.py:send_request():246] send_request: stop_status
2022-05-23 02:10:21,184 DEBUG   HandlerThread:18848 [handler.py:handle_request():141] handle_request: partial_history
2022-05-23 02:10:21,185 DEBUG   SenderThread:18848 [sender.py:send():232] send: history
2022-05-23 02:10:21,186 DEBUG   SenderThread:18848 [sender.py:send():232] send: summary
2022-05-23 02:10:21,187 INFO    SenderThread:18848 [sender.py:_save_file():948] saving file wandb-summary.json with policy end
2022-05-23 02:10:21,195 DEBUG   HandlerThread:18848 [handler.py:handle_request():141] handle_request: partial_history
2022-05-23 02:10:21,195 DEBUG   SenderThread:18848 [sender.py:send():232] send: history
2022-05-23 02:10:21,195 DEBUG   SenderThread:18848 [sender.py:send():232] send: summary
2022-05-23 02:10:21,196 INFO    SenderThread:18848 [sender.py:_save_file():948] saving file wandb-summary.json with policy end
2022-05-23 02:10:21,502 INFO    Thread-11 :18848 [dir_watcher.py:_on_file_modified():257] file/dir modified: C:\Projects\Code\Neurals\wandb\run-20220523_020957-cr62i1x8\files\output.log
2022-05-23 02:10:21,503 INFO    Thread-11 :18848 [dir_watcher.py:_on_file_modified():257] file/dir modified: C:\Projects\Code\Neurals\wandb\run-20220523_020957-cr62i1x8\files\wandb-summary.json
2022-05-23 02:10:23,521 INFO    Thread-11 :18848 [dir_watcher.py:_on_file_modified():257] file/dir modified: C:\Projects\Code\Neurals\wandb\run-20220523_020957-cr62i1x8\files\output.log
2022-05-23 02:10:28,230 DEBUG   HandlerThread:18848 [handler.py:handle_request():141] handle_request: partial_history
2022-05-23 02:10:28,232 DEBUG   HandlerThread:18848 [handler.py:handle_request():141] handle_request: partial_history
2022-05-23 02:10:28,233 DEBUG   SenderThread:18848 [sender.py:send():232] send: history
2022-05-23 02:10:28,233 DEBUG   SenderThread:18848 [sender.py:send():232] send: summary
2022-05-23 02:10:28,234 INFO    SenderThread:18848 [sender.py:_save_file():948] saving file wandb-summary.json with policy end
2022-05-23 02:10:28,234 DEBUG   SenderThread:18848 [sender.py:send():232] send: history
2022-05-23 02:10:28,235 DEBUG   SenderThread:18848 [sender.py:send():232] send: summary
2022-05-23 02:10:28,236 INFO    SenderThread:18848 [sender.py:_save_file():948] saving file wandb-summary.json with policy end
2022-05-23 02:10:28,562 INFO    Thread-11 :18848 [dir_watcher.py:_on_file_modified():257] file/dir modified: C:\Projects\Code\Neurals\wandb\run-20220523_020957-cr62i1x8\files\wandb-summary.json
2022-05-23 02:10:29,576 INFO    Thread-11 :18848 [dir_watcher.py:_on_file_modified():257] file/dir modified: C:\Projects\Code\Neurals\wandb\run-20220523_020957-cr62i1x8\files\output.log
2022-05-23 02:10:29,576 INFO    Thread-11 :18848 [dir_watcher.py:_on_file_modified():257] file/dir modified: C:\Projects\Code\Neurals\wandb\run-20220523_020957-cr62i1x8\files\config.yaml
2022-05-23 02:10:31,846 DEBUG   HandlerThread:18848 [handler.py:handle_request():141] handle_request: stop_status
2022-05-23 02:10:31,846 DEBUG   SenderThread:18848 [sender.py:send_request():246] send_request: stop_status
2022-05-23 02:10:32,548 DEBUG   SenderThread:18848 [sender.py:send():232] send: stats
2022-05-23 02:10:34,402 DEBUG   HandlerThread:18848 [handler.py:handle_request():141] handle_request: partial_history
2022-05-23 02:10:34,402 DEBUG   SenderThread:18848 [sender.py:send():232] send: history
2022-05-23 02:10:34,402 DEBUG   SenderThread:18848 [sender.py:send():232] send: summary
2022-05-23 02:10:34,404 INFO    SenderThread:18848 [sender.py:_save_file():948] saving file wandb-summary.json with policy end
2022-05-23 02:10:34,411 DEBUG   HandlerThread:18848 [handler.py:handle_request():141] handle_request: partial_history
2022-05-23 02:10:34,412 DEBUG   SenderThread:18848 [sender.py:send():232] send: history
2022-05-23 02:10:34,412 DEBUG   SenderThread:18848 [sender.py:send():232] send: summary
2022-05-23 02:10:34,412 INFO    SenderThread:18848 [sender.py:_save_file():948] saving file wandb-summary.json with policy end
2022-05-23 02:10:34,591 INFO    Thread-11 :18848 [dir_watcher.py:_on_file_modified():257] file/dir modified: C:\Projects\Code\Neurals\wandb\run-20220523_020957-cr62i1x8\files\wandb-summary.json
2022-05-23 02:10:35,594 INFO    Thread-11 :18848 [dir_watcher.py:_on_file_modified():257] file/dir modified: C:\Projects\Code\Neurals\wandb\run-20220523_020957-cr62i1x8\files\output.log
2022-05-23 02:10:40,758 DEBUG   HandlerThread:18848 [handler.py:handle_request():141] handle_request: partial_history
2022-05-23 02:10:40,759 DEBUG   HandlerThread:18848 [handler.py:handle_request():141] handle_request: partial_history
2022-05-23 02:10:40,760 DEBUG   SenderThread:18848 [sender.py:send():232] send: history
2022-05-23 02:10:40,760 DEBUG   SenderThread:18848 [sender.py:send():232] send: summary
2022-05-23 02:10:40,761 INFO    SenderThread:18848 [sender.py:_save_file():948] saving file wandb-summary.json with policy end
2022-05-23 02:10:40,761 DEBUG   SenderThread:18848 [sender.py:send():232] send: history
2022-05-23 02:10:40,762 DEBUG   SenderThread:18848 [sender.py:send():232] send: summary
2022-05-23 02:10:40,762 INFO    SenderThread:18848 [sender.py:_save_file():948] saving file wandb-summary.json with policy end
2022-05-23 02:10:41,616 INFO    Thread-11 :18848 [dir_watcher.py:_on_file_modified():257] file/dir modified: C:\Projects\Code\Neurals\wandb\run-20220523_020957-cr62i1x8\files\output.log
2022-05-23 02:10:41,617 INFO    Thread-11 :18848 [dir_watcher.py:_on_file_modified():257] file/dir modified: C:\Projects\Code\Neurals\wandb\run-20220523_020957-cr62i1x8\files\wandb-summary.json
2022-05-23 02:10:46,024 DEBUG   HandlerThread:18848 [handler.py:handle_request():141] handle_request: partial_history
2022-05-23 02:10:46,025 DEBUG   HandlerThread:18848 [handler.py:handle_request():141] handle_request: partial_history
2022-05-23 02:10:46,025 DEBUG   SenderThread:18848 [sender.py:send():232] send: history
2022-05-23 02:10:46,025 DEBUG   SenderThread:18848 [sender.py:send():232] send: summary
2022-05-23 02:10:46,027 INFO    SenderThread:18848 [sender.py:_save_file():948] saving file wandb-summary.json with policy end
2022-05-23 02:10:46,027 DEBUG   SenderThread:18848 [sender.py:send():232] send: history
2022-05-23 02:10:46,028 DEBUG   SenderThread:18848 [sender.py:send():232] send: summary
2022-05-23 02:10:46,028 INFO    SenderThread:18848 [sender.py:_save_file():948] saving file wandb-summary.json with policy end
2022-05-23 02:10:46,636 INFO    Thread-11 :18848 [dir_watcher.py:_on_file_modified():257] file/dir modified: C:\Projects\Code\Neurals\wandb\run-20220523_020957-cr62i1x8\files\wandb-summary.json
2022-05-23 02:10:47,122 DEBUG   HandlerThread:18848 [handler.py:handle_request():141] handle_request: stop_status
2022-05-23 02:10:47,123 DEBUG   SenderThread:18848 [sender.py:send_request():246] send_request: stop_status
2022-05-23 02:10:47,641 INFO    Thread-11 :18848 [dir_watcher.py:_on_file_modified():257] file/dir modified: C:\Projects\Code\Neurals\wandb\run-20220523_020957-cr62i1x8\files\output.log
2022-05-23 02:10:50,881 DEBUG   HandlerThread:18848 [handler.py:handle_request():141] handle_request: partial_history
2022-05-23 02:10:50,882 DEBUG   HandlerThread:18848 [handler.py:handle_request():141] handle_request: partial_history
2022-05-23 02:10:50,883 DEBUG   SenderThread:18848 [sender.py:send():232] send: history
2022-05-23 02:10:50,883 DEBUG   SenderThread:18848 [sender.py:send():232] send: summary
2022-05-23 02:10:50,883 INFO    SenderThread:18848 [sender.py:_save_file():948] saving file wandb-summary.json with policy end
2022-05-23 02:10:50,884 DEBUG   SenderThread:18848 [sender.py:send():232] send: history
2022-05-23 02:10:50,884 DEBUG   SenderThread:18848 [sender.py:send():232] send: summary
2022-05-23 02:10:50,885 INFO    SenderThread:18848 [sender.py:_save_file():948] saving file wandb-summary.json with policy end
2022-05-23 02:10:51,670 INFO    Thread-11 :18848 [dir_watcher.py:_on_file_modified():257] file/dir modified: C:\Projects\Code\Neurals\wandb\run-20220523_020957-cr62i1x8\files\output.log
2022-05-23 02:10:51,671 INFO    Thread-11 :18848 [dir_watcher.py:_on_file_modified():257] file/dir modified: C:\Projects\Code\Neurals\wandb\run-20220523_020957-cr62i1x8\files\wandb-summary.json
2022-05-23 02:10:55,595 DEBUG   HandlerThread:18848 [handler.py:handle_request():141] handle_request: partial_history
2022-05-23 02:10:55,595 DEBUG   SenderThread:18848 [sender.py:send():232] send: history
2022-05-23 02:10:55,596 DEBUG   SenderThread:18848 [sender.py:send():232] send: summary
2022-05-23 02:10:55,596 INFO    SenderThread:18848 [sender.py:_save_file():948] saving file wandb-summary.json with policy end
2022-05-23 02:10:55,597 DEBUG   HandlerThread:18848 [handler.py:handle_request():141] handle_request: partial_history
2022-05-23 02:10:55,598 DEBUG   SenderThread:18848 [sender.py:send():232] send: history
2022-05-23 02:10:55,598 DEBUG   SenderThread:18848 [sender.py:send():232] send: summary
2022-05-23 02:10:55,599 INFO    SenderThread:18848 [sender.py:_save_file():948] saving file wandb-summary.json with policy end
2022-05-23 02:10:55,704 INFO    Thread-11 :18848 [dir_watcher.py:_on_file_modified():257] file/dir modified: C:\Projects\Code\Neurals\wandb\run-20220523_020957-cr62i1x8\files\output.log
2022-05-23 02:10:55,705 INFO    Thread-11 :18848 [dir_watcher.py:_on_file_modified():257] file/dir modified: C:\Projects\Code\Neurals\wandb\run-20220523_020957-cr62i1x8\files\wandb-summary.json
2022-05-23 02:10:57,713 INFO    Thread-11 :18848 [dir_watcher.py:_on_file_modified():257] file/dir modified: C:\Projects\Code\Neurals\wandb\run-20220523_020957-cr62i1x8\files\output.log
2022-05-23 02:10:59,957 DEBUG   HandlerThread:18848 [handler.py:handle_request():141] handle_request: partial_history
2022-05-23 02:10:59,958 DEBUG   SenderThread:18848 [sender.py:send():232] send: history
2022-05-23 02:10:59,959 DEBUG   SenderThread:18848 [sender.py:send():232] send: summary
2022-05-23 02:10:59,960 INFO    SenderThread:18848 [sender.py:_save_file():948] saving file wandb-summary.json with policy end
2022-05-23 02:10:59,964 DEBUG   HandlerThread:18848 [handler.py:handle_request():141] handle_request: partial_history
2022-05-23 02:10:59,965 DEBUG   SenderThread:18848 [sender.py:send():232] send: history
2022-05-23 02:10:59,965 DEBUG   SenderThread:18848 [sender.py:send():232] send: summary
2022-05-23 02:10:59,966 INFO    SenderThread:18848 [sender.py:_save_file():948] saving file wandb-summary.json with policy end
2022-05-23 02:11:00,728 INFO    Thread-11 :18848 [dir_watcher.py:_on_file_modified():257] file/dir modified: C:\Projects\Code\Neurals\wandb\run-20220523_020957-cr62i1x8\files\wandb-summary.json
2022-05-23 02:11:01,743 INFO    Thread-11 :18848 [dir_watcher.py:_on_file_modified():257] file/dir modified: C:\Projects\Code\Neurals\wandb\run-20220523_020957-cr62i1x8\files\output.log
2022-05-23 02:11:02,412 DEBUG   HandlerThread:18848 [handler.py:handle_request():141] handle_request: stop_status
2022-05-23 02:11:02,412 DEBUG   SenderThread:18848 [sender.py:send_request():246] send_request: stop_status
2022-05-23 02:11:03,477 DEBUG   HandlerThread:18848 [handler.py:handle_request():141] handle_request: partial_history
2022-05-23 02:11:03,478 DEBUG   SenderThread:18848 [sender.py:send():232] send: history
2022-05-23 02:11:03,479 DEBUG   SenderThread:18848 [sender.py:send():232] send: summary
2022-05-23 02:11:03,480 INFO    SenderThread:18848 [sender.py:_save_file():948] saving file wandb-summary.json with policy end
2022-05-23 02:11:03,482 DEBUG   HandlerThread:18848 [handler.py:handle_request():141] handle_request: partial_history
2022-05-23 02:11:03,482 DEBUG   SenderThread:18848 [sender.py:send():232] send: history
2022-05-23 02:11:03,483 DEBUG   SenderThread:18848 [sender.py:send():232] send: summary
2022-05-23 02:11:03,484 INFO    SenderThread:18848 [sender.py:_save_file():948] saving file wandb-summary.json with policy end
2022-05-23 02:11:03,749 INFO    Thread-11 :18848 [dir_watcher.py:_on_file_modified():257] file/dir modified: C:\Projects\Code\Neurals\wandb\run-20220523_020957-cr62i1x8\files\wandb-summary.json
