
 ****** Running generation 0 ******
Run done
Enum done
Population's average fitness: 7.36394 stdev: 2.99222
Best fitness: 20.48086 - size: (6, 15) - species 5 - id 5
Average adjusted fitness: 0.271
Mean genetic distance 3.161, standard deviation 0.309
Population of 300 members in 150 species:
   ID   age  size  fitness  adj fit  stag
  ====  ===  ====  =======  =======  ====
     1    0     2      9.9    0.413     0
     2    0     2      6.5    0.220     0
     3    0     2     11.3    0.491     0
     4    0     2      3.6    0.059     0
     5    0     2     20.5    1.000     0
     6    0     2      6.8    0.241     0
     7    0     2      9.9    0.413     0
     8    0     2      6.5    0.220     0
     9    0     2     10.0    0.416     0
    10    0     2      2.9    0.022     0
    11    0     2     10.0    0.414     0
    12    0     2     10.0    0.415     0
    13    0     2      2.8    0.016     0
    14    0     2      6.4    0.219     0
    15    0     2      8.2    0.320     0
    16    0     2      9.9    0.414     0
    17    0     2      7.7    0.290     0
    18    0     2      5.4    0.162     0
    19    0     2     10.0    0.414     0
    20    0     2      5.0    0.139     0
    21    0     2      8.1    0.310     0
    22    0     2      7.9    0.302     0
    23    0     2      9.9    0.413     0
    24    0     2      2.5    0.002     0
    25    0     2      6.5    0.222     0
    26    0     2      6.7    0.232     0
    27    0     2      9.7    0.402     0
    28    0     2     10.7    0.455     0
    29    0     2      8.9    0.354     0
    30    0     2     10.0    0.417     0
    31    0     2      8.0    0.304     0
    32    0     2      7.8    0.292     0
    33    0     2      7.4    0.273     0
    34    0     2      8.9    0.359     0
    35    0     2      2.5    0.001     0
    36    0     2      2.5    0.000     0
    37    0     2      5.3    0.153     0
    38    0     2      9.6    0.395     0
    39    0     2      2.5    0.000     0
    40    0     2      2.6    0.007     0
    41    0     2     10.0    0.417     0
    42    0     2      9.9    0.413     0
    43    0     2      3.0    0.028     0
    44    0     2      9.4    0.382     0
    45    0     2      6.8    0.237     0
    46    0     2      8.3    0.325     0
    47    0     2      9.3    0.379     0
    48    0     2      8.8    0.348     0
    49    0     2      4.3    0.101     0
    50    0     2      8.8    0.351     0
    51    0     2      7.3    0.269     0
    52    0     2     14.3    0.658     0
    53    0     2      6.4    0.219     0
    54    0     2     10.0    0.414     0
    55    0     2     10.0    0.415     0
    56    0     2     10.0    0.415     0
    57    0     2      9.3    0.380     0
    58    0     2      9.8    0.406     0
    59    0     2      9.9    0.414     0
    60    0     2     10.0    0.415     0
    61    0     2      8.7    0.343     0
    62    0     2      7.1    0.258     0
    63    0     2      6.5    0.222     0
    64    0     2      8.1    0.312     0
    65    0     2      7.6    0.283     0
    66    0     2      2.5    0.001     0
    67    0     2      9.1    0.365     0
    68    0     2      8.6    0.340     0
    69    0     2      6.4    0.220     0
    70    0     2      9.5    0.389     0
    71    0     2      2.6    0.006     0
    72    0     2      6.7    0.232     0
    73    0     2      9.9    0.413     0
    74    0     2     10.0    0.419     0
    75    0     2      4.7    0.124     0
    76    0     2     10.0    0.415     0
    77    0     2      6.5    0.224     0
    78    0     2      7.6    0.283     0
    79    0     2      2.5    0.000     0
    80    0     2      9.6    0.393     0
    81    0     2      3.0    0.029     0
    82    0     2     10.0    0.414     0
    83    0     2      3.0    0.026     0
    84    0     2      2.7    0.011     0
    85    0     2     10.0    0.414     0
    86    0     2     10.1    0.423     0
    87    0     2     10.0    0.414     0
    88    0     2      9.9    0.414     0
    89    0     2      8.0    0.304     0
    90    0     2      4.1    0.086     0
    91    0     2      7.0    0.253     0
    92    0     2      2.5    0.000     0
    93    0     2     10.0    0.419     0
    94    0     2      2.5    0.000     0
    95    0     2     10.0    0.414     0
    96    0     2      6.0    0.193     0
    97    0     2      9.9    0.413     0
    98    0     2     10.0    0.415     0
    99    0     2      8.1    0.310     0
   100    0     2      7.9    0.302     0
   101    0     2      5.4    0.160     0
   102    0     2      3.7    0.069     0
   103    0     2      6.6    0.226     0
   104    0     2      2.5    0.001     0
   105    0     2      2.5    0.000     0
   106    0     2      9.9    0.410     0
   107    0     2      2.6    0.007     0
   108    0     2     10.1    0.424     0
   109    0     2     10.0    0.415     0
   110    0     2      6.5    0.220     0
   111    0     2      2.5    0.000     0
   112    0     2      6.7    0.235     0
   113    0     2      7.1    0.256     0
   114    0     2      3.1    0.032     0
   115    0     2      2.5    0.000     0
   116    0     2      9.0    0.362     0
   117    0     2      9.9    0.414     0
   118    0     2      6.9    0.246     0
   119    0     2      9.9    0.414     0
   120    0     2      5.5    0.167     0
   121    0     2      9.9    0.413     0
   122    0     2     10.0    0.417     0
   123    0     2      4.6    0.115     0
   124    0     2      7.2    0.263     0
   125    0     2      9.9    0.414     0
   126    0     2      9.9    0.414     0
   127    0     2      9.0    0.360     0
   128    0     2      2.5    0.001     0
   129    0     2      9.6    0.394     0
   130    0     2      4.0    0.082     0
   131    0     2     10.0    0.416     0
   132    0     2      6.9    0.243     0
   133    0     2      9.9    0.414     0
   134    0     2      9.8    0.407     0
   135    0     2      9.7    0.400     0
   136    0     2      2.5    0.000     0
   137    0     2      6.4    0.220     0
   138    0     2      8.3    0.323     0
   139    0     2     10.0    0.414     0
   140    0     2      4.5    0.111     0
   141    0     2      2.7    0.010     0
   142    0     2      2.5    0.000     0
   143    0     2      8.8    0.348     0
   144    0     2      8.8    0.349     0
   145    0     2      9.2    0.371     0
   146    0     2      3.2    0.038     0
   147    0     2      8.1    0.313     0
   148    0     2      8.8    0.352     0
   149    0     2      6.5    0.220     0
   150    0     2      3.1    0.034     0
Total extinctions: 0
Generation time: 5.840 sec
 ****** Running generation 1 ******
Run done
Enum done
Population's average fitness: 7.62351 stdev: 7.69706
Best fitness: 99.99214 - size: (7, 15) - species 12 - id 285
Average adjusted fitness: 0.056
Mean genetic distance 3.160, standard deviation 0.309
Population of 301 members in 150 species:
   ID   age  size  fitness  adj fit  stag
  ====  ===  ====  =======  =======  ====
     1    1     2      9.9    0.075     1
     2    1     2      6.0    0.038     1
     3    1     2     12.0    0.085     0
     4    1     2      6.6    0.028     0
     5    1     2     12.3    0.072     1
     6    1     2      9.8    0.061     0
     7    1     2     10.0    0.079     0
     8    1     2      6.0    0.019     1
     9    1     2     10.0    0.079     0
    10    1     2      2.6    0.002     1
    11    1     2     12.6    0.093     0
    12    1     3    100.0    0.540     0
    13    1     2      9.9    0.041     0
    14    1     2     11.7    0.066     0
    15    1     2     12.9    0.082     0
    16    1     2      9.9    0.079     1
    17    1     2      6.4    0.024     1
    18    1     2     11.3    0.061     0
    19    1     2     10.0    0.079     0
    20    1     2     10.0    0.052     0
    21    1     2      9.6    0.064     0
    22    1     2      7.5    0.047     1
    23    1     2      9.5    0.067     1
    24    1     2      2.7    0.003     0
    25    1     2      6.0    0.020     1
    26    1     2      6.1    0.034     1
    27    1     2      9.6    0.041     1
    28    1     2     10.9    0.088     0
    29    1     2     10.0    0.072     0
    30    1     2     10.0    0.080     0
    31    1     2      7.2    0.051     1
    32    1     2      6.8    0.025     1
    33    1     2     10.0    0.063     0
    34    1     2      7.4    0.051     1
    35    1     2      2.4    0.001     1
    36    1     2      2.2    0.000     1
    37    1     2      7.5    0.038     0
    38    1     2      9.9    0.073     0
    39    1     2      2.2    0.000     1
    40    1     2      9.9    0.040     0
    41    1     2     10.0    0.080     0
    42    1     2      9.9    0.061     1
    43    1     2     86.5    0.433     0
    44    1     2      8.5    0.039     1
    45    1     2      6.3    0.040     1
    46    1     2      9.9    0.067     0
    47    1     2      9.1    0.063     1
    48    1     2      8.4    0.058     1
    49    1     2      4.5    0.020     0
    50    1     2      8.4    0.058     1
    51    1     2      6.8    0.027     1
    52    1     2     13.6    0.079     1
    53    1     2      7.9    0.047     0
    54    1     2     10.0    0.079     1
    55    1     2     10.0    0.071     0
    56    1     2     11.3    0.086     0
    57    1     2      9.2    0.069     1
    58    1     2      9.8    0.040     1
    59    1     2      9.9    0.069     1
    60    1     2     10.0    0.079     0
    61    1     2      7.4    0.027     1
    62    1     2     16.0    0.099     0
    63    1     2      6.0    0.039     1
    64    1     2      9.9    0.079     0
    65    1     2      7.1    0.044     1
    66    1     2      2.2    0.000     1
    67    1     2      8.9    0.056     1
    68    1     2      9.8    0.070     0
    69    1     2      6.3    0.040     1
    70    1     2      9.9    0.076     0
    71    1     2      2.3    0.001     1
    72    1     2      6.2    0.041     1
    73    1     2     10.0    0.079     0
    74    1     2     10.0    0.080     1
    75    1     2      4.1    0.010     1
    76    1     2     10.0    0.079     1
    77    1     2      9.7    0.058     0
    78    1     2      7.5    0.052     1
    79    1     2      2.3    0.001     1
    80    1     2      9.8    0.076     0
    81    1     2      6.7    0.025     0
    82    1     2     10.0    0.079     1
    83    1     2     12.1    0.053     0
    84    1     2      2.4    0.001     1
    85    1     2     10.0    0.079     0
    86    1     2     10.1    0.064     0
    87    1     2     10.0    0.079     0
    88    1     2     10.0    0.079     0
    89    1     2      7.3    0.046     1
    90    1     2      3.6    0.007     1
    91    1     2     11.0    0.064     0
    92    1     2      2.2    0.000     1
    93    1     2      9.6    0.074     1
    94    1     2     10.0    0.040     0
    95    1     2     10.0    0.067     1
    96    1     2      5.2    0.015     1
    97    1     2      9.9    0.079     1
    98    1     2     10.0    0.079     0
    99    1     2      7.2    0.026     1
   100    1     2      7.2    0.051     1
   101    1     2      4.9    0.028     1
   102    1     2      7.2    0.031     0
   103    1     2      6.5    0.042     1
   104    1     2      7.8    0.029     0
   105    1     2      2.4    0.001     1
   106    1     2      9.8    0.060     1
   107    1     2     10.0    0.040     0
   108    1     2     10.1    0.080     1
   109    1     2     10.0    0.079     0
   110    1     2      6.1    0.021     1
   111    1     2      2.2    0.000     1
   112    1     2      6.3    0.042     1
   113    1     2      9.9    0.062     0
   114    1     2      4.8    0.016     0
   115    1     2      2.3    0.001     1
   116    1     2     11.0    0.077     0
   117    1     2     13.9    0.099     0
   118    1     2      9.5    0.060     0
   119    1     2     10.0    0.079     0
   120    1     2      5.0    0.015     1
   121    1     2      9.9    0.079     0
   122    1     2     10.0    0.080     0
   123    1     2      4.0    0.010     1
   124    1     2      8.5    0.055     0
   125    1     2     10.0    0.079     0
   126    1     2     10.0    0.079     0
   127    1     2      8.7    0.033     1
   128    1     2      2.2    0.000     1
   129    1     2      9.9    0.076     0
   130    1     2      9.5    0.044     0
   131    1     2     10.0    0.079     0
   132    1     2      7.4    0.047     0
   133    1     2     10.0    0.079     0
   134    1     2      9.8    0.041     1
   135    1     2      9.6    0.063     1
   136    1     2      2.2    0.000     1
   137    1     2      6.0    0.019     1
   138    1     2      7.4    0.051     1
   139    1     2      9.9    0.079     1
   140    1     2      5.1    0.015     0
   141    1     2      2.4    0.001     1
   142    1     2     10.0    0.040     0
   143    1     2      8.2    0.053     1
   144    1     2      9.0    0.067     0
   145    1     2      7.5    0.027     1
   146    1     2      2.8    0.003     1
   147    1     2      7.7    0.031     1
   148    1     2      9.8    0.071     0
   149    1     2      6.1    0.040     1
   150    1     2      7.2    0.029     0
Total extinctions: 0
Generation time: 14.387 sec (10.113 average)
 ****** Running generation 2 ******
Run done
Enum done
Population's average fitness: 6.88344 stdev: 3.73262
Best fitness: 29.28059 - size: (6, 15) - species 140 - id 140
Average adjusted fitness: 0.178
Mean genetic distance 3.160, standard deviation 0.310
Population of 300 members in 150 species:
   ID   age  size  fitness  adj fit  stag
  ====  ===  ====  =======  =======  ====
     1    2     2      9.9    0.269     2
     2    2     2      5.9    0.140     2
     3    2     2      8.5    0.177     1
     4    2     2      9.8    0.255     0
     5    2     2      6.8    0.169     2
     6    2     2      9.9    0.232     0
     7    2     2      9.9    0.285     1
     8    2     2      5.8    0.070     2
     9    2     2     10.0    0.290     1
    10    2     2      2.4    0.008     2
    11    2     2     18.5    0.447     0
    12    2     2     10.4    0.202     1
    13    2     2     10.0    0.149     0
    14    2     2      4.4    0.044     1
    15    2     2      8.5    0.194     1
    16    2     2      9.9    0.290     2
    17    2     2      4.9    0.063     2
    18    2     2      5.9    0.133     1
    19    2     2     10.0    0.291     1
    20    2     2     10.0    0.197     1
    21    2     2      7.8    0.173     1
    22    2     2      7.0    0.164     2
    23    2     2      9.4    0.217     2
    24    2     2      2.5    0.008     1
    25    2     2      7.3    0.097     0
    26    2     2      5.5    0.097     2
    27    2     2      9.4    0.142     2
    28    2     2      9.6    0.274     1
    29    2     2     10.0    0.256     1
    30    2     2      9.4    0.261     1
    31    2     2      5.8    0.135     2
    32    2     2      6.3    0.083     2
    33    2     2      2.0    0.000     1
    34    2     2      7.0    0.161     2
    35    2     2      2.2    0.002     2
    36    2     2     16.5    0.321     0
    37    2     2      5.9    0.102     1
    38    2     2     10.0    0.254     0
    39    2     2      2.0    0.000     2
    40    2     2      3.2    0.024     1
    41    2     2     10.0    0.285     0
    42    2     2      9.9    0.288     2
    43    2     2      2.3    0.004     1
    44    2     2      8.1    0.134     2
    45    2     2      6.1    0.148     2
    46    2     2      9.8    0.238     1
    47    2     2      8.1    0.187     2
    48    2     2      8.1    0.195     2
    49    2     2      5.6    0.114     0
    50    2     2      7.3    0.168     2
    51    2     2      6.1    0.082     2
    52    2     2      8.1    0.174     2
    53    2     2      6.9    0.143     1
    54    2     2     10.0    0.291     0
    55    2     2      9.9    0.249     1
    56    2     2     10.7    0.304     1
    57    2     2     11.6    0.278     0
    58    2     2      9.9    0.149     0
    59    2     2      9.9    0.258     0
    60    2     2     10.0    0.291     1
    61    2     2      6.6    0.084     2
    62    2     2     16.9    0.342     0
    63    2     2      6.0    0.145     2
    64    2     2      6.6    0.130     1
    65    2     2      6.9    0.154     2
    66    2     2      2.1    0.001     2
    67    2     2      9.2    0.213     0
    68    2     2      9.9    0.282     0
    69    2     2      6.2    0.152     2
    70    2     2     10.8    0.287     0
    71    2     2      2.0    0.000     2
    72    2     2      6.2    0.152     2
    73    2     2     10.0    0.289     0
    74    2     2     10.0    0.280     2
    75    2     2      3.4    0.026     2
    76    2     2     10.0    0.290     2
    77    2     2      9.7    0.226     1
    78    2     2      6.3    0.153     2
    79    2     2      2.2    0.002     2
    80    2     2      9.9    0.273     0
    81    2     2      6.2    0.085     1
    82    2     2     10.0    0.290     2
    83    2     2     11.7    0.183     1
    84    2     2      2.2    0.003     2
    85    2     2     10.0    0.290     1
    86    2     2     10.1    0.222     1
    87    2     2     10.0    0.291     1
    88    2     2      9.4    0.260     1
    89    2     2      6.8    0.152     2
    90    2     2      3.2    0.023     2
    91    2     2      5.4    0.101     1
    92    2     2      2.1    0.000     2
    93    2     2      9.2    0.260     2
    94    2     2     10.0    0.145     1
    95    2     2     18.0    0.438     0
    96    2     2      4.1    0.038     2
    97    2     2      9.9    0.289     0
    98    2     2     10.0    0.290     1
    99    2     2      5.7    0.073     2
   100    2     2      6.0    0.141     2
   101    2     2      4.8    0.103     2
   102    2     2      2.8    0.015     1
   103    2     2      6.2    0.149     2
   104    2     2      8.2    0.112     0
   105    2     2      2.1    0.002     2
   106    2     2     27.2    0.605     0
   107    2     2      9.9    0.146     1
   108    2     2      9.7    0.276     2
   109    2     2     10.0    0.291     0
   110    2     2      6.1    0.079     2
   111    2     2      9.5    0.138     0
   112    2     2      6.4    0.161     2
   113    2     2     10.0    0.229     0
   114    2     2      4.1    0.045     1
   115    2     2      2.1    0.002     2
   116    2     2      9.0    0.210     1
   117    2     2      9.9    0.270     1
   118    2     2     10.2    0.242     0
   119    2     2     10.0    0.290     1
   120    2     2      4.5    0.048     2
   121    2     2      9.9    0.290     0
   122    2     2     10.4    0.299     0
   123    2     2      3.5    0.029     2
   124    2     2      7.5    0.173     1
   125    2     2     10.0    0.290     0
   126    2     2     10.0    0.290     1
   127    2     2      8.0    0.110     2
   128    2     2      2.0    0.000     2
   129    2     2      9.8    0.284     1
   130    2     2      9.7    0.162     0
   131    2     2     10.0    0.288     0
   132    2     2      9.8    0.273     0
   133    2     2      9.4    0.240     1
   134    2     2      7.1    0.098     2
   135    2     2      9.8    0.240     0
   136    2     2      2.0    0.000     2
   137    2     2      6.1    0.074     2
   138    2     2     10.0    0.235     0
   139    2     2      9.9    0.289     2
   140    2     2     29.3    0.500     0
   141    2     2      2.3    0.008     2
   142    2     2     10.0    0.145     1
   143    2     2     14.9    0.322     0
   144    2     2      9.3    0.259     0
   145    2     2      5.7    0.068     2
   146    2     2      2.7    0.012     2
   147    2     2      5.9    0.079     2
   148    2     2      9.6    0.257     1
   149    2     2      6.1    0.148     2
   150    2     2      6.6    0.094     1
Total extinctions: 0
Generation time: 20.634 sec (13.620 average)
 ****** Running generation 3 ******
Run done
Enum done
Population's average fitness: 7.00965 stdev: 7.15339
Best fitness: 85.26584 - size: (6, 15) - species 43 - id 174
Average adjusted fitness: 0.064
Mean genetic distance 3.160, standard deviation 0.309
Population of 301 members in 150 species:
   ID   age  size  fitness  adj fit  stag
  ====  ===  ====  =======  =======  ====
     1    3     2      9.9    0.092     3
     2    3     2      4.9    0.038     3
     3    3     2     12.3    0.089     0
     4    3     2      4.7    0.025     1
     5    3     2      8.3    0.060     3
     6    3     2      9.8    0.068     1
     7    3     2      9.9    0.090     2
     8    3     2      4.9    0.019     3
     9    3     2     10.0    0.100     0
    10    3     2      1.9    0.002     3
    11    3     2     12.7    0.116     1
    12    3     2      9.9    0.093     2
    13    3     2     10.0    0.051     1
    14    3     2      8.5    0.055     2
    15    3     2      7.8    0.062     2
    16    3     2      9.9    0.099     0
    17    3     2      4.4    0.018     3
    18    3     2     10.3    0.066     2
    19    3     2     10.0    0.099     0
    20    3     2     10.0    0.064     2
    21    3     2      8.4    0.065     2
    22    3     2      6.8    0.050     3
    23    3     2      8.6    0.073     3
    24    3     2      2.0    0.002     2
    25    3     2      5.4    0.022     1
    26    3     2      4.9    0.032     3
    27    3     2      9.5    0.049     3
    28    3     2     11.9    0.122     0
    29    3     2     10.0    0.087     2
    30    3     2     11.5    0.108     0
    31    3     2      5.6    0.047     3
    32    3     2      5.1    0.022     3
    33    3     2     10.0    0.074     2
    34    3     2      5.7    0.044     3
    35    3     2      1.8    0.001     3
    36    3     2      1.7    0.000     1
    37    3     2      5.8    0.033     2
    38    3     2      9.9    0.079     1
    39    3     2      1.7    0.000     3
    40    3     2      9.9    0.050     2
    41    3     2     10.1    0.101     0
    42    3     2      8.0    0.058     3
    43    3     2     85.3    0.502     2
    44    3     2      9.5    0.053     0
    45    3     2      5.1    0.040     3
    46    3     2      9.9    0.077     2
    47    3     2      8.5    0.068     3
    48    3     2      7.6    0.063     3
    49    3     2      3.3    0.017     1
    50    3     2      7.4    0.060     3
    51    3     2      5.6    0.027     3
    52    3     2      8.3    0.059     3
    53    3     2      5.9    0.041     2
    54    3     2     10.0    0.099     1
    55    3     2      9.7    0.082     2
    56    3     2     11.4    0.108     0
    57    3     2      8.4    0.077     1
    58    3     2      9.6    0.049     1
    59    3     2      9.9    0.081     1
    60    3     2     10.0    0.099     0
    61    3     2      5.1    0.021     3
    62    3     2     12.1    0.098     1
    63    3     2      4.9    0.039     3
    64    3     2     10.0    0.099     0
    65    3     2      6.3    0.047     3
    66    3     2      1.7    0.000     3
    67    3     2      8.2    0.061     1
    68    3     2      8.7    0.076     1
    69    3     2      5.2    0.040     3
    70    3     2      9.7    0.092     1
    71    3     2      1.7    0.001     3
    72    3     2      5.1    0.041     3
    73    3     2     10.0    0.099     1
    74    3     2     13.1    0.119     0
    75    3     2      3.0    0.008     3
    76    3     2     10.0    0.099     0
    77    3     2     20.6    0.169     0
    78    3     2      6.3    0.053     3
    79    3     2      1.7    0.001     3
    80    3     2      9.7    0.093     1
    81    3     2      5.5    0.025     2
    82    3     2     10.0    0.099     3
    83    3     2      9.6    0.049     2
    84    3     2      2.2    0.004     3
    85    3     2     10.0    0.097     2
    86    3     2     10.3    0.074     0
    87    3     2     10.0    0.099     0
    88    3     2     10.0    0.099     2
    89    3     2      4.9    0.039     3
    90    3     2      2.7    0.006     3
    91    3     2     12.9    0.082     0
    92    3     2      1.7    0.000     3
    93    3     2      9.5    0.093     3
    94    3     2     10.0    0.050     2
    95    3     2      9.9    0.080     1
    96    3     2      3.8    0.013     3
    97    3     2      9.9    0.091     1
    98    3     2     10.0    0.100     0
    99    3     2      5.5    0.023     3
   100    3     2      5.7    0.048     3
   101    3     2      3.9    0.026     3
   102    3     2      4.7    0.022     2
   103    3     2      7.1    0.055     0
   104    3     2      6.9    0.031     1
   105    3     2      1.7    0.001     3
   106    3     2      9.8    0.070     1
   107    3     2      9.9    0.050     2
   108    3     2     10.1    0.100     3
   109    3     2     10.0    0.099     1
   110    3     2      5.0    0.021     3
   111    3     2      1.7    0.000     1
   112    3     2      5.2    0.042     3
   113    3     2      9.9    0.072     1
   114    3     2      3.4    0.012     2
   115    3     2      1.7    0.001     3
   116    3     2     11.5    0.091     0
   117    3     2      9.9    0.089     2
   118    3     2      6.7    0.058     1
   119    3     2     10.0    0.099     2
   120    3     2      3.9    0.014     3
   121    3     2      9.9    0.099     1
   122    3     2     10.0    0.099     1
   123    3     2      2.9    0.008     3
   124    3     2      7.3    0.056     2
   125    3     2     10.0    0.099     1
   126    3     2      9.9    0.099     2
   127    3     2      9.3    0.046     0
   128    3     2      1.7    0.000     3
   129    3     2      9.8    0.098     2
   130    3     2      9.2    0.051     1
   131    3     2     10.0    0.098     1
   132    3     2      5.9    0.046     1
   133    3     2      9.9    0.089     2
   134    3     2      9.7    0.051     3
   135    3     2      9.2    0.072     1
   136    3     2      1.7    0.000     3
   137    3     2      4.9    0.019     3
   138    3     2      5.5    0.042     1
   139    3     2     10.2    0.101     0
   140    3     2      4.6    0.018     1
   141    3     2      1.8    0.001     3
   142    3     2     10.0    0.050     2
   143    3     2      6.4    0.052     1
   144    3     2      8.4    0.077     1
   145    3     2      4.9    0.020     3
   146    3     2      2.1    0.003     3
   147    3     3     74.6    0.668     0
   148    3     2      9.9    0.086     0
   149    3     2      5.0    0.039     3
   150    3     2      5.3    0.025     2
Total extinctions: 0
Generation time: 20.850 sec (15.428 average)
 ****** Running generation 4 ******
Run done
Enum done
Population's average fitness: 6.22358 stdev: 5.73966
Best fitness: 60.45289 - size: (6, 15) - species 147 - id 229
Average adjusted fitness: 0.084
Mean genetic distance 3.160, standard deviation 0.310
Population of 300 members in 150 species:
   ID   age  size  fitness  adj fit  stag
  ====  ===  ====  =======  =======  ====
     1    4     2      9.9    0.131     0
     2    4     2      3.7    0.042     4
     3    4     2      9.5    0.092     1
     4    4     2      3.3    0.026     2
     5    4     2      5.5    0.059     4
     6    4     2      9.8    0.097     2
     7    4     2      9.9    0.128     3
     8    4     2      3.7    0.022     4
     9    4     2     10.0    0.149     0
    10    4     2      1.4    0.002     4
    11    4     2     16.6    0.204     2
    12    4     2      7.8    0.109     3
    13    4     2      9.9    0.075     2
    14    4     2      5.7    0.052     3
    15    4     2     32.7    0.462     0
    16    4     2      9.9    0.148     0
    17    4     2      3.0    0.017     4
    18    4     2      7.5    0.070     3
    19    4     2     10.0    0.148     1
    20    4     2     10.0    0.102     3
    21    4     2      6.7    0.072     3
    22    4     2      5.6    0.059     4
    23    4     2      7.4    0.088     4
    24    4     2      1.5    0.002     3
    25    4     2     17.8    0.140     0
    26    4     2      3.6    0.034     4
    27    4     2      9.9    0.077     0
    28    4     2     15.8    0.241     0
    29    4     2     10.0    0.121     3
    30    4     2     12.4    0.136     0
    31    4     2      4.1    0.048     4
    32    4     2      3.6    0.022     4
    33    4     2     10.0    0.100     3
    34    4     2      4.1    0.043     4
    35    4     2      1.3    0.001     4
    36    4     2      1.2    0.000     2
    37    4     2      4.2    0.033     3
    38    4     2      9.9    0.104     2
    39    4     2      1.2    0.000     4
    40    4     2      9.9    0.074     3
    41    4     2      9.6    0.136     1
    42    4     2      5.4    0.055     4
    43    4     2     42.0    0.347     3
    44    4     2      8.9    0.071     1
    45    4     2      3.8    0.043     4
    46    4     2      9.9    0.105     3
    47    4     2      7.3    0.081     4
    48    4     2      5.1    0.063     4
    49    4     2      2.4    0.017     2
    50    4     2      6.0    0.067     4
    51    4     2      4.2    0.029     4
    52    4     2      6.4    0.064     4
    53    4     2      4.2    0.041     3
    54    4     2     10.0    0.142     2
    55    4     2      7.5    0.084     3
    56    4     2     11.0    0.141     1
    57    4     2      7.2    0.095     2
    58    4     2      9.5    0.071     2
    59    4     2      9.9    0.111     2
    60    4     2     10.0    0.148     0
    61    4     2      3.5    0.019     4
    62    4     2      9.8    0.122     2
    63    4     2      3.8    0.044     4
    64    4     2     10.0    0.147     0
    65    4     2      5.6    0.070     4
    66    4     2      1.2    0.000     4
    67    4     2      6.2    0.067     2
    68    4     2      6.3    0.084     2
    69    4     2      4.0    0.045     4
    70    4     2      9.0    0.127     2
    71    4     2      1.2    0.001     4
    72    4     2      4.0    0.046     4
    73    4     2     10.0    0.147     2
    74    4     2     20.1    0.234     0
    75    4     2      2.1    0.008     4
    76    4     2     10.0    0.147     1
    77    4     2     12.8    0.176     1
    78    4     2      4.5    0.051     4
    79    4     2      1.3    0.001     4
    80    4     2      9.4    0.132     2
    81    4     2      4.1    0.027     3
    82    4     2     10.0    0.148     4
    83    4     2      6.4    0.045     3
    84    4     2      6.6    0.052     0
    85    4     2     10.0    0.136     3
    86    4     2     12.2    0.118     0
    87    4     2     10.0    0.147     0
    88    4     2     10.0    0.148     3
    89    4     2      3.6    0.039     4
    90    4     2      1.9    0.006     4
    91    4     2      8.2    0.073     1
    92    4     2      1.2    0.000     4
    93    4     2      9.2    0.133     4
    94    4     2     10.0    0.074     3
    95    4     2      9.9    0.112     2
    96    4     2      2.7    0.013     4
    97    4     2      9.9    0.128     2
    98    4     2     10.0    0.148     0
    99    4     2      4.0    0.024     4
   100    4     2      4.0    0.046     4
   101    4     2      3.1    0.030     4
   102    4     2      1.6    0.007     3
   103    4     2      5.3    0.059     1
   104    4     2      5.6    0.038     2
   105    4     2      1.2    0.001     4
   106    4     2      9.8    0.096     2
   107    4     2      7.1    0.050     3
   108    4     2     10.3    0.151     0
   109    4     2      9.9    0.139     2
   110    4     2      3.9    0.024     4
   111    4     2      1.2    0.000     2
   112    4     2      4.0    0.047     4
   113    4     2      9.9    0.101     2
   114    4     2      2.3    0.012     3
   115    4     2      1.2    0.001     4
   116    4     2      8.8    0.097     1
   117    4     2      9.9    0.108     3
   118    4     2      8.7    0.088     2
   119    4     2     10.0    0.147     3
   120    4     2      2.8    0.015     4
   121    4     2      9.6    0.126     2
   122    4     2      9.7    0.135     2
   123    4     2      2.1    0.008     4
   124    4     2      5.9    0.064     3
   125    4     2      9.9    0.148     2
   126    4     2      9.9    0.148     3
   127    4     2      9.0    0.066     1
   128    4     2      1.2    0.000     4
   129    4     2      9.9    0.146     0
   130    4     2      7.7    0.061     2
   131    4     2     10.0    0.145     2
   132    4     2      4.3    0.049     2
   133    4     2      9.9    0.111     3
   134    4     2      9.6    0.075     4
   135    4     2      8.6    0.092     2
   136    4     2      1.2    0.000     4
   137    4     2      3.7    0.021     4
   138    4     2      4.0    0.040     2
   139    4     2     15.7    0.197     0
   140    4     2      4.1    0.025     2
   141    4     2      1.3    0.001     4
   142    4     2     10.0    0.074     3
   143    4     2      4.6    0.055     2
   144    4     2      7.5    0.102     2
   145    4     2      3.3    0.018     4
   146    4     2      1.5    0.003     4
   147    4     2     60.5    0.519     1
   148    4     2      9.0    0.107     1
   149    4     2      3.8    0.043     4
   150    4     2      3.7    0.024     3
Total extinctions: 0
Generation time: 20.140 sec (16.370 average)
 ****** Running generation 5 ******
Run done
Enum done
Population's average fitness: 5.50829 stdev: 10.75105
Best fitness: 92.05098 - size: (6, 15) - species 3 - id 3
Average adjusted fitness: 0.055
Mean genetic distance 3.159, standard deviation 0.309
Population of 303 members in 150 species:
   ID   age  size  fitness  adj fit  stag
  ====  ===  ====  =======  =======  ====
     1    5     2     10.9    0.076     0
     2    5     2      1.6    0.012     5
     3    5     3     92.1    0.516     0
     4    5     2     10.9    0.087     0
     5    5     2     10.0    0.072     5
     6    5     2     11.9    0.092     0
     7    5     2     10.2    0.078     0
     8    5     2      1.7    0.006     5
     9    5     2      8.2    0.084     1
    10    5     2      0.7    0.001     5
    11    5     2     10.0    0.061     3
    12    5     2      3.7    0.034     4
    13    5     2     10.3    0.054     0
    14    5     2      1.2    0.004     4
    15    5     2     26.7    0.156     1
    16    5     2     10.3    0.105     0
    17    5     2      1.2    0.004     5
    18    5     2      3.1    0.021     4
    19    5     2     10.0    0.071     0
    20    5     2     10.0    0.055     4
    21    5     2      2.9    0.021     4
    22    5     2      2.6    0.018     5
    23    5     2      4.2    0.028     5
    24    5     2      0.6    0.001     4
    25    5     2      1.5    0.006     1
    26    5     2      2.4    0.014     5
    27    5     2      4.2    0.021     1
    28    5     2      9.5    0.090     1
    29    5     2     10.0    0.066     4
    30    5     2      8.5    0.069     1
    31    5     2      1.7    0.013     5
    32    5     2      1.5    0.006     5
    33    5     2      3.9    0.018     4
    34    5     2      2.2    0.014     5
    35    5     2      0.7    0.001     5
    36    5     2      2.8    0.016     3
    37    5     2      1.7    0.009     4
    38    5     2      4.0    0.027     3
    39    5     2      0.5    0.000     5
    40    5     2      0.8    0.002     4
    41    5     2      3.8    0.036     2
    42    5     2     14.0    0.121     0
    43    5     2      0.6    0.000     4
    44    5     2      1.8    0.009     2
    45    5     2      1.7    0.013     5
    46    5     2      5.6    0.040     4
    47    5     2      3.5    0.024     5
    48    5     2      2.2    0.016     5
    49    5     2      3.0    0.022     3
    50    5     2      2.8    0.020     5
    51    5     2      1.5    0.006     5
    52    5     2      1.6    0.011     5
    53    5     4     86.9    0.918     0
    54    5     2      5.7    0.047     3
    55    5     2      3.3    0.024     4
    56    5     2      4.2    0.039     2
    57    5     2      4.4    0.035     3
    58    5     2      3.4    0.016     3
    59    5     2      9.4    0.058     3
    60    5     2     10.0    0.103     0
    61    5     2      1.4    0.005     5
    62    5     2      6.1    0.038     3
    63    5     2      1.7    0.013     5
    64    5     2      1.6    0.009     1
    65    5     2      2.2    0.015     5
    66    5     2      0.5    0.000     5
    67    5     2      2.5    0.018     3
    68    5     2      5.4    0.039     3
    69    5     2      1.8    0.014     5
    70    5     2      7.9    0.062     3
    71    5     2      0.5    0.000     5
    72    5     2      1.8    0.014     5
    73    5     2     10.0    0.103     0
    74    5     2     33.2    0.231     0
    75    5     2      0.9    0.002     5
    76    5     2      9.6    0.083     2
    77    5     2      4.4    0.030     2
    78    5     2      2.0    0.015     5
    79    5     2      0.5    0.000     5
    80    5     2     24.7    0.198     0
    81    5     2      1.8    0.008     4
    82    5     2     10.1    0.104     0
    83    5     2      2.6    0.012     4
    84    5     2      0.5    0.000     1
    85    5     2     65.8    0.405     0
    86    5     2      6.3    0.038     1
    87    5     2     10.0    0.100     0
    88    5     2      8.5    0.086     4
    89    5     2      1.6    0.011     5
    90    5     2      0.8    0.002     5
    91    5     2      2.3    0.013     2
    92    5     2      0.5    0.000     5
    93    5     2     10.6    0.082     0
    94    5     2     10.0    0.052     0
    95    5     2     11.1    0.105     3
    96    5     2      1.1    0.003     5
    97    5     2     11.6    0.115     0
    98    5     2      9.9    0.103     1
    99    5     2      8.1    0.047     0
   100    5     2      1.8    0.013     5
   101    5     2      1.3    0.008     5
   102    5     2      0.7    0.001     4
   103    5     2      1.8    0.014     2
   104    5     2      2.9    0.015     3
   105    5     2      0.5    0.000     5
   106    5     2     12.3    0.090     3
   107    5     2      3.0    0.014     4
   108    5     2     14.9    0.099     0
   109    5     2     11.1    0.076     0
   110    5     2      1.8    0.007     5
   111    5     2      8.5    0.044     3
   112    5     2      1.8    0.014     5
   113    5     2      9.1    0.055     3
   114    5     2      1.0    0.003     4
   115    5     2     12.6    0.066     0
   116    5     2     10.2    0.063     2
   117    5     2     10.0    0.059     4
   118    5     2     72.8    0.408     0
   119    5     2     11.5    0.112     0
   120    5     2      1.3    0.004     5
   121    5     2      4.1    0.036     3
   122    5     2      7.3    0.059     3
   123    5     2      3.9    0.021     5
   124    5     2     10.1    0.088     0
   125    5     2     10.4    0.105     0
   126    5     2     10.0    0.103     0
   127    5     2      3.3    0.015     2
   128    5     2      0.5    0.000     5
   129    5     2     10.0    0.103     0
   130    5     2      3.0    0.016     3
   131    5     2     12.6    0.084     0
   132    5     2     10.0    0.065     0
   133    5     2      8.1    0.048     4
   134    5     2      1.7    0.007     5
   135    5     2      8.8    0.054     3
   136    5     2      0.5    0.000     5
   137    5     2      1.7    0.006     5
   138    5     2      1.7    0.011     3
   139    5     2     11.0    0.072     1
   140    5     2      2.5    0.011     3
   141    5     2      0.6    0.001     5
   142    5     2     10.0    0.052     4
   143    5     2      2.5    0.016     3
   144    5     2      3.5    0.032     3
   145    5     2      1.3    0.005     5
   146    5     2     12.2    0.064     0
   147    5     2     15.9    0.153     2
   148    5     2      3.7    0.031     2
   149    5     2      1.7    0.013     5
   150    5     2      1.5    0.006     4
Total extinctions: 0
Generation time: 21.277 sec (17.188 average)
 ****** Running generation 6 ******
Run done
Enum done
Population's average fitness: 7.50079 stdev: 8.16453
Best fitness: 99.99490 - size: (6, 14) - species 53 - id 303
Species 39 with 2 members is stagnated: removing it
Species 71 with 2 members is stagnated: removing it
Species 136 with 2 members is stagnated: removing it
Species 128 with 2 members is stagnated: removing it
Species 92 with 2 members is stagnated: removing it
Species 66 with 2 members is stagnated: removing it
Species 105 with 2 members is stagnated: removing it
Species 35 with 2 members is stagnated: removing it
Species 79 with 2 members is stagnated: removing it
Species 141 with 2 members is stagnated: removing it
Species 10 with 2 members is stagnated: removing it
Species 90 with 2 members is stagnated: removing it
Species 75 with 2 members is stagnated: removing it
Species 123 with 2 members is stagnated: removing it
Species 96 with 2 members is stagnated: removing it
Species 17 with 2 members is stagnated: removing it
Species 120 with 2 members is stagnated: removing it
Species 145 with 2 members is stagnated: removing it
Species 101 with 2 members is stagnated: removing it
Species 26 with 2 members is stagnated: removing it
Species 31 with 2 members is stagnated: removing it
Species 61 with 2 members is stagnated: removing it
Species 89 with 2 members is stagnated: removing it
Species 100 with 2 members is stagnated: removing it
Species 32 with 2 members is stagnated: removing it
Species 51 with 2 members is stagnated: removing it
Species 78 with 2 members is stagnated: removing it
Species 5 with 2 members is stagnated: removing it
Species 52 with 2 members is stagnated: removing it
Species 134 with 2 members is stagnated: removing it
Species 50 with 2 members is stagnated: removing it
Species 34 with 2 members is stagnated: removing it
Species 47 with 2 members is stagnated: removing it
Species 48 with 2 members is stagnated: removing it
Species 23 with 2 members is stagnated: removing it
Average adjusted fitness: 0.062
Mean genetic distance 3.155, standard deviation 0.332
Population of 233 members in 115 species:
   ID   age  size  fitness  adj fit  stag
  ====  ===  ====  =======  =======  ====
     1    6     2      9.9    0.077     1
     2    6     2      7.0    0.049     0
     3    6     2      9.9    0.059     1
     4    6     2      9.9    0.074     1
     6    6     2      9.9    0.064     1
     7    6     2      9.9    0.079     1
     8    6     2      6.8    0.024     0
     9    6     2     10.0    0.081     2
    11    6     2     10.0    0.071     4
    12    6     2     11.2    0.089     5
    13    6     2     10.0    0.041     1
    14    6     2      4.4    0.012     5
    15    6     2      6.2    0.040     2
    16    6     2      9.9    0.081     1
    18    6     2      6.5    0.044     5
    19    6     2     10.0    0.081     1
    20    6     2     10.0    0.056     5
    21    6     2      7.1    0.045     5
    22    6     2      8.0    0.055     0
    24    6     2      2.5    0.002     5
    25    6     2     10.6    0.044     2
    27    6     2      9.6    0.041     2
    28    6     2      9.7    0.078     2
    29    6     2     10.0    0.075     5
    30    6     2      9.4    0.073     2
    33    6     2      2.1    0.000     5
    36    6     2     11.2    0.063     4
    37    6     2      5.9    0.028     5
    38    6     2     10.0    0.071     0
    40    6     2      3.2    0.007     5
    41    6     2     10.0    0.079     3
    42    6     2     10.3    0.082     1
    43    6     2      2.2    0.001     5
    44    6     2      8.7    0.041     3
    45    6     2      6.8    0.049     0
    46    6     2      9.9    0.067     5
    49    6     2      6.2    0.035     0
    53    6     5    100.0    0.526     0
    54    6     2     10.0    0.081     0
    55    6     2      9.9    0.072     5
    56    6     2      9.9    0.079     3
    57    6     2     12.3    0.083     0
    58    6     2     10.0    0.042     0
    59    6     2     19.0    0.127     0
    60    6     2     10.0    0.081     1
    62    6     2     17.2    0.096     0
    63    6     2      6.8    0.049     0
    64    6     2      6.6    0.036     2
    65    6     2      7.7    0.049     0
    67    6     2      9.7    0.067     0
    68    6     2      9.9    0.078     0
    69    6     2      7.0    0.050     0
    70    6     2     10.6    0.081     4
    72    6     2      7.0    0.050     0
    73    6     2     10.0    0.080     1
    74    6     2     10.0    0.078     1
    76    6     2     10.0    0.081     3
    77    6     2      9.9    0.065     3
    80    6     2     10.0    0.078     1
    81    6     2      6.6    0.026     5
    82    6     2     10.0    0.081     1
    83    6     2      8.9    0.036     5
    84    6     2      2.2    0.001     2
    85    6     2     10.0    0.081     1
    86    6     2     10.0    0.063     2
    87    6     2     10.0    0.081     1
    88    6     2      9.9    0.077     5
    91    6     2      5.0    0.026     3
    93    6     2      9.4    0.073     1
    94    6     2     10.0    0.040     1
    95    6     2     18.7    0.125     0
    97    6     2     10.0    0.081     1
    98    6     2      9.9    0.081     2
    99    6     2      5.8    0.020     1
   102    6     2      2.8    0.004     5
   103    6     2      6.9    0.045     3
   104    6     2      9.4    0.037     0
   106    6     2      9.9    0.066     4
   107    6     2      9.9    0.040     5
   108    6     2      9.7    0.075     1
   109    6     2     10.0    0.081     1
   110    6     2      6.8    0.026     0
   111    6     2      9.7    0.040     0
   112    6     2      7.3    0.053     0
   113    6     2     10.0    0.067     4
   114    6     2      3.9    0.011     5
   115    6     2      2.2    0.001     1
   116    6     2      8.9    0.058     3
   117    6     2      9.9    0.067     5
   118    6     2      8.6    0.060     1
   119    6     2     10.0    0.081     1
   121    6     2     10.0    0.081     0
   122    6     2     10.2    0.082     4
   124    6     2      7.6    0.050     1
   125    6     2     10.0    0.081     1
   126    6     2     10.0    0.081     1
   127    6     2      8.5    0.033     3
   129    6     2      9.9    0.078     1
   130    6     2     10.0    0.047     0
   131    6     2     10.0    0.080     1
   132    6     2      9.9    0.080     1
   133    6     2      9.6    0.071     5
   135    6     2     10.0    0.074     0
   137    6     2      6.8    0.024     0
   138    6     2      7.7    0.053     4
   139    6     2      9.9    0.080     2
   140    6     2     11.8    0.050     4
   142    6     2     10.0    0.040     5
   143    6     2     10.2    0.070     4
   144    6     2     10.1    0.080     0
   146    6     2      2.7    0.004     1
   147    6     2      6.0    0.022     3
   148    6     2     11.1    0.079     0
   149    6     2      6.8    0.049     0
   150    6     2      6.6    0.026     5
Total extinctions: 0
Generation time: 20.078 sec (17.601 average)
 ****** Running generation 7 ******
Run done
Enum done
Population's average fitness: 7.99849 stdev: 9.22280
Best fitness: 90.78554 - size: (6, 15) - species 15 - id 230
Species 24 with 2 members is stagnated: removing it
Species 114 with 2 members is stagnated: removing it
Species 150 with 2 members is stagnated: removing it
Species 102 with 2 members is stagnated: removing it
Species 81 with 2 members is stagnated: removing it
Species 37 with 2 members is stagnated: removing it
Species 14 with 2 members is stagnated: removing it
Species 83 with 2 members is stagnated: removing it
Species 18 with 2 members is stagnated: removing it
Species 21 with 2 members is stagnated: removing it
Species 107 with 2 members is stagnated: removing it
Species 55 with 2 members is stagnated: removing it
Species 12 with 2 members is stagnated: removing it
Species 117 with 2 members is stagnated: removing it
Species 33 with 2 members is stagnated: removing it
Species 142 with 2 members is stagnated: removing it
Species 20 with 2 members is stagnated: removing it
Species 29 with 2 members is stagnated: removing it
Species 133 with 2 members is stagnated: removing it
Species 43 with 2 members is stagnated: removing it
Average adjusted fitness: 0.080
Mean genetic distance 3.155, standard deviation 0.351
Population of 197 members in 95 species:
   ID   age  size  fitness  adj fit  stag
  ====  ===  ====  =======  =======  ====
     1    7     2     10.0    0.093     2
     2    7     2      4.1    0.031     1
     3    7     2      8.4    0.070     2
     4    7     2      3.6    0.019     2
     6    7     2      9.9    0.065     2
     7    7     2     10.0    0.085     2
     8    7     2      4.1    0.016     1
     9    7     2     10.0    0.097     3
    11    7     2     10.0    0.082     5
    13    7     2     10.0    0.049     2
    15    7     5     90.8    0.660     0
    16    7     2     10.0    0.097     2
    19    7     2     10.0    0.097     2
    22    7     2      6.6    0.045     1
    25    7     2     13.4    0.068     3
    27    7     2     10.2    0.052     0
    28    7     2     15.6    0.151     3
    30    7     4     87.3    0.538     0
    36    7     2      1.3    0.000     5
    38    7     2     10.0    0.070     1
    40    7     2     10.0    0.049     0
    41    7     2     10.7    0.099     0
    42    7     2      5.9    0.040     2
    44    7     2     11.5    0.062     0
    45    7     2      4.2    0.032     1
    46    7     2     10.1    0.073     0
    49    7     2      2.6    0.012     1
    53    7     2      9.9    0.028     1
    54    7     2     10.0    0.097     1
    56    7     2      9.3    0.086     4
    57    7     2      7.8    0.069     1
    58    7     2      9.8    0.049     1
    59    7     2      9.9    0.077     1
    60    7     2     10.0    0.097     2
    62    7     2     12.0    0.089     1
    63    7     2      4.2    0.033     1
    64    7     2     10.0    0.097     0
    65    7     2      6.5    0.054     1
    67    7     2      7.1    0.051     1
    68    7     2      7.1    0.063     1
    69    7     2      4.4    0.033     1
    70    7     2      9.7    0.089     5
    72    7     2      4.4    0.034     1
    73    7     2     10.0    0.097     0
    74    7     2     21.4    0.161     2
    76    7     2     10.1    0.098     0
    77    7     2     11.4    0.092     4
    80    7     2      9.9    0.095     2
    82    7     2     10.0    0.097     2
    84    7     2      7.9    0.042     0
    85    7     2     10.0    0.090     2
    86    7     2     11.1    0.074     3
    87    7     2     10.0    0.097     2
    88    7     2     10.0    0.097     0
    91    7     2      9.5    0.056     4
    93    7     2     10.2    0.093     2
    94    7     2     10.0    0.048     2
    95    7     2      9.9    0.074     1
    97    7     2      9.9    0.092     2
    98    7     2     10.0    0.097     3
    99    7     2      4.5    0.018     2
   103    7     2      6.5    0.047     4
   104    7     2      6.3    0.028     1
   106    7     2     10.1    0.067     5
   108    7     2     11.2    0.107     2
   109    7     2     10.0    0.095     2
   110    7     2      4.3    0.018     1
   111    7     2      1.3    0.000     1
   112    7     2      4.4    0.035     1
   113    7     2      9.9    0.066     5
   115    7     2      1.4    0.000     2
   116    7     2     11.4    0.083     4
   118    7     2      4.9    0.037     2
   119    7     2     10.0    0.097     2
   121    7     2      9.9    0.087     1
   122    7     2      9.5    0.087     5
   124    7     2      7.0    0.050     2
   125    7     2     10.0    0.097     2
   126    7     2     10.0    0.097     2
   127    7     2     10.1    0.049     0
   129    7     2     10.1    0.097     0
   130    7     2      8.6    0.045     1
   131    7     2     10.0    0.097     2
   132    7     2      4.9    0.037     2
   135    7     2      9.0    0.066     1
   137    7     2      4.1    0.016     1
   138    7     2      4.3    0.029     5
   139    7     2     10.5    0.100     3
   140    7     2      4.1    0.016     5
   143    7     2      4.8    0.039     5
   144    7     2      8.3    0.073     1
   146    7     2      1.6    0.002     2
   147    7     4     41.8    0.429     4
   148    7     2     12.1    0.090     0
   149    7     2      4.2    0.032     1
Total extinctions: 0
Generation time: 18.305 sec (17.689 average)
 ****** Running generation 8 ******
Run done
Enum done
Population's average fitness: 7.04753 stdev: 6.54452
Best fitness: 79.53223 - size: (6, 15) - species 15 - id 230
Species 138 with 2 members is stagnated: removing it
Species 143 with 2 members is stagnated: removing it
Species 140 with 2 members is stagnated: removing it
Species 36 with 2 members is stagnated: removing it
Species 70 with 2 members is stagnated: removing it
Species 11 with 2 members is stagnated: removing it
Species 106 with 2 members is stagnated: removing it
Average adjusted fitness: 0.076
Mean genetic distance 3.148, standard deviation 0.359
Population of 178 members in 88 species:
   ID   age  size  fitness  adj fit  stag
  ====  ===  ====  =======  =======  ====
     1    8     2     10.0    0.103     3
     2    8     2      2.9    0.025     2
     3    8     2      4.7    0.046     3
     4    8     2     17.8    0.166     0
     6    8     2      9.9    0.087     3
     7    8     2     10.0    0.104     3
     8    8     2      2.9    0.013     2
     9    8     2     10.0    0.115     4
    13    8     2     10.0    0.058     3
    15    8     4     79.5    0.291     1
    16    8     2     10.0    0.116     3
    19    8     2     10.0    0.115     0
    22    8     2      4.2    0.035     2
    25    8     2      2.8    0.013     4
    27    8     2      9.6    0.056     1
    28    8     2      9.8    0.113     4
    30    8     2     13.7    0.106     1
    38    8     2      7.6    0.059     2
    40    8     2      1.4    0.003     1
    41    8     2      7.3    0.078     1
    42    8     2     15.8    0.155     0
    44    8     2      3.3    0.020     1
    45    8     2      3.0    0.027     2
    46    8     2      9.9    0.086     1
    49    8     2      6.4    0.053     0
    53    8     2     17.9    0.151     2
    54    8     2     10.0    0.096     2
    56    8     2      6.2    0.067     5
    57    8     2      8.3    0.073     2
    58    8     2      6.4    0.036     2
    59    8     2      9.8    0.081     2
    60    8     2     10.0    0.115     3
    62    8     2     12.1    0.084     2
    63    8     2      3.1    0.027     2
    64    8     2      2.8    0.019     1
    65    8     2      4.0    0.032     2
    67    8     2      4.3    0.038     2
    68    8     2      6.5    0.061     2
    69    8     2      3.3    0.029     2
    72    8     2      3.2    0.029     2
    73    8     2     10.1    0.116     0
    74    8     2     13.4    0.137     3
    76    8     2     10.0    0.107     1
    77    8     2      6.9    0.056     5
    80    8     2     10.3    0.092     3
    82    8     2     10.0    0.115     3
    84    8     2      1.0    0.000     1
    85    8     2     13.5    0.138     3
    86    8     2      9.0    0.066     4
    87    8     2     10.0    0.115     3
    88    8     2      9.2    0.104     1
    91    8     2      3.0    0.019     5
    93    8     2     10.1    0.100     3
    94    8     2     10.0    0.058     3
    95    8     2     14.3    0.143     2
    97    8     2     10.1    0.117     3
    98    8     2     10.0    0.115     4
    99    8     2      3.5    0.023     3
   103    8     2      3.2    0.029     5
   104    8     2      5.4    0.029     2
   108    8     2      9.5    0.093     3
   109    8     2     10.2    0.096     3
   110    8     2      3.0    0.014     2
   111    8     2      9.9    0.058     0
   112    8     2      3.3    0.031     2
   113    8     2     13.2    0.095     0
   115    8     2     10.2    0.059     3
   116    8     2      9.3    0.076     5
   118    8     2      5.3    0.051     3
   119    8     2     10.0    0.115     3
   121    8     2     11.2    0.106     0
   122    8     2     13.0    0.144     0
   124    8     2     10.0    0.110     3
   125    8     2     10.0    0.115     3
   126    8     2     10.0    0.115     3
   127    8     2      5.7    0.031     1
   129    8     2     10.1    0.117     0
   130    8     2      5.3    0.032     2
   131    8     2     10.2    0.113     3
   132    8     2     10.0    0.068     3
   135    8     2     16.1    0.116     0
   137    8     2      3.0    0.014     2
   139    8     2      9.2    0.084     4
   144    8     2      5.9    0.062     2
   146    8     2      1.2    0.002     3
   147    8     2      4.3    0.023     5
   148    8     2      8.8    0.084     1
   149    8     2      3.0    0.027     2
Total extinctions: 0
Generation time: 15.139 sec (17.405 average)
 ****** Running generation 9 ******
Run done
Enum done
Population's average fitness: 8.02235 stdev: 2.99703
Best fitness: 16.59204 - size: (5, 9) - species 62 - id 214
Species 91 with 2 members is stagnated: removing it
Species 147 with 2 members is stagnated: removing it
Species 103 with 2 members is stagnated: removing it
Species 116 with 2 members is stagnated: removing it
Species 56 with 2 members is stagnated: removing it
Species 77 with 2 members is stagnated: removing it
Average adjusted fitness: 0.427
Mean genetic distance 3.148, standard deviation 0.370
Population of 164 members in 82 species:
   ID   age  size  fitness  adj fit  stag
  ====  ===  ====  =======  =======  ====
     1    9     2      9.9    0.534     4
     2    9     2      6.6    0.317     3
     3    9     2      9.7    0.479     4
     4    9     2      9.9    0.507     1
     6    9     2      9.9    0.440     4
     7    9     2      9.9    0.524     4
     8    9     2      6.4    0.156     3
     9    9     2     10.0    0.549     5
    13    9     2     10.0    0.282     4
    15    9     2     10.0    0.264     2
    16    9     2      9.9    0.550     4
    19    9     2     10.0    0.550     1
    22    9     2      7.9    0.362     3
    25    9     2      9.4    0.256     5
    27    9     2      9.7    0.279     2
    28    9     2      9.7    0.536     5
    30    9     2      9.9    0.528     2
    38    9     2     10.0    0.453     0
    40    9     2      2.9    0.038     2
    41    9     2     10.1    0.540     2
    42    9     2     10.5    0.570     1
    44    9     2      7.6    0.238     2
    45    9     2      6.4    0.311     3
    46    9     2      9.9    0.446     2
    49    9     2      6.7    0.247     0
    53    9     2     15.4    0.725     3
    54    9     2     10.0    0.550     0
    57    9     2     12.8    0.577     0
    58    9     2     10.0    0.283     0
    59    9     2     10.0    0.549     3
    60    9     2     10.0    0.550     4
    62    9     2     16.6    0.620     3
    63    9     2      6.5    0.313     3
    64    9     2      5.8    0.212     2
    65    9     2      7.6    0.322     3
    67    9     2      9.1    0.427     3
    68    9     2     10.0    0.538     0
    69    9     2      6.7    0.324     3
    72    9     2      6.6    0.321     3
    73    9     2     10.0    0.549     1
    74    9     2     10.0    0.536     4
    76    9     2     10.0    0.549     2
    80    9     2     10.1    0.540     4
    82    9     2     10.0    0.550     4
    84    9     2      2.0    0.005     2
    85    9     2     10.0    0.545     4
    86    9     2      9.9    0.415     5
    87    9     2     10.0    0.550     4
    88    9     2     10.0    0.533     2
    93    9     2      9.5    0.498     4
    94    9     2     10.0    0.275     4
    95    9     2     16.2    0.762     3
    97    9     2     10.0    0.550     4
    98    9     2      9.9    0.549     5
    99    9     2      5.4    0.136     4
   104    9     2      9.8    0.271     0
   108    9     2      9.7    0.505     4
   109    9     2     10.0    0.550     4
   110    9     2      6.4    0.162     3
   111    9     2      9.8    0.273     1
   112    9     2      7.0    0.347     3
   113    9     2     10.0    0.455     1
   115    9     2      1.9    0.003     4
   118    9     2      8.8    0.404     4
   119    9     2     10.0    0.550     4
   121    9     2     10.0    0.551     1
   122    9     2     10.1    0.557     1
   124    9     2      9.9    0.458     4
   125    9     2     10.0    0.550     4
   126    9     2     10.0    0.550     4
   127    9     2      8.5    0.228     2
   129    9     2      9.9    0.542     1
   130    9     2     10.3    0.325     0
   131    9     2     10.0    0.550     4
   132    9     2      9.9    0.501     4
   135    9     2     10.1    0.509     1
   137    9     2      6.4    0.156     3
   139    9     2      9.9    0.549     5
   144    9     2     14.5    0.726     0
   146    9     2      2.4    0.021     4
   148    9     2     12.4    0.580     0
   149    9     2      6.4    0.311     3
Total extinctions: 0
Generation time: 14.085 sec (17.073 average)
 ****** Running generation 10 ******
Run done
Enum done
Population's average fitness: 8.68291 stdev: 8.57665
Best fitness: 99.84108 - size: (6, 15) - species 53 - id 53
Species 25 with 2 members is stagnated: removing it
Species 86 with 2 members is stagnated: removing it
Species 98 with 2 members is stagnated: removing it
Species 9 with 2 members is stagnated: removing it
Species 139 with 2 members is stagnated: removing it
Species 28 with 2 members is stagnated: removing it
Average adjusted fitness: 0.074
Mean genetic distance 3.147, standard deviation 0.380
Population of 159 members in 76 species:
   ID   age  size  fitness  adj fit  stag
  ====  ===  ====  =======  =======  ====
     1   10     2     13.1    0.104     0
     2   10     2      4.8    0.035     4
     3   10     2      7.4    0.054     5
     4   10     2     12.4    0.101     2
     6   10     2      9.9    0.064     5
     7   10     2     10.0    0.080     5
     8   10     2      4.8    0.017     4
    13   10     2     10.0    0.044     5
    15   10     2     10.0    0.072     3
    16   10     2     10.0    0.087     5
    19   10     2     10.0    0.087     2
    22   10     2      7.6    0.051     4
    27   10     2     11.2    0.051     0
    30   10     2     13.1    0.103     3
    38   10     2     10.0    0.066     0
    40   10     2      2.2    0.004     3
    41   10     2     10.1    0.088     3
    42   10     2     11.9    0.097     2
    44   10     2      5.7    0.031     3
    45   10     2      5.2    0.038     4
    46   10     2     10.0    0.071     3
    49   10     2      6.4    0.033     1
    53   10     7     99.8    0.577     4
    54   10     2     10.0    0.087     0
    57   10     2      9.2    0.078     1
    58   10     2     10.3    0.046     0
    59   10     2     10.0    0.066     4
    60   10     2     10.0    0.087     5
    62   10     4     51.4    0.270     0
    63   10     2      5.4    0.039     4
    64   10     2      4.5    0.024     3
    65   10     2      7.4    0.047     4
    67   10     2      8.7    0.061     4
    68   10     2     10.0    0.074     1
    69   10     2      5.7    0.041     4
    72   10     2      5.5    0.041     4
    73   10     2     10.1    0.088     0
    74   10     2     12.8    0.102     5
    76   10     2     10.1    0.087     3
    80   10     2     12.0    0.099     5
    82   10     2     10.0    0.087     5
    84   10     2      1.5    0.001     3
    85   10     2     10.0    0.082     5
    87   10     2     10.0    0.087     5
    88   10     2     10.3    0.089     0
    93   10     2     11.9    0.091     0
    94   10     2     10.0    0.043     5
    95   10     2     11.2    0.093     4
    97   10     2     10.2    0.088     5
    99   10     2      4.7    0.023     5
   104   10     2     12.2    0.055     0
   108   10     2     10.1    0.088     5
   109   10     2     10.0    0.087     5
   110   10     2      5.2    0.020     4
   111   10     2     10.9    0.049     0
   112   10     2      5.8    0.044     4
   113   10     2      9.5    0.066     2
   115   10     2      1.5    0.000     5
   118   10     2     11.4    0.075     5
   119   10     2     10.0    0.087     5
   121   10     2     10.0    0.081     2
   122   10     2      9.5    0.080     2
   124   10     2     10.0    0.071     5
   125   10     2     10.0    0.087     5
   126   10     2     10.0    0.087     5
   127   10     2     11.0    0.049     0
   129   10     2     11.2    0.095     0
   130   10     2      9.6    0.047     1
   131   10     2     10.5    0.088     5
   132   10     2     10.2    0.065     0
   135   10     2     10.4    0.079     2
   137   10     2      5.2    0.019     4
   144   10     2     15.9    0.119     0
   146   10     2      1.9    0.002     5
   148   10     2      9.4    0.073     1
   149   10     2      5.2    0.038     4
Total extinctions: 0
Generation time: 9.166 sec (17.406 average)
 ****** Running generation 11 ******
Run done
Enum done
Population's average fitness: 8.15524 stdev: 2.71669
Best fitness: 21.88216 - size: (5, 9) - species 62 - id 214
Species 115 with 2 members is stagnated: removing it
Species 146 with 2 members is stagnated: removing it
Species 124 with 2 members is stagnated: removing it
Species 118 with 2 members is stagnated: removing it
Species 80 with 2 members is stagnated: removing it
Species 6 with 2 members is stagnated: removing it
Species 97 with 2 members is stagnated: removing it
Species 13 with 2 members is stagnated: removing it
Species 7 with 2 members is stagnated: removing it
Species 16 with 2 members is stagnated: removing it
Species 125 with 2 members is stagnated: removing it
Species 126 with 2 members is stagnated: removing it
Species 82 with 2 members is stagnated: removing it
Species 119 with 2 members is stagnated: removing it
Species 94 with 2 members is stagnated: removing it
Species 87 with 2 members is stagnated: removing it
Species 109 with 2 members is stagnated: removing it
Species 60 with 2 members is stagnated: removing it
Species 85 with 2 members is stagnated: removing it
Species 131 with 2 members is stagnated: removing it
Species 3 with 2 members is stagnated: removing it
Species 74 with 2 members is stagnated: removing it
Average adjusted fitness: 0.275
Mean genetic distance 3.096, standard deviation 0.431
   ID   age  size  fitness  adj fit  stag
  ====  ===  ====  =======  =======  ====
     1   11     3      9.9    0.369     1
     2   11     3      6.8    0.213     5
     4   11     3      9.3    0.205     3
     8   11     2      6.8    0.108     5
    15   11     3     10.0    0.356     4
    19   11     3     10.0    0.380     3
    22   11     3      8.3    0.255     0
    27   11     3      9.8    0.208     1
    30   11     3     10.1    0.384     4
    38   11     3      9.9    0.373     1
    40   11     2      9.9    0.197     4
    41   11     3     10.0    0.383     4
    42   11     3      9.9    0.315     3
    44   11     3      9.9    0.234     4
    45   11     3      7.1    0.224     0
    46   11     3     10.0    0.350     4
    49   11     2      5.4    0.123     2
    53   11     5      9.9    0.196     5
    54   11     3     10.0    0.380     1
    57   11     3      9.3    0.348     2
    58   11     2      9.8    0.193     1
    59   11     3      9.9    0.342     5
    62   11     5     21.9    0.456     1
    63   11     3      6.8    0.217     5
    64   11     3      9.9    0.345     4
    65   11     3      7.9    0.242     0
    67   11     3      9.2    0.291     5
    68   11     3      9.9    0.347     2
    69   11     3      7.1    0.224     0
    72   11     3      7.0    0.224     0
    73   11     3     10.0    0.380     1
    76   11     3     10.0    0.381     4
    84   11     2      2.9    0.007     4
    88   11     3     10.0    0.380     1
    93   11     3     10.0    0.377     1
    95   11     3     10.0    0.326     5
    99   11     2      8.8    0.165     0
   104   11     2      8.4    0.152     1
   108   11     3     10.2    0.387     6
   110   11     2      6.8    0.113     5
   111   11     2      2.7    0.003     1
   112   11     3      7.1    0.232     5
   113   11     3      9.9    0.314     3
   121   11     3      9.9    0.380     3
   122   11     3     10.0    0.380     3
   127   11     2      9.2    0.174     1
   129   11     3      9.9    0.373     1
   130   11     3      9.7    0.225     2
   132   11     3      8.8    0.281     1
   135   11     3      9.7    0.319     3
   137   11     2      6.8    0.109     5
   144   11     3      9.3    0.338     1
   148   11     3     10.1    0.358     2
   149   11     3      6.9    0.220     0
Total extinctions: 0
Generation time: 8.604 sec (16.828 average)
 ****** Running generation 12 ******
Run done
Enum done
Population's average fitness: 7.47046 stdev: 2.95390
Best fitness: 15.78219 - size: (5, 9) - species 62 - id 370
Species 137 with 2 members is stagnated: removing it
Species 2 with 3 members is stagnated: removing it
Species 8 with 2 members is stagnated: removing it
Species 63 with 3 members is stagnated: removing it
Species 110 with 2 members is stagnated: removing it
Species 67 with 3 members is stagnated: removing it
Species 59 with 3 members is stagnated: removing it
Species 95 with 3 members is stagnated: removing it
Species 53 with 5 members is stagnated: removing it
Species 108 with 3 members is stagnated: removing it
Average adjusted fitness: 0.389
Mean genetic distance 3.043, standard deviation 0.463
Population of 149 members in 44 species:
   ID   age  size  fitness  adj fit  stag
  ====  ===  ====  =======  =======  ====
     1   12     4     10.1    0.569     2
     4   12     2      5.9    0.125     4
    15   12     4     10.0    0.460     5
    19   12     4     10.0    0.577     4
    22   12     4      7.6    0.352     1
    27   12     2      9.9    0.334     2
    30   12     4     10.4    0.591     5
    38   12     4      9.9    0.427     2
    40   12     3      9.9    0.291     5
    41   12     4     10.2    0.403     5
    42   12     4      9.9    0.474     4
    44   12     2      9.5    0.256     5
    45   12     2      6.1    0.196     1
    46   12     4     10.0    0.385     5
    49   12     2      4.0    0.123     3
    54   12     4     10.0    0.577     2
    57   12     4      9.2    0.479     3
    58   12     3      9.8    0.290     2
    62   12     6     15.8    0.643     2
    64   12     4      9.9    0.423     5
    65   12     2      7.2    0.220     1
    68   12     4      9.9    0.538     3
    69   12     2      6.1    0.194     1
    72   12     2      6.0    0.193     1
    73   12     4     10.0    0.541     2
    76   12     4     10.1    0.581     5
    84   12     2      2.2    0.010     5
    88   12     4     10.0    0.576     2
    93   12     4     10.2    0.558     2
    99   12     2      7.5    0.202     1
   104   12     2      7.8    0.210     2
   111   12     2      2.0    0.000     2
   112   12     4      9.7    0.383     0
   113   12     4      9.9    0.492     4
   121   12     4      9.9    0.574     4
   122   12     4      9.9    0.573     4
   127   12     3      9.1    0.258     2
   129   12     4      9.9    0.450     2
   130   12     4      9.8    0.401     3
   132   12     4     10.0    0.431     2
   135   12     4     10.0    0.497     4
   144   12     4      9.8    0.517     2
   148   12     4     10.7    0.442     3
   149   12     2      5.9    0.278     1
Total extinctions: 0
Generation time: 9.766 sec (15.741 average)
 ****** Running generation 13 ******
Run done
Enum done
Population's average fitness: 8.45339 stdev: 2.85426
Best fitness: 20.27643 - size: (6, 14) - species 1 - id 417
Species 84 with 2 members is stagnated: removing it
Species 44 with 2 members is stagnated: removing it
Species 40 with 3 members is stagnated: removing it
Species 64 with 4 members is stagnated: removing it
Species 15 with 4 members is stagnated: removing it
Species 76 with 4 members is stagnated: removing it
Species 30 with 4 members is stagnated: removing it
Species 41 with 4 members is stagnated: removing it
Average adjusted fitness: 0.324
Mean genetic distance 2.950, standard deviation 0.477
Population of 144 members in 37 species:
   ID   age  size  fitness  adj fit  stag
  ====  ===  ====  =======  =======  ====
     1   13     6     20.3    0.598     0
     4   13     2      5.6    0.131     5
    19   13     5     10.0    0.437     5
    22   13     3     10.0    0.296     0
    27   13     3      9.6    0.334     3
    38   13     5      9.9    0.343     3
    42   13     5      9.9    0.417     5
    45   13     3      5.7    0.200     2
    46   13     5     10.6    0.411     0
    49   13     2      3.9    0.090     4
    54   13     5     10.0    0.437     0
    57   13     3     10.0    0.293     4
    58   13     2      9.7    0.212     3
    62   13     5     13.7    0.438     3
    65   13     3      6.6    0.220     2
    68   13     5      9.9    0.433     4
    69   13     3      5.7    0.200     2
    72   13     3      5.7    0.204     2
    73   13     3     10.0    0.437     3
    88   13     5     10.0    0.434     3
    93   13     5     10.1    0.434     3
    99   13     2      6.4    0.124     2
   104   13     2      7.4    0.149     3
   111   13     2      1.9    0.000     3
   112   13     3      9.6    0.304     1
   113   13     5     17.3    0.537     0
   121   13     5     10.0    0.437     5
   122   13     5     10.0    0.414     5
   127   13     4     10.0    0.263     3
   129   13     5     10.0    0.424     3
   130   13     5      9.8    0.397     4
   132   13     5     10.0    0.316     3
   135   13     5     10.0    0.432     5
   144   13     5      9.9    0.359     3
   148   13     5     10.0    0.325     4
   149   13     3      5.6    0.198     2
   151    0     2       --       --     0
Total extinctions: 0
Generation time: 11.923 sec (14.848 average)
 ****** Running generation 14 ******
Run done
Enum done
Population's average fitness: 9.51938 stdev: 6.46241
Best fitness: 80.73328 - size: (7, 12) - species 57 - id 457
Species 135 with 5 members is stagnated: removing it
Species 19 with 5 members is stagnated: removing it
Species 121 with 5 members is stagnated: removing it
Species 42 with 5 members is stagnated: removing it
Species 4 with 2 members is stagnated: removing it
Species 122 with 5 members is stagnated: removing it
Average adjusted fitness: 0.095
Mean genetic distance 2.898, standard deviation 0.517
Population of 145 members in 36 species:
   ID   age  size  fitness  adj fit  stag
  ====  ===  ====  =======  =======  ====
     1   14     5     10.3    0.060     1
    22   14     4     10.4    0.104     0
    27   14     4     10.2    0.065     4
    38   14     4     10.0    0.090     0
    45   14     2      8.2    0.055     0
    46   14     4     10.2    0.065     1
    49   14     3      8.2    0.055     0
    54   14     5     10.3    0.101     0
    57   14     7     80.7    0.371     0
    58   14     3     10.2    0.094     4
    62   14     7     20.1    0.110     4
    65   14     4     10.0    0.067     0
    68   14     7     10.0    0.101     0
    69   14     4      8.7    0.082     0
    72   14     4      8.6    0.081     0
    73   14     1     10.0    0.101     4
    88   14     4     10.0    0.094     4
    93   14     5     10.0    0.100     4
    99   14     2      6.1    0.029     3
   104   14     3     14.0    0.076     0
   111   14     3     10.2    0.053     4
   112   14     5     16.3    0.133     0
   113   14     4     10.3    0.096     1
   127   14     5     13.7    0.113     0
   129   14     4     10.3    0.102     4
   130   14     7     11.3    0.102     0
   132   14     4     10.3    0.093     0
   144   14     4     10.3    0.084     4
   148   14     4     10.0    0.085     5
   149   14     4      8.4    0.079     0
   151    1     7     10.0    0.101     0
   152    0     3       --       --     0
   153    0     2       --       --     0
   154    0     2       --       --     0
   155    0     4       --       --     0
   156    0     1       --       --     0
Total extinctions: 0
Generation time: 10.265 sec (13.861 average)
 ****** Running generation 15 ******
Run done
Enum done
Population's average fitness: 10.99111 stdev: 13.20151
Best fitness: 100.00000 - size: (6, 8) - species 155 - id 584
Species 148 with 4 members is stagnated: removing it
Average adjusted fitness: 0.092
Mean genetic distance 2.894, standard deviation 0.508
Population of 142 members in 36 species:
   ID   age  size  fitness  adj fit  stag
  ====  ===  ====  =======  =======  ====
     1   15     4     13.1    0.089     2
    22   15     3     12.2    0.074     0
    27   15     3     10.9    0.068     5
    38   15     7     55.9    0.201     0
    45   15     3      7.1    0.054     1
    46   15     3     11.4    0.067     0
    49   15     2      9.7    0.055     0
    54   15     4     10.0    0.067     1
    57   15     5      9.5    0.024     1
    58   15     4     10.4    0.073     0
    62   15     5     29.9    0.110     5
    65   15     3     11.2    0.056     0
    68   15     5     10.3    0.063     0
    69   15     3      7.9    0.057     1
    72   15     3      8.9    0.053     0
    73   15     2     10.0    0.083     5
    88   15     3     10.0    0.083     5
    93   15     4     10.0    0.083     5
    99   15     2      6.0    0.029     4
   104   15     2     14.2    0.045     0
   111   15     2     12.0    0.046     0
   112   15     4     16.9    0.096     0
   113   15     5     11.0    0.088     2
   127   15     4     13.5    0.088     1
   129   15     3     11.1    0.066     5
   130   15     5     11.7    0.084     0
   132   15     5     12.5    0.089     0
   144   15     3     12.9    0.076     5
   149   15     3      7.4    0.054     1
   151    2     5     10.1    0.083     0
   152    1     4     10.8    0.086     0
   153    1     3     13.2    0.100     0
   154    1     3     12.4    0.104     0
   155    1    20    100.0    0.724     0
   156    1     2      1.8    0.000     0
   157    0     1       --       --     0
Total extinctions: 0
Generation time: 9.913 sec (12.724 average)
 ****** Running generation 16 ******
Run done
Enum done
Population's average fitness: 7.03564 stdev: 9.23368
Best fitness: 94.19442 - size: (7, 17) - species 68 - id 607
Species 144 with 3 members is stagnated: removing it
Species 73 with 2 members is stagnated: removing it
Species 88 with 3 members is stagnated: removing it
Species 93 with 4 members is stagnated: removing it
Species 62 with 5 members is stagnated: removing it
Average adjusted fitness: 0.065
Mean genetic distance 2.893, standard deviation 0.506
Population of 145 members in 33 species:
   ID   age  size  fitness  adj fit  stag
  ====  ===  ====  =======  =======  ====
     1   16     3      7.3    0.036     3
    22   16     4      6.8    0.043     1
    27   16    12     54.2    0.251     0
    38   16     6     21.2    0.066     1
    45   16     4     10.0    0.048     0
    46   16     4      9.2    0.077     1
    49   16     3      6.7    0.034     1
    54   16     6     13.5    0.105     0
    57   16     4      7.6    0.031     2
    58   16     4     10.5    0.082     0
    65   16     2      4.9    0.018     1
    68   16    13     94.2    0.260     0
    69   16     2      3.5    0.017     2
    72   16     2      3.8    0.027     1
    99   16     2      3.4    0.013     5
   104   16     2      5.0    0.024     1
   111   16     3      7.6    0.035     1
   112   16     3      9.9    0.049     1
   113   16     4      9.9    0.049     3
   127   16     5     10.1    0.065     2
   129   16     6     16.8    0.120     0
   130   16     4      9.3    0.041     1
   132   16     4      9.5    0.033     1
   149   16     4      9.3    0.050     0
   151    3     6     12.7    0.086     0
   152    2     4     10.5    0.097     1
   153    2     2      6.5    0.033     1
   154    2     5     10.0    0.086     1
   155    2    12     10.0    0.013     1
   156    2     3     10.0    0.048     0
   157    1     4     10.0    0.096     0
   158    0     2       --       --     0
   159    0     1       --       --     0
Total extinctions: 0
Generation time: 9.421 sec (11.659 average)
 ****** Running generation 17 ******
Run done
Enum done
Population's average fitness: 9.35310 stdev: 14.27168
Best fitness: 100.00000 - size: (5, 7) - species 155 - id 688
Species 99 with 2 members is stagnated: removing it
Average adjusted fitness: 0.065
Mean genetic distance 2.815, standard deviation 0.506
Population of 145 members in 36 species:
   ID   age  size  fitness  adj fit  stag
  ====  ===  ====  =======  =======  ====
     1   17     2      5.5    0.020     4
    22   17     3     10.0    0.046     2
    27   17    11     87.8    0.158     0
    38   17     7     17.4    0.092     2
    45   17     3     10.0    0.033     1
    46   17     3      9.5    0.055     2
    49   17     2      6.4    0.037     2
    54   17     5     14.1    0.078     0
    57   17     3      9.2    0.029     3
    58   17     2     16.5    0.093     0
    65   17     3     11.0    0.065     2
    68   17    11     63.2    0.118     1
    69   17     2      3.1    0.022     3
    72   17     2      3.4    0.023     2
   104   17     2      4.8    0.022     2
   111   17     4      9.8    0.058     2
   112   17     4      7.3    0.044     2
   113   17     4     10.0    0.076     4
   127   17     4     10.0    0.060     3
   129   17     7     16.9    0.100     0
   130   17     5     10.9    0.058     2
   132   17     2      4.4    0.029     2
   149   17     3      4.0    0.015     1
   151    4     5     11.8    0.079     1
   152    3     2     10.1    0.086     2
   153    3     3      9.5    0.066     2
   154    3     5     10.0    0.083     2
   155    3     8    100.0    0.199     0
   156    3     2     10.0    0.030     1
   157    2     5     10.0    0.091     1
   158    1     7     10.0    0.090     0
   159    1     5      3.7    0.028     0
   160    0     1       --       --     0
   161    0     1       --       --     0
   162    0     1       --       --     0
   163    0     6       --       --     0
Total extinctions: 0
Generation time: 8.714 sec (10.700 average)
 ****** Running generation 18 ******
Run done
Enum done
Population's average fitness: 10.15718 stdev: 12.20129
Best fitness: 100.00000 - size: (5, 6) - species 155 - id 826
Average adjusted fitness: 0.075
Mean genetic distance 2.790, standard deviation 0.502
Population of 146 members in 38 species:
   ID   age  size  fitness  adj fit  stag
  ====  ===  ====  =======  =======  ====
     1   18     5     21.6    0.139     0
    22   18     2     10.0    0.052     3
    27   18    12     84.9    0.202     1
    38   18     8     44.9    0.132     3
    45   18     4     10.0    0.067     2
    46   18     4     10.0    0.083     3
    49   18     3     10.0    0.076     0
    54   18     4     10.8    0.084     1
    57   18     2      8.4    0.040     4
    58   18     3      9.8    0.075     1
    65   18     2      8.1    0.043     3
    68   18     8     11.2    0.085     2
    69   18     2      5.1    0.034     4
    72   18     3      5.4    0.036     3
   104   18     2      6.8    0.030     3
   111   18     3      1.6    0.000     3
   112   18     3     10.0    0.068     3
   113   18     3     10.0    0.085     5
   127   18     4     10.0    0.085     4
   129   18     6     13.9    0.091     1
   130   18     4     10.0    0.077     3
   132   18     3      7.3    0.056     3
   149   18     2      7.9    0.048     2
   151    5     4     10.1    0.082     2
   152    4     3     10.0    0.085     3
   153    4     2     10.0    0.078     3
   154    4     5     10.0    0.085     3
   155    4     8    100.0    0.137     1
   156    4     3     10.0    0.042     2
   157    3     4     10.0    0.085     2
   158    2     6     10.1    0.084     0
   159    2     3     10.5    0.067     0
   160    1     2      7.2    0.057     0
   161    1     5     10.0    0.085     0
   162    1     3     10.0    0.085     0
   163    1     3     10.0    0.035     0
   164    0     1       --       --     0
   165    0     2       --       --     0
Total extinctions: 0
Generation time: 8.192 sec (10.005 average)
 ****** Running generation 19 ******
Run done
Enum done
Population's average fitness: 10.72936 stdev: 10.07860
Best fitness: 85.18964 - size: (4, 4) - species 163 - id 852
Species 113 with 3 members is stagnated: removing it
Average adjusted fitness: 0.098
Mean genetic distance 2.747, standard deviation 0.509
Population of 144 members in 38 species:
   ID   age  size  fitness  adj fit  stag
  ====  ===  ====  =======  =======  ====
     1   19     4      8.7    0.050     1
    22   19     3     10.0    0.091     4
    27   19     8     56.3    0.114     2
    38   19    11     51.6    0.322     4
    45   19     3     10.0    0.096     3
    46   19     3     10.0    0.092     4
    49   19     2     10.1    0.065     0
    54   19     3     10.0    0.087     2
    57   19     3     12.6    0.097     5
    58   19     4     10.6    0.087     2
    65   19     3      9.7    0.080     4
    68   19     6     11.0    0.089     3
    69   19     3      6.8    0.057     5
    72   19     4     10.6    0.074     0
   104   19     3      9.3    0.049     4
   111   19     2      9.9    0.063     4
   112   19     4     10.8    0.100     4
   127   19     3     10.0    0.096     5
   129   19     5     10.7    0.097     2
   130   19     3     10.0    0.096     4
   132   19     2      5.9    0.043     4
   149   19     3      7.7    0.062     3
   151    6     3     10.0    0.095     3
   152    5     1     10.0    0.096     4
   153    5     1     10.0    0.096     4
   154    5     4     10.0    0.096     4
   155    5     7     10.0    0.058     2
   156    5     2     10.0    0.064     3
   157    4     3     10.0    0.096     3
   158    3     4     10.0    0.094     1
   159    3     4     10.0    0.095     1
   160    2     3      9.9    0.090     0
   161    2     4     10.0    0.096     1
   162    2     4      9.9    0.096     1
   163    2     8     85.2    0.397     0
   164    1     2     10.0    0.096     0
   165    1     5     10.0    0.049     0
   166    0     4       --       --     0
Total extinctions: 0
Generation time: 8.804 sec (9.477 average)
 ****** Running generation 20 ******
Run done
Enum done
Population's average fitness: 9.72414 stdev: 14.48159
Best fitness: 100.00000 - size: (6, 6) - species 155 - id 934
Species 69 with 3 members is stagnated: removing it
Species 57 with 3 members is stagnated: removing it
Species 127 with 3 members is stagnated: removing it
Average adjusted fitness: 0.083
Mean genetic distance 2.712, standard deviation 0.520
Population of 144 members in 38 species:
   ID   age  size  fitness  adj fit  stag
  ====  ===  ====  =======  =======  ====
     1   20     3      8.8    0.037     2
    22   20     3     10.0    0.070     5
    27   20     5     31.2    0.086     3
    38   20     9     49.1    0.132     5
    45   20     4     10.0    0.067     4
    46   20     4     10.0    0.094     5
    49   20     2      4.7    0.030     1
    54   20     3     14.7    0.110     0
    58   20     4      9.5    0.052     3
    65   20     2      5.6    0.031     5
    68   20     4      8.9    0.039     4
    72   20     3      4.4    0.016     1
   104   20     2      3.2    0.010     5
   111   20     3      9.1    0.073     5
   112   20     5     10.1    0.088     5
   129   20    10     98.2    0.290     0
   130   20     4     10.0    0.094     5
   132   20     2      3.1    0.020     5
   149   20     2      2.6    0.016     4
   151    7     4     10.0    0.094     4
   152    6     3     10.0    0.094     5
   153    6     3      9.0    0.085     5
   154    6     4     10.0    0.094     5
   155    6     4    100.0    0.211     3
   156    6     3     10.0    0.094     4
   157    5     4     10.0    0.094     4
   158    4     4     10.0    0.094     2
   159    4     5     10.0    0.094     2
   160    3     2      7.4    0.041     1
   161    3     3     10.0    0.071     2
   162    3     3      9.9    0.069     2
   163    3    10    100.0    0.193     0
   164    2     3     10.0    0.094     1
   165    2     4     10.0    0.057     1
   166    1     4     10.0    0.071     0
   167    0     4       --       --     0
   168    0     2       --       --     0
   169    0     1       --       --     0
Total extinctions: 0
Generation time: 8.875 sec (9.448 average)
 ****** Running generation 21 ******
Run done
Enum done
Population's average fitness: 11.07899 stdev: 11.92641
Best fitness: 99.99972 - size: (4, 4) - species 163 - id 1044
Species 111 with 3 members is stagnated: removing it
Species 104 with 2 members is stagnated: removing it
Species 46 with 4 members is stagnated: removing it
Species 154 with 4 members is stagnated: removing it
Species 152 with 3 members is stagnated: removing it
Species 130 with 4 members is stagnated: removing it
Species 112 with 5 members is stagnated: removing it
Species 153 with 3 members is stagnated: removing it
Species 22 with 3 members is stagnated: removing it
Species 65 with 2 members is stagnated: removing it
Average adjusted fitness: 0.084
Mean genetic distance 2.725, standard deviation 0.542
Population of 153 members in 29 species:
   ID   age  size  fitness  adj fit  stag
  ====  ===  ====  =======  =======  ====
     1   21     5     13.3    0.086     3
    27   21     9     66.9    0.183     4
    38   21    14     85.9    0.225     0
    45   21     6     10.2    0.077     0
    49   21     6     18.5    0.119     0
    54   21     5     10.1    0.077     1
    58   21     2     10.0    0.057     4
    68   21     6     10.7    0.078     5
    72   21     5      9.2    0.057     2
   129   21     9     15.0    0.088     1
   132   21     5     14.3    0.087     0
   149   21     3      9.4    0.069     0
   151    8     6     10.0    0.076     5
   155    7     2     19.9    0.084     4
   156    7     2      2.5    0.000     5
   157    6     6     10.0    0.076     5
   158    5     4     10.0    0.076     3
   159    5     5     10.0    0.076     3
   160    4     3     10.0    0.053     0
   161    4     5     10.0    0.076     3
   162    4     5     10.0    0.076     0
   163    4    11    100.0    0.142     1
   164    3     5     10.0    0.076     2
   165    3     6     10.0    0.076     2
   166    2     3     10.0    0.057     1
   167    1     6     11.5    0.044     0
   168    1     4     10.0    0.076     0
   169    1     3     10.0    0.076     0
   170    0     2       --       --     0
Total extinctions: 0
Generation time: 7.837 sec (9.371 average)
 ****** Running generation 22 ******
Run done
Enum done
Population's average fitness: 11.68695 stdev: 14.25625
Best fitness: 99.99975 - size: (4, 4) - species 163 - id 1044
Species 156 with 2 members is stagnated: removing it
Species 157 with 6 members is stagnated: removing it
Species 151 with 6 members is stagnated: removing it
Species 68 with 6 members is stagnated: removing it
Average adjusted fitness: 0.095
Mean genetic distance 2.697, standard deviation 0.536
Population of 146 members in 28 species:
   ID   age  size  fitness  adj fit  stag
  ====  ===  ====  =======  =======  ====
     1   22     6     31.1    0.113     0
    27   22    15     94.2    0.293     0
    38   22    11     46.9    0.137     1
    45   22     5     10.0    0.084     1
    49   22     3     10.6    0.067     1
    54   22     6     14.8    0.085     0
    58   22     4     10.0    0.088     5
    72   22     4      9.6    0.044     3
   129   22    12     88.7    0.190     2
   132   22     4      7.7    0.037     1
   149   22     2      7.2    0.039     1
   155    8     3     10.0    0.072     5
   158    6     5     10.0    0.088     4
   159    6     6     10.0    0.088     4
   160    5     4     10.0    0.058     1
   161    5     6     10.0    0.088     4
   162    5     4     10.1    0.064     0
   163    5    10    100.0    0.148     2
   164    4     6     10.0    0.088     3
   165    4     4     10.0    0.088     3
   166    3     4     10.0    0.088     2
   167    2     5     10.0    0.050     1
   168    2     5     10.0    0.088     1
   169    2     4     10.0    0.088     1
   170    1     4     10.0    0.088     0
   171    0     1       --       --     0
   172    0     2       --       --     0
   173    0     1       --       --     0
Total extinctions: 0
Generation time: 9.114 sec (9.306 average)
 ****** Running generation 23 ******
Run done
Enum done
Population's average fitness: 12.45673 stdev: 15.36043
Best fitness: 99.99986 - size: (4, 4) - species 163 - id 1044
Species 155 with 3 members is stagnated: removing it
Species 58 with 4 members is stagnated: removing it
Average adjusted fitness: 0.098
Mean genetic distance 2.731, standard deviation 0.527
Population of 151 members in 28 species:
   ID   age  size  fitness  adj fit  stag
  ====  ===  ====  =======  =======  ====
     1   23     9     86.4    0.206     0
    27   23    14     98.4    0.220     0
    38   23     6     41.9    0.123     2
    45   23     6     10.0    0.088     2
    49   23     4     10.0    0.085     2
    54   23     8     28.4    0.155     0
    72   23     3      8.1    0.036     4
   129   23     9     39.1    0.101     3
   132   23     5     10.6    0.072     2
   149   23     3      5.6    0.040     2
   158    7     6     10.0    0.088     5
   159    7     5     10.0    0.088     5
   160    6     5     13.8    0.094     0
   161    6     5     10.0    0.064     5
   162    6     5     10.0    0.070     1
   163    6    11    100.0    0.182     3
   164    5     5     10.0    0.074     4
   165    5     4     10.0    0.088     4
   166    4     4     10.0    0.088     3
   167    3     4     10.0    0.071     2
   168    3     6     10.0    0.088     2
   169    3     5     10.0    0.088     2
   170    2     5     10.0    0.088     1
   171    1     4     10.0    0.088     0
   172    1     3     10.0    0.064     0
   173    1     5     10.0    0.088     0
   174    0     1       --       --     0
   175    0     1       --       --     0
Total extinctions: 0
Generation time: 8.097 sec (8.923 average)
 ****** Running generation 24 ******
Run done
Enum done
Population's average fitness: 8.69472 stdev: 5.82802
Best fitness: 51.03556 - size: (7, 15) - species 38 - id 889
Species 161 with 5 members is stagnated: removing it
Species 158 with 6 members is stagnated: removing it
Species 159 with 5 members is stagnated: removing it
Average adjusted fitness: 0.149
Mean genetic distance 2.699, standard deviation 0.517
Population of 146 members in 30 species:
   ID   age  size  fitness  adj fit  stag
  ====  ===  ====  =======  =======  ====
     1   24     7     10.3    0.132     1
    27   24     8     12.2    0.055     1
    38   24     9     51.0    0.363     3
    45   24     7     10.0    0.169     3
    49   24     3      7.5    0.063     3
    54   24     6     10.0    0.152     1
    72   24     4     10.3    0.134     5
   129   24    10     40.1    0.240     4
   132   24     4      5.3    0.057     3
   149   24     4      8.2    0.120     3
   160    7     4     10.0    0.165     1
   162    7     2     10.0    0.135     2
   163    7     6     10.3    0.049     4
   164    6     6     10.0    0.169     0
   165    6     5     10.0    0.169     5
   166    5     5     13.0    0.184     0
   167    4     3      6.0    0.066     3
   168    4     8     10.0    0.169     3
   169    4     6     10.0    0.169     3
   170    3     6     10.0    0.137     2
   171    2     5     10.0    0.131     1
   172    2     4     10.0    0.169     1
   173    2     7     14.4    0.189     0
   174    1     4     10.0    0.169     0
   175    1     4     10.0    0.169     0
   176    0     1       --       --     0
   177    0     4       --       --     0
   178    0     2       --       --     0
   179    0     1       --       --     0
   180    0     1       --       --     0
Total extinctions: 0
Generation time: 8.125 sec (8.709 average)
 ****** Running generation 25 ******
Run done
Enum done
Population's average fitness: 10.43497 stdev: 8.54900
Best fitness: 91.93832 - size: (7, 14) - species 129 - id 1030
Species 165 with 5 members is stagnated: removing it
Species 72 with 4 members is stagnated: removing it
Average adjusted fitness: 0.088
Mean genetic distance 2.654, standard deviation 0.513
Population of 145 members in 33 species:
   ID   age  size  fitness  adj fit  stag
  ====  ===  ====  =======  =======  ====
     1   25     6     12.3    0.075     2
    27   25     7     18.6    0.108     2
    38   25     8     53.2    0.121     4
    45   25     6     10.0    0.086     4
    49   25     5     10.1    0.088     4
    54   25     5     10.0    0.074     2
   129   25    11     91.9    0.209     5
   132   25     5     10.0    0.076     4
   149   25     3      9.7    0.055     0
   160    8     5     10.0    0.089     2
   162    8     2     10.0    0.089     3
   163    8     4     10.0    0.073     5
   164    7     5     10.0    0.089     0
   166    6     5     10.0    0.089     1
   167    5     4     10.0    0.059     4
   168    5     6     10.0    0.089     4
   169    5     5     10.0    0.089     4
   170    4     5     10.0    0.089     3
   171    3     5     10.0    0.089     2
   172    3     2     10.0    0.089     2
   173    3     6     14.0    0.085     1
   174    2     5     10.0    0.089     1
   175    2     5     10.0    0.067     1
   176    1     4     10.0    0.089     0
   177    1     6     10.0    0.089     0
   178    1     4      9.9    0.089     0
   179    1     3      6.8    0.054     0
   180    1     3      9.8    0.088     0
   181    0     1       --       --     0
   182    0     1       --       --     0
   183    0     1       --       --     0
   184    0     1       --       --     0
   185    0     1       --       --     0
Total extinctions: 0
Generation time: 8.700 sec (8.588 average)
