2022-05-30 11:47:16,867 INFO    MainThread:6400 [internal.py:wandb_internal():90] W&B internal server running at pid: 6400, started at: 2022-05-30 11:47:16.867822
2022-05-30 11:47:16,870 INFO    WriterThread:6400 [datastore.py:open_for_write():75] open: C:\Projects\Code\Neurals\wandb\run-20220530_114715-3us5q6b9\run-3us5q6b9.wandb
2022-05-30 11:47:16,877 DEBUG   SenderThread:6400 [sender.py:send():232] send: header
2022-05-30 11:47:16,878 DEBUG   SenderThread:6400 [sender.py:send():232] send: run
2022-05-30 11:47:17,187 INFO    SenderThread:6400 [dir_watcher.py:__init__():197] watching files in: C:\Projects\Code\Neurals\wandb\run-20220530_114715-3us5q6b9\files
2022-05-30 11:47:17,187 DEBUG   HandlerThread:6400 [handler.py:handle_request():141] handle_request: check_version
2022-05-30 11:47:17,195 INFO    SenderThread:6400 [sender.py:_start_run_threads():811] run started: 3us5q6b9 with start time 1653875235
2022-05-30 11:47:17,195 DEBUG   SenderThread:6400 [sender.py:send():232] send: summary
2022-05-30 11:47:17,196 INFO    SenderThread:6400 [sender.py:_save_file():948] saving file wandb-summary.json with policy end
2022-05-30 11:47:17,196 DEBUG   SenderThread:6400 [sender.py:send_request():246] send_request: check_version
2022-05-30 11:47:17,320 DEBUG   HandlerThread:6400 [handler.py:handle_request():141] handle_request: run_start
2022-05-30 11:47:18,244 INFO    Thread-11 :6400 [dir_watcher.py:_on_file_created():244] file/dir created: C:\Projects\Code\Neurals\wandb\run-20220530_114715-3us5q6b9\files\wandb-summary.json
2022-05-30 11:47:19,123 DEBUG   HandlerThread:6400 [meta.py:__init__():35] meta init
2022-05-30 11:47:19,123 DEBUG   HandlerThread:6400 [meta.py:__init__():49] meta init done
2022-05-30 11:47:19,123 DEBUG   HandlerThread:6400 [meta.py:probe():209] probe
2022-05-30 11:47:19,142 DEBUG   HandlerThread:6400 [git.py:repo():29] git repository is invalid
2022-05-30 11:47:19,142 DEBUG   HandlerThread:6400 [meta.py:_save_pip():53] save pip
2022-05-30 11:47:19,142 DEBUG   HandlerThread:6400 [meta.py:_save_pip():67] save pip done
2022-05-30 11:47:19,143 DEBUG   HandlerThread:6400 [meta.py:probe():247] probe done
2022-05-30 11:47:19,155 DEBUG   SenderThread:6400 [sender.py:send():232] send: files
2022-05-30 11:47:19,156 INFO    SenderThread:6400 [sender.py:_save_file():948] saving file wandb-metadata.json with policy now
2022-05-30 11:47:19,164 DEBUG   HandlerThread:6400 [handler.py:handle_request():141] handle_request: stop_status
2022-05-30 11:47:19,164 DEBUG   SenderThread:6400 [sender.py:send_request():246] send_request: stop_status
2022-05-30 11:47:19,257 INFO    Thread-11 :6400 [dir_watcher.py:_on_file_created():244] file/dir created: C:\Projects\Code\Neurals\wandb\run-20220530_114715-3us5q6b9\files\requirements.txt
2022-05-30 11:47:19,258 INFO    Thread-11 :6400 [dir_watcher.py:_on_file_created():244] file/dir created: C:\Projects\Code\Neurals\wandb\run-20220530_114715-3us5q6b9\files\wandb-metadata.json
2022-05-30 11:47:19,258 INFO    Thread-11 :6400 [dir_watcher.py:_on_file_created():244] file/dir created: C:\Projects\Code\Neurals\wandb\run-20220530_114715-3us5q6b9\files\output.log
2022-05-30 11:47:19,447 DEBUG   SenderThread:6400 [sender.py:send():232] send: telemetry
2022-05-30 11:47:19,965 INFO    Thread-15 :6400 [upload_job.py:push():132] Uploaded file C:\Users\MAXIMN~1\AppData\Local\Temp\tmp2jqq213dwandb\kik9gm5c-wandb-metadata.json
2022-05-30 11:47:21,267 INFO    Thread-11 :6400 [dir_watcher.py:_on_file_modified():257] file/dir modified: C:\Projects\Code\Neurals\wandb\run-20220530_114715-3us5q6b9\files\output.log
2022-05-30 11:47:21,663 DEBUG   HandlerThread:6400 [handler.py:handle_request():141] handle_request: partial_history
2022-05-30 11:47:21,664 DEBUG   SenderThread:6400 [sender.py:send():232] send: history
2022-05-30 11:47:21,664 DEBUG   SenderThread:6400 [sender.py:send():232] send: summary
2022-05-30 11:47:21,665 INFO    SenderThread:6400 [sender.py:_save_file():948] saving file wandb-summary.json with policy end
2022-05-30 11:47:22,272 INFO    Thread-11 :6400 [dir_watcher.py:_on_file_modified():257] file/dir modified: C:\Projects\Code\Neurals\wandb\run-20220530_114715-3us5q6b9\files\wandb-summary.json
2022-05-30 11:47:23,277 INFO    Thread-11 :6400 [dir_watcher.py:_on_file_modified():257] file/dir modified: C:\Projects\Code\Neurals\wandb\run-20220530_114715-3us5q6b9\files\output.log
2022-05-30 11:47:23,783 DEBUG   HandlerThread:6400 [handler.py:handle_request():141] handle_request: partial_history
2022-05-30 11:47:23,784 DEBUG   SenderThread:6400 [sender.py:send():232] send: history
2022-05-30 11:47:23,784 DEBUG   SenderThread:6400 [sender.py:send():232] send: summary
2022-05-30 11:47:23,785 INFO    SenderThread:6400 [sender.py:_save_file():948] saving file wandb-summary.json with policy end
2022-05-30 11:47:24,281 INFO    Thread-11 :6400 [dir_watcher.py:_on_file_modified():257] file/dir modified: C:\Projects\Code\Neurals\wandb\run-20220530_114715-3us5q6b9\files\wandb-summary.json
2022-05-30 11:47:25,286 INFO    Thread-11 :6400 [dir_watcher.py:_on_file_modified():257] file/dir modified: C:\Projects\Code\Neurals\wandb\run-20220530_114715-3us5q6b9\files\output.log
2022-05-30 11:47:26,099 DEBUG   HandlerThread:6400 [handler.py:handle_request():141] handle_request: partial_history
2022-05-30 11:47:26,100 DEBUG   SenderThread:6400 [sender.py:send():232] send: history
2022-05-30 11:47:26,100 DEBUG   SenderThread:6400 [sender.py:send():232] send: summary
2022-05-30 11:47:26,102 INFO    SenderThread:6400 [sender.py:_save_file():948] saving file wandb-summary.json with policy end
2022-05-30 11:47:26,291 INFO    Thread-11 :6400 [dir_watcher.py:_on_file_modified():257] file/dir modified: C:\Projects\Code\Neurals\wandb\run-20220530_114715-3us5q6b9\files\wandb-summary.json
2022-05-30 11:47:27,296 INFO    Thread-11 :6400 [dir_watcher.py:_on_file_modified():257] file/dir modified: C:\Projects\Code\Neurals\wandb\run-20220530_114715-3us5q6b9\files\output.log
2022-05-30 11:47:28,396 DEBUG   HandlerThread:6400 [handler.py:handle_request():141] handle_request: partial_history
2022-05-30 11:47:28,397 DEBUG   SenderThread:6400 [sender.py:send():232] send: history
2022-05-30 11:47:28,397 DEBUG   SenderThread:6400 [sender.py:send():232] send: summary
2022-05-30 11:47:28,399 INFO    SenderThread:6400 [sender.py:_save_file():948] saving file wandb-summary.json with policy end
2022-05-30 11:47:29,306 INFO    Thread-11 :6400 [dir_watcher.py:_on_file_modified():257] file/dir modified: C:\Projects\Code\Neurals\wandb\run-20220530_114715-3us5q6b9\files\output.log
2022-05-30 11:47:29,306 INFO    Thread-11 :6400 [dir_watcher.py:_on_file_modified():257] file/dir modified: C:\Projects\Code\Neurals\wandb\run-20220530_114715-3us5q6b9\files\wandb-summary.json
2022-05-30 11:47:30,688 DEBUG   HandlerThread:6400 [handler.py:handle_request():141] handle_request: partial_history
2022-05-30 11:47:30,688 DEBUG   SenderThread:6400 [sender.py:send():232] send: history
2022-05-30 11:47:30,689 DEBUG   SenderThread:6400 [sender.py:send():232] send: summary
2022-05-30 11:47:30,691 INFO    SenderThread:6400 [sender.py:_save_file():948] saving file wandb-summary.json with policy end
2022-05-30 11:47:31,313 INFO    Thread-11 :6400 [dir_watcher.py:_on_file_modified():257] file/dir modified: C:\Projects\Code\Neurals\wandb\run-20220530_114715-3us5q6b9\files\output.log
2022-05-30 11:47:31,314 INFO    Thread-11 :6400 [dir_watcher.py:_on_file_modified():257] file/dir modified: C:\Projects\Code\Neurals\wandb\run-20220530_114715-3us5q6b9\files\wandb-summary.json
2022-05-30 11:47:33,263 DEBUG   HandlerThread:6400 [handler.py:handle_request():141] handle_request: partial_history
2022-05-30 11:47:33,264 DEBUG   SenderThread:6400 [sender.py:send():232] send: history
2022-05-30 11:47:33,264 DEBUG   SenderThread:6400 [sender.py:send():232] send: summary
2022-05-30 11:47:33,265 INFO    SenderThread:6400 [sender.py:_save_file():948] saving file wandb-summary.json with policy end
2022-05-30 11:47:33,336 INFO    Thread-11 :6400 [dir_watcher.py:_on_file_modified():257] file/dir modified: C:\Projects\Code\Neurals\wandb\run-20220530_114715-3us5q6b9\files\wandb-summary.json
2022-05-30 11:47:34,450 DEBUG   HandlerThread:6400 [handler.py:handle_request():141] handle_request: stop_status
2022-05-30 11:47:34,450 DEBUG   SenderThread:6400 [sender.py:send_request():246] send_request: stop_status
2022-05-30 11:47:35,344 INFO    Thread-11 :6400 [dir_watcher.py:_on_file_modified():257] file/dir modified: C:\Projects\Code\Neurals\wandb\run-20220530_114715-3us5q6b9\files\output.log
2022-05-30 11:47:35,770 DEBUG   HandlerThread:6400 [handler.py:handle_request():141] handle_request: partial_history
2022-05-30 11:47:35,771 DEBUG   SenderThread:6400 [sender.py:send():232] send: history
2022-05-30 11:47:35,771 DEBUG   SenderThread:6400 [sender.py:send():232] send: summary
2022-05-30 11:47:35,772 INFO    SenderThread:6400 [sender.py:_save_file():948] saving file wandb-summary.json with policy end
2022-05-30 11:47:36,348 INFO    Thread-11 :6400 [dir_watcher.py:_on_file_modified():257] file/dir modified: C:\Projects\Code\Neurals\wandb\run-20220530_114715-3us5q6b9\files\wandb-summary.json
2022-05-30 11:47:37,350 INFO    Thread-11 :6400 [dir_watcher.py:_on_file_modified():257] file/dir modified: C:\Projects\Code\Neurals\wandb\run-20220530_114715-3us5q6b9\files\output.log
2022-05-30 11:47:38,329 DEBUG   HandlerThread:6400 [handler.py:handle_request():141] handle_request: partial_history
2022-05-30 11:47:38,331 DEBUG   SenderThread:6400 [sender.py:send():232] send: history
2022-05-30 11:47:38,331 DEBUG   SenderThread:6400 [sender.py:send():232] send: summary
2022-05-30 11:47:38,332 INFO    SenderThread:6400 [sender.py:_save_file():948] saving file wandb-summary.json with policy end
2022-05-30 11:47:38,357 INFO    Thread-11 :6400 [dir_watcher.py:_on_file_modified():257] file/dir modified: C:\Projects\Code\Neurals\wandb\run-20220530_114715-3us5q6b9\files\wandb-summary.json
2022-05-30 11:47:39,365 INFO    Thread-11 :6400 [dir_watcher.py:_on_file_modified():257] file/dir modified: C:\Projects\Code\Neurals\wandb\run-20220530_114715-3us5q6b9\files\output.log
2022-05-30 11:47:40,781 DEBUG   HandlerThread:6400 [handler.py:handle_request():141] handle_request: partial_history
2022-05-30 11:47:40,782 DEBUG   SenderThread:6400 [sender.py:send():232] send: history
2022-05-30 11:47:40,782 DEBUG   SenderThread:6400 [sender.py:send():232] send: summary
2022-05-30 11:47:40,783 INFO    SenderThread:6400 [sender.py:_save_file():948] saving file wandb-summary.json with policy end
2022-05-30 11:47:41,375 INFO    Thread-11 :6400 [dir_watcher.py:_on_file_modified():257] file/dir modified: C:\Projects\Code\Neurals\wandb\run-20220530_114715-3us5q6b9\files\output.log
2022-05-30 11:47:41,376 INFO    Thread-11 :6400 [dir_watcher.py:_on_file_modified():257] file/dir modified: C:\Projects\Code\Neurals\wandb\run-20220530_114715-3us5q6b9\files\wandb-summary.json
2022-05-30 11:47:43,267 DEBUG   HandlerThread:6400 [handler.py:handle_request():141] handle_request: partial_history
2022-05-30 11:47:43,268 DEBUG   SenderThread:6400 [sender.py:send():232] send: history
2022-05-30 11:47:43,268 DEBUG   SenderThread:6400 [sender.py:send():232] send: summary
2022-05-30 11:47:43,269 INFO    SenderThread:6400 [sender.py:_save_file():948] saving file wandb-summary.json with policy end
2022-05-30 11:47:43,387 INFO    Thread-11 :6400 [dir_watcher.py:_on_file_modified():257] file/dir modified: C:\Projects\Code\Neurals\wandb\run-20220530_114715-3us5q6b9\files\wandb-summary.json
2022-05-30 11:47:45,392 INFO    Thread-11 :6400 [dir_watcher.py:_on_file_modified():257] file/dir modified: C:\Projects\Code\Neurals\wandb\run-20220530_114715-3us5q6b9\files\output.log
2022-05-30 11:47:45,826 DEBUG   HandlerThread:6400 [handler.py:handle_request():141] handle_request: partial_history
2022-05-30 11:47:45,827 DEBUG   SenderThread:6400 [sender.py:send():232] send: history
2022-05-30 11:47:45,827 DEBUG   SenderThread:6400 [sender.py:send():232] send: summary
2022-05-30 11:47:45,829 INFO    SenderThread:6400 [sender.py:_save_file():948] saving file wandb-summary.json with policy end
2022-05-30 11:47:46,399 INFO    Thread-11 :6400 [dir_watcher.py:_on_file_modified():257] file/dir modified: C:\Projects\Code\Neurals\wandb\run-20220530_114715-3us5q6b9\files\wandb-summary.json
2022-05-30 11:47:47,402 INFO    Thread-11 :6400 [dir_watcher.py:_on_file_modified():257] file/dir modified: C:\Projects\Code\Neurals\wandb\run-20220530_114715-3us5q6b9\files\output.log
2022-05-30 11:47:48,404 INFO    Thread-11 :6400 [dir_watcher.py:_on_file_modified():257] file/dir modified: C:\Projects\Code\Neurals\wandb\run-20220530_114715-3us5q6b9\files\config.yaml
2022-05-30 11:47:48,429 DEBUG   HandlerThread:6400 [handler.py:handle_request():141] handle_request: partial_history
2022-05-30 11:47:48,430 DEBUG   SenderThread:6400 [sender.py:send():232] send: history
2022-05-30 11:47:48,430 DEBUG   SenderThread:6400 [sender.py:send():232] send: summary
2022-05-30 11:47:48,432 INFO    SenderThread:6400 [sender.py:_save_file():948] saving file wandb-summary.json with policy end
2022-05-30 11:47:49,407 INFO    Thread-11 :6400 [dir_watcher.py:_on_file_modified():257] file/dir modified: C:\Projects\Code\Neurals\wandb\run-20220530_114715-3us5q6b9\files\output.log
2022-05-30 11:47:49,407 INFO    Thread-11 :6400 [dir_watcher.py:_on_file_modified():257] file/dir modified: C:\Projects\Code\Neurals\wandb\run-20220530_114715-3us5q6b9\files\wandb-summary.json
2022-05-30 11:47:49,770 DEBUG   HandlerThread:6400 [handler.py:handle_request():141] handle_request: stop_status
2022-05-30 11:47:49,770 DEBUG   SenderThread:6400 [sender.py:send_request():246] send_request: stop_status
2022-05-30 11:47:50,408 DEBUG   SenderThread:6400 [sender.py:send():232] send: stats
2022-05-30 11:47:51,003 DEBUG   HandlerThread:6400 [handler.py:handle_request():141] handle_request: partial_history
2022-05-30 11:47:51,003 DEBUG   SenderThread:6400 [sender.py:send():232] send: history
2022-05-30 11:47:51,003 DEBUG   SenderThread:6400 [sender.py:send():232] send: summary
2022-05-30 11:47:51,005 INFO    SenderThread:6400 [sender.py:_save_file():948] saving file wandb-summary.json with policy end
2022-05-30 11:47:51,424 INFO    Thread-11 :6400 [dir_watcher.py:_on_file_modified():257] file/dir modified: C:\Projects\Code\Neurals\wandb\run-20220530_114715-3us5q6b9\files\wandb-summary.json
2022-05-30 11:47:53,433 INFO    Thread-11 :6400 [dir_watcher.py:_on_file_modified():257] file/dir modified: C:\Projects\Code\Neurals\wandb\run-20220530_114715-3us5q6b9\files\output.log
2022-05-30 11:47:53,614 DEBUG   HandlerThread:6400 [handler.py:handle_request():141] handle_request: partial_history
2022-05-30 11:47:53,615 DEBUG   SenderThread:6400 [sender.py:send():232] send: history
2022-05-30 11:47:53,615 DEBUG   SenderThread:6400 [sender.py:send():232] send: summary
2022-05-30 11:47:53,615 INFO    SenderThread:6400 [sender.py:_save_file():948] saving file wandb-summary.json with policy end
2022-05-30 11:47:54,438 INFO    Thread-11 :6400 [dir_watcher.py:_on_file_modified():257] file/dir modified: C:\Projects\Code\Neurals\wandb\run-20220530_114715-3us5q6b9\files\wandb-summary.json
2022-05-30 11:47:55,439 INFO    Thread-11 :6400 [dir_watcher.py:_on_file_modified():257] file/dir modified: C:\Projects\Code\Neurals\wandb\run-20220530_114715-3us5q6b9\files\output.log
2022-05-30 11:47:56,379 DEBUG   HandlerThread:6400 [handler.py:handle_request():141] handle_request: partial_history
2022-05-30 11:47:56,380 DEBUG   SenderThread:6400 [sender.py:send():232] send: history
2022-05-30 11:47:56,380 DEBUG   SenderThread:6400 [sender.py:send():232] send: summary
2022-05-30 11:47:56,381 INFO    SenderThread:6400 [sender.py:_save_file():948] saving file wandb-summary.json with policy end
2022-05-30 11:47:56,442 INFO    Thread-11 :6400 [dir_watcher.py:_on_file_modified():257] file/dir modified: C:\Projects\Code\Neurals\wandb\run-20220530_114715-3us5q6b9\files\wandb-summary.json
2022-05-30 11:47:57,445 INFO    Thread-11 :6400 [dir_watcher.py:_on_file_modified():257] file/dir modified: C:\Projects\Code\Neurals\wandb\run-20220530_114715-3us5q6b9\files\output.log
2022-05-30 11:47:58,911 DEBUG   HandlerThread:6400 [handler.py:handle_request():141] handle_request: partial_history
2022-05-30 11:47:58,912 DEBUG   SenderThread:6400 [sender.py:send():232] send: history
2022-05-30 11:47:58,912 DEBUG   SenderThread:6400 [sender.py:send():232] send: summary
2022-05-30 11:47:58,913 INFO    SenderThread:6400 [sender.py:_save_file():948] saving file wandb-summary.json with policy end
2022-05-30 11:47:59,457 INFO    Thread-11 :6400 [dir_watcher.py:_on_file_modified():257] file/dir modified: C:\Projects\Code\Neurals\wandb\run-20220530_114715-3us5q6b9\files\output.log
2022-05-30 11:47:59,458 INFO    Thread-11 :6400 [dir_watcher.py:_on_file_modified():257] file/dir modified: C:\Projects\Code\Neurals\wandb\run-20220530_114715-3us5q6b9\files\wandb-summary.json
2022-05-30 11:48:01,412 DEBUG   HandlerThread:6400 [handler.py:handle_request():141] handle_request: partial_history
2022-05-30 11:48:01,413 DEBUG   SenderThread:6400 [sender.py:send():232] send: history
2022-05-30 11:48:01,413 DEBUG   SenderThread:6400 [sender.py:send():232] send: summary
2022-05-30 11:48:01,414 INFO    SenderThread:6400 [sender.py:_save_file():948] saving file wandb-summary.json with policy end
2022-05-30 11:48:01,463 INFO    Thread-11 :6400 [dir_watcher.py:_on_file_modified():257] file/dir modified: C:\Projects\Code\Neurals\wandb\run-20220530_114715-3us5q6b9\files\wandb-summary.json
2022-05-30 11:48:03,474 INFO    Thread-11 :6400 [dir_watcher.py:_on_file_modified():257] file/dir modified: C:\Projects\Code\Neurals\wandb\run-20220530_114715-3us5q6b9\files\output.log
2022-05-30 11:48:04,177 DEBUG   HandlerThread:6400 [handler.py:handle_request():141] handle_request: partial_history
2022-05-30 11:48:04,178 DEBUG   SenderThread:6400 [sender.py:send():232] send: history
2022-05-30 11:48:04,178 DEBUG   SenderThread:6400 [sender.py:send():232] send: summary
2022-05-30 11:48:04,179 INFO    SenderThread:6400 [sender.py:_save_file():948] saving file wandb-summary.json with policy end
2022-05-30 11:48:04,484 INFO    Thread-11 :6400 [dir_watcher.py:_on_file_modified():257] file/dir modified: C:\Projects\Code\Neurals\wandb\run-20220530_114715-3us5q6b9\files\wandb-summary.json
2022-05-30 11:48:05,034 DEBUG   HandlerThread:6400 [handler.py:handle_request():141] handle_request: stop_status
2022-05-30 11:48:05,034 DEBUG   SenderThread:6400 [sender.py:send_request():246] send_request: stop_status
2022-05-30 11:48:05,497 INFO    Thread-11 :6400 [dir_watcher.py:_on_file_modified():257] file/dir modified: C:\Projects\Code\Neurals\wandb\run-20220530_114715-3us5q6b9\files\output.log
2022-05-30 11:48:07,003 DEBUG   HandlerThread:6400 [handler.py:handle_request():141] handle_request: partial_history
2022-05-30 11:48:07,004 DEBUG   SenderThread:6400 [sender.py:send():232] send: history
2022-05-30 11:48:07,004 DEBUG   SenderThread:6400 [sender.py:send():232] send: summary
2022-05-30 11:48:07,006 INFO    SenderThread:6400 [sender.py:_save_file():948] saving file wandb-summary.json with policy end
2022-05-30 11:48:07,512 INFO    Thread-11 :6400 [dir_watcher.py:_on_file_modified():257] file/dir modified: C:\Projects\Code\Neurals\wandb\run-20220530_114715-3us5q6b9\files\output.log
2022-05-30 11:48:07,513 INFO    Thread-11 :6400 [dir_watcher.py:_on_file_modified():257] file/dir modified: C:\Projects\Code\Neurals\wandb\run-20220530_114715-3us5q6b9\files\wandb-summary.json
2022-05-30 11:48:09,522 INFO    Thread-11 :6400 [dir_watcher.py:_on_file_modified():257] file/dir modified: C:\Projects\Code\Neurals\wandb\run-20220530_114715-3us5q6b9\files\output.log
2022-05-30 11:48:11,001 DEBUG   HandlerThread:6400 [handler.py:handle_request():141] handle_request: partial_history
2022-05-30 11:48:11,002 DEBUG   SenderThread:6400 [sender.py:send():232] send: history
2022-05-30 11:48:11,002 DEBUG   SenderThread:6400 [sender.py:send():232] send: summary
2022-05-30 11:48:11,004 INFO    SenderThread:6400 [sender.py:_save_file():948] saving file wandb-summary.json with policy end
2022-05-30 11:48:11,527 INFO    Thread-11 :6400 [dir_watcher.py:_on_file_modified():257] file/dir modified: C:\Projects\Code\Neurals\wandb\run-20220530_114715-3us5q6b9\files\output.log
2022-05-30 11:48:11,528 INFO    Thread-11 :6400 [dir_watcher.py:_on_file_modified():257] file/dir modified: C:\Projects\Code\Neurals\wandb\run-20220530_114715-3us5q6b9\files\wandb-summary.json
2022-05-30 11:48:14,463 DEBUG   HandlerThread:6400 [handler.py:handle_request():141] handle_request: partial_history
2022-05-30 11:48:14,464 DEBUG   SenderThread:6400 [sender.py:send():232] send: history
2022-05-30 11:48:14,464 DEBUG   SenderThread:6400 [sender.py:send():232] send: summary
2022-05-30 11:48:14,466 INFO    SenderThread:6400 [sender.py:_save_file():948] saving file wandb-summary.json with policy end
2022-05-30 11:48:14,546 INFO    Thread-11 :6400 [dir_watcher.py:_on_file_modified():257] file/dir modified: C:\Projects\Code\Neurals\wandb\run-20220530_114715-3us5q6b9\files\wandb-summary.json
2022-05-30 11:48:15,550 INFO    Thread-11 :6400 [dir_watcher.py:_on_file_modified():257] file/dir modified: C:\Projects\Code\Neurals\wandb\run-20220530_114715-3us5q6b9\files\output.log
2022-05-30 11:48:17,691 DEBUG   HandlerThread:6400 [handler.py:handle_request():141] handle_request: partial_history
2022-05-30 11:48:17,693 DEBUG   SenderThread:6400 [sender.py:send():232] send: history
2022-05-30 11:48:17,695 DEBUG   SenderThread:6400 [sender.py:send():232] send: summary
2022-05-30 11:48:17,696 INFO    SenderThread:6400 [sender.py:_save_file():948] saving file wandb-summary.json with policy end
2022-05-30 11:48:18,570 INFO    Thread-11 :6400 [dir_watcher.py:_on_file_modified():257] file/dir modified: C:\Projects\Code\Neurals\wandb\run-20220530_114715-3us5q6b9\files\wandb-summary.json
2022-05-30 11:48:19,586 INFO    Thread-11 :6400 [dir_watcher.py:_on_file_modified():257] file/dir modified: C:\Projects\Code\Neurals\wandb\run-20220530_114715-3us5q6b9\files\output.log
2022-05-30 11:48:20,337 DEBUG   HandlerThread:6400 [handler.py:handle_request():141] handle_request: stop_status
2022-05-30 11:48:20,337 DEBUG   SenderThread:6400 [sender.py:send_request():246] send_request: stop_status
2022-05-30 11:48:22,770 DEBUG   HandlerThread:6400 [handler.py:handle_request():141] handle_request: partial_history
2022-05-30 11:48:22,771 DEBUG   SenderThread:6400 [sender.py:send():232] send: history
2022-05-30 11:48:22,772 DEBUG   SenderThread:6400 [sender.py:send():232] send: summary
2022-05-30 11:48:22,773 INFO    SenderThread:6400 [sender.py:_save_file():948] saving file wandb-summary.json with policy end
2022-05-30 11:48:23,639 INFO    Thread-11 :6400 [dir_watcher.py:_on_file_modified():257] file/dir modified: C:\Projects\Code\Neurals\wandb\run-20220530_114715-3us5q6b9\files\output.log
2022-05-30 11:48:23,640 INFO    Thread-11 :6400 [dir_watcher.py:_on_file_modified():257] file/dir modified: C:\Projects\Code\Neurals\wandb\run-20220530_114715-3us5q6b9\files\wandb-summary.json
2022-05-30 11:48:23,935 DEBUG   SenderThread:6400 [sender.py:send():232] send: stats
2022-05-30 11:48:26,894 DEBUG   HandlerThread:6400 [handler.py:handle_request():141] handle_request: partial_history
2022-05-30 11:48:26,895 DEBUG   SenderThread:6400 [sender.py:send():232] send: history
2022-05-30 11:48:26,896 DEBUG   SenderThread:6400 [sender.py:send():232] send: summary
2022-05-30 11:48:26,897 INFO    SenderThread:6400 [sender.py:_save_file():948] saving file wandb-summary.json with policy end
2022-05-30 11:48:27,686 INFO    Thread-11 :6400 [dir_watcher.py:_on_file_modified():257] file/dir modified: C:\Projects\Code\Neurals\wandb\run-20220530_114715-3us5q6b9\files\output.log
2022-05-30 11:48:27,688 INFO    Thread-11 :6400 [dir_watcher.py:_on_file_modified():257] file/dir modified: C:\Projects\Code\Neurals\wandb\run-20220530_114715-3us5q6b9\files\wandb-summary.json
2022-05-30 11:48:30,057 DEBUG   HandlerThread:6400 [handler.py:handle_request():141] handle_request: partial_history
2022-05-30 11:48:30,058 DEBUG   SenderThread:6400 [sender.py:send():232] send: history
2022-05-30 11:48:30,058 DEBUG   SenderThread:6400 [sender.py:send():232] send: summary
2022-05-30 11:48:30,059 INFO    SenderThread:6400 [sender.py:_save_file():948] saving file wandb-summary.json with policy end
2022-05-30 11:48:30,700 INFO    Thread-11 :6400 [dir_watcher.py:_on_file_modified():257] file/dir modified: C:\Projects\Code\Neurals\wandb\run-20220530_114715-3us5q6b9\files\wandb-summary.json
2022-05-30 11:48:31,704 INFO    Thread-11 :6400 [dir_watcher.py:_on_file_modified():257] file/dir modified: C:\Projects\Code\Neurals\wandb\run-20220530_114715-3us5q6b9\files\output.log
2022-05-30 11:48:32,593 DEBUG   HandlerThread:6400 [handler.py:handle_request():141] handle_request: partial_history
2022-05-30 11:48:32,594 DEBUG   SenderThread:6400 [sender.py:send():232] send: history
2022-05-30 11:48:32,594 DEBUG   SenderThread:6400 [sender.py:send():232] send: summary
2022-05-30 11:48:32,594 INFO    SenderThread:6400 [sender.py:_save_file():948] saving file wandb-summary.json with policy end
2022-05-30 11:48:32,708 INFO    Thread-11 :6400 [dir_watcher.py:_on_file_modified():257] file/dir modified: C:\Projects\Code\Neurals\wandb\run-20220530_114715-3us5q6b9\files\wandb-summary.json
2022-05-30 11:48:33,711 INFO    Thread-11 :6400 [dir_watcher.py:_on_file_modified():257] file/dir modified: C:\Projects\Code\Neurals\wandb\run-20220530_114715-3us5q6b9\files\output.log
2022-05-30 11:48:35,250 DEBUG   HandlerThread:6400 [handler.py:handle_request():141] handle_request: partial_history
2022-05-30 11:48:35,251 DEBUG   SenderThread:6400 [sender.py:send():232] send: history
2022-05-30 11:48:35,251 DEBUG   SenderThread:6400 [sender.py:send():232] send: summary
2022-05-30 11:48:35,255 INFO    SenderThread:6400 [sender.py:_save_file():948] saving file wandb-summary.json with policy end
2022-05-30 11:48:35,623 DEBUG   HandlerThread:6400 [handler.py:handle_request():141] handle_request: stop_status
2022-05-30 11:48:35,623 DEBUG   SenderThread:6400 [sender.py:send_request():246] send_request: stop_status
2022-05-30 11:48:35,726 INFO    Thread-11 :6400 [dir_watcher.py:_on_file_modified():257] file/dir modified: C:\Projects\Code\Neurals\wandb\run-20220530_114715-3us5q6b9\files\output.log
2022-05-30 11:48:35,727 INFO    Thread-11 :6400 [dir_watcher.py:_on_file_modified():257] file/dir modified: C:\Projects\Code\Neurals\wandb\run-20220530_114715-3us5q6b9\files\wandb-summary.json
2022-05-30 11:48:37,737 INFO    Thread-11 :6400 [dir_watcher.py:_on_file_modified():257] file/dir modified: C:\Projects\Code\Neurals\wandb\run-20220530_114715-3us5q6b9\files\output.log
2022-05-30 11:48:38,074 DEBUG   HandlerThread:6400 [handler.py:handle_request():141] handle_request: partial_history
2022-05-30 11:48:38,074 DEBUG   SenderThread:6400 [sender.py:send():232] send: history
2022-05-30 11:48:38,075 DEBUG   SenderThread:6400 [sender.py:send():232] send: summary
2022-05-30 11:48:38,076 INFO    SenderThread:6400 [sender.py:_save_file():948] saving file wandb-summary.json with policy end
2022-05-30 11:48:38,744 INFO    Thread-11 :6400 [dir_watcher.py:_on_file_modified():257] file/dir modified: C:\Projects\Code\Neurals\wandb\run-20220530_114715-3us5q6b9\files\wandb-summary.json
2022-05-30 11:48:39,745 INFO    Thread-11 :6400 [dir_watcher.py:_on_file_modified():257] file/dir modified: C:\Projects\Code\Neurals\wandb\run-20220530_114715-3us5q6b9\files\output.log
2022-05-30 11:48:40,649 DEBUG   HandlerThread:6400 [handler.py:handle_request():141] handle_request: partial_history
2022-05-30 11:48:40,650 DEBUG   SenderThread:6400 [sender.py:send():232] send: history
2022-05-30 11:48:40,650 DEBUG   SenderThread:6400 [sender.py:send():232] send: summary
2022-05-30 11:48:40,651 INFO    SenderThread:6400 [sender.py:_save_file():948] saving file wandb-summary.json with policy end
2022-05-30 11:48:40,759 INFO    Thread-11 :6400 [dir_watcher.py:_on_file_modified():257] file/dir modified: C:\Projects\Code\Neurals\wandb\run-20220530_114715-3us5q6b9\files\wandb-summary.json
2022-05-30 11:48:41,765 INFO    Thread-11 :6400 [dir_watcher.py:_on_file_modified():257] file/dir modified: C:\Projects\Code\Neurals\wandb\run-20220530_114715-3us5q6b9\files\output.log
2022-05-30 11:48:43,217 DEBUG   HandlerThread:6400 [handler.py:handle_request():141] handle_request: partial_history
2022-05-30 11:48:43,218 DEBUG   SenderThread:6400 [sender.py:send():232] send: history
2022-05-30 11:48:43,218 DEBUG   SenderThread:6400 [sender.py:send():232] send: summary
2022-05-30 11:48:43,219 INFO    SenderThread:6400 [sender.py:_save_file():948] saving file wandb-summary.json with policy end
2022-05-30 11:48:43,778 INFO    Thread-11 :6400 [dir_watcher.py:_on_file_modified():257] file/dir modified: C:\Projects\Code\Neurals\wandb\run-20220530_114715-3us5q6b9\files\output.log
2022-05-30 11:48:43,778 INFO    Thread-11 :6400 [dir_watcher.py:_on_file_modified():257] file/dir modified: C:\Projects\Code\Neurals\wandb\run-20220530_114715-3us5q6b9\files\wandb-summary.json
2022-05-30 11:48:45,884 DEBUG   HandlerThread:6400 [handler.py:handle_request():141] handle_request: partial_history
2022-05-30 11:48:45,884 DEBUG   SenderThread:6400 [sender.py:send():232] send: history
2022-05-30 11:48:45,884 DEBUG   SenderThread:6400 [sender.py:send():232] send: summary
2022-05-30 11:48:45,885 INFO    SenderThread:6400 [sender.py:_save_file():948] saving file wandb-summary.json with policy end
2022-05-30 11:48:46,788 INFO    Thread-11 :6400 [dir_watcher.py:_on_file_modified():257] file/dir modified: C:\Projects\Code\Neurals\wandb\run-20220530_114715-3us5q6b9\files\wandb-summary.json
2022-05-30 11:48:47,803 INFO    Thread-11 :6400 [dir_watcher.py:_on_file_modified():257] file/dir modified: C:\Projects\Code\Neurals\wandb\run-20220530_114715-3us5q6b9\files\output.log
2022-05-30 11:48:48,929 DEBUG   HandlerThread:6400 [handler.py:handle_request():141] handle_request: partial_history
2022-05-30 11:48:48,930 DEBUG   SenderThread:6400 [sender.py:send():232] send: history
2022-05-30 11:48:48,930 DEBUG   SenderThread:6400 [sender.py:send():232] send: summary
2022-05-30 11:48:48,931 INFO    SenderThread:6400 [sender.py:_save_file():948] saving file wandb-summary.json with policy end
2022-05-30 11:48:49,822 INFO    Thread-11 :6400 [dir_watcher.py:_on_file_modified():257] file/dir modified: C:\Projects\Code\Neurals\wandb\run-20220530_114715-3us5q6b9\files\output.log
2022-05-30 11:48:49,823 INFO    Thread-11 :6400 [dir_watcher.py:_on_file_modified():257] file/dir modified: C:\Projects\Code\Neurals\wandb\run-20220530_114715-3us5q6b9\files\wandb-summary.json
2022-05-30 11:48:50,898 DEBUG   HandlerThread:6400 [handler.py:handle_request():141] handle_request: stop_status
2022-05-30 11:48:50,899 DEBUG   SenderThread:6400 [sender.py:send_request():246] send_request: stop_status
2022-05-30 11:48:51,579 DEBUG   HandlerThread:6400 [handler.py:handle_request():141] handle_request: partial_history
2022-05-30 11:48:51,580 DEBUG   SenderThread:6400 [sender.py:send():232] send: history
2022-05-30 11:48:51,581 DEBUG   SenderThread:6400 [sender.py:send():232] send: summary
2022-05-30 11:48:51,581 INFO    SenderThread:6400 [sender.py:_save_file():948] saving file wandb-summary.json with policy end
2022-05-30 11:48:51,843 INFO    Thread-11 :6400 [dir_watcher.py:_on_file_modified():257] file/dir modified: C:\Projects\Code\Neurals\wandb\run-20220530_114715-3us5q6b9\files\wandb-summary.json
2022-05-30 11:48:53,872 INFO    Thread-11 :6400 [dir_watcher.py:_on_file_modified():257] file/dir modified: C:\Projects\Code\Neurals\wandb\run-20220530_114715-3us5q6b9\files\output.log
2022-05-30 11:48:54,761 DEBUG   HandlerThread:6400 [handler.py:handle_request():141] handle_request: partial_history
2022-05-30 11:48:54,762 DEBUG   SenderThread:6400 [sender.py:send():232] send: history
2022-05-30 11:48:54,762 DEBUG   SenderThread:6400 [sender.py:send():232] send: summary
2022-05-30 11:48:54,763 INFO    SenderThread:6400 [sender.py:_save_file():948] saving file wandb-summary.json with policy end
2022-05-30 11:48:54,887 INFO    Thread-11 :6400 [dir_watcher.py:_on_file_modified():257] file/dir modified: C:\Projects\Code\Neurals\wandb\run-20220530_114715-3us5q6b9\files\wandb-summary.json
2022-05-30 11:48:55,903 INFO    Thread-11 :6400 [dir_watcher.py:_on_file_modified():257] file/dir modified: C:\Projects\Code\Neurals\wandb\run-20220530_114715-3us5q6b9\files\output.log
2022-05-30 11:48:57,373 DEBUG   SenderThread:6400 [sender.py:send():232] send: stats
2022-05-30 11:48:57,585 DEBUG   HandlerThread:6400 [handler.py:handle_request():141] handle_request: partial_history
2022-05-30 11:48:57,586 DEBUG   SenderThread:6400 [sender.py:send():232] send: history
2022-05-30 11:48:57,586 DEBUG   SenderThread:6400 [sender.py:send():232] send: summary
2022-05-30 11:48:57,590 INFO    SenderThread:6400 [sender.py:_save_file():948] saving file wandb-summary.json with policy end
2022-05-30 11:48:57,913 INFO    Thread-11 :6400 [dir_watcher.py:_on_file_modified():257] file/dir modified: C:\Projects\Code\Neurals\wandb\run-20220530_114715-3us5q6b9\files\wandb-summary.json
2022-05-30 11:48:59,922 INFO    Thread-11 :6400 [dir_watcher.py:_on_file_modified():257] file/dir modified: C:\Projects\Code\Neurals\wandb\run-20220530_114715-3us5q6b9\files\output.log
2022-05-30 11:49:00,420 DEBUG   HandlerThread:6400 [handler.py:handle_request():141] handle_request: partial_history
2022-05-30 11:49:00,421 DEBUG   SenderThread:6400 [sender.py:send():232] send: history
2022-05-30 11:49:00,421 DEBUG   SenderThread:6400 [sender.py:send():232] send: summary
2022-05-30 11:49:00,422 INFO    SenderThread:6400 [sender.py:_save_file():948] saving file wandb-summary.json with policy end
2022-05-30 11:49:00,923 INFO    Thread-11 :6400 [dir_watcher.py:_on_file_modified():257] file/dir modified: C:\Projects\Code\Neurals\wandb\run-20220530_114715-3us5q6b9\files\wandb-summary.json
2022-05-30 11:49:01,931 INFO    Thread-11 :6400 [dir_watcher.py:_on_file_modified():257] file/dir modified: C:\Projects\Code\Neurals\wandb\run-20220530_114715-3us5q6b9\files\output.log
2022-05-30 11:49:02,917 DEBUG   HandlerThread:6400 [handler.py:handle_request():141] handle_request: partial_history
2022-05-30 11:49:02,917 DEBUG   SenderThread:6400 [sender.py:send():232] send: history
2022-05-30 11:49:02,918 DEBUG   SenderThread:6400 [sender.py:send():232] send: summary
2022-05-30 11:49:02,919 INFO    SenderThread:6400 [sender.py:_save_file():948] saving file wandb-summary.json with policy end
2022-05-30 11:49:02,937 INFO    Thread-11 :6400 [dir_watcher.py:_on_file_modified():257] file/dir modified: C:\Projects\Code\Neurals\wandb\run-20220530_114715-3us5q6b9\files\wandb-summary.json
2022-05-30 11:49:03,943 INFO    Thread-11 :6400 [dir_watcher.py:_on_file_modified():257] file/dir modified: C:\Projects\Code\Neurals\wandb\run-20220530_114715-3us5q6b9\files\output.log
2022-05-30 11:49:05,868 DEBUG   HandlerThread:6400 [handler.py:handle_request():141] handle_request: partial_history
2022-05-30 11:49:05,870 DEBUG   SenderThread:6400 [sender.py:send():232] send: history
2022-05-30 11:49:05,871 DEBUG   SenderThread:6400 [sender.py:send():232] send: summary
2022-05-30 11:49:05,871 INFO    SenderThread:6400 [sender.py:_save_file():948] saving file wandb-summary.json with policy end
2022-05-30 11:49:05,960 INFO    Thread-11 :6400 [dir_watcher.py:_on_file_modified():257] file/dir modified: C:\Projects\Code\Neurals\wandb\run-20220530_114715-3us5q6b9\files\wandb-summary.json
2022-05-30 11:49:06,171 DEBUG   HandlerThread:6400 [handler.py:handle_request():141] handle_request: stop_status
2022-05-30 11:49:06,171 DEBUG   SenderThread:6400 [sender.py:send_request():246] send_request: stop_status
2022-05-30 11:49:07,978 INFO    Thread-11 :6400 [dir_watcher.py:_on_file_modified():257] file/dir modified: C:\Projects\Code\Neurals\wandb\run-20220530_114715-3us5q6b9\files\output.log
2022-05-30 11:49:08,932 DEBUG   HandlerThread:6400 [handler.py:handle_request():141] handle_request: partial_history
2022-05-30 11:49:08,934 DEBUG   SenderThread:6400 [sender.py:send():232] send: history
2022-05-30 11:49:08,934 DEBUG   SenderThread:6400 [sender.py:send():232] send: summary
2022-05-30 11:49:08,936 INFO    SenderThread:6400 [sender.py:_save_file():948] saving file wandb-summary.json with policy end
2022-05-30 11:49:08,979 INFO    Thread-11 :6400 [dir_watcher.py:_on_file_modified():257] file/dir modified: C:\Projects\Code\Neurals\wandb\run-20220530_114715-3us5q6b9\files\wandb-summary.json
2022-05-30 11:49:09,983 INFO    Thread-11 :6400 [dir_watcher.py:_on_file_modified():257] file/dir modified: C:\Projects\Code\Neurals\wandb\run-20220530_114715-3us5q6b9\files\output.log
2022-05-30 11:49:11,986 DEBUG   HandlerThread:6400 [handler.py:handle_request():141] handle_request: partial_history
2022-05-30 11:49:11,986 DEBUG   SenderThread:6400 [sender.py:send():232] send: history
2022-05-30 11:49:11,987 DEBUG   SenderThread:6400 [sender.py:send():232] send: summary
2022-05-30 11:49:11,987 INFO    SenderThread:6400 [sender.py:_save_file():948] saving file wandb-summary.json with policy end
2022-05-30 11:49:11,989 INFO    Thread-11 :6400 [dir_watcher.py:_on_file_modified():257] file/dir modified: C:\Projects\Code\Neurals\wandb\run-20220530_114715-3us5q6b9\files\wandb-summary.json
2022-05-30 11:49:14,009 INFO    Thread-11 :6400 [dir_watcher.py:_on_file_modified():257] file/dir modified: C:\Projects\Code\Neurals\wandb\run-20220530_114715-3us5q6b9\files\output.log
2022-05-30 11:49:14,764 DEBUG   HandlerThread:6400 [handler.py:handle_request():141] handle_request: partial_history
2022-05-30 11:49:14,765 DEBUG   SenderThread:6400 [sender.py:send():232] send: history
2022-05-30 11:49:14,765 DEBUG   SenderThread:6400 [sender.py:send():232] send: summary
2022-05-30 11:49:14,765 INFO    SenderThread:6400 [sender.py:_save_file():948] saving file wandb-summary.json with policy end
2022-05-30 11:49:15,014 INFO    Thread-11 :6400 [dir_watcher.py:_on_file_modified():257] file/dir modified: C:\Projects\Code\Neurals\wandb\run-20220530_114715-3us5q6b9\files\wandb-summary.json
2022-05-30 11:49:16,019 INFO    Thread-11 :6400 [dir_watcher.py:_on_file_modified():257] file/dir modified: C:\Projects\Code\Neurals\wandb\run-20220530_114715-3us5q6b9\files\output.log
2022-05-30 11:49:17,317 DEBUG   HandlerThread:6400 [handler.py:handle_request():141] handle_request: partial_history
2022-05-30 11:49:17,318 DEBUG   SenderThread:6400 [sender.py:send():232] send: history
2022-05-30 11:49:17,319 DEBUG   SenderThread:6400 [sender.py:send():232] send: summary
2022-05-30 11:49:17,319 INFO    SenderThread:6400 [sender.py:_save_file():948] saving file wandb-summary.json with policy end
2022-05-30 11:49:18,029 INFO    Thread-11 :6400 [dir_watcher.py:_on_file_modified():257] file/dir modified: C:\Projects\Code\Neurals\wandb\run-20220530_114715-3us5q6b9\files\wandb-summary.json
2022-05-30 11:49:19,893 DEBUG   HandlerThread:6400 [handler.py:handle_request():141] handle_request: partial_history
2022-05-30 11:49:19,895 DEBUG   SenderThread:6400 [sender.py:send():232] send: history
2022-05-30 11:49:19,895 DEBUG   SenderThread:6400 [sender.py:send():232] send: summary
2022-05-30 11:49:19,896 INFO    SenderThread:6400 [sender.py:_save_file():948] saving file wandb-summary.json with policy end
2022-05-30 11:49:20,043 INFO    Thread-11 :6400 [dir_watcher.py:_on_file_modified():257] file/dir modified: C:\Projects\Code\Neurals\wandb\run-20220530_114715-3us5q6b9\files\output.log
2022-05-30 11:49:20,044 INFO    Thread-11 :6400 [dir_watcher.py:_on_file_modified():257] file/dir modified: C:\Projects\Code\Neurals\wandb\run-20220530_114715-3us5q6b9\files\wandb-summary.json
2022-05-30 11:49:21,444 DEBUG   HandlerThread:6400 [handler.py:handle_request():141] handle_request: stop_status
2022-05-30 11:49:21,444 DEBUG   SenderThread:6400 [sender.py:send_request():246] send_request: stop_status
2022-05-30 11:49:22,051 INFO    Thread-11 :6400 [dir_watcher.py:_on_file_modified():257] file/dir modified: C:\Projects\Code\Neurals\wandb\run-20220530_114715-3us5q6b9\files\output.log
2022-05-30 11:49:22,561 DEBUG   HandlerThread:6400 [handler.py:handle_request():141] handle_request: partial_history
2022-05-30 11:49:22,563 DEBUG   SenderThread:6400 [sender.py:send():232] send: history
2022-05-30 11:49:22,564 DEBUG   SenderThread:6400 [sender.py:send():232] send: summary
2022-05-30 11:49:22,564 INFO    SenderThread:6400 [sender.py:_save_file():948] saving file wandb-summary.json with policy end
2022-05-30 11:49:23,066 INFO    Thread-11 :6400 [dir_watcher.py:_on_file_modified():257] file/dir modified: C:\Projects\Code\Neurals\wandb\run-20220530_114715-3us5q6b9\files\wandb-summary.json
2022-05-30 11:49:24,067 INFO    Thread-11 :6400 [dir_watcher.py:_on_file_modified():257] file/dir modified: C:\Projects\Code\Neurals\wandb\run-20220530_114715-3us5q6b9\files\output.log
2022-05-30 11:49:25,383 DEBUG   HandlerThread:6400 [handler.py:handle_request():141] handle_request: partial_history
2022-05-30 11:49:25,385 DEBUG   SenderThread:6400 [sender.py:send():232] send: history
2022-05-30 11:49:25,385 DEBUG   SenderThread:6400 [sender.py:send():232] send: summary
2022-05-30 11:49:25,385 INFO    SenderThread:6400 [sender.py:_save_file():948] saving file wandb-summary.json with policy end
2022-05-30 11:49:26,082 INFO    Thread-11 :6400 [dir_watcher.py:_on_file_modified():257] file/dir modified: C:\Projects\Code\Neurals\wandb\run-20220530_114715-3us5q6b9\files\wandb-summary.json
2022-05-30 11:49:28,097 INFO    Thread-11 :6400 [dir_watcher.py:_on_file_modified():257] file/dir modified: C:\Projects\Code\Neurals\wandb\run-20220530_114715-3us5q6b9\files\output.log
2022-05-30 11:49:28,374 DEBUG   HandlerThread:6400 [handler.py:handle_request():141] handle_request: partial_history
2022-05-30 11:49:28,375 DEBUG   SenderThread:6400 [sender.py:send():232] send: history
2022-05-30 11:49:28,375 DEBUG   SenderThread:6400 [sender.py:send():232] send: summary
2022-05-30 11:49:28,376 INFO    SenderThread:6400 [sender.py:_save_file():948] saving file wandb-summary.json with policy end
2022-05-30 11:49:29,102 INFO    Thread-11 :6400 [dir_watcher.py:_on_file_modified():257] file/dir modified: C:\Projects\Code\Neurals\wandb\run-20220530_114715-3us5q6b9\files\wandb-summary.json
2022-05-30 11:49:30,104 INFO    Thread-11 :6400 [dir_watcher.py:_on_file_modified():257] file/dir modified: C:\Projects\Code\Neurals\wandb\run-20220530_114715-3us5q6b9\files\output.log
2022-05-30 11:49:30,819 DEBUG   SenderThread:6400 [sender.py:send():232] send: stats
2022-05-30 11:49:31,563 DEBUG   HandlerThread:6400 [handler.py:handle_request():141] handle_request: partial_history
2022-05-30 11:49:31,563 DEBUG   SenderThread:6400 [sender.py:send():232] send: history
2022-05-30 11:49:31,564 DEBUG   SenderThread:6400 [sender.py:send():232] send: summary
2022-05-30 11:49:31,565 INFO    SenderThread:6400 [sender.py:_save_file():948] saving file wandb-summary.json with policy end
2022-05-30 11:49:32,115 INFO    Thread-11 :6400 [dir_watcher.py:_on_file_modified():257] file/dir modified: C:\Projects\Code\Neurals\wandb\run-20220530_114715-3us5q6b9\files\wandb-summary.json
2022-05-30 11:49:34,126 INFO    Thread-11 :6400 [dir_watcher.py:_on_file_modified():257] file/dir modified: C:\Projects\Code\Neurals\wandb\run-20220530_114715-3us5q6b9\files\output.log
2022-05-30 11:49:34,627 DEBUG   HandlerThread:6400 [handler.py:handle_request():141] handle_request: partial_history
2022-05-30 11:49:34,627 DEBUG   SenderThread:6400 [sender.py:send():232] send: history
2022-05-30 11:49:34,628 DEBUG   SenderThread:6400 [sender.py:send():232] send: summary
2022-05-30 11:49:34,628 INFO    SenderThread:6400 [sender.py:_save_file():948] saving file wandb-summary.json with policy end
2022-05-30 11:49:35,127 INFO    Thread-11 :6400 [dir_watcher.py:_on_file_modified():257] file/dir modified: C:\Projects\Code\Neurals\wandb\run-20220530_114715-3us5q6b9\files\wandb-summary.json
2022-05-30 11:49:36,132 INFO    Thread-11 :6400 [dir_watcher.py:_on_file_modified():257] file/dir modified: C:\Projects\Code\Neurals\wandb\run-20220530_114715-3us5q6b9\files\output.log
2022-05-30 11:49:36,728 DEBUG   HandlerThread:6400 [handler.py:handle_request():141] handle_request: stop_status
2022-05-30 11:49:36,728 DEBUG   SenderThread:6400 [sender.py:send_request():246] send_request: stop_status
2022-05-30 11:49:37,601 DEBUG   HandlerThread:6400 [handler.py:handle_request():141] handle_request: partial_history
2022-05-30 11:49:37,602 DEBUG   SenderThread:6400 [sender.py:send():232] send: history
2022-05-30 11:49:37,602 DEBUG   SenderThread:6400 [sender.py:send():232] send: summary
2022-05-30 11:49:37,603 INFO    SenderThread:6400 [sender.py:_save_file():948] saving file wandb-summary.json with policy end
2022-05-30 11:49:38,142 INFO    Thread-11 :6400 [dir_watcher.py:_on_file_modified():257] file/dir modified: C:\Projects\Code\Neurals\wandb\run-20220530_114715-3us5q6b9\files\wandb-summary.json
2022-05-30 11:49:40,158 INFO    Thread-11 :6400 [dir_watcher.py:_on_file_modified():257] file/dir modified: C:\Projects\Code\Neurals\wandb\run-20220530_114715-3us5q6b9\files\output.log
2022-05-30 11:49:40,488 DEBUG   HandlerThread:6400 [handler.py:handle_request():141] handle_request: partial_history
2022-05-30 11:49:40,489 DEBUG   SenderThread:6400 [sender.py:send():232] send: history
2022-05-30 11:49:40,489 DEBUG   SenderThread:6400 [sender.py:send():232] send: summary
2022-05-30 11:49:40,490 INFO    SenderThread:6400 [sender.py:_save_file():948] saving file wandb-summary.json with policy end
2022-05-30 11:49:41,161 INFO    Thread-11 :6400 [dir_watcher.py:_on_file_modified():257] file/dir modified: C:\Projects\Code\Neurals\wandb\run-20220530_114715-3us5q6b9\files\wandb-summary.json
2022-05-30 11:49:42,167 INFO    Thread-11 :6400 [dir_watcher.py:_on_file_modified():257] file/dir modified: C:\Projects\Code\Neurals\wandb\run-20220530_114715-3us5q6b9\files\output.log
2022-05-30 11:49:43,250 DEBUG   HandlerThread:6400 [handler.py:handle_request():141] handle_request: partial_history
2022-05-30 11:49:43,250 DEBUG   SenderThread:6400 [sender.py:send():232] send: history
2022-05-30 11:49:43,251 DEBUG   SenderThread:6400 [sender.py:send():232] send: summary
2022-05-30 11:49:43,251 INFO    SenderThread:6400 [sender.py:_save_file():948] saving file wandb-summary.json with policy end
2022-05-30 11:49:44,175 INFO    Thread-11 :6400 [dir_watcher.py:_on_file_modified():257] file/dir modified: C:\Projects\Code\Neurals\wandb\run-20220530_114715-3us5q6b9\files\output.log
2022-05-30 11:49:44,175 INFO    Thread-11 :6400 [dir_watcher.py:_on_file_modified():257] file/dir modified: C:\Projects\Code\Neurals\wandb\run-20220530_114715-3us5q6b9\files\wandb-summary.json
2022-05-30 11:49:46,149 DEBUG   HandlerThread:6400 [handler.py:handle_request():141] handle_request: partial_history
2022-05-30 11:49:46,149 DEBUG   SenderThread:6400 [sender.py:send():232] send: history
2022-05-30 11:49:46,150 DEBUG   SenderThread:6400 [sender.py:send():232] send: summary
2022-05-30 11:49:46,150 INFO    SenderThread:6400 [sender.py:_save_file():948] saving file wandb-summary.json with policy end
2022-05-30 11:49:46,187 INFO    Thread-11 :6400 [dir_watcher.py:_on_file_modified():257] file/dir modified: C:\Projects\Code\Neurals\wandb\run-20220530_114715-3us5q6b9\files\output.log
2022-05-30 11:49:46,188 INFO    Thread-11 :6400 [dir_watcher.py:_on_file_modified():257] file/dir modified: C:\Projects\Code\Neurals\wandb\run-20220530_114715-3us5q6b9\files\wandb-summary.json
2022-05-30 11:49:48,198 INFO    Thread-11 :6400 [dir_watcher.py:_on_file_modified():257] file/dir modified: C:\Projects\Code\Neurals\wandb\run-20220530_114715-3us5q6b9\files\output.log
2022-05-30 11:49:48,812 DEBUG   HandlerThread:6400 [handler.py:handle_request():141] handle_request: partial_history
2022-05-30 11:49:48,813 DEBUG   SenderThread:6400 [sender.py:send():232] send: history
2022-05-30 11:49:48,813 DEBUG   SenderThread:6400 [sender.py:send():232] send: summary
2022-05-30 11:49:48,813 INFO    SenderThread:6400 [sender.py:_save_file():948] saving file wandb-summary.json with policy end
2022-05-30 11:49:49,206 INFO    Thread-11 :6400 [dir_watcher.py:_on_file_modified():257] file/dir modified: C:\Projects\Code\Neurals\wandb\run-20220530_114715-3us5q6b9\files\wandb-summary.json
2022-05-30 11:49:50,211 INFO    Thread-11 :6400 [dir_watcher.py:_on_file_modified():257] file/dir modified: C:\Projects\Code\Neurals\wandb\run-20220530_114715-3us5q6b9\files\output.log
2022-05-30 11:49:51,566 DEBUG   HandlerThread:6400 [handler.py:handle_request():141] handle_request: partial_history
2022-05-30 11:49:51,567 DEBUG   SenderThread:6400 [sender.py:send():232] send: history
2022-05-30 11:49:51,567 DEBUG   SenderThread:6400 [sender.py:send():232] send: summary
2022-05-30 11:49:51,568 INFO    SenderThread:6400 [sender.py:_save_file():948] saving file wandb-summary.json with policy end
2022-05-30 11:49:52,198 DEBUG   HandlerThread:6400 [handler.py:handle_request():141] handle_request: stop_status
2022-05-30 11:49:52,199 DEBUG   SenderThread:6400 [sender.py:send_request():246] send_request: stop_status
2022-05-30 11:49:52,217 INFO    Thread-11 :6400 [dir_watcher.py:_on_file_modified():257] file/dir modified: C:\Projects\Code\Neurals\wandb\run-20220530_114715-3us5q6b9\files\wandb-summary.json
2022-05-30 11:49:54,224 INFO    Thread-11 :6400 [dir_watcher.py:_on_file_modified():257] file/dir modified: C:\Projects\Code\Neurals\wandb\run-20220530_114715-3us5q6b9\files\output.log
2022-05-30 11:49:54,302 DEBUG   HandlerThread:6400 [handler.py:handle_request():141] handle_request: partial_history
2022-05-30 11:49:54,303 DEBUG   SenderThread:6400 [sender.py:send():232] send: history
2022-05-30 11:49:54,303 DEBUG   SenderThread:6400 [sender.py:send():232] send: summary
2022-05-30 11:49:54,304 INFO    SenderThread:6400 [sender.py:_save_file():948] saving file wandb-summary.json with policy end
2022-05-30 11:49:55,227 INFO    Thread-11 :6400 [dir_watcher.py:_on_file_modified():257] file/dir modified: C:\Projects\Code\Neurals\wandb\run-20220530_114715-3us5q6b9\files\wandb-summary.json
2022-05-30 11:49:56,243 INFO    Thread-11 :6400 [dir_watcher.py:_on_file_modified():257] file/dir modified: C:\Projects\Code\Neurals\wandb\run-20220530_114715-3us5q6b9\files\output.log
2022-05-30 11:49:57,092 DEBUG   HandlerThread:6400 [handler.py:handle_request():141] handle_request: partial_history
2022-05-30 11:49:57,093 DEBUG   SenderThread:6400 [sender.py:send():232] send: history
2022-05-30 11:49:57,093 DEBUG   SenderThread:6400 [sender.py:send():232] send: summary
2022-05-30 11:49:57,093 INFO    SenderThread:6400 [sender.py:_save_file():948] saving file wandb-summary.json with policy end
2022-05-30 11:49:57,245 INFO    Thread-11 :6400 [dir_watcher.py:_on_file_modified():257] file/dir modified: C:\Projects\Code\Neurals\wandb\run-20220530_114715-3us5q6b9\files\wandb-summary.json
2022-05-30 11:49:58,251 INFO    Thread-11 :6400 [dir_watcher.py:_on_file_modified():257] file/dir modified: C:\Projects\Code\Neurals\wandb\run-20220530_114715-3us5q6b9\files\output.log
2022-05-30 11:50:04,415 DEBUG   SenderThread:6400 [sender.py:send():232] send: stats
2022-05-30 11:50:04,557 DEBUG   HandlerThread:6400 [handler.py:handle_request():141] handle_request: partial_history
2022-05-30 11:50:04,559 DEBUG   SenderThread:6400 [sender.py:send():232] send: history
2022-05-30 11:50:04,559 DEBUG   SenderThread:6400 [sender.py:send():232] send: summary
2022-05-30 11:50:04,560 INFO    SenderThread:6400 [sender.py:_save_file():948] saving file wandb-summary.json with policy end
2022-05-30 11:50:05,299 INFO    Thread-11 :6400 [dir_watcher.py:_on_file_modified():257] file/dir modified: C:\Projects\Code\Neurals\wandb\run-20220530_114715-3us5q6b9\files\wandb-summary.json
2022-05-30 11:50:06,312 INFO    Thread-11 :6400 [dir_watcher.py:_on_file_modified():257] file/dir modified: C:\Projects\Code\Neurals\wandb\run-20220530_114715-3us5q6b9\files\output.log
2022-05-30 11:50:07,505 DEBUG   HandlerThread:6400 [handler.py:handle_request():141] handle_request: stop_status
2022-05-30 11:50:07,506 DEBUG   SenderThread:6400 [sender.py:send_request():246] send_request: stop_status
2022-05-30 11:50:13,437 DEBUG   HandlerThread:6400 [handler.py:handle_request():141] handle_request: partial_history
2022-05-30 11:50:13,438 DEBUG   SenderThread:6400 [sender.py:send():232] send: history
2022-05-30 11:50:13,438 DEBUG   SenderThread:6400 [sender.py:send():232] send: summary
2022-05-30 11:50:13,440 INFO    SenderThread:6400 [sender.py:_save_file():948] saving file wandb-summary.json with policy end
2022-05-30 11:50:14,394 INFO    Thread-11 :6400 [dir_watcher.py:_on_file_modified():257] file/dir modified: C:\Projects\Code\Neurals\wandb\run-20220530_114715-3us5q6b9\files\output.log
2022-05-30 11:50:14,394 INFO    Thread-11 :6400 [dir_watcher.py:_on_file_modified():257] file/dir modified: C:\Projects\Code\Neurals\wandb\run-20220530_114715-3us5q6b9\files\wandb-summary.json
