 ****** Running generation 0 ******
genomelength: 200
Runlength = 0
Frame done
nil
nil
nil
nil
nil
nil
nil
nil
nil
nil
nil
nil
nil
nil
nil
nil
nil
nil
nil
nil
nil
nil
nil
nil
nil
nil
nil
nil
nil
nil
nil
nil
nil
nil
nil
nil
nil
nil
nil
nil
nil
nil
nil
nil
nil
nil
nil
nil
nil
nil
nil
nil
nil
nil
nil
nil
nil
nil
nil
nil
nil
nil
nil
nil
nil
nil
nil
nil
nil
nil
nil
nil
nil
nil
nil
nil
nil
nil
nil
nil
nil
nil
nil
nil
nil
nil
nil
nil
nil
nil
nil
nil
nil
nil
nil
nil
nil
nil
nil
nil
nil
nil
nil
nil
nil
nil
nil
nil
nil
nil
nil
nil
nil
nil
nil
nil
nil
nil
nil
nil
nil
nil
nil
nil
nil
nil
nil
nil
nil
nil
nil
nil
nil
nil
nil
nil
nil
nil
nil
nil
nil
nil
nil
nil
nil
nil
nil
nil
nil
nil
oldgenlen: 200
newgenomelength: 50
Population's average fitness: 36.50000 stdev: 77.57416
Best fitness: 500.00000 - size: (3, 12) - species 1 - id 166
Average adjusted fitness: 0.073
Mean genetic distance 1.358, standard deviation 0.305
Population of 200 members in 1 species:
   ID   age  size  fitness  adj fit  stag
  ====  ===  ====  =======  =======  ====
     1    0   200    500.0    0.073     0
Total extinctions: 0
Generation time: 4.633 sec
 ****** Running generation 1 ******
genomelength: 200
Runlength = 4.39782977104187
Frame done
nil
nil
nil
nil
nil
nil
nil
nil
nil
nil
nil
nil
nil
nil
nil
nil
nil
nil
nil
nil
nil
nil
nil
nil
nil
nil
nil
nil
nil
nil
nil
nil
nil
nil
nil
nil
nil
nil
nil
nil
nil
nil
nil
nil
nil
nil
nil
nil
nil
nil
nil
nil
nil
nil
nil
nil
nil
nil
nil
nil
nil
nil
nil
nil
nil
nil
nil
nil
nil
nil
nil
nil
nil
nil
nil
nil
nil
nil
nil
nil
nil
nil
nil
nil
nil
nil
nil
nil
nil
nil
nil
nil
nil
nil
nil
oldgenlen: 200
newgenomelength: 105
Population's average fitness: 72.50000 stdev: 96.40410
Best fitness: 500.00000 - size: (3, 12) - species 1 - id 166
Average adjusted fitness: 0.145
Mean genetic distance 1.257, standard deviation 0.278
Population of 200 members in 1 species:
   ID   age  size  fitness  adj fit  stag
  ====  ===  ====  =======  =======  ====
     1    1   200    500.0    0.145     1
Total extinctions: 0
Generation time: 8.680 sec (6.657 average)
 ****** Running generation 2 ******
genomelength: 200
Runlength = 8.067566394805908
Frame done
nil
nil
nil
nil
nil
nil
nil
nil
nil
nil
nil
nil
nil
nil
nil
nil
nil
nil
nil
nil
nil
nil
nil
nil
nil
nil
nil
nil
nil
nil
nil
nil
nil
nil
nil
nil
nil
nil
nil
nil
nil
nil
nil
nil
nil
nil
nil
nil
nil
nil
nil
nil
nil
nil
nil
nil
nil
nil
nil
nil
nil
nil
nil
nil
nil
nil
nil
nil
nil
nil
nil
nil
nil
nil
nil
nil
nil
nil
nil
nil
nil
nil
nil
nil
nil
nil
nil
nil
nil
nil
oldgenlen: 200
newgenomelength: 110
Population's average fitness: 108.00000 stdev: 142.25330
Best fitness: 600.00000 - size: (3, 11) - species 1 - id 424
Average adjusted fitness: 0.180
Mean genetic distance 1.364, standard deviation 0.254
Population of 200 members in 1 species:
   ID   age  size  fitness  adj fit  stag
  ====  ===  ====  =======  =======  ====
     1    2   200    600.0    0.180     0
Total extinctions: 0
Generation time: 5.593 sec (6.302 average)
 ****** Running generation 3 ******
genomelength: 200
Runlength = 5.2779154777526855
Frame done
nil
nil
nil
nil
nil
nil
nil
nil
nil
nil
nil
nil
nil
nil
nil
nil
nil
nil
nil
nil
nil
nil
nil
nil
nil
nil
nil
nil
nil
nil
nil
nil
nil
nil
nil
nil
nil
nil
nil
nil
nil
nil
nil
nil
nil
nil
nil
nil
nil
nil
nil
nil
nil
nil
nil
nil
nil
nil
nil
nil
nil
nil
nil
nil
nil
nil
nil
nil
nil
nil
nil
nil
nil
nil
nil
nil
nil
nil
nil
nil
nil
oldgenlen: 200
newgenomelength: 119
Population's average fitness: 141.50000 stdev: 172.12713
Best fitness: 1200.00000 - size: (3, 9) - species 1 - id 785
Average adjusted fitness: 0.118
Mean genetic distance 1.413, standard deviation 0.284
Population of 200 members in 1 species:
   ID   age  size  fitness  adj fit  stag
  ====  ===  ====  =======  =======  ====
     1    3   200   1200.0    0.118     0
Total extinctions: 0
Generation time: 4.684 sec (5.898 average)
 ****** Running generation 4 ******
genomelength: 200
Runlength = 4.335759162902832
Frame done
nil
nil
nil
nil
nil
nil
nil
nil
nil
nil
nil
nil
nil
nil
nil
nil
nil
nil
nil
nil
nil
nil
nil
nil
nil
nil
nil
nil
nil
nil
nil
nil
nil
nil
nil
nil
nil
nil
nil
nil
nil
nil
nil
nil
nil
nil
nil
nil
nil
nil
nil
nil
nil
nil
nil
nil
oldgenlen: 200
newgenomelength: 144
Population's average fitness: 193.00000 stdev: 190.13416
Best fitness: 1200.00000 - size: (3, 9) - species 1 - id 785
Average adjusted fitness: 0.161
Mean genetic distance 1.315, standard deviation 0.273
Population of 200 members in 1 species:
   ID   age  size  fitness  adj fit  stag
  ====  ===  ====  =======  =======  ====
     1    4   200   1200.0    0.161     1
Total extinctions: 0
Generation time: 7.939 sec (6.306 average)
 ****** Running generation 5 ******
genomelength: 200
Runlength = 5.382713317871094
Frame done
nil
nil
nil
nil
nil
nil
nil
nil
nil
nil
nil
nil
nil
nil
nil
nil
nil
nil
nil
nil
nil
nil
nil
nil
nil
nil
nil
nil
nil
nil
nil
nil
nil
nil
nil
nil
nil
nil
nil
nil
nil
nil
nil
nil
nil
nil
nil
nil
nil
nil
nil
nil
nil
nil
nil
nil
nil
nil
nil
nil
nil
nil
nil
oldgenlen: 200
newgenomelength: 137
Population's average fitness: 199.50000 stdev: 212.24926
Best fitness: 1200.00000 - size: (3, 9) - species 1 - id 785
Average adjusted fitness: 0.166
Mean genetic distance 1.362, standard deviation 0.293
Population of 200 members in 1 species:
   ID   age  size  fitness  adj fit  stag
  ====  ===  ====  =======  =======  ====
     1    5   200   1200.0    0.166     2
Total extinctions: 0
Generation time: 4.570 sec (6.017 average)
 ****** Running generation 6 ******
genomelength: 200
Runlength = 4.312119722366333
Frame done
nil
nil
nil
nil
nil
nil
nil
nil
nil
nil
nil
nil
nil
nil
nil
nil
nil
nil
nil
nil
nil
nil
nil
nil
nil
nil
nil
nil
nil
nil
nil
nil
nil
nil
nil
nil
nil
nil
nil
nil
nil
nil
nil
nil
nil
nil
nil
nil
nil
nil
nil
oldgenlen: 200
newgenomelength: 149
Population's average fitness: 253.50000 stdev: 216.53579
Best fitness: 1200.00000 - size: (3, 9) - species 1 - id 785
Average adjusted fitness: 0.211
Mean genetic distance 1.381, standard deviation 0.350
Population of 200 members in 1 species:
   ID   age  size  fitness  adj fit  stag
  ====  ===  ====  =======  =======  ====
     1    6   200   1200.0    0.211     3
Total extinctions: 0
Generation time: 4.637 sec (5.819 average)
 ****** Running generation 7 ******
genomelength: 200
Runlength = 4.349128723144531
Frame done
nil
nil
nil
nil
nil
nil
nil
nil
nil
nil
nil
nil
nil
nil
nil
nil
nil
nil
nil
nil
nil
nil
nil
nil
nil
nil
nil
nil
nil
nil
nil
nil
nil
nil
nil
nil
nil
nil
nil
nil
nil
oldgenlen: 200
newgenomelength: 159
Population's average fitness: 288.00000 stdev: 244.24578
Best fitness: 1200.00000 - size: (3, 9) - species 1 - id 785
Average adjusted fitness: 0.240
Mean genetic distance 1.366, standard deviation 0.278
Population of 200 members in 1 species:
   ID   age  size  fitness  adj fit  stag
  ====  ===  ====  =======  =======  ====
     1    7   200   1200.0    0.240     4
Total extinctions: 0
Generation time: 4.396 sec (5.642 average)
 ****** Running generation 8 ******
genomelength: 200
Runlength = 4.08901047706604
Frame done
nil
nil
nil
nil
nil
nil
nil
nil
nil
nil
nil
nil
nil
nil
nil
nil
nil
nil
nil
nil
nil
nil
nil
nil
nil
nil
nil
nil
nil
nil
nil
nil
nil
nil
nil
nil
nil
nil
nil
nil
nil
oldgenlen: 200
newgenomelength: 159
Population's average fitness: 288.50000 stdev: 249.43486
Best fitness: 1200.00000 - size: (3, 9) - species 1 - id 785
Average adjusted fitness: 0.240
Mean genetic distance 1.381, standard deviation 0.286
Population of 200 members in 1 species:
   ID   age  size  fitness  adj fit  stag
  ====  ===  ====  =======  =======  ====
     1    8   200   1200.0    0.240     5
Total extinctions: 0
Generation time: 4.549 sec (5.520 average)
 ****** Running generation 9 ******
genomelength: 200
Runlength = 4.3221259117126465
Frame done
nil
nil
nil
nil
nil
nil
nil
nil
nil
nil
nil
nil
nil
nil
nil
nil
nil
nil
nil
nil
nil
nil
nil
nil
nil
nil
nil
nil
nil
nil
nil
nil
nil
nil
nil
nil
nil
nil
nil
nil
nil
nil
nil
nil
nil
nil
nil
nil
nil
nil
nil
oldgenlen: 200
newgenomelength: 149
Population's average fitness: 270.00000 stdev: 265.51836
Best fitness: 1200.00000 - size: (3, 9) - species 1 - id 785
Average adjusted fitness: 0.225
Mean genetic distance 1.314, standard deviation 0.319
Population of 200 members in 1 species:
   ID   age  size  fitness  adj fit  stag
  ====  ===  ====  =======  =======  ====
     1    9   200   1200.0    0.225     6
Total extinctions: 0
Generation time: 3.912 sec (5.359 average)
 ****** Running generation 10 ******
genomelength: 200
Runlength = 3.705181360244751
Frame done
nil
nil
nil
nil
nil
nil
nil
nil
nil
nil
nil
nil
nil
nil
nil
nil
nil
nil
nil
nil
nil
nil
nil
nil
nil
nil
nil
nil
nil
nil
nil
nil
nil
nil
nil
nil
nil
nil
nil
nil
nil
nil
nil
nil
nil
nil
nil
nil
nil
nil
nil
nil
nil
nil
nil
nil
nil
oldgenlen: 200
newgenomelength: 143
Population's average fitness: 255.00000 stdev: 246.11989
Best fitness: 1200.00000 - size: (3, 9) - species 1 - id 785
Average adjusted fitness: 0.212
Mean genetic distance 1.278, standard deviation 0.297
Population of 200 members in 1 species:
   ID   age  size  fitness  adj fit  stag
  ====  ===  ====  =======  =======  ====
     1   10   200   1200.0    0.212     7
Total extinctions: 0
Generation time: 3.904 sec (5.286 average)
 ****** Running generation 11 ******
genomelength: 200
Runlength = 3.6949543952941895
Frame done
nil
nil
nil
nil
nil
nil
nil
nil
nil
nil
nil
nil
nil
nil
nil
nil
nil
nil
nil
nil
nil
nil
nil
nil
nil
nil
nil
nil
nil
nil
nil
nil
nil
nil
nil
nil
nil
nil
nil
oldgenlen: 200
newgenomelength: 161
Population's average fitness: 290.00000 stdev: 240.20824
Best fitness: 1200.00000 - size: (3, 9) - species 1 - id 785
Average adjusted fitness: 0.242
Mean genetic distance 1.259, standard deviation 0.272
Population of 200 members in 1 species:
   ID   age  size  fitness  adj fit  stag
  ====  ===  ====  =======  =======  ====
     1   11   200   1200.0    0.242     8
Total extinctions: 0
Generation time: 3.824 sec (4.801 average)
 ****** Running generation 12 ******
genomelength: 200
Runlength = 3.6241466999053955
Traceback (most recent call last):
  File "C:\Projects\Code\Neurals\carneuralnetwork.py", line 270, in <module>
    run(config_path)
  File "C:\Projects\Code\Neurals\carneuralnetwork.py", line 251, in run
    winner = pop.run(eval_genomes, 100)
  File "C:\Users\Maxim N\AppData\Local\Packages\PythonSoftwareFoundation.Python.3.9_qbz5n2kfra8p0\LocalCache\local-packages\Python39\site-packages\neat\population.py", line 89, in run
    fitness_function(list(iteritems(self.population)), self.config)
  File "C:\Projects\Code\Neurals\carneuralnetwork.py", line 150, in eval_genomes
    nneval(frame)
  File "C:\Projects\Code\Neurals\carneuralnetwork.py", line 60, in nneval
    player.radar2(window, bgmask, frame)
  File "C:\Projects\Code\Neurals\carplayer.py", line 105, in radar2
    if window.get_at((int(x), int(y))) == (99, 99, 99):
IndexError: pixel index out of range