2022-05-23 01:52:52,752 INFO    MainThread:21168 [internal.py:wandb_internal():90] W&B internal server running at pid: 21168, started at: 2022-05-23 01:52:52.751630
2022-05-23 01:52:52,754 INFO    WriterThread:21168 [datastore.py:open_for_write():75] open: C:\Projects\Code\Neurals\wandb\run-20220523_015250-3nprj0ws\run-3nprj0ws.wandb
2022-05-23 01:52:52,762 DEBUG   SenderThread:21168 [sender.py:send():232] send: header
2022-05-23 01:52:52,762 DEBUG   SenderThread:21168 [sender.py:send():232] send: run
2022-05-23 01:52:53,112 INFO    SenderThread:21168 [dir_watcher.py:__init__():197] watching files in: C:\Projects\Code\Neurals\wandb\run-20220523_015250-3nprj0ws\files
2022-05-23 01:52:53,112 DEBUG   HandlerThread:21168 [handler.py:handle_request():141] handle_request: check_version
2022-05-23 01:52:53,121 INFO    SenderThread:21168 [sender.py:_start_run_threads():811] run started: 3nprj0ws with start time 1653234771
2022-05-23 01:52:53,121 DEBUG   SenderThread:21168 [sender.py:send():232] send: summary
2022-05-23 01:52:53,121 INFO    SenderThread:21168 [sender.py:_save_file():948] saving file wandb-summary.json with policy end
2022-05-23 01:52:53,122 DEBUG   SenderThread:21168 [sender.py:send_request():246] send_request: check_version
2022-05-23 01:52:53,190 DEBUG   HandlerThread:21168 [handler.py:handle_request():141] handle_request: run_start
2022-05-23 01:52:54,136 INFO    Thread-11 :21168 [dir_watcher.py:_on_file_created():244] file/dir created: C:\Projects\Code\Neurals\wandb\run-20220523_015250-3nprj0ws\files\wandb-summary.json
2022-05-23 01:52:55,036 DEBUG   HandlerThread:21168 [meta.py:__init__():35] meta init
2022-05-23 01:52:55,039 DEBUG   HandlerThread:21168 [meta.py:__init__():49] meta init done
2022-05-23 01:52:55,039 DEBUG   HandlerThread:21168 [meta.py:probe():209] probe
2022-05-23 01:52:55,055 DEBUG   HandlerThread:21168 [git.py:repo():29] git repository is invalid
2022-05-23 01:52:55,056 DEBUG   HandlerThread:21168 [meta.py:_save_pip():53] save pip
2022-05-23 01:52:55,056 DEBUG   HandlerThread:21168 [meta.py:_save_pip():67] save pip done
2022-05-23 01:52:55,057 DEBUG   HandlerThread:21168 [meta.py:probe():247] probe done
2022-05-23 01:52:55,067 DEBUG   SenderThread:21168 [sender.py:send():232] send: files
2022-05-23 01:52:55,067 INFO    SenderThread:21168 [sender.py:_save_file():948] saving file wandb-metadata.json with policy now
2022-05-23 01:52:55,077 DEBUG   HandlerThread:21168 [handler.py:handle_request():141] handle_request: stop_status
2022-05-23 01:52:55,077 DEBUG   SenderThread:21168 [sender.py:send_request():246] send_request: stop_status
2022-05-23 01:52:55,149 INFO    Thread-11 :21168 [dir_watcher.py:_on_file_created():244] file/dir created: C:\Projects\Code\Neurals\wandb\run-20220523_015250-3nprj0ws\files\wandb-metadata.json
2022-05-23 01:52:55,149 INFO    Thread-11 :21168 [dir_watcher.py:_on_file_created():244] file/dir created: C:\Projects\Code\Neurals\wandb\run-20220523_015250-3nprj0ws\files\output.log
2022-05-23 01:52:55,149 INFO    Thread-11 :21168 [dir_watcher.py:_on_file_created():244] file/dir created: C:\Projects\Code\Neurals\wandb\run-20220523_015250-3nprj0ws\files\requirements.txt
2022-05-23 01:52:55,355 DEBUG   SenderThread:21168 [sender.py:send():232] send: telemetry
2022-05-23 01:52:55,894 INFO    Thread-15 :21168 [upload_job.py:push():132] Uploaded file C:\Users\MAXIMN~1\AppData\Local\Temp\tmphptgyf15wandb\1z49bd12-wandb-metadata.json
2022-05-23 01:52:57,158 INFO    Thread-11 :21168 [dir_watcher.py:_on_file_modified():257] file/dir modified: C:\Projects\Code\Neurals\wandb\run-20220523_015250-3nprj0ws\files\output.log
2022-05-23 01:52:58,880 DEBUG   HandlerThread:21168 [handler.py:handle_request():141] handle_request: partial_history
2022-05-23 01:52:58,881 DEBUG   HandlerThread:21168 [handler.py:handle_request():141] handle_request: partial_history
2022-05-23 01:52:58,882 DEBUG   SenderThread:21168 [sender.py:send():232] send: history
2022-05-23 01:52:58,882 DEBUG   SenderThread:21168 [sender.py:send():232] send: summary
2022-05-23 01:52:58,883 INFO    SenderThread:21168 [sender.py:_save_file():948] saving file wandb-summary.json with policy end
2022-05-23 01:52:58,884 DEBUG   SenderThread:21168 [sender.py:send():232] send: history
2022-05-23 01:52:58,884 DEBUG   SenderThread:21168 [sender.py:send():232] send: summary
2022-05-23 01:52:58,884 INFO    SenderThread:21168 [sender.py:_save_file():948] saving file wandb-summary.json with policy end
2022-05-23 01:52:59,167 INFO    Thread-11 :21168 [dir_watcher.py:_on_file_modified():257] file/dir modified: C:\Projects\Code\Neurals\wandb\run-20220523_015250-3nprj0ws\files\output.log
2022-05-23 01:52:59,168 INFO    Thread-11 :21168 [dir_watcher.py:_on_file_modified():257] file/dir modified: C:\Projects\Code\Neurals\wandb\run-20220523_015250-3nprj0ws\files\wandb-summary.json
2022-05-23 01:53:01,178 INFO    Thread-11 :21168 [dir_watcher.py:_on_file_modified():257] file/dir modified: C:\Projects\Code\Neurals\wandb\run-20220523_015250-3nprj0ws\files\output.log
2022-05-23 01:53:06,366 DEBUG   HandlerThread:21168 [handler.py:handle_request():141] handle_request: partial_history
2022-05-23 01:53:06,367 DEBUG   SenderThread:21168 [sender.py:send():232] send: history
2022-05-23 01:53:06,368 DEBUG   SenderThread:21168 [sender.py:send():232] send: summary
2022-05-23 01:53:06,372 INFO    SenderThread:21168 [sender.py:_save_file():948] saving file wandb-summary.json with policy end
2022-05-23 01:53:06,373 DEBUG   HandlerThread:21168 [handler.py:handle_request():141] handle_request: partial_history
2022-05-23 01:53:06,374 DEBUG   SenderThread:21168 [sender.py:send():232] send: history
2022-05-23 01:53:06,375 DEBUG   SenderThread:21168 [sender.py:send():232] send: summary
2022-05-23 01:53:06,375 INFO    SenderThread:21168 [sender.py:_save_file():948] saving file wandb-summary.json with policy end
2022-05-23 01:53:07,257 INFO    Thread-11 :21168 [dir_watcher.py:_on_file_modified():257] file/dir modified: C:\Projects\Code\Neurals\wandb\run-20220523_015250-3nprj0ws\files\output.log
2022-05-23 01:53:07,258 INFO    Thread-11 :21168 [dir_watcher.py:_on_file_modified():257] file/dir modified: C:\Projects\Code\Neurals\wandb\run-20220523_015250-3nprj0ws\files\wandb-summary.json
2022-05-23 01:53:10,362 DEBUG   HandlerThread:21168 [handler.py:handle_request():141] handle_request: stop_status
2022-05-23 01:53:10,363 DEBUG   SenderThread:21168 [sender.py:send_request():246] send_request: stop_status
2022-05-23 01:53:15,053 DEBUG   HandlerThread:21168 [handler.py:handle_request():141] handle_request: partial_history
2022-05-23 01:53:15,054 DEBUG   SenderThread:21168 [sender.py:send():232] send: history
2022-05-23 01:53:15,054 DEBUG   SenderThread:21168 [sender.py:send():232] send: summary
2022-05-23 01:53:15,055 DEBUG   HandlerThread:21168 [handler.py:handle_request():141] handle_request: partial_history
2022-05-23 01:53:15,056 INFO    SenderThread:21168 [sender.py:_save_file():948] saving file wandb-summary.json with policy end
2022-05-23 01:53:15,057 DEBUG   SenderThread:21168 [sender.py:send():232] send: history
2022-05-23 01:53:15,057 DEBUG   SenderThread:21168 [sender.py:send():232] send: summary
2022-05-23 01:53:15,058 INFO    SenderThread:21168 [sender.py:_save_file():948] saving file wandb-summary.json with policy end
2022-05-23 01:53:15,331 INFO    Thread-11 :21168 [dir_watcher.py:_on_file_modified():257] file/dir modified: C:\Projects\Code\Neurals\wandb\run-20220523_015250-3nprj0ws\files\output.log
2022-05-23 01:53:15,333 INFO    Thread-11 :21168 [dir_watcher.py:_on_file_modified():257] file/dir modified: C:\Projects\Code\Neurals\wandb\run-20220523_015250-3nprj0ws\files\wandb-summary.json
2022-05-23 01:53:17,356 INFO    Thread-11 :21168 [dir_watcher.py:_on_file_modified():257] file/dir modified: C:\Projects\Code\Neurals\wandb\run-20220523_015250-3nprj0ws\files\output.log
2022-05-23 01:53:23,331 DEBUG   HandlerThread:21168 [handler.py:handle_request():141] handle_request: partial_history
2022-05-23 01:53:23,332 DEBUG   HandlerThread:21168 [handler.py:handle_request():141] handle_request: partial_history
2022-05-23 01:53:23,333 DEBUG   SenderThread:21168 [sender.py:send():232] send: history
2022-05-23 01:53:23,333 DEBUG   SenderThread:21168 [sender.py:send():232] send: summary
2022-05-23 01:53:23,334 INFO    SenderThread:21168 [sender.py:_save_file():948] saving file wandb-summary.json with policy end
2022-05-23 01:53:23,334 DEBUG   SenderThread:21168 [sender.py:send():232] send: history
2022-05-23 01:53:23,334 DEBUG   SenderThread:21168 [sender.py:send():232] send: summary
2022-05-23 01:53:23,334 INFO    SenderThread:21168 [sender.py:_save_file():948] saving file wandb-summary.json with policy end
2022-05-23 01:53:23,385 INFO    Thread-11 :21168 [dir_watcher.py:_on_file_modified():257] file/dir modified: C:\Projects\Code\Neurals\wandb\run-20220523_015250-3nprj0ws\files\output.log
2022-05-23 01:53:23,386 INFO    Thread-11 :21168 [dir_watcher.py:_on_file_modified():257] file/dir modified: C:\Projects\Code\Neurals\wandb\run-20220523_015250-3nprj0ws\files\config.yaml
2022-05-23 01:53:23,386 INFO    Thread-11 :21168 [dir_watcher.py:_on_file_modified():257] file/dir modified: C:\Projects\Code\Neurals\wandb\run-20220523_015250-3nprj0ws\files\wandb-summary.json
2022-05-23 01:53:25,405 INFO    Thread-11 :21168 [dir_watcher.py:_on_file_modified():257] file/dir modified: C:\Projects\Code\Neurals\wandb\run-20220523_015250-3nprj0ws\files\output.log
2022-05-23 01:53:25,863 DEBUG   HandlerThread:21168 [handler.py:handle_request():141] handle_request: stop_status
2022-05-23 01:53:25,864 DEBUG   SenderThread:21168 [sender.py:send_request():246] send_request: stop_status
2022-05-23 01:53:26,415 DEBUG   SenderThread:21168 [sender.py:send():232] send: stats
2022-05-23 01:53:30,390 DEBUG   HandlerThread:21168 [handler.py:handle_request():141] handle_request: partial_history
2022-05-23 01:53:30,391 DEBUG   HandlerThread:21168 [handler.py:handle_request():141] handle_request: partial_history
2022-05-23 01:53:30,392 DEBUG   SenderThread:21168 [sender.py:send():232] send: history
2022-05-23 01:53:30,392 DEBUG   SenderThread:21168 [sender.py:send():232] send: summary
2022-05-23 01:53:30,392 INFO    SenderThread:21168 [sender.py:_save_file():948] saving file wandb-summary.json with policy end
2022-05-23 01:53:30,392 DEBUG   SenderThread:21168 [sender.py:send():232] send: history
2022-05-23 01:53:30,393 DEBUG   SenderThread:21168 [sender.py:send():232] send: summary
2022-05-23 01:53:30,393 INFO    SenderThread:21168 [sender.py:_save_file():948] saving file wandb-summary.json with policy end
2022-05-23 01:53:30,437 INFO    Thread-11 :21168 [dir_watcher.py:_on_file_modified():257] file/dir modified: C:\Projects\Code\Neurals\wandb\run-20220523_015250-3nprj0ws\files\wandb-summary.json
2022-05-23 01:53:31,440 INFO    Thread-11 :21168 [dir_watcher.py:_on_file_modified():257] file/dir modified: C:\Projects\Code\Neurals\wandb\run-20220523_015250-3nprj0ws\files\output.log
2022-05-23 01:53:36,792 DEBUG   HandlerThread:21168 [handler.py:handle_request():141] handle_request: partial_history
2022-05-23 01:53:36,794 DEBUG   SenderThread:21168 [sender.py:send():232] send: history
2022-05-23 01:53:36,795 DEBUG   SenderThread:21168 [sender.py:send():232] send: summary
2022-05-23 01:53:36,796 INFO    SenderThread:21168 [sender.py:_save_file():948] saving file wandb-summary.json with policy end
2022-05-23 01:53:36,798 DEBUG   HandlerThread:21168 [handler.py:handle_request():141] handle_request: partial_history
2022-05-23 01:53:36,799 DEBUG   SenderThread:21168 [sender.py:send():232] send: history
2022-05-23 01:53:36,799 DEBUG   SenderThread:21168 [sender.py:send():232] send: summary
2022-05-23 01:53:36,801 INFO    SenderThread:21168 [sender.py:_save_file():948] saving file wandb-summary.json with policy end
2022-05-23 01:53:37,470 INFO    Thread-11 :21168 [dir_watcher.py:_on_file_modified():257] file/dir modified: C:\Projects\Code\Neurals\wandb\run-20220523_015250-3nprj0ws\files\output.log
2022-05-23 01:53:37,472 INFO    Thread-11 :21168 [dir_watcher.py:_on_file_modified():257] file/dir modified: C:\Projects\Code\Neurals\wandb\run-20220523_015250-3nprj0ws\files\wandb-summary.json
2022-05-23 01:53:40,255 DEBUG   HandlerThread:21168 [handler.py:handle_request():141] handle_request: partial_history
2022-05-23 01:53:40,256 DEBUG   HandlerThread:21168 [handler.py:handle_request():141] handle_request: partial_history
2022-05-23 01:53:40,256 DEBUG   SenderThread:21168 [sender.py:send():232] send: history
2022-05-23 01:53:40,256 DEBUG   SenderThread:21168 [sender.py:send():232] send: summary
2022-05-23 01:53:40,257 INFO    SenderThread:21168 [sender.py:_save_file():948] saving file wandb-summary.json with policy end
2022-05-23 01:53:40,257 DEBUG   SenderThread:21168 [sender.py:send():232] send: history
2022-05-23 01:53:40,257 DEBUG   SenderThread:21168 [sender.py:send():232] send: summary
2022-05-23 01:53:40,258 INFO    SenderThread:21168 [sender.py:_save_file():948] saving file wandb-summary.json with policy end
2022-05-23 01:53:40,491 INFO    Thread-11 :21168 [dir_watcher.py:_on_file_modified():257] file/dir modified: C:\Projects\Code\Neurals\wandb\run-20220523_015250-3nprj0ws\files\wandb-summary.json
2022-05-23 01:53:41,155 DEBUG   HandlerThread:21168 [handler.py:handle_request():141] handle_request: stop_status
2022-05-23 01:53:41,155 DEBUG   SenderThread:21168 [sender.py:send_request():246] send_request: stop_status
2022-05-23 01:53:41,496 INFO    Thread-11 :21168 [dir_watcher.py:_on_file_modified():257] file/dir modified: C:\Projects\Code\Neurals\wandb\run-20220523_015250-3nprj0ws\files\output.log
2022-05-23 01:53:44,309 DEBUG   HandlerThread:21168 [handler.py:handle_request():141] handle_request: partial_history
2022-05-23 01:53:44,310 DEBUG   HandlerThread:21168 [handler.py:handle_request():141] handle_request: partial_history
2022-05-23 01:53:44,310 DEBUG   SenderThread:21168 [sender.py:send():232] send: history
2022-05-23 01:53:44,310 DEBUG   SenderThread:21168 [sender.py:send():232] send: summary
2022-05-23 01:53:44,313 INFO    SenderThread:21168 [sender.py:_save_file():948] saving file wandb-summary.json with policy end
2022-05-23 01:53:44,313 DEBUG   SenderThread:21168 [sender.py:send():232] send: history
2022-05-23 01:53:44,313 DEBUG   SenderThread:21168 [sender.py:send():232] send: summary
2022-05-23 01:53:44,314 INFO    SenderThread:21168 [sender.py:_save_file():948] saving file wandb-summary.json with policy end
2022-05-23 01:53:44,518 INFO    Thread-11 :21168 [dir_watcher.py:_on_file_modified():257] file/dir modified: C:\Projects\Code\Neurals\wandb\run-20220523_015250-3nprj0ws\files\wandb-summary.json
2022-05-23 01:53:45,520 INFO    Thread-11 :21168 [dir_watcher.py:_on_file_modified():257] file/dir modified: C:\Projects\Code\Neurals\wandb\run-20220523_015250-3nprj0ws\files\output.log
2022-05-23 01:53:47,851 DEBUG   HandlerThread:21168 [handler.py:handle_request():141] handle_request: partial_history
2022-05-23 01:53:47,852 DEBUG   SenderThread:21168 [sender.py:send():232] send: history
2022-05-23 01:53:47,852 DEBUG   SenderThread:21168 [sender.py:send():232] send: summary
2022-05-23 01:53:47,853 INFO    SenderThread:21168 [sender.py:_save_file():948] saving file wandb-summary.json with policy end
2022-05-23 01:53:47,854 DEBUG   HandlerThread:21168 [handler.py:handle_request():141] handle_request: partial_history
2022-05-23 01:53:47,855 DEBUG   SenderThread:21168 [sender.py:send():232] send: history
2022-05-23 01:53:47,855 DEBUG   SenderThread:21168 [sender.py:send():232] send: summary
2022-05-23 01:53:47,856 INFO    SenderThread:21168 [sender.py:_save_file():948] saving file wandb-summary.json with policy end
2022-05-23 01:53:48,534 INFO    Thread-11 :21168 [dir_watcher.py:_on_file_modified():257] file/dir modified: C:\Projects\Code\Neurals\wandb\run-20220523_015250-3nprj0ws\files\wandb-summary.json
2022-05-23 01:53:49,540 INFO    Thread-11 :21168 [dir_watcher.py:_on_file_modified():257] file/dir modified: C:\Projects\Code\Neurals\wandb\run-20220523_015250-3nprj0ws\files\output.log
2022-05-23 01:53:51,317 DEBUG   HandlerThread:21168 [handler.py:handle_request():141] handle_request: partial_history
2022-05-23 01:53:51,318 DEBUG   SenderThread:21168 [sender.py:send():232] send: history
2022-05-23 01:53:51,318 DEBUG   SenderThread:21168 [sender.py:send():232] send: summary
2022-05-23 01:53:51,319 INFO    SenderThread:21168 [sender.py:_save_file():948] saving file wandb-summary.json with policy end
2022-05-23 01:53:51,322 DEBUG   HandlerThread:21168 [handler.py:handle_request():141] handle_request: partial_history
2022-05-23 01:53:51,323 DEBUG   SenderThread:21168 [sender.py:send():232] send: history
2022-05-23 01:53:51,323 DEBUG   SenderThread:21168 [sender.py:send():232] send: summary
2022-05-23 01:53:51,324 INFO    SenderThread:21168 [sender.py:_save_file():948] saving file wandb-summary.json with policy end
2022-05-23 01:53:51,552 INFO    Thread-11 :21168 [dir_watcher.py:_on_file_modified():257] file/dir modified: C:\Projects\Code\Neurals\wandb\run-20220523_015250-3nprj0ws\files\output.log
2022-05-23 01:53:51,552 INFO    Thread-11 :21168 [dir_watcher.py:_on_file_modified():257] file/dir modified: C:\Projects\Code\Neurals\wandb\run-20220523_015250-3nprj0ws\files\wandb-summary.json
2022-05-23 01:53:53,558 INFO    Thread-11 :21168 [dir_watcher.py:_on_file_modified():257] file/dir modified: C:\Projects\Code\Neurals\wandb\run-20220523_015250-3nprj0ws\files\output.log
2022-05-23 01:53:54,705 DEBUG   HandlerThread:21168 [handler.py:handle_request():141] handle_request: partial_history
2022-05-23 01:53:54,706 DEBUG   HandlerThread:21168 [handler.py:handle_request():141] handle_request: partial_history
2022-05-23 01:53:54,707 DEBUG   SenderThread:21168 [sender.py:send():232] send: history
2022-05-23 01:53:54,707 DEBUG   SenderThread:21168 [sender.py:send():232] send: summary
2022-05-23 01:53:54,707 INFO    SenderThread:21168 [sender.py:_save_file():948] saving file wandb-summary.json with policy end
2022-05-23 01:53:54,708 DEBUG   SenderThread:21168 [sender.py:send():232] send: history
2022-05-23 01:53:54,708 DEBUG   SenderThread:21168 [sender.py:send():232] send: summary
2022-05-23 01:53:54,708 INFO    SenderThread:21168 [sender.py:_save_file():948] saving file wandb-summary.json with policy end
2022-05-23 01:53:55,569 INFO    Thread-11 :21168 [dir_watcher.py:_on_file_modified():257] file/dir modified: C:\Projects\Code\Neurals\wandb\run-20220523_015250-3nprj0ws\files\output.log
2022-05-23 01:53:55,570 INFO    Thread-11 :21168 [dir_watcher.py:_on_file_modified():257] file/dir modified: C:\Projects\Code\Neurals\wandb\run-20220523_015250-3nprj0ws\files\wandb-summary.json
2022-05-23 01:53:56,430 DEBUG   HandlerThread:21168 [handler.py:handle_request():141] handle_request: stop_status
2022-05-23 01:53:56,430 DEBUG   SenderThread:21168 [sender.py:send_request():246] send_request: stop_status
2022-05-23 01:53:58,139 DEBUG   HandlerThread:21168 [handler.py:handle_request():141] handle_request: partial_history
2022-05-23 01:53:58,140 DEBUG   SenderThread:21168 [sender.py:send():232] send: history
2022-05-23 01:53:58,140 DEBUG   SenderThread:21168 [sender.py:send():232] send: summary
2022-05-23 01:53:58,141 DEBUG   HandlerThread:21168 [handler.py:handle_request():141] handle_request: partial_history
2022-05-23 01:53:58,143 INFO    SenderThread:21168 [sender.py:_save_file():948] saving file wandb-summary.json with policy end
2022-05-23 01:53:58,144 DEBUG   SenderThread:21168 [sender.py:send():232] send: history
2022-05-23 01:53:58,144 DEBUG   SenderThread:21168 [sender.py:send():232] send: summary
2022-05-23 01:53:58,145 INFO    SenderThread:21168 [sender.py:_save_file():948] saving file wandb-summary.json with policy end
2022-05-23 01:53:58,583 INFO    Thread-11 :21168 [dir_watcher.py:_on_file_modified():257] file/dir modified: C:\Projects\Code\Neurals\wandb\run-20220523_015250-3nprj0ws\files\wandb-summary.json
2022-05-23 01:53:59,591 INFO    Thread-11 :21168 [dir_watcher.py:_on_file_modified():257] file/dir modified: C:\Projects\Code\Neurals\wandb\run-20220523_015250-3nprj0ws\files\output.log
2022-05-23 01:54:00,114 DEBUG   SenderThread:21168 [sender.py:send():232] send: stats
2022-05-23 01:54:01,617 DEBUG   HandlerThread:21168 [handler.py:handle_request():141] handle_request: partial_history
2022-05-23 01:54:01,618 DEBUG   HandlerThread:21168 [handler.py:handle_request():141] handle_request: partial_history
2022-05-23 01:54:01,619 DEBUG   SenderThread:21168 [sender.py:send():232] send: history
2022-05-23 01:54:01,619 DEBUG   SenderThread:21168 [sender.py:send():232] send: summary
2022-05-23 01:54:01,620 INFO    SenderThread:21168 [sender.py:_save_file():948] saving file wandb-summary.json with policy end
2022-05-23 01:54:01,620 DEBUG   SenderThread:21168 [sender.py:send():232] send: history
2022-05-23 01:54:01,620 DEBUG   SenderThread:21168 [sender.py:send():232] send: summary
2022-05-23 01:54:01,620 INFO    SenderThread:21168 [sender.py:_save_file():948] saving file wandb-summary.json with policy end
2022-05-23 01:54:02,607 INFO    Thread-11 :21168 [dir_watcher.py:_on_file_modified():257] file/dir modified: C:\Projects\Code\Neurals\wandb\run-20220523_015250-3nprj0ws\files\wandb-summary.json
2022-05-23 01:54:03,609 INFO    Thread-11 :21168 [dir_watcher.py:_on_file_modified():257] file/dir modified: C:\Projects\Code\Neurals\wandb\run-20220523_015250-3nprj0ws\files\output.log
2022-05-23 01:54:05,131 DEBUG   HandlerThread:21168 [handler.py:handle_request():141] handle_request: partial_history
2022-05-23 01:54:05,132 DEBUG   SenderThread:21168 [sender.py:send():232] send: history
2022-05-23 01:54:05,132 DEBUG   SenderThread:21168 [sender.py:send():232] send: summary
2022-05-23 01:54:05,133 INFO    SenderThread:21168 [sender.py:_save_file():948] saving file wandb-summary.json with policy end
2022-05-23 01:54:05,136 DEBUG   HandlerThread:21168 [handler.py:handle_request():141] handle_request: partial_history
2022-05-23 01:54:05,137 DEBUG   SenderThread:21168 [sender.py:send():232] send: history
2022-05-23 01:54:05,137 DEBUG   SenderThread:21168 [sender.py:send():232] send: summary
2022-05-23 01:54:05,138 INFO    SenderThread:21168 [sender.py:_save_file():948] saving file wandb-summary.json with policy end
2022-05-23 01:54:05,625 INFO    Thread-11 :21168 [dir_watcher.py:_on_file_modified():257] file/dir modified: C:\Projects\Code\Neurals\wandb\run-20220523_015250-3nprj0ws\files\output.log
2022-05-23 01:54:05,626 INFO    Thread-11 :21168 [dir_watcher.py:_on_file_modified():257] file/dir modified: C:\Projects\Code\Neurals\wandb\run-20220523_015250-3nprj0ws\files\wandb-summary.json
2022-05-23 01:54:08,884 DEBUG   HandlerThread:21168 [handler.py:handle_request():141] handle_request: partial_history
2022-05-23 01:54:08,885 DEBUG   HandlerThread:21168 [handler.py:handle_request():141] handle_request: partial_history
2022-05-23 01:54:08,885 DEBUG   SenderThread:21168 [sender.py:send():232] send: history
2022-05-23 01:54:08,887 DEBUG   SenderThread:21168 [sender.py:send():232] send: summary
2022-05-23 01:54:08,887 INFO    SenderThread:21168 [sender.py:_save_file():948] saving file wandb-summary.json with policy end
2022-05-23 01:54:08,888 DEBUG   SenderThread:21168 [sender.py:send():232] send: history
2022-05-23 01:54:08,888 DEBUG   SenderThread:21168 [sender.py:send():232] send: summary
2022-05-23 01:54:08,889 INFO    SenderThread:21168 [sender.py:_save_file():948] saving file wandb-summary.json with policy end
2022-05-23 01:54:09,639 INFO    Thread-11 :21168 [dir_watcher.py:_on_file_modified():257] file/dir modified: C:\Projects\Code\Neurals\wandb\run-20220523_015250-3nprj0ws\files\output.log
2022-05-23 01:54:09,640 INFO    Thread-11 :21168 [dir_watcher.py:_on_file_modified():257] file/dir modified: C:\Projects\Code\Neurals\wandb\run-20220523_015250-3nprj0ws\files\wandb-summary.json
2022-05-23 01:54:11,707 DEBUG   HandlerThread:21168 [handler.py:handle_request():141] handle_request: stop_status
2022-05-23 01:54:11,707 DEBUG   SenderThread:21168 [sender.py:send_request():246] send_request: stop_status
2022-05-23 01:54:12,729 DEBUG   HandlerThread:21168 [handler.py:handle_request():141] handle_request: partial_history
2022-05-23 01:54:12,729 DEBUG   HandlerThread:21168 [handler.py:handle_request():141] handle_request: partial_history
2022-05-23 01:54:12,730 DEBUG   SenderThread:21168 [sender.py:send():232] send: history
2022-05-23 01:54:12,730 DEBUG   SenderThread:21168 [sender.py:send():232] send: summary
2022-05-23 01:54:12,731 INFO    SenderThread:21168 [sender.py:_save_file():948] saving file wandb-summary.json with policy end
2022-05-23 01:54:12,731 DEBUG   SenderThread:21168 [sender.py:send():232] send: history
2022-05-23 01:54:12,731 DEBUG   SenderThread:21168 [sender.py:send():232] send: summary
2022-05-23 01:54:12,732 INFO    SenderThread:21168 [sender.py:_save_file():948] saving file wandb-summary.json with policy end
2022-05-23 01:54:13,667 INFO    Thread-11 :21168 [dir_watcher.py:_on_file_modified():257] file/dir modified: C:\Projects\Code\Neurals\wandb\run-20220523_015250-3nprj0ws\files\output.log
2022-05-23 01:54:13,667 INFO    Thread-11 :21168 [dir_watcher.py:_on_file_modified():257] file/dir modified: C:\Projects\Code\Neurals\wandb\run-20220523_015250-3nprj0ws\files\wandb-summary.json
