Warning: initial_connection = full with hidden nodes will not do direct input-output connections;
	if this is desired, set initial_connection = full_nodirect;
	if not, set initial_connection = full_direct
Warning: initial_connection = full with hidden nodes will not do direct input-output connections;
	if this is desired, set initial_connection = full_nodirect;
	if not, set initial_connection = full_direct
Warning: initial_connection = full with hidden nodes will not do direct input-output connections;
	if this is desired, set initial_connection = full_nodirect;
	if not, set initial_connection = full_direct
Warning: initial_connection = full with hidden nodes will not do direct input-output connections;
	if this is desired, set initial_connection = full_nodirect;
	if not, set initial_connection = full_direct
Warning: initial_connection = full with hidden nodes will not do direct input-output connections;
	if this is desired, set initial_connection = full_nodirect;
	if not, set initial_connection = full_direct
Warning: initial_connection = full with hidden nodes will not do direct input-output connections;
	if this is desired, set initial_connection = full_nodirect;
	if not, set initial_connection = full_direct
Warning: initial_connection = full with hidden nodes will not do direct input-output connections;
	if this is desired, set initial_connection = full_nodirect;
	if not, set initial_connection = full_direct
Warning: initial_connection = full with hidden nodes will not do direct input-output connections;
	if this is desired, set initial_connection = full_nodirect;
	if not, set initial_connection = full_direct
Warning: initial_connection = full with hidden nodes will not do direct input-output connections;
	if this is desired, set initial_connection = full_nodirect;
	if not, set initial_connection = full_direct
Warning: initial_connection = full with hidden nodes will not do direct input-output connections;
	if this is desired, set initial_connection = full_nodirect;
	if not, set initial_connection = full_direct
Warning: initial_connection = full with hidden nodes will not do direct input-output connections;
	if this is desired, set initial_connection = full_nodirect;
	if not, set initial_connection = full_direct
Warning: initial_connection = full with hidden nodes will not do direct input-output connections;
	if this is desired, set initial_connection = full_nodirect;
	if not, set initial_connection = full_direct
Warning: initial_connection = full with hidden nodes will not do direct input-output connections;
	if this is desired, set initial_connection = full_nodirect;
	if not, set initial_connection = full_direct
Warning: initial_connection = full with hidden nodes will not do direct input-output connections;
	if this is desired, set initial_connection = full_nodirect;
	if not, set initial_connection = full_direct
Warning: initial_connection = full with hidden nodes will not do direct input-output connections;
	if this is desired, set initial_connection = full_nodirect;
	if not, set initial_connection = full_direct
Warning: initial_connection = full with hidden nodes will not do direct input-output connections;
	if this is desired, set initial_connection = full_nodirect;
	if not, set initial_connection = full_direct
Warning: initial_connection = full with hidden nodes will not do direct input-output connections;
	if this is desired, set initial_connection = full_nodirect;
	if not, set initial_connection = full_direct
Warning: initial_connection = full with hidden nodes will not do direct input-output connections;
	if this is desired, set initial_connection = full_nodirect;
	if not, set initial_connection = full_direct
Warning: initial_connection = full with hidden nodes will not do direct input-output connections;
	if this is desired, set initial_connection = full_nodirect;
	if not, set initial_connection = full_direct
Warning: initial_connection = full with hidden nodes will not do direct input-output connections;
	if this is desired, set initial_connection = full_nodirect;
	if not, set initial_connection = full_direct
Warning: initial_connection = full with hidden nodes will not do direct input-output connections;
	if this is desired, set initial_connection = full_nodirect;
	if not, set initial_connection = full_direct
Warning: initial_connection = full with hidden nodes will not do direct input-output connections;
	if this is desired, set initial_connection = full_nodirect;
	if not, set initial_connection = full_direct
Warning: initial_connection = full with hidden nodes will not do direct input-output connections;
	if this is desired, set initial_connection = full_nodirect;
	if not, set initial_connection = full_direct
Warning: initial_connection = full with hidden nodes will not do direct input-output connections;
	if this is desired, set initial_connection = full_nodirect;
	if not, set initial_connection = full_direct
Warning: initial_connection = full with hidden nodes will not do direct input-output connections;
	if this is desired, set initial_connection = full_nodirect;
	if not, set initial_connection = full_direct
Warning: initial_connection = full with hidden nodes will not do direct input-output connections;
	if this is desired, set initial_connection = full_nodirect;
	if not, set initial_connection = full_direct
Warning: initial_connection = full with hidden nodes will not do direct input-output connections;
	if this is desired, set initial_connection = full_nodirect;
	if not, set initial_connection = full_direct
Warning: initial_connection = full with hidden nodes will not do direct input-output connections;
	if this is desired, set initial_connection = full_nodirect;
	if not, set initial_connection = full_direct
Warning: initial_connection = full with hidden nodes will not do direct input-output connections;
	if this is desired, set initial_connection = full_nodirect;
	if not, set initial_connection = full_direct
Warning: initial_connection = full with hidden nodes will not do direct input-output connections;
	if this is desired, set initial_connection = full_nodirect;
	if not, set initial_connection = full_direct
Warning: initial_connection = full with hidden nodes will not do direct input-output connections;
	if this is desired, set initial_connection = full_nodirect;
	if not, set initial_connection = full_direct
Warning: initial_connection = full with hidden nodes will not do direct input-output connections;
	if this is desired, set initial_connection = full_nodirect;
	if not, set initial_connection = full_direct
Warning: initial_connection = full with hidden nodes will not do direct input-output connections;
	if this is desired, set initial_connection = full_nodirect;
	if not, set initial_connection = full_direct
Warning: initial_connection = full with hidden nodes will not do direct input-output connections;
	if this is desired, set initial_connection = full_nodirect;
	if not, set initial_connection = full_direct
Warning: initial_connection = full with hidden nodes will not do direct input-output connections;
	if this is desired, set initial_connection = full_nodirect;
	if not, set initial_connection = full_direct
Warning: initial_connection = full with hidden nodes will not do direct input-output connections;
	if this is desired, set initial_connection = full_nodirect;
	if not, set initial_connection = full_direct
Warning: initial_connection = full with hidden nodes will not do direct input-output connections;
	if this is desired, set initial_connection = full_nodirect;
	if not, set initial_connection = full_direct
Warning: initial_connection = full with hidden nodes will not do direct input-output connections;
	if this is desired, set initial_connection = full_nodirect;
	if not, set initial_connection = full_direct
Warning: initial_connection = full with hidden nodes will not do direct input-output connections;
	if this is desired, set initial_connection = full_nodirect;
	if not, set initial_connection = full_direct
Warning: initial_connection = full with hidden nodes will not do direct input-output connections;
	if this is desired, set initial_connection = full_nodirect;
	if not, set initial_connection = full_direct
Warning: initial_connection = full with hidden nodes will not do direct input-output connections;
	if this is desired, set initial_connection = full_nodirect;
	if not, set initial_connection = full_direct
Warning: initial_connection = full with hidden nodes will not do direct input-output connections;
	if this is desired, set initial_connection = full_nodirect;
	if not, set initial_connection = full_direct
Warning: initial_connection = full with hidden nodes will not do direct input-output connections;
	if this is desired, set initial_connection = full_nodirect;
	if not, set initial_connection = full_direct
Warning: initial_connection = full with hidden nodes will not do direct input-output connections;
	if this is desired, set initial_connection = full_nodirect;
	if not, set initial_connection = full_direct
Warning: initial_connection = full with hidden nodes will not do direct input-output connections;
	if this is desired, set initial_connection = full_nodirect;
	if not, set initial_connection = full_direct
Warning: initial_connection = full with hidden nodes will not do direct input-output connections;
	if this is desired, set initial_connection = full_nodirect;
	if not, set initial_connection = full_direct
Warning: initial_connection = full with hidden nodes will not do direct input-output connections;
	if this is desired, set initial_connection = full_nodirect;
	if not, set initial_connection = full_direct
Warning: initial_connection = full with hidden nodes will not do direct input-output connections;
	if this is desired, set initial_connection = full_nodirect;
	if not, set initial_connection = full_direct
Warning: initial_connection = full with hidden nodes will not do direct input-output connections;
	if this is desired, set initial_connection = full_nodirect;
	if not, set initial_connection = full_direct
Warning: initial_connection = full with hidden nodes will not do direct input-output connections;
	if this is desired, set initial_connection = full_nodirect;
	if not, set initial_connection = full_direct
Warning: initial_connection = full with hidden nodes will not do direct input-output connections;
	if this is desired, set initial_connection = full_nodirect;
	if not, set initial_connection = full_direct
Warning: initial_connection = full with hidden nodes will not do direct input-output connections;
	if this is desired, set initial_connection = full_nodirect;
	if not, set initial_connection = full_direct
Warning: initial_connection = full with hidden nodes will not do direct input-output connections;
	if this is desired, set initial_connection = full_nodirect;
	if not, set initial_connection = full_direct
Warning: initial_connection = full with hidden nodes will not do direct input-output connections;
	if this is desired, set initial_connection = full_nodirect;
	if not, set initial_connection = full_direct
Warning: initial_connection = full with hidden nodes will not do direct input-output connections;
	if this is desired, set initial_connection = full_nodirect;
	if not, set initial_connection = full_direct
Warning: initial_connection = full with hidden nodes will not do direct input-output connections;
	if this is desired, set initial_connection = full_nodirect;
	if not, set initial_connection = full_direct
Warning: initial_connection = full with hidden nodes will not do direct input-output connections;
	if this is desired, set initial_connection = full_nodirect;
	if not, set initial_connection = full_direct
Warning: initial_connection = full with hidden nodes will not do direct input-output connections;
	if this is desired, set initial_connection = full_nodirect;
	if not, set initial_connection = full_direct
Warning: initial_connection = full with hidden nodes will not do direct input-output connections;
	if this is desired, set initial_connection = full_nodirect;
	if not, set initial_connection = full_direct
Warning: initial_connection = full with hidden nodes will not do direct input-output connections;
	if this is desired, set initial_connection = full_nodirect;
	if not, set initial_connection = full_direct
Warning: initial_connection = full with hidden nodes will not do direct input-output connections;
	if this is desired, set initial_connection = full_nodirect;
	if not, set initial_connection = full_direct
Warning: initial_connection = full with hidden nodes will not do direct input-output connections;
	if this is desired, set initial_connection = full_nodirect;
	if not, set initial_connection = full_direct
Warning: initial_connection = full with hidden nodes will not do direct input-output connections;
	if this is desired, set initial_connection = full_nodirect;
	if not, set initial_connection = full_direct
Warning: initial_connection = full with hidden nodes will not do direct input-output connections;
	if this is desired, set initial_connection = full_nodirect;
	if not, set initial_connection = full_direct
Warning: initial_connection = full with hidden nodes will not do direct input-output connections;
	if this is desired, set initial_connection = full_nodirect;
	if not, set initial_connection = full_direct
Warning: initial_connection = full with hidden nodes will not do direct input-output connections;
	if this is desired, set initial_connection = full_nodirect;
	if not, set initial_connection = full_direct
Warning: initial_connection = full with hidden nodes will not do direct input-output connections;
	if this is desired, set initial_connection = full_nodirect;
	if not, set initial_connection = full_direct
Warning: initial_connection = full with hidden nodes will not do direct input-output connections;
	if this is desired, set initial_connection = full_nodirect;
	if not, set initial_connection = full_direct
Warning: initial_connection = full with hidden nodes will not do direct input-output connections;
	if this is desired, set initial_connection = full_nodirect;
	if not, set initial_connection = full_direct
Warning: initial_connection = full with hidden nodes will not do direct input-output connections;
	if this is desired, set initial_connection = full_nodirect;
	if not, set initial_connection = full_direct
Warning: initial_connection = full with hidden nodes will not do direct input-output connections;
	if this is desired, set initial_connection = full_nodirect;
	if not, set initial_connection = full_direct
Warning: initial_connection = full with hidden nodes will not do direct input-output connections;
	if this is desired, set initial_connection = full_nodirect;
	if not, set initial_connection = full_direct
Warning: initial_connection = full with hidden nodes will not do direct input-output connections;
	if this is desired, set initial_connection = full_nodirect;
	if not, set initial_connection = full_direct
Warning: initial_connection = full with hidden nodes will not do direct input-output connections;
	if this is desired, set initial_connection = full_nodirect;
	if not, set initial_connection = full_direct
Warning: initial_connection = full with hidden nodes will not do direct input-output connections;
	if this is desired, set initial_connection = full_nodirect;
	if not, set initial_connection = full_direct
Warning: initial_connection = full with hidden nodes will not do direct input-output connections;
	if this is desired, set initial_connection = full_nodirect;
	if not, set initial_connection = full_direct
Warning: initial_connection = full with hidden nodes will not do direct input-output connections;
	if this is desired, set initial_connection = full_nodirect;
	if not, set initial_connection = full_direct
Warning: initial_connection = full with hidden nodes will not do direct input-output connections;
	if this is desired, set initial_connection = full_nodirect;
	if not, set initial_connection = full_direct
Warning: initial_connection = full with hidden nodes will not do direct input-output connections;
	if this is desired, set initial_connection = full_nodirect;
	if not, set initial_connection = full_direct
Warning: initial_connection = full with hidden nodes will not do direct input-output connections;
	if this is desired, set initial_connection = full_nodirect;
	if not, set initial_connection = full_direct
Warning: initial_connection = full with hidden nodes will not do direct input-output connections;
	if this is desired, set initial_connection = full_nodirect;
	if not, set initial_connection = full_direct
Warning: initial_connection = full with hidden nodes will not do direct input-output connections;
	if this is desired, set initial_connection = full_nodirect;
	if not, set initial_connection = full_direct
Warning: initial_connection = full with hidden nodes will not do direct input-output connections;
	if this is desired, set initial_connection = full_nodirect;
	if not, set initial_connection = full_direct
Warning: initial_connection = full with hidden nodes will not do direct input-output connections;
	if this is desired, set initial_connection = full_nodirect;
	if not, set initial_connection = full_direct
Warning: initial_connection = full with hidden nodes will not do direct input-output connections;
	if this is desired, set initial_connection = full_nodirect;
	if not, set initial_connection = full_direct
Warning: initial_connection = full with hidden nodes will not do direct input-output connections;
	if this is desired, set initial_connection = full_nodirect;
	if not, set initial_connection = full_direct
Warning: initial_connection = full with hidden nodes will not do direct input-output connections;
	if this is desired, set initial_connection = full_nodirect;
	if not, set initial_connection = full_direct
Warning: initial_connection = full with hidden nodes will not do direct input-output connections;
	if this is desired, set initial_connection = full_nodirect;
	if not, set initial_connection = full_direct
Warning: initial_connection = full with hidden nodes will not do direct input-output connections;
	if this is desired, set initial_connection = full_nodirect;
	if not, set initial_connection = full_direct
Warning: initial_connection = full with hidden nodes will not do direct input-output connections;
	if this is desired, set initial_connection = full_nodirect;
	if not, set initial_connection = full_direct
Warning: initial_connection = full with hidden nodes will not do direct input-output connections;
	if this is desired, set initial_connection = full_nodirect;
	if not, set initial_connection = full_direct
Warning: initial_connection = full with hidden nodes will not do direct input-output connections;
	if this is desired, set initial_connection = full_nodirect;
	if not, set initial_connection = full_direct
Warning: initial_connection = full with hidden nodes will not do direct input-output connections;
	if this is desired, set initial_connection = full_nodirect;
	if not, set initial_connection = full_direct
Warning: initial_connection = full with hidden nodes will not do direct input-output connections;
	if this is desired, set initial_connection = full_nodirect;
	if not, set initial_connection = full_direct
Warning: initial_connection = full with hidden nodes will not do direct input-output connections;
	if this is desired, set initial_connection = full_nodirect;
	if not, set initial_connection = full_direct
Warning: initial_connection = full with hidden nodes will not do direct input-output connections;
	if this is desired, set initial_connection = full_nodirect;
	if not, set initial_connection = full_direct
Warning: initial_connection = full with hidden nodes will not do direct input-output connections;
	if this is desired, set initial_connection = full_nodirect;
	if not, set initial_connection = full_direct
Warning: initial_connection = full with hidden nodes will not do direct input-output connections;
	if this is desired, set initial_connection = full_nodirect;
	if not, set initial_connection = full_direct
Warning: initial_connection = full with hidden nodes will not do direct input-output connections;
	if this is desired, set initial_connection = full_nodirect;
	if not, set initial_connection = full_direct
Warning: initial_connection = full with hidden nodes will not do direct input-output connections;
	if this is desired, set initial_connection = full_nodirect;
	if not, set initial_connection = full_direct
Warning: initial_connection = full with hidden nodes will not do direct input-output connections;
	if this is desired, set initial_connection = full_nodirect;
	if not, set initial_connection = full_direct
Warning: initial_connection = full with hidden nodes will not do direct input-output connections;
	if this is desired, set initial_connection = full_nodirect;
	if not, set initial_connection = full_direct
Warning: initial_connection = full with hidden nodes will not do direct input-output connections;
	if this is desired, set initial_connection = full_nodirect;
	if not, set initial_connection = full_direct
Warning: initial_connection = full with hidden nodes will not do direct input-output connections;
	if this is desired, set initial_connection = full_nodirect;
	if not, set initial_connection = full_direct
Warning: initial_connection = full with hidden nodes will not do direct input-output connections;
	if this is desired, set initial_connection = full_nodirect;
	if not, set initial_connection = full_direct
Warning: initial_connection = full with hidden nodes will not do direct input-output connections;
	if this is desired, set initial_connection = full_nodirect;
	if not, set initial_connection = full_direct
Warning: initial_connection = full with hidden nodes will not do direct input-output connections;
	if this is desired, set initial_connection = full_nodirect;
	if not, set initial_connection = full_direct
Warning: initial_connection = full with hidden nodes will not do direct input-output connections;
	if this is desired, set initial_connection = full_nodirect;
	if not, set initial_connection = full_direct
Warning: initial_connection = full with hidden nodes will not do direct input-output connections;
	if this is desired, set initial_connection = full_nodirect;
	if not, set initial_connection = full_direct
Warning: initial_connection = full with hidden nodes will not do direct input-output connections;
	if this is desired, set initial_connection = full_nodirect;
	if not, set initial_connection = full_direct
Warning: initial_connection = full with hidden nodes will not do direct input-output connections;
	if this is desired, set initial_connection = full_nodirect;
	if not, set initial_connection = full_direct
Warning: initial_connection = full with hidden nodes will not do direct input-output connections;
	if this is desired, set initial_connection = full_nodirect;
	if not, set initial_connection = full_direct
Warning: initial_connection = full with hidden nodes will not do direct input-output connections;
	if this is desired, set initial_connection = full_nodirect;
	if not, set initial_connection = full_direct
Warning: initial_connection = full with hidden nodes will not do direct input-output connections;
	if this is desired, set initial_connection = full_nodirect;
	if not, set initial_connection = full_direct
Warning: initial_connection = full with hidden nodes will not do direct input-output connections;
	if this is desired, set initial_connection = full_nodirect;
	if not, set initial_connection = full_direct
Warning: initial_connection = full with hidden nodes will not do direct input-output connections;
	if this is desired, set initial_connection = full_nodirect;
	if not, set initial_connection = full_direct
Warning: initial_connection = full with hidden nodes will not do direct input-output connections;
	if this is desired, set initial_connection = full_nodirect;
	if not, set initial_connection = full_direct
Warning: initial_connection = full with hidden nodes will not do direct input-output connections;
	if this is desired, set initial_connection = full_nodirect;
	if not, set initial_connection = full_direct
Warning: initial_connection = full with hidden nodes will not do direct input-output connections;
	if this is desired, set initial_connection = full_nodirect;
	if not, set initial_connection = full_direct
Warning: initial_connection = full with hidden nodes will not do direct input-output connections;
	if this is desired, set initial_connection = full_nodirect;
	if not, set initial_connection = full_direct
Warning: initial_connection = full with hidden nodes will not do direct input-output connections;
	if this is desired, set initial_connection = full_nodirect;
	if not, set initial_connection = full_direct
Warning: initial_connection = full with hidden nodes will not do direct input-output connections;
	if this is desired, set initial_connection = full_nodirect;
	if not, set initial_connection = full_direct
Warning: initial_connection = full with hidden nodes will not do direct input-output connections;
	if this is desired, set initial_connection = full_nodirect;
	if not, set initial_connection = full_direct
Warning: initial_connection = full with hidden nodes will not do direct input-output connections;
	if this is desired, set initial_connection = full_nodirect;
	if not, set initial_connection = full_direct
Warning: initial_connection = full with hidden nodes will not do direct input-output connections;
	if this is desired, set initial_connection = full_nodirect;
	if not, set initial_connection = full_direct
Warning: initial_connection = full with hidden nodes will not do direct input-output connections;
	if this is desired, set initial_connection = full_nodirect;
	if not, set initial_connection = full_direct
Warning: initial_connection = full with hidden nodes will not do direct input-output connections;
	if this is desired, set initial_connection = full_nodirect;
	if not, set initial_connection = full_direct
Warning: initial_connection = full with hidden nodes will not do direct input-output connections;
	if this is desired, set initial_connection = full_nodirect;
	if not, set initial_connection = full_direct
Warning: initial_connection = full with hidden nodes will not do direct input-output connections;
	if this is desired, set initial_connection = full_nodirect;
	if not, set initial_connection = full_direct
Warning: initial_connection = full with hidden nodes will not do direct input-output connections;
	if this is desired, set initial_connection = full_nodirect;
	if not, set initial_connection = full_direct
Warning: initial_connection = full with hidden nodes will not do direct input-output connections;
	if this is desired, set initial_connection = full_nodirect;
	if not, set initial_connection = full_direct
Warning: initial_connection = full with hidden nodes will not do direct input-output connections;
	if this is desired, set initial_connection = full_nodirect;
	if not, set initial_connection = full_direct
Warning: initial_connection = full with hidden nodes will not do direct input-output connections;
	if this is desired, set initial_connection = full_nodirect;
	if not, set initial_connection = full_direct
Warning: initial_connection = full with hidden nodes will not do direct input-output connections;
	if this is desired, set initial_connection = full_nodirect;
	if not, set initial_connection = full_direct
Warning: initial_connection = full with hidden nodes will not do direct input-output connections;
	if this is desired, set initial_connection = full_nodirect;
	if not, set initial_connection = full_direct
Warning: initial_connection = full with hidden nodes will not do direct input-output connections;
	if this is desired, set initial_connection = full_nodirect;
	if not, set initial_connection = full_direct
Warning: initial_connection = full with hidden nodes will not do direct input-output connections;
	if this is desired, set initial_connection = full_nodirect;
	if not, set initial_connection = full_direct
Warning: initial_connection = full with hidden nodes will not do direct input-output connections;
	if this is desired, set initial_connection = full_nodirect;
	if not, set initial_connection = full_direct
Warning: initial_connection = full with hidden nodes will not do direct input-output connections;
	if this is desired, set initial_connection = full_nodirect;
	if not, set initial_connection = full_direct
Warning: initial_connection = full with hidden nodes will not do direct input-output connections;
	if this is desired, set initial_connection = full_nodirect;
	if not, set initial_connection = full_direct
Warning: initial_connection = full with hidden nodes will not do direct input-output connections;
	if this is desired, set initial_connection = full_nodirect;
	if not, set initial_connection = full_direct
Warning: initial_connection = full with hidden nodes will not do direct input-output connections;
	if this is desired, set initial_connection = full_nodirect;
	if not, set initial_connection = full_direct
Warning: initial_connection = full with hidden nodes will not do direct input-output connections;
	if this is desired, set initial_connection = full_nodirect;
	if not, set initial_connection = full_direct
Warning: initial_connection = full with hidden nodes will not do direct input-output connections;
	if this is desired, set initial_connection = full_nodirect;
	if not, set initial_connection = full_direct
Warning: initial_connection = full with hidden nodes will not do direct input-output connections;
	if this is desired, set initial_connection = full_nodirect;
	if not, set initial_connection = full_direct
Warning: initial_connection = full with hidden nodes will not do direct input-output connections;
	if this is desired, set initial_connection = full_nodirect;
	if not, set initial_connection = full_direct
Warning: initial_connection = full with hidden nodes will not do direct input-output connections;
	if this is desired, set initial_connection = full_nodirect;
	if not, set initial_connection = full_direct
Warning: initial_connection = full with hidden nodes will not do direct input-output connections;
	if this is desired, set initial_connection = full_nodirect;
	if not, set initial_connection = full_direct
Warning: initial_connection = full with hidden nodes will not do direct input-output connections;
	if this is desired, set initial_connection = full_nodirect;
	if not, set initial_connection = full_direct
Warning: initial_connection = full with hidden nodes will not do direct input-output connections;
	if this is desired, set initial_connection = full_nodirect;
	if not, set initial_connection = full_direct
 ****** Running generation 0 ******
Run done
Enum done
Population's average fitness: 6.82315 stdev: 5.59368
Best fitness: 60.03244 - size: (6, 15) - species 99 - id 99
Average adjusted fitness: 0.086
Mean genetic distance 3.163, standard deviation 0.318
Population of 301 members in 150 species:
   ID   age  size  fitness  adj fit  stag
  ====  ===  ====  =======  =======  ====
     1    0     2     11.4    0.165     0
     2    0     2      9.9    0.140     0
     3    0     2      9.9    0.140     0
     4    0     2      8.0    0.106     0
     5    0     2      3.9    0.035     0
     6    0     2      2.1    0.005     0
     7    0     2      7.6    0.099     0
     8    0     2      9.0    0.123     0
     9    0     2      9.9    0.139     0
    10    0     2      3.1    0.022     0
    11    0     2      1.8    0.000     0
    12    0     2      6.8    0.085     0
    13    0     2      1.9    0.001     0
    14    0     2      1.8    0.000     0
    15    0     2      1.8    0.000     0
    16    0     2     10.0    0.140     0
    17    0     2      3.5    0.029     0
    18    0     2      1.9    0.000     0
    19    0     2      9.9    0.139     0
    20    0     2     10.0    0.141     0
    21    0     2      2.4    0.009     0
    22    0     2      9.2    0.127     0
    23    0     2      1.8    0.000     0
    24    0     2      4.8    0.052     0
    25    0     2      1.8    0.000     0
    26    0     2      9.6    0.133     0
    27    0     2      4.4    0.044     0
    28    0     2     10.0    0.140     0
    29    0     2      8.6    0.117     0
    30    0     2      7.8    0.103     0
    31    0     2     10.0    0.140     0
    32    0     2     10.3    0.146     0
    33    0     2      5.2    0.059     0
    34    0     2      5.8    0.068     0
    35    0     2      8.0    0.107     0
    36    0     2      9.9    0.138     0
    37    0     2      2.0    0.002     0
    38    0     2      9.9    0.139     0
    39    0     2     11.0    0.158     0
    40    0     2      2.6    0.013     0
    41    0     2      2.0    0.004     0
    42    0     2      1.9    0.001     0
    43    0     2     19.3    0.300     0
    44    0     2      4.1    0.039     0
    45    0     2      6.9    0.087     0
    46    0     2      1.9    0.001     0
    47    0     2      4.2    0.040     0
    48    0     2     10.7    0.152     0
    49    0     2      1.9    0.001     0
    50    0     2      7.3    0.093     0
    51    0     2      2.1    0.004     0
    52    0     2      2.0    0.003     0
    53    0     2      5.1    0.056     0
    54    0     2      4.5    0.046     0
    55    0     2      3.0    0.020     0
    56    0     2      8.8    0.120     0
    57    0     2      6.3    0.076     0
    58    0     2      5.4    0.061     0
    59    0     2      6.5    0.080     0
    60    0     2      9.5    0.132     0
    61    0     2      9.9    0.140     0
    62    0     2      1.9    0.002     0
    63    0     2     10.0    0.140     0
    64    0     2     10.0    0.140     0
    65    0     2      5.4    0.061     0
    66    0     2      9.9    0.139     0
    67    0     2      1.9    0.001     0
    68    0     2     13.7    0.204     0
    69    0     2      5.0    0.055     0
    70    0     2      1.9    0.001     0
    71    0     2      5.9    0.069     0
    72    0     2      6.4    0.078     0
    73    0     2      5.6    0.065     0
    74    0     2      7.4    0.095     0
    75    0     2     15.9    0.242     0
    76    0     2      9.9    0.140     0
    77    0     2      5.7    0.066     0
    78    0     2      9.9    0.139     0
    79    0     2      1.9    0.002     0
    80    0     2      1.9    0.001     0
    81    0     2      9.4    0.130     0
    82    0     2     10.7    0.152     0
    83    0     2      2.0    0.003     0
    84    0     2     10.0    0.140     0
    85    0     2      5.9    0.069     0
    86    0     2      2.0    0.003     0
    87    0     2      1.9    0.001     0
    88    0     2      2.8    0.017     0
    89    0     2      8.8    0.120     0
    90    0     2      4.6    0.047     0
    91    0     2      1.8    0.000     0
    92    0     2      1.9    0.001     0
    93    0     2      9.9    0.138     0
    94    0     2      9.9    0.139     0
    95    0     2     10.1    0.142     0
    96    0     2      4.4    0.045     0
    97    0     2      4.7    0.049     0
    98    0     2      6.9    0.087     0
    99    0     3     60.0    1.000     0
   100    0     2      8.1    0.108     0
   101    0     2     10.3    0.145     0
   102    0     2      1.8    0.000     0
   103    0     2      8.6    0.117     0
   104    0     2      5.9    0.070     0
   105    0     2      1.8    0.000     0
   106    0     2     10.0    0.140     0
   107    0     2      1.8    0.000     0
   108    0     2      5.6    0.065     0
   109    0     2      6.3    0.076     0
   110    0     2      9.9    0.138     0
   111    0     2      5.5    0.063     0
   112    0     2      6.1    0.074     0
   113    0     2      7.7    0.101     0
   114    0     2      7.5    0.098     0
   115    0     2      9.9    0.139     0
   116    0     2      8.9    0.121     0
   117    0     2      1.9    0.001     0
   118    0     2      5.3    0.060     0
   119    0     2      4.6    0.048     0
   120    0     2     10.0    0.140     0
   121    0     2      2.4    0.010     0
   122    0     2      3.9    0.035     0
   123    0     2      9.9    0.139     0
   124    0     2      1.8    0.000     0
   125    0     2      9.1    0.126     0
   126    0     2      8.5    0.115     0
   127    0     2      2.0    0.003     0
   128    0     2      1.9    0.002     0
   129    0     2      9.9    0.139     0
   130    0     2      1.8    0.000     0
   131    0     2      5.6    0.064     0
   132    0     2     10.0    0.140     0
   133    0     2      9.9    0.139     0
   134    0     2     10.2    0.144     0
   135    0     2      1.8    0.000     0
   136    0     2      5.7    0.066     0
   137    0     2      9.1    0.126     0
   138    0     2      6.5    0.080     0
   139    0     2      9.9    0.138     0
   140    0     2      9.0    0.124     0
   141    0     2      5.3    0.060     0
   142    0     2      9.4    0.130     0
   143    0     2      5.4    0.061     0
   144    0     2      1.8    0.000     0
   145    0     2      9.9    0.139     0
   146    0     2      9.8    0.137     0
   147    0     2     10.0    0.140     0
   148    0     2     10.0    0.140     0
   149    0     2      9.4    0.131     0
   150    0     2      5.4    0.061     0
Total extinctions: 0
Generation time: 2.180 sec
 ****** Running generation 1 ******
Run done
Enum done
Population's average fitness: 5.98798 stdev: 8.51029
Best fitness: 89.62087 - size: (6, 15) - species 149 - id 149
Average adjusted fitness: 0.065
Mean genetic distance 3.163, standard deviation 0.319
Population of 300 members in 150 species:
   ID   age  size  fitness  adj fit  stag
  ====  ===  ====  =======  =======  ====
     1    1     2      8.3    0.070     1
     2    1     2      6.7    0.062     1
     3    1     2     10.0    0.087     0
     4    1     2      4.5    0.030     1
     5    1     2      2.3    0.021     1
     6    1     2      3.4    0.025     0
     7    1     2      4.2    0.045     1
     8    1     2     10.1    0.062     0
     9    1     2      9.9    0.110     0
    10    1     2      9.9    0.065     0
    11    1     2      1.7    0.015     1
    12    1     2      4.4    0.030     1
    13    1     2      1.8    0.016     1
    14    1     2      9.9    0.061     0
    15    1     2      1.2    0.012     1
    16    1     2     10.0    0.110     1
    17    1     2      2.4    0.024     1
    18    1     2      1.1    0.012     1
    19    1     2     10.7    0.109     0
    20    1     2      9.4    0.093     1
    21    1     2      5.3    0.037     0
    22    1     2      9.2    0.061     0
    23    1     2      1.2    0.012     1
    24    1     2      6.3    0.051     0
    25    1     2      1.1    0.012     1
    26    1     2      6.3    0.055     1
    27    1     2      4.6    0.040     0
    28    1     2     10.0    0.110     1
    29    1     2     14.6    0.120     0
    30    1     2      7.0    0.039     1
    31    1     2     10.0    0.076     0
    32    1     2      4.1    0.044     1
    33    1     2      3.5    0.038     1
    34    1     2      5.2    0.049     1
    35    1     2      7.1    0.047     1
    36    1     2     10.7    0.097     0
    37    1     2      1.2    0.012     1
    38    1     2     10.0    0.110     0
    39    1     2     88.6    0.517     0
    40    1     2      1.6    0.014     1
    41    1     2      6.3    0.041     0
    42    1     2      1.2    0.012     1
    43    1     2      5.4    0.057     1
    44    1     2      9.3    0.066     0
    45    1     2      5.6    0.059     1
    46    1     2      1.1    0.012     1
    47    1     2      3.6    0.034     1
    48    1     2      8.5    0.047     1
    49    1     2      1.3    0.013     1
    50    1     2     10.0    0.065     0
    51    1     2      3.3    0.025     0
    52    1     2      9.8    0.074     0
    53    1     2      4.1    0.037     1
    54    1     2      2.9    0.029     1
    55    1     2      6.6    0.046     0
    56    1     2      9.5    0.068     0
    57    1     2      4.5    0.030     1
    58    1     2      3.9    0.027     1
    59    1     2      5.4    0.047     1
    60    1     2     10.0    0.105     0
    61    1     2     10.0    0.110     0
    62    1     2      4.2    0.029     0
    63    1     2     10.0    0.110     0
    64    1     2     10.0    0.110     0
    65    1     2      4.1    0.028     1
    66    1     2      9.9    0.091     0
    67    1     2     11.8    0.071     0
    68    1     2      5.4    0.056     1
    69    1     2      4.5    0.041     1
    70    1     2      4.5    0.031     0
    71    1     2      5.4    0.052     1
    72    1     2      4.9    0.042     1
    73    1     2      4.1    0.043     1
    74    1     2      3.7    0.039     1
    75    1     2      8.9    0.073     1
    76    1     2     10.2    0.111     0
    77    1     2      3.9    0.035     1
    78    1     2      9.3    0.100     1
    79    1     2      2.3    0.018     0
    80    1     2      1.2    0.012     1
    81    1     2      5.7    0.058     1
    82    1     2     11.9    0.120     0
    83    1     2      1.2    0.012     1
    84    1     2      9.4    0.097     1
    85    1     2      4.3    0.029     1
    86    1     2      3.7    0.026     0
    87    1     2      3.9    0.027     0
    88    1     2      2.4    0.022     1
    89    1     2      7.6    0.061     1
    90    1     2      2.6    0.028     1
    91    1     2      1.4    0.013     1
    92    1     2      1.2    0.012     1
    93    1     2      9.7    0.103     1
    94    1     2      8.6    0.094     1
    95    1     2      8.4    0.047     1
    96    1     2      4.1    0.039     1
    97    1     2      3.7    0.036     1
    98    1     2     20.4    0.132     0
    99    1     2     42.0    0.183     1
   100    1     2     10.0    0.061     0
   101    1     2     51.3    0.335     0
   102    1     2      1.2    0.012     1
   103    1     2      7.2    0.063     1
   104    1     2      6.0    0.053     0
   105    1     2      8.0    0.052     0
   106    1     2     10.0    0.110     0
   107    1     2      1.1    0.012     1
   108    1     2      9.3    0.081     0
   109    1     2      5.5    0.052     1
   110    1     2      9.9    0.110     0
   111    1     2      9.2    0.075     0
   112    1     2      6.0    0.057     1
   113    1     2      4.7    0.049     1
   114    1     2      8.8    0.083     0
   115    1     2      9.9    0.110     0
   116    1     2     28.8    0.214     0
   117    1     2      2.2    0.018     0
   118    1     2     21.7    0.146     0
   119    1     2      3.9    0.038     1
   120    1     2     10.0    0.110     1
   121    1     2      3.8    0.029     0
   122    1     2      3.1    0.030     1
   123    1     2      9.9    0.061     0
   124    1     2      1.1    0.012     1
   125    1     2      9.1    0.084     1
   126    1     2      9.9    0.097     0
   127    1     2      1.2    0.012     1
   128    1     2      1.2    0.012     1
   129    1     2     10.0    0.094     0
   130    1     2      4.3    0.029     0
   131    1     2      3.8    0.026     1
   132    1     2     10.0    0.110     0
   133    1     2     10.0    0.110     0
   134    1     2      4.4    0.030     1
   135    1     2      1.3    0.013     1
   136    1     2      4.2    0.028     1
   137    1     2      9.0    0.050     1
   138    1     2      5.8    0.056     1
   139    1     2      9.0    0.071     1
   140    1     2      3.3    0.018     1
   141    1     2      4.0    0.043     1
   142    1     2      5.1    0.041     1
   143    1     2      3.8    0.041     1
   144    1     2      6.2    0.040     0
   145    1     2     10.0    0.110     0
   146    1     2      7.8    0.080     1
   147    1     2     10.0    0.109     1
   148    1     2      9.9    0.108     1
   149    1     2     89.6    0.536     0
   150    1     2      6.4    0.056     0
Total extinctions: 0
Generation time: 3.352 sec (2.766 average)
 ****** Running generation 2 ******
Run done
Enum done
Population's average fitness: 6.88971 stdev: 3.18023
Best fitness: 13.92957 - size: (6, 14) - species 41 - id 183
Average adjusted fitness: 0.491
Mean genetic distance 3.163, standard deviation 0.319
Population of 300 members in 150 species:
   ID   age  size  fitness  adj fit  stag
  ====  ===  ====  =======  =======  ====
     1    2     2      9.8    0.521     2
     2    2     2     10.0    0.700     0
     3    2     2     10.0    0.582     0
     4    2     2     10.9    0.470     0
     5    2     2      5.0    0.284     0
     6    2     2      7.3    0.357     0
     7    2     2      8.5    0.545     0
     8    2     2      8.9    0.405     1
     9    2     2      9.9    0.712     0
    10    2     2      9.9    0.495     0
    11    2     2      2.4    0.166     0
    12    2     2      3.3    0.199     2
    13    2     2      3.5    0.206     0
    14    2     2      2.6    0.173     1
    15    2     2      2.4    0.165     0
    16    2     2     10.0    0.712     0
    17    2     2      4.8    0.336     0
    18    2     2      2.4    0.165     0
    19    2     2      9.9    0.705     1
    20    2     2      9.9    0.701     2
    21    2     2      8.1    0.397     0
    22    2     2      9.5    0.468     0
    23    2     2      2.4    0.165     0
    24    2     2      8.0    0.479     0
    25    2     2      2.4    0.164     0
    26    2     2     10.5    0.745     0
    27    2     2      6.9    0.427     0
    28    2     2     10.0    0.708     0
    29    2     2      9.8    0.678     1
    30    2     2      7.7    0.275     2
    31    2     2     10.0    0.590     1
    32    2     2      4.8    0.328     2
    33    2     2      8.0    0.567     0
    34    2     2      8.5    0.527     0
    35    2     2      9.3    0.440     0
    36    2     2      9.9    0.699     1
    37    2     2      2.5    0.171     0
    38    2     2      9.9    0.712     1
    39    2     2     10.0    0.627     1
    40    2     2      3.2    0.205     0
    41    2     2     13.9    0.594     0
    42    2     2      2.5    0.167     0
    43    2     2     10.6    0.699     2
    44    2     2      9.8    0.540     0
    45    2     2      7.1    0.482     0
    46    2     2      2.4    0.166     0
    47    2     2      8.0    0.447     0
    48    2     2     11.0    0.393     0
    49    2     2      2.7    0.177     0
    50    2     2     10.0    0.711     1
    51    2     2      6.4    0.337     0
    52    2     2      8.1    0.381     1
    53    2     2      9.7    0.593     0
    54    2     2      6.7    0.426     0
    55    2     2     10.0    0.497     0
    56    2     2      8.3    0.523     1
    57    2     2      8.5    0.386     0
    58    2     2      6.3    0.308     0
    59    2     2      7.8    0.475     0
    60    2     2      9.9    0.707     1
    61    2     2     10.0    0.712     1
    62    2     2     10.6    0.465     0
    63    2     2     10.0    0.712     0
    64    2     2     10.0    0.712     0
    65    2     2      6.3    0.305     0
    66    2     2      9.8    0.695     1
    67    2     2      9.0    0.407     1
    68    2     2      8.8    0.577     2
    69    2     2     11.1    0.700     0
    70    2     2      4.3    0.234     1
    71    2     2      9.0    0.619     0
    72    2     2      7.7    0.472     0
    73    2     2      8.3    0.583     0
    74    2     2      9.9    0.637     0
    75    2     2     13.0    0.713     2
    76    2     2      9.9    0.712     1
    77    2     2      8.1    0.538     0
    78    2     2     10.0    0.712     0
    79    2     2      3.9    0.225     0
    80    2     2      6.1    0.305     0
    81    2     2     11.0    0.712     0
    82    2     2      9.9    0.708     1
    83    2     2      2.7    0.179     0
    84    2     2     10.0    0.712     2
    85    2     2      7.0    0.331     0
    86    2     2      8.2    0.388     0
    87    2     2      2.5    0.168     1
    88    2     2      5.9    0.337     0
    89    2     2     10.1    0.617     0
    90    2     2      9.9    0.607     0
    91    2     2      8.2    0.374     0
    92    2     2      2.4    0.164     0
    93    2     2      9.9    0.577     0
    94    2     2     10.1    0.717     0
    95    2     2     10.0    0.357     2
    96    2     2     10.8    0.707     0
    97    2     2      9.9    0.562     0
    98    2     2      7.2    0.458     1
    99    2     2     10.7    0.684     2
   100    2     2     10.0    0.441     0
   101    2     2      9.7    0.692     1
   102    2     2      2.4    0.163     0
   103    2     2     10.3    0.698     0
   104    2     2      9.9    0.617     0
   105    2     2      2.4    0.164     1
   106    2     2     11.5    0.767     0
   107    2     2      2.4    0.164     0
   108    2     2      8.8    0.600     1
   109    2     2      8.9    0.586     0
   110    2     2      9.7    0.579     1
   111    2     2      9.8    0.593     0
   112    2     2      9.6    0.612     0
   113    2     2      9.8    0.587     0
   114    2     2      9.7    0.668     0
   115    2     2      9.9    0.712     1
   116    2     2      9.9    0.698     1
   117    2     2      4.6    0.246     0
   118    2     2      7.6    0.492     1
   119    2     2      6.3    0.421     0
   120    2     2     10.0    0.712     0
   121    2     2     10.2    0.476     0
   122    2     2      8.0    0.440     0
   123    2     2      9.9    0.437     0
   124    2     2      2.4    0.165     0
   125    2     2     10.8    0.736     0
   126    2     2      9.5    0.430     1
   127    2     2      2.6    0.173     0
   128    2     2      7.0    0.335     0
   129    2     2      9.9    0.666     1
   130    2     2      8.4    0.382     0
   131    2     2      8.1    0.376     0
   132    2     2     10.0    0.712     1
   133    2     2     10.0    0.713     0
   134    2     2     10.6    0.461     0
   135    2     2      7.2    0.338     0
   136    2     2      6.7    0.321     0
   137    2     2      9.7    0.349     0
   138    2     2     10.0    0.698     0
   139    2     2     10.0    0.658     0
   140    2     2      9.3    0.332     0
   141    2     2      6.3    0.447     0
   142    2     2      9.9    0.522     0
   143    2     2      6.3    0.445     0
   144    2     2      8.9    0.401     0
   145    2     2     10.0    0.713     1
   146    2     2     10.2    0.722     0
   147    2     2     10.0    0.711     2
   148    2     2     10.0    0.712     2
   149    2     2      9.6    0.678     1
   150    2     2      8.0    0.509     0
Total extinctions: 0
Generation time: 2.718 sec (2.750 average)
 ****** Running generation 3 ******
Run done
Enum done
Population's average fitness: 6.61159 stdev: 4.75666
Best fitness: 56.90223 - size: (5, 9) - species 75 - id 298
Average adjusted fitness: 0.115
Mean genetic distance 3.163, standard deviation 0.319
Population of 300 members in 150 species:
   ID   age  size  fitness  adj fit  stag
  ====  ===  ====  =======  =======  ====
     1    3     2     10.6    0.116     3
     2    3     2     10.9    0.182     0
     3    3     2     10.0    0.166     0
     4    3     2     11.9    0.117     0
     5    3     2      3.0    0.043     1
     6    3     2      4.7    0.056     1
     7    3     2      4.2    0.073     1
     8    3     2     13.5    0.132     0
     9    3     2     10.0    0.174     0
    10    3     2     10.1    0.154     0
    11    3     2      1.6    0.027     1
    12    3     2      2.2    0.032     3
    13    3     2      2.3    0.033     1
    14    3     2      1.8    0.028     2
    15    3     2      1.6    0.027     1
    16    3     2     10.0    0.173     0
    17    3     2      4.8    0.074     0
    18    3     2      1.7    0.027     1
    19    3     2     10.2    0.174     2
    20    3     2      9.8    0.167     3
    21    3     2     13.6    0.137     0
    22    3     2     10.0    0.108     0
    23    3     2      1.6    0.027     1
    24    3     2      8.0    0.114     1
    25    3     2      1.6    0.026     1
    26    3     2     12.7    0.199     0
    27    3     2      6.1    0.085     1
    28    3     2     10.5    0.179     0
    29    3     2     16.1    0.212     0
    30    3     2      6.7    0.058     3
    31    3     2     10.0    0.129     2
    32    3     2      6.3    0.079     3
    33    3     2      6.1    0.101     1
    34    3     2      5.7    0.094     1
    35    3     2     11.9    0.122     0
    36    3     2      9.5    0.159     2
    37    3     2      1.7    0.028     1
    38    3     2     10.0    0.173     2
    39    3     2      9.3    0.137     2
    40    3     2      2.2    0.035     1
    41    3     2     10.8    0.109     1
    42    3     2      1.7    0.027     1
    43    3     2     11.2    0.196     3
    44    3     2     10.6    0.127     0
    45    3     2      6.2    0.100     1
    46    3     2      1.6    0.027     1
    47    3     2      6.3    0.083     1
    48    3     2      9.7    0.085     1
    49    3     2      1.8    0.029     1
    50    3     2     10.1    0.175     0
    51    3     2      4.6    0.060     1
    52    3     2      6.5    0.072     2
    53    3     2      6.6    0.100     1
    54    3     2      5.2    0.078     1
    55    3     2     10.2    0.114     0
    56    3     2      6.6    0.097     2
    57    3     2      7.7    0.080     1
    58    3     2      5.4    0.061     1
    59    3     2      7.6    0.101     1
    60    3     2     10.5    0.178     0
    61    3     2     10.0    0.173     2
    62    3     2      5.6    0.062     1
    63    3     2     10.0    0.173     0
    64    3     2     10.0    0.173     0
    65    3     2      5.2    0.058     1
    66    3     2     11.4    0.192     0
    67    3     2      6.2    0.068     2
    68    3     2      6.9    0.111     3
    69    3     2      8.5    0.145     1
    70    3     2      5.6    0.062     0
    71    3     2      8.4    0.132     1
    72    3     2      7.5    0.096     1
    73    3     2      7.1    0.119     1
    74    3     2      6.1    0.096     1
    75    3     2     56.9    0.553     0
    76    3     2     10.0    0.173     2
    77    3     2      6.9    0.093     1
    78    3     2     10.0    0.173     0
    79    3     2      2.7    0.037     1
    80    3     2      5.6    0.063     1
    81    3     2     12.5    0.150     0
    82    3     2     10.3    0.175     2
    83    3     2      1.8    0.028     1
    84    3     2      9.7    0.169     3
    85    3     2      6.2    0.067     1
    86    3     2      6.3    0.070     1
    87    3     2     11.8    0.155     0
    88    3     2      3.4    0.051     1
    89    3     2     12.9    0.164     0
    90    3     2     10.2    0.123     0
    91    3     2      4.6    0.053     1
    92    3     2      1.6    0.027     1
    93    3     2      9.9    0.129     1
    94    3     2     10.2    0.175     0
    95    3     2     11.5    0.100     0
    96    3     2     11.8    0.176     0
    97    3     2     10.2    0.137     0
    98    3     2      6.3    0.091     2
    99    3     2     13.9    0.237     3
   100    3     2     10.0    0.100     0
   101    3     2     12.1    0.194     2
   102    3     2      1.6    0.027     1
   103    3     2     14.8    0.202     0
   104    3     2      9.8    0.139     1
   105    3     2      1.6    0.026     2
   106    3     2     13.1    0.201     0
   107    3     2      1.6    0.026     1
   108    3     2     10.8    0.150     0
   109    3     2      7.8    0.119     1
   110    3     2     10.9    0.138     0
   111    3     2     10.5    0.144     0
   112    3     2      7.0    0.118     1
   113    3     2      6.8    0.109     1
   114    3     2      9.3    0.149     1
   115    3     2     10.0    0.174     0
   116    3     2     12.0    0.190     2
   117    3     2      3.1    0.040     1
   118    3     2      6.9    0.104     2
   119    3     2      5.3    0.081     1
   120    3     2     10.0    0.173     1
   121    3     2      5.2    0.063     1
   122    3     2      7.9    0.096     1
   123    3     2     10.0    0.100     0
   124    3     2      1.6    0.027     1
   125    3     2     10.8    0.151     1
   126    3     2     11.6    0.116     0
   127    3     2      1.7    0.028     1
   128    3     2      6.0    0.066     1
   129    3     2     10.0    0.155     2
   130    3     2      8.1    0.083     1
   131    3     2      6.7    0.071     1
   132    3     2     10.0    0.173     2
   133    3     2     10.0    0.174     0
   134    3     2      5.7    0.063     1
   135    3     2      6.6    0.071     1
   136    3     2      5.8    0.063     1
   137    3     2     10.9    0.095     0
   138    3     2      9.6    0.152     1
   139    3     2     10.1    0.149     0
   140    3     2     11.3    0.099     0
   141    3     2      5.2    0.090     1
   142    3     2     10.4    0.120     0
   143    3     2      5.3    0.091     1
   144    3     2     11.2    0.111     0
   145    3     2     10.0    0.174     2
   146    3     2     12.4    0.191     0
   147    3     2     10.1    0.175     0
   148    3     2     10.0    0.173     0
   149    3     2     11.9    0.173     2
   150    3     2     16.5    0.190     0
Total extinctions: 0
Generation time: 2.675 sec (2.731 average)
 ****** Running generation 4 ******
Run done
Enum done
Population's average fitness: 6.24313 stdev: 4.70328
Best fitness: 63.20049 - size: (6, 15) - species 39 - id 295
