2022-05-24 10:11:36,762 INFO    MainThread:1160 [internal.py:wandb_internal():90] W&B internal server running at pid: 1160, started at: 2022-05-24 10:11:36.747596
2022-05-24 10:11:36,762 INFO    WriterThread:1160 [datastore.py:open_for_write():75] open: C:\Projects\Code\Neurals\wandb\run-20220524_101135-2rf8pox8\run-2rf8pox8.wandb
2022-05-24 10:11:36,770 DEBUG   SenderThread:1160 [sender.py:send():232] send: header
2022-05-24 10:11:36,770 DEBUG   SenderThread:1160 [sender.py:send():232] send: run
2022-05-24 10:11:37,109 INFO    SenderThread:1160 [dir_watcher.py:__init__():197] watching files in: C:\Projects\Code\Neurals\wandb\run-20220524_101135-2rf8pox8\files
2022-05-24 10:11:37,109 INFO    SenderThread:1160 [sender.py:_start_run_threads():811] run started: 2rf8pox8 with start time 1653351095
2022-05-24 10:11:37,109 DEBUG   SenderThread:1160 [sender.py:send():232] send: summary
2022-05-24 10:11:37,109 DEBUG   HandlerThread:1160 [handler.py:handle_request():141] handle_request: check_version
2022-05-24 10:11:37,109 INFO    SenderThread:1160 [sender.py:_save_file():948] saving file wandb-summary.json with policy end
2022-05-24 10:11:37,109 DEBUG   SenderThread:1160 [sender.py:send_request():246] send_request: check_version
2022-05-24 10:11:37,179 DEBUG   HandlerThread:1160 [handler.py:handle_request():141] handle_request: run_start
2022-05-24 10:11:38,122 INFO    Thread-11 :1160 [dir_watcher.py:_on_file_created():244] file/dir created: C:\Projects\Code\Neurals\wandb\run-20220524_101135-2rf8pox8\files\wandb-summary.json
2022-05-24 10:11:38,983 DEBUG   HandlerThread:1160 [meta.py:__init__():35] meta init
2022-05-24 10:11:38,983 DEBUG   HandlerThread:1160 [meta.py:__init__():49] meta init done
2022-05-24 10:11:38,983 DEBUG   HandlerThread:1160 [meta.py:probe():209] probe
2022-05-24 10:11:38,999 DEBUG   HandlerThread:1160 [git.py:repo():29] git repository is invalid
2022-05-24 10:11:38,999 DEBUG   HandlerThread:1160 [meta.py:_save_pip():53] save pip
2022-05-24 10:11:38,999 DEBUG   HandlerThread:1160 [meta.py:_save_pip():67] save pip done
2022-05-24 10:11:38,999 DEBUG   HandlerThread:1160 [meta.py:probe():247] probe done
2022-05-24 10:11:39,012 DEBUG   SenderThread:1160 [sender.py:send():232] send: files
2022-05-24 10:11:39,012 INFO    SenderThread:1160 [sender.py:_save_file():948] saving file wandb-metadata.json with policy now
2022-05-24 10:11:39,020 DEBUG   HandlerThread:1160 [handler.py:handle_request():141] handle_request: stop_status
2022-05-24 10:11:39,020 DEBUG   SenderThread:1160 [sender.py:send_request():246] send_request: stop_status
2022-05-24 10:11:39,137 INFO    Thread-11 :1160 [dir_watcher.py:_on_file_created():244] file/dir created: C:\Projects\Code\Neurals\wandb\run-20220524_101135-2rf8pox8\files\requirements.txt
2022-05-24 10:11:39,138 INFO    Thread-11 :1160 [dir_watcher.py:_on_file_created():244] file/dir created: C:\Projects\Code\Neurals\wandb\run-20220524_101135-2rf8pox8\files\wandb-metadata.json
2022-05-24 10:11:39,138 INFO    Thread-11 :1160 [dir_watcher.py:_on_file_created():244] file/dir created: C:\Projects\Code\Neurals\wandb\run-20220524_101135-2rf8pox8\files\output.log
2022-05-24 10:11:39,318 DEBUG   SenderThread:1160 [sender.py:send():232] send: telemetry
2022-05-24 10:11:39,888 INFO    Thread-15 :1160 [upload_job.py:push():132] Uploaded file C:\Users\MAXIMN~1\AppData\Local\Temp\tmp2emb5a71wandb\2hwqzqme-wandb-metadata.json
2022-05-24 10:11:41,144 INFO    Thread-11 :1160 [dir_watcher.py:_on_file_modified():257] file/dir modified: C:\Projects\Code\Neurals\wandb\run-20220524_101135-2rf8pox8\files\output.log
2022-05-24 10:11:42,373 DEBUG   HandlerThread:1160 [handler.py:handle_request():141] handle_request: partial_history
2022-05-24 10:11:42,374 DEBUG   SenderThread:1160 [sender.py:send():232] send: history
2022-05-24 10:11:42,374 DEBUG   SenderThread:1160 [sender.py:send():232] send: summary
2022-05-24 10:11:42,376 INFO    SenderThread:1160 [sender.py:_save_file():948] saving file wandb-summary.json with policy end
2022-05-24 10:11:43,157 INFO    Thread-11 :1160 [dir_watcher.py:_on_file_modified():257] file/dir modified: C:\Projects\Code\Neurals\wandb\run-20220524_101135-2rf8pox8\files\wandb-summary.json
2022-05-24 10:11:43,158 INFO    Thread-11 :1160 [dir_watcher.py:_on_file_modified():257] file/dir modified: C:\Projects\Code\Neurals\wandb\run-20220524_101135-2rf8pox8\files\output.log
2022-05-24 10:11:45,164 INFO    Thread-11 :1160 [dir_watcher.py:_on_file_modified():257] file/dir modified: C:\Projects\Code\Neurals\wandb\run-20220524_101135-2rf8pox8\files\output.log
2022-05-24 10:11:48,159 DEBUG   HandlerThread:1160 [handler.py:handle_request():141] handle_request: partial_history
2022-05-24 10:11:48,160 DEBUG   SenderThread:1160 [sender.py:send():232] send: history
2022-05-24 10:11:48,161 DEBUG   SenderThread:1160 [sender.py:send():232] send: summary
2022-05-24 10:11:48,161 INFO    SenderThread:1160 [sender.py:_save_file():948] saving file wandb-summary.json with policy end
2022-05-24 10:11:48,181 INFO    Thread-11 :1160 [dir_watcher.py:_on_file_modified():257] file/dir modified: C:\Projects\Code\Neurals\wandb\run-20220524_101135-2rf8pox8\files\wandb-summary.json
2022-05-24 10:11:49,185 INFO    Thread-11 :1160 [dir_watcher.py:_on_file_modified():257] file/dir modified: C:\Projects\Code\Neurals\wandb\run-20220524_101135-2rf8pox8\files\output.log
