
 ****** Running generation 0 ******
Run done
Enum done
Population's average fitness: 8.28276 stdev: 2.79214
Best fitness: 11.78953 - size: (6, 8) - species 57 - id 57
Average adjusted fitness: 0.624
Mean genetic distance 3.127, standard deviation 0.324
Population of 300 members in 151 species:
   ID   age  size  fitness  adj fit  stag
  ====  ===  ====  =======  =======  ====
     1    0     2     10.0    0.810     0
     2    0     2     10.0    0.803     0
     3    0     2     10.0    0.803     0
     4    0     2      6.4    0.424     0
     5    0     2     10.0    0.803     0
     6    0     2     10.0    0.803     0
     7    0     2     10.0    0.803     0
     8    0     2      8.5    0.643     0
     9    0     2     10.0    0.804     0
    10    0     2     10.0    0.803     0
    11    0     2      2.5    0.000     0
    12    0     2      9.8    0.790     0
    13    0     2      4.3    0.202     0
    14    0     2     10.0    0.803     0
    15    0     2      7.0    0.481     0
    16    0     2     10.0    0.803     0
    17    0     2     10.0    0.803     0
    18    0     2      5.8    0.362     0
    19    0     2      2.5    0.000     0
    20    0     2     10.0    0.803     0
    21    0     2      2.5    0.000     0
    22    0     2     10.0    0.803     0
    23    0     2      2.5    0.000     0
    24    0     2     10.0    0.803     0
    25    0     2      4.8    0.255     0
    26    0     2      2.7    0.024     0
    27    0     2      2.5    0.000     0
    28    0     2     10.0    0.803     0
    29    0     2     10.0    0.803     0
    30    0     2      3.3    0.085     0
    31    0     2      8.7    0.672     0
    32    0     2      6.8    0.468     0
    33    0     2     10.0    0.804     0
    34    0     2     10.0    0.803     0
    35    0     2     10.0    0.803     0
    36    0     2     10.0    0.803     0
    37    0     2     10.0    0.805     0
    38    0     2     10.0    0.803     0
    39    0     2     10.0    0.803     0
    40    0     2     10.0    0.803     0
    41    0     2     10.0    0.803     0
    42    0     2     10.0    0.803     0
    43    0     2      9.8    0.788     0
    44    0     2      6.3    0.411     0
    45    0     2     10.0    0.803     0
    46    0     2     10.0    0.803     0
    47    0     2      9.8    0.791     0
    48    0     2      8.3    0.623     0
    49    0     2     10.0    0.803     0
    50    0     2     10.0    0.803     0
    51    0     2     10.0    0.803     0
    52    0     2      2.5    0.001     0
    53    0     2      9.9    0.802     0
    54    0     2      3.5    0.110     0
    55    0     2      2.5    0.000     0
    56    0     2     10.0    0.803     0
    57    0     2     11.8    1.000     0
    58    0     2     10.0    0.803     0
    59    0     2      6.4    0.419     0
    60    0     2      4.3    0.192     0
    61    0     2     10.0    0.803     0
    62    0     2      2.5    0.007     0
    63    0     2      9.7    0.778     0
    64    0     2     10.0    0.803     0
    65    0     2     10.0    0.803     0
    66    0     2     10.0    0.803     0
    67    0     2      8.0    0.598     0
    68    0     2      8.0    0.596     0
    69    0     2     10.0    0.808     0
    70    0     2     10.0    0.803     0
    71    0     2     11.0    0.914     0
    72    0     2     10.0    0.803     0
    73    0     2      6.8    0.462     0
    74    0     2     10.0    0.803     0
    75    0     2     10.0    0.803     0
    76    0     2      6.9    0.474     0
    77    0     2      2.5    0.002     0
    78    0     2     10.0    0.803     0
    79    0     2     10.0    0.803     0
    80    0     2     10.0    0.803     0
    81    0     2      9.9    0.803     0
    82    0     2      2.5    0.006     0
    83    0     1      8.7    0.665     0
    84    0     2      9.9    0.803     0
    85    0     2     11.6    0.982     0
    86    0     2      3.4    0.104     0
    87    0     2      2.5    0.001     0
    88    0     2     10.0    0.804     0
    89    0     2     10.0    0.803     0
    90    0     2      6.5    0.429     0
    91    0     2      2.5    0.000     0
    92    0     2      9.9    0.799     0
    93    0     2     10.0    0.803     0
    94    0     2      9.9    0.803     0
    95    0     2     10.0    0.803     0
    96    0     2     10.0    0.803     0
    97    0     2      9.1    0.715     0
    98    0     2      7.1    0.498     0
    99    0     2      7.5    0.536     0
   100    0     2     10.0    0.813     0
   101    0     2      2.5    0.000     0
   102    0     2      3.5    0.112     0
   103    0     2     10.0    0.803     0
   104    0     2     10.2    0.826     0
   105    0     2     10.0    0.803     0
   106    0     2      5.2    0.298     0
   107    0     2     10.0    0.803     0
   108    0     2      2.5    0.001     0
   109    0     2      2.5    0.002     0
   110    0     2     10.0    0.803     0
   111    0     2     10.0    0.803     0
   112    0     2     10.0    0.803     0
   113    0     2     10.0    0.803     0
   114    0     2     10.0    0.803     0
   115    0     2      8.2    0.614     0
   116    0     2     11.3    0.952     0
   117    0     2     10.0    0.803     0
   118    0     2      9.8    0.786     0
   119    0     2      6.5    0.428     0
   120    0     2     10.0    0.803     0
   121    0     2      9.9    0.795     0
   122    0     2     10.0    0.803     0
   123    0     2      8.1    0.601     0
   124    0     2     10.0    0.803     0
   125    0     2     10.0    0.803     0
   126    0     2     10.0    0.803     0
   127    0     2     10.0    0.809     0
   128    0     2     10.0    0.809     0
   129    0     2     10.0    0.803     0
   130    0     2     10.0    0.803     0
   131    0     2     10.0    0.803     0
   132    0     2      2.9    0.052     0
   133    0     2     10.9    0.904     0
   134    0     2     10.0    0.803     0
   135    0     2     10.0    0.803     0
   136    0     2      6.3    0.413     0
   137    0     2      9.9    0.803     0
   138    0     2     11.2    0.933     0
   139    0     2      9.3    0.734     0
   140    0     2     10.0    0.809     0
   141    0     2     10.0    0.803     0
   142    0     2     10.0    0.803     0
   143    0     2      2.7    0.029     0
   144    0     2     10.0    0.803     0
   145    0     2     10.0    0.806     0
   146    0     2      2.6    0.016     0
   147    0     2     10.0    0.803     0
   148    0     2      2.5    0.000     0
   149    0     2      5.6    0.333     0
   150    0     2     10.0    0.803     0
   151    0     1       --       --     0
Total extinctions: 0
Generation time: 3.371 sec
 ****** Running generation 1 ******
Run done
Enum done
Population's average fitness: 8.10900 stdev: 2.91350
Best fitness: 13.82712 - size: (5, 6) - species 4 - id 184
Average adjusted fitness: 0.514
Mean genetic distance 3.124, standard deviation 0.326
Population of 302 members in 151 species:
   ID   age  size  fitness  adj fit  stag
  ====  ===  ====  =======  =======  ====
     1    1     2      9.9    0.540     1
     2    1     2     10.0    0.671     1
     3    1     2     10.0    0.671     1
     4    1     2     13.8    0.698     0
     5    1     2     10.0    0.671     1
     6    1     2     10.0    0.674     0
     7    1     2     10.0    0.671     1
     8    1     2      5.5    0.244     1
     9    1     2      7.2    0.388     1
    10    1     2     10.0    0.671     1
    11    1     2      2.5    0.020     0
    12    1     2      6.0    0.332     1
    13    1     2      2.4    0.015     1
    14    1     2     10.0    0.671     1
    15    1     2     12.2    0.528     0
    16    1     2     10.0    0.671     1
    17    1     2     10.0    0.671     1
    18    1     2      8.3    0.389     0
    19    1     2      2.1    0.002     1
    20    1     2     10.0    0.671     1
    21    1     2     10.0    0.335     0
    22    1     2     10.0    0.671     1
    23    1     2      2.1    0.000     1
    24    1     2     10.0    0.589     1
    25    1     2      8.1    0.379     0
    26    1     2     10.0    0.349     0
    27    1     2      8.1    0.513     0
    28    1     2     10.0    0.671     1
    29    1     2     10.0    0.671     1
    30    1     2      5.7    0.156     0
    31    1     2     11.2    0.771     0
    32    1     2      8.3    0.265     0
    33    1     2     10.0    0.340     0
    34    1     2     10.0    0.671     1
    35    1     2     10.0    0.671     1
    36    1     2     10.0    0.671     1
    37    1     2     10.0    0.669     1
    38    1     2     10.0    0.671     1
    39    1     2     10.0    0.671     1
    40    1     2     10.0    0.538     1
    41    1     2     10.0    0.671     1
    42    1     2     10.0    0.671     1
    43    1     2      6.0    0.332     1
    44    1     2      9.6    0.411     0
    45    1     2     10.0    0.671     1
    46    1     2     10.0    0.671     1
    47    1     2     10.0    0.671     0
    48    1     2      8.0    0.478     1
    49    1     2     10.0    0.391     1
    50    1     2     10.0    0.671     1
    51    1     2     10.0    0.671     1
    52    1     2      2.1    0.002     1
    53    1     2     10.0    0.675     0
    54    1     2     11.7    0.439     0
    55    1     2     10.0    0.335     0
    56    1     2     10.0    0.671     1
    57    1     2      6.6    0.346     1
    58    1     2     10.1    0.675     0
    59    1     2      9.2    0.514     0
    60    1     2     10.0    0.403     0
    61    1     2     10.0    0.671     1
    62    1     2      2.3    0.015     1
    63    1     2     10.0    0.649     0
    64    1     2     10.0    0.671     1
    65    1     2     10.0    0.671     1
    66    1     2     10.0    0.671     1
    67    1     2     10.0    0.504     0
    68    1     2      9.7    0.528     0
    69    1     2      6.0    0.335     1
    70    1     2     10.0    0.671     1
    71    1     2     10.0    0.533     1
    72    1     2     10.0    0.335     1
    73    1     2      8.1    0.508     0
    74    1     2     10.0    0.671     1
    75    1     2     10.0    0.671     1
    76    1     2      8.8    0.552     0
    77    1     2     10.0    0.336     0
    78    1     2     10.0    0.671     1
    79    1     2     10.0    0.671     1
    80    1     2     10.0    0.671     1
    81    1     2     10.0    0.612     0
    82    1     2      3.5    0.064     0
    83    1     2      5.3    0.277     1
    84    1     2     10.0    0.663     0
    85    1     2      7.7    0.372     1
    86    1     2     10.6    0.405     0
    87    1     2     10.0    0.336     0
    88    1     2     10.0    0.383     0
    89    1     2     10.0    0.671     1
    90    1     2      7.1    0.215     0
    91    1     2      8.0    0.296     0
    92    1     2     10.0    0.666     0
    93    1     2     10.0    0.671     1
    94    1     2      9.9    0.667     0
    95    1     2     10.0    0.342     1
    96    1     2     10.0    0.671     1
    97    1     2     10.0    0.461     0
    98    1     2     10.0    0.424     0
    99    1     2      8.6    0.534     0
   100    1     2      8.5    0.486     1
   101    1     2      2.2    0.005     1
   102    1     2     10.0    0.375     0
   103    1     2     10.0    0.543     1
   104    1     2     10.0    0.662     1
   105    1     2     10.0    0.671     1
   106    1     2     10.0    0.617     0
   107    1     2     10.0    0.671     1
   108    1     2     10.0    0.335     0
   109    1     2      2.3    0.013     1
   110    1     2     10.0    0.671     1
   111    1     2     10.0    0.671     1
   112    1     2     10.0    0.671     1
   113    1     2     10.0    0.671     1
   114    1     2     10.0    0.671     1
   115    1     2     12.3    0.695     0
   116    1     2     10.0    0.574     1
   117    1     2     10.0    0.671     1
   118    1     2     10.3    0.433     0
   119    1     2     11.1    0.578     0
   120    1     2     10.0    0.671     1
   121    1     2      9.9    0.666     0
   122    1     2     10.0    0.671     1
   123    1     2     10.0    0.552     0
   124    1     2     10.0    0.335     1
   125    1     2     10.0    0.671     1
   126    1     2     10.0    0.671     1
   127    1     2     10.0    0.672     1
   128    1     2      9.9    0.649     1
   129    1     2     10.0    0.671     1
   130    1     2     10.0    0.671     1
   131    1     2     10.0    0.671     1
   132    1     2      9.4    0.330     0
   133    1     2      6.4    0.227     1
   134    1     2     10.0    0.671     1
   135    1     2     10.0    0.671     1
   136    1     2      6.0    0.255     1
   137    1     2     10.0    0.671     0
   138    1     2      9.7    0.334     1
   139    1     2     10.0    0.671     0
   140    1     2      7.1    0.336     1
   141    1     2     10.0    0.671     1
   142    1     2     10.0    0.445     1
   143    1     2      2.2    0.005     1
   144    1     2     10.0    0.639     1
   145    1     2     10.0    0.670     0
   146    1     2      2.1    0.004     1
   147    1     2     10.0    0.344     1
   148    1     2     10.0    0.335     0
   149    1     2     10.0    0.494     0
   150    1     2     10.0    0.671     0
   151    1     2     10.0    0.671     0
Total extinctions: 0
Generation time: 5.537 sec (4.454 average)
 ****** Running generation 2 ******
Run done
Enum done
Population's average fitness: 7.37627 stdev: 3.51808
Best fitness: 18.75802 - size: (6, 8) - species 115 - id 115
Average adjusted fitness: 0.348
Mean genetic distance 3.124, standard deviation 0.326
Population of 302 members in 151 species:
   ID   age  size  fitness  adj fit  stag
  ====  ===  ====  =======  =======  ====
     1    2     2      9.9    0.488     2
     2    2     2     10.0    0.496     2
     3    2     2     10.0    0.496     2
     4    2     2     10.0    0.331     1
     5    2     2     10.0    0.496     2
     6    2     2     10.0    0.435     1
     7    2     2     10.0    0.496     2
     8    2     2      3.9    0.127     2
     9    2     2      4.5    0.171     2
    10    2     2     10.0    0.496     2
    11    2     2      1.6    0.009     1
    12    2     2      4.0    0.154     2
    13    2     2      1.5    0.006     2
    14    2     2     10.0    0.496     2
    15    2     2      7.6    0.226     1
    16    2     2     10.0    0.496     2
    17    2     2     10.0    0.496     2
    18    2     2      5.4    0.170     1
    19    2     2      1.3    0.001     2
    20    2     2     10.0    0.496     2
    21    2     2     10.0    0.248     1
    22    2     2     10.0    0.496     2
    23    2     2      1.3    0.000     2
    24    2     2     10.0    0.339     2
    25    2     2      4.5    0.141     1
    26    2     2     10.0    0.253     1
    27    2     2      4.5    0.184     1
    28    2     2     10.0    0.496     2
    29    2     2     10.0    0.496     2
    30    2     2      3.3    0.059     1
    31    2     2     11.4    0.478     0
    32    2     2      4.6    0.094     1
    33    2     2      9.7    0.242     1
    34    2     2     10.0    0.496     2
    35    2     2     10.0    0.496     2
    36    2     2     10.0    0.496     2
    37    2     2     10.0    0.493     2
    38    2     2     10.0    0.496     2
    39    2     2     10.0    0.496     2
    40    2     2     10.0    0.350     2
    41    2     2     10.0    0.496     2
    42    2     2     10.0    0.496     2
    43    2     2      4.0    0.155     2
    44    2     2      7.2    0.211     1
    45    2     2     10.0    0.496     2
    46    2     2     10.0    0.496     2
    47    2     2      9.9    0.453     1
    48    2     2      5.1    0.207     2
    49    2     2     10.0    0.271     2
    50    2     2     10.0    0.496     2
    51    2     2     10.0    0.496     2
    52    2     2      1.3    0.001     2
    53    2     2     10.2    0.503     0
    54    2     2     17.7    0.483     0
    55    2     2     10.0    0.248     1
    56    2     2     10.0    0.496     2
    57    2     2      4.5    0.181     2
    58    2     2     10.0    0.487     1
    59    2     2      7.9    0.279     1
    60    2     2      9.7    0.268     1
    61    2     2     10.0    0.496     2
    62    2     2      1.5    0.006     2
    63    2     2     10.0    0.406     0
    64    2     2     10.0    0.496     2
    65    2     2     10.0    0.496     2
    66    2     2     10.0    0.496     2
    67    2     2     10.0    0.325     1
    68    2     2      9.3    0.345     1
    69    2     2      4.1    0.157     2
    70    2     2     10.0    0.496     2
    71    2     2     10.0    0.324     2
    72    2     2     10.0    0.248     2
    73    2     2      4.5    0.183     1
    74    2     2     10.0    0.496     2
    75    2     2     10.0    0.496     2
    76    2     2      5.1    0.205     1
    77    2     2     10.0    0.249     1
    78    2     2     10.0    0.496     2
    79    2     2     10.0    0.496     2
    80    2     2     10.0    0.496     2
    81    2     2      9.4    0.355     1
    82    2     2      2.3    0.030     1
    83    2     2      3.3    0.059     2
    84    2     2     10.0    0.426     1
    85    2     2      5.5    0.185     2
    86    2     2     10.9    0.292     0
    87    2     2     10.0    0.248     1
    88    2     2      8.8    0.235     1
    89    2     2     10.0    0.496     2
    90    2     2      5.1    0.110     1
    91    2     2      4.5    0.107     1
    92    2     2     10.0    0.432     1
    93    2     2     10.0    0.496     2
    94    2     2     10.0    0.489     0
    95    2     2     10.0    0.251     2
    96    2     2     10.0    0.496     2
    97    2     2     10.0    0.308     1
    98    2     2     10.0    0.295     1
    99    2     2      4.9    0.196     1
   100    2     2      7.2    0.286     2
   101    2     2      1.4    0.002     2
   102    2     2      9.8    0.259     1
   103    2     2     10.0    0.339     2
   104    2     2     10.0    0.477     2
   105    2     2     10.0    0.496     2
   106    2     2     10.0    0.343     1
   107    2     2     10.0    0.496     2
   108    2     2     10.0    0.248     1
   109    2     2      1.5    0.005     2
   110    2     2     10.0    0.496     2
   111    2     2     10.0    0.496     2
   112    2     2     10.0    0.496     2
   113    2     2     10.0    0.496     2
   114    2     2     10.0    0.496     2
   115    2     2     18.8    0.593     0
   116    2     2     10.0    0.397     2
   117    2     2     10.0    0.496     2
   118    2     2     10.5    0.298     0
   119    2     2      6.0    0.206     1
   120    2     2     10.0    0.496     2
   121    2     2      9.9    0.492     1
   122    2     2     10.0    0.496     2
   123    2     2     10.0    0.340     1
   124    2     2     10.0    0.248     2
   125    2     2     10.0    0.496     2
   126    2     2     10.0    0.496     2
   127    2     2      9.9    0.486     2
   128    2     2      9.8    0.408     2
   129    2     2     10.0    0.496     2
   130    2     2     10.0    0.496     2
   131    2     2     10.0    0.496     2
   132    2     2      8.6    0.218     1
   133    2     2      4.1    0.098     2
   134    2     2     10.0    0.496     2
   135    2     2     10.0    0.496     2
   136    2     2      4.0    0.119     2
   137    2     2     10.0    0.496     0
   138    2     2      8.2    0.201     2
   139    2     2     10.0    0.496     1
   140    2     2      4.5    0.142     2
   141    2     2     10.0    0.496     2
   142    2     2     10.0    0.289     2
   143    2     2      1.4    0.003     2
   144    2     2     10.0    0.395     2
   145    2     2      9.8    0.434     1
   146    2     2      1.4    0.002     2
   147    2     2     10.0    0.252     2
   148    2     2     10.0    0.248     1
   149    2     2     10.0    0.313     0
   150    2     2     10.0    0.496     0
   151    2     2     10.0    0.496     1
Total extinctions: 0
Generation time: 5.684 sec (4.864 average)
 ****** Running generation 3 ******
Run done
Enum done
Population's average fitness: 8.03470 stdev: 3.05368
Best fitness: 14.53113 - size: (6, 8) - species 57 - id 300
Average adjusted fitness: 0.486
Mean genetic distance 3.124, standard deviation 0.326
Population of 302 members in 151 species:
   ID   age  size  fitness  adj fit  stag
  ====  ===  ====  =======  =======  ====
     1    3     2     10.1    0.645     0
     2    3     2     10.0    0.638     3
     3    3     2     10.0    0.638     3
     4    3     2      9.3    0.434     2
     5    3     2     10.0    0.638     3
     6    3     2     10.0    0.637     2
     7    3     2     10.0    0.638     3
     8    3     2      7.6    0.369     3
     9    3     2      7.8    0.463     3
    10    3     2     10.0    0.638     3
    11    3     2      1.9    0.002     2
    12    3     2      7.6    0.409     3
    13    3     2      3.4    0.061     3
    14    3     2     10.0    0.638     3
    15    3     2      8.1    0.366     2
    16    3     2     10.0    0.638     3
    17    3     2     10.0    0.638     3
    18    3     2      8.5    0.373     0
    19    3     2      1.9    0.002     3
    20    3     2     10.0    0.638     3
    21    3     2     10.0    0.320     0
    22    3     2     10.0    0.638     3
    23    3     2      1.9    0.001     3
    24    3     2     10.0    0.562     3
    25    3     2      5.1    0.203     2
    26    3     2     10.0    0.327     2
    27    3     2      1.9    0.001     2
    28    3     2     10.0    0.638     3
    29    3     2     10.0    0.638     3
    30    3     2      2.6    0.056     2
    31    3     2      8.0    0.412     1
    32    3     2      6.0    0.161     2
    33    3     2      9.9    0.319     2
    34    3     2     10.0    0.638     3
    35    3     2     10.0    0.638     3
    36    3     2     10.0    0.638     3
    37    3     2     10.0    0.639     0
    38    3     2     10.0    0.638     3
    39    3     2     10.0    0.638     3
    40    3     2     10.0    0.613     3
    41    3     2     10.0    0.638     3
    42    3     2     10.0    0.638     0
    43    3     2      7.6    0.453     3
    44    3     2     10.8    0.455     0
    45    3     2     10.0    0.638     3
    46    3     2     10.0    0.638     3
    47    3     2     10.0    0.626     2
    48    3     2      8.1    0.461     3
    49    3     2     10.0    0.337     3
    50    3     2     10.0    0.638     3
    51    3     2     10.0    0.638     3
    52    3     2      1.9    0.003     3
    53    3     2      9.9    0.637     1
    54    3     2     10.4    0.366     1
    55    3     2     10.0    0.320     2
    56    3     2     10.0    0.638     3
    57    3     2     14.5    0.844     0
    58    3     2     10.2    0.648     0
    59    3     2      6.6    0.320     2
    60    3     2     10.2    0.385     0
    61    3     2     10.0    0.638     3
    62    3     2      2.0    0.006     3
    63    3     2     10.0    0.632     0
    64    3     2     10.0    0.638     3
    65    3     2     10.0    0.638     3
    66    3     2     10.0    0.638     3
    67    3     2     10.0    0.476     2
    68    3     2      7.5    0.385     2
    69    3     2      7.8    0.460     3
    70    3     2     10.0    0.638     3
    71    3     2     10.0    0.599     3
    72    3     2     10.0    0.320     3
    73    3     2      5.9    0.312     2
    74    3     2     10.0    0.638     3
    75    3     2     10.0    0.638     3
    76    3     2      6.6    0.350     2
    77    3     2     10.0    0.320     2
    78    3     2     10.0    0.638     3
    79    3     2     10.0    0.638     3
    80    3     2     10.0    0.638     3
    81    3     2     10.5    0.610     0
    82    3     2      3.5    0.066     2
    83    3     2      7.9    0.248     3
    84    3     2     10.0    0.638     2
    85    3     2     12.6    0.611     0
    86    3     2      9.7    0.340     1
    87    3     2     10.0    0.320     2
    88    3     2     10.0    0.618     2
    89    3     2     10.0    0.638     3
    90    3     2      5.6    0.147     2
    91    3     2      5.8    0.155     2
    92    3     2     10.4    0.656     0
    93    3     2     10.0    0.638     3
    94    3     2     10.1    0.643     0
    95    3     2     10.0    0.326     3
    96    3     2     10.0    0.638     3
    97    3     2     10.0    0.488     2
    98    3     2     10.0    0.443     2
    99    3     2      6.6    0.346     2
   100    3     2      9.1    0.552     3
   101    3     2      1.9    0.001     3
   102    3     2     10.0    0.355     0
   103    3     2     10.0    0.453     3
   104    3     2     10.4    0.656     0
   105    3     2     10.0    0.638     3
   106    3     2     10.0    0.422     2
   107    3     2     10.0    0.638     3
   108    3     2     10.0    0.320     2
   109    3     2      2.1    0.010     3
   110    3     2     10.0    0.638     3
   111    3     2     10.0    0.638     3
   112    3     2     10.0    0.638     3
   113    3     2     10.0    0.638     3
   114    3     2     10.0    0.638     3
   115    3     2      7.5    0.225     1
   116    3     2     10.0    0.628     3
   117    3     2     10.0    0.638     3
   118    3     2      9.8    0.384     1
   119    3     2      6.5    0.330     2
   120    3     2     10.0    0.638     3
   121    3     2     10.0    0.636     0
   122    3     2     10.0    0.638     3
   123    3     2     10.0    0.524     0
   124    3     2     10.0    0.638     3
   125    3     2     10.0    0.638     3
   126    3     2     10.0    0.638     3
   127    3     2     10.2    0.649     0
   128    3     2     10.4    0.658     0
   129    3     2     10.0    0.638     3
   130    3     2     10.0    0.638     3
   131    3     2     10.0    0.638     3
   132    3     2      5.2    0.148     2
   133    3     2      6.3    0.208     3
   134    3     2     10.0    0.638     3
   135    3     2     10.0    0.638     3
   136    3     2      7.7    0.333     0
   137    3     2     10.0    0.638     1
   138    3     2     14.1    0.493     0
   139    3     2     10.0    0.604     2
   140    3     2     10.5    0.675     0
   141    3     2     10.0    0.638     3
   142    3     2     10.0    0.409     3
   143    3     2      2.1    0.008     3
   144    3     2     10.0    0.627     3
   145    3     2     10.5    0.663     0
   146    3     2      2.0    0.006     3
   147    3     2     10.0    0.329     3
   148    3     2     10.0    0.320     2
   149    3     2     10.0    0.427     1
   150    3     2     10.0    0.638     1
   151    3     2     10.0    0.638     2
Total extinctions: 0
Generation time: 5.680 sec (5.068 average)
 ****** Running generation 4 ******
Run done
Enum done
Population's average fitness: 7.70888 stdev: 3.19958
Best fitness: 16.02319 - size: (5, 6) - species 4 - id 184
Average adjusted fitness: 0.421
Mean genetic distance 3.124, standard deviation 0.326
Population of 302 members in 151 species:
   ID   age  size  fitness  adj fit  stag
  ====  ===  ====  =======  =======  ====
     1    4     2      9.8    0.451     1
     2    4     2     10.0    0.577     4
     3    4     2     10.0    0.577     4
     4    4     2     16.0    0.626     0
     5    4     2     10.0    0.577     4
     6    4     2     10.0    0.578     3
     7    4     2     10.0    0.577     4
     8    4     2      4.7    0.180     4
     9    4     2      5.7    0.257     4
    10    4     2     10.0    0.577     4
    11    4     2      2.0    0.013     3
    12    4     2      4.9    0.227     4
    13    4     2      1.9    0.010     4
    14    4     2     10.0    0.577     4
    15    4     2      9.4    0.338     3
    16    4     2     10.0    0.577     4
    17    4     2     10.0    0.577     4
    18    4     2      6.7    0.253     1
    19    4     2      1.7    0.001     4
    20    4     2     10.0    0.577     4
    21    4     2     10.0    0.289     1
    22    4     2     10.0    0.577     4
    23    4     2      1.7    0.000     4
    24    4     2     10.0    0.435     4
    25    4     2      5.9    0.228     3
    26    4     2     10.0    0.297     3
    27    4     2      5.9    0.296     3
    28    4     2     10.0    0.577     4
    29    4     2     10.0    0.577     4
    30    4     2      4.4    0.095     3
    31    4     2     12.9    0.657     0
    32    4     2      6.0    0.152     3
    33    4     2      9.8    0.285     3
    34    4     2     10.0    0.577     4
    35    4     2     10.0    0.577     4
    36    4     2     10.0    0.577     4
    37    4     2     10.0    0.576     1
    38    4     2     10.0    0.577     4
    39    4     2     10.0    0.577     4
    40    4     2     10.0    0.438     4
    41    4     2     10.0    0.577     4
    42    4     2     10.0    0.577     1
    43    4     2      4.9    0.227     4
    44    4     2      9.2    0.326     1
    45    4     2     10.0    0.577     4
    46    4     2     10.0    0.577     4
    47    4     2     10.1    0.584     0
    48    4     2      6.3    0.308     4
    49    4     2     10.0    0.325     4
    50    4     2     10.0    0.577     4
    51    4     2     10.0    0.577     4
    52    4     2      1.7    0.001     4
    53    4     2     10.1    0.582     2
    54    4     2     13.4    0.429     2
    55    4     2     10.0    0.289     3
    56    4     2     10.0    0.577     4
    57    4     2      5.5    0.251     1
    58    4     2     10.0    0.572     1
    59    4     2      9.4    0.414     0
    60    4     2      9.8    0.326     1
    61    4     2     10.0    0.577     4
    62    4     2      1.9    0.010     4
    63    4     2     10.0    0.509     1
    64    4     2     10.0    0.577     4
    65    4     2     10.0    0.577     4
    66    4     2     10.0    0.577     4
    67    4     2     10.0    0.409     3
    68    4     2      9.6    0.434     3
    69    4     2      5.0    0.230     4
    70    4     2     10.0    0.577     4
    71    4     2     10.0    0.417     4
    72    4     2     10.0    0.289     4
    73    4     2      5.9    0.293     3
    74    4     2     10.0    0.577     4
    75    4     2     10.0    0.577     4
    76    4     2      6.5    0.323     3
    77    4     2     10.0    0.289     3
    78    4     2     10.0    0.577     4
    79    4     2     10.0    0.577     4
    80    4     2     10.0    0.577     4
    81    4     2      9.7    0.458     1
    82    4     2      2.9    0.045     3
    83    4     2      4.2    0.090     4
    84    4     2     10.0    0.528     3
    85    4     2      6.5    0.264     1
    86    4     2     10.6    0.337     2
    87    4     2     10.0    0.289     3
    88    4     2      9.4    0.298     3
    89    4     2     10.0    0.577     4
    90    4     2      6.0    0.153     3
    91    4     2      5.9    0.172     3
    92    4     2     10.0    0.533     1
    93    4     2     10.0    0.577     4
    94    4     2     10.0    0.572     1
    95    4     2     10.0    0.293     4
    96    4     2     10.0    0.577     4
    97    4     2     10.0    0.377     3
    98    4     2     10.0    0.356     3
    99    4     2      6.4    0.310     3
   100    4     2      8.2    0.395     4
   101    4     2      1.8    0.004     4
   102    4     2      9.9    0.310     1
   103    4     2     10.0    0.437     4
   104    4     2     10.0    0.563     1
   105    4     2     10.0    0.577     4
   106    4     2     10.0    0.445     3
   107    4     2     10.0    0.577     4
   108    4     2     10.0    0.289     3
   109    4     2      1.9    0.008     4
   110    4     2     10.0    0.577     4
   111    4     2     10.0    0.577     4
   112    4     2     10.0    0.577     4
   113    4     2     10.0    0.577     4
   114    4     2     10.0    0.577     4
   115    4     2     11.6    0.494     2
   116    4     2     10.0    0.479     4
   117    4     2     10.0    0.577     4
   118    4     2     10.3    0.354     2
   119    4     2      7.8    0.332     3
   120    4     2     10.0    0.577     4
   121    4     2      9.9    0.573     1
   122    4     2     10.0    0.577     4
   123    4     2     10.0    0.427     1
   124    4     2     10.0    0.289     4
   125    4     2     10.0    0.577     4
   126    4     2     10.0    0.577     4
   127    4     2      9.9    0.570     1
   128    4     2      9.8    0.510     1
   129    4     2     10.0    0.577     4
   130    4     2     10.0    0.577     4
   131    4     2     10.0    0.577     4
   132    4     2      9.7    0.291     0
   133    4     2      5.1    0.150     4
   134    4     2     10.0    0.577     4
   135    4     2     10.0    0.577     4
   136    4     2      5.0    0.176     1
   137    4     2     10.0    0.577     2
   138    4     2      9.4    0.276     1
   139    4     2     10.0    0.577     3
   140    4     2      5.6    0.215     1
   141    4     2     10.0    0.577     4
   142    4     2     10.0    0.356     4
   143    4     2      1.8    0.004     4
   144    4     2     10.0    0.497     4
   145    4     2      9.9    0.535     1
   146    4     2      1.7    0.003     4
   147    4     2     10.0    0.295     4
   148    4     2     10.0    0.289     3
   149    4     2     10.0    0.395     2
   150    4     2     10.0    0.577     2
   151    4     2     10.0    0.577     3
Total extinctions: 0
Generation time: 5.369 sec (5.128 average)
 ****** Running generation 5 ******
Run done
Enum done
Population's average fitness: 8.26138 stdev: 2.91271
Best fitness: 14.09194 - size: (6, 8) - species 85 - id 85
Average adjusted fitness: 0.512
Mean genetic distance 3.124, standard deviation 0.326
Population of 302 members in 151 species:
   ID   age  size  fitness  adj fit  stag
  ====  ===  ====  =======  =======  ====
     1    5     2     10.0    0.659     2
     2    5     2     10.0    0.653     5
     3    5     2     10.0    0.653     5
     4    5     2      9.7    0.477     1
     5    5     2     10.0    0.653     5
     6    5     2     10.0    0.653     4
     7    5     2     10.0    0.653     5
     8    5     2      8.6    0.449     0
     9    5     2      9.6    0.615     5
    10    5     2     10.0    0.653     5
    11    5     2      2.2    0.003     4
    12    5     2      9.4    0.535     5
    13    5     2      3.9    0.075     5
    14    5     2     10.0    0.653     5
    15    5     2      8.6    0.423     4
    16    5     2     10.0    0.653     5
    17    5     2     10.0    0.653     5
    18    5     2      9.4    0.440     0
    19    5     2      2.2    0.003     5
    20    5     2     10.0    0.653     5
    21    5     2     10.0    0.328     2
    22    5     2     10.0    0.653     5
    23    5     2      2.2    0.003     5
    24    5     2     10.0    0.598     5
    25    5     2      5.9    0.250     4
    26    5     2     10.0    0.337     4
    27    5     2      2.2    0.003     4
    28    5     2     10.0    0.653     5
    29    5     2     10.0    0.653     5
    30    5     2      3.0    0.068     4
    31    5     2      8.3    0.454     1
    32    5     2      6.6    0.187     4
    33    5     2      9.9    0.327     4
    34    5     2     10.0    0.653     5
    35    5     2     10.0    0.653     5
    36    5     2     10.0    0.653     5
    37    5     2     10.0    0.655     2
    38    5     2     10.0    0.653     5
    39    5     2     10.0    0.653     5
    40    5     2     10.7    0.685     0
    41    5     2     10.0    0.653     5
    42    5     2     10.0    0.653     2
    43    5     2      9.3    0.602     5
    44    5     2     10.6    0.482     2
    45    5     2     10.0    0.653     5
    46    5     2     10.0    0.653     5
    47    5     2     10.0    0.644     1
    48    5     2      9.0    0.546     0
    49    5     2     10.0    0.349     5
    50    5     2     10.0    0.653     5
    51    5     2     10.0    0.653     5
    52    5     2      2.2    0.005     5
    53    5     2      9.9    0.653     3
    54    5     2     10.3    0.380     3
    55    5     2     10.0    0.328     4
    56    5     2     10.0    0.653     5
    57    5     2     13.3    0.743     2
    58    5     2     10.2    0.663     2
    59    5     2      7.3    0.367     1
    60    5     2     10.1    0.405     2
    61    5     2     10.0    0.653     5
    62    5     2      2.3    0.009     5
    63    5     2     10.4    0.665     0
    64    5     2     10.0    0.653     5
    65    5     2     10.0    0.653     5
    66    5     2     10.0    0.653     5
    67    5     2     10.0    0.513     4
    68    5     2      7.8    0.418     4
    69    5     2      9.6    0.612     5
    70    5     2     10.0    0.653     5
    71    5     2     11.2    0.706     0
    72    5     2     10.0    0.328     5
    73    5     2      6.5    0.363     4
    74    5     2     10.0    0.653     5
    75    5     2     10.0    0.653     5
    76    5     2      7.2    0.404     4
    77    5     2     10.0    0.329     4
    78    5     2     10.0    0.653     5
    79    5     2     10.0    0.653     5
    80    5     2     10.0    0.653     5
    81    5     2     10.5    0.662     0
    82    5     2      4.0    0.081     0
    83    5     2      8.9    0.293     0
    84    5     2     10.0    0.654     4
    85    5     2     14.1    0.743     0
    86    5     2      9.7    0.357     3
    87    5     2     10.0    0.329     4
    88    5     2     10.1    0.659     0
    89    5     2     10.0    0.653     5
    90    5     2      6.1    0.168     4
    91    5     2      6.4    0.181     4
    92    5     2     10.5    0.678     0
    93    5     2     10.0    0.653     5
    94    5     2     10.1    0.658     2
    95    5     2     10.0    0.335     5
    96    5     2     10.0    0.653     5
    97    5     2     10.0    0.548     4
    98    5     2     10.0    0.478     4
    99    5     2      7.3    0.404     4
   100    5     2      9.3    0.600     5
   101    5     2      2.2    0.003     5
   102    5     2     10.0    0.370     2
   103    5     2     10.0    0.482     5
   104    5     2     10.3    0.668     2
   105    5     2     10.0    0.653     5
   106    5     2     10.0    0.443     4
   107    5     2     10.0    0.653     5
   108    5     2     10.0    0.328     4
   109    5     2      2.4    0.013     5
   110    5     2     10.0    0.653     5
   111    5     2     10.0    0.653     5
   112    5     2     10.0    0.653     5
   113    5     2     10.0    0.653     5
   114    5     2     10.0    0.653     5
   115    5     2      7.9    0.245     3
   116    5     2     10.0    0.651     5
   117    5     2     10.0    0.653     5
   118    5     2      9.9    0.409     3
   119    5     2      7.1    0.377     4
   120    5     2     10.0    0.653     5
   121    5     2     10.0    0.650     2
   122    5     2     10.0    0.653     5
   123    5     2     10.0    0.573     2
   124    5     2     10.0    0.653     5
   125    5     2     10.0    0.653     5
   126    5     2     10.0    0.653     5
   127    5     2     10.1    0.663     2
   128    5     2     10.6    0.685     0
   129    5     2     10.0    0.653     5
   130    5     2     10.0    0.653     5
   131    5     2     10.0    0.653     5
   132    5     2      5.8    0.173     1
   133    5     2      7.7    0.274     5
   134    5     2     10.0    0.653     5
   135    5     2     10.0    0.653     5
   136    5     2      9.5    0.436     0
   137    5     2     10.0    0.653     3
   138    5     2     13.7    0.500     2
   139    5     2     10.0    0.649     4
   140    5     2     10.4    0.689     2
   141    5     2     10.0    0.653     5
   142    5     2     10.0    0.437     5
   143    5     2      2.4    0.011     5
   144    5     2     10.2    0.665     0
   145    5     2     10.5    0.682     0
   146    5     2      2.3    0.008     5
   147    5     2     10.0    0.340     5
   148    5     2     10.0    0.328     4
   149    5     2     10.0    0.450     3
   150    5     2     10.0    0.653     3
   151    5     2     10.0    0.653     4
Total extinctions: 0
Generation time: 5.534 sec (5.196 average)
 ****** Running generation 6 ******
Run done
Enum done
Population's average fitness: 8.36308 stdev: 2.78309
Best fitness: 16.84124 - size: (5, 7) - species 40 - id 235
Species 23 with 2 members is stagnated: removing it
Species 101 with 2 members is stagnated: removing it
Species 19 with 2 members is stagnated: removing it
Species 62 with 2 members is stagnated: removing it
Species 146 with 2 members is stagnated: removing it
Species 143 with 2 members is stagnated: removing it
Species 13 with 2 members is stagnated: removing it
Species 43 with 2 members is stagnated: removing it
Species 12 with 2 members is stagnated: removing it
Species 9 with 2 members is stagnated: removing it
Species 69 with 2 members is stagnated: removing it
Species 2 with 2 members is stagnated: removing it
Species 3 with 2 members is stagnated: removing it
Species 5 with 2 members is stagnated: removing it
Species 7 with 2 members is stagnated: removing it
Species 10 with 2 members is stagnated: removing it
Species 14 with 2 members is stagnated: removing it
Species 16 with 2 members is stagnated: removing it
Species 17 with 2 members is stagnated: removing it
Species 20 with 2 members is stagnated: removing it
Species 22 with 2 members is stagnated: removing it
Species 24 with 2 members is stagnated: removing it
Species 28 with 2 members is stagnated: removing it
Species 29 with 2 members is stagnated: removing it
Species 34 with 2 members is stagnated: removing it
Species 35 with 2 members is stagnated: removing it
Species 36 with 2 members is stagnated: removing it
Species 38 with 2 members is stagnated: removing it
Species 39 with 2 members is stagnated: removing it
Species 41 with 2 members is stagnated: removing it
Species 45 with 2 members is stagnated: removing it
Species 46 with 2 members is stagnated: removing it
Species 49 with 2 members is stagnated: removing it
Species 50 with 2 members is stagnated: removing it
Species 51 with 2 members is stagnated: removing it
Species 56 with 2 members is stagnated: removing it
Species 61 with 2 members is stagnated: removing it
Species 64 with 2 members is stagnated: removing it
Species 65 with 2 members is stagnated: removing it
Species 66 with 2 members is stagnated: removing it
Species 70 with 2 members is stagnated: removing it
Species 72 with 2 members is stagnated: removing it
Species 74 with 2 members is stagnated: removing it
Species 75 with 2 members is stagnated: removing it
Species 78 with 2 members is stagnated: removing it
Species 79 with 2 members is stagnated: removing it
Species 80 with 2 members is stagnated: removing it
Species 89 with 2 members is stagnated: removing it
Species 93 with 2 members is stagnated: removing it
Species 95 with 2 members is stagnated: removing it
Species 96 with 2 members is stagnated: removing it
Species 103 with 2 members is stagnated: removing it
Species 105 with 2 members is stagnated: removing it
Species 107 with 2 members is stagnated: removing it
Species 110 with 2 members is stagnated: removing it
Species 111 with 2 members is stagnated: removing it
Species 112 with 2 members is stagnated: removing it
Species 113 with 2 members is stagnated: removing it
Species 114 with 2 members is stagnated: removing it
Species 117 with 2 members is stagnated: removing it
Species 120 with 2 members is stagnated: removing it
Species 122 with 2 members is stagnated: removing it
Species 124 with 2 members is stagnated: removing it
Species 125 with 2 members is stagnated: removing it
Species 126 with 2 members is stagnated: removing it
Species 129 with 2 members is stagnated: removing it
Species 130 with 2 members is stagnated: removing it
Species 131 with 2 members is stagnated: removing it
Species 134 with 2 members is stagnated: removing it
Species 135 with 2 members is stagnated: removing it
Species 141 with 2 members is stagnated: removing it
Species 142 with 2 members is stagnated: removing it
Species 147 with 2 members is stagnated: removing it
Species 133 with 2 members is stagnated: removing it
Average adjusted fitness: 0.377
Mean genetic distance 3.082, standard deviation 0.389
Population of 154 members in 77 species:
   ID   age  size  fitness  adj fit  stag
  ====  ===  ====  =======  =======  ====
     1    6     2     10.0    0.526     3
     4    6     2      9.5    0.383     2
     6    6     2     10.0    0.522     5
     8    6     2      8.3    0.399     1
    11    6     2      2.4    0.003     5
    15    6     2      8.4    0.362     5
    18    6     2      8.8    0.338     1
    21    6     2     10.0    0.263     3
    25    6     2      7.6    0.264     5
    26    6     2     10.0    0.271     5
    27    6     2      2.4    0.003     5
    30    6     2      3.3    0.062     5
    31    6     2      8.7    0.382     2
    32    6     2      6.8    0.151     5
    33    6     2      9.9    0.263     5
    37    6     2     10.0    0.524     3
    40    6     2     16.8    0.762     0
    42    6     2     10.0    0.523     3
    44    6     2     10.3    0.407     3
    47    6     2     10.0    0.520     2
    48    6     2      8.6    0.410     1
    52    6     2      2.5    0.005     0
    53    6     2      9.9    0.523     4
    54    6     2     10.0    0.298     4
    55    6     2     10.0    0.263     5
    57    6     2     11.2    0.556     3
    58    6     2     10.0    0.524     3
    59    6     2      8.4    0.345     2
    60    6     2     10.0    0.325     3
    63    6     2      9.9    0.507     1
    67    6     2     10.0    0.459     5
    68    6     2      8.0    0.344     5
    71    6     2     10.5    0.542     1
    73    6     2      6.7    0.295     5
    76    6     2      7.2    0.321     5
    77    6     2     10.0    0.264     5
    81    6     2      9.8    0.484     1
    82    6     2      4.7    0.082     0
    83    6     2      8.5    0.221     1
    84    6     2      9.9    0.523     5
    85    6     2     11.2    0.576     1
    86    6     2      9.6    0.285     4
    87    6     2     10.0    0.263     5
    88    6     2     10.0    0.500     1
    90    6     2      6.4    0.140     5
    91    6     2      6.6    0.148     5
    92    6     2     10.0    0.518     1
    94    6     2     10.0    0.526     3
    97    6     2     10.0    0.486     5
    98    6     2     10.0    0.424     5
    99    6     2      7.4    0.325     5
   100    6     2     11.4    0.580     0
   102    6     2     10.0    0.299     3
   104    6     2     10.2    0.530     3
   106    6     2     10.0    0.359     5
   108    6     2     10.0    0.263     5
   109    6     2      2.7    0.012     0
   115    6     2      8.1    0.201     4
   116    6     2     11.5    0.577     0
   118    6     2      9.8    0.331     4
   119    6     2      7.6    0.317     5
   121    6     2     10.0    0.521     3
   123    6     2     10.0    0.452     3
   127    6     2     10.0    0.526     3
   128    6     2     10.0    0.518     1
   132    6     2      6.6    0.165     2
   136    6     2      9.5    0.380     0
   137    6     2     10.0    0.523     4
   138    6     2     12.0    0.344     3
   139    6     2     10.0    0.494     5
   140    6     2     10.0    0.523     3
   144    6     2     10.0    0.505     1
   145    6     2     10.0    0.520     1
   148    6     2     10.0    0.263     5
   149    6     2     10.0    0.370     4
   150    6     2     10.0    0.523     4
   151    6     2     10.0    0.523     5
Total extinctions: 0
Generation time: 5.410 sec (5.226 average)
 ****** Running generation 7 ******
Run done
Enum done
Population's average fitness: 7.04374 stdev: 3.11758
Best fitness: 12.00609 - size: (6, 7) - species 100 - id 293
Species 27 with 2 members is stagnated: removing it
Species 11 with 2 members is stagnated: removing it
Species 30 with 2 members is stagnated: removing it
Species 90 with 2 members is stagnated: removing it
Species 91 with 2 members is stagnated: removing it
Species 73 with 2 members is stagnated: removing it
Species 32 with 2 members is stagnated: removing it
Species 25 with 2 members is stagnated: removing it
Species 76 with 2 members is stagnated: removing it
Species 99 with 2 members is stagnated: removing it
Species 119 with 2 members is stagnated: removing it
Species 15 with 2 members is stagnated: removing it
Species 68 with 2 members is stagnated: removing it
Species 84 with 2 members is stagnated: removing it
Species 148 with 2 members is stagnated: removing it
Species 55 with 2 members is stagnated: removing it
Species 87 with 2 members is stagnated: removing it
Species 108 with 2 members is stagnated: removing it
Species 77 with 2 members is stagnated: removing it
Species 26 with 2 members is stagnated: removing it
Species 106 with 2 members is stagnated: removing it
Species 98 with 2 members is stagnated: removing it
Species 67 with 2 members is stagnated: removing it
Species 97 with 2 members is stagnated: removing it
Species 151 with 2 members is stagnated: removing it
Species 139 with 2 members is stagnated: removing it
Species 6 with 2 members is stagnated: removing it
Species 33 with 2 members is stagnated: removing it
Average adjusted fitness: 0.574
Mean genetic distance 3.029, standard deviation 0.428
Population of 140 members in 56 species:
   ID   age  size  fitness  adj fit  stag
  ====  ===  ====  =======  =======  ====
     1    7     3     10.1    0.809     0
     4    7     3      8.2    0.482     3
     8    7     3      6.3    0.401     2
    18    7     2      7.0    0.371     2
    21    7     2     10.0    0.399     4
    31    7     2      8.3    0.518     3
    37    7     3     10.0    0.800     0
    40    7     3     10.9    0.846     1
    42    7     3      9.9    0.798     4
    44    7     3     10.1    0.528     4
    47    7     3     10.0    0.797     3
    48    7     2      6.7    0.451     2
    52    7     2      1.9    0.002     1
    53    7     2      9.9    0.797     5
    54    7     3      9.5    0.413     5
    57    7     3     10.1    0.697     4
    58    7     3     10.0    0.785     4
    59    7     3      7.4    0.446     3
    60    7     3      9.8    0.454     4
    63    7     3      9.9    0.707     2
    71    7     3     10.0    0.656     2
    81    7     3      8.9    0.605     2
    82    7     2      3.5    0.084     1
    83    7     2      6.6    0.242     2
    85    7     3      8.6    0.550     2
    86    7     3      9.2    0.399     5
    88    7     3      9.9    0.681     2
    92    7     2     10.0    0.738     2
    94    7     3     10.1    0.803     4
   100    7     3     12.0    0.958     0
   102    7     3      9.9    0.434     4
   104    7     3     10.1    0.807     4
   109    7     2      2.0    0.011     1
   115    7     2      7.3    0.270     5
   116    7     2     10.0    0.792     1
   118    7     3      9.5    0.457     5
   121    7     3     10.0    0.795     4
   123    7     3     10.0    0.603     4
   127    7     3      9.9    0.790     4
   128    7     3     10.0    0.724     2
   132    7     2      5.4    0.192     3
   136    7     2      6.4    0.348     1
   137    7     3      9.9    0.798     5
   138    7     3      9.4    0.385     4
   140    7     3      9.5    0.741     4
   144    7     3     10.0    0.693     2
   145    7     3      9.8    0.738     2
   149    7     3     10.0    0.536     5
   150    7     3     10.0    0.798     5
   152    0     1       --       --     0
   153    0     1       --       --     0
   154    0     1       --       --     0
   155    0     1       --       --     0
   156    0     1       --       --     0
   157    0     1       --       --     0
   158    0     1       --       --     0
Total extinctions: 0
Generation time: 3.187 sec (4.971 average)
 ****** Running generation 8 ******
Run done
Enum done
Population's average fitness: 7.16839 stdev: 3.54445
Best fitness: 16.42771 - size: (6, 7) - species 54 - id 173
Species 86 with 3 members is stagnated: removing it
Species 118 with 3 members is stagnated: removing it
Species 150 with 3 members is stagnated: removing it
Species 137 with 3 members is stagnated: removing it
Species 53 with 2 members is stagnated: removing it
Average adjusted fitness: 0.383
Mean genetic distance 2.948, standard deviation 0.444
Population of 147 members in 57 species:
   ID   age  size  fitness  adj fit  stag
  ====  ===  ====  =======  =======  ====
     1    8     4      9.8    0.525     1
     4    8     4     15.8    0.558     4
     8    8     2     10.0    0.301     0
    18    8     2      5.4    0.193     3
    21    8     3     10.0    0.284     5
    31    8     1     10.7    0.495     4
    37    8     4     10.0    0.568     1
    40    8     2     10.0    0.346     2
    42    8     4     10.0    0.560     5
    44    8     2      7.6    0.174     5
    47    8     4     10.5    0.488     0
    48    8     2      5.1    0.234     3
    52    8     2      1.4    0.001     2
    54    8     3     16.4    0.534     6
    57    8     2      5.0    0.229     5
    58    8     4     10.0    0.549     5
    59    8     2     12.7    0.335     0
    60    8     2      9.2    0.205     5
    63    8     2     10.0    0.303     3
    71    8     4     10.0    0.461     3
    81    8     2      8.7    0.263     3
    82    8     2      2.6    0.040     2
    83    8     2      3.5    0.070     3
    85    8     2      5.6    0.156     3
    88    8     2      8.1    0.203     3
    92    8     2     10.0    0.477     3
    94    8     4     10.0    0.561     5
   100    8     4      9.4    0.397     1
   102    8     2     10.0    0.379     5
   104    8     4     10.0    0.550     5
   109    8     2      1.6    0.006     2
   115    8     3     16.3    0.603     6
   116    8     3     10.0    0.491     2
   121    8     1      9.9    0.564     5
   123    8     4     10.0    0.450     5
   127    8     4      9.9    0.511     5
   128    8     2      9.7    0.305     3
   132    8     3     13.8    0.422     0
   136    8     2      4.3    0.148     2
   138    8     2      9.6    0.337     5
   140    8     2      4.6    0.127     5
   144    8     4     10.0    0.485     3
   145    8     3     10.0    0.501     3
   149    8     4     10.1    0.440     0
   152    1     3     10.0    0.569     0
   153    1     4      7.9    0.433     0
   154    1     3     10.0    0.569     0
   155    1     1      7.8    0.425     0
   156    1     4     10.0    0.569     0
   157    1     2     10.0    0.569     0
   158    1     3     10.0    0.569     0
   159    0     2       --       --     0
   160    0     1       --       --     0
   161    0     1       --       --     0
   162    0     1       --       --     0
   163    0     1       --       --     0
   164    0     1       --       --     0
Total extinctions: 0
Generation time: 3.479 sec (4.806 average)
 ****** Running generation 9 ******
Run done
Enum done
Population's average fitness: 8.40585 stdev: 3.26211
Best fitness: 20.25583 - size: (6, 8) - species 31 - id 31
Species 140 with 2 members is stagnated: removing it
Species 57 with 2 members is stagnated: removing it
Species 44 with 2 members is stagnated: removing it
Species 60 with 2 members is stagnated: removing it
Species 138 with 2 members is stagnated: removing it
Species 121 with 1 members is stagnated: removing it
Species 42 with 4 members is stagnated: removing it
Species 127 with 4 members is stagnated: removing it
Species 102 with 2 members is stagnated: removing it
Species 58 with 4 members is stagnated: removing it
Species 104 with 4 members is stagnated: removing it
Species 94 with 4 members is stagnated: removing it
Species 54 with 3 members is stagnated: removing it
Average adjusted fitness: 0.358
Mean genetic distance 2.887, standard deviation 0.478
Population of 145 members in 54 species:
   ID   age  size  fitness  adj fit  stag
  ====  ===  ====  =======  =======  ====
     1    9     5      9.8    0.432     2
     4    9     4     16.2    0.461     0
     8    9     3     10.0    0.305     1
    18    9     2      5.8    0.169     4
    21    9     2     10.0    0.300     0
    31    9     5     20.3    1.000     0
    37    9     3     10.0    0.450     2
    40    9     3     10.0    0.338     3
    47    9     3     10.5    0.238     0
    48    9     2      5.6    0.205     4
    52    9     2      1.5    0.001     3
    59    9     3     11.2    0.365     1
    63    9     2     10.0    0.371     4
    71    9     5     10.0    0.450     4
    81    9     2      9.1    0.321     4
    82    9     2      2.7    0.033     3
    83    9     2      3.8    0.061     4
    85    9     2      5.9    0.188     4
    88    9     3      8.6    0.239     4
    92    9     2     10.0    0.390     4
   100    9     3      9.7    0.273     2
   109    9     2      1.7    0.006     3
   115    9     4     17.6    0.500     7
   116    9     4     10.0    0.400     3
   123    9     5     12.0    0.478     0
   128    9     3      9.8    0.372     4
   132    9     2     11.5    0.183     1
   136    9     2      4.5    0.125     3
   144    9     5     10.0    0.450     4
   145    9     4     10.0    0.445     4
   149    9     5     13.7    0.500     0
   152    2     3     10.0    0.450     1
   153    2     1     10.0    0.405     0
   154    2     3     10.0    0.450     1
   155    2     2      8.3    0.360     0
   156    2     5     10.0    0.450     1
   157    2     3     10.0    0.450     1
   158    2     4     10.0    0.450     1
   159    1     2     10.0    0.450     0
   160    1     3     10.0    0.450     0
   161    1     3     10.0    0.450     0
   162    1     3     10.0    0.450     0
   163    1     3     10.0    0.450     0
   164    1     3     10.0    0.450     0
   165    0     2       --       --     0
   166    0     1       --       --     0
   167    0     1       --       --     0
   168    0     1       --       --     0
   169    0     1       --       --     0
   170    0     1       --       --     0
   171    0     1       --       --     0
   172    0     1       --       --     0
   173    0     1       --       --     0
   174    0     1       --       --     0
Total extinctions: 0
Generation time: 4.653 sec (4.790 average)
