2022-05-23 01:34:05,254 INFO    MainThread:21320 [internal.py:wandb_internal():90] W&B internal server running at pid: 21320, started at: 2022-05-23 01:34:05.254497
2022-05-23 01:34:05,257 INFO    WriterThread:21320 [datastore.py:open_for_write():75] open: C:\Projects\Code\Neurals\wandb\run-20220523_013403-3ogpi323\run-3ogpi323.wandb
2022-05-23 01:34:05,264 DEBUG   SenderThread:21320 [sender.py:send():232] send: header
2022-05-23 01:34:05,264 DEBUG   SenderThread:21320 [sender.py:send():232] send: run
2022-05-23 01:34:06,440 INFO    SenderThread:21320 [dir_watcher.py:__init__():197] watching files in: C:\Projects\Code\Neurals\wandb\run-20220523_013403-3ogpi323\files
2022-05-23 01:34:06,441 DEBUG   HandlerThread:21320 [handler.py:handle_request():141] handle_request: check_version
2022-05-23 01:34:06,448 INFO    SenderThread:21320 [sender.py:_start_run_threads():811] run started: 3ogpi323 with start time 1653233643
2022-05-23 01:34:06,448 DEBUG   SenderThread:21320 [sender.py:send():232] send: summary
2022-05-23 01:34:06,449 INFO    SenderThread:21320 [sender.py:_save_file():948] saving file wandb-summary.json with policy end
2022-05-23 01:34:06,449 DEBUG   SenderThread:21320 [sender.py:send_request():246] send_request: check_version
2022-05-23 01:34:06,517 DEBUG   HandlerThread:21320 [handler.py:handle_request():141] handle_request: run_start
2022-05-23 01:34:07,456 INFO    Thread-11 :21320 [dir_watcher.py:_on_file_created():244] file/dir created: C:\Projects\Code\Neurals\wandb\run-20220523_013403-3ogpi323\files\wandb-summary.json
2022-05-23 01:34:08,675 DEBUG   HandlerThread:21320 [meta.py:__init__():35] meta init
2022-05-23 01:34:08,679 DEBUG   HandlerThread:21320 [meta.py:__init__():49] meta init done
2022-05-23 01:34:08,679 DEBUG   HandlerThread:21320 [meta.py:probe():209] probe
2022-05-23 01:34:08,695 DEBUG   HandlerThread:21320 [git.py:repo():29] git repository is invalid
2022-05-23 01:34:08,696 DEBUG   HandlerThread:21320 [meta.py:_save_pip():53] save pip
2022-05-23 01:34:08,697 DEBUG   HandlerThread:21320 [meta.py:_save_pip():67] save pip done
2022-05-23 01:34:08,697 DEBUG   HandlerThread:21320 [meta.py:probe():247] probe done
2022-05-23 01:34:08,700 DEBUG   SenderThread:21320 [sender.py:send():232] send: files
2022-05-23 01:34:08,701 INFO    SenderThread:21320 [sender.py:_save_file():948] saving file wandb-metadata.json with policy now
2022-05-23 01:34:08,709 DEBUG   HandlerThread:21320 [handler.py:handle_request():141] handle_request: stop_status
2022-05-23 01:34:08,709 DEBUG   SenderThread:21320 [sender.py:send_request():246] send_request: stop_status
2022-05-23 01:34:08,979 DEBUG   SenderThread:21320 [sender.py:send():232] send: telemetry
2022-05-23 01:34:09,464 INFO    Thread-11 :21320 [dir_watcher.py:_on_file_created():244] file/dir created: C:\Projects\Code\Neurals\wandb\run-20220523_013403-3ogpi323\files\output.log
2022-05-23 01:34:09,464 INFO    Thread-11 :21320 [dir_watcher.py:_on_file_created():244] file/dir created: C:\Projects\Code\Neurals\wandb\run-20220523_013403-3ogpi323\files\wandb-metadata.json
2022-05-23 01:34:09,464 INFO    Thread-11 :21320 [dir_watcher.py:_on_file_created():244] file/dir created: C:\Projects\Code\Neurals\wandb\run-20220523_013403-3ogpi323\files\requirements.txt
2022-05-23 01:34:09,647 INFO    Thread-15 :21320 [upload_job.py:push():132] Uploaded file C:\Users\MAXIMN~1\AppData\Local\Temp\tmpea6fs4rmwandb\1qxqhrzn-wandb-metadata.json
2022-05-23 01:34:11,471 INFO    Thread-11 :21320 [dir_watcher.py:_on_file_modified():257] file/dir modified: C:\Projects\Code\Neurals\wandb\run-20220523_013403-3ogpi323\files\output.log
2022-05-23 01:34:12,241 DEBUG   SenderThread:21320 [sender.py:send():232] send: telemetry
2022-05-23 01:34:13,241 DEBUG   SenderThread:21320 [sender.py:send():232] send: exit
2022-05-23 01:34:13,241 INFO    SenderThread:21320 [sender.py:send_exit():368] handling exit code: 1
2022-05-23 01:34:13,241 INFO    SenderThread:21320 [sender.py:send_exit():370] handling runtime: 6
2022-05-23 01:34:13,242 DEBUG   HandlerThread:21320 [handler.py:handle_request():141] handle_request: poll_exit
2022-05-23 01:34:13,242 INFO    SenderThread:21320 [sender.py:_save_file():948] saving file wandb-summary.json with policy end
2022-05-23 01:34:13,243 INFO    SenderThread:21320 [sender.py:send_exit():376] send defer
2022-05-23 01:34:13,243 DEBUG   SenderThread:21320 [sender.py:send_request():246] send_request: poll_exit
2022-05-23 01:34:13,244 DEBUG   HandlerThread:21320 [handler.py:handle_request():141] handle_request: defer
2022-05-23 01:34:13,244 INFO    HandlerThread:21320 [handler.py:handle_request_defer():164] handle defer: 0
2022-05-23 01:34:13,244 DEBUG   SenderThread:21320 [sender.py:send_request():246] send_request: defer
2022-05-23 01:34:13,244 INFO    SenderThread:21320 [sender.py:send_request_defer():385] handle sender defer: 0
2022-05-23 01:34:13,244 INFO    SenderThread:21320 [sender.py:transition_state():389] send defer: 1
2022-05-23 01:34:13,245 DEBUG   HandlerThread:21320 [handler.py:handle_request():141] handle_request: defer
2022-05-23 01:34:13,245 INFO    HandlerThread:21320 [handler.py:handle_request_defer():164] handle defer: 1
2022-05-23 01:34:13,283 DEBUG   SenderThread:21320 [sender.py:send_request():246] send_request: defer
2022-05-23 01:34:13,283 INFO    SenderThread:21320 [sender.py:send_request_defer():385] handle sender defer: 1
2022-05-23 01:34:13,283 INFO    SenderThread:21320 [sender.py:transition_state():389] send defer: 2
2022-05-23 01:34:13,283 DEBUG   HandlerThread:21320 [handler.py:handle_request():141] handle_request: defer
2022-05-23 01:34:13,283 INFO    HandlerThread:21320 [handler.py:handle_request_defer():164] handle defer: 2
2022-05-23 01:34:13,284 DEBUG   SenderThread:21320 [sender.py:send():232] send: stats
2022-05-23 01:34:13,284 DEBUG   SenderThread:21320 [sender.py:send_request():246] send_request: defer
2022-05-23 01:34:13,284 INFO    SenderThread:21320 [sender.py:send_request_defer():385] handle sender defer: 2
2022-05-23 01:34:13,284 INFO    SenderThread:21320 [sender.py:transition_state():389] send defer: 3
2022-05-23 01:34:13,284 DEBUG   HandlerThread:21320 [handler.py:handle_request():141] handle_request: defer
2022-05-23 01:34:13,284 INFO    HandlerThread:21320 [handler.py:handle_request_defer():164] handle defer: 3
2022-05-23 01:34:13,285 DEBUG   SenderThread:21320 [sender.py:send_request():246] send_request: defer
2022-05-23 01:34:13,285 INFO    SenderThread:21320 [sender.py:send_request_defer():385] handle sender defer: 3
2022-05-23 01:34:13,285 INFO    SenderThread:21320 [sender.py:transition_state():389] send defer: 4
2022-05-23 01:34:13,285 DEBUG   HandlerThread:21320 [handler.py:handle_request():141] handle_request: defer
2022-05-23 01:34:13,285 INFO    HandlerThread:21320 [handler.py:handle_request_defer():164] handle defer: 4
2022-05-23 01:34:13,285 DEBUG   SenderThread:21320 [sender.py:send():232] send: summary
2022-05-23 01:34:13,286 INFO    SenderThread:21320 [sender.py:_save_file():948] saving file wandb-summary.json with policy end
2022-05-23 01:34:13,286 DEBUG   SenderThread:21320 [sender.py:send_request():246] send_request: defer
2022-05-23 01:34:13,286 INFO    SenderThread:21320 [sender.py:send_request_defer():385] handle sender defer: 4
2022-05-23 01:34:13,286 INFO    SenderThread:21320 [sender.py:transition_state():389] send defer: 5
2022-05-23 01:34:13,287 DEBUG   HandlerThread:21320 [handler.py:handle_request():141] handle_request: defer
2022-05-23 01:34:13,287 INFO    HandlerThread:21320 [handler.py:handle_request_defer():164] handle defer: 5
2022-05-23 01:34:13,287 DEBUG   SenderThread:21320 [sender.py:send_request():246] send_request: defer
2022-05-23 01:34:13,287 INFO    SenderThread:21320 [sender.py:send_request_defer():385] handle sender defer: 5
2022-05-23 01:34:13,345 DEBUG   HandlerThread:21320 [handler.py:handle_request():141] handle_request: poll_exit
2022-05-23 01:34:13,490 INFO    Thread-11 :21320 [dir_watcher.py:_on_file_modified():257] file/dir modified: C:\Projects\Code\Neurals\wandb\run-20220523_013403-3ogpi323\files\output.log
2022-05-23 01:34:13,491 INFO    Thread-11 :21320 [dir_watcher.py:_on_file_modified():257] file/dir modified: C:\Projects\Code\Neurals\wandb\run-20220523_013403-3ogpi323\files\wandb-summary.json
2022-05-23 01:34:13,694 INFO    SenderThread:21320 [sender.py:transition_state():389] send defer: 6
2022-05-23 01:34:13,695 DEBUG   SenderThread:21320 [sender.py:send_request():246] send_request: poll_exit
2022-05-23 01:34:13,695 DEBUG   HandlerThread:21320 [handler.py:handle_request():141] handle_request: defer
2022-05-23 01:34:13,695 INFO    HandlerThread:21320 [handler.py:handle_request_defer():164] handle defer: 6
2022-05-23 01:34:13,696 DEBUG   SenderThread:21320 [sender.py:send_request():246] send_request: defer
2022-05-23 01:34:13,696 INFO    SenderThread:21320 [sender.py:send_request_defer():385] handle sender defer: 6
2022-05-23 01:34:13,696 INFO    SenderThread:21320 [dir_watcher.py:finish():312] shutting down directory watcher
2022-05-23 01:34:13,797 DEBUG   HandlerThread:21320 [handler.py:handle_request():141] handle_request: poll_exit
2022-05-23 01:34:14,495 INFO    SenderThread:21320 [dir_watcher.py:_on_file_modified():257] file/dir modified: C:\Projects\Code\Neurals\wandb\run-20220523_013403-3ogpi323\files\config.yaml
2022-05-23 01:34:14,496 INFO    SenderThread:21320 [dir_watcher.py:finish():342] scan: C:\Projects\Code\Neurals\wandb\run-20220523_013403-3ogpi323\files
2022-05-23 01:34:14,496 INFO    SenderThread:21320 [dir_watcher.py:finish():356] scan save: C:\Projects\Code\Neurals\wandb\run-20220523_013403-3ogpi323\files\config.yaml config.yaml
2022-05-23 01:34:14,496 INFO    SenderThread:21320 [dir_watcher.py:finish():356] scan save: C:\Projects\Code\Neurals\wandb\run-20220523_013403-3ogpi323\files\output.log output.log
2022-05-23 01:34:14,497 INFO    SenderThread:21320 [dir_watcher.py:finish():356] scan save: C:\Projects\Code\Neurals\wandb\run-20220523_013403-3ogpi323\files\requirements.txt requirements.txt
2022-05-23 01:34:14,499 INFO    SenderThread:21320 [dir_watcher.py:finish():356] scan save: C:\Projects\Code\Neurals\wandb\run-20220523_013403-3ogpi323\files\wandb-metadata.json wandb-metadata.json
2022-05-23 01:34:14,499 INFO    SenderThread:21320 [dir_watcher.py:finish():356] scan save: C:\Projects\Code\Neurals\wandb\run-20220523_013403-3ogpi323\files\wandb-summary.json wandb-summary.json
2022-05-23 01:34:14,502 INFO    SenderThread:21320 [sender.py:transition_state():389] send defer: 7
2022-05-23 01:34:14,503 DEBUG   SenderThread:21320 [sender.py:send_request():246] send_request: poll_exit
2022-05-23 01:34:14,506 DEBUG   HandlerThread:21320 [handler.py:handle_request():141] handle_request: defer
2022-05-23 01:34:14,507 INFO    HandlerThread:21320 [handler.py:handle_request_defer():164] handle defer: 7
2022-05-23 01:34:14,511 DEBUG   SenderThread:21320 [sender.py:send_request():246] send_request: defer
2022-05-23 01:34:14,511 INFO    SenderThread:21320 [sender.py:send_request_defer():385] handle sender defer: 7
2022-05-23 01:34:14,512 INFO    SenderThread:21320 [file_pusher.py:finish():145] shutting down file pusher
2022-05-23 01:34:14,605 DEBUG   HandlerThread:21320 [handler.py:handle_request():141] handle_request: poll_exit
2022-05-23 01:34:14,605 DEBUG   SenderThread:21320 [sender.py:send_request():246] send_request: poll_exit
2022-05-23 01:34:14,706 DEBUG   HandlerThread:21320 [handler.py:handle_request():141] handle_request: poll_exit
2022-05-23 01:34:14,706 DEBUG   SenderThread:21320 [sender.py:send_request():246] send_request: poll_exit
2022-05-23 01:34:14,808 DEBUG   HandlerThread:21320 [handler.py:handle_request():141] handle_request: poll_exit
2022-05-23 01:34:14,808 DEBUG   SenderThread:21320 [sender.py:send_request():246] send_request: poll_exit
2022-05-23 01:34:14,910 DEBUG   HandlerThread:21320 [handler.py:handle_request():141] handle_request: poll_exit
2022-05-23 01:34:14,910 DEBUG   SenderThread:21320 [sender.py:send_request():246] send_request: poll_exit
2022-05-23 01:34:15,012 DEBUG   HandlerThread:21320 [handler.py:handle_request():141] handle_request: poll_exit
2022-05-23 01:34:15,012 DEBUG   SenderThread:21320 [sender.py:send_request():246] send_request: poll_exit
2022-05-23 01:34:15,113 DEBUG   HandlerThread:21320 [handler.py:handle_request():141] handle_request: poll_exit
2022-05-23 01:34:15,113 DEBUG   SenderThread:21320 [sender.py:send_request():246] send_request: poll_exit
2022-05-23 01:34:15,215 DEBUG   HandlerThread:21320 [handler.py:handle_request():141] handle_request: poll_exit
2022-05-23 01:34:15,216 DEBUG   SenderThread:21320 [sender.py:send_request():246] send_request: poll_exit
2022-05-23 01:34:15,281 INFO    Thread-17 :21320 [upload_job.py:push():132] Uploaded file C:\Projects\Code\Neurals\wandb\run-20220523_013403-3ogpi323\files\output.log
2022-05-23 01:34:15,288 INFO    Thread-19 :21320 [upload_job.py:push():132] Uploaded file C:\Projects\Code\Neurals\wandb\run-20220523_013403-3ogpi323\files\wandb-summary.json
2022-05-23 01:34:15,318 DEBUG   HandlerThread:21320 [handler.py:handle_request():141] handle_request: poll_exit
2022-05-23 01:34:15,318 DEBUG   SenderThread:21320 [sender.py:send_request():246] send_request: poll_exit
2022-05-23 01:34:15,328 INFO    Thread-16 :21320 [upload_job.py:push():132] Uploaded file C:\Projects\Code\Neurals\wandb\run-20220523_013403-3ogpi323\files\config.yaml
2022-05-23 01:34:15,350 INFO    Thread-18 :21320 [upload_job.py:push():132] Uploaded file C:\Projects\Code\Neurals\wandb\run-20220523_013403-3ogpi323\files\requirements.txt
2022-05-23 01:34:15,420 DEBUG   HandlerThread:21320 [handler.py:handle_request():141] handle_request: poll_exit
2022-05-23 01:34:15,420 DEBUG   SenderThread:21320 [sender.py:send_request():246] send_request: poll_exit
2022-05-23 01:34:15,524 DEBUG   HandlerThread:21320 [handler.py:handle_request():141] handle_request: poll_exit
2022-05-23 01:34:15,524 DEBUG   SenderThread:21320 [sender.py:send_request():246] send_request: poll_exit
2022-05-23 01:34:15,559 INFO    Thread-10 :21320 [sender.py:transition_state():389] send defer: 8
2022-05-23 01:34:15,559 DEBUG   HandlerThread:21320 [handler.py:handle_request():141] handle_request: defer
2022-05-23 01:34:15,559 INFO    HandlerThread:21320 [handler.py:handle_request_defer():164] handle defer: 8
2022-05-23 01:34:15,559 DEBUG   SenderThread:21320 [sender.py:send_request():246] send_request: defer
2022-05-23 01:34:15,560 INFO    SenderThread:21320 [sender.py:send_request_defer():385] handle sender defer: 8
2022-05-23 01:34:15,625 DEBUG   HandlerThread:21320 [handler.py:handle_request():141] handle_request: poll_exit
2022-05-23 01:34:15,961 INFO    SenderThread:21320 [sender.py:transition_state():389] send defer: 9
2022-05-23 01:34:15,961 DEBUG   SenderThread:21320 [sender.py:send_request():246] send_request: poll_exit
2022-05-23 01:34:15,962 DEBUG   HandlerThread:21320 [handler.py:handle_request():141] handle_request: defer
2022-05-23 01:34:15,962 INFO    HandlerThread:21320 [handler.py:handle_request_defer():164] handle defer: 9
2022-05-23 01:34:15,962 DEBUG   SenderThread:21320 [sender.py:send_request():246] send_request: defer
2022-05-23 01:34:15,962 INFO    SenderThread:21320 [sender.py:send_request_defer():385] handle sender defer: 9
2022-05-23 01:34:15,963 INFO    SenderThread:21320 [sender.py:transition_state():389] send defer: 10
2022-05-23 01:34:15,964 DEBUG   SenderThread:21320 [sender.py:send():232] send: final
2022-05-23 01:34:15,964 DEBUG   SenderThread:21320 [sender.py:send():232] send: footer
2022-05-23 01:34:15,964 DEBUG   HandlerThread:21320 [handler.py:handle_request():141] handle_request: defer
2022-05-23 01:34:15,964 INFO    HandlerThread:21320 [handler.py:handle_request_defer():164] handle defer: 10
2022-05-23 01:34:15,964 DEBUG   SenderThread:21320 [sender.py:send_request():246] send_request: defer
2022-05-23 01:34:15,964 INFO    SenderThread:21320 [sender.py:send_request_defer():385] handle sender defer: 10
2022-05-23 01:34:16,063 DEBUG   HandlerThread:21320 [handler.py:handle_request():141] handle_request: poll_exit
2022-05-23 01:34:16,063 DEBUG   SenderThread:21320 [sender.py:send_request():246] send_request: poll_exit
2022-05-23 01:34:16,063 INFO    SenderThread:21320 [file_pusher.py:join():150] waiting for file pusher
2022-05-23 01:34:16,729 DEBUG   HandlerThread:21320 [handler.py:handle_request():141] handle_request: sampled_history
2022-05-23 01:34:16,730 DEBUG   HandlerThread:21320 [handler.py:handle_request():141] handle_request: get_summary
2022-05-23 01:34:16,731 DEBUG   HandlerThread:21320 [handler.py:handle_request():141] handle_request: shutdown
2022-05-23 01:34:16,731 INFO    HandlerThread:21320 [handler.py:finish():806] shutting down handler
2022-05-23 01:34:16,966 INFO    WriterThread:21320 [datastore.py:close():279] close: C:\Projects\Code\Neurals\wandb\run-20220523_013403-3ogpi323\run-3ogpi323.wandb
2022-05-23 01:34:17,630 INFO    SenderThread:21320 [sender.py:finish():1110] shutting down sender
2022-05-23 01:34:17,630 INFO    SenderThread:21320 [file_pusher.py:finish():145] shutting down file pusher
2022-05-23 01:34:17,630 INFO    SenderThread:21320 [file_pusher.py:join():150] waiting for file pusher
2022-05-23 01:34:17,633 INFO    MainThread:21320 [internal.py:handle_exit():80] Internal process exited
