2022-05-24 10:33:04,477 INFO    MainThread:14628 [internal.py:wandb_internal():90] W&B internal server running at pid: 14628, started at: 2022-05-24 10:33:04.477746
2022-05-24 10:33:04,477 INFO    WriterThread:14628 [datastore.py:open_for_write():75] open: C:\Projects\Code\Neurals\wandb\run-20220524_103302-jr1qldqm\run-jr1qldqm.wandb
2022-05-24 10:33:04,484 DEBUG   SenderThread:14628 [sender.py:send():232] send: header
2022-05-24 10:33:04,484 DEBUG   SenderThread:14628 [sender.py:send():232] send: run
2022-05-24 10:33:04,835 DEBUG   HandlerThread:14628 [handler.py:handle_request():141] handle_request: check_version
2022-05-24 10:33:04,841 INFO    SenderThread:14628 [dir_watcher.py:__init__():197] watching files in: C:\Projects\Code\Neurals\wandb\run-20220524_103302-jr1qldqm\files
2022-05-24 10:33:04,841 INFO    SenderThread:14628 [sender.py:_start_run_threads():811] run started: jr1qldqm with start time 1653352382
2022-05-24 10:33:04,841 DEBUG   SenderThread:14628 [sender.py:send():232] send: summary
2022-05-24 10:33:04,841 INFO    SenderThread:14628 [sender.py:_save_file():948] saving file wandb-summary.json with policy end
2022-05-24 10:33:04,841 DEBUG   SenderThread:14628 [sender.py:send_request():246] send_request: check_version
2022-05-24 10:33:04,907 DEBUG   HandlerThread:14628 [handler.py:handle_request():141] handle_request: run_start
2022-05-24 10:33:05,852 INFO    Thread-11 :14628 [dir_watcher.py:_on_file_created():244] file/dir created: C:\Projects\Code\Neurals\wandb\run-20220524_103302-jr1qldqm\files\wandb-summary.json
2022-05-24 10:33:06,664 DEBUG   HandlerThread:14628 [meta.py:__init__():35] meta init
2022-05-24 10:33:06,664 DEBUG   HandlerThread:14628 [meta.py:__init__():49] meta init done
2022-05-24 10:33:06,664 DEBUG   HandlerThread:14628 [meta.py:probe():209] probe
2022-05-24 10:33:06,690 DEBUG   HandlerThread:14628 [git.py:repo():29] git repository is invalid
2022-05-24 10:33:06,691 DEBUG   HandlerThread:14628 [meta.py:_save_pip():53] save pip
2022-05-24 10:33:06,696 DEBUG   HandlerThread:14628 [meta.py:_save_pip():67] save pip done
2022-05-24 10:33:06,696 DEBUG   HandlerThread:14628 [meta.py:probe():247] probe done
2022-05-24 10:33:06,698 DEBUG   SenderThread:14628 [sender.py:send():232] send: files
2022-05-24 10:33:06,698 INFO    SenderThread:14628 [sender.py:_save_file():948] saving file wandb-metadata.json with policy now
2022-05-24 10:33:06,706 DEBUG   HandlerThread:14628 [handler.py:handle_request():141] handle_request: stop_status
2022-05-24 10:33:06,706 DEBUG   SenderThread:14628 [sender.py:send_request():246] send_request: stop_status
2022-05-24 10:33:06,868 INFO    Thread-11 :14628 [dir_watcher.py:_on_file_created():244] file/dir created: C:\Projects\Code\Neurals\wandb\run-20220524_103302-jr1qldqm\files\wandb-metadata.json
2022-05-24 10:33:06,868 INFO    Thread-11 :14628 [dir_watcher.py:_on_file_created():244] file/dir created: C:\Projects\Code\Neurals\wandb\run-20220524_103302-jr1qldqm\files\requirements.txt
2022-05-24 10:33:06,869 INFO    Thread-11 :14628 [dir_watcher.py:_on_file_created():244] file/dir created: C:\Projects\Code\Neurals\wandb\run-20220524_103302-jr1qldqm\files\output.log
2022-05-24 10:33:06,999 DEBUG   SenderThread:14628 [sender.py:send():232] send: telemetry
2022-05-24 10:33:07,525 INFO    Thread-15 :14628 [upload_job.py:push():132] Uploaded file C:\Users\MAXIMN~1\AppData\Local\Temp\tmp611a5r3awandb\aqqum427-wandb-metadata.json
2022-05-24 10:33:08,889 INFO    Thread-11 :14628 [dir_watcher.py:_on_file_modified():257] file/dir modified: C:\Projects\Code\Neurals\wandb\run-20220524_103302-jr1qldqm\files\output.log
2022-05-24 10:33:10,137 DEBUG   HandlerThread:14628 [handler.py:handle_request():141] handle_request: partial_history
2022-05-24 10:33:10,138 DEBUG   SenderThread:14628 [sender.py:send():232] send: history
2022-05-24 10:33:10,138 DEBUG   SenderThread:14628 [sender.py:send():232] send: summary
2022-05-24 10:33:10,141 INFO    SenderThread:14628 [sender.py:_save_file():948] saving file wandb-summary.json with policy end
2022-05-24 10:33:10,900 INFO    Thread-11 :14628 [dir_watcher.py:_on_file_modified():257] file/dir modified: C:\Projects\Code\Neurals\wandb\run-20220524_103302-jr1qldqm\files\wandb-summary.json
2022-05-24 10:33:10,901 INFO    Thread-11 :14628 [dir_watcher.py:_on_file_modified():257] file/dir modified: C:\Projects\Code\Neurals\wandb\run-20220524_103302-jr1qldqm\files\output.log
2022-05-24 10:33:12,911 INFO    Thread-11 :14628 [dir_watcher.py:_on_file_modified():257] file/dir modified: C:\Projects\Code\Neurals\wandb\run-20220524_103302-jr1qldqm\files\output.log
2022-05-24 10:33:16,079 DEBUG   HandlerThread:14628 [handler.py:handle_request():141] handle_request: partial_history
2022-05-24 10:33:16,079 DEBUG   SenderThread:14628 [sender.py:send():232] send: history
2022-05-24 10:33:16,080 DEBUG   SenderThread:14628 [sender.py:send():232] send: summary
2022-05-24 10:33:16,081 INFO    SenderThread:14628 [sender.py:_save_file():948] saving file wandb-summary.json with policy end
2022-05-24 10:33:16,928 INFO    Thread-11 :14628 [dir_watcher.py:_on_file_modified():257] file/dir modified: C:\Projects\Code\Neurals\wandb\run-20220524_103302-jr1qldqm\files\wandb-summary.json
2022-05-24 10:33:16,928 INFO    Thread-11 :14628 [dir_watcher.py:_on_file_modified():257] file/dir modified: C:\Projects\Code\Neurals\wandb\run-20220524_103302-jr1qldqm\files\output.log
2022-05-24 10:33:18,934 INFO    Thread-11 :14628 [dir_watcher.py:_on_file_modified():257] file/dir modified: C:\Projects\Code\Neurals\wandb\run-20220524_103302-jr1qldqm\files\output.log
2022-05-24 10:33:21,979 DEBUG   HandlerThread:14628 [handler.py:handle_request():141] handle_request: partial_history
2022-05-24 10:33:21,979 DEBUG   SenderThread:14628 [sender.py:send():232] send: history
2022-05-24 10:33:21,979 DEBUG   SenderThread:14628 [sender.py:send():232] send: summary
2022-05-24 10:33:21,980 INFO    SenderThread:14628 [sender.py:_save_file():948] saving file wandb-summary.json with policy end
2022-05-24 10:33:22,009 DEBUG   HandlerThread:14628 [handler.py:handle_request():141] handle_request: stop_status
2022-05-24 10:33:22,009 DEBUG   SenderThread:14628 [sender.py:send_request():246] send_request: stop_status
2022-05-24 10:33:22,946 INFO    Thread-11 :14628 [dir_watcher.py:_on_file_modified():257] file/dir modified: C:\Projects\Code\Neurals\wandb\run-20220524_103302-jr1qldqm\files\wandb-summary.json
2022-05-24 10:33:22,947 INFO    Thread-11 :14628 [dir_watcher.py:_on_file_modified():257] file/dir modified: C:\Projects\Code\Neurals\wandb\run-20220524_103302-jr1qldqm\files\output.log
2022-05-24 10:33:27,759 DEBUG   HandlerThread:14628 [handler.py:handle_request():141] handle_request: partial_history
2022-05-24 10:33:27,760 DEBUG   SenderThread:14628 [sender.py:send():232] send: history
2022-05-24 10:33:27,760 DEBUG   SenderThread:14628 [sender.py:send():232] send: summary
2022-05-24 10:33:27,762 INFO    SenderThread:14628 [sender.py:_save_file():948] saving file wandb-summary.json with policy end
2022-05-24 10:33:27,974 INFO    Thread-11 :14628 [dir_watcher.py:_on_file_modified():257] file/dir modified: C:\Projects\Code\Neurals\wandb\run-20220524_103302-jr1qldqm\files\wandb-summary.json
2022-05-24 10:33:28,983 INFO    Thread-11 :14628 [dir_watcher.py:_on_file_modified():257] file/dir modified: C:\Projects\Code\Neurals\wandb\run-20220524_103302-jr1qldqm\files\output.log
