2022-05-24 10:40:27,837 INFO    MainThread:8492 [wandb_setup.py:_flush():76] Loading settings from C:\Users\Maxim N\.config\wandb\settings
2022-05-24 10:40:27,837 INFO    MainThread:8492 [wandb_setup.py:_flush():76] Loading settings from C:\Projects\Code\Neurals\wandb\settings
2022-05-24 10:40:27,838 INFO    MainThread:8492 [wandb_setup.py:_flush():76] Loading settings from environment variables: {}
2022-05-24 10:40:27,838 INFO    MainThread:8492 [wandb_setup.py:_flush():76] Inferring run settings from compute environment: {'program_relpath': 'testing.py', 'program': 'C:\\Projects\\Code\\Neurals\\testing.py'}
2022-05-24 10:40:27,838 INFO    MainThread:8492 [wandb_init.py:_log_setup():428] Logging user logs to C:\Projects\Code\Neurals\wandb\run-20220524_104027-2cea0vxi\logs\debug.log
2022-05-24 10:40:27,838 INFO    MainThread:8492 [wandb_init.py:_log_setup():429] Logging internal logs to C:\Projects\Code\Neurals\wandb\run-20220524_104027-2cea0vxi\logs\debug-internal.log
2022-05-24 10:40:27,838 INFO    MainThread:8492 [wandb_init.py:init():462] calling init triggers
2022-05-24 10:40:27,838 INFO    MainThread:8492 [wandb_init.py:init():465] wandb.init called with sweep_config: {}
config: {}
2022-05-24 10:40:27,839 INFO    MainThread:8492 [wandb_init.py:init():515] starting backend
2022-05-24 10:40:27,839 INFO    MainThread:8492 [backend.py:_multiprocessing_setup():97] multiprocessing start_methods=spawn, using: spawn
2022-05-24 10:40:27,844 INFO    MainThread:8492 [backend.py:ensure_launched():217] starting backend process...
2022-05-24 10:40:28,013 INFO    MainThread:8492 [backend.py:ensure_launched():222] started backend process with pid: 7368
2022-05-24 10:40:28,014 INFO    MainThread:8492 [wandb_init.py:init():525] backend started and connected
2022-05-24 10:40:28,019 INFO    MainThread:8492 [wandb_init.py:init():596] updated telemetry
2022-05-24 10:40:28,026 INFO    MainThread:8492 [wandb_init.py:init():627] communicating run to backend with 30 second timeout
2022-05-24 10:40:30,173 INFO    MainThread:8492 [wandb_run.py:_on_init():1924] communicating current version
2022-05-24 10:40:30,247 INFO    MainThread:8492 [wandb_run.py:_on_init():1928] got version response 
2022-05-24 10:40:30,255 INFO    MainThread:8492 [wandb_init.py:init():662] starting run threads in backend
2022-05-24 10:40:32,159 INFO    MainThread:8492 [wandb_run.py:_console_start():1898] atexit reg
2022-05-24 10:40:32,159 INFO    MainThread:8492 [wandb_run.py:_redirect():1771] redirect: SettingsConsole.WRAP
2022-05-24 10:40:32,159 INFO    MainThread:8492 [wandb_run.py:_redirect():1808] Wrapping output streams.
2022-05-24 10:40:32,167 INFO    MainThread:8492 [wandb_run.py:_redirect():1832] Redirects installed.
2022-05-24 10:40:32,167 INFO    MainThread:8492 [wandb_init.py:init():688] run started, returning control to user process
2022-05-24 10:52:47,169 INFO    MainThread:8492 [wandb_run.py:_atexit_cleanup():1867] got exitcode: 0
2022-05-24 10:52:47,170 INFO    MainThread:8492 [wandb_run.py:_restore():1839] restore
2022-05-24 10:52:47,647 INFO    MainThread:8492 [wandb_run.py:_on_finish():1996] got exit ret: file_counts {
  wandb_count: 1
}
pusher_stats {
  uploaded_bytes: 565
  total_bytes: 565
}

2022-05-24 10:52:48,023 INFO    MainThread:8492 [wandb_run.py:_on_finish():1996] got exit ret: file_counts {
  wandb_count: 1
}
pusher_stats {
  uploaded_bytes: 565
  total_bytes: 565
}

2022-05-24 10:52:48,530 INFO    MainThread:8492 [wandb_run.py:_on_finish():1996] got exit ret: file_counts {
  wandb_count: 4
}
pusher_stats {
  uploaded_bytes: 565
  total_bytes: 591136
}

2022-05-24 10:52:48,632 INFO    MainThread:8492 [wandb_run.py:_on_finish():1996] got exit ret: file_counts {
  wandb_count: 5
}
pusher_stats {
  uploaded_bytes: 565
  total_bytes: 591326
}

2022-05-24 10:52:48,734 INFO    MainThread:8492 [wandb_run.py:_on_finish():1996] got exit ret: file_counts {
  wandb_count: 5
}
pusher_stats {
  uploaded_bytes: 565
  total_bytes: 591326
}

2022-05-24 10:52:48,836 INFO    MainThread:8492 [wandb_run.py:_on_finish():1996] got exit ret: file_counts {
  wandb_count: 5
}
pusher_stats {
  uploaded_bytes: 565
  total_bytes: 591326
}

2022-05-24 10:52:48,938 INFO    MainThread:8492 [wandb_run.py:_on_finish():1996] got exit ret: file_counts {
  wandb_count: 5
}
pusher_stats {
  uploaded_bytes: 565
  total_bytes: 591326
}

2022-05-24 10:52:49,039 INFO    MainThread:8492 [wandb_run.py:_on_finish():1996] got exit ret: file_counts {
  wandb_count: 5
}
pusher_stats {
  uploaded_bytes: 97155
  total_bytes: 591326
}

2022-05-24 10:52:49,141 INFO    MainThread:8492 [wandb_run.py:_on_finish():1996] got exit ret: file_counts {
  wandb_count: 5
}
pusher_stats {
  uploaded_bytes: 490371
  total_bytes: 591326
}

2022-05-24 10:52:49,243 INFO    MainThread:8492 [wandb_run.py:_on_finish():1996] got exit ret: file_counts {
  wandb_count: 5
}
pusher_stats {
  uploaded_bytes: 591326
  total_bytes: 591326
}

2022-05-24 10:52:49,346 INFO    MainThread:8492 [wandb_run.py:_on_finish():1996] got exit ret: file_counts {
  wandb_count: 5
}
pusher_stats {
  uploaded_bytes: 591326
  total_bytes: 591326
}

2022-05-24 10:52:49,447 INFO    MainThread:8492 [wandb_run.py:_on_finish():1996] got exit ret: file_counts {
  wandb_count: 5
}
pusher_stats {
  uploaded_bytes: 591326
  total_bytes: 591326
}

2022-05-24 10:52:49,548 INFO    MainThread:8492 [wandb_run.py:_on_finish():1996] got exit ret: file_counts {
  wandb_count: 5
}
pusher_stats {
  uploaded_bytes: 591326
  total_bytes: 591326
}

2022-05-24 10:52:49,650 INFO    MainThread:8492 [wandb_run.py:_on_finish():1996] got exit ret: file_counts {
  wandb_count: 5
}
pusher_stats {
  uploaded_bytes: 591326
  total_bytes: 591326
}

2022-05-24 10:52:49,752 INFO    MainThread:8492 [wandb_run.py:_on_finish():1996] got exit ret: file_counts {
  wandb_count: 5
}
pusher_stats {
  uploaded_bytes: 591326
  total_bytes: 591326
}

2022-05-24 10:52:49,854 INFO    MainThread:8492 [wandb_run.py:_on_finish():1996] got exit ret: file_counts {
  wandb_count: 5
}
pusher_stats {
  uploaded_bytes: 591326
  total_bytes: 591326
}

2022-05-24 10:52:50,581 INFO    MainThread:8492 [wandb_run.py:_on_finish():1996] got exit ret: file_counts {
  wandb_count: 5
}
pusher_stats {
  uploaded_bytes: 591326
  total_bytes: 591326
}

2022-05-24 10:52:51,294 INFO    MainThread:8492 [wandb_run.py:_on_finish():1996] got exit ret: done: true
exit_result {
}
file_counts {
  wandb_count: 5
}
pusher_stats {
  uploaded_bytes: 591326
  total_bytes: 591326
}
local_info {
}

2022-05-24 10:52:52,660 INFO    MainThread:8492 [wandb_run.py:_footer_history_summary_info():3104] rendering history
2022-05-24 10:52:52,660 INFO    MainThread:8492 [wandb_run.py:_footer_history_summary_info():3136] rendering summary
2022-05-24 10:52:52,664 INFO    MainThread:8492 [wandb_run.py:_footer_sync_info():3060] logging synced files
