 ****** Running generation 0 ******
Ntime = 0
Utime = 0
Runlength = 0
Warning: initial_connection = full with hidden nodes will not do direct input-output connections;
	if this is desired, set initial_connection = full_nodirect;
	if not, set initial_connection = full_direct
Warning: initial_connection = full with hidden nodes will not do direct input-output connections;
	if this is desired, set initial_connection = full_nodirect;
	if not, set initial_connection = full_direct
Warning: initial_connection = full with hidden nodes will not do direct input-output connections;
	if this is desired, set initial_connection = full_nodirect;
	if not, set initial_connection = full_direct
Warning: initial_connection = full with hidden nodes will not do direct input-output connections;
	if this is desired, set initial_connection = full_nodirect;
	if not, set initial_connection = full_direct
Warning: initial_connection = full with hidden nodes will not do direct input-output connections;
	if this is desired, set initial_connection = full_nodirect;
	if not, set initial_connection = full_direct
Warning: initial_connection = full with hidden nodes will not do direct input-output connections;
	if this is desired, set initial_connection = full_nodirect;
	if not, set initial_connection = full_direct
Warning: initial_connection = full with hidden nodes will not do direct input-output connections;
	if this is desired, set initial_connection = full_nodirect;
	if not, set initial_connection = full_direct
Warning: initial_connection = full with hidden nodes will not do direct input-output connections;
	if this is desired, set initial_connection = full_nodirect;
	if not, set initial_connection = full_direct
Warning: initial_connection = full with hidden nodes will not do direct input-output connections;
	if this is desired, set initial_connection = full_nodirect;
	if not, set initial_connection = full_direct
Warning: initial_connection = full with hidden nodes will not do direct input-output connections;
	if this is desired, set initial_connection = full_nodirect;
	if not, set initial_connection = full_direct
Warning: initial_connection = full with hidden nodes will not do direct input-output connections;
	if this is desired, set initial_connection = full_nodirect;
	if not, set initial_connection = full_direct
Warning: initial_connection = full with hidden nodes will not do direct input-output connections;
	if this is desired, set initial_connection = full_nodirect;
	if not, set initial_connection = full_direct
Warning: initial_connection = full with hidden nodes will not do direct input-output connections;
	if this is desired, set initial_connection = full_nodirect;
	if not, set initial_connection = full_direct
Warning: initial_connection = full with hidden nodes will not do direct input-output connections;
	if this is desired, set initial_connection = full_nodirect;
	if not, set initial_connection = full_direct
Warning: initial_connection = full with hidden nodes will not do direct input-output connections;
	if this is desired, set initial_connection = full_nodirect;
	if not, set initial_connection = full_direct
Warning: initial_connection = full with hidden nodes will not do direct input-output connections;
	if this is desired, set initial_connection = full_nodirect;
	if not, set initial_connection = full_direct
Warning: initial_connection = full with hidden nodes will not do direct input-output connections;
	if this is desired, set initial_connection = full_nodirect;
	if not, set initial_connection = full_direct
Warning: initial_connection = full with hidden nodes will not do direct input-output connections;
	if this is desired, set initial_connection = full_nodirect;
	if not, set initial_connection = full_direct
Warning: initial_connection = full with hidden nodes will not do direct input-output connections;
	if this is desired, set initial_connection = full_nodirect;
	if not, set initial_connection = full_direct
Warning: initial_connection = full with hidden nodes will not do direct input-output connections;
	if this is desired, set initial_connection = full_nodirect;
	if not, set initial_connection = full_direct
Warning: initial_connection = full with hidden nodes will not do direct input-output connections;
	if this is desired, set initial_connection = full_nodirect;
	if not, set initial_connection = full_direct
Warning: initial_connection = full with hidden nodes will not do direct input-output connections;
	if this is desired, set initial_connection = full_nodirect;
	if not, set initial_connection = full_direct
Warning: initial_connection = full with hidden nodes will not do direct input-output connections;
	if this is desired, set initial_connection = full_nodirect;
	if not, set initial_connection = full_direct
Warning: initial_connection = full with hidden nodes will not do direct input-output connections;
	if this is desired, set initial_connection = full_nodirect;
	if not, set initial_connection = full_direct
Warning: initial_connection = full with hidden nodes will not do direct input-output connections;
	if this is desired, set initial_connection = full_nodirect;
	if not, set initial_connection = full_direct
Warning: initial_connection = full with hidden nodes will not do direct input-output connections;
	if this is desired, set initial_connection = full_nodirect;
	if not, set initial_connection = full_direct
Warning: initial_connection = full with hidden nodes will not do direct input-output connections;
	if this is desired, set initial_connection = full_nodirect;
	if not, set initial_connection = full_direct
Warning: initial_connection = full with hidden nodes will not do direct input-output connections;
	if this is desired, set initial_connection = full_nodirect;
	if not, set initial_connection = full_direct
Warning: initial_connection = full with hidden nodes will not do direct input-output connections;
	if this is desired, set initial_connection = full_nodirect;
	if not, set initial_connection = full_direct
Warning: initial_connection = full with hidden nodes will not do direct input-output connections;
	if this is desired, set initial_connection = full_nodirect;
	if not, set initial_connection = full_direct
Warning: initial_connection = full with hidden nodes will not do direct input-output connections;
	if this is desired, set initial_connection = full_nodirect;
	if not, set initial_connection = full_direct
Warning: initial_connection = full with hidden nodes will not do direct input-output connections;
	if this is desired, set initial_connection = full_nodirect;
	if not, set initial_connection = full_direct
Warning: initial_connection = full with hidden nodes will not do direct input-output connections;
	if this is desired, set initial_connection = full_nodirect;
	if not, set initial_connection = full_direct
Warning: initial_connection = full with hidden nodes will not do direct input-output connections;
	if this is desired, set initial_connection = full_nodirect;
	if not, set initial_connection = full_direct
Warning: initial_connection = full with hidden nodes will not do direct input-output connections;
	if this is desired, set initial_connection = full_nodirect;
	if not, set initial_connection = full_direct
Warning: initial_connection = full with hidden nodes will not do direct input-output connections;
	if this is desired, set initial_connection = full_nodirect;
	if not, set initial_connection = full_direct
Warning: initial_connection = full with hidden nodes will not do direct input-output connections;
	if this is desired, set initial_connection = full_nodirect;
	if not, set initial_connection = full_direct
Warning: initial_connection = full with hidden nodes will not do direct input-output connections;
	if this is desired, set initial_connection = full_nodirect;
	if not, set initial_connection = full_direct
Warning: initial_connection = full with hidden nodes will not do direct input-output connections;
	if this is desired, set initial_connection = full_nodirect;
	if not, set initial_connection = full_direct
Warning: initial_connection = full with hidden nodes will not do direct input-output connections;
	if this is desired, set initial_connection = full_nodirect;
	if not, set initial_connection = full_direct
Warning: initial_connection = full with hidden nodes will not do direct input-output connections;
	if this is desired, set initial_connection = full_nodirect;
	if not, set initial_connection = full_direct
Warning: initial_connection = full with hidden nodes will not do direct input-output connections;
	if this is desired, set initial_connection = full_nodirect;
	if not, set initial_connection = full_direct
Warning: initial_connection = full with hidden nodes will not do direct input-output connections;
	if this is desired, set initial_connection = full_nodirect;
	if not, set initial_connection = full_direct
Warning: initial_connection = full with hidden nodes will not do direct input-output connections;
	if this is desired, set initial_connection = full_nodirect;
	if not, set initial_connection = full_direct
Warning: initial_connection = full with hidden nodes will not do direct input-output connections;
	if this is desired, set initial_connection = full_nodirect;
	if not, set initial_connection = full_direct
Warning: initial_connection = full with hidden nodes will not do direct input-output connections;
	if this is desired, set initial_connection = full_nodirect;
	if not, set initial_connection = full_direct
Warning: initial_connection = full with hidden nodes will not do direct input-output connections;
	if this is desired, set initial_connection = full_nodirect;
	if not, set initial_connection = full_direct
Warning: initial_connection = full with hidden nodes will not do direct input-output connections;
	if this is desired, set initial_connection = full_nodirect;
	if not, set initial_connection = full_direct
Warning: initial_connection = full with hidden nodes will not do direct input-output connections;
	if this is desired, set initial_connection = full_nodirect;
	if not, set initial_connection = full_direct
Warning: initial_connection = full with hidden nodes will not do direct input-output connections;
	if this is desired, set initial_connection = full_nodirect;
	if not, set initial_connection = full_direct
Warning: initial_connection = full with hidden nodes will not do direct input-output connections;
	if this is desired, set initial_connection = full_nodirect;
	if not, set initial_connection = full_direct
Warning: initial_connection = full with hidden nodes will not do direct input-output connections;
	if this is desired, set initial_connection = full_nodirect;
	if not, set initial_connection = full_direct
Warning: initial_connection = full with hidden nodes will not do direct input-output connections;
	if this is desired, set initial_connection = full_nodirect;
	if not, set initial_connection = full_direct
Warning: initial_connection = full with hidden nodes will not do direct input-output connections;
	if this is desired, set initial_connection = full_nodirect;
	if not, set initial_connection = full_direct
Warning: initial_connection = full with hidden nodes will not do direct input-output connections;
	if this is desired, set initial_connection = full_nodirect;
	if not, set initial_connection = full_direct
Warning: initial_connection = full with hidden nodes will not do direct input-output connections;
	if this is desired, set initial_connection = full_nodirect;
	if not, set initial_connection = full_direct
Warning: initial_connection = full with hidden nodes will not do direct input-output connections;
	if this is desired, set initial_connection = full_nodirect;
	if not, set initial_connection = full_direct
Warning: initial_connection = full with hidden nodes will not do direct input-output connections;
	if this is desired, set initial_connection = full_nodirect;
	if not, set initial_connection = full_direct
Warning: initial_connection = full with hidden nodes will not do direct input-output connections;
	if this is desired, set initial_connection = full_nodirect;
	if not, set initial_connection = full_direct
Warning: initial_connection = full with hidden nodes will not do direct input-output connections;
	if this is desired, set initial_connection = full_nodirect;
	if not, set initial_connection = full_direct
Warning: initial_connection = full with hidden nodes will not do direct input-output connections;
	if this is desired, set initial_connection = full_nodirect;
	if not, set initial_connection = full_direct
Warning: initial_connection = full with hidden nodes will not do direct input-output connections;
	if this is desired, set initial_connection = full_nodirect;
	if not, set initial_connection = full_direct
Warning: initial_connection = full with hidden nodes will not do direct input-output connections;
	if this is desired, set initial_connection = full_nodirect;
	if not, set initial_connection = full_direct
Warning: initial_connection = full with hidden nodes will not do direct input-output connections;
	if this is desired, set initial_connection = full_nodirect;
	if not, set initial_connection = full_direct
Warning: initial_connection = full with hidden nodes will not do direct input-output connections;
	if this is desired, set initial_connection = full_nodirect;
	if not, set initial_connection = full_direct
Warning: initial_connection = full with hidden nodes will not do direct input-output connections;
	if this is desired, set initial_connection = full_nodirect;
	if not, set initial_connection = full_direct
Warning: initial_connection = full with hidden nodes will not do direct input-output connections;
	if this is desired, set initial_connection = full_nodirect;
	if not, set initial_connection = full_direct
Warning: initial_connection = full with hidden nodes will not do direct input-output connections;
	if this is desired, set initial_connection = full_nodirect;
	if not, set initial_connection = full_direct
Warning: initial_connection = full with hidden nodes will not do direct input-output connections;
	if this is desired, set initial_connection = full_nodirect;
	if not, set initial_connection = full_direct
Warning: initial_connection = full with hidden nodes will not do direct input-output connections;
	if this is desired, set initial_connection = full_nodirect;
	if not, set initial_connection = full_direct
Warning: initial_connection = full with hidden nodes will not do direct input-output connections;
	if this is desired, set initial_connection = full_nodirect;
	if not, set initial_connection = full_direct
Warning: initial_connection = full with hidden nodes will not do direct input-output connections;
	if this is desired, set initial_connection = full_nodirect;
	if not, set initial_connection = full_direct
Warning: initial_connection = full with hidden nodes will not do direct input-output connections;
	if this is desired, set initial_connection = full_nodirect;
	if not, set initial_connection = full_direct
Warning: initial_connection = full with hidden nodes will not do direct input-output connections;
	if this is desired, set initial_connection = full_nodirect;
	if not, set initial_connection = full_direct
Warning: initial_connection = full with hidden nodes will not do direct input-output connections;
	if this is desired, set initial_connection = full_nodirect;
	if not, set initial_connection = full_direct
Warning: initial_connection = full with hidden nodes will not do direct input-output connections;
	if this is desired, set initial_connection = full_nodirect;
	if not, set initial_connection = full_direct
Warning: initial_connection = full with hidden nodes will not do direct input-output connections;
	if this is desired, set initial_connection = full_nodirect;
	if not, set initial_connection = full_direct
Warning: initial_connection = full with hidden nodes will not do direct input-output connections;
	if this is desired, set initial_connection = full_nodirect;
	if not, set initial_connection = full_direct
Warning: initial_connection = full with hidden nodes will not do direct input-output connections;
	if this is desired, set initial_connection = full_nodirect;
	if not, set initial_connection = full_direct
Warning: initial_connection = full with hidden nodes will not do direct input-output connections;
	if this is desired, set initial_connection = full_nodirect;
	if not, set initial_connection = full_direct
Warning: initial_connection = full with hidden nodes will not do direct input-output connections;
	if this is desired, set initial_connection = full_nodirect;
	if not, set initial_connection = full_direct
Warning: initial_connection = full with hidden nodes will not do direct input-output connections;
	if this is desired, set initial_connection = full_nodirect;
	if not, set initial_connection = full_direct
Warning: initial_connection = full with hidden nodes will not do direct input-output connections;
	if this is desired, set initial_connection = full_nodirect;
	if not, set initial_connection = full_direct
Warning: initial_connection = full with hidden nodes will not do direct input-output connections;
	if this is desired, set initial_connection = full_nodirect;
	if not, set initial_connection = full_direct
Warning: initial_connection = full with hidden nodes will not do direct input-output connections;
	if this is desired, set initial_connection = full_nodirect;
	if not, set initial_connection = full_direct
Warning: initial_connection = full with hidden nodes will not do direct input-output connections;
	if this is desired, set initial_connection = full_nodirect;
	if not, set initial_connection = full_direct
Warning: initial_connection = full with hidden nodes will not do direct input-output connections;
	if this is desired, set initial_connection = full_nodirect;
	if not, set initial_connection = full_direct
Warning: initial_connection = full with hidden nodes will not do direct input-output connections;
	if this is desired, set initial_connection = full_nodirect;
	if not, set initial_connection = full_direct
Warning: initial_connection = full with hidden nodes will not do direct input-output connections;
	if this is desired, set initial_connection = full_nodirect;
	if not, set initial_connection = full_direct
Warning: initial_connection = full with hidden nodes will not do direct input-output connections;
	if this is desired, set initial_connection = full_nodirect;
	if not, set initial_connection = full_direct
Warning: initial_connection = full with hidden nodes will not do direct input-output connections;
	if this is desired, set initial_connection = full_nodirect;
	if not, set initial_connection = full_direct
Warning: initial_connection = full with hidden nodes will not do direct input-output connections;
	if this is desired, set initial_connection = full_nodirect;
	if not, set initial_connection = full_direct
Warning: initial_connection = full with hidden nodes will not do direct input-output connections;
	if this is desired, set initial_connection = full_nodirect;
	if not, set initial_connection = full_direct
Warning: initial_connection = full with hidden nodes will not do direct input-output connections;
	if this is desired, set initial_connection = full_nodirect;
	if not, set initial_connection = full_direct
Warning: initial_connection = full with hidden nodes will not do direct input-output connections;
	if this is desired, set initial_connection = full_nodirect;
	if not, set initial_connection = full_direct
Warning: initial_connection = full with hidden nodes will not do direct input-output connections;
	if this is desired, set initial_connection = full_nodirect;
	if not, set initial_connection = full_direct
Warning: initial_connection = full with hidden nodes will not do direct input-output connections;
	if this is desired, set initial_connection = full_nodirect;
	if not, set initial_connection = full_direct
Warning: initial_connection = full with hidden nodes will not do direct input-output connections;
	if this is desired, set initial_connection = full_nodirect;
	if not, set initial_connection = full_direct
Warning: initial_connection = full with hidden nodes will not do direct input-output connections;
	if this is desired, set initial_connection = full_nodirect;
	if not, set initial_connection = full_direct
Warning: initial_connection = full with hidden nodes will not do direct input-output connections;
	if this is desired, set initial_connection = full_nodirect;
	if not, set initial_connection = full_direct
Warning: initial_connection = full with hidden nodes will not do direct input-output connections;
	if this is desired, set initial_connection = full_nodirect;
	if not, set initial_connection = full_direct
Warning: initial_connection = full with hidden nodes will not do direct input-output connections;
	if this is desired, set initial_connection = full_nodirect;
	if not, set initial_connection = full_direct
Warning: initial_connection = full with hidden nodes will not do direct input-output connections;
	if this is desired, set initial_connection = full_nodirect;
	if not, set initial_connection = full_direct
Warning: initial_connection = full with hidden nodes will not do direct input-output connections;
	if this is desired, set initial_connection = full_nodirect;
	if not, set initial_connection = full_direct
Warning: initial_connection = full with hidden nodes will not do direct input-output connections;
	if this is desired, set initial_connection = full_nodirect;
	if not, set initial_connection = full_direct
Warning: initial_connection = full with hidden nodes will not do direct input-output connections;
	if this is desired, set initial_connection = full_nodirect;
	if not, set initial_connection = full_direct
Warning: initial_connection = full with hidden nodes will not do direct input-output connections;
	if this is desired, set initial_connection = full_nodirect;
	if not, set initial_connection = full_direct
Warning: initial_connection = full with hidden nodes will not do direct input-output connections;
	if this is desired, set initial_connection = full_nodirect;
	if not, set initial_connection = full_direct
Warning: initial_connection = full with hidden nodes will not do direct input-output connections;
	if this is desired, set initial_connection = full_nodirect;
	if not, set initial_connection = full_direct
Warning: initial_connection = full with hidden nodes will not do direct input-output connections;
	if this is desired, set initial_connection = full_nodirect;
	if not, set initial_connection = full_direct
Warning: initial_connection = full with hidden nodes will not do direct input-output connections;
	if this is desired, set initial_connection = full_nodirect;
	if not, set initial_connection = full_direct
Warning: initial_connection = full with hidden nodes will not do direct input-output connections;
	if this is desired, set initial_connection = full_nodirect;
	if not, set initial_connection = full_direct
Warning: initial_connection = full with hidden nodes will not do direct input-output connections;
	if this is desired, set initial_connection = full_nodirect;
	if not, set initial_connection = full_direct
Warning: initial_connection = full with hidden nodes will not do direct input-output connections;
	if this is desired, set initial_connection = full_nodirect;
	if not, set initial_connection = full_direct
Warning: initial_connection = full with hidden nodes will not do direct input-output connections;
	if this is desired, set initial_connection = full_nodirect;
	if not, set initial_connection = full_direct
Warning: initial_connection = full with hidden nodes will not do direct input-output connections;
	if this is desired, set initial_connection = full_nodirect;
	if not, set initial_connection = full_direct
Warning: initial_connection = full with hidden nodes will not do direct input-output connections;
	if this is desired, set initial_connection = full_nodirect;
	if not, set initial_connection = full_direct
Warning: initial_connection = full with hidden nodes will not do direct input-output connections;
	if this is desired, set initial_connection = full_nodirect;
	if not, set initial_connection = full_direct
Warning: initial_connection = full with hidden nodes will not do direct input-output connections;
	if this is desired, set initial_connection = full_nodirect;
	if not, set initial_connection = full_direct
Warning: initial_connection = full with hidden nodes will not do direct input-output connections;
	if this is desired, set initial_connection = full_nodirect;
	if not, set initial_connection = full_direct
Warning: initial_connection = full with hidden nodes will not do direct input-output connections;
	if this is desired, set initial_connection = full_nodirect;
	if not, set initial_connection = full_direct
Warning: initial_connection = full with hidden nodes will not do direct input-output connections;
	if this is desired, set initial_connection = full_nodirect;
	if not, set initial_connection = full_direct
Warning: initial_connection = full with hidden nodes will not do direct input-output connections;
	if this is desired, set initial_connection = full_nodirect;
	if not, set initial_connection = full_direct
Warning: initial_connection = full with hidden nodes will not do direct input-output connections;
	if this is desired, set initial_connection = full_nodirect;
	if not, set initial_connection = full_direct
Warning: initial_connection = full with hidden nodes will not do direct input-output connections;
	if this is desired, set initial_connection = full_nodirect;
	if not, set initial_connection = full_direct
Warning: initial_connection = full with hidden nodes will not do direct input-output connections;
	if this is desired, set initial_connection = full_nodirect;
	if not, set initial_connection = full_direct
Warning: initial_connection = full with hidden nodes will not do direct input-output connections;
	if this is desired, set initial_connection = full_nodirect;
	if not, set initial_connection = full_direct
Warning: initial_connection = full with hidden nodes will not do direct input-output connections;
	if this is desired, set initial_connection = full_nodirect;
	if not, set initial_connection = full_direct
Warning: initial_connection = full with hidden nodes will not do direct input-output connections;
	if this is desired, set initial_connection = full_nodirect;
	if not, set initial_connection = full_direct
Warning: initial_connection = full with hidden nodes will not do direct input-output connections;
	if this is desired, set initial_connection = full_nodirect;
	if not, set initial_connection = full_direct
Warning: initial_connection = full with hidden nodes will not do direct input-output connections;
	if this is desired, set initial_connection = full_nodirect;
	if not, set initial_connection = full_direct
Warning: initial_connection = full with hidden nodes will not do direct input-output connections;
	if this is desired, set initial_connection = full_nodirect;
	if not, set initial_connection = full_direct
Warning: initial_connection = full with hidden nodes will not do direct input-output connections;
	if this is desired, set initial_connection = full_nodirect;
	if not, set initial_connection = full_direct
Warning: initial_connection = full with hidden nodes will not do direct input-output connections;
	if this is desired, set initial_connection = full_nodirect;
	if not, set initial_connection = full_direct
Warning: initial_connection = full with hidden nodes will not do direct input-output connections;
	if this is desired, set initial_connection = full_nodirect;
	if not, set initial_connection = full_direct
Warning: initial_connection = full with hidden nodes will not do direct input-output connections;
	if this is desired, set initial_connection = full_nodirect;
	if not, set initial_connection = full_direct
Warning: initial_connection = full with hidden nodes will not do direct input-output connections;
	if this is desired, set initial_connection = full_nodirect;
	if not, set initial_connection = full_direct
Warning: initial_connection = full with hidden nodes will not do direct input-output connections;
	if this is desired, set initial_connection = full_nodirect;
	if not, set initial_connection = full_direct
Warning: initial_connection = full with hidden nodes will not do direct input-output connections;
	if this is desired, set initial_connection = full_nodirect;
	if not, set initial_connection = full_direct
Warning: initial_connection = full with hidden nodes will not do direct input-output connections;
	if this is desired, set initial_connection = full_nodirect;
	if not, set initial_connection = full_direct
Warning: initial_connection = full with hidden nodes will not do direct input-output connections;
	if this is desired, set initial_connection = full_nodirect;
	if not, set initial_connection = full_direct
Warning: initial_connection = full with hidden nodes will not do direct input-output connections;
	if this is desired, set initial_connection = full_nodirect;
	if not, set initial_connection = full_direct
Warning: initial_connection = full with hidden nodes will not do direct input-output connections;
	if this is desired, set initial_connection = full_nodirect;
	if not, set initial_connection = full_direct
Warning: initial_connection = full with hidden nodes will not do direct input-output connections;
	if this is desired, set initial_connection = full_nodirect;
	if not, set initial_connection = full_direct
Warning: initial_connection = full with hidden nodes will not do direct input-output connections;
	if this is desired, set initial_connection = full_nodirect;
	if not, set initial_connection = full_direct
Warning: initial_connection = full with hidden nodes will not do direct input-output connections;
	if this is desired, set initial_connection = full_nodirect;
	if not, set initial_connection = full_direct
Warning: initial_connection = full with hidden nodes will not do direct input-output connections;
	if this is desired, set initial_connection = full_nodirect;
	if not, set initial_connection = full_direct
Warning: initial_connection = full with hidden nodes will not do direct input-output connections;
	if this is desired, set initial_connection = full_nodirect;
	if not, set initial_connection = full_direct
Warning: initial_connection = full with hidden nodes will not do direct input-output connections;
	if this is desired, set initial_connection = full_nodirect;
	if not, set initial_connection = full_direct
Warning: initial_connection = full with hidden nodes will not do direct input-output connections;
	if this is desired, set initial_connection = full_nodirect;
	if not, set initial_connection = full_direct
Run done
Enum done
Population's average fitness: 7.51515 stdev: 6.09217
Best fitness: 54.62912 - size: (6, 15) - species 71 - id 71
Average adjusted fitness: 0.105
Mean genetic distance 3.184, standard deviation 0.315
Population of 300 members in 150 species:
   ID   age  size  fitness  adj fit  stag
  ====  ===  ====  =======  =======  ====
     1    0     2      2.1    0.002     0
     2    0     2      2.3    0.005     0
     3    0     2      2.0    0.001     0
     4    0     2      9.5    0.142     0
     5    0     2      8.2    0.119     0
     6    0     2      8.2    0.117     0
     7    0     2     10.0    0.151     0
     8    0     2      2.3    0.006     0
     9    0     2      3.1    0.020     0
    10    0     2      2.1    0.001     0
    11    0     2      8.3    0.120     0
    12    0     2      2.7    0.013     0
    13    0     2      6.6    0.088     0
    14    0     2     10.0    0.151     0
    15    0     2      2.1    0.001     0
    16    0     2     10.0    0.151     0
    17    0     2     50.2    0.917     0
    18    0     2      9.9    0.151     0
    19    0     2      8.9    0.131     0
    20    0     2     10.4    0.159     0
    21    0     2     10.4    0.160     0
    22    0     2      6.0    0.076     0
    23    0     2      4.1    0.040     0
    24    0     2      4.8    0.054     0
    25    0     2      9.9    0.151     0
    26    0     2     10.0    0.151     0
    27    0     2      9.6    0.145     0
    28    0     2      2.0    0.000     0
    29    0     2      6.9    0.093     0
    30    0     2      8.2    0.118     0
    31    0     2      5.5    0.067     0
    32    0     2      6.0    0.076     0
    33    0     2      9.1    0.134     0
    34    0     2      9.9    0.150     0
    35    0     2      9.9    0.151     0
    36    0     2      3.4    0.027     0
    37    0     2      2.0    0.000     0
    38    0     2     10.9    0.170     0
    39    0     2      5.1    0.059     0
    40    0     2      6.4    0.084     0
    41    0     2     10.0    0.151     0
    42    0     2      9.3    0.138     0
    43    0     2      8.2    0.118     0
    44    0     2      7.7    0.108     0
    45    0     2      2.0    0.001     0
    46    0     2     10.0    0.151     0
    47    0     2      2.0    0.001     0
    48    0     2     10.1    0.154     0
    49    0     2      6.7    0.089     0
    50    0     2      9.8    0.148     0
    51    0     2      5.4    0.065     0
    52    0     2      8.1    0.115     0
    53    0     2     10.0    0.151     0
    54    0     2      9.1    0.134     0
    55    0     2      8.3    0.119     0
    56    0     2     10.0    0.152     0
    57    0     2     10.0    0.151     0
    58    0     2      6.0    0.076     0
    59    0     2      4.3    0.043     0
    60    0     2      5.7    0.069     0
    61    0     2     10.0    0.151     0
    62    0     2      4.1    0.039     0
    63    0     2      6.6    0.087     0
    64    0     2      2.0    0.001     0
    65    0     2      6.3    0.081     0
    66    0     2      4.2    0.042     0
    67    0     2      2.2    0.003     0
    68    0     2      9.9    0.150     0
    69    0     2      6.0    0.077     0
    70    0     2     10.0    0.152     0
    71    0     2     54.6    1.000     0
    72    0     2     11.6    0.182     0
    73    0     2     12.4    0.197     0
    74    0     2      5.5    0.066     0
    75    0     2      9.1    0.134     0
    76    0     2      8.5    0.124     0
    77    0     2      8.5    0.124     0
    78    0     2      5.7    0.069     0
    79    0     2     10.0    0.152     0
    80    0     2      7.3    0.101     0
    81    0     2      8.9    0.131     0
    82    0     2      8.7    0.127     0
    83    0     2      8.1    0.117     0
    84    0     2     10.1    0.154     0
    85    0     2      2.3    0.006     0
    86    0     2      5.9    0.073     0
    87    0     2      2.1    0.001     0
    88    0     2      2.1    0.001     0
    89    0     2     10.0    0.152     0
    90    0     2     11.2    0.175     0
    91    0     2      2.0    0.001     0
    92    0     2      6.4    0.083     0
    93    0     2     10.8    0.168     0
    94    0     2      6.1    0.077     0
    95    0     2      9.9    0.150     0
    96    0     2     10.0    0.151     0
    97    0     2      2.2    0.003     0
    98    0     2      6.5    0.085     0
    99    0     2      2.9    0.018     0
   100    0     2      2.0    0.001     0
   101    0     2     11.6    0.182     0
   102    0     2     10.0    0.151     0
   103    0     2     10.2    0.156     0
   104    0     2      2.0    0.001     0
   105    0     2     11.3    0.176     0
   106    0     2      8.9    0.131     0
   107    0     2      5.4    0.063     0
   108    0     2     10.0    0.152     0
   109    0     2      2.0    0.001     0
   110    0     2      7.8    0.110     0
   111    0     2      7.2    0.098     0
   112    0     2      8.5    0.124     0
   113    0     2      9.8    0.148     0
   114    0     2     10.0    0.151     0
   115    0     2      2.3    0.006     0
   116    0     2     10.2    0.155     0
   117    0     2      5.6    0.068     0
   118    0     2     10.0    0.151     0
   119    0     2     10.0    0.151     0
   120    0     2      8.2    0.117     0
   121    0     2     10.0    0.151     0
   122    0     2     10.2    0.155     0
   123    0     2      8.1    0.117     0
   124    0     2      5.3    0.062     0
   125    0     2      3.4    0.026     0
   126    0     2     10.0    0.152     0
   127    0     2      3.8    0.034     0
   128    0     2      8.9    0.130     0
   129    0     2     11.3    0.177     0
   130    0     2      2.0    0.001     0
   131    0     2      6.3    0.082     0
   132    0     2     10.2    0.156     0
   133    0     2     10.0    0.151     0
   134    0     2      2.5    0.009     0
   135    0     2      2.1    0.001     0
   136    0     2      8.1    0.116     0
   137    0     2      7.5    0.105     0
   138    0     2      2.0    0.001     0
   139    0     2      3.4    0.025     0
   140    0     2      8.2    0.118     0
   141    0     2      5.6    0.067     0
   142    0     2      8.5    0.124     0
   143    0     2      8.5    0.124     0
   144    0     2      2.1    0.003     0
   145    0     2      3.7    0.033     0
   146    0     2      2.3    0.006     0
   147    0     2      9.9    0.150     0
   148    0     2      2.0    0.001     0
   149    0     2      3.8    0.034     0
   150    0     2      2.0    0.001     0
Total extinctions: 0
Generation time: 3.425 sec
 ****** Running generation 1 ******
Ntime = 0
Utime = 0
Runlength = 3.016435146331787
Run done
Enum done
Population's average fitness: 6.11684 stdev: 6.20197
Best fitness: 71.90405 - size: (6, 15) - species 71 - id 71
Average adjusted fitness: 0.084
Mean genetic distance 3.184, standard deviation 0.315
Population of 300 members in 150 species:
   ID   age  size  fitness  adj fit  stag
  ====  ===  ====  =======  =======  ====
     1    1     2      1.6    0.020     1
     2    1     2      9.9    0.079     0
     3    1     2      1.5    0.020     1
     4    1     2      9.4    0.095     1
     5    1     2      5.5    0.070     1
     6    1     2      7.3    0.095     1
     7    1     2      9.9    0.111     1
     8    1     2      1.8    0.023     1
     9    1     2      2.2    0.025     1
    10    1     2      8.2    0.066     0
    11    1     2      7.0    0.067     1
    12    1     2     10.0    0.082     0
    13    1     2      5.2    0.035     1
    14    1     2     10.0    0.137     1
    15    1     2      1.5    0.020     1
    16    1     2     35.8    0.318     0
    17    1     2     50.3    0.407     0
    18    1     2      9.9    0.102     1
    19    1     2      8.5    0.091     1
    20    1     2     11.4    0.147     0
    21    1     2     10.6    0.142     0
    22    1     2      4.6    0.046     1
    23    1     2     10.0    0.089     0
    24    1     2      6.1    0.065     0
    25    1     2      9.9    0.137     1
    26    1     2     10.0    0.137     0
    27    1     2      7.3    0.060     1
    28    1     2      2.0    0.023     0
    29    1     2      5.4    0.064     1
    30    1     2      7.3    0.095     1
    31    1     2      4.1    0.053     1
    32    1     2      4.6    0.062     1
    33    1     2     10.0    0.133     0
    34    1     2      9.8    0.135     1
    35    1     2      9.9    0.137     1
    36    1     2      4.6    0.049     0
    37    1     2      2.1    0.024     0
    38    1     2     10.5    0.138     1
    39    1     2      5.1    0.063     1
    40    1     2      5.3    0.071     1
    41    1     2     10.0    0.069     0
    42    1     2      9.0    0.098     1
    43    1     2      5.4    0.055     1
    44    1     2      5.6    0.048     1
    45    1     2      1.5    0.020     1
    46    1     2     10.1    0.138     0
    47    1     2      1.5    0.020     1
    48    1     2     25.9    0.249     0
    49    1     2      5.1    0.059     1
    50    1     2      6.1    0.052     1
    51    1     2      4.0    0.037     1
    52    1     2      7.0    0.093     1
    53    1     2     10.0    0.137     0
    54    1     2      6.0    0.060     1
    55    1     2      5.5    0.048     1
    56    1     2     10.0    0.069     1
    57    1     2     27.9    0.224     0
    58    1     2      6.8    0.079     0
    59    1     2      3.2    0.032     1
    60    1     2      4.6    0.047     1
    61    1     2      9.4    0.126     1
    62    1     2      3.1    0.031     1
    63    1     2      6.1    0.075     1
    64    1     2      1.5    0.020     1
    65    1     2      4.7    0.042     1
    66    1     2      3.2    0.033     1
    67    1     2      1.7    0.022     1
    68    1     2     10.0    0.137     0
    69    1     2      4.6    0.063     1
    70    1     2     10.9    0.131     0
    71    1     2     71.9    0.552     0
    72    1     2     12.1    0.148     0
    73    1     2     10.4    0.110     1
    74    1     2      4.0    0.048     1
    75    1     2      9.2    0.093     0
    76    1     2      8.0    0.085     1
    77    1     2      9.4    0.103     0
    78    1     2      4.6    0.053     1
    79    1     2      9.9    0.109     1
    80    1     2      6.1    0.052     1
    81    1     2      5.8    0.040     1
    82    1     2     10.0    0.110     0
    83    1     2      6.1    0.079     1
    84    1     2      9.9    0.086     1
    85    1     2      1.7    0.011     1
    86    1     2      4.8    0.042     1
    87    1     2      7.7    0.063     0
    88    1     2      1.5    0.020     1
    89    1     2      9.2    0.125     1
    90    1     2     12.7    0.156     0
    91    1     2      1.5    0.020     1
    92    1     2      5.3    0.069     1
    93    1     2      8.7    0.093     1
    94    1     2      4.4    0.042     1
    95    1     2     10.0    0.137     0
    96    1     2      9.9    0.134     1
    97    1     2      5.5    0.048     0
    98    1     2      6.3    0.077     1
    99    1     2      2.2    0.024     1
   100    1     2      1.5    0.020     1
   101    1     2     11.6    0.138     0
   102    1     2     10.0    0.137     1
   103    1     2     10.0    0.086     1
   104    1     2     10.0    0.079     0
   105    1     2     11.7    0.145     0
   106    1     2      5.8    0.067     1
   107    1     2      4.2    0.038     1
   108    1     2      8.4    0.069     1
   109    1     2      1.6    0.020     1
   110    1     2      5.3    0.068     1
   111    1     2      6.1    0.078     1
   112    1     2      5.6    0.039     1
   113    1     2      9.9    0.134     0
   114    1     2     10.0    0.137     0
   115    1     2      1.7    0.021     1
   116    1     2      8.7    0.072     1
   117    1     2      4.3    0.029     1
   118    1     2     10.0    0.084     1
   119    1     2     10.0    0.069     1
   120    1     2      7.5    0.094     1
   121    1     2     10.0    0.137     0
   122    1     2      8.5    0.098     1
   123    1     2      5.4    0.074     1
   124    1     2      4.0    0.040     1
   125    1     2      3.2    0.038     1
   126    1     2     10.0    0.127     1
   127    1     2      9.7    0.086     0
   128    1     2      5.9    0.050     1
   129    1     2      7.2    0.098     1
   130    1     2      1.5    0.020     1
   131    1     2      9.9    0.119     0
   132    1     2     10.5    0.141     0
   133    1     2     10.3    0.140     0
   134    1     2      1.9    0.022     1
   135    1     2     10.0    0.079     0
   136    1     2     10.0    0.092     0
   137    1     2      7.0    0.059     1
   138    1     2      7.7    0.063     0
   139    1     2      2.5    0.026     1
   140    1     2      5.5    0.074     1
   141    1     2      6.8    0.074     0
   142    1     2      8.8    0.099     0
   143    1     2      6.8    0.084     1
   144    1     2      9.8    0.078     0
   145    1     2      2.7    0.028     1
   146    1     2      1.7    0.022     1
   147    1     2      9.8    0.132     1
   148    1     2      1.5    0.020     1
   149    1     2      2.8    0.030     1
   150    1     2      1.5    0.020     1
Total extinctions: 0
Generation time: 5.696 sec (4.560 average)
 ****** Running generation 2 ******
Ntime = 0
Utime = 0
