2022-05-23 08:31:55,800 INFO    MainThread:5500 [internal.py:wandb_internal():90] W&B internal server running at pid: 5500, started at: 2022-05-23 08:31:55.799138
2022-05-23 08:31:55,802 INFO    WriterThread:5500 [datastore.py:open_for_write():75] open: C:\Projects\Code\Neurals\wandb\run-20220523_083152-tenubdts\run-tenubdts.wandb
2022-05-23 08:31:55,813 DEBUG   SenderThread:5500 [sender.py:send():232] send: header
2022-05-23 08:31:55,813 DEBUG   SenderThread:5500 [sender.py:send():232] send: run
2022-05-23 08:31:56,147 INFO    SenderThread:5500 [dir_watcher.py:__init__():197] watching files in: C:\Projects\Code\Neurals\wandb\run-20220523_083152-tenubdts\files
2022-05-23 08:31:56,147 INFO    SenderThread:5500 [sender.py:_start_run_threads():811] run started: tenubdts with start time 1653258712
2022-05-23 08:31:56,148 DEBUG   SenderThread:5500 [sender.py:send():232] send: summary
2022-05-23 08:31:56,148 DEBUG   HandlerThread:5500 [handler.py:handle_request():141] handle_request: check_version
2022-05-23 08:31:56,149 INFO    SenderThread:5500 [sender.py:_save_file():948] saving file wandb-summary.json with policy end
2022-05-23 08:31:56,149 DEBUG   SenderThread:5500 [sender.py:send_request():246] send_request: check_version
2022-05-23 08:31:56,275 DEBUG   HandlerThread:5500 [handler.py:handle_request():141] handle_request: run_start
2022-05-23 08:31:57,155 INFO    Thread-11 :5500 [dir_watcher.py:_on_file_created():244] file/dir created: C:\Projects\Code\Neurals\wandb\run-20220523_083152-tenubdts\files\wandb-summary.json
2022-05-23 08:32:00,443 DEBUG   HandlerThread:5500 [meta.py:__init__():35] meta init
2022-05-23 08:32:00,455 DEBUG   HandlerThread:5500 [meta.py:__init__():49] meta init done
2022-05-23 08:32:00,455 DEBUG   HandlerThread:5500 [meta.py:probe():209] probe
2022-05-23 08:32:00,502 DEBUG   HandlerThread:5500 [git.py:repo():29] git repository is invalid
2022-05-23 08:32:00,502 DEBUG   HandlerThread:5500 [meta.py:_save_pip():53] save pip
2022-05-23 08:32:00,504 DEBUG   HandlerThread:5500 [meta.py:_save_pip():67] save pip done
2022-05-23 08:32:00,505 DEBUG   HandlerThread:5500 [meta.py:probe():247] probe done
2022-05-23 08:32:00,515 DEBUG   SenderThread:5500 [sender.py:send():232] send: files
2022-05-23 08:32:00,516 INFO    SenderThread:5500 [sender.py:_save_file():948] saving file wandb-metadata.json with policy now
2022-05-23 08:32:00,532 DEBUG   HandlerThread:5500 [handler.py:handle_request():141] handle_request: stop_status
2022-05-23 08:32:00,532 DEBUG   SenderThread:5500 [sender.py:send_request():246] send_request: stop_status
2022-05-23 08:32:00,872 DEBUG   SenderThread:5500 [sender.py:send():232] send: telemetry
2022-05-23 08:32:01,206 INFO    Thread-11 :5500 [dir_watcher.py:_on_file_created():244] file/dir created: C:\Projects\Code\Neurals\wandb\run-20220523_083152-tenubdts\files\output.log
2022-05-23 08:32:01,208 INFO    Thread-11 :5500 [dir_watcher.py:_on_file_created():244] file/dir created: C:\Projects\Code\Neurals\wandb\run-20220523_083152-tenubdts\files\requirements.txt
2022-05-23 08:32:01,209 INFO    Thread-11 :5500 [dir_watcher.py:_on_file_created():244] file/dir created: C:\Projects\Code\Neurals\wandb\run-20220523_083152-tenubdts\files\wandb-metadata.json
2022-05-23 08:32:01,404 INFO    Thread-15 :5500 [upload_job.py:push():132] Uploaded file C:\Users\MAXIMN~1\AppData\Local\Temp\tmp01b8wikcwandb\1w6xl4vq-wandb-metadata.json
2022-05-23 08:32:03,214 INFO    Thread-11 :5500 [dir_watcher.py:_on_file_modified():257] file/dir modified: C:\Projects\Code\Neurals\wandb\run-20220523_083152-tenubdts\files\output.log
2022-05-23 08:32:07,471 DEBUG   HandlerThread:5500 [handler.py:handle_request():141] handle_request: partial_history
2022-05-23 08:32:07,474 DEBUG   SenderThread:5500 [sender.py:send():232] send: history
2022-05-23 08:32:07,475 DEBUG   SenderThread:5500 [sender.py:send():232] send: summary
2022-05-23 08:32:07,477 INFO    SenderThread:5500 [sender.py:_save_file():948] saving file wandb-summary.json with policy end
2022-05-23 08:32:08,265 INFO    Thread-11 :5500 [dir_watcher.py:_on_file_modified():257] file/dir modified: C:\Projects\Code\Neurals\wandb\run-20220523_083152-tenubdts\files\wandb-summary.json
2022-05-23 08:32:08,896 DEBUG   HandlerThread:5500 [handler.py:handle_request():141] handle_request: partial_history
2022-05-23 08:32:08,898 DEBUG   SenderThread:5500 [sender.py:send():232] send: history
2022-05-23 08:32:08,898 DEBUG   SenderThread:5500 [sender.py:send():232] send: summary
2022-05-23 08:32:08,899 INFO    SenderThread:5500 [sender.py:_save_file():948] saving file wandb-summary.json with policy end
2022-05-23 08:32:09,276 INFO    Thread-11 :5500 [dir_watcher.py:_on_file_modified():257] file/dir modified: C:\Projects\Code\Neurals\wandb\run-20220523_083152-tenubdts\files\output.log
2022-05-23 08:32:09,276 INFO    Thread-11 :5500 [dir_watcher.py:_on_file_modified():257] file/dir modified: C:\Projects\Code\Neurals\wandb\run-20220523_083152-tenubdts\files\wandb-summary.json
2022-05-23 08:32:11,278 INFO    Thread-11 :5500 [dir_watcher.py:_on_file_modified():257] file/dir modified: C:\Projects\Code\Neurals\wandb\run-20220523_083152-tenubdts\files\output.log
2022-05-23 08:32:15,905 DEBUG   HandlerThread:5500 [handler.py:handle_request():141] handle_request: stop_status
2022-05-23 08:32:15,905 DEBUG   SenderThread:5500 [sender.py:send_request():246] send_request: stop_status
2022-05-23 08:32:21,319 DEBUG   HandlerThread:5500 [handler.py:handle_request():141] handle_request: partial_history
2022-05-23 08:32:21,321 DEBUG   SenderThread:5500 [sender.py:send():232] send: history
2022-05-23 08:32:21,321 DEBUG   SenderThread:5500 [sender.py:send():232] send: summary
2022-05-23 08:32:21,326 INFO    SenderThread:5500 [sender.py:_save_file():948] saving file wandb-summary.json with policy end
2022-05-23 08:32:21,361 INFO    Thread-11 :5500 [dir_watcher.py:_on_file_modified():257] file/dir modified: C:\Projects\Code\Neurals\wandb\run-20220523_083152-tenubdts\files\wandb-summary.json
2022-05-23 08:32:22,598 DEBUG   HandlerThread:5500 [handler.py:handle_request():141] handle_request: partial_history
2022-05-23 08:32:22,599 DEBUG   SenderThread:5500 [sender.py:send():232] send: history
2022-05-23 08:32:22,600 DEBUG   SenderThread:5500 [sender.py:send():232] send: summary
2022-05-23 08:32:22,601 INFO    SenderThread:5500 [sender.py:_save_file():948] saving file wandb-summary.json with policy end
2022-05-23 08:32:23,378 INFO    Thread-11 :5500 [dir_watcher.py:_on_file_modified():257] file/dir modified: C:\Projects\Code\Neurals\wandb\run-20220523_083152-tenubdts\files\output.log
2022-05-23 08:32:23,378 INFO    Thread-11 :5500 [dir_watcher.py:_on_file_modified():257] file/dir modified: C:\Projects\Code\Neurals\wandb\run-20220523_083152-tenubdts\files\wandb-summary.json
2022-05-23 08:32:25,397 INFO    Thread-11 :5500 [dir_watcher.py:_on_file_modified():257] file/dir modified: C:\Projects\Code\Neurals\wandb\run-20220523_083152-tenubdts\files\output.log
2022-05-23 08:32:27,417 INFO    Thread-11 :5500 [dir_watcher.py:_on_file_modified():257] file/dir modified: C:\Projects\Code\Neurals\wandb\run-20220523_083152-tenubdts\files\config.yaml
2022-05-23 08:32:31,205 DEBUG   HandlerThread:5500 [handler.py:handle_request():141] handle_request: stop_status
2022-05-23 08:32:31,205 DEBUG   SenderThread:5500 [sender.py:send_request():246] send_request: stop_status
2022-05-23 08:32:31,672 DEBUG   SenderThread:5500 [sender.py:send():232] send: stats
2022-05-23 08:32:34,343 DEBUG   HandlerThread:5500 [handler.py:handle_request():141] handle_request: partial_history
2022-05-23 08:32:34,344 DEBUG   SenderThread:5500 [sender.py:send():232] send: history
2022-05-23 08:32:34,344 DEBUG   SenderThread:5500 [sender.py:send():232] send: summary
2022-05-23 08:32:34,352 INFO    SenderThread:5500 [sender.py:_save_file():948] saving file wandb-summary.json with policy end
2022-05-23 08:32:34,489 INFO    Thread-11 :5500 [dir_watcher.py:_on_file_modified():257] file/dir modified: C:\Projects\Code\Neurals\wandb\run-20220523_083152-tenubdts\files\wandb-summary.json
2022-05-23 08:32:35,498 INFO    Thread-11 :5500 [dir_watcher.py:_on_file_modified():257] file/dir modified: C:\Projects\Code\Neurals\wandb\run-20220523_083152-tenubdts\files\output.log
2022-05-23 08:32:35,559 DEBUG   HandlerThread:5500 [handler.py:handle_request():141] handle_request: partial_history
2022-05-23 08:32:35,564 DEBUG   SenderThread:5500 [sender.py:send():232] send: history
2022-05-23 08:32:35,566 DEBUG   SenderThread:5500 [sender.py:send():232] send: summary
2022-05-23 08:32:35,568 INFO    SenderThread:5500 [sender.py:_save_file():948] saving file wandb-summary.json with policy end
2022-05-23 08:32:36,508 INFO    Thread-11 :5500 [dir_watcher.py:_on_file_modified():257] file/dir modified: C:\Projects\Code\Neurals\wandb\run-20220523_083152-tenubdts\files\wandb-summary.json
2022-05-23 08:32:37,515 INFO    Thread-11 :5500 [dir_watcher.py:_on_file_modified():257] file/dir modified: C:\Projects\Code\Neurals\wandb\run-20220523_083152-tenubdts\files\output.log
2022-05-23 08:32:46,491 DEBUG   HandlerThread:5500 [handler.py:handle_request():141] handle_request: stop_status
2022-05-23 08:32:46,492 DEBUG   SenderThread:5500 [sender.py:send_request():246] send_request: stop_status
2022-05-23 08:32:48,305 DEBUG   HandlerThread:5500 [handler.py:handle_request():141] handle_request: partial_history
2022-05-23 08:32:48,306 DEBUG   SenderThread:5500 [sender.py:send():232] send: history
2022-05-23 08:32:48,306 DEBUG   SenderThread:5500 [sender.py:send():232] send: summary
2022-05-23 08:32:48,309 INFO    SenderThread:5500 [sender.py:_save_file():948] saving file wandb-summary.json with policy end
2022-05-23 08:32:48,609 INFO    Thread-11 :5500 [dir_watcher.py:_on_file_modified():257] file/dir modified: C:\Projects\Code\Neurals\wandb\run-20220523_083152-tenubdts\files\wandb-summary.json
2022-05-23 08:32:49,309 DEBUG   HandlerThread:5500 [handler.py:handle_request():141] handle_request: partial_history
2022-05-23 08:32:49,310 DEBUG   SenderThread:5500 [sender.py:send():232] send: history
2022-05-23 08:32:49,310 DEBUG   SenderThread:5500 [sender.py:send():232] send: summary
2022-05-23 08:32:49,311 INFO    SenderThread:5500 [sender.py:_save_file():948] saving file wandb-summary.json with policy end
2022-05-23 08:32:49,623 INFO    Thread-11 :5500 [dir_watcher.py:_on_file_modified():257] file/dir modified: C:\Projects\Code\Neurals\wandb\run-20220523_083152-tenubdts\files\output.log
2022-05-23 08:32:49,626 INFO    Thread-11 :5500 [dir_watcher.py:_on_file_modified():257] file/dir modified: C:\Projects\Code\Neurals\wandb\run-20220523_083152-tenubdts\files\wandb-summary.json
2022-05-23 08:32:51,637 INFO    Thread-11 :5500 [dir_watcher.py:_on_file_modified():257] file/dir modified: C:\Projects\Code\Neurals\wandb\run-20220523_083152-tenubdts\files\output.log
2022-05-23 08:33:01,808 DEBUG   HandlerThread:5500 [handler.py:handle_request():141] handle_request: stop_status
2022-05-23 08:33:01,809 DEBUG   SenderThread:5500 [sender.py:send_request():246] send_request: stop_status
2022-05-23 08:33:02,639 DEBUG   HandlerThread:5500 [handler.py:handle_request():141] handle_request: partial_history
2022-05-23 08:33:02,641 DEBUG   SenderThread:5500 [sender.py:send():232] send: history
2022-05-23 08:33:02,643 DEBUG   SenderThread:5500 [sender.py:send():232] send: summary
2022-05-23 08:33:02,646 INFO    SenderThread:5500 [sender.py:_save_file():948] saving file wandb-summary.json with policy end
2022-05-23 08:33:02,732 INFO    Thread-11 :5500 [dir_watcher.py:_on_file_modified():257] file/dir modified: C:\Projects\Code\Neurals\wandb\run-20220523_083152-tenubdts\files\wandb-summary.json
2022-05-23 08:33:03,746 INFO    Thread-11 :5500 [dir_watcher.py:_on_file_modified():257] file/dir modified: C:\Projects\Code\Neurals\wandb\run-20220523_083152-tenubdts\files\output.log
2022-05-23 08:33:04,208 DEBUG   HandlerThread:5500 [handler.py:handle_request():141] handle_request: partial_history
2022-05-23 08:33:04,211 DEBUG   SenderThread:5500 [sender.py:send():232] send: history
2022-05-23 08:33:04,211 DEBUG   SenderThread:5500 [sender.py:send():232] send: summary
2022-05-23 08:33:04,212 INFO    SenderThread:5500 [sender.py:_save_file():948] saving file wandb-summary.json with policy end
2022-05-23 08:33:04,748 INFO    Thread-11 :5500 [dir_watcher.py:_on_file_modified():257] file/dir modified: C:\Projects\Code\Neurals\wandb\run-20220523_083152-tenubdts\files\wandb-summary.json
2022-05-23 08:33:05,345 DEBUG   SenderThread:5500 [sender.py:send():232] send: stats
2022-05-23 08:33:05,763 INFO    Thread-11 :5500 [dir_watcher.py:_on_file_modified():257] file/dir modified: C:\Projects\Code\Neurals\wandb\run-20220523_083152-tenubdts\files\output.log
2022-05-23 08:33:14,638 DEBUG   HandlerThread:5500 [handler.py:handle_request():141] handle_request: partial_history
2022-05-23 08:33:14,639 DEBUG   SenderThread:5500 [sender.py:send():232] send: history
2022-05-23 08:33:14,639 DEBUG   SenderThread:5500 [sender.py:send():232] send: summary
2022-05-23 08:33:14,642 INFO    SenderThread:5500 [sender.py:_save_file():948] saving file wandb-summary.json with policy end
2022-05-23 08:33:14,826 INFO    Thread-11 :5500 [dir_watcher.py:_on_file_modified():257] file/dir modified: C:\Projects\Code\Neurals\wandb\run-20220523_083152-tenubdts\files\wandb-summary.json
2022-05-23 08:33:15,595 DEBUG   HandlerThread:5500 [handler.py:handle_request():141] handle_request: partial_history
2022-05-23 08:33:15,596 DEBUG   SenderThread:5500 [sender.py:send():232] send: history
2022-05-23 08:33:15,597 DEBUG   SenderThread:5500 [sender.py:send():232] send: summary
2022-05-23 08:33:15,597 INFO    SenderThread:5500 [sender.py:_save_file():948] saving file wandb-summary.json with policy end
2022-05-23 08:33:15,837 INFO    Thread-11 :5500 [dir_watcher.py:_on_file_modified():257] file/dir modified: C:\Projects\Code\Neurals\wandb\run-20220523_083152-tenubdts\files\output.log
2022-05-23 08:33:15,838 INFO    Thread-11 :5500 [dir_watcher.py:_on_file_modified():257] file/dir modified: C:\Projects\Code\Neurals\wandb\run-20220523_083152-tenubdts\files\wandb-summary.json
2022-05-23 08:33:17,147 DEBUG   HandlerThread:5500 [handler.py:handle_request():141] handle_request: stop_status
2022-05-23 08:33:17,147 DEBUG   SenderThread:5500 [sender.py:send_request():246] send_request: stop_status
2022-05-23 08:33:17,854 INFO    Thread-11 :5500 [dir_watcher.py:_on_file_modified():257] file/dir modified: C:\Projects\Code\Neurals\wandb\run-20220523_083152-tenubdts\files\output.log
2022-05-23 08:33:26,429 DEBUG   HandlerThread:5500 [handler.py:handle_request():141] handle_request: partial_history
2022-05-23 08:33:26,431 DEBUG   SenderThread:5500 [sender.py:send():232] send: history
2022-05-23 08:33:26,432 DEBUG   SenderThread:5500 [sender.py:send():232] send: summary
2022-05-23 08:33:26,438 INFO    SenderThread:5500 [sender.py:_save_file():948] saving file wandb-summary.json with policy end
2022-05-23 08:33:26,771 DEBUG   HandlerThread:5500 [handler.py:handle_request():141] handle_request: partial_history
2022-05-23 08:33:26,772 DEBUG   SenderThread:5500 [sender.py:send():232] send: history
2022-05-23 08:33:26,772 DEBUG   SenderThread:5500 [sender.py:send():232] send: summary
2022-05-23 08:33:26,773 INFO    SenderThread:5500 [sender.py:_save_file():948] saving file wandb-summary.json with policy end
2022-05-23 08:33:26,948 INFO    Thread-11 :5500 [dir_watcher.py:_on_file_modified():257] file/dir modified: C:\Projects\Code\Neurals\wandb\run-20220523_083152-tenubdts\files\wandb-summary.json
2022-05-23 08:33:27,960 INFO    Thread-11 :5500 [dir_watcher.py:_on_file_modified():257] file/dir modified: C:\Projects\Code\Neurals\wandb\run-20220523_083152-tenubdts\files\output.log
2022-05-23 08:33:28,972 INFO    Thread-11 :5500 [dir_watcher.py:_on_file_modified():257] file/dir modified: C:\Projects\Code\Neurals\wandb\run-20220523_083152-tenubdts\files\output.log
2022-05-23 08:33:32,453 DEBUG   HandlerThread:5500 [handler.py:handle_request():141] handle_request: stop_status
2022-05-23 08:33:32,453 DEBUG   SenderThread:5500 [sender.py:send_request():246] send_request: stop_status
2022-05-23 08:33:33,090 DEBUG   HandlerThread:5500 [handler.py:handle_request():141] handle_request: partial_history
2022-05-23 08:33:33,093 DEBUG   SenderThread:5500 [sender.py:send():232] send: history
2022-05-23 08:33:33,094 DEBUG   SenderThread:5500 [sender.py:send():232] send: summary
2022-05-23 08:33:33,097 INFO    SenderThread:5500 [sender.py:_save_file():948] saving file wandb-summary.json with policy end
2022-05-23 08:33:33,416 DEBUG   HandlerThread:5500 [handler.py:handle_request():141] handle_request: partial_history
2022-05-23 08:33:33,417 DEBUG   SenderThread:5500 [sender.py:send():232] send: history
2022-05-23 08:33:33,417 DEBUG   SenderThread:5500 [sender.py:send():232] send: summary
2022-05-23 08:33:33,418 INFO    SenderThread:5500 [sender.py:_save_file():948] saving file wandb-summary.json with policy end
2022-05-23 08:33:34,045 INFO    Thread-11 :5500 [dir_watcher.py:_on_file_modified():257] file/dir modified: C:\Projects\Code\Neurals\wandb\run-20220523_083152-tenubdts\files\wandb-summary.json
2022-05-23 08:33:35,057 INFO    Thread-11 :5500 [dir_watcher.py:_on_file_modified():257] file/dir modified: C:\Projects\Code\Neurals\wandb\run-20220523_083152-tenubdts\files\output.log
2022-05-23 08:33:38,743 DEBUG   SenderThread:5500 [sender.py:send():232] send: stats
2022-05-23 08:33:39,121 DEBUG   HandlerThread:5500 [handler.py:handle_request():141] handle_request: partial_history
2022-05-23 08:33:39,122 DEBUG   SenderThread:5500 [sender.py:send():232] send: history
2022-05-23 08:33:39,124 DEBUG   SenderThread:5500 [sender.py:send():232] send: summary
2022-05-23 08:33:39,125 INFO    SenderThread:5500 [sender.py:_save_file():948] saving file wandb-summary.json with policy end
2022-05-23 08:33:39,458 DEBUG   HandlerThread:5500 [handler.py:handle_request():141] handle_request: partial_history
2022-05-23 08:33:39,461 DEBUG   SenderThread:5500 [sender.py:send():232] send: history
2022-05-23 08:33:39,462 DEBUG   SenderThread:5500 [sender.py:send():232] send: summary
2022-05-23 08:33:39,462 INFO    SenderThread:5500 [sender.py:_save_file():948] saving file wandb-summary.json with policy end
2022-05-23 08:33:40,097 INFO    Thread-11 :5500 [dir_watcher.py:_on_file_modified():257] file/dir modified: C:\Projects\Code\Neurals\wandb\run-20220523_083152-tenubdts\files\wandb-summary.json
2022-05-23 08:33:41,109 INFO    Thread-11 :5500 [dir_watcher.py:_on_file_modified():257] file/dir modified: C:\Projects\Code\Neurals\wandb\run-20220523_083152-tenubdts\files\output.log
2022-05-23 08:33:45,425 DEBUG   HandlerThread:5500 [handler.py:handle_request():141] handle_request: partial_history
2022-05-23 08:33:45,427 DEBUG   SenderThread:5500 [sender.py:send():232] send: history
2022-05-23 08:33:45,428 DEBUG   SenderThread:5500 [sender.py:send():232] send: summary
2022-05-23 08:33:45,429 INFO    SenderThread:5500 [sender.py:_save_file():948] saving file wandb-summary.json with policy end
2022-05-23 08:33:45,794 DEBUG   HandlerThread:5500 [handler.py:handle_request():141] handle_request: partial_history
2022-05-23 08:33:45,795 DEBUG   SenderThread:5500 [sender.py:send():232] send: history
2022-05-23 08:33:45,796 DEBUG   SenderThread:5500 [sender.py:send():232] send: summary
2022-05-23 08:33:45,797 INFO    SenderThread:5500 [sender.py:_save_file():948] saving file wandb-summary.json with policy end
2022-05-23 08:33:46,155 INFO    Thread-11 :5500 [dir_watcher.py:_on_file_modified():257] file/dir modified: C:\Projects\Code\Neurals\wandb\run-20220523_083152-tenubdts\files\wandb-summary.json
2022-05-23 08:33:47,167 INFO    Thread-11 :5500 [dir_watcher.py:_on_file_modified():257] file/dir modified: C:\Projects\Code\Neurals\wandb\run-20220523_083152-tenubdts\files\output.log
2022-05-23 08:33:47,753 DEBUG   HandlerThread:5500 [handler.py:handle_request():141] handle_request: stop_status
2022-05-23 08:33:47,753 DEBUG   SenderThread:5500 [sender.py:send_request():246] send_request: stop_status
2022-05-23 08:33:51,322 DEBUG   HandlerThread:5500 [handler.py:handle_request():141] handle_request: partial_history
2022-05-23 08:33:51,323 DEBUG   SenderThread:5500 [sender.py:send():232] send: history
2022-05-23 08:33:51,324 DEBUG   SenderThread:5500 [sender.py:send():232] send: summary
2022-05-23 08:33:51,326 INFO    SenderThread:5500 [sender.py:_save_file():948] saving file wandb-summary.json with policy end
2022-05-23 08:33:51,616 DEBUG   HandlerThread:5500 [handler.py:handle_request():141] handle_request: partial_history
2022-05-23 08:33:51,618 DEBUG   SenderThread:5500 [sender.py:send():232] send: history
2022-05-23 08:33:51,620 DEBUG   SenderThread:5500 [sender.py:send():232] send: summary
2022-05-23 08:33:51,621 INFO    SenderThread:5500 [sender.py:_save_file():948] saving file wandb-summary.json with policy end
2022-05-23 08:33:52,219 INFO    Thread-11 :5500 [dir_watcher.py:_on_file_modified():257] file/dir modified: C:\Projects\Code\Neurals\wandb\run-20220523_083152-tenubdts\files\wandb-summary.json
2022-05-23 08:33:53,227 INFO    Thread-11 :5500 [dir_watcher.py:_on_file_modified():257] file/dir modified: C:\Projects\Code\Neurals\wandb\run-20220523_083152-tenubdts\files\output.log
2022-05-23 08:33:57,874 DEBUG   HandlerThread:5500 [handler.py:handle_request():141] handle_request: partial_history
2022-05-23 08:33:57,875 DEBUG   SenderThread:5500 [sender.py:send():232] send: history
2022-05-23 08:33:57,876 DEBUG   SenderThread:5500 [sender.py:send():232] send: summary
2022-05-23 08:33:57,877 INFO    SenderThread:5500 [sender.py:_save_file():948] saving file wandb-summary.json with policy end
2022-05-23 08:33:58,254 DEBUG   HandlerThread:5500 [handler.py:handle_request():141] handle_request: partial_history
2022-05-23 08:33:58,255 DEBUG   SenderThread:5500 [sender.py:send():232] send: history
2022-05-23 08:33:58,256 DEBUG   SenderThread:5500 [sender.py:send():232] send: summary
2022-05-23 08:33:58,257 INFO    SenderThread:5500 [sender.py:_save_file():948] saving file wandb-summary.json with policy end
2022-05-23 08:33:58,271 INFO    Thread-11 :5500 [dir_watcher.py:_on_file_modified():257] file/dir modified: C:\Projects\Code\Neurals\wandb\run-20220523_083152-tenubdts\files\wandb-summary.json
2022-05-23 08:33:59,291 INFO    Thread-11 :5500 [dir_watcher.py:_on_file_modified():257] file/dir modified: C:\Projects\Code\Neurals\wandb\run-20220523_083152-tenubdts\files\output.log
2022-05-23 08:34:03,059 DEBUG   HandlerThread:5500 [handler.py:handle_request():141] handle_request: stop_status
2022-05-23 08:34:03,059 DEBUG   SenderThread:5500 [sender.py:send_request():246] send_request: stop_status
2022-05-23 08:34:05,985 DEBUG   HandlerThread:5500 [handler.py:handle_request():141] handle_request: partial_history
2022-05-23 08:34:05,986 DEBUG   SenderThread:5500 [sender.py:send():232] send: history
2022-05-23 08:34:05,987 DEBUG   SenderThread:5500 [sender.py:send():232] send: summary
2022-05-23 08:34:05,989 INFO    SenderThread:5500 [sender.py:_save_file():948] saving file wandb-summary.json with policy end
2022-05-23 08:34:06,312 DEBUG   HandlerThread:5500 [handler.py:handle_request():141] handle_request: partial_history
2022-05-23 08:34:06,313 DEBUG   SenderThread:5500 [sender.py:send():232] send: history
2022-05-23 08:34:06,314 DEBUG   SenderThread:5500 [sender.py:send():232] send: summary
2022-05-23 08:34:06,315 INFO    SenderThread:5500 [sender.py:_save_file():948] saving file wandb-summary.json with policy end
2022-05-23 08:34:06,354 INFO    Thread-11 :5500 [dir_watcher.py:_on_file_modified():257] file/dir modified: C:\Projects\Code\Neurals\wandb\run-20220523_083152-tenubdts\files\wandb-summary.json
2022-05-23 08:34:07,362 INFO    Thread-11 :5500 [dir_watcher.py:_on_file_modified():257] file/dir modified: C:\Projects\Code\Neurals\wandb\run-20220523_083152-tenubdts\files\output.log
2022-05-23 08:34:12,233 DEBUG   HandlerThread:5500 [handler.py:handle_request():141] handle_request: partial_history
2022-05-23 08:34:12,234 DEBUG   SenderThread:5500 [sender.py:send():232] send: history
2022-05-23 08:34:12,235 DEBUG   SenderThread:5500 [sender.py:send():232] send: summary
2022-05-23 08:34:12,237 INFO    SenderThread:5500 [sender.py:_save_file():948] saving file wandb-summary.json with policy end
2022-05-23 08:34:12,237 DEBUG   SenderThread:5500 [sender.py:send():232] send: stats
2022-05-23 08:34:12,421 INFO    Thread-11 :5500 [dir_watcher.py:_on_file_modified():257] file/dir modified: C:\Projects\Code\Neurals\wandb\run-20220523_083152-tenubdts\files\wandb-summary.json
2022-05-23 08:34:12,504 DEBUG   HandlerThread:5500 [handler.py:handle_request():141] handle_request: partial_history
2022-05-23 08:34:12,505 DEBUG   SenderThread:5500 [sender.py:send():232] send: history
2022-05-23 08:34:12,505 DEBUG   SenderThread:5500 [sender.py:send():232] send: summary
2022-05-23 08:34:12,508 INFO    SenderThread:5500 [sender.py:_save_file():948] saving file wandb-summary.json with policy end
2022-05-23 08:34:13,427 INFO    Thread-11 :5500 [dir_watcher.py:_on_file_modified():257] file/dir modified: C:\Projects\Code\Neurals\wandb\run-20220523_083152-tenubdts\files\output.log
2022-05-23 08:34:13,427 INFO    Thread-11 :5500 [dir_watcher.py:_on_file_modified():257] file/dir modified: C:\Projects\Code\Neurals\wandb\run-20220523_083152-tenubdts\files\wandb-summary.json
2022-05-23 08:34:18,361 DEBUG   HandlerThread:5500 [handler.py:handle_request():141] handle_request: stop_status
2022-05-23 08:34:18,361 DEBUG   SenderThread:5500 [sender.py:send_request():246] send_request: stop_status
2022-05-23 08:34:19,183 DEBUG   HandlerThread:5500 [handler.py:handle_request():141] handle_request: partial_history
2022-05-23 08:34:19,185 DEBUG   SenderThread:5500 [sender.py:send():232] send: history
2022-05-23 08:34:19,185 DEBUG   SenderThread:5500 [sender.py:send():232] send: summary
2022-05-23 08:34:19,193 INFO    SenderThread:5500 [sender.py:_save_file():948] saving file wandb-summary.json with policy end
2022-05-23 08:34:19,510 INFO    Thread-11 :5500 [dir_watcher.py:_on_file_modified():257] file/dir modified: C:\Projects\Code\Neurals\wandb\run-20220523_083152-tenubdts\files\wandb-summary.json
2022-05-23 08:34:19,554 DEBUG   HandlerThread:5500 [handler.py:handle_request():141] handle_request: partial_history
2022-05-23 08:34:19,559 DEBUG   SenderThread:5500 [sender.py:send():232] send: history
2022-05-23 08:34:19,561 DEBUG   SenderThread:5500 [sender.py:send():232] send: summary
2022-05-23 08:34:19,561 INFO    SenderThread:5500 [sender.py:_save_file():948] saving file wandb-summary.json with policy end
2022-05-23 08:34:20,582 INFO    Thread-11 :5500 [dir_watcher.py:_on_file_modified():257] file/dir modified: C:\Projects\Code\Neurals\wandb\run-20220523_083152-tenubdts\files\wandb-summary.json
2022-05-23 08:34:21,597 INFO    Thread-11 :5500 [dir_watcher.py:_on_file_modified():257] file/dir modified: C:\Projects\Code\Neurals\wandb\run-20220523_083152-tenubdts\files\output.log
2022-05-23 08:34:27,361 DEBUG   HandlerThread:5500 [handler.py:handle_request():141] handle_request: partial_history
2022-05-23 08:34:27,362 DEBUG   SenderThread:5500 [sender.py:send():232] send: history
2022-05-23 08:34:27,364 DEBUG   SenderThread:5500 [sender.py:send():232] send: summary
2022-05-23 08:34:27,368 INFO    SenderThread:5500 [sender.py:_save_file():948] saving file wandb-summary.json with policy end
2022-05-23 08:34:27,664 INFO    Thread-11 :5500 [dir_watcher.py:_on_file_modified():257] file/dir modified: C:\Projects\Code\Neurals\wandb\run-20220523_083152-tenubdts\files\wandb-summary.json
2022-05-23 08:34:27,785 DEBUG   HandlerThread:5500 [handler.py:handle_request():141] handle_request: partial_history
2022-05-23 08:34:27,792 DEBUG   SenderThread:5500 [sender.py:send():232] send: history
2022-05-23 08:34:27,793 DEBUG   SenderThread:5500 [sender.py:send():232] send: summary
2022-05-23 08:34:27,795 INFO    SenderThread:5500 [sender.py:_save_file():948] saving file wandb-summary.json with policy end
2022-05-23 08:34:28,674 INFO    Thread-11 :5500 [dir_watcher.py:_on_file_modified():257] file/dir modified: C:\Projects\Code\Neurals\wandb\run-20220523_083152-tenubdts\files\wandb-summary.json
2022-05-23 08:34:29,690 INFO    Thread-11 :5500 [dir_watcher.py:_on_file_modified():257] file/dir modified: C:\Projects\Code\Neurals\wandb\run-20220523_083152-tenubdts\files\output.log
2022-05-23 08:34:33,637 DEBUG   HandlerThread:5500 [handler.py:handle_request():141] handle_request: partial_history
2022-05-23 08:34:33,638 DEBUG   SenderThread:5500 [sender.py:send():232] send: history
2022-05-23 08:34:33,638 DEBUG   SenderThread:5500 [sender.py:send():232] send: summary
2022-05-23 08:34:33,641 INFO    SenderThread:5500 [sender.py:_save_file():948] saving file wandb-summary.json with policy end
2022-05-23 08:34:33,670 DEBUG   HandlerThread:5500 [handler.py:handle_request():141] handle_request: stop_status
2022-05-23 08:34:33,671 DEBUG   SenderThread:5500 [sender.py:send_request():246] send_request: stop_status
2022-05-23 08:34:33,710 INFO    Thread-11 :5500 [dir_watcher.py:_on_file_modified():257] file/dir modified: C:\Projects\Code\Neurals\wandb\run-20220523_083152-tenubdts\files\wandb-summary.json
2022-05-23 08:34:33,986 DEBUG   HandlerThread:5500 [handler.py:handle_request():141] handle_request: partial_history
2022-05-23 08:34:33,987 DEBUG   SenderThread:5500 [sender.py:send():232] send: history
2022-05-23 08:34:33,988 DEBUG   SenderThread:5500 [sender.py:send():232] send: summary
2022-05-23 08:34:33,989 INFO    SenderThread:5500 [sender.py:_save_file():948] saving file wandb-summary.json with policy end
2022-05-23 08:34:34,732 INFO    Thread-11 :5500 [dir_watcher.py:_on_file_modified():257] file/dir modified: C:\Projects\Code\Neurals\wandb\run-20220523_083152-tenubdts\files\wandb-summary.json
2022-05-23 08:34:35,737 INFO    Thread-11 :5500 [dir_watcher.py:_on_file_modified():257] file/dir modified: C:\Projects\Code\Neurals\wandb\run-20220523_083152-tenubdts\files\output.log
2022-05-23 08:34:39,777 DEBUG   HandlerThread:5500 [handler.py:handle_request():141] handle_request: partial_history
2022-05-23 08:34:39,778 DEBUG   SenderThread:5500 [sender.py:send():232] send: history
2022-05-23 08:34:39,778 DEBUG   SenderThread:5500 [sender.py:send():232] send: summary
2022-05-23 08:34:39,782 INFO    SenderThread:5500 [sender.py:_save_file():948] saving file wandb-summary.json with policy end
2022-05-23 08:34:39,789 INFO    Thread-11 :5500 [dir_watcher.py:_on_file_modified():257] file/dir modified: C:\Projects\Code\Neurals\wandb\run-20220523_083152-tenubdts\files\wandb-summary.json
2022-05-23 08:34:40,052 DEBUG   HandlerThread:5500 [handler.py:handle_request():141] handle_request: partial_history
2022-05-23 08:34:40,052 DEBUG   SenderThread:5500 [sender.py:send():232] send: history
2022-05-23 08:34:40,053 DEBUG   SenderThread:5500 [sender.py:send():232] send: summary
2022-05-23 08:34:40,054 INFO    SenderThread:5500 [sender.py:_save_file():948] saving file wandb-summary.json with policy end
2022-05-23 08:34:40,799 INFO    Thread-11 :5500 [dir_watcher.py:_on_file_modified():257] file/dir modified: C:\Projects\Code\Neurals\wandb\run-20220523_083152-tenubdts\files\wandb-summary.json
2022-05-23 08:34:41,803 INFO    Thread-11 :5500 [dir_watcher.py:_on_file_modified():257] file/dir modified: C:\Projects\Code\Neurals\wandb\run-20220523_083152-tenubdts\files\output.log
2022-05-23 08:34:45,581 DEBUG   HandlerThread:5500 [handler.py:handle_request():141] handle_request: partial_history
2022-05-23 08:34:45,582 DEBUG   SenderThread:5500 [sender.py:send():232] send: history
2022-05-23 08:34:45,582 DEBUG   SenderThread:5500 [sender.py:send():232] send: summary
2022-05-23 08:34:45,583 INFO    SenderThread:5500 [sender.py:_save_file():948] saving file wandb-summary.json with policy end
2022-05-23 08:34:45,651 DEBUG   SenderThread:5500 [sender.py:send():232] send: stats
2022-05-23 08:34:45,816 DEBUG   HandlerThread:5500 [handler.py:handle_request():141] handle_request: partial_history
2022-05-23 08:34:45,817 DEBUG   SenderThread:5500 [sender.py:send():232] send: history
2022-05-23 08:34:45,817 DEBUG   SenderThread:5500 [sender.py:send():232] send: summary
2022-05-23 08:34:45,818 INFO    SenderThread:5500 [sender.py:_save_file():948] saving file wandb-summary.json with policy end
2022-05-23 08:34:45,827 INFO    Thread-11 :5500 [dir_watcher.py:_on_file_modified():257] file/dir modified: C:\Projects\Code\Neurals\wandb\run-20220523_083152-tenubdts\files\wandb-summary.json
2022-05-23 08:34:47,837 INFO    Thread-11 :5500 [dir_watcher.py:_on_file_modified():257] file/dir modified: C:\Projects\Code\Neurals\wandb\run-20220523_083152-tenubdts\files\output.log
2022-05-23 08:34:48,973 DEBUG   HandlerThread:5500 [handler.py:handle_request():141] handle_request: stop_status
2022-05-23 08:34:48,974 DEBUG   SenderThread:5500 [sender.py:send_request():246] send_request: stop_status
2022-05-23 08:34:50,885 DEBUG   HandlerThread:5500 [handler.py:handle_request():141] handle_request: partial_history
2022-05-23 08:34:50,885 DEBUG   SenderThread:5500 [sender.py:send():232] send: history
2022-05-23 08:34:50,885 DEBUG   SenderThread:5500 [sender.py:send():232] send: summary
2022-05-23 08:34:50,891 INFO    SenderThread:5500 [sender.py:_save_file():948] saving file wandb-summary.json with policy end
2022-05-23 08:34:51,086 DEBUG   HandlerThread:5500 [handler.py:handle_request():141] handle_request: partial_history
2022-05-23 08:34:51,088 DEBUG   SenderThread:5500 [sender.py:send():232] send: history
2022-05-23 08:34:51,089 DEBUG   SenderThread:5500 [sender.py:send():232] send: summary
2022-05-23 08:34:51,090 INFO    SenderThread:5500 [sender.py:_save_file():948] saving file wandb-summary.json with policy end
2022-05-23 08:34:51,872 INFO    Thread-11 :5500 [dir_watcher.py:_on_file_modified():257] file/dir modified: C:\Projects\Code\Neurals\wandb\run-20220523_083152-tenubdts\files\output.log
2022-05-23 08:34:51,872 INFO    Thread-11 :5500 [dir_watcher.py:_on_file_modified():257] file/dir modified: C:\Projects\Code\Neurals\wandb\run-20220523_083152-tenubdts\files\wandb-summary.json
2022-05-23 08:34:55,927 DEBUG   HandlerThread:5500 [handler.py:handle_request():141] handle_request: partial_history
2022-05-23 08:34:55,930 DEBUG   SenderThread:5500 [sender.py:send():232] send: history
2022-05-23 08:34:55,931 DEBUG   SenderThread:5500 [sender.py:send():232] send: summary
2022-05-23 08:34:55,932 INFO    SenderThread:5500 [sender.py:_save_file():948] saving file wandb-summary.json with policy end
2022-05-23 08:34:56,230 DEBUG   HandlerThread:5500 [handler.py:handle_request():141] handle_request: partial_history
2022-05-23 08:34:56,231 DEBUG   SenderThread:5500 [sender.py:send():232] send: history
2022-05-23 08:34:56,231 DEBUG   SenderThread:5500 [sender.py:send():232] send: summary
2022-05-23 08:34:56,232 INFO    SenderThread:5500 [sender.py:_save_file():948] saving file wandb-summary.json with policy end
2022-05-23 08:34:56,931 INFO    Thread-11 :5500 [dir_watcher.py:_on_file_modified():257] file/dir modified: C:\Projects\Code\Neurals\wandb\run-20220523_083152-tenubdts\files\wandb-summary.json
2022-05-23 08:34:57,942 INFO    Thread-11 :5500 [dir_watcher.py:_on_file_modified():257] file/dir modified: C:\Projects\Code\Neurals\wandb\run-20220523_083152-tenubdts\files\output.log
2022-05-23 08:35:00,958 DEBUG   HandlerThread:5500 [handler.py:handle_request():141] handle_request: partial_history
2022-05-23 08:35:00,959 DEBUG   SenderThread:5500 [sender.py:send():232] send: history
2022-05-23 08:35:00,959 DEBUG   SenderThread:5500 [sender.py:send():232] send: summary
2022-05-23 08:35:00,962 INFO    SenderThread:5500 [sender.py:_save_file():948] saving file wandb-summary.json with policy end
2022-05-23 08:35:00,967 INFO    Thread-11 :5500 [dir_watcher.py:_on_file_modified():257] file/dir modified: C:\Projects\Code\Neurals\wandb\run-20220523_083152-tenubdts\files\wandb-summary.json
2022-05-23 08:35:01,167 DEBUG   HandlerThread:5500 [handler.py:handle_request():141] handle_request: partial_history
2022-05-23 08:35:01,168 DEBUG   SenderThread:5500 [sender.py:send():232] send: history
2022-05-23 08:35:01,168 DEBUG   SenderThread:5500 [sender.py:send():232] send: summary
2022-05-23 08:35:01,169 INFO    SenderThread:5500 [sender.py:_save_file():948] saving file wandb-summary.json with policy end
2022-05-23 08:35:01,970 INFO    Thread-11 :5500 [dir_watcher.py:_on_file_modified():257] file/dir modified: C:\Projects\Code\Neurals\wandb\run-20220523_083152-tenubdts\files\output.log
2022-05-23 08:35:01,971 INFO    Thread-11 :5500 [dir_watcher.py:_on_file_modified():257] file/dir modified: C:\Projects\Code\Neurals\wandb\run-20220523_083152-tenubdts\files\wandb-summary.json
2022-05-23 08:35:04,297 DEBUG   HandlerThread:5500 [handler.py:handle_request():141] handle_request: stop_status
2022-05-23 08:35:04,298 DEBUG   SenderThread:5500 [sender.py:send_request():246] send_request: stop_status
2022-05-23 08:35:05,975 DEBUG   HandlerThread:5500 [handler.py:handle_request():141] handle_request: partial_history
2022-05-23 08:35:05,976 DEBUG   SenderThread:5500 [sender.py:send():232] send: history
2022-05-23 08:35:05,977 DEBUG   SenderThread:5500 [sender.py:send():232] send: summary
2022-05-23 08:35:05,978 INFO    SenderThread:5500 [sender.py:_save_file():948] saving file wandb-summary.json with policy end
2022-05-23 08:35:06,009 INFO    Thread-11 :5500 [dir_watcher.py:_on_file_modified():257] file/dir modified: C:\Projects\Code\Neurals\wandb\run-20220523_083152-tenubdts\files\wandb-summary.json
2022-05-23 08:35:06,267 DEBUG   HandlerThread:5500 [handler.py:handle_request():141] handle_request: partial_history
2022-05-23 08:35:06,269 DEBUG   SenderThread:5500 [sender.py:send():232] send: history
2022-05-23 08:35:06,269 DEBUG   SenderThread:5500 [sender.py:send():232] send: summary
2022-05-23 08:35:06,271 INFO    SenderThread:5500 [sender.py:_save_file():948] saving file wandb-summary.json with policy end
2022-05-23 08:35:07,018 INFO    Thread-11 :5500 [dir_watcher.py:_on_file_modified():257] file/dir modified: C:\Projects\Code\Neurals\wandb\run-20220523_083152-tenubdts\files\wandb-summary.json
2022-05-23 08:35:08,037 INFO    Thread-11 :5500 [dir_watcher.py:_on_file_modified():257] file/dir modified: C:\Projects\Code\Neurals\wandb\run-20220523_083152-tenubdts\files\output.log
2022-05-23 08:35:12,684 DEBUG   HandlerThread:5500 [handler.py:handle_request():141] handle_request: partial_history
2022-05-23 08:35:12,685 DEBUG   SenderThread:5500 [sender.py:send():232] send: history
2022-05-23 08:35:12,686 DEBUG   SenderThread:5500 [sender.py:send():232] send: summary
2022-05-23 08:35:12,688 INFO    SenderThread:5500 [sender.py:_save_file():948] saving file wandb-summary.json with policy end
2022-05-23 08:35:12,887 DEBUG   HandlerThread:5500 [handler.py:handle_request():141] handle_request: partial_history
2022-05-23 08:35:12,895 DEBUG   SenderThread:5500 [sender.py:send():232] send: history
2022-05-23 08:35:12,897 DEBUG   SenderThread:5500 [sender.py:send():232] send: summary
2022-05-23 08:35:12,897 INFO    SenderThread:5500 [sender.py:_save_file():948] saving file wandb-summary.json with policy end
2022-05-23 08:35:13,085 INFO    Thread-11 :5500 [dir_watcher.py:_on_file_modified():257] file/dir modified: C:\Projects\Code\Neurals\wandb\run-20220523_083152-tenubdts\files\wandb-summary.json
2022-05-23 08:35:14,099 INFO    Thread-11 :5500 [dir_watcher.py:_on_file_modified():257] file/dir modified: C:\Projects\Code\Neurals\wandb\run-20220523_083152-tenubdts\files\output.log
2022-05-23 08:35:18,543 DEBUG   HandlerThread:5500 [handler.py:handle_request():141] handle_request: partial_history
2022-05-23 08:35:18,545 DEBUG   SenderThread:5500 [sender.py:send():232] send: history
2022-05-23 08:35:18,545 DEBUG   SenderThread:5500 [sender.py:send():232] send: summary
2022-05-23 08:35:18,546 INFO    SenderThread:5500 [sender.py:_save_file():948] saving file wandb-summary.json with policy end
2022-05-23 08:35:18,828 DEBUG   HandlerThread:5500 [handler.py:handle_request():141] handle_request: partial_history
2022-05-23 08:35:18,831 DEBUG   SenderThread:5500 [sender.py:send():232] send: history
2022-05-23 08:35:18,831 DEBUG   SenderThread:5500 [sender.py:send():232] send: summary
2022-05-23 08:35:18,833 INFO    SenderThread:5500 [sender.py:_save_file():948] saving file wandb-summary.json with policy end
2022-05-23 08:35:19,217 DEBUG   SenderThread:5500 [sender.py:send():232] send: stats
2022-05-23 08:35:19,218 INFO    Thread-11 :5500 [dir_watcher.py:_on_file_modified():257] file/dir modified: C:\Projects\Code\Neurals\wandb\run-20220523_083152-tenubdts\files\wandb-summary.json
2022-05-23 08:35:19,593 DEBUG   HandlerThread:5500 [handler.py:handle_request():141] handle_request: stop_status
2022-05-23 08:35:19,593 DEBUG   SenderThread:5500 [sender.py:send_request():246] send_request: stop_status
2022-05-23 08:35:20,225 INFO    Thread-11 :5500 [dir_watcher.py:_on_file_modified():257] file/dir modified: C:\Projects\Code\Neurals\wandb\run-20220523_083152-tenubdts\files\output.log
2022-05-23 08:35:23,607 DEBUG   HandlerThread:5500 [handler.py:handle_request():141] handle_request: partial_history
2022-05-23 08:35:23,609 DEBUG   SenderThread:5500 [sender.py:send():232] send: history
2022-05-23 08:35:23,610 DEBUG   SenderThread:5500 [sender.py:send():232] send: summary
2022-05-23 08:35:23,613 INFO    SenderThread:5500 [sender.py:_save_file():948] saving file wandb-summary.json with policy end
2022-05-23 08:35:23,832 DEBUG   HandlerThread:5500 [handler.py:handle_request():141] handle_request: partial_history
2022-05-23 08:35:23,832 DEBUG   SenderThread:5500 [sender.py:send():232] send: history
2022-05-23 08:35:23,832 DEBUG   SenderThread:5500 [sender.py:send():232] send: summary
2022-05-23 08:35:23,833 INFO    SenderThread:5500 [sender.py:_save_file():948] saving file wandb-summary.json with policy end
2022-05-23 08:35:24,247 INFO    Thread-11 :5500 [dir_watcher.py:_on_file_modified():257] file/dir modified: C:\Projects\Code\Neurals\wandb\run-20220523_083152-tenubdts\files\wandb-summary.json
2022-05-23 08:35:26,278 INFO    Thread-11 :5500 [dir_watcher.py:_on_file_modified():257] file/dir modified: C:\Projects\Code\Neurals\wandb\run-20220523_083152-tenubdts\files\output.log
2022-05-23 08:35:29,191 DEBUG   HandlerThread:5500 [handler.py:handle_request():141] handle_request: partial_history
2022-05-23 08:35:29,192 DEBUG   SenderThread:5500 [sender.py:send():232] send: history
2022-05-23 08:35:29,192 DEBUG   SenderThread:5500 [sender.py:send():232] send: summary
2022-05-23 08:35:29,193 INFO    SenderThread:5500 [sender.py:_save_file():948] saving file wandb-summary.json with policy end
2022-05-23 08:35:29,308 INFO    Thread-11 :5500 [dir_watcher.py:_on_file_modified():257] file/dir modified: C:\Projects\Code\Neurals\wandb\run-20220523_083152-tenubdts\files\wandb-summary.json
2022-05-23 08:35:29,421 DEBUG   HandlerThread:5500 [handler.py:handle_request():141] handle_request: partial_history
2022-05-23 08:35:29,422 DEBUG   SenderThread:5500 [sender.py:send():232] send: history
2022-05-23 08:35:29,423 DEBUG   SenderThread:5500 [sender.py:send():232] send: summary
2022-05-23 08:35:29,424 INFO    SenderThread:5500 [sender.py:_save_file():948] saving file wandb-summary.json with policy end
2022-05-23 08:35:30,327 INFO    Thread-11 :5500 [dir_watcher.py:_on_file_modified():257] file/dir modified: C:\Projects\Code\Neurals\wandb\run-20220523_083152-tenubdts\files\output.log
2022-05-23 08:35:30,327 INFO    Thread-11 :5500 [dir_watcher.py:_on_file_modified():257] file/dir modified: C:\Projects\Code\Neurals\wandb\run-20220523_083152-tenubdts\files\wandb-summary.json
2022-05-23 08:35:32,345 INFO    Thread-11 :5500 [dir_watcher.py:_on_file_modified():257] file/dir modified: C:\Projects\Code\Neurals\wandb\run-20220523_083152-tenubdts\files\output.log
2022-05-23 08:35:34,226 DEBUG   HandlerThread:5500 [handler.py:handle_request():141] handle_request: partial_history
2022-05-23 08:35:34,227 DEBUG   SenderThread:5500 [sender.py:send():232] send: history
2022-05-23 08:35:34,228 DEBUG   SenderThread:5500 [sender.py:send():232] send: summary
2022-05-23 08:35:34,232 INFO    SenderThread:5500 [sender.py:_save_file():948] saving file wandb-summary.json with policy end
2022-05-23 08:35:34,367 INFO    Thread-11 :5500 [dir_watcher.py:_on_file_modified():257] file/dir modified: C:\Projects\Code\Neurals\wandb\run-20220523_083152-tenubdts\files\wandb-summary.json
2022-05-23 08:35:34,596 DEBUG   HandlerThread:5500 [handler.py:handle_request():141] handle_request: partial_history
2022-05-23 08:35:34,597 DEBUG   SenderThread:5500 [sender.py:send():232] send: history
2022-05-23 08:35:34,599 DEBUG   SenderThread:5500 [sender.py:send():232] send: summary
2022-05-23 08:35:34,603 INFO    SenderThread:5500 [sender.py:_save_file():948] saving file wandb-summary.json with policy end
2022-05-23 08:35:34,908 DEBUG   HandlerThread:5500 [handler.py:handle_request():141] handle_request: stop_status
2022-05-23 08:35:34,908 DEBUG   SenderThread:5500 [sender.py:send_request():246] send_request: stop_status
2022-05-23 08:35:35,378 INFO    Thread-11 :5500 [dir_watcher.py:_on_file_modified():257] file/dir modified: C:\Projects\Code\Neurals\wandb\run-20220523_083152-tenubdts\files\wandb-summary.json
2022-05-23 08:35:36,385 INFO    Thread-11 :5500 [dir_watcher.py:_on_file_modified():257] file/dir modified: C:\Projects\Code\Neurals\wandb\run-20220523_083152-tenubdts\files\output.log
2022-05-23 08:35:40,753 DEBUG   HandlerThread:5500 [handler.py:handle_request():141] handle_request: partial_history
2022-05-23 08:35:40,755 DEBUG   SenderThread:5500 [sender.py:send():232] send: history
2022-05-23 08:35:40,755 DEBUG   SenderThread:5500 [sender.py:send():232] send: summary
2022-05-23 08:35:40,757 INFO    SenderThread:5500 [sender.py:_save_file():948] saving file wandb-summary.json with policy end
2022-05-23 08:35:41,024 DEBUG   HandlerThread:5500 [handler.py:handle_request():141] handle_request: partial_history
2022-05-23 08:35:41,026 DEBUG   SenderThread:5500 [sender.py:send():232] send: history
2022-05-23 08:35:41,026 DEBUG   SenderThread:5500 [sender.py:send():232] send: summary
2022-05-23 08:35:41,028 INFO    SenderThread:5500 [sender.py:_save_file():948] saving file wandb-summary.json with policy end
2022-05-23 08:35:41,450 INFO    Thread-11 :5500 [dir_watcher.py:_on_file_modified():257] file/dir modified: C:\Projects\Code\Neurals\wandb\run-20220523_083152-tenubdts\files\wandb-summary.json
2022-05-23 08:35:42,461 INFO    Thread-11 :5500 [dir_watcher.py:_on_file_modified():257] file/dir modified: C:\Projects\Code\Neurals\wandb\run-20220523_083152-tenubdts\files\output.log
2022-05-23 08:35:46,206 DEBUG   HandlerThread:5500 [handler.py:handle_request():141] handle_request: partial_history
2022-05-23 08:35:46,209 DEBUG   SenderThread:5500 [sender.py:send():232] send: history
2022-05-23 08:35:46,211 DEBUG   SenderThread:5500 [sender.py:send():232] send: summary
2022-05-23 08:35:46,216 INFO    SenderThread:5500 [sender.py:_save_file():948] saving file wandb-summary.json with policy end
2022-05-23 08:35:46,511 INFO    Thread-11 :5500 [dir_watcher.py:_on_file_modified():257] file/dir modified: C:\Projects\Code\Neurals\wandb\run-20220523_083152-tenubdts\files\wandb-summary.json
2022-05-23 08:35:46,576 DEBUG   HandlerThread:5500 [handler.py:handle_request():141] handle_request: partial_history
2022-05-23 08:35:46,577 DEBUG   SenderThread:5500 [sender.py:send():232] send: history
2022-05-23 08:35:46,577 DEBUG   SenderThread:5500 [sender.py:send():232] send: summary
2022-05-23 08:35:46,578 INFO    SenderThread:5500 [sender.py:_save_file():948] saving file wandb-summary.json with policy end
2022-05-23 08:35:47,526 INFO    Thread-11 :5500 [dir_watcher.py:_on_file_modified():257] file/dir modified: C:\Projects\Code\Neurals\wandb\run-20220523_083152-tenubdts\files\wandb-summary.json
2022-05-23 08:35:48,537 INFO    Thread-11 :5500 [dir_watcher.py:_on_file_modified():257] file/dir modified: C:\Projects\Code\Neurals\wandb\run-20220523_083152-tenubdts\files\output.log
2022-05-23 08:35:50,235 DEBUG   HandlerThread:5500 [handler.py:handle_request():141] handle_request: stop_status
2022-05-23 08:35:50,235 DEBUG   SenderThread:5500 [sender.py:send_request():246] send_request: stop_status
2022-05-23 08:35:51,766 DEBUG   HandlerThread:5500 [handler.py:handle_request():141] handle_request: partial_history
2022-05-23 08:35:51,767 DEBUG   SenderThread:5500 [sender.py:send():232] send: history
2022-05-23 08:35:51,768 DEBUG   SenderThread:5500 [sender.py:send():232] send: summary
2022-05-23 08:35:51,769 INFO    SenderThread:5500 [sender.py:_save_file():948] saving file wandb-summary.json with policy end
2022-05-23 08:35:52,070 DEBUG   HandlerThread:5500 [handler.py:handle_request():141] handle_request: partial_history
2022-05-23 08:35:52,072 DEBUG   SenderThread:5500 [sender.py:send():232] send: history
2022-05-23 08:35:52,074 DEBUG   SenderThread:5500 [sender.py:send():232] send: summary
2022-05-23 08:35:52,077 INFO    SenderThread:5500 [sender.py:_save_file():948] saving file wandb-summary.json with policy end
2022-05-23 08:35:52,573 INFO    Thread-11 :5500 [dir_watcher.py:_on_file_modified():257] file/dir modified: C:\Projects\Code\Neurals\wandb\run-20220523_083152-tenubdts\files\wandb-summary.json
2022-05-23 08:35:52,711 DEBUG   SenderThread:5500 [sender.py:send():232] send: stats
2022-05-23 08:35:54,597 INFO    Thread-11 :5500 [dir_watcher.py:_on_file_modified():257] file/dir modified: C:\Projects\Code\Neurals\wandb\run-20220523_083152-tenubdts\files\output.log
2022-05-23 08:35:56,892 DEBUG   HandlerThread:5500 [handler.py:handle_request():141] handle_request: partial_history
2022-05-23 08:35:56,893 DEBUG   SenderThread:5500 [sender.py:send():232] send: history
2022-05-23 08:35:56,893 DEBUG   SenderThread:5500 [sender.py:send():232] send: summary
2022-05-23 08:35:56,897 INFO    SenderThread:5500 [sender.py:_save_file():948] saving file wandb-summary.json with policy end
2022-05-23 08:35:57,200 DEBUG   HandlerThread:5500 [handler.py:handle_request():141] handle_request: partial_history
2022-05-23 08:35:57,202 DEBUG   SenderThread:5500 [sender.py:send():232] send: history
2022-05-23 08:35:57,202 DEBUG   SenderThread:5500 [sender.py:send():232] send: summary
2022-05-23 08:35:57,204 INFO    SenderThread:5500 [sender.py:_save_file():948] saving file wandb-summary.json with policy end
2022-05-23 08:35:57,625 INFO    Thread-11 :5500 [dir_watcher.py:_on_file_modified():257] file/dir modified: C:\Projects\Code\Neurals\wandb\run-20220523_083152-tenubdts\files\output.log
2022-05-23 08:35:57,625 INFO    Thread-11 :5500 [dir_watcher.py:_on_file_modified():257] file/dir modified: C:\Projects\Code\Neurals\wandb\run-20220523_083152-tenubdts\files\wandb-summary.json
2022-05-23 08:35:59,639 INFO    Thread-11 :5500 [dir_watcher.py:_on_file_modified():257] file/dir modified: C:\Projects\Code\Neurals\wandb\run-20220523_083152-tenubdts\files\output.log
2022-05-23 08:36:03,281 DEBUG   HandlerThread:5500 [handler.py:handle_request():141] handle_request: partial_history
2022-05-23 08:36:03,282 DEBUG   SenderThread:5500 [sender.py:send():232] send: history
2022-05-23 08:36:03,283 DEBUG   SenderThread:5500 [sender.py:send():232] send: summary
2022-05-23 08:36:03,285 INFO    SenderThread:5500 [sender.py:_save_file():948] saving file wandb-summary.json with policy end
2022-05-23 08:36:03,619 DEBUG   HandlerThread:5500 [handler.py:handle_request():141] handle_request: partial_history
2022-05-23 08:36:03,620 DEBUG   SenderThread:5500 [sender.py:send():232] send: history
2022-05-23 08:36:03,621 DEBUG   SenderThread:5500 [sender.py:send():232] send: summary
2022-05-23 08:36:03,622 INFO    SenderThread:5500 [sender.py:_save_file():948] saving file wandb-summary.json with policy end
2022-05-23 08:36:03,671 INFO    Thread-11 :5500 [dir_watcher.py:_on_file_modified():257] file/dir modified: C:\Projects\Code\Neurals\wandb\run-20220523_083152-tenubdts\files\wandb-summary.json
2022-05-23 08:36:05,560 DEBUG   HandlerThread:5500 [handler.py:handle_request():141] handle_request: stop_status
2022-05-23 08:36:05,561 DEBUG   SenderThread:5500 [sender.py:send_request():246] send_request: stop_status
2022-05-23 08:36:05,691 INFO    Thread-11 :5500 [dir_watcher.py:_on_file_modified():257] file/dir modified: C:\Projects\Code\Neurals\wandb\run-20220523_083152-tenubdts\files\output.log
2022-05-23 08:36:13,277 DEBUG   HandlerThread:5500 [handler.py:handle_request():141] handle_request: partial_history
2022-05-23 08:36:13,280 DEBUG   SenderThread:5500 [sender.py:send():232] send: history
2022-05-23 08:36:13,282 DEBUG   SenderThread:5500 [sender.py:send():232] send: summary
2022-05-23 08:36:13,286 INFO    SenderThread:5500 [sender.py:_save_file():948] saving file wandb-summary.json with policy end
2022-05-23 08:36:13,619 DEBUG   HandlerThread:5500 [handler.py:handle_request():141] handle_request: partial_history
2022-05-23 08:36:13,621 DEBUG   SenderThread:5500 [sender.py:send():232] send: history
2022-05-23 08:36:13,622 DEBUG   SenderThread:5500 [sender.py:send():232] send: summary
2022-05-23 08:36:13,624 INFO    SenderThread:5500 [sender.py:_save_file():948] saving file wandb-summary.json with policy end
2022-05-23 08:36:13,797 INFO    Thread-11 :5500 [dir_watcher.py:_on_file_modified():257] file/dir modified: C:\Projects\Code\Neurals\wandb\run-20220523_083152-tenubdts\files\wandb-summary.json
2022-05-23 08:36:15,819 INFO    Thread-11 :5500 [dir_watcher.py:_on_file_modified():257] file/dir modified: C:\Projects\Code\Neurals\wandb\run-20220523_083152-tenubdts\files\output.log
2022-05-23 08:36:20,451 DEBUG   HandlerThread:5500 [handler.py:handle_request():141] handle_request: partial_history
2022-05-23 08:36:20,452 DEBUG   SenderThread:5500 [sender.py:send():232] send: history
2022-05-23 08:36:20,453 DEBUG   SenderThread:5500 [sender.py:send():232] send: summary
2022-05-23 08:36:20,455 INFO    SenderThread:5500 [sender.py:_save_file():948] saving file wandb-summary.json with policy end
2022-05-23 08:36:20,766 DEBUG   HandlerThread:5500 [handler.py:handle_request():141] handle_request: partial_history
2022-05-23 08:36:20,768 DEBUG   SenderThread:5500 [sender.py:send():232] send: history
2022-05-23 08:36:20,769 DEBUG   SenderThread:5500 [sender.py:send():232] send: summary
2022-05-23 08:36:20,769 INFO    SenderThread:5500 [sender.py:_save_file():948] saving file wandb-summary.json with policy end
2022-05-23 08:36:20,863 INFO    Thread-11 :5500 [dir_watcher.py:_on_file_modified():257] file/dir modified: C:\Projects\Code\Neurals\wandb\run-20220523_083152-tenubdts\files\wandb-summary.json
2022-05-23 08:36:20,912 DEBUG   HandlerThread:5500 [handler.py:handle_request():141] handle_request: stop_status
2022-05-23 08:36:20,913 DEBUG   SenderThread:5500 [sender.py:send_request():246] send_request: stop_status
2022-05-23 08:36:21,871 INFO    Thread-11 :5500 [dir_watcher.py:_on_file_modified():257] file/dir modified: C:\Projects\Code\Neurals\wandb\run-20220523_083152-tenubdts\files\output.log
2022-05-23 08:36:26,289 DEBUG   SenderThread:5500 [sender.py:send():232] send: stats
2022-05-23 08:36:26,946 DEBUG   HandlerThread:5500 [handler.py:handle_request():141] handle_request: partial_history
2022-05-23 08:36:26,948 DEBUG   SenderThread:5500 [sender.py:send():232] send: history
2022-05-23 08:36:26,949 DEBUG   SenderThread:5500 [sender.py:send():232] send: summary
2022-05-23 08:36:26,950 INFO    SenderThread:5500 [sender.py:_save_file():948] saving file wandb-summary.json with policy end
2022-05-23 08:36:27,274 DEBUG   HandlerThread:5500 [handler.py:handle_request():141] handle_request: partial_history
2022-05-23 08:36:27,275 DEBUG   SenderThread:5500 [sender.py:send():232] send: history
2022-05-23 08:36:27,275 DEBUG   SenderThread:5500 [sender.py:send():232] send: summary
2022-05-23 08:36:27,276 INFO    SenderThread:5500 [sender.py:_save_file():948] saving file wandb-summary.json with policy end
2022-05-23 08:36:27,935 INFO    Thread-11 :5500 [dir_watcher.py:_on_file_modified():257] file/dir modified: C:\Projects\Code\Neurals\wandb\run-20220523_083152-tenubdts\files\output.log
2022-05-23 08:36:27,936 INFO    Thread-11 :5500 [dir_watcher.py:_on_file_modified():257] file/dir modified: C:\Projects\Code\Neurals\wandb\run-20220523_083152-tenubdts\files\wandb-summary.json
2022-05-23 08:36:33,313 DEBUG   HandlerThread:5500 [handler.py:handle_request():141] handle_request: partial_history
2022-05-23 08:36:33,316 DEBUG   SenderThread:5500 [sender.py:send():232] send: history
2022-05-23 08:36:33,316 DEBUG   SenderThread:5500 [sender.py:send():232] send: summary
2022-05-23 08:36:33,318 INFO    SenderThread:5500 [sender.py:_save_file():948] saving file wandb-summary.json with policy end
2022-05-23 08:36:33,642 DEBUG   HandlerThread:5500 [handler.py:handle_request():141] handle_request: partial_history
2022-05-23 08:36:33,643 DEBUG   SenderThread:5500 [sender.py:send():232] send: history
2022-05-23 08:36:33,645 DEBUG   SenderThread:5500 [sender.py:send():232] send: summary
2022-05-23 08:36:33,646 INFO    SenderThread:5500 [sender.py:_save_file():948] saving file wandb-summary.json with policy end
2022-05-23 08:36:33,997 INFO    Thread-11 :5500 [dir_watcher.py:_on_file_modified():257] file/dir modified: C:\Projects\Code\Neurals\wandb\run-20220523_083152-tenubdts\files\output.log
2022-05-23 08:36:33,999 INFO    Thread-11 :5500 [dir_watcher.py:_on_file_modified():257] file/dir modified: C:\Projects\Code\Neurals\wandb\run-20220523_083152-tenubdts\files\wandb-summary.json
2022-05-23 08:36:36,015 INFO    Thread-11 :5500 [dir_watcher.py:_on_file_modified():257] file/dir modified: C:\Projects\Code\Neurals\wandb\run-20220523_083152-tenubdts\files\output.log
2022-05-23 08:36:36,209 DEBUG   HandlerThread:5500 [handler.py:handle_request():141] handle_request: stop_status
2022-05-23 08:36:36,209 DEBUG   SenderThread:5500 [sender.py:send_request():246] send_request: stop_status
2022-05-23 08:36:39,723 DEBUG   HandlerThread:5500 [handler.py:handle_request():141] handle_request: partial_history
2022-05-23 08:36:39,726 DEBUG   SenderThread:5500 [sender.py:send():232] send: history
2022-05-23 08:36:39,728 DEBUG   SenderThread:5500 [sender.py:send():232] send: summary
2022-05-23 08:36:39,732 INFO    SenderThread:5500 [sender.py:_save_file():948] saving file wandb-summary.json with policy end
2022-05-23 08:36:40,044 INFO    Thread-11 :5500 [dir_watcher.py:_on_file_modified():257] file/dir modified: C:\Projects\Code\Neurals\wandb\run-20220523_083152-tenubdts\files\wandb-summary.json
2022-05-23 08:36:40,045 DEBUG   HandlerThread:5500 [handler.py:handle_request():141] handle_request: partial_history
2022-05-23 08:36:40,046 DEBUG   SenderThread:5500 [sender.py:send():232] send: history
2022-05-23 08:36:40,048 DEBUG   SenderThread:5500 [sender.py:send():232] send: summary
2022-05-23 08:36:40,050 INFO    SenderThread:5500 [sender.py:_save_file():948] saving file wandb-summary.json with policy end
2022-05-23 08:36:41,050 INFO    Thread-11 :5500 [dir_watcher.py:_on_file_modified():257] file/dir modified: C:\Projects\Code\Neurals\wandb\run-20220523_083152-tenubdts\files\wandb-summary.json
2022-05-23 08:36:42,055 INFO    Thread-11 :5500 [dir_watcher.py:_on_file_modified():257] file/dir modified: C:\Projects\Code\Neurals\wandb\run-20220523_083152-tenubdts\files\output.log
2022-05-23 08:36:46,034 DEBUG   HandlerThread:5500 [handler.py:handle_request():141] handle_request: partial_history
2022-05-23 08:36:46,036 DEBUG   SenderThread:5500 [sender.py:send():232] send: history
2022-05-23 08:36:46,036 DEBUG   SenderThread:5500 [sender.py:send():232] send: summary
2022-05-23 08:36:46,038 INFO    SenderThread:5500 [sender.py:_save_file():948] saving file wandb-summary.json with policy end
2022-05-23 08:36:46,087 INFO    Thread-11 :5500 [dir_watcher.py:_on_file_modified():257] file/dir modified: C:\Projects\Code\Neurals\wandb\run-20220523_083152-tenubdts\files\wandb-summary.json
2022-05-23 08:36:46,325 DEBUG   HandlerThread:5500 [handler.py:handle_request():141] handle_request: partial_history
2022-05-23 08:36:46,326 DEBUG   SenderThread:5500 [sender.py:send():232] send: history
2022-05-23 08:36:46,326 DEBUG   SenderThread:5500 [sender.py:send():232] send: summary
2022-05-23 08:36:46,328 INFO    SenderThread:5500 [sender.py:_save_file():948] saving file wandb-summary.json with policy end
2022-05-23 08:36:47,094 INFO    Thread-11 :5500 [dir_watcher.py:_on_file_modified():257] file/dir modified: C:\Projects\Code\Neurals\wandb\run-20220523_083152-tenubdts\files\wandb-summary.json
2022-05-23 08:36:48,103 INFO    Thread-11 :5500 [dir_watcher.py:_on_file_modified():257] file/dir modified: C:\Projects\Code\Neurals\wandb\run-20220523_083152-tenubdts\files\output.log
2022-05-23 08:36:51,505 DEBUG   HandlerThread:5500 [handler.py:handle_request():141] handle_request: stop_status
2022-05-23 08:36:51,506 DEBUG   SenderThread:5500 [sender.py:send_request():246] send_request: stop_status
2022-05-23 08:36:51,744 DEBUG   HandlerThread:5500 [handler.py:handle_request():141] handle_request: partial_history
2022-05-23 08:36:51,922 DEBUG   HandlerThread:5500 [handler.py:handle_request():141] handle_request: partial_history
2022-05-23 08:36:51,943 DEBUG   SenderThread:5500 [sender.py:send():232] send: history
2022-05-23 08:36:51,944 DEBUG   SenderThread:5500 [sender.py:send():232] send: summary
2022-05-23 08:36:51,946 INFO    SenderThread:5500 [sender.py:_save_file():948] saving file wandb-summary.json with policy end
2022-05-23 08:36:51,947 DEBUG   SenderThread:5500 [sender.py:send():232] send: history
2022-05-23 08:36:51,947 DEBUG   SenderThread:5500 [sender.py:send():232] send: summary
2022-05-23 08:36:51,948 INFO    SenderThread:5500 [sender.py:_save_file():948] saving file wandb-summary.json with policy end
2022-05-23 08:36:52,140 INFO    Thread-11 :5500 [dir_watcher.py:_on_file_modified():257] file/dir modified: C:\Projects\Code\Neurals\wandb\run-20220523_083152-tenubdts\files\output.log
2022-05-23 08:36:52,141 INFO    Thread-11 :5500 [dir_watcher.py:_on_file_modified():257] file/dir modified: C:\Projects\Code\Neurals\wandb\run-20220523_083152-tenubdts\files\wandb-summary.json
2022-05-23 08:36:54,161 INFO    Thread-11 :5500 [dir_watcher.py:_on_file_modified():257] file/dir modified: C:\Projects\Code\Neurals\wandb\run-20220523_083152-tenubdts\files\output.log
2022-05-23 08:36:56,213 DEBUG   HandlerThread:5500 [handler.py:handle_request():141] handle_request: partial_history
2022-05-23 08:36:56,214 DEBUG   SenderThread:5500 [sender.py:send():232] send: history
2022-05-23 08:36:56,215 DEBUG   SenderThread:5500 [sender.py:send():232] send: summary
2022-05-23 08:36:56,216 INFO    SenderThread:5500 [sender.py:_save_file():948] saving file wandb-summary.json with policy end
2022-05-23 08:36:56,422 DEBUG   HandlerThread:5500 [handler.py:handle_request():141] handle_request: partial_history
2022-05-23 08:36:56,424 DEBUG   SenderThread:5500 [sender.py:send():232] send: history
2022-05-23 08:36:56,425 DEBUG   SenderThread:5500 [sender.py:send():232] send: summary
2022-05-23 08:36:56,426 INFO    SenderThread:5500 [sender.py:_save_file():948] saving file wandb-summary.json with policy end
2022-05-23 08:36:57,195 INFO    Thread-11 :5500 [dir_watcher.py:_on_file_modified():257] file/dir modified: C:\Projects\Code\Neurals\wandb\run-20220523_083152-tenubdts\files\wandb-summary.json
2022-05-23 08:36:58,208 INFO    Thread-11 :5500 [dir_watcher.py:_on_file_modified():257] file/dir modified: C:\Projects\Code\Neurals\wandb\run-20220523_083152-tenubdts\files\output.log
2022-05-23 08:36:59,699 DEBUG   SenderThread:5500 [sender.py:send():232] send: stats
2022-05-23 08:37:02,416 DEBUG   HandlerThread:5500 [handler.py:handle_request():141] handle_request: partial_history
2022-05-23 08:37:02,418 DEBUG   SenderThread:5500 [sender.py:send():232] send: history
2022-05-23 08:37:02,420 DEBUG   SenderThread:5500 [sender.py:send():232] send: summary
2022-05-23 08:37:02,423 INFO    SenderThread:5500 [sender.py:_save_file():948] saving file wandb-summary.json with policy end
2022-05-23 08:37:02,770 DEBUG   HandlerThread:5500 [handler.py:handle_request():141] handle_request: partial_history
2022-05-23 08:37:02,772 DEBUG   SenderThread:5500 [sender.py:send():232] send: history
2022-05-23 08:37:02,772 DEBUG   SenderThread:5500 [sender.py:send():232] send: summary
2022-05-23 08:37:02,774 INFO    SenderThread:5500 [sender.py:_save_file():948] saving file wandb-summary.json with policy end
2022-05-23 08:37:03,262 INFO    Thread-11 :5500 [dir_watcher.py:_on_file_modified():257] file/dir modified: C:\Projects\Code\Neurals\wandb\run-20220523_083152-tenubdts\files\wandb-summary.json
2022-05-23 08:37:04,275 INFO    Thread-11 :5500 [dir_watcher.py:_on_file_modified():257] file/dir modified: C:\Projects\Code\Neurals\wandb\run-20220523_083152-tenubdts\files\output.log
2022-05-23 08:37:06,960 DEBUG   HandlerThread:5500 [handler.py:handle_request():141] handle_request: stop_status
2022-05-23 08:37:06,960 DEBUG   SenderThread:5500 [sender.py:send_request():246] send_request: stop_status
2022-05-23 08:37:09,342 DEBUG   HandlerThread:5500 [handler.py:handle_request():141] handle_request: partial_history
2022-05-23 08:37:09,343 DEBUG   SenderThread:5500 [sender.py:send():232] send: history
2022-05-23 08:37:09,343 DEBUG   SenderThread:5500 [sender.py:send():232] send: summary
2022-05-23 08:37:09,345 INFO    SenderThread:5500 [sender.py:_save_file():948] saving file wandb-summary.json with policy end
2022-05-23 08:37:09,650 DEBUG   HandlerThread:5500 [handler.py:handle_request():141] handle_request: partial_history
2022-05-23 08:37:09,651 DEBUG   SenderThread:5500 [sender.py:send():232] send: history
2022-05-23 08:37:09,651 DEBUG   SenderThread:5500 [sender.py:send():232] send: summary
2022-05-23 08:37:09,652 INFO    SenderThread:5500 [sender.py:_save_file():948] saving file wandb-summary.json with policy end
2022-05-23 08:37:10,334 INFO    Thread-11 :5500 [dir_watcher.py:_on_file_modified():257] file/dir modified: C:\Projects\Code\Neurals\wandb\run-20220523_083152-tenubdts\files\output.log
2022-05-23 08:37:10,335 INFO    Thread-11 :5500 [dir_watcher.py:_on_file_modified():257] file/dir modified: C:\Projects\Code\Neurals\wandb\run-20220523_083152-tenubdts\files\wandb-summary.json
2022-05-23 08:37:15,337 DEBUG   HandlerThread:5500 [handler.py:handle_request():141] handle_request: partial_history
2022-05-23 08:37:15,337 DEBUG   SenderThread:5500 [sender.py:send():232] send: history
2022-05-23 08:37:15,338 DEBUG   SenderThread:5500 [sender.py:send():232] send: summary
2022-05-23 08:37:15,339 INFO    SenderThread:5500 [sender.py:_save_file():948] saving file wandb-summary.json with policy end
2022-05-23 08:37:15,384 INFO    Thread-11 :5500 [dir_watcher.py:_on_file_modified():257] file/dir modified: C:\Projects\Code\Neurals\wandb\run-20220523_083152-tenubdts\files\wandb-summary.json
2022-05-23 08:37:15,743 DEBUG   HandlerThread:5500 [handler.py:handle_request():141] handle_request: partial_history
2022-05-23 08:37:15,744 DEBUG   SenderThread:5500 [sender.py:send():232] send: history
2022-05-23 08:37:15,745 DEBUG   SenderThread:5500 [sender.py:send():232] send: summary
2022-05-23 08:37:15,747 INFO    SenderThread:5500 [sender.py:_save_file():948] saving file wandb-summary.json with policy end
2022-05-23 08:37:16,400 INFO    Thread-11 :5500 [dir_watcher.py:_on_file_modified():257] file/dir modified: C:\Projects\Code\Neurals\wandb\run-20220523_083152-tenubdts\files\output.log
2022-05-23 08:37:16,400 INFO    Thread-11 :5500 [dir_watcher.py:_on_file_modified():257] file/dir modified: C:\Projects\Code\Neurals\wandb\run-20220523_083152-tenubdts\files\wandb-summary.json
2022-05-23 08:37:18,415 INFO    Thread-11 :5500 [dir_watcher.py:_on_file_modified():257] file/dir modified: C:\Projects\Code\Neurals\wandb\run-20220523_083152-tenubdts\files\output.log
2022-05-23 08:37:21,391 DEBUG   HandlerThread:5500 [handler.py:handle_request():141] handle_request: partial_history
2022-05-23 08:37:21,391 DEBUG   SenderThread:5500 [sender.py:send():232] send: history
2022-05-23 08:37:21,392 DEBUG   SenderThread:5500 [sender.py:send():232] send: summary
2022-05-23 08:37:21,395 INFO    SenderThread:5500 [sender.py:_save_file():948] saving file wandb-summary.json with policy end
2022-05-23 08:37:21,456 INFO    Thread-11 :5500 [dir_watcher.py:_on_file_modified():257] file/dir modified: C:\Projects\Code\Neurals\wandb\run-20220523_083152-tenubdts\files\wandb-summary.json
2022-05-23 08:37:21,736 DEBUG   HandlerThread:5500 [handler.py:handle_request():141] handle_request: partial_history
2022-05-23 08:37:21,738 DEBUG   SenderThread:5500 [sender.py:send():232] send: history
2022-05-23 08:37:21,738 DEBUG   SenderThread:5500 [sender.py:send():232] send: summary
2022-05-23 08:37:21,738 INFO    SenderThread:5500 [sender.py:_save_file():948] saving file wandb-summary.json with policy end
2022-05-23 08:37:22,300 DEBUG   HandlerThread:5500 [handler.py:handle_request():141] handle_request: stop_status
2022-05-23 08:37:22,303 DEBUG   SenderThread:5500 [sender.py:send_request():246] send_request: stop_status
2022-05-23 08:37:22,469 INFO    Thread-11 :5500 [dir_watcher.py:_on_file_modified():257] file/dir modified: C:\Projects\Code\Neurals\wandb\run-20220523_083152-tenubdts\files\output.log
2022-05-23 08:37:22,469 INFO    Thread-11 :5500 [dir_watcher.py:_on_file_modified():257] file/dir modified: C:\Projects\Code\Neurals\wandb\run-20220523_083152-tenubdts\files\wandb-summary.json
2022-05-23 08:37:24,478 INFO    Thread-11 :5500 [dir_watcher.py:_on_file_modified():257] file/dir modified: C:\Projects\Code\Neurals\wandb\run-20220523_083152-tenubdts\files\output.log
2022-05-23 08:37:27,448 DEBUG   HandlerThread:5500 [handler.py:handle_request():141] handle_request: partial_history
2022-05-23 08:37:27,449 DEBUG   SenderThread:5500 [sender.py:send():232] send: history
2022-05-23 08:37:27,450 DEBUG   SenderThread:5500 [sender.py:send():232] send: summary
2022-05-23 08:37:27,450 INFO    SenderThread:5500 [sender.py:_save_file():948] saving file wandb-summary.json with policy end
2022-05-23 08:37:27,498 INFO    Thread-11 :5500 [dir_watcher.py:_on_file_modified():257] file/dir modified: C:\Projects\Code\Neurals\wandb\run-20220523_083152-tenubdts\files\wandb-summary.json
2022-05-23 08:37:27,730 DEBUG   HandlerThread:5500 [handler.py:handle_request():141] handle_request: partial_history
2022-05-23 08:37:27,731 DEBUG   SenderThread:5500 [sender.py:send():232] send: history
2022-05-23 08:37:27,731 DEBUG   SenderThread:5500 [sender.py:send():232] send: summary
2022-05-23 08:37:27,732 INFO    SenderThread:5500 [sender.py:_save_file():948] saving file wandb-summary.json with policy end
2022-05-23 08:37:28,509 INFO    Thread-11 :5500 [dir_watcher.py:_on_file_modified():257] file/dir modified: C:\Projects\Code\Neurals\wandb\run-20220523_083152-tenubdts\files\output.log
2022-05-23 08:37:28,509 INFO    Thread-11 :5500 [dir_watcher.py:_on_file_modified():257] file/dir modified: C:\Projects\Code\Neurals\wandb\run-20220523_083152-tenubdts\files\wandb-summary.json
2022-05-23 08:37:30,542 INFO    Thread-11 :5500 [dir_watcher.py:_on_file_modified():257] file/dir modified: C:\Projects\Code\Neurals\wandb\run-20220523_083152-tenubdts\files\output.log
2022-05-23 08:37:33,165 DEBUG   SenderThread:5500 [sender.py:send():232] send: stats
2022-05-23 08:37:34,674 DEBUG   HandlerThread:5500 [handler.py:handle_request():141] handle_request: partial_history
2022-05-23 08:37:34,676 DEBUG   SenderThread:5500 [sender.py:send():232] send: history
2022-05-23 08:37:34,678 DEBUG   SenderThread:5500 [sender.py:send():232] send: summary
2022-05-23 08:37:34,680 INFO    SenderThread:5500 [sender.py:_save_file():948] saving file wandb-summary.json with policy end
2022-05-23 08:37:35,035 DEBUG   HandlerThread:5500 [handler.py:handle_request():141] handle_request: partial_history
2022-05-23 08:37:35,036 DEBUG   SenderThread:5500 [sender.py:send():232] send: history
2022-05-23 08:37:35,036 DEBUG   SenderThread:5500 [sender.py:send():232] send: summary
2022-05-23 08:37:35,037 INFO    SenderThread:5500 [sender.py:_save_file():948] saving file wandb-summary.json with policy end
2022-05-23 08:37:35,574 INFO    Thread-11 :5500 [dir_watcher.py:_on_file_modified():257] file/dir modified: C:\Projects\Code\Neurals\wandb\run-20220523_083152-tenubdts\files\wandb-summary.json
2022-05-23 08:37:36,588 INFO    Thread-11 :5500 [dir_watcher.py:_on_file_modified():257] file/dir modified: C:\Projects\Code\Neurals\wandb\run-20220523_083152-tenubdts\files\output.log
2022-05-23 08:37:37,663 DEBUG   HandlerThread:5500 [handler.py:handle_request():141] handle_request: stop_status
2022-05-23 08:37:37,664 DEBUG   SenderThread:5500 [sender.py:send_request():246] send_request: stop_status
2022-05-23 08:37:40,624 DEBUG   HandlerThread:5500 [handler.py:handle_request():141] handle_request: partial_history
2022-05-23 08:37:40,624 DEBUG   SenderThread:5500 [sender.py:send():232] send: history
2022-05-23 08:37:40,625 DEBUG   SenderThread:5500 [sender.py:send():232] send: summary
2022-05-23 08:37:40,626 INFO    SenderThread:5500 [sender.py:_save_file():948] saving file wandb-summary.json with policy end
2022-05-23 08:37:40,684 INFO    Thread-11 :5500 [dir_watcher.py:_on_file_modified():257] file/dir modified: C:\Projects\Code\Neurals\wandb\run-20220523_083152-tenubdts\files\wandb-summary.json
2022-05-23 08:37:40,919 DEBUG   HandlerThread:5500 [handler.py:handle_request():141] handle_request: partial_history
2022-05-23 08:37:40,920 DEBUG   SenderThread:5500 [sender.py:send():232] send: history
2022-05-23 08:37:40,920 DEBUG   SenderThread:5500 [sender.py:send():232] send: summary
2022-05-23 08:37:40,920 INFO    SenderThread:5500 [sender.py:_save_file():948] saving file wandb-summary.json with policy end
2022-05-23 08:37:41,699 INFO    Thread-11 :5500 [dir_watcher.py:_on_file_modified():257] file/dir modified: C:\Projects\Code\Neurals\wandb\run-20220523_083152-tenubdts\files\wandb-summary.json
2022-05-23 08:37:42,711 INFO    Thread-11 :5500 [dir_watcher.py:_on_file_modified():257] file/dir modified: C:\Projects\Code\Neurals\wandb\run-20220523_083152-tenubdts\files\output.log
2022-05-23 08:37:46,995 DEBUG   HandlerThread:5500 [handler.py:handle_request():141] handle_request: partial_history
2022-05-23 08:37:46,997 DEBUG   SenderThread:5500 [sender.py:send():232] send: history
2022-05-23 08:37:46,998 DEBUG   SenderThread:5500 [sender.py:send():232] send: summary
2022-05-23 08:37:46,999 INFO    SenderThread:5500 [sender.py:_save_file():948] saving file wandb-summary.json with policy end
2022-05-23 08:37:47,225 DEBUG   HandlerThread:5500 [handler.py:handle_request():141] handle_request: partial_history
2022-05-23 08:37:47,226 DEBUG   SenderThread:5500 [sender.py:send():232] send: history
2022-05-23 08:37:47,226 DEBUG   SenderThread:5500 [sender.py:send():232] send: summary
2022-05-23 08:37:47,227 INFO    SenderThread:5500 [sender.py:_save_file():948] saving file wandb-summary.json with policy end
2022-05-23 08:37:47,802 INFO    Thread-11 :5500 [dir_watcher.py:_on_file_modified():257] file/dir modified: C:\Projects\Code\Neurals\wandb\run-20220523_083152-tenubdts\files\wandb-summary.json
2022-05-23 08:37:48,819 INFO    Thread-11 :5500 [dir_watcher.py:_on_file_modified():257] file/dir modified: C:\Projects\Code\Neurals\wandb\run-20220523_083152-tenubdts\files\output.log
2022-05-23 08:37:52,982 DEBUG   HandlerThread:5500 [handler.py:handle_request():141] handle_request: stop_status
2022-05-23 08:37:52,984 DEBUG   SenderThread:5500 [sender.py:send_request():246] send_request: stop_status
2022-05-23 08:37:55,926 DEBUG   HandlerThread:5500 [handler.py:handle_request():141] handle_request: partial_history
2022-05-23 08:37:55,928 DEBUG   SenderThread:5500 [sender.py:send():232] send: history
2022-05-23 08:37:55,928 DEBUG   SenderThread:5500 [sender.py:send():232] send: summary
2022-05-23 08:37:55,931 INFO    SenderThread:5500 [sender.py:_save_file():948] saving file wandb-summary.json with policy end
2022-05-23 08:37:56,085 DEBUG   SenderThread:5500 [sender.py:send():232] send: telemetry
2022-05-23 08:37:56,879 DEBUG   SenderThread:5500 [sender.py:send():232] send: exit
2022-05-23 08:37:56,881 INFO    SenderThread:5500 [sender.py:send_exit():368] handling exit code: 1
2022-05-23 08:37:56,882 DEBUG   HandlerThread:5500 [handler.py:handle_request():141] handle_request: poll_exit
2022-05-23 08:37:56,883 INFO    SenderThread:5500 [sender.py:send_exit():370] handling runtime: 360
2022-05-23 08:37:56,884 INFO    SenderThread:5500 [sender.py:_save_file():948] saving file wandb-summary.json with policy end
2022-05-23 08:37:56,884 INFO    SenderThread:5500 [sender.py:send_exit():376] send defer
2022-05-23 08:37:56,884 DEBUG   SenderThread:5500 [sender.py:send_request():246] send_request: poll_exit
2022-05-23 08:37:56,885 DEBUG   HandlerThread:5500 [handler.py:handle_request():141] handle_request: defer
2022-05-23 08:37:56,885 INFO    HandlerThread:5500 [handler.py:handle_request_defer():164] handle defer: 0
2022-05-23 08:37:56,885 DEBUG   SenderThread:5500 [sender.py:send_request():246] send_request: defer
2022-05-23 08:37:56,885 INFO    SenderThread:5500 [sender.py:send_request_defer():385] handle sender defer: 0
2022-05-23 08:37:56,886 INFO    SenderThread:5500 [sender.py:transition_state():389] send defer: 1
2022-05-23 08:37:56,886 DEBUG   HandlerThread:5500 [handler.py:handle_request():141] handle_request: defer
2022-05-23 08:37:56,886 INFO    HandlerThread:5500 [handler.py:handle_request_defer():164] handle defer: 1
2022-05-23 08:37:56,919 DEBUG   SenderThread:5500 [sender.py:send_request():246] send_request: defer
2022-05-23 08:37:56,919 INFO    SenderThread:5500 [sender.py:send_request_defer():385] handle sender defer: 1
2022-05-23 08:37:56,919 INFO    SenderThread:5500 [sender.py:transition_state():389] send defer: 2
2022-05-23 08:37:56,921 DEBUG   SenderThread:5500 [sender.py:send():232] send: stats
2022-05-23 08:37:56,921 DEBUG   HandlerThread:5500 [handler.py:handle_request():141] handle_request: defer
2022-05-23 08:37:56,922 INFO    HandlerThread:5500 [handler.py:handle_request_defer():164] handle defer: 2
2022-05-23 08:37:56,922 DEBUG   SenderThread:5500 [sender.py:send_request():246] send_request: defer
2022-05-23 08:37:56,923 INFO    SenderThread:5500 [sender.py:send_request_defer():385] handle sender defer: 2
2022-05-23 08:37:56,923 INFO    SenderThread:5500 [sender.py:transition_state():389] send defer: 3
2022-05-23 08:37:56,924 INFO    Thread-11 :5500 [dir_watcher.py:_on_file_modified():257] file/dir modified: C:\Projects\Code\Neurals\wandb\run-20220523_083152-tenubdts\files\output.log
2022-05-23 08:37:56,925 DEBUG   HandlerThread:5500 [handler.py:handle_request():141] handle_request: defer
2022-05-23 08:37:56,925 INFO    HandlerThread:5500 [handler.py:handle_request_defer():164] handle defer: 3
2022-05-23 08:37:56,925 INFO    Thread-11 :5500 [dir_watcher.py:_on_file_modified():257] file/dir modified: C:\Projects\Code\Neurals\wandb\run-20220523_083152-tenubdts\files\wandb-summary.json
2022-05-23 08:37:56,926 DEBUG   SenderThread:5500 [sender.py:send_request():246] send_request: defer
2022-05-23 08:37:56,926 INFO    SenderThread:5500 [sender.py:send_request_defer():385] handle sender defer: 3
2022-05-23 08:37:56,926 INFO    SenderThread:5500 [sender.py:transition_state():389] send defer: 4
2022-05-23 08:37:56,927 DEBUG   HandlerThread:5500 [handler.py:handle_request():141] handle_request: defer
2022-05-23 08:37:56,928 INFO    HandlerThread:5500 [handler.py:handle_request_defer():164] handle defer: 4
2022-05-23 08:37:56,928 DEBUG   SenderThread:5500 [sender.py:send():232] send: summary
2022-05-23 08:37:56,931 INFO    SenderThread:5500 [sender.py:_save_file():948] saving file wandb-summary.json with policy end
2022-05-23 08:37:56,932 DEBUG   SenderThread:5500 [sender.py:send_request():246] send_request: defer
2022-05-23 08:37:56,932 INFO    SenderThread:5500 [sender.py:send_request_defer():385] handle sender defer: 4
2022-05-23 08:37:56,932 INFO    SenderThread:5500 [sender.py:transition_state():389] send defer: 5
2022-05-23 08:37:56,933 DEBUG   HandlerThread:5500 [handler.py:handle_request():141] handle_request: defer
2022-05-23 08:37:56,933 INFO    HandlerThread:5500 [handler.py:handle_request_defer():164] handle defer: 5
2022-05-23 08:37:56,933 DEBUG   SenderThread:5500 [sender.py:send_request():246] send_request: defer
2022-05-23 08:37:56,933 INFO    SenderThread:5500 [sender.py:send_request_defer():385] handle sender defer: 5
2022-05-23 08:37:56,987 DEBUG   HandlerThread:5500 [handler.py:handle_request():141] handle_request: poll_exit
2022-05-23 08:37:57,267 INFO    SenderThread:5500 [sender.py:transition_state():389] send defer: 6
2022-05-23 08:37:57,268 DEBUG   SenderThread:5500 [sender.py:send_request():246] send_request: poll_exit
2022-05-23 08:37:57,269 DEBUG   HandlerThread:5500 [handler.py:handle_request():141] handle_request: defer
2022-05-23 08:37:57,269 INFO    HandlerThread:5500 [handler.py:handle_request_defer():164] handle defer: 6
2022-05-23 08:37:57,269 DEBUG   SenderThread:5500 [sender.py:send_request():246] send_request: defer
2022-05-23 08:37:57,269 INFO    SenderThread:5500 [sender.py:send_request_defer():385] handle sender defer: 6
2022-05-23 08:37:57,269 INFO    SenderThread:5500 [dir_watcher.py:finish():312] shutting down directory watcher
2022-05-23 08:37:57,369 DEBUG   HandlerThread:5500 [handler.py:handle_request():141] handle_request: poll_exit
2022-05-23 08:37:57,928 INFO    Thread-11 :5500 [dir_watcher.py:_on_file_modified():257] file/dir modified: C:\Projects\Code\Neurals\wandb\run-20220523_083152-tenubdts\files\wandb-summary.json
2022-05-23 08:37:57,929 INFO    SenderThread:5500 [dir_watcher.py:_on_file_modified():257] file/dir modified: C:\Projects\Code\Neurals\wandb\run-20220523_083152-tenubdts\files\config.yaml
2022-05-23 08:37:57,929 INFO    SenderThread:5500 [dir_watcher.py:finish():342] scan: C:\Projects\Code\Neurals\wandb\run-20220523_083152-tenubdts\files
2022-05-23 08:37:57,930 INFO    SenderThread:5500 [dir_watcher.py:finish():356] scan save: C:\Projects\Code\Neurals\wandb\run-20220523_083152-tenubdts\files\config.yaml config.yaml
2022-05-23 08:37:57,930 INFO    SenderThread:5500 [dir_watcher.py:finish():356] scan save: C:\Projects\Code\Neurals\wandb\run-20220523_083152-tenubdts\files\output.log output.log
2022-05-23 08:37:57,931 INFO    SenderThread:5500 [dir_watcher.py:finish():356] scan save: C:\Projects\Code\Neurals\wandb\run-20220523_083152-tenubdts\files\requirements.txt requirements.txt
2022-05-23 08:37:57,937 INFO    SenderThread:5500 [dir_watcher.py:finish():356] scan save: C:\Projects\Code\Neurals\wandb\run-20220523_083152-tenubdts\files\wandb-metadata.json wandb-metadata.json
2022-05-23 08:37:57,937 INFO    SenderThread:5500 [dir_watcher.py:finish():356] scan save: C:\Projects\Code\Neurals\wandb\run-20220523_083152-tenubdts\files\wandb-summary.json wandb-summary.json
2022-05-23 08:37:57,939 INFO    SenderThread:5500 [sender.py:transition_state():389] send defer: 7
2022-05-23 08:37:57,944 DEBUG   SenderThread:5500 [sender.py:send_request():246] send_request: poll_exit
2022-05-23 08:37:57,945 DEBUG   HandlerThread:5500 [handler.py:handle_request():141] handle_request: defer
2022-05-23 08:37:57,946 INFO    HandlerThread:5500 [handler.py:handle_request_defer():164] handle defer: 7
2022-05-23 08:37:57,951 DEBUG   SenderThread:5500 [sender.py:send_request():246] send_request: defer
2022-05-23 08:37:57,951 INFO    SenderThread:5500 [sender.py:send_request_defer():385] handle sender defer: 7
2022-05-23 08:37:57,951 INFO    SenderThread:5500 [file_pusher.py:finish():145] shutting down file pusher
2022-05-23 08:37:58,047 DEBUG   HandlerThread:5500 [handler.py:handle_request():141] handle_request: poll_exit
2022-05-23 08:37:58,047 DEBUG   SenderThread:5500 [sender.py:send_request():246] send_request: poll_exit
2022-05-23 08:37:58,150 DEBUG   HandlerThread:5500 [handler.py:handle_request():141] handle_request: poll_exit
2022-05-23 08:37:58,150 DEBUG   SenderThread:5500 [sender.py:send_request():246] send_request: poll_exit
2022-05-23 08:37:58,252 DEBUG   HandlerThread:5500 [handler.py:handle_request():141] handle_request: poll_exit
2022-05-23 08:37:58,252 DEBUG   SenderThread:5500 [sender.py:send_request():246] send_request: poll_exit
2022-05-23 08:37:58,354 DEBUG   HandlerThread:5500 [handler.py:handle_request():141] handle_request: poll_exit
2022-05-23 08:37:58,354 DEBUG   SenderThread:5500 [sender.py:send_request():246] send_request: poll_exit
2022-05-23 08:37:58,459 DEBUG   HandlerThread:5500 [handler.py:handle_request():141] handle_request: poll_exit
2022-05-23 08:37:58,460 DEBUG   SenderThread:5500 [sender.py:send_request():246] send_request: poll_exit
2022-05-23 08:37:58,562 DEBUG   HandlerThread:5500 [handler.py:handle_request():141] handle_request: poll_exit
2022-05-23 08:37:58,562 DEBUG   SenderThread:5500 [sender.py:send_request():246] send_request: poll_exit
2022-05-23 08:37:58,663 DEBUG   HandlerThread:5500 [handler.py:handle_request():141] handle_request: poll_exit
2022-05-23 08:37:58,664 DEBUG   SenderThread:5500 [sender.py:send_request():246] send_request: poll_exit
2022-05-23 08:37:58,751 INFO    Thread-16 :5500 [upload_job.py:push():132] Uploaded file C:\Projects\Code\Neurals\wandb\run-20220523_083152-tenubdts\files\config.yaml
2022-05-23 08:37:58,767 INFO    Thread-19 :5500 [upload_job.py:push():132] Uploaded file C:\Projects\Code\Neurals\wandb\run-20220523_083152-tenubdts\files\wandb-summary.json
2022-05-23 08:37:58,767 DEBUG   HandlerThread:5500 [handler.py:handle_request():141] handle_request: poll_exit
2022-05-23 08:37:58,767 DEBUG   SenderThread:5500 [sender.py:send_request():246] send_request: poll_exit
2022-05-23 08:37:58,853 INFO    Thread-17 :5500 [upload_job.py:push():132] Uploaded file C:\Projects\Code\Neurals\wandb\run-20220523_083152-tenubdts\files\output.log
2022-05-23 08:37:58,868 DEBUG   HandlerThread:5500 [handler.py:handle_request():141] handle_request: poll_exit
2022-05-23 08:37:58,868 DEBUG   SenderThread:5500 [sender.py:send_request():246] send_request: poll_exit
2022-05-23 08:37:58,961 INFO    Thread-18 :5500 [upload_job.py:push():132] Uploaded file C:\Projects\Code\Neurals\wandb\run-20220523_083152-tenubdts\files\requirements.txt
2022-05-23 08:37:58,969 DEBUG   HandlerThread:5500 [handler.py:handle_request():141] handle_request: poll_exit
2022-05-23 08:37:58,970 DEBUG   SenderThread:5500 [sender.py:send_request():246] send_request: poll_exit
2022-05-23 08:37:59,072 DEBUG   HandlerThread:5500 [handler.py:handle_request():141] handle_request: poll_exit
2022-05-23 08:37:59,073 DEBUG   SenderThread:5500 [sender.py:send_request():246] send_request: poll_exit
2022-05-23 08:37:59,173 INFO    Thread-10 :5500 [sender.py:transition_state():389] send defer: 8
2022-05-23 08:37:59,175 DEBUG   HandlerThread:5500 [handler.py:handle_request():141] handle_request: defer
2022-05-23 08:37:59,176 INFO    HandlerThread:5500 [handler.py:handle_request_defer():164] handle defer: 8
2022-05-23 08:37:59,177 DEBUG   HandlerThread:5500 [handler.py:handle_request():141] handle_request: poll_exit
2022-05-23 08:37:59,177 DEBUG   SenderThread:5500 [sender.py:send_request():246] send_request: defer
2022-05-23 08:37:59,177 INFO    SenderThread:5500 [sender.py:send_request_defer():385] handle sender defer: 8
2022-05-23 08:37:59,918 INFO    SenderThread:5500 [sender.py:transition_state():389] send defer: 9
2022-05-23 08:37:59,919 DEBUG   SenderThread:5500 [sender.py:send_request():246] send_request: poll_exit
2022-05-23 08:37:59,920 DEBUG   HandlerThread:5500 [handler.py:handle_request():141] handle_request: defer
2022-05-23 08:37:59,920 INFO    HandlerThread:5500 [handler.py:handle_request_defer():164] handle defer: 9
2022-05-23 08:37:59,920 DEBUG   SenderThread:5500 [sender.py:send_request():246] send_request: defer
2022-05-23 08:37:59,920 INFO    SenderThread:5500 [sender.py:send_request_defer():385] handle sender defer: 9
2022-05-23 08:37:59,920 INFO    SenderThread:5500 [sender.py:transition_state():389] send defer: 10
2022-05-23 08:37:59,921 DEBUG   HandlerThread:5500 [handler.py:handle_request():141] handle_request: defer
2022-05-23 08:37:59,921 INFO    HandlerThread:5500 [handler.py:handle_request_defer():164] handle defer: 10
2022-05-23 08:37:59,921 DEBUG   SenderThread:5500 [sender.py:send():232] send: final
2022-05-23 08:37:59,921 DEBUG   SenderThread:5500 [sender.py:send():232] send: footer
2022-05-23 08:37:59,921 DEBUG   SenderThread:5500 [sender.py:send_request():246] send_request: defer
2022-05-23 08:37:59,921 INFO    SenderThread:5500 [sender.py:send_request_defer():385] handle sender defer: 10
2022-05-23 08:38:00,021 DEBUG   HandlerThread:5500 [handler.py:handle_request():141] handle_request: poll_exit
2022-05-23 08:38:00,022 DEBUG   SenderThread:5500 [sender.py:send_request():246] send_request: poll_exit
2022-05-23 08:38:00,022 INFO    SenderThread:5500 [file_pusher.py:join():150] waiting for file pusher
2022-05-23 08:38:00,702 DEBUG   HandlerThread:5500 [handler.py:handle_request():141] handle_request: sampled_history
2022-05-23 08:38:00,708 DEBUG   HandlerThread:5500 [handler.py:handle_request():141] handle_request: get_summary
2022-05-23 08:38:00,710 DEBUG   HandlerThread:5500 [handler.py:handle_request():141] handle_request: shutdown
2022-05-23 08:38:00,710 INFO    HandlerThread:5500 [handler.py:finish():806] shutting down handler
2022-05-23 08:38:00,925 INFO    WriterThread:5500 [datastore.py:close():279] close: C:\Projects\Code\Neurals\wandb\run-20220523_083152-tenubdts\run-tenubdts.wandb
2022-05-23 08:38:01,605 INFO    SenderThread:5500 [sender.py:finish():1110] shutting down sender
2022-05-23 08:38:01,606 INFO    SenderThread:5500 [file_pusher.py:finish():145] shutting down file pusher
2022-05-23 08:38:01,606 INFO    SenderThread:5500 [file_pusher.py:join():150] waiting for file pusher
2022-05-23 08:38:01,610 INFO    MainThread:5500 [internal.py:handle_exit():80] Internal process exited
