2022-05-23 01:47:28,158 INFO    MainThread:5912 [internal.py:wandb_internal():90] W&B internal server running at pid: 5912, started at: 2022-05-23 01:47:28.158381
2022-05-23 01:47:28,162 INFO    WriterThread:5912 [datastore.py:open_for_write():75] open: C:\Projects\Code\Neurals\wandb\run-20220523_014725-3o4thrzt\run-3o4thrzt.wandb
2022-05-23 01:47:28,173 DEBUG   SenderThread:5912 [sender.py:send():232] send: header
2022-05-23 01:47:28,173 DEBUG   SenderThread:5912 [sender.py:send():232] send: run
2022-05-23 01:47:28,486 INFO    SenderThread:5912 [dir_watcher.py:__init__():197] watching files in: C:\Projects\Code\Neurals\wandb\run-20220523_014725-3o4thrzt\files
2022-05-23 01:47:28,487 INFO    SenderThread:5912 [sender.py:_start_run_threads():811] run started: 3o4thrzt with start time 1653234446
2022-05-23 01:47:28,487 DEBUG   SenderThread:5912 [sender.py:send():232] send: summary
2022-05-23 01:47:28,488 DEBUG   HandlerThread:5912 [handler.py:handle_request():141] handle_request: check_version
2022-05-23 01:47:28,488 INFO    SenderThread:5912 [sender.py:_save_file():948] saving file wandb-summary.json with policy end
2022-05-23 01:47:28,488 DEBUG   SenderThread:5912 [sender.py:send_request():246] send_request: check_version
2022-05-23 01:47:28,539 DEBUG   HandlerThread:5912 [handler.py:handle_request():141] handle_request: run_start
2022-05-23 01:47:29,499 INFO    Thread-11 :5912 [dir_watcher.py:_on_file_created():244] file/dir created: C:\Projects\Code\Neurals\wandb\run-20220523_014725-3o4thrzt\files\wandb-summary.json
2022-05-23 01:47:31,258 DEBUG   HandlerThread:5912 [meta.py:__init__():35] meta init
2022-05-23 01:47:31,262 DEBUG   HandlerThread:5912 [meta.py:__init__():49] meta init done
2022-05-23 01:47:31,262 DEBUG   HandlerThread:5912 [meta.py:probe():209] probe
2022-05-23 01:47:31,290 DEBUG   HandlerThread:5912 [git.py:repo():29] git repository is invalid
2022-05-23 01:47:31,290 DEBUG   HandlerThread:5912 [meta.py:_save_pip():53] save pip
2022-05-23 01:47:31,293 DEBUG   HandlerThread:5912 [meta.py:_save_pip():67] save pip done
2022-05-23 01:47:31,293 DEBUG   HandlerThread:5912 [meta.py:probe():247] probe done
2022-05-23 01:47:31,308 DEBUG   SenderThread:5912 [sender.py:send():232] send: files
2022-05-23 01:47:31,308 INFO    SenderThread:5912 [sender.py:_save_file():948] saving file wandb-metadata.json with policy now
2022-05-23 01:47:31,318 DEBUG   HandlerThread:5912 [handler.py:handle_request():141] handle_request: stop_status
2022-05-23 01:47:31,319 DEBUG   SenderThread:5912 [sender.py:send_request():246] send_request: stop_status
2022-05-23 01:47:31,515 INFO    Thread-11 :5912 [dir_watcher.py:_on_file_created():244] file/dir created: C:\Projects\Code\Neurals\wandb\run-20220523_014725-3o4thrzt\files\wandb-metadata.json
2022-05-23 01:47:31,516 INFO    Thread-11 :5912 [dir_watcher.py:_on_file_created():244] file/dir created: C:\Projects\Code\Neurals\wandb\run-20220523_014725-3o4thrzt\files\output.log
2022-05-23 01:47:31,516 INFO    Thread-11 :5912 [dir_watcher.py:_on_file_created():244] file/dir created: C:\Projects\Code\Neurals\wandb\run-20220523_014725-3o4thrzt\files\requirements.txt
2022-05-23 01:47:31,603 DEBUG   SenderThread:5912 [sender.py:send():232] send: telemetry
2022-05-23 01:47:32,295 INFO    Thread-15 :5912 [upload_job.py:push():132] Uploaded file C:\Users\MAXIMN~1\AppData\Local\Temp\tmpymbeqpsqwandb\spxmkv3n-wandb-metadata.json
2022-05-23 01:47:33,531 INFO    Thread-11 :5912 [dir_watcher.py:_on_file_modified():257] file/dir modified: C:\Projects\Code\Neurals\wandb\run-20220523_014725-3o4thrzt\files\output.log
2022-05-23 01:47:46,607 DEBUG   HandlerThread:5912 [handler.py:handle_request():141] handle_request: stop_status
2022-05-23 01:47:46,607 DEBUG   SenderThread:5912 [sender.py:send_request():246] send_request: stop_status
2022-05-23 01:47:55,535 DEBUG   HandlerThread:5912 [handler.py:handle_request():141] handle_request: partial_history
2022-05-23 01:47:55,535 DEBUG   SenderThread:5912 [sender.py:send():232] send: history
2022-05-23 01:47:55,536 DEBUG   SenderThread:5912 [sender.py:send():232] send: summary
2022-05-23 01:47:55,537 INFO    SenderThread:5912 [sender.py:_save_file():948] saving file wandb-summary.json with policy end
2022-05-23 01:47:55,544 DEBUG   HandlerThread:5912 [handler.py:handle_request():141] handle_request: partial_history
2022-05-23 01:47:55,545 DEBUG   SenderThread:5912 [sender.py:send():232] send: history
2022-05-23 01:47:55,545 DEBUG   SenderThread:5912 [sender.py:send():232] send: summary
2022-05-23 01:47:55,546 INFO    SenderThread:5912 [sender.py:_save_file():948] saving file wandb-summary.json with policy end
2022-05-23 01:47:55,697 INFO    Thread-11 :5912 [dir_watcher.py:_on_file_modified():257] file/dir modified: C:\Projects\Code\Neurals\wandb\run-20220523_014725-3o4thrzt\files\wandb-summary.json
2022-05-23 01:47:57,704 INFO    Thread-11 :5912 [dir_watcher.py:_on_file_modified():257] file/dir modified: C:\Projects\Code\Neurals\wandb\run-20220523_014725-3o4thrzt\files\output.log
2022-05-23 01:47:58,706 INFO    Thread-11 :5912 [dir_watcher.py:_on_file_modified():257] file/dir modified: C:\Projects\Code\Neurals\wandb\run-20220523_014725-3o4thrzt\files\config.yaml
2022-05-23 01:48:01,885 DEBUG   HandlerThread:5912 [handler.py:handle_request():141] handle_request: stop_status
2022-05-23 01:48:01,886 DEBUG   SenderThread:5912 [sender.py:send_request():246] send_request: stop_status
2022-05-23 01:48:02,318 DEBUG   SenderThread:5912 [sender.py:send():232] send: stats
2022-05-23 01:48:17,321 DEBUG   HandlerThread:5912 [handler.py:handle_request():141] handle_request: stop_status
2022-05-23 01:48:17,321 DEBUG   SenderThread:5912 [sender.py:send_request():246] send_request: stop_status
2022-05-23 01:48:21,520 DEBUG   HandlerThread:5912 [handler.py:handle_request():141] handle_request: partial_history
2022-05-23 01:48:21,521 DEBUG   SenderThread:5912 [sender.py:send():232] send: history
2022-05-23 01:48:21,521 DEBUG   SenderThread:5912 [sender.py:send():232] send: summary
2022-05-23 01:48:21,522 DEBUG   HandlerThread:5912 [handler.py:handle_request():141] handle_request: partial_history
2022-05-23 01:48:21,523 INFO    SenderThread:5912 [sender.py:_save_file():948] saving file wandb-summary.json with policy end
2022-05-23 01:48:21,523 DEBUG   SenderThread:5912 [sender.py:send():232] send: history
2022-05-23 01:48:21,523 DEBUG   SenderThread:5912 [sender.py:send():232] send: summary
2022-05-23 01:48:21,524 INFO    SenderThread:5912 [sender.py:_save_file():948] saving file wandb-summary.json with policy end
2022-05-23 01:48:21,843 INFO    Thread-11 :5912 [dir_watcher.py:_on_file_modified():257] file/dir modified: C:\Projects\Code\Neurals\wandb\run-20220523_014725-3o4thrzt\files\wandb-summary.json
2022-05-23 01:48:23,861 INFO    Thread-11 :5912 [dir_watcher.py:_on_file_modified():257] file/dir modified: C:\Projects\Code\Neurals\wandb\run-20220523_014725-3o4thrzt\files\output.log
2022-05-23 01:48:32,589 DEBUG   HandlerThread:5912 [handler.py:handle_request():141] handle_request: stop_status
2022-05-23 01:48:32,589 DEBUG   SenderThread:5912 [sender.py:send_request():246] send_request: stop_status
2022-05-23 01:48:35,494 DEBUG   SenderThread:5912 [sender.py:send():232] send: stats
