2022-05-23 01:42:43,358 INFO    MainThread:20696 [internal.py:wandb_internal():90] W&B internal server running at pid: 20696, started at: 2022-05-23 01:42:43.357523
2022-05-23 01:42:43,360 INFO    WriterThread:20696 [datastore.py:open_for_write():75] open: C:\Projects\Code\Neurals\wandb\run-20220523_014241-btcqz2be\run-btcqz2be.wandb
2022-05-23 01:42:43,367 DEBUG   SenderThread:20696 [sender.py:send():232] send: header
2022-05-23 01:42:43,367 DEBUG   SenderThread:20696 [sender.py:send():232] send: run
2022-05-23 01:42:43,687 INFO    SenderThread:20696 [dir_watcher.py:__init__():197] watching files in: C:\Projects\Code\Neurals\wandb\run-20220523_014241-btcqz2be\files
2022-05-23 01:42:43,689 DEBUG   HandlerThread:20696 [handler.py:handle_request():141] handle_request: check_version
2022-05-23 01:42:43,690 INFO    SenderThread:20696 [sender.py:_start_run_threads():811] run started: btcqz2be with start time 1653234161
2022-05-23 01:42:43,690 DEBUG   SenderThread:20696 [sender.py:send():232] send: summary
2022-05-23 01:42:43,691 INFO    SenderThread:20696 [sender.py:_save_file():948] saving file wandb-summary.json with policy end
2022-05-23 01:42:43,691 DEBUG   SenderThread:20696 [sender.py:send_request():246] send_request: check_version
2022-05-23 01:42:43,758 DEBUG   HandlerThread:20696 [handler.py:handle_request():141] handle_request: run_start
2022-05-23 01:42:44,703 INFO    Thread-11 :20696 [dir_watcher.py:_on_file_created():244] file/dir created: C:\Projects\Code\Neurals\wandb\run-20220523_014241-btcqz2be\files\wandb-summary.json
2022-05-23 01:42:45,608 DEBUG   HandlerThread:20696 [meta.py:__init__():35] meta init
2022-05-23 01:42:45,608 DEBUG   HandlerThread:20696 [meta.py:__init__():49] meta init done
2022-05-23 01:42:45,608 DEBUG   HandlerThread:20696 [meta.py:probe():209] probe
2022-05-23 01:42:45,627 DEBUG   HandlerThread:20696 [git.py:repo():29] git repository is invalid
2022-05-23 01:42:45,627 DEBUG   HandlerThread:20696 [meta.py:_save_pip():53] save pip
2022-05-23 01:42:45,628 DEBUG   HandlerThread:20696 [meta.py:_save_pip():67] save pip done
2022-05-23 01:42:45,628 DEBUG   HandlerThread:20696 [meta.py:probe():247] probe done
2022-05-23 01:42:45,635 DEBUG   SenderThread:20696 [sender.py:send():232] send: files
2022-05-23 01:42:45,635 INFO    SenderThread:20696 [sender.py:_save_file():948] saving file wandb-metadata.json with policy now
2022-05-23 01:42:45,643 DEBUG   HandlerThread:20696 [handler.py:handle_request():141] handle_request: stop_status
2022-05-23 01:42:45,643 DEBUG   SenderThread:20696 [sender.py:send_request():246] send_request: stop_status
2022-05-23 01:42:45,710 INFO    Thread-11 :20696 [dir_watcher.py:_on_file_created():244] file/dir created: C:\Projects\Code\Neurals\wandb\run-20220523_014241-btcqz2be\files\wandb-metadata.json
2022-05-23 01:42:45,711 INFO    Thread-11 :20696 [dir_watcher.py:_on_file_created():244] file/dir created: C:\Projects\Code\Neurals\wandb\run-20220523_014241-btcqz2be\files\output.log
2022-05-23 01:42:45,711 INFO    Thread-11 :20696 [dir_watcher.py:_on_file_created():244] file/dir created: C:\Projects\Code\Neurals\wandb\run-20220523_014241-btcqz2be\files\requirements.txt
2022-05-23 01:42:45,930 DEBUG   SenderThread:20696 [sender.py:send():232] send: telemetry
2022-05-23 01:42:46,409 INFO    Thread-15 :20696 [upload_job.py:push():132] Uploaded file C:\Users\MAXIMN~1\AppData\Local\Temp\tmpulw92k5wwandb\jg7jj6u9-wandb-metadata.json
2022-05-23 01:42:47,717 INFO    Thread-11 :20696 [dir_watcher.py:_on_file_modified():257] file/dir modified: C:\Projects\Code\Neurals\wandb\run-20220523_014241-btcqz2be\files\output.log
2022-05-23 01:43:00,932 DEBUG   HandlerThread:20696 [handler.py:handle_request():141] handle_request: stop_status
2022-05-23 01:43:00,933 DEBUG   SenderThread:20696 [sender.py:send_request():246] send_request: stop_status
2022-05-23 01:43:09,686 DEBUG   HandlerThread:20696 [handler.py:handle_request():141] handle_request: partial_history
2022-05-23 01:43:09,686 DEBUG   SenderThread:20696 [sender.py:send():232] send: history
2022-05-23 01:43:09,687 DEBUG   SenderThread:20696 [sender.py:send():232] send: summary
2022-05-23 01:43:09,688 INFO    SenderThread:20696 [sender.py:_save_file():948] saving file wandb-summary.json with policy end
2022-05-23 01:43:09,689 DEBUG   SenderThread:20696 [sender.py:send():232] send: telemetry
2022-05-23 01:43:09,862 INFO    Thread-11 :20696 [dir_watcher.py:_on_file_modified():257] file/dir modified: C:\Projects\Code\Neurals\wandb\run-20220523_014241-btcqz2be\files\wandb-summary.json
2022-05-23 01:43:09,862 INFO    Thread-11 :20696 [dir_watcher.py:_on_file_modified():257] file/dir modified: C:\Projects\Code\Neurals\wandb\run-20220523_014241-btcqz2be\files\output.log
2022-05-23 01:43:10,211 DEBUG   HandlerThread:20696 [handler.py:handle_request():141] handle_request: poll_exit
2022-05-23 01:43:10,212 DEBUG   SenderThread:20696 [sender.py:send():232] send: exit
2022-05-23 01:43:10,212 INFO    SenderThread:20696 [sender.py:send_exit():368] handling exit code: 1
2022-05-23 01:43:10,212 INFO    SenderThread:20696 [sender.py:send_exit():370] handling runtime: 26
2022-05-23 01:43:10,212 INFO    SenderThread:20696 [sender.py:_save_file():948] saving file wandb-summary.json with policy end
2022-05-23 01:43:10,213 INFO    SenderThread:20696 [sender.py:send_exit():376] send defer
2022-05-23 01:43:10,213 DEBUG   SenderThread:20696 [sender.py:send_request():246] send_request: poll_exit
2022-05-23 01:43:10,214 DEBUG   HandlerThread:20696 [handler.py:handle_request():141] handle_request: defer
2022-05-23 01:43:10,214 INFO    HandlerThread:20696 [handler.py:handle_request_defer():164] handle defer: 0
2022-05-23 01:43:10,214 DEBUG   SenderThread:20696 [sender.py:send_request():246] send_request: defer
2022-05-23 01:43:10,214 INFO    SenderThread:20696 [sender.py:send_request_defer():385] handle sender defer: 0
2022-05-23 01:43:10,214 INFO    SenderThread:20696 [sender.py:transition_state():389] send defer: 1
2022-05-23 01:43:10,215 DEBUG   HandlerThread:20696 [handler.py:handle_request():141] handle_request: defer
2022-05-23 01:43:10,215 INFO    HandlerThread:20696 [handler.py:handle_request_defer():164] handle defer: 1
2022-05-23 01:43:10,235 DEBUG   SenderThread:20696 [sender.py:send_request():246] send_request: defer
2022-05-23 01:43:10,235 INFO    SenderThread:20696 [sender.py:send_request_defer():385] handle sender defer: 1
2022-05-23 01:43:10,235 INFO    SenderThread:20696 [sender.py:transition_state():389] send defer: 2
2022-05-23 01:43:10,235 DEBUG   SenderThread:20696 [sender.py:send():232] send: stats
2022-05-23 01:43:10,235 DEBUG   HandlerThread:20696 [handler.py:handle_request():141] handle_request: defer
2022-05-23 01:43:10,236 INFO    HandlerThread:20696 [handler.py:handle_request_defer():164] handle defer: 2
2022-05-23 01:43:10,236 DEBUG   SenderThread:20696 [sender.py:send_request():246] send_request: defer
2022-05-23 01:43:10,236 INFO    SenderThread:20696 [sender.py:send_request_defer():385] handle sender defer: 2
2022-05-23 01:43:10,236 INFO    SenderThread:20696 [sender.py:transition_state():389] send defer: 3
2022-05-23 01:43:10,236 DEBUG   HandlerThread:20696 [handler.py:handle_request():141] handle_request: defer
2022-05-23 01:43:10,236 INFO    HandlerThread:20696 [handler.py:handle_request_defer():164] handle defer: 3
2022-05-23 01:43:10,236 DEBUG   SenderThread:20696 [sender.py:send_request():246] send_request: defer
2022-05-23 01:43:10,236 INFO    SenderThread:20696 [sender.py:send_request_defer():385] handle sender defer: 3
2022-05-23 01:43:10,236 INFO    SenderThread:20696 [sender.py:transition_state():389] send defer: 4
2022-05-23 01:43:10,238 DEBUG   HandlerThread:20696 [handler.py:handle_request():141] handle_request: defer
2022-05-23 01:43:10,238 INFO    HandlerThread:20696 [handler.py:handle_request_defer():164] handle defer: 4
2022-05-23 01:43:10,238 DEBUG   SenderThread:20696 [sender.py:send():232] send: summary
2022-05-23 01:43:10,239 INFO    SenderThread:20696 [sender.py:_save_file():948] saving file wandb-summary.json with policy end
2022-05-23 01:43:10,239 DEBUG   SenderThread:20696 [sender.py:send_request():246] send_request: defer
2022-05-23 01:43:10,239 INFO    SenderThread:20696 [sender.py:send_request_defer():385] handle sender defer: 4
2022-05-23 01:43:10,239 INFO    SenderThread:20696 [sender.py:transition_state():389] send defer: 5
2022-05-23 01:43:10,239 DEBUG   HandlerThread:20696 [handler.py:handle_request():141] handle_request: defer
2022-05-23 01:43:10,240 INFO    HandlerThread:20696 [handler.py:handle_request_defer():164] handle defer: 5
2022-05-23 01:43:10,240 DEBUG   SenderThread:20696 [sender.py:send_request():246] send_request: defer
2022-05-23 01:43:10,240 INFO    SenderThread:20696 [sender.py:send_request_defer():385] handle sender defer: 5
2022-05-23 01:43:10,315 DEBUG   HandlerThread:20696 [handler.py:handle_request():141] handle_request: poll_exit
2022-05-23 01:43:10,519 INFO    SenderThread:20696 [sender.py:transition_state():389] send defer: 6
2022-05-23 01:43:10,519 DEBUG   SenderThread:20696 [sender.py:send_request():246] send_request: poll_exit
2022-05-23 01:43:10,519 DEBUG   HandlerThread:20696 [handler.py:handle_request():141] handle_request: defer
2022-05-23 01:43:10,520 INFO    HandlerThread:20696 [handler.py:handle_request_defer():164] handle defer: 6
2022-05-23 01:43:10,520 DEBUG   SenderThread:20696 [sender.py:send_request():246] send_request: defer
2022-05-23 01:43:10,520 INFO    SenderThread:20696 [sender.py:send_request_defer():385] handle sender defer: 6
2022-05-23 01:43:10,520 INFO    SenderThread:20696 [dir_watcher.py:finish():312] shutting down directory watcher
2022-05-23 01:43:10,621 DEBUG   HandlerThread:20696 [handler.py:handle_request():141] handle_request: poll_exit
2022-05-23 01:43:10,863 INFO    Thread-11 :20696 [dir_watcher.py:_on_file_modified():257] file/dir modified: C:\Projects\Code\Neurals\wandb\run-20220523_014241-btcqz2be\files\wandb-summary.json
2022-05-23 01:43:10,864 INFO    SenderThread:20696 [dir_watcher.py:_on_file_modified():257] file/dir modified: C:\Projects\Code\Neurals\wandb\run-20220523_014241-btcqz2be\files\output.log
2022-05-23 01:43:10,864 INFO    SenderThread:20696 [dir_watcher.py:_on_file_modified():257] file/dir modified: C:\Projects\Code\Neurals\wandb\run-20220523_014241-btcqz2be\files\config.yaml
2022-05-23 01:43:10,864 INFO    SenderThread:20696 [dir_watcher.py:finish():342] scan: C:\Projects\Code\Neurals\wandb\run-20220523_014241-btcqz2be\files
2022-05-23 01:43:10,864 INFO    SenderThread:20696 [dir_watcher.py:finish():356] scan save: C:\Projects\Code\Neurals\wandb\run-20220523_014241-btcqz2be\files\config.yaml config.yaml
2022-05-23 01:43:10,865 INFO    SenderThread:20696 [dir_watcher.py:finish():356] scan save: C:\Projects\Code\Neurals\wandb\run-20220523_014241-btcqz2be\files\output.log output.log
2022-05-23 01:43:10,865 INFO    SenderThread:20696 [dir_watcher.py:finish():356] scan save: C:\Projects\Code\Neurals\wandb\run-20220523_014241-btcqz2be\files\requirements.txt requirements.txt
2022-05-23 01:43:10,868 INFO    SenderThread:20696 [dir_watcher.py:finish():356] scan save: C:\Projects\Code\Neurals\wandb\run-20220523_014241-btcqz2be\files\wandb-metadata.json wandb-metadata.json
2022-05-23 01:43:10,868 INFO    SenderThread:20696 [dir_watcher.py:finish():356] scan save: C:\Projects\Code\Neurals\wandb\run-20220523_014241-btcqz2be\files\wandb-summary.json wandb-summary.json
2022-05-23 01:43:10,873 INFO    SenderThread:20696 [sender.py:transition_state():389] send defer: 7
2022-05-23 01:43:10,873 DEBUG   SenderThread:20696 [sender.py:send_request():246] send_request: poll_exit
2022-05-23 01:43:10,874 DEBUG   HandlerThread:20696 [handler.py:handle_request():141] handle_request: defer
2022-05-23 01:43:10,874 INFO    HandlerThread:20696 [handler.py:handle_request_defer():164] handle defer: 7
2022-05-23 01:43:10,874 DEBUG   SenderThread:20696 [sender.py:send_request():246] send_request: defer
2022-05-23 01:43:10,874 INFO    SenderThread:20696 [sender.py:send_request_defer():385] handle sender defer: 7
2022-05-23 01:43:10,875 INFO    SenderThread:20696 [file_pusher.py:finish():145] shutting down file pusher
2022-05-23 01:43:10,975 DEBUG   HandlerThread:20696 [handler.py:handle_request():141] handle_request: poll_exit
2022-05-23 01:43:10,975 DEBUG   SenderThread:20696 [sender.py:send_request():246] send_request: poll_exit
2022-05-23 01:43:11,078 DEBUG   HandlerThread:20696 [handler.py:handle_request():141] handle_request: poll_exit
2022-05-23 01:43:11,079 DEBUG   SenderThread:20696 [sender.py:send_request():246] send_request: poll_exit
2022-05-23 01:43:11,179 DEBUG   HandlerThread:20696 [handler.py:handle_request():141] handle_request: poll_exit
2022-05-23 01:43:11,179 DEBUG   SenderThread:20696 [sender.py:send_request():246] send_request: poll_exit
2022-05-23 01:43:11,282 DEBUG   HandlerThread:20696 [handler.py:handle_request():141] handle_request: poll_exit
2022-05-23 01:43:11,282 DEBUG   SenderThread:20696 [sender.py:send_request():246] send_request: poll_exit
2022-05-23 01:43:11,384 DEBUG   HandlerThread:20696 [handler.py:handle_request():141] handle_request: poll_exit
2022-05-23 01:43:11,385 DEBUG   SenderThread:20696 [sender.py:send_request():246] send_request: poll_exit
2022-05-23 01:43:11,488 DEBUG   HandlerThread:20696 [handler.py:handle_request():141] handle_request: poll_exit
2022-05-23 01:43:11,488 DEBUG   SenderThread:20696 [sender.py:send_request():246] send_request: poll_exit
2022-05-23 01:43:11,590 DEBUG   HandlerThread:20696 [handler.py:handle_request():141] handle_request: poll_exit
2022-05-23 01:43:11,590 DEBUG   SenderThread:20696 [sender.py:send_request():246] send_request: poll_exit
2022-05-23 01:43:11,648 INFO    Thread-18 :20696 [upload_job.py:push():132] Uploaded file C:\Projects\Code\Neurals\wandb\run-20220523_014241-btcqz2be\files\requirements.txt
2022-05-23 01:43:11,661 INFO    Thread-17 :20696 [upload_job.py:push():132] Uploaded file C:\Projects\Code\Neurals\wandb\run-20220523_014241-btcqz2be\files\output.log
2022-05-23 01:43:11,663 INFO    Thread-16 :20696 [upload_job.py:push():132] Uploaded file C:\Projects\Code\Neurals\wandb\run-20220523_014241-btcqz2be\files\config.yaml
2022-05-23 01:43:11,692 DEBUG   HandlerThread:20696 [handler.py:handle_request():141] handle_request: poll_exit
2022-05-23 01:43:11,692 DEBUG   SenderThread:20696 [sender.py:send_request():246] send_request: poll_exit
2022-05-23 01:43:11,715 INFO    Thread-19 :20696 [upload_job.py:push():132] Uploaded file C:\Projects\Code\Neurals\wandb\run-20220523_014241-btcqz2be\files\wandb-summary.json
2022-05-23 01:43:11,795 DEBUG   HandlerThread:20696 [handler.py:handle_request():141] handle_request: poll_exit
2022-05-23 01:43:11,795 DEBUG   SenderThread:20696 [sender.py:send_request():246] send_request: poll_exit
2022-05-23 01:43:11,897 DEBUG   HandlerThread:20696 [handler.py:handle_request():141] handle_request: poll_exit
2022-05-23 01:43:11,897 DEBUG   SenderThread:20696 [sender.py:send_request():246] send_request: poll_exit
2022-05-23 01:43:11,929 INFO    Thread-10 :20696 [sender.py:transition_state():389] send defer: 8
2022-05-23 01:43:11,930 DEBUG   HandlerThread:20696 [handler.py:handle_request():141] handle_request: defer
2022-05-23 01:43:11,930 INFO    HandlerThread:20696 [handler.py:handle_request_defer():164] handle defer: 8
2022-05-23 01:43:11,930 DEBUG   SenderThread:20696 [sender.py:send_request():246] send_request: defer
2022-05-23 01:43:11,931 INFO    SenderThread:20696 [sender.py:send_request_defer():385] handle sender defer: 8
2022-05-23 01:43:11,999 DEBUG   HandlerThread:20696 [handler.py:handle_request():141] handle_request: poll_exit
2022-05-23 01:43:13,404 INFO    SenderThread:20696 [sender.py:transition_state():389] send defer: 9
2022-05-23 01:43:13,405 DEBUG   SenderThread:20696 [sender.py:send_request():246] send_request: poll_exit
2022-05-23 01:43:13,405 DEBUG   HandlerThread:20696 [handler.py:handle_request():141] handle_request: defer
2022-05-23 01:43:13,405 INFO    HandlerThread:20696 [handler.py:handle_request_defer():164] handle defer: 9
2022-05-23 01:43:13,406 DEBUG   SenderThread:20696 [sender.py:send_request():246] send_request: defer
2022-05-23 01:43:13,406 INFO    SenderThread:20696 [sender.py:send_request_defer():385] handle sender defer: 9
2022-05-23 01:43:13,406 INFO    SenderThread:20696 [sender.py:transition_state():389] send defer: 10
2022-05-23 01:43:13,407 DEBUG   HandlerThread:20696 [handler.py:handle_request():141] handle_request: defer
2022-05-23 01:43:13,407 DEBUG   SenderThread:20696 [sender.py:send():232] send: final
2022-05-23 01:43:13,407 INFO    HandlerThread:20696 [handler.py:handle_request_defer():164] handle defer: 10
2022-05-23 01:43:13,407 DEBUG   SenderThread:20696 [sender.py:send():232] send: footer
2022-05-23 01:43:13,408 DEBUG   SenderThread:20696 [sender.py:send_request():246] send_request: defer
2022-05-23 01:43:13,408 INFO    SenderThread:20696 [sender.py:send_request_defer():385] handle sender defer: 10
2022-05-23 01:43:13,506 DEBUG   HandlerThread:20696 [handler.py:handle_request():141] handle_request: poll_exit
2022-05-23 01:43:13,506 DEBUG   SenderThread:20696 [sender.py:send_request():246] send_request: poll_exit
2022-05-23 01:43:13,507 INFO    SenderThread:20696 [file_pusher.py:join():150] waiting for file pusher
2022-05-23 01:43:14,153 DEBUG   HandlerThread:20696 [handler.py:handle_request():141] handle_request: sampled_history
2022-05-23 01:43:14,154 DEBUG   HandlerThread:20696 [handler.py:handle_request():141] handle_request: get_summary
2022-05-23 01:43:14,155 DEBUG   HandlerThread:20696 [handler.py:handle_request():141] handle_request: shutdown
2022-05-23 01:43:14,155 INFO    HandlerThread:20696 [handler.py:finish():806] shutting down handler
2022-05-23 01:43:14,415 INFO    WriterThread:20696 [datastore.py:close():279] close: C:\Projects\Code\Neurals\wandb\run-20220523_014241-btcqz2be\run-btcqz2be.wandb
2022-05-23 01:43:15,060 INFO    SenderThread:20696 [sender.py:finish():1110] shutting down sender
2022-05-23 01:43:15,060 INFO    SenderThread:20696 [file_pusher.py:finish():145] shutting down file pusher
2022-05-23 01:43:15,060 INFO    SenderThread:20696 [file_pusher.py:join():150] waiting for file pusher
2022-05-23 01:43:15,062 INFO    MainThread:20696 [internal.py:handle_exit():80] Internal process exited
