2022-05-24 12:59:32,029 INFO    MainThread:13292 [wandb_setup.py:_flush():76] Loading settings from C:\Users\Maxim N\.config\wandb\settings
2022-05-24 12:59:32,029 INFO    MainThread:13292 [wandb_setup.py:_flush():76] Loading settings from C:\Projects\Code\Neurals\wandb\settings
2022-05-24 12:59:32,029 INFO    MainThread:13292 [wandb_setup.py:_flush():76] Loading settings from environment variables: {}
2022-05-24 12:59:32,029 INFO    MainThread:13292 [wandb_setup.py:_flush():76] Inferring run settings from compute environment: {'program_relpath': 'ballneuralnetwork.py', 'program': 'C:\\Projects\\Code\\Neurals\\ballneuralnetwork.py'}
2022-05-24 12:59:32,029 INFO    MainThread:13292 [wandb_init.py:_log_setup():428] Logging user logs to C:\Projects\Code\Neurals\wandb\run-20220524_125932-1ml29oob\logs\debug.log
2022-05-24 12:59:32,029 INFO    MainThread:13292 [wandb_init.py:_log_setup():429] Logging internal logs to C:\Projects\Code\Neurals\wandb\run-20220524_125932-1ml29oob\logs\debug-internal.log
2022-05-24 12:59:32,029 INFO    MainThread:13292 [wandb_init.py:init():462] calling init triggers
2022-05-24 12:59:32,029 INFO    MainThread:13292 [wandb_init.py:init():465] wandb.init called with sweep_config: {}
config: {}
2022-05-24 12:59:32,029 INFO    MainThread:13292 [wandb_init.py:init():515] starting backend
2022-05-24 12:59:32,030 INFO    MainThread:13292 [backend.py:_multiprocessing_setup():97] multiprocessing start_methods=spawn, using: spawn
2022-05-24 12:59:32,035 INFO    MainThread:13292 [backend.py:ensure_launched():217] starting backend process...
2022-05-24 12:59:32,180 INFO    MainThread:13292 [backend.py:ensure_launched():222] started backend process with pid: 1060
2022-05-24 12:59:32,181 INFO    MainThread:13292 [wandb_init.py:init():525] backend started and connected
2022-05-24 12:59:32,184 INFO    MainThread:13292 [wandb_init.py:init():596] updated telemetry
2022-05-24 12:59:32,190 INFO    MainThread:13292 [wandb_init.py:init():627] communicating run to backend with 30 second timeout
2022-05-24 12:59:34,093 INFO    MainThread:13292 [wandb_run.py:_on_init():1924] communicating current version
2022-05-24 12:59:34,203 INFO    MainThread:13292 [wandb_run.py:_on_init():1928] got version response 
2022-05-24 12:59:34,203 INFO    MainThread:13292 [wandb_init.py:init():662] starting run threads in backend
2022-05-24 12:59:36,076 INFO    MainThread:13292 [wandb_run.py:_console_start():1898] atexit reg
2022-05-24 12:59:36,077 INFO    MainThread:13292 [wandb_run.py:_redirect():1771] redirect: SettingsConsole.WRAP
2022-05-24 12:59:36,077 INFO    MainThread:13292 [wandb_run.py:_redirect():1808] Wrapping output streams.
2022-05-24 12:59:36,080 INFO    MainThread:13292 [wandb_run.py:_redirect():1832] Redirects installed.
2022-05-24 12:59:36,080 INFO    MainThread:13292 [wandb_init.py:init():688] run started, returning control to user process
