2022-05-23 11:05:41,978 INFO    MainThread:18336 [internal.py:wandb_internal():90] W&B internal server running at pid: 18336, started at: 2022-05-23 11:05:41.978456
2022-05-23 11:05:41,982 INFO    WriterThread:18336 [datastore.py:open_for_write():75] open: C:\Projects\Code\Neurals\wandb\run-20220523_110539-2suxaxd4\run-2suxaxd4.wandb
2022-05-23 11:05:41,990 DEBUG   SenderThread:18336 [sender.py:send():232] send: header
2022-05-23 11:05:41,990 DEBUG   SenderThread:18336 [sender.py:send():232] send: run
2022-05-23 11:05:42,326 INFO    SenderThread:18336 [dir_watcher.py:__init__():197] watching files in: C:\Projects\Code\Neurals\wandb\run-20220523_110539-2suxaxd4\files
2022-05-23 11:05:42,326 DEBUG   HandlerThread:18336 [handler.py:handle_request():141] handle_request: check_version
2022-05-23 11:05:42,336 INFO    SenderThread:18336 [sender.py:_start_run_threads():811] run started: 2suxaxd4 with start time 1653267940
2022-05-23 11:05:42,336 DEBUG   SenderThread:18336 [sender.py:send():232] send: summary
2022-05-23 11:05:42,336 INFO    SenderThread:18336 [sender.py:_save_file():948] saving file wandb-summary.json with policy end
2022-05-23 11:05:42,336 DEBUG   SenderThread:18336 [sender.py:send_request():246] send_request: check_version
2022-05-23 11:05:42,536 DEBUG   HandlerThread:18336 [handler.py:handle_request():141] handle_request: run_start
2022-05-23 11:05:43,335 INFO    Thread-11 :18336 [dir_watcher.py:_on_file_created():244] file/dir created: C:\Projects\Code\Neurals\wandb\run-20220523_110539-2suxaxd4\files\wandb-summary.json
2022-05-23 11:05:44,525 DEBUG   HandlerThread:18336 [meta.py:__init__():35] meta init
2022-05-23 11:05:44,529 DEBUG   HandlerThread:18336 [meta.py:__init__():49] meta init done
2022-05-23 11:05:44,529 DEBUG   HandlerThread:18336 [meta.py:probe():209] probe
2022-05-23 11:05:44,545 DEBUG   HandlerThread:18336 [git.py:repo():29] git repository is invalid
2022-05-23 11:05:44,545 DEBUG   HandlerThread:18336 [meta.py:_save_pip():53] save pip
2022-05-23 11:05:44,545 DEBUG   HandlerThread:18336 [meta.py:_save_pip():67] save pip done
2022-05-23 11:05:44,545 DEBUG   HandlerThread:18336 [meta.py:probe():247] probe done
2022-05-23 11:05:44,549 DEBUG   SenderThread:18336 [sender.py:send():232] send: files
2022-05-23 11:05:44,549 INFO    SenderThread:18336 [sender.py:_save_file():948] saving file wandb-metadata.json with policy now
2022-05-23 11:05:44,561 DEBUG   HandlerThread:18336 [handler.py:handle_request():141] handle_request: stop_status
2022-05-23 11:05:44,561 DEBUG   SenderThread:18336 [sender.py:send_request():246] send_request: stop_status
2022-05-23 11:05:44,858 DEBUG   SenderThread:18336 [sender.py:send():232] send: telemetry
2022-05-23 11:05:45,414 INFO    Thread-11 :18336 [dir_watcher.py:_on_file_created():244] file/dir created: C:\Projects\Code\Neurals\wandb\run-20220523_110539-2suxaxd4\files\wandb-metadata.json
2022-05-23 11:05:45,415 INFO    Thread-11 :18336 [dir_watcher.py:_on_file_created():244] file/dir created: C:\Projects\Code\Neurals\wandb\run-20220523_110539-2suxaxd4\files\requirements.txt
2022-05-23 11:05:45,415 INFO    Thread-11 :18336 [dir_watcher.py:_on_file_created():244] file/dir created: C:\Projects\Code\Neurals\wandb\run-20220523_110539-2suxaxd4\files\output.log
2022-05-23 11:05:45,423 INFO    Thread-15 :18336 [upload_job.py:push():132] Uploaded file C:\Users\MAXIMN~1\AppData\Local\Temp\tmpgwxpk1stwandb\14xst16t-wandb-metadata.json
2022-05-23 11:05:47,423 INFO    Thread-11 :18336 [dir_watcher.py:_on_file_modified():257] file/dir modified: C:\Projects\Code\Neurals\wandb\run-20220523_110539-2suxaxd4\files\output.log
2022-05-23 11:05:47,849 DEBUG   HandlerThread:18336 [handler.py:handle_request():141] handle_request: partial_history
2022-05-23 11:05:47,850 DEBUG   SenderThread:18336 [sender.py:send():232] send: history
2022-05-23 11:05:47,850 DEBUG   SenderThread:18336 [sender.py:send():232] send: summary
2022-05-23 11:05:47,851 INFO    SenderThread:18336 [sender.py:_save_file():948] saving file wandb-summary.json with policy end
2022-05-23 11:05:48,427 INFO    Thread-11 :18336 [dir_watcher.py:_on_file_modified():257] file/dir modified: C:\Projects\Code\Neurals\wandb\run-20220523_110539-2suxaxd4\files\wandb-summary.json
2022-05-23 11:05:49,431 INFO    Thread-11 :18336 [dir_watcher.py:_on_file_modified():257] file/dir modified: C:\Projects\Code\Neurals\wandb\run-20220523_110539-2suxaxd4\files\output.log
2022-05-23 11:05:51,439 INFO    Thread-11 :18336 [dir_watcher.py:_on_file_modified():257] file/dir modified: C:\Projects\Code\Neurals\wandb\run-20220523_110539-2suxaxd4\files\output.log
2022-05-23 11:05:53,409 DEBUG   HandlerThread:18336 [handler.py:handle_request():141] handle_request: partial_history
2022-05-23 11:05:53,410 DEBUG   SenderThread:18336 [sender.py:send():232] send: history
2022-05-23 11:05:53,411 DEBUG   SenderThread:18336 [sender.py:send():232] send: summary
2022-05-23 11:05:53,413 INFO    SenderThread:18336 [sender.py:_save_file():948] saving file wandb-summary.json with policy end
2022-05-23 11:05:53,459 INFO    Thread-11 :18336 [dir_watcher.py:_on_file_modified():257] file/dir modified: C:\Projects\Code\Neurals\wandb\run-20220523_110539-2suxaxd4\files\wandb-summary.json
2022-05-23 11:05:55,478 INFO    Thread-11 :18336 [dir_watcher.py:_on_file_modified():257] file/dir modified: C:\Projects\Code\Neurals\wandb\run-20220523_110539-2suxaxd4\files\output.log
2022-05-23 11:05:59,048 DEBUG   HandlerThread:18336 [handler.py:handle_request():141] handle_request: partial_history
2022-05-23 11:05:59,049 DEBUG   SenderThread:18336 [sender.py:send():232] send: history
2022-05-23 11:05:59,050 DEBUG   SenderThread:18336 [sender.py:send():232] send: summary
2022-05-23 11:05:59,052 INFO    SenderThread:18336 [sender.py:_save_file():948] saving file wandb-summary.json with policy end
2022-05-23 11:05:59,490 INFO    Thread-11 :18336 [dir_watcher.py:_on_file_modified():257] file/dir modified: C:\Projects\Code\Neurals\wandb\run-20220523_110539-2suxaxd4\files\wandb-summary.json
2022-05-23 11:05:59,866 DEBUG   HandlerThread:18336 [handler.py:handle_request():141] handle_request: stop_status
2022-05-23 11:05:59,867 DEBUG   SenderThread:18336 [sender.py:send_request():246] send_request: stop_status
2022-05-23 11:06:01,498 INFO    Thread-11 :18336 [dir_watcher.py:_on_file_modified():257] file/dir modified: C:\Projects\Code\Neurals\wandb\run-20220523_110539-2suxaxd4\files\output.log
2022-05-23 11:06:04,762 DEBUG   HandlerThread:18336 [handler.py:handle_request():141] handle_request: partial_history
2022-05-23 11:06:04,764 DEBUG   SenderThread:18336 [sender.py:send():232] send: history
2022-05-23 11:06:04,765 DEBUG   SenderThread:18336 [sender.py:send():232] send: summary
2022-05-23 11:06:04,766 INFO    SenderThread:18336 [sender.py:_save_file():948] saving file wandb-summary.json with policy end
2022-05-23 11:06:05,513 INFO    Thread-11 :18336 [dir_watcher.py:_on_file_modified():257] file/dir modified: C:\Projects\Code\Neurals\wandb\run-20220523_110539-2suxaxd4\files\wandb-summary.json
2022-05-23 11:06:07,523 INFO    Thread-11 :18336 [dir_watcher.py:_on_file_modified():257] file/dir modified: C:\Projects\Code\Neurals\wandb\run-20220523_110539-2suxaxd4\files\output.log
2022-05-23 11:06:10,142 DEBUG   HandlerThread:18336 [handler.py:handle_request():141] handle_request: partial_history
2022-05-23 11:06:10,143 DEBUG   SenderThread:18336 [sender.py:send():232] send: history
2022-05-23 11:06:10,144 DEBUG   SenderThread:18336 [sender.py:send():232] send: summary
2022-05-23 11:06:10,145 INFO    SenderThread:18336 [sender.py:_save_file():948] saving file wandb-summary.json with policy end
2022-05-23 11:06:10,532 INFO    Thread-11 :18336 [dir_watcher.py:_on_file_modified():257] file/dir modified: C:\Projects\Code\Neurals\wandb\run-20220523_110539-2suxaxd4\files\wandb-summary.json
2022-05-23 11:06:11,536 INFO    Thread-11 :18336 [dir_watcher.py:_on_file_modified():257] file/dir modified: C:\Projects\Code\Neurals\wandb\run-20220523_110539-2suxaxd4\files\output.log
2022-05-23 11:06:13,543 INFO    Thread-11 :18336 [dir_watcher.py:_on_file_modified():257] file/dir modified: C:\Projects\Code\Neurals\wandb\run-20220523_110539-2suxaxd4\files\config.yaml
2022-05-23 11:06:13,544 INFO    Thread-11 :18336 [dir_watcher.py:_on_file_modified():257] file/dir modified: C:\Projects\Code\Neurals\wandb\run-20220523_110539-2suxaxd4\files\output.log
2022-05-23 11:06:15,227 DEBUG   HandlerThread:18336 [handler.py:handle_request():141] handle_request: stop_status
2022-05-23 11:06:15,228 DEBUG   SenderThread:18336 [sender.py:send_request():246] send_request: stop_status
2022-05-23 11:06:15,674 DEBUG   HandlerThread:18336 [handler.py:handle_request():141] handle_request: partial_history
2022-05-23 11:06:15,676 DEBUG   SenderThread:18336 [sender.py:send():232] send: history
2022-05-23 11:06:15,677 DEBUG   SenderThread:18336 [sender.py:send():232] send: summary
2022-05-23 11:06:15,678 INFO    SenderThread:18336 [sender.py:_save_file():948] saving file wandb-summary.json with policy end
2022-05-23 11:06:15,928 DEBUG   SenderThread:18336 [sender.py:send():232] send: stats
2022-05-23 11:06:16,560 INFO    Thread-11 :18336 [dir_watcher.py:_on_file_modified():257] file/dir modified: C:\Projects\Code\Neurals\wandb\run-20220523_110539-2suxaxd4\files\wandb-summary.json
2022-05-23 11:06:17,563 INFO    Thread-11 :18336 [dir_watcher.py:_on_file_modified():257] file/dir modified: C:\Projects\Code\Neurals\wandb\run-20220523_110539-2suxaxd4\files\output.log
2022-05-23 11:06:21,294 DEBUG   HandlerThread:18336 [handler.py:handle_request():141] handle_request: partial_history
2022-05-23 11:06:21,295 DEBUG   SenderThread:18336 [sender.py:send():232] send: history
2022-05-23 11:06:21,295 DEBUG   SenderThread:18336 [sender.py:send():232] send: summary
2022-05-23 11:06:21,297 INFO    SenderThread:18336 [sender.py:_save_file():948] saving file wandb-summary.json with policy end
2022-05-23 11:06:21,583 INFO    Thread-11 :18336 [dir_watcher.py:_on_file_modified():257] file/dir modified: C:\Projects\Code\Neurals\wandb\run-20220523_110539-2suxaxd4\files\wandb-summary.json
2022-05-23 11:06:23,595 INFO    Thread-11 :18336 [dir_watcher.py:_on_file_modified():257] file/dir modified: C:\Projects\Code\Neurals\wandb\run-20220523_110539-2suxaxd4\files\output.log
2022-05-23 11:06:24,497 DEBUG   HandlerThread:18336 [handler.py:handle_request():141] handle_request: partial_history
2022-05-23 11:06:24,498 DEBUG   SenderThread:18336 [sender.py:send():232] send: history
2022-05-23 11:06:24,498 DEBUG   SenderThread:18336 [sender.py:send():232] send: summary
2022-05-23 11:06:24,500 INFO    SenderThread:18336 [sender.py:_save_file():948] saving file wandb-summary.json with policy end
2022-05-23 11:06:24,611 INFO    Thread-11 :18336 [dir_watcher.py:_on_file_modified():257] file/dir modified: C:\Projects\Code\Neurals\wandb\run-20220523_110539-2suxaxd4\files\wandb-summary.json
2022-05-23 11:06:25,611 INFO    Thread-11 :18336 [dir_watcher.py:_on_file_modified():257] file/dir modified: C:\Projects\Code\Neurals\wandb\run-20220523_110539-2suxaxd4\files\output.log
2022-05-23 11:06:27,946 DEBUG   HandlerThread:18336 [handler.py:handle_request():141] handle_request: partial_history
2022-05-23 11:06:27,947 DEBUG   SenderThread:18336 [sender.py:send():232] send: history
2022-05-23 11:06:27,948 DEBUG   SenderThread:18336 [sender.py:send():232] send: summary
2022-05-23 11:06:27,949 INFO    SenderThread:18336 [sender.py:_save_file():948] saving file wandb-summary.json with policy end
2022-05-23 11:06:28,628 INFO    Thread-11 :18336 [dir_watcher.py:_on_file_modified():257] file/dir modified: C:\Projects\Code\Neurals\wandb\run-20220523_110539-2suxaxd4\files\wandb-summary.json
2022-05-23 11:06:29,640 INFO    Thread-11 :18336 [dir_watcher.py:_on_file_modified():257] file/dir modified: C:\Projects\Code\Neurals\wandb\run-20220523_110539-2suxaxd4\files\output.log
2022-05-23 11:06:30,589 DEBUG   HandlerThread:18336 [handler.py:handle_request():141] handle_request: stop_status
2022-05-23 11:06:30,589 DEBUG   SenderThread:18336 [sender.py:send_request():246] send_request: stop_status
2022-05-23 11:06:32,614 DEBUG   HandlerThread:18336 [handler.py:handle_request():141] handle_request: partial_history
2022-05-23 11:06:32,615 DEBUG   SenderThread:18336 [sender.py:send():232] send: history
2022-05-23 11:06:32,615 DEBUG   SenderThread:18336 [sender.py:send():232] send: summary
2022-05-23 11:06:32,617 INFO    SenderThread:18336 [sender.py:_save_file():948] saving file wandb-summary.json with policy end
2022-05-23 11:06:32,646 INFO    Thread-11 :18336 [dir_watcher.py:_on_file_modified():257] file/dir modified: C:\Projects\Code\Neurals\wandb\run-20220523_110539-2suxaxd4\files\wandb-summary.json
2022-05-23 11:06:33,659 INFO    Thread-11 :18336 [dir_watcher.py:_on_file_modified():257] file/dir modified: C:\Projects\Code\Neurals\wandb\run-20220523_110539-2suxaxd4\files\output.log
2022-05-23 11:06:35,679 INFO    Thread-11 :18336 [dir_watcher.py:_on_file_modified():257] file/dir modified: C:\Projects\Code\Neurals\wandb\run-20220523_110539-2suxaxd4\files\output.log
