2022-05-24 10:13:18,966 INFO    MainThread:10196 [internal.py:wandb_internal():90] W&B internal server running at pid: 10196, started at: 2022-05-24 10:13:18.950222
2022-05-24 10:13:18,966 INFO    WriterThread:10196 [datastore.py:open_for_write():75] open: C:\Projects\Code\Neurals\wandb\run-20220524_101317-1dasgnsx\run-1dasgnsx.wandb
2022-05-24 10:13:18,974 DEBUG   SenderThread:10196 [sender.py:send():232] send: header
2022-05-24 10:13:18,974 DEBUG   SenderThread:10196 [sender.py:send():232] send: run
2022-05-24 10:13:19,297 DEBUG   HandlerThread:10196 [handler.py:handle_request():141] handle_request: check_version
2022-05-24 10:13:19,297 INFO    SenderThread:10196 [dir_watcher.py:__init__():197] watching files in: C:\Projects\Code\Neurals\wandb\run-20220524_101317-1dasgnsx\files
2022-05-24 10:13:19,297 INFO    SenderThread:10196 [sender.py:_start_run_threads():811] run started: 1dasgnsx with start time 1653351197
2022-05-24 10:13:19,297 DEBUG   SenderThread:10196 [sender.py:send():232] send: summary
2022-05-24 10:13:19,297 INFO    SenderThread:10196 [sender.py:_save_file():948] saving file wandb-summary.json with policy end
2022-05-24 10:13:19,297 DEBUG   SenderThread:10196 [sender.py:send_request():246] send_request: check_version
2022-05-24 10:13:19,372 DEBUG   HandlerThread:10196 [handler.py:handle_request():141] handle_request: run_start
2022-05-24 10:13:20,307 INFO    Thread-11 :10196 [dir_watcher.py:_on_file_created():244] file/dir created: C:\Projects\Code\Neurals\wandb\run-20220524_101317-1dasgnsx\files\wandb-summary.json
2022-05-24 10:13:21,124 DEBUG   HandlerThread:10196 [meta.py:__init__():35] meta init
2022-05-24 10:13:21,124 DEBUG   HandlerThread:10196 [meta.py:__init__():49] meta init done
2022-05-24 10:13:21,124 DEBUG   HandlerThread:10196 [meta.py:probe():209] probe
2022-05-24 10:13:21,148 DEBUG   HandlerThread:10196 [git.py:repo():29] git repository is invalid
2022-05-24 10:13:21,148 DEBUG   HandlerThread:10196 [meta.py:_save_pip():53] save pip
2022-05-24 10:13:21,159 DEBUG   HandlerThread:10196 [meta.py:_save_pip():67] save pip done
2022-05-24 10:13:21,159 DEBUG   HandlerThread:10196 [meta.py:probe():247] probe done
2022-05-24 10:13:21,159 DEBUG   SenderThread:10196 [sender.py:send():232] send: files
2022-05-24 10:13:21,159 INFO    SenderThread:10196 [sender.py:_save_file():948] saving file wandb-metadata.json with policy now
2022-05-24 10:13:21,167 DEBUG   HandlerThread:10196 [handler.py:handle_request():141] handle_request: stop_status
2022-05-24 10:13:21,167 DEBUG   SenderThread:10196 [sender.py:send_request():246] send_request: stop_status
2022-05-24 10:13:21,318 INFO    Thread-11 :10196 [dir_watcher.py:_on_file_created():244] file/dir created: C:\Projects\Code\Neurals\wandb\run-20220524_101317-1dasgnsx\files\requirements.txt
2022-05-24 10:13:21,319 INFO    Thread-11 :10196 [dir_watcher.py:_on_file_created():244] file/dir created: C:\Projects\Code\Neurals\wandb\run-20220524_101317-1dasgnsx\files\wandb-metadata.json
2022-05-24 10:13:21,319 INFO    Thread-11 :10196 [dir_watcher.py:_on_file_created():244] file/dir created: C:\Projects\Code\Neurals\wandb\run-20220524_101317-1dasgnsx\files\output.log
2022-05-24 10:13:21,450 DEBUG   SenderThread:10196 [sender.py:send():232] send: telemetry
2022-05-24 10:13:22,011 INFO    Thread-15 :10196 [upload_job.py:push():132] Uploaded file C:\Users\MAXIMN~1\AppData\Local\Temp\tmpj8jyufrjwandb\26ahpr94-wandb-metadata.json
2022-05-24 10:13:22,860 DEBUG   HandlerThread:10196 [handler.py:handle_request():141] handle_request: partial_history
2022-05-24 10:13:22,861 DEBUG   SenderThread:10196 [sender.py:send():232] send: history
2022-05-24 10:13:22,861 DEBUG   SenderThread:10196 [sender.py:send():232] send: summary
2022-05-24 10:13:22,861 INFO    SenderThread:10196 [sender.py:_save_file():948] saving file wandb-summary.json with policy end
2022-05-24 10:13:23,339 INFO    Thread-11 :10196 [dir_watcher.py:_on_file_modified():257] file/dir modified: C:\Projects\Code\Neurals\wandb\run-20220524_101317-1dasgnsx\files\wandb-summary.json
2022-05-24 10:13:23,339 INFO    Thread-11 :10196 [dir_watcher.py:_on_file_modified():257] file/dir modified: C:\Projects\Code\Neurals\wandb\run-20220524_101317-1dasgnsx\files\output.log
2022-05-24 10:13:25,532 DEBUG   HandlerThread:10196 [handler.py:handle_request():141] handle_request: partial_history
2022-05-24 10:13:25,532 DEBUG   SenderThread:10196 [sender.py:send():232] send: history
2022-05-24 10:13:25,533 DEBUG   SenderThread:10196 [sender.py:send():232] send: summary
2022-05-24 10:13:25,533 INFO    SenderThread:10196 [sender.py:_save_file():948] saving file wandb-summary.json with policy end
2022-05-24 10:13:26,354 INFO    Thread-11 :10196 [dir_watcher.py:_on_file_modified():257] file/dir modified: C:\Projects\Code\Neurals\wandb\run-20220524_101317-1dasgnsx\files\wandb-summary.json
2022-05-24 10:13:27,359 INFO    Thread-11 :10196 [dir_watcher.py:_on_file_modified():257] file/dir modified: C:\Projects\Code\Neurals\wandb\run-20220524_101317-1dasgnsx\files\output.log
2022-05-24 10:13:28,134 DEBUG   HandlerThread:10196 [handler.py:handle_request():141] handle_request: partial_history
2022-05-24 10:13:28,135 DEBUG   SenderThread:10196 [sender.py:send():232] send: history
2022-05-24 10:13:28,136 DEBUG   SenderThread:10196 [sender.py:send():232] send: summary
2022-05-24 10:13:28,136 INFO    SenderThread:10196 [sender.py:_save_file():948] saving file wandb-summary.json with policy end
2022-05-24 10:13:28,364 INFO    Thread-11 :10196 [dir_watcher.py:_on_file_modified():257] file/dir modified: C:\Projects\Code\Neurals\wandb\run-20220524_101317-1dasgnsx\files\wandb-summary.json
