Warning: initial_connection = full with hidden nodes will not do direct input-output connections;
	if this is desired, set initial_connection = full_nodirect;
	if not, set initial_connection = full_direct
Warning: initial_connection = full with hidden nodes will not do direct input-output connections;
	if this is desired, set initial_connection = full_nodirect;
	if not, set initial_connection = full_direct
Warning: initial_connection = full with hidden nodes will not do direct input-output connections;
	if this is desired, set initial_connection = full_nodirect;
	if not, set initial_connection = full_direct
Warning: initial_connection = full with hidden nodes will not do direct input-output connections;
	if this is desired, set initial_connection = full_nodirect;
	if not, set initial_connection = full_direct
Warning: initial_connection = full with hidden nodes will not do direct input-output connections;
	if this is desired, set initial_connection = full_nodirect;
	if not, set initial_connection = full_direct
Warning: initial_connection = full with hidden nodes will not do direct input-output connections;
	if this is desired, set initial_connection = full_nodirect;
	if not, set initial_connection = full_direct
Warning: initial_connection = full with hidden nodes will not do direct input-output connections;
	if this is desired, set initial_connection = full_nodirect;
	if not, set initial_connection = full_direct
Warning: initial_connection = full with hidden nodes will not do direct input-output connections;
	if this is desired, set initial_connection = full_nodirect;
	if not, set initial_connection = full_direct
Warning: initial_connection = full with hidden nodes will not do direct input-output connections;
	if this is desired, set initial_connection = full_nodirect;
	if not, set initial_connection = full_direct
Warning: initial_connection = full with hidden nodes will not do direct input-output connections;
	if this is desired, set initial_connection = full_nodirect;
	if not, set initial_connection = full_direct
Warning: initial_connection = full with hidden nodes will not do direct input-output connections;
	if this is desired, set initial_connection = full_nodirect;
	if not, set initial_connection = full_direct
Warning: initial_connection = full with hidden nodes will not do direct input-output connections;
	if this is desired, set initial_connection = full_nodirect;
	if not, set initial_connection = full_direct
Warning: initial_connection = full with hidden nodes will not do direct input-output connections;
	if this is desired, set initial_connection = full_nodirect;
	if not, set initial_connection = full_direct
Warning: initial_connection = full with hidden nodes will not do direct input-output connections;
	if this is desired, set initial_connection = full_nodirect;
	if not, set initial_connection = full_direct
Warning: initial_connection = full with hidden nodes will not do direct input-output connections;
	if this is desired, set initial_connection = full_nodirect;
	if not, set initial_connection = full_direct
Warning: initial_connection = full with hidden nodes will not do direct input-output connections;
	if this is desired, set initial_connection = full_nodirect;
	if not, set initial_connection = full_direct
Warning: initial_connection = full with hidden nodes will not do direct input-output connections;
	if this is desired, set initial_connection = full_nodirect;
	if not, set initial_connection = full_direct
Warning: initial_connection = full with hidden nodes will not do direct input-output connections;
	if this is desired, set initial_connection = full_nodirect;
	if not, set initial_connection = full_direct
Warning: initial_connection = full with hidden nodes will not do direct input-output connections;
	if this is desired, set initial_connection = full_nodirect;
	if not, set initial_connection = full_direct
Warning: initial_connection = full with hidden nodes will not do direct input-output connections;
	if this is desired, set initial_connection = full_nodirect;
	if not, set initial_connection = full_direct
Warning: initial_connection = full with hidden nodes will not do direct input-output connections;
	if this is desired, set initial_connection = full_nodirect;
	if not, set initial_connection = full_direct
Warning: initial_connection = full with hidden nodes will not do direct input-output connections;
	if this is desired, set initial_connection = full_nodirect;
	if not, set initial_connection = full_direct
Warning: initial_connection = full with hidden nodes will not do direct input-output connections;
	if this is desired, set initial_connection = full_nodirect;
	if not, set initial_connection = full_direct
Warning: initial_connection = full with hidden nodes will not do direct input-output connections;
	if this is desired, set initial_connection = full_nodirect;
	if not, set initial_connection = full_direct
Warning: initial_connection = full with hidden nodes will not do direct input-output connections;
	if this is desired, set initial_connection = full_nodirect;
	if not, set initial_connection = full_direct
Warning: initial_connection = full with hidden nodes will not do direct input-output connections;
	if this is desired, set initial_connection = full_nodirect;
	if not, set initial_connection = full_direct
Warning: initial_connection = full with hidden nodes will not do direct input-output connections;
	if this is desired, set initial_connection = full_nodirect;
	if not, set initial_connection = full_direct
Warning: initial_connection = full with hidden nodes will not do direct input-output connections;
	if this is desired, set initial_connection = full_nodirect;
	if not, set initial_connection = full_direct
Warning: initial_connection = full with hidden nodes will not do direct input-output connections;
	if this is desired, set initial_connection = full_nodirect;
	if not, set initial_connection = full_direct
Warning: initial_connection = full with hidden nodes will not do direct input-output connections;
	if this is desired, set initial_connection = full_nodirect;
	if not, set initial_connection = full_direct
Warning: initial_connection = full with hidden nodes will not do direct input-output connections;
	if this is desired, set initial_connection = full_nodirect;
	if not, set initial_connection = full_direct
Warning: initial_connection = full with hidden nodes will not do direct input-output connections;
	if this is desired, set initial_connection = full_nodirect;
	if not, set initial_connection = full_direct
Warning: initial_connection = full with hidden nodes will not do direct input-output connections;
	if this is desired, set initial_connection = full_nodirect;
	if not, set initial_connection = full_direct
Warning: initial_connection = full with hidden nodes will not do direct input-output connections;
	if this is desired, set initial_connection = full_nodirect;
	if not, set initial_connection = full_direct
Warning: initial_connection = full with hidden nodes will not do direct input-output connections;
	if this is desired, set initial_connection = full_nodirect;
	if not, set initial_connection = full_direct
Warning: initial_connection = full with hidden nodes will not do direct input-output connections;
	if this is desired, set initial_connection = full_nodirect;
	if not, set initial_connection = full_direct
Warning: initial_connection = full with hidden nodes will not do direct input-output connections;
	if this is desired, set initial_connection = full_nodirect;
	if not, set initial_connection = full_direct
Warning: initial_connection = full with hidden nodes will not do direct input-output connections;
	if this is desired, set initial_connection = full_nodirect;
	if not, set initial_connection = full_direct
Warning: initial_connection = full with hidden nodes will not do direct input-output connections;
	if this is desired, set initial_connection = full_nodirect;
	if not, set initial_connection = full_direct
Warning: initial_connection = full with hidden nodes will not do direct input-output connections;
	if this is desired, set initial_connection = full_nodirect;
	if not, set initial_connection = full_direct
Warning: initial_connection = full with hidden nodes will not do direct input-output connections;
	if this is desired, set initial_connection = full_nodirect;
	if not, set initial_connection = full_direct
Warning: initial_connection = full with hidden nodes will not do direct input-output connections;
	if this is desired, set initial_connection = full_nodirect;
	if not, set initial_connection = full_direct
Warning: initial_connection = full with hidden nodes will not do direct input-output connections;
	if this is desired, set initial_connection = full_nodirect;
	if not, set initial_connection = full_direct
Warning: initial_connection = full with hidden nodes will not do direct input-output connections;
	if this is desired, set initial_connection = full_nodirect;
	if not, set initial_connection = full_direct
Warning: initial_connection = full with hidden nodes will not do direct input-output connections;
	if this is desired, set initial_connection = full_nodirect;
	if not, set initial_connection = full_direct
Warning: initial_connection = full with hidden nodes will not do direct input-output connections;
	if this is desired, set initial_connection = full_nodirect;
	if not, set initial_connection = full_direct
Warning: initial_connection = full with hidden nodes will not do direct input-output connections;
	if this is desired, set initial_connection = full_nodirect;
	if not, set initial_connection = full_direct
Warning: initial_connection = full with hidden nodes will not do direct input-output connections;
	if this is desired, set initial_connection = full_nodirect;
	if not, set initial_connection = full_direct
Warning: initial_connection = full with hidden nodes will not do direct input-output connections;
	if this is desired, set initial_connection = full_nodirect;
	if not, set initial_connection = full_direct
Warning: initial_connection = full with hidden nodes will not do direct input-output connections;
	if this is desired, set initial_connection = full_nodirect;
	if not, set initial_connection = full_direct
Warning: initial_connection = full with hidden nodes will not do direct input-output connections;
	if this is desired, set initial_connection = full_nodirect;
	if not, set initial_connection = full_direct
Warning: initial_connection = full with hidden nodes will not do direct input-output connections;
	if this is desired, set initial_connection = full_nodirect;
	if not, set initial_connection = full_direct
Warning: initial_connection = full with hidden nodes will not do direct input-output connections;
	if this is desired, set initial_connection = full_nodirect;
	if not, set initial_connection = full_direct
Warning: initial_connection = full with hidden nodes will not do direct input-output connections;
	if this is desired, set initial_connection = full_nodirect;
	if not, set initial_connection = full_direct
Warning: initial_connection = full with hidden nodes will not do direct input-output connections;
	if this is desired, set initial_connection = full_nodirect;
	if not, set initial_connection = full_direct
Warning: initial_connection = full with hidden nodes will not do direct input-output connections;
	if this is desired, set initial_connection = full_nodirect;
	if not, set initial_connection = full_direct
Warning: initial_connection = full with hidden nodes will not do direct input-output connections;
	if this is desired, set initial_connection = full_nodirect;
	if not, set initial_connection = full_direct
Warning: initial_connection = full with hidden nodes will not do direct input-output connections;
	if this is desired, set initial_connection = full_nodirect;
	if not, set initial_connection = full_direct
Warning: initial_connection = full with hidden nodes will not do direct input-output connections;
	if this is desired, set initial_connection = full_nodirect;
	if not, set initial_connection = full_direct
Warning: initial_connection = full with hidden nodes will not do direct input-output connections;
	if this is desired, set initial_connection = full_nodirect;
	if not, set initial_connection = full_direct
Warning: initial_connection = full with hidden nodes will not do direct input-output connections;
	if this is desired, set initial_connection = full_nodirect;
	if not, set initial_connection = full_direct
Warning: initial_connection = full with hidden nodes will not do direct input-output connections;
	if this is desired, set initial_connection = full_nodirect;
	if not, set initial_connection = full_direct
Warning: initial_connection = full with hidden nodes will not do direct input-output connections;
	if this is desired, set initial_connection = full_nodirect;
	if not, set initial_connection = full_direct
Warning: initial_connection = full with hidden nodes will not do direct input-output connections;
	if this is desired, set initial_connection = full_nodirect;
	if not, set initial_connection = full_direct
Warning: initial_connection = full with hidden nodes will not do direct input-output connections;
	if this is desired, set initial_connection = full_nodirect;
	if not, set initial_connection = full_direct
Warning: initial_connection = full with hidden nodes will not do direct input-output connections;
	if this is desired, set initial_connection = full_nodirect;
	if not, set initial_connection = full_direct
Warning: initial_connection = full with hidden nodes will not do direct input-output connections;
	if this is desired, set initial_connection = full_nodirect;
	if not, set initial_connection = full_direct
Warning: initial_connection = full with hidden nodes will not do direct input-output connections;
	if this is desired, set initial_connection = full_nodirect;
	if not, set initial_connection = full_direct
Warning: initial_connection = full with hidden nodes will not do direct input-output connections;
	if this is desired, set initial_connection = full_nodirect;
	if not, set initial_connection = full_direct
Warning: initial_connection = full with hidden nodes will not do direct input-output connections;
	if this is desired, set initial_connection = full_nodirect;
	if not, set initial_connection = full_direct
Warning: initial_connection = full with hidden nodes will not do direct input-output connections;
	if this is desired, set initial_connection = full_nodirect;
	if not, set initial_connection = full_direct
Warning: initial_connection = full with hidden nodes will not do direct input-output connections;
	if this is desired, set initial_connection = full_nodirect;
	if not, set initial_connection = full_direct
Warning: initial_connection = full with hidden nodes will not do direct input-output connections;
	if this is desired, set initial_connection = full_nodirect;
	if not, set initial_connection = full_direct
Warning: initial_connection = full with hidden nodes will not do direct input-output connections;
	if this is desired, set initial_connection = full_nodirect;
	if not, set initial_connection = full_direct
Warning: initial_connection = full with hidden nodes will not do direct input-output connections;
	if this is desired, set initial_connection = full_nodirect;
	if not, set initial_connection = full_direct
Warning: initial_connection = full with hidden nodes will not do direct input-output connections;
	if this is desired, set initial_connection = full_nodirect;
	if not, set initial_connection = full_direct
Warning: initial_connection = full with hidden nodes will not do direct input-output connections;
	if this is desired, set initial_connection = full_nodirect;
	if not, set initial_connection = full_direct
Warning: initial_connection = full with hidden nodes will not do direct input-output connections;
	if this is desired, set initial_connection = full_nodirect;
	if not, set initial_connection = full_direct
Warning: initial_connection = full with hidden nodes will not do direct input-output connections;
	if this is desired, set initial_connection = full_nodirect;
	if not, set initial_connection = full_direct
Warning: initial_connection = full with hidden nodes will not do direct input-output connections;
	if this is desired, set initial_connection = full_nodirect;
	if not, set initial_connection = full_direct
Warning: initial_connection = full with hidden nodes will not do direct input-output connections;
	if this is desired, set initial_connection = full_nodirect;
	if not, set initial_connection = full_direct
Warning: initial_connection = full with hidden nodes will not do direct input-output connections;
	if this is desired, set initial_connection = full_nodirect;
	if not, set initial_connection = full_direct
Warning: initial_connection = full with hidden nodes will not do direct input-output connections;
	if this is desired, set initial_connection = full_nodirect;
	if not, set initial_connection = full_direct
Warning: initial_connection = full with hidden nodes will not do direct input-output connections;
	if this is desired, set initial_connection = full_nodirect;
	if not, set initial_connection = full_direct
Warning: initial_connection = full with hidden nodes will not do direct input-output connections;
	if this is desired, set initial_connection = full_nodirect;
	if not, set initial_connection = full_direct
Warning: initial_connection = full with hidden nodes will not do direct input-output connections;
	if this is desired, set initial_connection = full_nodirect;
	if not, set initial_connection = full_direct
Warning: initial_connection = full with hidden nodes will not do direct input-output connections;
	if this is desired, set initial_connection = full_nodirect;
	if not, set initial_connection = full_direct
Warning: initial_connection = full with hidden nodes will not do direct input-output connections;
	if this is desired, set initial_connection = full_nodirect;
	if not, set initial_connection = full_direct
Warning: initial_connection = full with hidden nodes will not do direct input-output connections;
	if this is desired, set initial_connection = full_nodirect;
	if not, set initial_connection = full_direct
Warning: initial_connection = full with hidden nodes will not do direct input-output connections;
	if this is desired, set initial_connection = full_nodirect;
	if not, set initial_connection = full_direct
Warning: initial_connection = full with hidden nodes will not do direct input-output connections;
	if this is desired, set initial_connection = full_nodirect;
	if not, set initial_connection = full_direct
Warning: initial_connection = full with hidden nodes will not do direct input-output connections;
	if this is desired, set initial_connection = full_nodirect;
	if not, set initial_connection = full_direct
Warning: initial_connection = full with hidden nodes will not do direct input-output connections;
	if this is desired, set initial_connection = full_nodirect;
	if not, set initial_connection = full_direct
Warning: initial_connection = full with hidden nodes will not do direct input-output connections;
	if this is desired, set initial_connection = full_nodirect;
	if not, set initial_connection = full_direct
Warning: initial_connection = full with hidden nodes will not do direct input-output connections;
	if this is desired, set initial_connection = full_nodirect;
	if not, set initial_connection = full_direct
Warning: initial_connection = full with hidden nodes will not do direct input-output connections;
	if this is desired, set initial_connection = full_nodirect;
	if not, set initial_connection = full_direct
Warning: initial_connection = full with hidden nodes will not do direct input-output connections;
	if this is desired, set initial_connection = full_nodirect;
	if not, set initial_connection = full_direct
Warning: initial_connection = full with hidden nodes will not do direct input-output connections;
	if this is desired, set initial_connection = full_nodirect;
	if not, set initial_connection = full_direct
Warning: initial_connection = full with hidden nodes will not do direct input-output connections;
	if this is desired, set initial_connection = full_nodirect;
	if not, set initial_connection = full_direct
Warning: initial_connection = full with hidden nodes will not do direct input-output connections;
	if this is desired, set initial_connection = full_nodirect;
	if not, set initial_connection = full_direct
Warning: initial_connection = full with hidden nodes will not do direct input-output connections;
	if this is desired, set initial_connection = full_nodirect;
	if not, set initial_connection = full_direct
Warning: initial_connection = full with hidden nodes will not do direct input-output connections;
	if this is desired, set initial_connection = full_nodirect;
	if not, set initial_connection = full_direct
Warning: initial_connection = full with hidden nodes will not do direct input-output connections;
	if this is desired, set initial_connection = full_nodirect;
	if not, set initial_connection = full_direct
Warning: initial_connection = full with hidden nodes will not do direct input-output connections;
	if this is desired, set initial_connection = full_nodirect;
	if not, set initial_connection = full_direct
Warning: initial_connection = full with hidden nodes will not do direct input-output connections;
	if this is desired, set initial_connection = full_nodirect;
	if not, set initial_connection = full_direct
Warning: initial_connection = full with hidden nodes will not do direct input-output connections;
	if this is desired, set initial_connection = full_nodirect;
	if not, set initial_connection = full_direct
Warning: initial_connection = full with hidden nodes will not do direct input-output connections;
	if this is desired, set initial_connection = full_nodirect;
	if not, set initial_connection = full_direct
Warning: initial_connection = full with hidden nodes will not do direct input-output connections;
	if this is desired, set initial_connection = full_nodirect;
	if not, set initial_connection = full_direct
Warning: initial_connection = full with hidden nodes will not do direct input-output connections;
	if this is desired, set initial_connection = full_nodirect;
	if not, set initial_connection = full_direct
Warning: initial_connection = full with hidden nodes will not do direct input-output connections;
	if this is desired, set initial_connection = full_nodirect;
	if not, set initial_connection = full_direct
Warning: initial_connection = full with hidden nodes will not do direct input-output connections;
	if this is desired, set initial_connection = full_nodirect;
	if not, set initial_connection = full_direct
Warning: initial_connection = full with hidden nodes will not do direct input-output connections;
	if this is desired, set initial_connection = full_nodirect;
	if not, set initial_connection = full_direct
Warning: initial_connection = full with hidden nodes will not do direct input-output connections;
	if this is desired, set initial_connection = full_nodirect;
	if not, set initial_connection = full_direct
Warning: initial_connection = full with hidden nodes will not do direct input-output connections;
	if this is desired, set initial_connection = full_nodirect;
	if not, set initial_connection = full_direct
Warning: initial_connection = full with hidden nodes will not do direct input-output connections;
	if this is desired, set initial_connection = full_nodirect;
	if not, set initial_connection = full_direct
Warning: initial_connection = full with hidden nodes will not do direct input-output connections;
	if this is desired, set initial_connection = full_nodirect;
	if not, set initial_connection = full_direct
Warning: initial_connection = full with hidden nodes will not do direct input-output connections;
	if this is desired, set initial_connection = full_nodirect;
	if not, set initial_connection = full_direct
Warning: initial_connection = full with hidden nodes will not do direct input-output connections;
	if this is desired, set initial_connection = full_nodirect;
	if not, set initial_connection = full_direct
Warning: initial_connection = full with hidden nodes will not do direct input-output connections;
	if this is desired, set initial_connection = full_nodirect;
	if not, set initial_connection = full_direct
Warning: initial_connection = full with hidden nodes will not do direct input-output connections;
	if this is desired, set initial_connection = full_nodirect;
	if not, set initial_connection = full_direct
Warning: initial_connection = full with hidden nodes will not do direct input-output connections;
	if this is desired, set initial_connection = full_nodirect;
	if not, set initial_connection = full_direct
Warning: initial_connection = full with hidden nodes will not do direct input-output connections;
	if this is desired, set initial_connection = full_nodirect;
	if not, set initial_connection = full_direct
Warning: initial_connection = full with hidden nodes will not do direct input-output connections;
	if this is desired, set initial_connection = full_nodirect;
	if not, set initial_connection = full_direct
Warning: initial_connection = full with hidden nodes will not do direct input-output connections;
	if this is desired, set initial_connection = full_nodirect;
	if not, set initial_connection = full_direct
Warning: initial_connection = full with hidden nodes will not do direct input-output connections;
	if this is desired, set initial_connection = full_nodirect;
	if not, set initial_connection = full_direct
Warning: initial_connection = full with hidden nodes will not do direct input-output connections;
	if this is desired, set initial_connection = full_nodirect;
	if not, set initial_connection = full_direct
Warning: initial_connection = full with hidden nodes will not do direct input-output connections;
	if this is desired, set initial_connection = full_nodirect;
	if not, set initial_connection = full_direct
Warning: initial_connection = full with hidden nodes will not do direct input-output connections;
	if this is desired, set initial_connection = full_nodirect;
	if not, set initial_connection = full_direct
Warning: initial_connection = full with hidden nodes will not do direct input-output connections;
	if this is desired, set initial_connection = full_nodirect;
	if not, set initial_connection = full_direct
Warning: initial_connection = full with hidden nodes will not do direct input-output connections;
	if this is desired, set initial_connection = full_nodirect;
	if not, set initial_connection = full_direct
Warning: initial_connection = full with hidden nodes will not do direct input-output connections;
	if this is desired, set initial_connection = full_nodirect;
	if not, set initial_connection = full_direct
Warning: initial_connection = full with hidden nodes will not do direct input-output connections;
	if this is desired, set initial_connection = full_nodirect;
	if not, set initial_connection = full_direct
Warning: initial_connection = full with hidden nodes will not do direct input-output connections;
	if this is desired, set initial_connection = full_nodirect;
	if not, set initial_connection = full_direct
Warning: initial_connection = full with hidden nodes will not do direct input-output connections;
	if this is desired, set initial_connection = full_nodirect;
	if not, set initial_connection = full_direct
Warning: initial_connection = full with hidden nodes will not do direct input-output connections;
	if this is desired, set initial_connection = full_nodirect;
	if not, set initial_connection = full_direct
Warning: initial_connection = full with hidden nodes will not do direct input-output connections;
	if this is desired, set initial_connection = full_nodirect;
	if not, set initial_connection = full_direct
Warning: initial_connection = full with hidden nodes will not do direct input-output connections;
	if this is desired, set initial_connection = full_nodirect;
	if not, set initial_connection = full_direct
Warning: initial_connection = full with hidden nodes will not do direct input-output connections;
	if this is desired, set initial_connection = full_nodirect;
	if not, set initial_connection = full_direct
Warning: initial_connection = full with hidden nodes will not do direct input-output connections;
	if this is desired, set initial_connection = full_nodirect;
	if not, set initial_connection = full_direct
Warning: initial_connection = full with hidden nodes will not do direct input-output connections;
	if this is desired, set initial_connection = full_nodirect;
	if not, set initial_connection = full_direct
Warning: initial_connection = full with hidden nodes will not do direct input-output connections;
	if this is desired, set initial_connection = full_nodirect;
	if not, set initial_connection = full_direct
Warning: initial_connection = full with hidden nodes will not do direct input-output connections;
	if this is desired, set initial_connection = full_nodirect;
	if not, set initial_connection = full_direct
Warning: initial_connection = full with hidden nodes will not do direct input-output connections;
	if this is desired, set initial_connection = full_nodirect;
	if not, set initial_connection = full_direct
Warning: initial_connection = full with hidden nodes will not do direct input-output connections;
	if this is desired, set initial_connection = full_nodirect;
	if not, set initial_connection = full_direct
Warning: initial_connection = full with hidden nodes will not do direct input-output connections;
	if this is desired, set initial_connection = full_nodirect;
	if not, set initial_connection = full_direct
Warning: initial_connection = full with hidden nodes will not do direct input-output connections;
	if this is desired, set initial_connection = full_nodirect;
	if not, set initial_connection = full_direct
Warning: initial_connection = full with hidden nodes will not do direct input-output connections;
	if this is desired, set initial_connection = full_nodirect;
	if not, set initial_connection = full_direct
Warning: initial_connection = full with hidden nodes will not do direct input-output connections;
	if this is desired, set initial_connection = full_nodirect;
	if not, set initial_connection = full_direct
Warning: initial_connection = full with hidden nodes will not do direct input-output connections;
	if this is desired, set initial_connection = full_nodirect;
	if not, set initial_connection = full_direct
Warning: initial_connection = full with hidden nodes will not do direct input-output connections;
	if this is desired, set initial_connection = full_nodirect;
	if not, set initial_connection = full_direct
 ****** Running generation 0 ******
Ntime = 0
Utime = 0
Run done
Enum done
Population's average fitness: 5.98041 stdev: 6.74604
Best fitness: 68.73800 - size: (6, 15) - species 1 - id 1
Average adjusted fitness: 0.068
Mean genetic distance 3.175, standard deviation 0.320
Population of 302 members in 150 species:
   ID   age  size  fitness  adj fit  stag
  ====  ===  ====  =======  =======  ====
     1    0     4     68.7    1.000     0
     2    0     2      6.2    0.072     0
     3    0     2      8.5    0.107     0
     4    0     2      4.7    0.050     0
     5    0     2      1.7    0.005     0
     6    0     2     10.0    0.128     0
     7    0     2      5.1    0.056     0
     8    0     2      9.9    0.127     0
     9    0     2      2.0    0.009     0
    10    0     2      4.6    0.048     0
    11    0     2      5.6    0.062     0
    12    0     2      3.7    0.035     0
    13    0     2      9.9    0.127     0
    14    0     2      4.1    0.041     0
    15    0     2      2.2    0.012     0
    16    0     2      4.7    0.050     0
    17    0     2      9.7    0.124     0
    18    0     2      3.9    0.037     0
    19    0     2      1.4    0.001     0
    20    0     2     13.2    0.175     0
    21    0     2      4.1    0.040     0
    22    0     2      9.9    0.126     0
    23    0     2      8.6    0.107     0
    24    0     2     10.4    0.134     0
    25    0     2      2.3    0.013     0
    26    0     2      1.5    0.002     0
    27    0     2      1.9    0.007     0
    28    0     2      1.4    0.000     0
    29    0     2      1.4    0.000     0
    30    0     2      1.4    0.000     0
    31    0     2      8.4    0.105     0
    32    0     2      9.9    0.127     0
    33    0     2      3.1    0.026     0
    34    0     2     10.0    0.127     0
    35    0     2      1.4    0.000     0
    36    0     2      1.5    0.001     0
    37    0     2      1.4    0.000     0
    38    0     2      4.1    0.041     0
    39    0     2      9.7    0.124     0
    40    0     2      4.6    0.048     0
    41    0     2      1.4    0.000     0
    42    0     2      9.9    0.127     0
    43    0     2     10.0    0.127     0
    44    0     2      7.6    0.092     0
    45    0     2      1.6    0.004     0
    46    0     2      1.4    0.001     0
    47    0     2      1.5    0.002     0
    48    0     2      7.0    0.083     0
    49    0     2      8.1    0.100     0
    50    0     2     15.9    0.215     0
    51    0     2      8.2    0.102     0
    52    0     2      1.5    0.002     0
    53    0     2      4.8    0.051     0
    54    0     2      1.4    0.000     0
    55    0     2      4.3    0.044     0
    56    0     2      4.1    0.041     0
    57    0     2     10.1    0.130     0
    58    0     2      9.9    0.127     0
    59    0     2      4.2    0.043     0
    60    0     2     10.1    0.130     0
    61    0     2      7.6    0.092     0
    62    0     2      1.7    0.006     0
    63    0     2      1.4    0.000     0
    64    0     2      4.2    0.041     0
    65    0     2      7.7    0.094     0
    66    0     2     10.0    0.127     0
    67    0     2      4.2    0.042     0
    68    0     2      1.4    0.000     0
    69    0     2      4.8    0.051     0
    70    0     2     10.0    0.127     0
    71    0     2      1.4    0.000     0
    72    0     2      1.7    0.004     0
    73    0     2      1.4    0.000     0
    74    0     2      4.3    0.044     0
    75    0     2      9.9    0.127     0
    76    0     2      2.0    0.010     0
    77    0     2      8.9    0.112     0
    78    0     2      9.9    0.127     0
    79    0     2      8.5    0.105     0
    80    0     2      1.4    0.000     0
    81    0     2     10.0    0.127     0
    82    0     2     10.0    0.128     0
    83    0     2      1.4    0.000     0
    84    0     2      4.6    0.049     0
    85    0     2      3.4    0.030     0
    86    0     2      1.4    0.000     0
    87    0     2     28.7    0.405     0
    88    0     2      5.3    0.059     0
    89    0     2      1.4    0.000     0
    90    0     2     14.8    0.200     0
    91    0     2      4.2    0.042     0
    92    0     2      1.4    0.000     0
    93    0     2      4.8    0.050     0
    94    0     2      6.8    0.080     0
    95    0     2     10.0    0.128     0
    96    0     2      9.9    0.127     0
    97    0     2      1.4    0.000     0
    98    0     2      4.4    0.045     0
    99    0     2      4.1    0.041     0
   100    0     2      9.9    0.126     0
   101    0     2      4.1    0.041     0
   102    0     2      1.5    0.002     0
   103    0     2      1.4    0.001     0
   104    0     2      1.4    0.000     0
   105    0     2      7.7    0.094     0
   106    0     2      1.4    0.000     0
   107    0     2      4.6    0.048     0
   108    0     2      3.1    0.025     0
   109    0     2      7.8    0.096     0
   110    0     2      4.5    0.046     0
   111    0     2      1.4    0.000     0
   112    0     2      9.2    0.116     0
   113    0     2      1.7    0.005     0
   114    0     2      4.4    0.045     0
   115    0     2      6.4    0.075     0
   116    0     2      7.5    0.091     0
   117    0     2      6.1    0.070     0
   118    0     2      4.2    0.041     0
   119    0     2      5.6    0.062     0
   120    0     2      9.3    0.117     0
   121    0     2      1.4    0.001     0
   122    0     2      1.5    0.003     0
   123    0     2      1.4    0.001     0
   124    0     2      7.9    0.097     0
   125    0     2      5.7    0.064     0
   126    0     2      3.8    0.036     0
   127    0     2      3.4    0.030     0
   128    0     2      1.4    0.000     0
   129    0     2      6.8    0.081     0
   130    0     2      8.0    0.099     0
   131    0     2      1.4    0.000     0
   132    0     2      1.5    0.002     0
   133    0     2      9.1    0.115     0
   134    0     2      9.9    0.127     0
   135    0     2      9.7    0.123     0
   136    0     2      9.7    0.124     0
   137    0     2      1.4    0.000     0
   138    0     2      4.9    0.053     0
   139    0     2      9.2    0.116     0
   140    0     2      9.1    0.114     0
   141    0     2      7.1    0.085     0
   142    0     2      3.0    0.024     0
   143    0     2     27.4    0.387     0
   144    0     2      1.4    0.000     0
   145    0     2      1.4    0.000     0
   146    0     2      1.5    0.002     0
   147    0     2      1.9    0.007     0
   148    0     2      1.9    0.008     0
   149    0     2     10.0    0.127     0
   150    0     2      1.4    0.000     0
Total extinctions: 0
Generation time: 3.391 sec
 ****** Running generation 1 ******
Ntime = 0.0
Utime = 1.7104103565216064
Run done
Enum done
Population's average fitness: 5.64985 stdev: 7.01030
Best fitness: 63.61529 - size: (6, 15) - species 1 - id 1
Average adjusted fitness: 0.086
Mean genetic distance 3.176, standard deviation 0.320
Population of 300 members in 150 species:
   ID   age  size  fitness  adj fit  stag
  ====  ===  ====  =======  =======  ====
     1    1     2     63.6    0.327     1
     2    1     2      5.3    0.075     1
     3    1     2      8.4    0.117     1
     4    1     2      3.9    0.040     1
     5    1     2      9.8    0.087     0
     6    1     2     13.5    0.126     0
     7    1     2      5.0    0.074     1
     8    1     2     10.0    0.086     0
     9    1     2      3.9    0.043     0
    10    1     2      7.3    0.086     0
    11    1     2      4.4    0.064     1
    12    1     2      3.1    0.032     1
    13    1     2      9.9    0.155     1
    14    1     2     52.4    0.438     0
    15    1     2      9.9    0.091     0
    16    1     2      4.1    0.055     1
    17    1     2      9.7    0.113     0
    18    1     2      3.1    0.040     1
    19    1     2      1.2    0.017     1
    20    1     2     14.3    0.122     0
    21    1     2      3.4    0.034     1
    22    1     2      9.9    0.152     1
    23    1     2      5.9    0.088     1
    24    1     2     15.5    0.130     0
    25    1     2      7.1    0.070     0
    26    1     2      3.3    0.034     0
    27    1     2      5.2    0.052     0
    28    1     2      3.7    0.037     0
    29    1     2      6.0    0.055     0
    30    1     2      1.4    0.019     1
    31    1     2      6.1    0.091     1
    32    1     2      9.9    0.155     1
    33    1     2      2.6    0.020     1
    34    1     2     10.0    0.154     1
    35    1     2      5.7    0.052     0
    36    1     2     17.2    0.144     0
    37    1     2      3.1    0.032     0
    38    1     2     10.0    0.104     0
    39    1     2      9.8    0.145     0
    40    1     2      3.9    0.059     1
    41    1     2      3.8    0.037     0
    42    1     2      9.9    0.154     1
    43    1     2      9.9    0.146     1
    44    1     2      9.4    0.124     0
    45    1     2      1.4    0.019     1
    46    1     2      3.0    0.032     0
    47    1     2      1.3    0.018     1
    48    1     2      5.5    0.079     1
    49    1     2      7.8    0.097     1
    50    1     2     13.4    0.154     1
    51    1     2      7.9    0.118     1
    52    1     2      3.5    0.036     0
    53    1     2      5.3    0.072     0
    54    1     2      5.9    0.054     0
    55    1     2      3.7    0.047     1
    56    1     2      3.8    0.057     1
    57    1     2     10.1    0.156     1
    58    1     2      9.9    0.078     1
    59    1     2      7.0    0.063     0
    60    1     2      9.8    0.150     1
    61    1     2      6.1    0.083     1
    62    1     2      3.8    0.040     0
    63    1     2      3.6    0.036     0
    64    1     2      5.1    0.068     0
    65    1     2      6.2    0.048     1
    66    1     2     10.0    0.155     1
    67    1     2      3.7    0.037     1
    68    1     2      3.8    0.038     0
    69    1     2      4.0    0.057     1
    70    1     2      9.9    0.152     1
    71    1     2      6.0    0.055     0
    72    1     2      4.3    0.044     0
    73    1     2      1.3    0.018     1
    74    1     2      3.9    0.058     1
    75    1     2     10.0    0.155     0
    76    1     2      1.8    0.023     1
    77    1     2      8.8    0.124     1
    78    1     2     10.1    0.156     0
    79    1     2      9.9    0.135     0
    80    1     2     12.4    0.105     0
    81    1     2     10.0    0.086     1
    82    1     2      9.9    0.087     1
    83    1     2      3.8    0.037     0
    84    1     2      7.9    0.092     0
    85    1     2      7.7    0.082     0
    86    1     2      9.1    0.079     0
    87    1     2     14.8    0.151     1
    88    1     2      4.8    0.071     1
    89    1     2      1.3    0.018     1
    90    1     2     11.7    0.100     1
    91    1     2     47.4    0.400     0
    92    1     2      1.2    0.017     1
    93    1     2      8.2    0.107     0
    94    1     2     62.1    0.533     0
    95    1     2     10.0    0.088     0
    96    1     2     10.0    0.155     0
    97    1     2      1.2    0.017     1
    98    1     2      9.8    0.106     0
    99    1     2      3.5    0.036     1
   100    1     2      9.9    0.154     0
   101    1     2      3.6    0.036     1
   102    1     2      1.3    0.018     1
   103    1     2      4.1    0.040     0
   104    1     2      1.2    0.017     1
   105    1     2      8.9    0.091     0
   106    1     2      1.2    0.017     1
   107    1     2      3.8    0.058     1
   108    1     2      4.2    0.052     0
   109    1     2      8.3    0.089     0
   110    1     2      3.9    0.038     1
   111    1     2      1.3    0.018     1
   112    1     2      8.4    0.065     1
   113    1     2      9.9    0.087     0
   114    1     2      3.8    0.054     1
   115    1     2      5.4    0.071     1
   116    1     2      6.4    0.059     1
   117    1     2      9.9    0.114     0
   118    1     2      3.7    0.056     1
   119    1     2     10.0    0.114     0
   120    1     2      9.9    0.145     0
   121    1     2      1.6    0.020     0
   122    1     2      9.9    0.087     0
   123    1     2      1.2    0.017     1
   124    1     2      6.9    0.066     1
   125    1     2      9.7    0.135     0
   126    1     2      3.5    0.051     1
   127    1     2      2.8    0.021     1
   128    1     2      1.2    0.017     1
   129    1     2      7.4    0.100     0
   130    1     2      8.5    0.121     0
   131    1     2      1.2    0.017     1
   132    1     2      1.3    0.019     1
   133    1     2      7.9    0.071     1
   134    1     2      9.9    0.089     0
   135    1     2      8.1    0.092     1
   136    1     2      9.9    0.150     0
   137    1     2      4.1    0.040     0
   138    1     2      4.2    0.065     1
   139    1     2     10.0    0.143     0
   140    1     2      9.4    0.111     0
   141    1     2      9.9    0.125     0
   142    1     2      3.2    0.045     0
   143    1     2     23.8    0.220     1
   144    1     2      1.2    0.017     1
   145    1     2      1.2    0.018     1
   146    1     2      1.3    0.019     1
   147    1     2      4.7    0.048     0
   148    1     2      1.6    0.021     1
   149    1     2      9.9    0.155     1
   150    1     2      1.2    0.017     1
Total extinctions: 0
Generation time: 5.799 sec (4.595 average)
 ****** Running generation 2 ******
Ntime = 0.0
Utime = 2.7606639862060547
Run done
Enum done
Population's average fitness: 5.97750 stdev: 5.94180
Best fitness: 74.29136 - size: (6, 15) - species 1 - id 1
Average adjusted fitness: 0.079
Mean genetic distance 3.176, standard deviation 0.320
Population of 300 members in 150 species:
   ID   age  size  fitness  adj fit  stag
  ====  ===  ====  =======  =======  ====
     1    2     2     74.3    0.567     0
     2    2     2      7.0    0.085     0
     3    2     2      9.7    0.127     0
     4    2     2      5.3    0.047     0
     5    2     2      9.9    0.078     0
     6    2     2      9.9    0.087     1
     7    2     2      7.0    0.086     0
     8    2     2      9.9    0.076     1
     9    2     2      4.5    0.044     0
    10    2     2      9.1    0.095     0
    11    2     2      6.3    0.077     0
    12    2     2      4.2    0.037     0
    13    2     2      9.9    0.133     0
    14    2     2      4.6    0.053     1
    15    2     2      9.9    0.082     1
    16    2     2      5.2    0.061     0
    17    2     2      9.8    0.107     0
    18    2     2      4.4    0.047     0
    19    2     2      1.6    0.020     0
    20    2     2     11.2    0.086     1
    21    2     2      4.6    0.040     0
    22    2     2      9.9    0.132     0
    23    2     2     21.3    0.190     0
    24    2     2     10.3    0.078     1
    25    2     2      8.6    0.074     0
    26    2     2      4.3    0.039     0
    27    2     2      6.6    0.057     0
    28    2     2      5.3    0.044     0
    29    2     2      6.0    0.050     0
    30    2     2      1.7    0.021     0
    31    2     2      8.8    0.104     0
    32    2     2     10.0    0.133     0
    33    2     2      3.5    0.023     0
    34    2     2     10.0    0.132     0
    35    2     2      7.5    0.060     0
    36    2     2      5.3    0.046     1
    37    2     2      4.4    0.039     0
    38    2     2     10.0    0.097     0
    39    2     2      9.7    0.129     1
    40    2     2      5.4    0.070     0
    41    2     2      5.2    0.044     0
    42    2     2      9.9    0.133     0
    43    2     2     10.0    0.132     0
    44    2     2      9.8    0.118     0
    45    2     2      1.8    0.021     0
    46    2     2      3.9    0.036     0
    47    2     2      1.7    0.020     0
    48    2     2      7.9    0.098     0
    49    2     2      8.7    0.101     0
    50    2     2      8.6    0.097     2
    51    2     2      9.0    0.120     0
    52    2     2      4.4    0.040     0
    53    2     2      7.4    0.085     0
    54    2     2      8.5    0.066     0
    55    2     2      4.9    0.053     0
    56    2     2      5.3    0.065     0
    57    2     2     10.0    0.133     2
    58    2     2      9.9    0.066     0
    59    2     2      4.6    0.040     1
    60    2     2     10.1    0.134     2
    61    2     2      8.0    0.091     0
    62    2     2      5.2    0.047     0
    63    2     2      4.6    0.040     0
    64    2     2      4.6    0.061     1
    65    2     2      9.4    0.063     0
    66    2     2     10.0    0.133     0
    67    2     2      4.6    0.040     0
    68    2     2      5.3    0.045     0
    69    2     2      5.5    0.067     0
    70    2     2     10.0    0.133     0
    71    2     2      5.7    0.047     1
    72    2     2      6.4    0.055     0
    73    2     2      1.6    0.020     0
    74    2     2      5.7    0.070     0
    75    2     2     10.0    0.133     0
    76    2     2      2.3    0.026     0
    77    2     2      9.1    0.113     0
    78    2     2     10.1    0.134     1
    79    2     2     10.0    0.126     0
    80    2     2     11.1    0.084     1
    81    2     2     10.0    0.076     0
    82    2     2     10.0    0.078     0
    83    2     2      4.4    0.039     0
    84    2     2      5.2    0.069     1
    85    2     2      8.3    0.080     0
    86    2     2      9.9    0.076     0
    87    2     2     30.9    0.247     0
    88    2     2      5.8    0.074     0
    89    2     2      1.6    0.020     0
    90    2     2      7.2    0.058     2
    91    2     2     42.4    0.315     1
    92    2     2      1.5    0.019     0
    93    2     2      9.0    0.093     0
    94    2     2     20.4    0.187     1
    95    2     2     10.0    0.077     1
    96    2     2     10.0    0.133     0
    97    2     2      1.5    0.019     0
    98    2     2      9.9    0.099     0
    99    2     2      4.5    0.040     0
   100    2     2      9.9    0.132     0
   101    2     2      4.6    0.040     0
   102    2     2      1.6    0.020     0
   103    2     2      4.9    0.042     0
   104    2     2      1.5    0.019     0
   105    2     2      9.1    0.085     0
   106    2     2      1.5    0.019     0
   107    2     2      5.2    0.069     0
   108    2     2      5.6    0.060     0
   109    2     2      8.2    0.081     1
   110    2     2      4.9    0.042     0
   111    2     2      1.6    0.020     0
   112    2     2      9.4    0.063     0
   113    2     2      9.9    0.078     0
   114    2     2      4.9    0.061     0
   115    2     2      7.0    0.082     0
   116    2     2      8.0    0.063     0
   117    2     2     10.0    0.096     0
   118    2     2      4.8    0.062     0
   119    2     2     10.0    0.109     1
   120    2     2      9.9    0.131     0
   121    2     2      2.0    0.023     0
   122    2     2      9.9    0.077     1
   123    2     2      1.6    0.020     0
   124    2     2      8.3    0.070     0
   125    2     2      9.9    0.105     0
   126    2     2      4.6    0.058     0
   127    2     2      3.9    0.025     0
   128    2     2      1.6    0.019     0
   129    2     2      9.6    0.115     0
   130    2     2      8.5    0.108     1
   131    2     2      1.5    0.019     0
   132    2     2      1.7    0.021     0
   133    2     2      9.8    0.076     0
   134    2     2      9.9    0.080     1
   135    2     2      9.8    0.098     0
   136    2     2      9.8    0.130     1
   137    2     2      5.7    0.048     0
   138    2     2      5.6    0.074     0
   139    2     2     10.0    0.129     0
   140    2     2      9.3    0.106     1
   141    2     2      9.9    0.119     0
   142    2     2      3.9    0.047     0
   143    2     2     20.1    0.175     2
   144    2     2      1.6    0.020     0
   145    2     2      1.6    0.020     0
   146    2     2      1.7    0.021     0
   147    2     2      5.9    0.053     0
   148    2     2      2.2    0.024     0
   149    2     2     10.0    0.133     0
   150    2     2      1.5    0.019     0
Total extinctions: 0
Generation time: 5.601 sec (4.930 average)
 ****** Running generation 3 ******
Ntime = 0.0
Utime = 2.597330093383789
Run done
Enum done
Population's average fitness: 6.50893 stdev: 4.41686
Best fitness: 50.53460 - size: (6, 14) - species 91 - id 218
Average adjusted fitness: 0.127
Mean genetic distance 3.176, standard deviation 0.320
Population of 300 members in 150 species:
   ID   age  size  fitness  adj fit  stag
  ====  ===  ====  =======  =======  ====
     1    3     2     11.4    0.210     1
     2    3     2     10.0    0.147     0
     3    3     2      8.9    0.167     1
     4    3     2      6.0    0.079     0
     5    3     2     10.0    0.120     0
     6    3     2      9.1    0.133     2
     7    3     2     10.5    0.203     0
     8    3     2     10.0    0.116     0
     9    3     2      9.1    0.120     0
    10    3     2      9.7    0.168     0
    11    3     2      6.9    0.126     0
    12    3     2      5.6    0.073     0
    13    3     2     10.0    0.195     0
    14    3     2      7.7    0.125     2
    15    3     2     10.0    0.128     0
    16    3     2      7.9    0.123     0
    17    3     2      9.7    0.171     1
    18    3     2      4.5    0.078     0
    19    3     2      2.0    0.037     0
    20    3     2     10.7    0.210     2
    21    3     2      4.6    0.062     1
    22    3     2     10.0    0.195     0
    23    3     2     11.5    0.208     1
    24    3     2      7.5    0.092     2
    25    3     2     11.0    0.135     0
    26    3     2      5.9    0.077     0
    27    3     2      8.2    0.105     0
    28    3     2      4.9    0.066     1
    29    3     2      6.0    0.076     1
    30    3     2      2.2    0.039     0
    31    3     2      7.3    0.141     1
    32    3     2     10.0    0.195     1
    33    3     2      3.8    0.037     0
    34    3     2     10.0    0.197     0
    35    3     2      5.9    0.076     1
    36    3     2      5.1    0.068     2
    37    3     2      4.5    0.062     0
    38    3     2     10.0    0.148     0
    39    3     2     10.0    0.194     0
    40    3     2      6.0    0.116     0
    41    3     2      5.8    0.075     0
    42    3     2     10.5    0.201     0
    43    3     2      9.9    0.195     1
    44    3     2     10.9    0.213     0
    45    3     2      2.3    0.039     0
    46    3     2      4.6    0.063     0
    47    3     2      2.1    0.038     0
    48    3     2      7.0    0.136     1
    49    3     2      7.0    0.123     1
    50    3     2     15.6    0.262     3
    51    3     2      9.9    0.195     0
    52    3     2      6.8    0.086     0
    53    3     2      8.2    0.130     0
    54    3     2      8.6    0.102     0
    55    3     2      6.7    0.100     0
    56    3     2      6.5    0.121     0
    57    3     2     10.0    0.196     3
    58    3     2     14.3    0.214     0
    59    3     2      7.7    0.093     0
    60    3     2      9.9    0.195     3
    61    3     2     17.0    0.285     0
    62    3     2      5.9    0.083     0
    63    3     2      7.7    0.093     0
    64    3     2      7.9    0.153     0
    65    3     2     10.0    0.098     0
    66    3     2      9.7    0.147     1
    67    3     2      7.9    0.095     0
    68    3     2      4.6    0.062     1
    69    3     2      6.3    0.118     0
    70    3     2      9.9    0.195     1
    71    3     2     11.0    0.126     0
    72    3     2      2.6    0.048     1
    73    3     2      2.0    0.036     0
    74    3     2      6.3    0.120     0
    75    3     2     10.0    0.195     0
    76    3     2      3.0    0.049     0
    77    3     2     10.0    0.185     0
    78    3     2     10.1    0.197     2
    79    3     2     10.7    0.205     0
    80    3     2     10.5    0.121     2
    81    3     2     10.0    0.116     0
    82    3     2     10.0    0.121     1
    83    3     2     10.2    0.118     0
    84    3     2      6.4    0.125     2
    85    3     2      7.1    0.109     1
    86    3     2     10.0    0.116     0
    87    3     2     10.1    0.199     1
    88    3     2     16.4    0.273     0
    89    3     2      2.1    0.038     0
    90    3     2      5.8    0.074     3
    91    3     2     50.5    0.576     0
    92    3     2      1.9    0.036     0
    93    3     2     11.3    0.209     0
    94    3     2      9.2    0.174     2
    95    3     2      9.9    0.117     2
    96    3     2     10.0    0.196     1
    97    3     2      1.9    0.036     0
    98    3     2     10.0    0.157     0
    99    3     2      6.5    0.081     0
   100    3     2     10.0    0.195     0
   101    3     2      7.7    0.093     0
   102    3     2      2.2    0.040     0
   103    3     2      6.0    0.077     0
   104    3     2      1.9    0.036     0
   105    3     2      8.5    0.131     1
   106    3     2      1.9    0.036     0
   107    3     2      6.0    0.115     0
   108    3     2      5.3    0.088     1
   109    3     2      8.1    0.133     2
   110    3     2      8.5    0.101     0
   111    3     2      2.0    0.036     0
   112    3     2     10.4    0.102     0
   113    3     2     10.0    0.196     0
   114    3     2      7.1    0.128     0
   115    3     2      8.6    0.162     0
   116    3     2     10.8    0.185     0
   117    3     2      7.7    0.107     1
   118    3     2      7.7    0.148     0
   119    3     2     10.2    0.198     0
   120    3     2     10.0    0.195     0
   121    3     2     10.4    0.121     0
   122    3     2      9.9    0.118     0
   123    3     2      2.0    0.037     0
   124    3     2     12.2    0.147     0
   125    3     2     10.0    0.191     0
   126    3     2     10.1    0.165     0
   127    3     2      4.1    0.039     0
   128    3     2      1.9    0.036     0
   129    3     2     10.4    0.179     0
   130    3     2     15.9    0.252     0
   131    3     2      1.9    0.036     0
   132    3     2      2.2    0.041     0
   133    3     2      9.9    0.116     0
   134    3     2      9.9    0.123     0
   135    3     2     10.1    0.149     0
   136    3     2      5.9    0.100     2
   137    3     2      6.3    0.079     0
   138    3     2      5.3    0.103     1
   139    3     2     10.0    0.196     0
   140    3     2     10.4    0.161     0
   141    3     2     10.0    0.196     0
   142    3     2      6.1    0.111     0
   143    3     2     10.0    0.163     3
   144    3     2      1.9    0.036     0
   145    3     2      2.0    0.037     0
   146    3     2      2.1    0.039     0
   147    3     2      2.5    0.042     1
   148    3     2      2.5    0.042     0
   149    3     2     10.0    0.194     1
   150    3     2      1.9    0.036     0
Total extinctions: 0
Generation time: 5.676 sec (5.117 average)
 ****** Running generation 4 ******
Ntime = 0.0
