
 ****** Running generation 0 ******
Warning: initial_connection = full with hidden nodes will not do direct input-output connections;
	if this is desired, set initial_connection = full_nodirect;
	if not, set initial_connection = full_direct
Warning: initial_connection = full with hidden nodes will not do direct input-output connections;
	if this is desired, set initial_connection = full_nodirect;
	if not, set initial_connection = full_direct
Warning: initial_connection = full with hidden nodes will not do direct input-output connections;
	if this is desired, set initial_connection = full_nodirect;
	if not, set initial_connection = full_direct
Warning: initial_connection = full with hidden nodes will not do direct input-output connections;
	if this is desired, set initial_connection = full_nodirect;
	if not, set initial_connection = full_direct
Warning: initial_connection = full with hidden nodes will not do direct input-output connections;
	if this is desired, set initial_connection = full_nodirect;
	if not, set initial_connection = full_direct
Warning: initial_connection = full with hidden nodes will not do direct input-output connections;
	if this is desired, set initial_connection = full_nodirect;
	if not, set initial_connection = full_direct
Warning: initial_connection = full with hidden nodes will not do direct input-output connections;
	if this is desired, set initial_connection = full_nodirect;
	if not, set initial_connection = full_direct
Warning: initial_connection = full with hidden nodes will not do direct input-output connections;
	if this is desired, set initial_connection = full_nodirect;
	if not, set initial_connection = full_direct
Warning: initial_connection = full with hidden nodes will not do direct input-output connections;
	if this is desired, set initial_connection = full_nodirect;
	if not, set initial_connection = full_direct
Warning: initial_connection = full with hidden nodes will not do direct input-output connections;
	if this is desired, set initial_connection = full_nodirect;
	if not, set initial_connection = full_direct
Warning: initial_connection = full with hidden nodes will not do direct input-output connections;
	if this is desired, set initial_connection = full_nodirect;
	if not, set initial_connection = full_direct
Warning: initial_connection = full with hidden nodes will not do direct input-output connections;
	if this is desired, set initial_connection = full_nodirect;
	if not, set initial_connection = full_direct
Warning: initial_connection = full with hidden nodes will not do direct input-output connections;
	if this is desired, set initial_connection = full_nodirect;
	if not, set initial_connection = full_direct
Warning: initial_connection = full with hidden nodes will not do direct input-output connections;
	if this is desired, set initial_connection = full_nodirect;
	if not, set initial_connection = full_direct
Warning: initial_connection = full with hidden nodes will not do direct input-output connections;
	if this is desired, set initial_connection = full_nodirect;
	if not, set initial_connection = full_direct
Warning: initial_connection = full with hidden nodes will not do direct input-output connections;
	if this is desired, set initial_connection = full_nodirect;
	if not, set initial_connection = full_direct
Warning: initial_connection = full with hidden nodes will not do direct input-output connections;
	if this is desired, set initial_connection = full_nodirect;
	if not, set initial_connection = full_direct
Warning: initial_connection = full with hidden nodes will not do direct input-output connections;
	if this is desired, set initial_connection = full_nodirect;
	if not, set initial_connection = full_direct
Warning: initial_connection = full with hidden nodes will not do direct input-output connections;
	if this is desired, set initial_connection = full_nodirect;
	if not, set initial_connection = full_direct
Warning: initial_connection = full with hidden nodes will not do direct input-output connections;
	if this is desired, set initial_connection = full_nodirect;
	if not, set initial_connection = full_direct
Warning: initial_connection = full with hidden nodes will not do direct input-output connections;
	if this is desired, set initial_connection = full_nodirect;
	if not, set initial_connection = full_direct
Warning: initial_connection = full with hidden nodes will not do direct input-output connections;
	if this is desired, set initial_connection = full_nodirect;
	if not, set initial_connection = full_direct
Warning: initial_connection = full with hidden nodes will not do direct input-output connections;
	if this is desired, set initial_connection = full_nodirect;
	if not, set initial_connection = full_direct
Warning: initial_connection = full with hidden nodes will not do direct input-output connections;
	if this is desired, set initial_connection = full_nodirect;
	if not, set initial_connection = full_direct
Warning: initial_connection = full with hidden nodes will not do direct input-output connections;
	if this is desired, set initial_connection = full_nodirect;
	if not, set initial_connection = full_direct
Warning: initial_connection = full with hidden nodes will not do direct input-output connections;
	if this is desired, set initial_connection = full_nodirect;
	if not, set initial_connection = full_direct
Warning: initial_connection = full with hidden nodes will not do direct input-output connections;
	if this is desired, set initial_connection = full_nodirect;
	if not, set initial_connection = full_direct
Warning: initial_connection = full with hidden nodes will not do direct input-output connections;
	if this is desired, set initial_connection = full_nodirect;
	if not, set initial_connection = full_direct
Warning: initial_connection = full with hidden nodes will not do direct input-output connections;
	if this is desired, set initial_connection = full_nodirect;
	if not, set initial_connection = full_direct
Warning: initial_connection = full with hidden nodes will not do direct input-output connections;
	if this is desired, set initial_connection = full_nodirect;
	if not, set initial_connection = full_direct
Warning: initial_connection = full with hidden nodes will not do direct input-output connections;
	if this is desired, set initial_connection = full_nodirect;
	if not, set initial_connection = full_direct
Warning: initial_connection = full with hidden nodes will not do direct input-output connections;
	if this is desired, set initial_connection = full_nodirect;
	if not, set initial_connection = full_direct
Warning: initial_connection = full with hidden nodes will not do direct input-output connections;
	if this is desired, set initial_connection = full_nodirect;
	if not, set initial_connection = full_direct
Warning: initial_connection = full with hidden nodes will not do direct input-output connections;
	if this is desired, set initial_connection = full_nodirect;
	if not, set initial_connection = full_direct
Warning: initial_connection = full with hidden nodes will not do direct input-output connections;
	if this is desired, set initial_connection = full_nodirect;
	if not, set initial_connection = full_direct
Warning: initial_connection = full with hidden nodes will not do direct input-output connections;
	if this is desired, set initial_connection = full_nodirect;
	if not, set initial_connection = full_direct
Warning: initial_connection = full with hidden nodes will not do direct input-output connections;
	if this is desired, set initial_connection = full_nodirect;
	if not, set initial_connection = full_direct
Warning: initial_connection = full with hidden nodes will not do direct input-output connections;
	if this is desired, set initial_connection = full_nodirect;
	if not, set initial_connection = full_direct
Warning: initial_connection = full with hidden nodes will not do direct input-output connections;
	if this is desired, set initial_connection = full_nodirect;
	if not, set initial_connection = full_direct
Warning: initial_connection = full with hidden nodes will not do direct input-output connections;
	if this is desired, set initial_connection = full_nodirect;
	if not, set initial_connection = full_direct
Warning: initial_connection = full with hidden nodes will not do direct input-output connections;
	if this is desired, set initial_connection = full_nodirect;
	if not, set initial_connection = full_direct
Warning: initial_connection = full with hidden nodes will not do direct input-output connections;
	if this is desired, set initial_connection = full_nodirect;
	if not, set initial_connection = full_direct
Warning: initial_connection = full with hidden nodes will not do direct input-output connections;
	if this is desired, set initial_connection = full_nodirect;
	if not, set initial_connection = full_direct
Warning: initial_connection = full with hidden nodes will not do direct input-output connections;
	if this is desired, set initial_connection = full_nodirect;
	if not, set initial_connection = full_direct
Warning: initial_connection = full with hidden nodes will not do direct input-output connections;
	if this is desired, set initial_connection = full_nodirect;
	if not, set initial_connection = full_direct
Warning: initial_connection = full with hidden nodes will not do direct input-output connections;
	if this is desired, set initial_connection = full_nodirect;
	if not, set initial_connection = full_direct
Warning: initial_connection = full with hidden nodes will not do direct input-output connections;
	if this is desired, set initial_connection = full_nodirect;
	if not, set initial_connection = full_direct
Warning: initial_connection = full with hidden nodes will not do direct input-output connections;
	if this is desired, set initial_connection = full_nodirect;
	if not, set initial_connection = full_direct
Warning: initial_connection = full with hidden nodes will not do direct input-output connections;
	if this is desired, set initial_connection = full_nodirect;
	if not, set initial_connection = full_direct
Warning: initial_connection = full with hidden nodes will not do direct input-output connections;
	if this is desired, set initial_connection = full_nodirect;
	if not, set initial_connection = full_direct
Warning: initial_connection = full with hidden nodes will not do direct input-output connections;
	if this is desired, set initial_connection = full_nodirect;
	if not, set initial_connection = full_direct
Warning: initial_connection = full with hidden nodes will not do direct input-output connections;
	if this is desired, set initial_connection = full_nodirect;
	if not, set initial_connection = full_direct
Warning: initial_connection = full with hidden nodes will not do direct input-output connections;
	if this is desired, set initial_connection = full_nodirect;
	if not, set initial_connection = full_direct
Warning: initial_connection = full with hidden nodes will not do direct input-output connections;
	if this is desired, set initial_connection = full_nodirect;
	if not, set initial_connection = full_direct
Warning: initial_connection = full with hidden nodes will not do direct input-output connections;
	if this is desired, set initial_connection = full_nodirect;
	if not, set initial_connection = full_direct
Warning: initial_connection = full with hidden nodes will not do direct input-output connections;
	if this is desired, set initial_connection = full_nodirect;
	if not, set initial_connection = full_direct
Warning: initial_connection = full with hidden nodes will not do direct input-output connections;
	if this is desired, set initial_connection = full_nodirect;
	if not, set initial_connection = full_direct
Warning: initial_connection = full with hidden nodes will not do direct input-output connections;
	if this is desired, set initial_connection = full_nodirect;
	if not, set initial_connection = full_direct
Warning: initial_connection = full with hidden nodes will not do direct input-output connections;
	if this is desired, set initial_connection = full_nodirect;
	if not, set initial_connection = full_direct
Warning: initial_connection = full with hidden nodes will not do direct input-output connections;
	if this is desired, set initial_connection = full_nodirect;
	if not, set initial_connection = full_direct
Warning: initial_connection = full with hidden nodes will not do direct input-output connections;
	if this is desired, set initial_connection = full_nodirect;
	if not, set initial_connection = full_direct
Warning: initial_connection = full with hidden nodes will not do direct input-output connections;
	if this is desired, set initial_connection = full_nodirect;
	if not, set initial_connection = full_direct
Warning: initial_connection = full with hidden nodes will not do direct input-output connections;
	if this is desired, set initial_connection = full_nodirect;
	if not, set initial_connection = full_direct
Warning: initial_connection = full with hidden nodes will not do direct input-output connections;
	if this is desired, set initial_connection = full_nodirect;
	if not, set initial_connection = full_direct
Warning: initial_connection = full with hidden nodes will not do direct input-output connections;
	if this is desired, set initial_connection = full_nodirect;
	if not, set initial_connection = full_direct
Warning: initial_connection = full with hidden nodes will not do direct input-output connections;
	if this is desired, set initial_connection = full_nodirect;
	if not, set initial_connection = full_direct
Warning: initial_connection = full with hidden nodes will not do direct input-output connections;
	if this is desired, set initial_connection = full_nodirect;
	if not, set initial_connection = full_direct
Warning: initial_connection = full with hidden nodes will not do direct input-output connections;
	if this is desired, set initial_connection = full_nodirect;
	if not, set initial_connection = full_direct
Warning: initial_connection = full with hidden nodes will not do direct input-output connections;
	if this is desired, set initial_connection = full_nodirect;
	if not, set initial_connection = full_direct
Warning: initial_connection = full with hidden nodes will not do direct input-output connections;
	if this is desired, set initial_connection = full_nodirect;
	if not, set initial_connection = full_direct
Warning: initial_connection = full with hidden nodes will not do direct input-output connections;
	if this is desired, set initial_connection = full_nodirect;
	if not, set initial_connection = full_direct
Warning: initial_connection = full with hidden nodes will not do direct input-output connections;
	if this is desired, set initial_connection = full_nodirect;
	if not, set initial_connection = full_direct
Warning: initial_connection = full with hidden nodes will not do direct input-output connections;
	if this is desired, set initial_connection = full_nodirect;
	if not, set initial_connection = full_direct
Warning: initial_connection = full with hidden nodes will not do direct input-output connections;
	if this is desired, set initial_connection = full_nodirect;
	if not, set initial_connection = full_direct
Warning: initial_connection = full with hidden nodes will not do direct input-output connections;
	if this is desired, set initial_connection = full_nodirect;
	if not, set initial_connection = full_direct
Warning: initial_connection = full with hidden nodes will not do direct input-output connections;
	if this is desired, set initial_connection = full_nodirect;
	if not, set initial_connection = full_direct
Warning: initial_connection = full with hidden nodes will not do direct input-output connections;
	if this is desired, set initial_connection = full_nodirect;
	if not, set initial_connection = full_direct
Warning: initial_connection = full with hidden nodes will not do direct input-output connections;
	if this is desired, set initial_connection = full_nodirect;
	if not, set initial_connection = full_direct
Warning: initial_connection = full with hidden nodes will not do direct input-output connections;
	if this is desired, set initial_connection = full_nodirect;
	if not, set initial_connection = full_direct
Warning: initial_connection = full with hidden nodes will not do direct input-output connections;
	if this is desired, set initial_connection = full_nodirect;
	if not, set initial_connection = full_direct
Warning: initial_connection = full with hidden nodes will not do direct input-output connections;
	if this is desired, set initial_connection = full_nodirect;
	if not, set initial_connection = full_direct
Warning: initial_connection = full with hidden nodes will not do direct input-output connections;
	if this is desired, set initial_connection = full_nodirect;
	if not, set initial_connection = full_direct
Warning: initial_connection = full with hidden nodes will not do direct input-output connections;
	if this is desired, set initial_connection = full_nodirect;
	if not, set initial_connection = full_direct
Warning: initial_connection = full with hidden nodes will not do direct input-output connections;
	if this is desired, set initial_connection = full_nodirect;
	if not, set initial_connection = full_direct
Warning: initial_connection = full with hidden nodes will not do direct input-output connections;
	if this is desired, set initial_connection = full_nodirect;
	if not, set initial_connection = full_direct
Warning: initial_connection = full with hidden nodes will not do direct input-output connections;
	if this is desired, set initial_connection = full_nodirect;
	if not, set initial_connection = full_direct
Warning: initial_connection = full with hidden nodes will not do direct input-output connections;
	if this is desired, set initial_connection = full_nodirect;
	if not, set initial_connection = full_direct
Warning: initial_connection = full with hidden nodes will not do direct input-output connections;
	if this is desired, set initial_connection = full_nodirect;
	if not, set initial_connection = full_direct
Warning: initial_connection = full with hidden nodes will not do direct input-output connections;
	if this is desired, set initial_connection = full_nodirect;
	if not, set initial_connection = full_direct
Warning: initial_connection = full with hidden nodes will not do direct input-output connections;
	if this is desired, set initial_connection = full_nodirect;
	if not, set initial_connection = full_direct
Warning: initial_connection = full with hidden nodes will not do direct input-output connections;
	if this is desired, set initial_connection = full_nodirect;
	if not, set initial_connection = full_direct
Warning: initial_connection = full with hidden nodes will not do direct input-output connections;
	if this is desired, set initial_connection = full_nodirect;
	if not, set initial_connection = full_direct
Warning: initial_connection = full with hidden nodes will not do direct input-output connections;
	if this is desired, set initial_connection = full_nodirect;
	if not, set initial_connection = full_direct
Warning: initial_connection = full with hidden nodes will not do direct input-output connections;
	if this is desired, set initial_connection = full_nodirect;
	if not, set initial_connection = full_direct
Warning: initial_connection = full with hidden nodes will not do direct input-output connections;
	if this is desired, set initial_connection = full_nodirect;
	if not, set initial_connection = full_direct
Warning: initial_connection = full with hidden nodes will not do direct input-output connections;
	if this is desired, set initial_connection = full_nodirect;
	if not, set initial_connection = full_direct
Warning: initial_connection = full with hidden nodes will not do direct input-output connections;
	if this is desired, set initial_connection = full_nodirect;
	if not, set initial_connection = full_direct
Warning: initial_connection = full with hidden nodes will not do direct input-output connections;
	if this is desired, set initial_connection = full_nodirect;
	if not, set initial_connection = full_direct
Warning: initial_connection = full with hidden nodes will not do direct input-output connections;
	if this is desired, set initial_connection = full_nodirect;
	if not, set initial_connection = full_direct
Warning: initial_connection = full with hidden nodes will not do direct input-output connections;
	if this is desired, set initial_connection = full_nodirect;
	if not, set initial_connection = full_direct
Warning: initial_connection = full with hidden nodes will not do direct input-output connections;
	if this is desired, set initial_connection = full_nodirect;
	if not, set initial_connection = full_direct
Warning: initial_connection = full with hidden nodes will not do direct input-output connections;
	if this is desired, set initial_connection = full_nodirect;
	if not, set initial_connection = full_direct
Warning: initial_connection = full with hidden nodes will not do direct input-output connections;
	if this is desired, set initial_connection = full_nodirect;
	if not, set initial_connection = full_direct
Warning: initial_connection = full with hidden nodes will not do direct input-output connections;
	if this is desired, set initial_connection = full_nodirect;
	if not, set initial_connection = full_direct
Warning: initial_connection = full with hidden nodes will not do direct input-output connections;
	if this is desired, set initial_connection = full_nodirect;
	if not, set initial_connection = full_direct
Warning: initial_connection = full with hidden nodes will not do direct input-output connections;
	if this is desired, set initial_connection = full_nodirect;
	if not, set initial_connection = full_direct
Warning: initial_connection = full with hidden nodes will not do direct input-output connections;
	if this is desired, set initial_connection = full_nodirect;
	if not, set initial_connection = full_direct
Warning: initial_connection = full with hidden nodes will not do direct input-output connections;
	if this is desired, set initial_connection = full_nodirect;
	if not, set initial_connection = full_direct
Warning: initial_connection = full with hidden nodes will not do direct input-output connections;
	if this is desired, set initial_connection = full_nodirect;
	if not, set initial_connection = full_direct
Warning: initial_connection = full with hidden nodes will not do direct input-output connections;
	if this is desired, set initial_connection = full_nodirect;
	if not, set initial_connection = full_direct
Warning: initial_connection = full with hidden nodes will not do direct input-output connections;
	if this is desired, set initial_connection = full_nodirect;
	if not, set initial_connection = full_direct
Warning: initial_connection = full with hidden nodes will not do direct input-output connections;
	if this is desired, set initial_connection = full_nodirect;
	if not, set initial_connection = full_direct
Warning: initial_connection = full with hidden nodes will not do direct input-output connections;
	if this is desired, set initial_connection = full_nodirect;
	if not, set initial_connection = full_direct
Warning: initial_connection = full with hidden nodes will not do direct input-output connections;
	if this is desired, set initial_connection = full_nodirect;
	if not, set initial_connection = full_direct
Warning: initial_connection = full with hidden nodes will not do direct input-output connections;
	if this is desired, set initial_connection = full_nodirect;
	if not, set initial_connection = full_direct
Warning: initial_connection = full with hidden nodes will not do direct input-output connections;
	if this is desired, set initial_connection = full_nodirect;
	if not, set initial_connection = full_direct
Warning: initial_connection = full with hidden nodes will not do direct input-output connections;
	if this is desired, set initial_connection = full_nodirect;
	if not, set initial_connection = full_direct
Warning: initial_connection = full with hidden nodes will not do direct input-output connections;
	if this is desired, set initial_connection = full_nodirect;
	if not, set initial_connection = full_direct
Warning: initial_connection = full with hidden nodes will not do direct input-output connections;
	if this is desired, set initial_connection = full_nodirect;
	if not, set initial_connection = full_direct
Warning: initial_connection = full with hidden nodes will not do direct input-output connections;
	if this is desired, set initial_connection = full_nodirect;
	if not, set initial_connection = full_direct
Warning: initial_connection = full with hidden nodes will not do direct input-output connections;
	if this is desired, set initial_connection = full_nodirect;
	if not, set initial_connection = full_direct
Warning: initial_connection = full with hidden nodes will not do direct input-output connections;
	if this is desired, set initial_connection = full_nodirect;
	if not, set initial_connection = full_direct
Warning: initial_connection = full with hidden nodes will not do direct input-output connections;
	if this is desired, set initial_connection = full_nodirect;
	if not, set initial_connection = full_direct
Warning: initial_connection = full with hidden nodes will not do direct input-output connections;
	if this is desired, set initial_connection = full_nodirect;
	if not, set initial_connection = full_direct
Warning: initial_connection = full with hidden nodes will not do direct input-output connections;
	if this is desired, set initial_connection = full_nodirect;
	if not, set initial_connection = full_direct
Warning: initial_connection = full with hidden nodes will not do direct input-output connections;
	if this is desired, set initial_connection = full_nodirect;
	if not, set initial_connection = full_direct
Warning: initial_connection = full with hidden nodes will not do direct input-output connections;
	if this is desired, set initial_connection = full_nodirect;
	if not, set initial_connection = full_direct
Warning: initial_connection = full with hidden nodes will not do direct input-output connections;
	if this is desired, set initial_connection = full_nodirect;
	if not, set initial_connection = full_direct
Warning: initial_connection = full with hidden nodes will not do direct input-output connections;
	if this is desired, set initial_connection = full_nodirect;
	if not, set initial_connection = full_direct
Warning: initial_connection = full with hidden nodes will not do direct input-output connections;
	if this is desired, set initial_connection = full_nodirect;
	if not, set initial_connection = full_direct
Warning: initial_connection = full with hidden nodes will not do direct input-output connections;
	if this is desired, set initial_connection = full_nodirect;
	if not, set initial_connection = full_direct
Warning: initial_connection = full with hidden nodes will not do direct input-output connections;
	if this is desired, set initial_connection = full_nodirect;
	if not, set initial_connection = full_direct
Warning: initial_connection = full with hidden nodes will not do direct input-output connections;
	if this is desired, set initial_connection = full_nodirect;
	if not, set initial_connection = full_direct
Warning: initial_connection = full with hidden nodes will not do direct input-output connections;
	if this is desired, set initial_connection = full_nodirect;
	if not, set initial_connection = full_direct
Warning: initial_connection = full with hidden nodes will not do direct input-output connections;
	if this is desired, set initial_connection = full_nodirect;
	if not, set initial_connection = full_direct
Warning: initial_connection = full with hidden nodes will not do direct input-output connections;
	if this is desired, set initial_connection = full_nodirect;
	if not, set initial_connection = full_direct
Warning: initial_connection = full with hidden nodes will not do direct input-output connections;
	if this is desired, set initial_connection = full_nodirect;
	if not, set initial_connection = full_direct
Warning: initial_connection = full with hidden nodes will not do direct input-output connections;
	if this is desired, set initial_connection = full_nodirect;
	if not, set initial_connection = full_direct
Warning: initial_connection = full with hidden nodes will not do direct input-output connections;
	if this is desired, set initial_connection = full_nodirect;
	if not, set initial_connection = full_direct
Warning: initial_connection = full with hidden nodes will not do direct input-output connections;
	if this is desired, set initial_connection = full_nodirect;
	if not, set initial_connection = full_direct
Warning: initial_connection = full with hidden nodes will not do direct input-output connections;
	if this is desired, set initial_connection = full_nodirect;
	if not, set initial_connection = full_direct
Warning: initial_connection = full with hidden nodes will not do direct input-output connections;
	if this is desired, set initial_connection = full_nodirect;
	if not, set initial_connection = full_direct
Warning: initial_connection = full with hidden nodes will not do direct input-output connections;
	if this is desired, set initial_connection = full_nodirect;
	if not, set initial_connection = full_direct
Warning: initial_connection = full with hidden nodes will not do direct input-output connections;
	if this is desired, set initial_connection = full_nodirect;
	if not, set initial_connection = full_direct
Warning: initial_connection = full with hidden nodes will not do direct input-output connections;
	if this is desired, set initial_connection = full_nodirect;
	if not, set initial_connection = full_direct
Warning: initial_connection = full with hidden nodes will not do direct input-output connections;
	if this is desired, set initial_connection = full_nodirect;
	if not, set initial_connection = full_direct
Warning: initial_connection = full with hidden nodes will not do direct input-output connections;
	if this is desired, set initial_connection = full_nodirect;
	if not, set initial_connection = full_direct
Warning: initial_connection = full with hidden nodes will not do direct input-output connections;
	if this is desired, set initial_connection = full_nodirect;
	if not, set initial_connection = full_direct
Warning: initial_connection = full with hidden nodes will not do direct input-output connections;
	if this is desired, set initial_connection = full_nodirect;
	if not, set initial_connection = full_direct
Warning: initial_connection = full with hidden nodes will not do direct input-output connections;
	if this is desired, set initial_connection = full_nodirect;
	if not, set initial_connection = full_direct
Traceback (most recent call last):
  File "C:\Projects\Code\Neurals\testing.py", line 185, in <module>
    run(config_path)
  File "C:\Projects\Code\Neurals\testing.py", line 166, in run
    winner = pop.run(eval_genomes, 200)
  File "C:\Users\Maxim N\AppData\Local\Packages\PythonSoftwareFoundation.Python.3.9_qbz5n2kfra8p0\LocalCache\local-packages\Python39\site-packages\neat\population.py", line 89, in run
    fitness_function(list(iteritems(self.population)), self.config)
  File "C:\Projects\Code\Neurals\testing.py", line 97, in eval_genomes
    ntime = netime - nestime
NameError: name 'nestime' is not defined