2022-05-30 09:22:26,563 INFO    MainThread:7516 [wandb_setup.py:_flush():76] Loading settings from C:\Users\Maxim N\.config\wandb\settings
2022-05-30 09:22:26,563 INFO    MainThread:7516 [wandb_setup.py:_flush():76] Loading settings from C:\Projects\Code\Neurals\wandb\settings
2022-05-30 09:22:26,563 INFO    MainThread:7516 [wandb_setup.py:_flush():76] Loading settings from environment variables: {}
2022-05-30 09:22:26,563 INFO    MainThread:7516 [wandb_setup.py:_flush():76] Inferring run settings from compute environment: {'program_relpath': 'carneuralnetwork.py', 'program': 'C:\\Projects\\Code\\Neurals\\carneuralnetwork.py'}
2022-05-30 09:22:26,563 INFO    MainThread:7516 [wandb_init.py:_log_setup():428] Logging user logs to C:\Projects\Code\Neurals\wandb\run-20220530_092226-1dnk63js\logs\debug.log
2022-05-30 09:22:26,564 INFO    MainThread:7516 [wandb_init.py:_log_setup():429] Logging internal logs to C:\Projects\Code\Neurals\wandb\run-20220530_092226-1dnk63js\logs\debug-internal.log
2022-05-30 09:22:26,564 INFO    MainThread:7516 [wandb_init.py:init():462] calling init triggers
2022-05-30 09:22:26,564 INFO    MainThread:7516 [wandb_init.py:init():465] wandb.init called with sweep_config: {}
config: {}
2022-05-30 09:22:26,564 INFO    MainThread:7516 [wandb_init.py:init():515] starting backend
2022-05-30 09:22:26,564 INFO    MainThread:7516 [backend.py:_multiprocessing_setup():97] multiprocessing start_methods=spawn, using: spawn
2022-05-30 09:22:26,570 INFO    MainThread:7516 [backend.py:ensure_launched():217] starting backend process...
2022-05-30 09:22:26,716 INFO    MainThread:7516 [backend.py:ensure_launched():222] started backend process with pid: 24284
2022-05-30 09:22:26,717 INFO    MainThread:7516 [wandb_init.py:init():525] backend started and connected
2022-05-30 09:22:26,721 INFO    MainThread:7516 [wandb_init.py:init():596] updated telemetry
2022-05-30 09:22:26,727 INFO    MainThread:7516 [wandb_init.py:init():627] communicating run to backend with 30 second timeout
2022-05-30 09:22:28,646 INFO    MainThread:7516 [wandb_run.py:_on_init():1924] communicating current version
2022-05-30 09:22:28,774 INFO    MainThread:7516 [wandb_run.py:_on_init():1928] got version response upgrade_message: "wandb version 0.12.17 is available!  To upgrade, please run:\n $ pip install wandb --upgrade"

2022-05-30 09:22:28,774 INFO    MainThread:7516 [wandb_init.py:init():662] starting run threads in backend
2022-05-30 09:22:30,651 INFO    MainThread:7516 [wandb_run.py:_console_start():1898] atexit reg
2022-05-30 09:22:30,652 INFO    MainThread:7516 [wandb_run.py:_redirect():1771] redirect: SettingsConsole.WRAP
2022-05-30 09:22:30,652 INFO    MainThread:7516 [wandb_run.py:_redirect():1808] Wrapping output streams.
2022-05-30 09:22:30,654 INFO    MainThread:7516 [wandb_run.py:_redirect():1832] Redirects installed.
2022-05-30 09:22:30,654 INFO    MainThread:7516 [wandb_init.py:init():688] run started, returning control to user process
2022-05-30 09:30:01,888 INFO    MainThread:7516 [wandb_run.py:_atexit_cleanup():1867] got exitcode: 0
2022-05-30 09:30:01,889 INFO    MainThread:7516 [wandb_run.py:_restore():1839] restore
2022-05-30 09:30:02,871 INFO    MainThread:7516 [wandb_run.py:_on_finish():1996] got exit ret: file_counts {
  wandb_count: 1
}
pusher_stats {
  uploaded_bytes: 583
  total_bytes: 583
}

2022-05-30 09:30:03,282 INFO    MainThread:7516 [wandb_run.py:_on_finish():1996] got exit ret: file_counts {
  wandb_count: 1
}
pusher_stats {
  uploaded_bytes: 583
  total_bytes: 583
}

2022-05-30 09:30:04,218 INFO    MainThread:7516 [wandb_run.py:_on_finish():1996] got exit ret: file_counts {
  wandb_count: 4
}
pusher_stats {
  uploaded_bytes: 583
  total_bytes: 65347
}

2022-05-30 09:30:04,319 INFO    MainThread:7516 [wandb_run.py:_on_finish():1996] got exit ret: file_counts {
  wandb_count: 5
}
pusher_stats {
  uploaded_bytes: 583
  total_bytes: 65510
}

2022-05-30 09:30:04,422 INFO    MainThread:7516 [wandb_run.py:_on_finish():1996] got exit ret: file_counts {
  wandb_count: 5
}
pusher_stats {
  uploaded_bytes: 583
  total_bytes: 65510
}

2022-05-30 09:30:04,524 INFO    MainThread:7516 [wandb_run.py:_on_finish():1996] got exit ret: file_counts {
  wandb_count: 5
}
pusher_stats {
  uploaded_bytes: 583
  total_bytes: 65510
}

2022-05-30 09:30:04,627 INFO    MainThread:7516 [wandb_run.py:_on_finish():1996] got exit ret: file_counts {
  wandb_count: 5
}
pusher_stats {
  uploaded_bytes: 583
  total_bytes: 65510
}

2022-05-30 09:30:04,729 INFO    MainThread:7516 [wandb_run.py:_on_finish():1996] got exit ret: file_counts {
  wandb_count: 5
}
pusher_stats {
  uploaded_bytes: 65510
  total_bytes: 65510
}

2022-05-30 09:30:04,832 INFO    MainThread:7516 [wandb_run.py:_on_finish():1996] got exit ret: file_counts {
  wandb_count: 5
}
pusher_stats {
  uploaded_bytes: 65510
  total_bytes: 65510
}

2022-05-30 09:30:04,934 INFO    MainThread:7516 [wandb_run.py:_on_finish():1996] got exit ret: file_counts {
  wandb_count: 5
}
pusher_stats {
  uploaded_bytes: 65510
  total_bytes: 65510
}

2022-05-30 09:30:05,036 INFO    MainThread:7516 [wandb_run.py:_on_finish():1996] got exit ret: file_counts {
  wandb_count: 5
}
pusher_stats {
  uploaded_bytes: 65510
  total_bytes: 65510
}

2022-05-30 09:30:05,138 INFO    MainThread:7516 [wandb_run.py:_on_finish():1996] got exit ret: file_counts {
  wandb_count: 5
}
pusher_stats {
  uploaded_bytes: 65510
  total_bytes: 65510
}

2022-05-30 09:30:05,240 INFO    MainThread:7516 [wandb_run.py:_on_finish():1996] got exit ret: file_counts {
  wandb_count: 5
}
pusher_stats {
  uploaded_bytes: 65510
  total_bytes: 65510
}

2022-05-30 09:30:05,342 INFO    MainThread:7516 [wandb_run.py:_on_finish():1996] got exit ret: file_counts {
  wandb_count: 5
}
pusher_stats {
  uploaded_bytes: 65510
  total_bytes: 65510
}

2022-05-30 09:30:05,443 INFO    MainThread:7516 [wandb_run.py:_on_finish():1996] got exit ret: file_counts {
  wandb_count: 5
}
pusher_stats {
  uploaded_bytes: 65510
  total_bytes: 65510
}

2022-05-30 09:30:05,545 INFO    MainThread:7516 [wandb_run.py:_on_finish():1996] got exit ret: file_counts {
  wandb_count: 5
}
pusher_stats {
  uploaded_bytes: 65510
  total_bytes: 65510
}

2022-05-30 09:30:05,647 INFO    MainThread:7516 [wandb_run.py:_on_finish():1996] got exit ret: file_counts {
  wandb_count: 5
}
pusher_stats {
  uploaded_bytes: 65510
  total_bytes: 65510
}

2022-05-30 09:30:05,748 INFO    MainThread:7516 [wandb_run.py:_on_finish():1996] got exit ret: file_counts {
  wandb_count: 5
}
pusher_stats {
  uploaded_bytes: 65510
  total_bytes: 65510
}

2022-05-30 09:30:05,850 INFO    MainThread:7516 [wandb_run.py:_on_finish():1996] got exit ret: file_counts {
  wandb_count: 5
}
pusher_stats {
  uploaded_bytes: 65510
  total_bytes: 65510
}

2022-05-30 09:30:05,953 INFO    MainThread:7516 [wandb_run.py:_on_finish():1996] got exit ret: file_counts {
  wandb_count: 5
}
pusher_stats {
  uploaded_bytes: 65510
  total_bytes: 65510
}

2022-05-30 09:30:06,680 INFO    MainThread:7516 [wandb_run.py:_on_finish():1996] got exit ret: file_counts {
  wandb_count: 5
}
pusher_stats {
  uploaded_bytes: 65510
  total_bytes: 65510
}

2022-05-30 09:30:07,335 INFO    MainThread:7516 [wandb_run.py:_on_finish():1996] got exit ret: done: true
exit_result {
}
file_counts {
  wandb_count: 5
}
pusher_stats {
  uploaded_bytes: 65510
  total_bytes: 65510
}
local_info {
}

2022-05-30 09:30:08,684 INFO    MainThread:7516 [wandb_run.py:_footer_history_summary_info():3104] rendering history
2022-05-30 09:30:08,684 INFO    MainThread:7516 [wandb_run.py:_footer_history_summary_info():3136] rendering summary
2022-05-30 09:30:08,689 INFO    MainThread:7516 [wandb_run.py:_footer_sync_info():3060] logging synced files
