2022-05-24 10:25:18,561 INFO    MainThread:8424 [internal.py:wandb_internal():90] W&B internal server running at pid: 8424, started at: 2022-05-24 10:25:18.561528
2022-05-24 10:25:18,561 INFO    WriterThread:8424 [datastore.py:open_for_write():75] open: C:\Projects\Code\Neurals\wandb\run-20220524_102516-17me3yus\run-17me3yus.wandb
2022-05-24 10:25:18,568 DEBUG   SenderThread:8424 [sender.py:send():232] send: header
2022-05-24 10:25:18,568 DEBUG   SenderThread:8424 [sender.py:send():232] send: run
2022-05-24 10:25:18,916 DEBUG   HandlerThread:8424 [handler.py:handle_request():141] handle_request: check_version
2022-05-24 10:25:18,922 INFO    SenderThread:8424 [dir_watcher.py:__init__():197] watching files in: C:\Projects\Code\Neurals\wandb\run-20220524_102516-17me3yus\files
2022-05-24 10:25:18,922 INFO    SenderThread:8424 [sender.py:_start_run_threads():811] run started: 17me3yus with start time 1653351917
2022-05-24 10:25:18,922 DEBUG   SenderThread:8424 [sender.py:send():232] send: summary
2022-05-24 10:25:18,922 INFO    SenderThread:8424 [sender.py:_save_file():948] saving file wandb-summary.json with policy end
2022-05-24 10:25:18,922 DEBUG   SenderThread:8424 [sender.py:send_request():246] send_request: check_version
2022-05-24 10:25:19,009 DEBUG   HandlerThread:8424 [handler.py:handle_request():141] handle_request: run_start
2022-05-24 10:25:19,934 INFO    Thread-11 :8424 [dir_watcher.py:_on_file_created():244] file/dir created: C:\Projects\Code\Neurals\wandb\run-20220524_102516-17me3yus\files\wandb-summary.json
2022-05-24 10:25:20,774 DEBUG   HandlerThread:8424 [meta.py:__init__():35] meta init
2022-05-24 10:25:20,774 DEBUG   HandlerThread:8424 [meta.py:__init__():49] meta init done
2022-05-24 10:25:20,774 DEBUG   HandlerThread:8424 [meta.py:probe():209] probe
2022-05-24 10:25:20,792 DEBUG   HandlerThread:8424 [git.py:repo():29] git repository is invalid
2022-05-24 10:25:20,792 DEBUG   HandlerThread:8424 [meta.py:_save_pip():53] save pip
2022-05-24 10:25:20,800 DEBUG   HandlerThread:8424 [meta.py:_save_pip():67] save pip done
2022-05-24 10:25:20,800 DEBUG   HandlerThread:8424 [meta.py:probe():247] probe done
2022-05-24 10:25:20,800 DEBUG   SenderThread:8424 [sender.py:send():232] send: files
2022-05-24 10:25:20,800 INFO    SenderThread:8424 [sender.py:_save_file():948] saving file wandb-metadata.json with policy now
2022-05-24 10:25:20,808 DEBUG   HandlerThread:8424 [handler.py:handle_request():141] handle_request: stop_status
2022-05-24 10:25:20,808 DEBUG   SenderThread:8424 [sender.py:send_request():246] send_request: stop_status
2022-05-24 10:25:20,937 INFO    Thread-11 :8424 [dir_watcher.py:_on_file_created():244] file/dir created: C:\Projects\Code\Neurals\wandb\run-20220524_102516-17me3yus\files\output.log
2022-05-24 10:25:20,938 INFO    Thread-11 :8424 [dir_watcher.py:_on_file_created():244] file/dir created: C:\Projects\Code\Neurals\wandb\run-20220524_102516-17me3yus\files\requirements.txt
2022-05-24 10:25:20,939 INFO    Thread-11 :8424 [dir_watcher.py:_on_file_created():244] file/dir created: C:\Projects\Code\Neurals\wandb\run-20220524_102516-17me3yus\files\wandb-metadata.json
2022-05-24 10:25:21,097 DEBUG   SenderThread:8424 [sender.py:send():232] send: telemetry
2022-05-24 10:25:21,640 INFO    Thread-15 :8424 [upload_job.py:push():132] Uploaded file C:\Users\MAXIMN~1\AppData\Local\Temp\tmpvox7y6sxwandb\3urv9he5-wandb-metadata.json
2022-05-24 10:25:22,945 INFO    Thread-11 :8424 [dir_watcher.py:_on_file_modified():257] file/dir modified: C:\Projects\Code\Neurals\wandb\run-20220524_102516-17me3yus\files\output.log
2022-05-24 10:25:24,117 DEBUG   HandlerThread:8424 [handler.py:handle_request():141] handle_request: partial_history
2022-05-24 10:25:24,118 DEBUG   SenderThread:8424 [sender.py:send():232] send: history
2022-05-24 10:25:24,118 DEBUG   SenderThread:8424 [sender.py:send():232] send: summary
2022-05-24 10:25:24,122 INFO    SenderThread:8424 [sender.py:_save_file():948] saving file wandb-summary.json with policy end
2022-05-24 10:25:24,954 INFO    Thread-11 :8424 [dir_watcher.py:_on_file_modified():257] file/dir modified: C:\Projects\Code\Neurals\wandb\run-20220524_102516-17me3yus\files\output.log
2022-05-24 10:25:24,955 INFO    Thread-11 :8424 [dir_watcher.py:_on_file_modified():257] file/dir modified: C:\Projects\Code\Neurals\wandb\run-20220524_102516-17me3yus\files\wandb-summary.json
2022-05-24 10:25:26,967 INFO    Thread-11 :8424 [dir_watcher.py:_on_file_modified():257] file/dir modified: C:\Projects\Code\Neurals\wandb\run-20220524_102516-17me3yus\files\output.log
2022-05-24 10:25:30,062 DEBUG   HandlerThread:8424 [handler.py:handle_request():141] handle_request: partial_history
2022-05-24 10:25:30,062 DEBUG   SenderThread:8424 [sender.py:send():232] send: history
2022-05-24 10:25:30,063 DEBUG   SenderThread:8424 [sender.py:send():232] send: summary
2022-05-24 10:25:30,063 INFO    SenderThread:8424 [sender.py:_save_file():948] saving file wandb-summary.json with policy end
2022-05-24 10:25:30,984 INFO    Thread-11 :8424 [dir_watcher.py:_on_file_modified():257] file/dir modified: C:\Projects\Code\Neurals\wandb\run-20220524_102516-17me3yus\files\output.log
2022-05-24 10:25:30,985 INFO    Thread-11 :8424 [dir_watcher.py:_on_file_modified():257] file/dir modified: C:\Projects\Code\Neurals\wandb\run-20220524_102516-17me3yus\files\wandb-summary.json
2022-05-24 10:25:36,033 DEBUG   HandlerThread:8424 [handler.py:handle_request():141] handle_request: partial_history
2022-05-24 10:25:36,034 DEBUG   SenderThread:8424 [sender.py:send():232] send: history
2022-05-24 10:25:36,034 DEBUG   SenderThread:8424 [sender.py:send():232] send: summary
2022-05-24 10:25:36,036 INFO    SenderThread:8424 [sender.py:_save_file():948] saving file wandb-summary.json with policy end
2022-05-24 10:25:36,109 DEBUG   HandlerThread:8424 [handler.py:handle_request():141] handle_request: stop_status
2022-05-24 10:25:36,109 DEBUG   SenderThread:8424 [sender.py:send_request():246] send_request: stop_status
2022-05-24 10:25:37,015 INFO    Thread-11 :8424 [dir_watcher.py:_on_file_modified():257] file/dir modified: C:\Projects\Code\Neurals\wandb\run-20220524_102516-17me3yus\files\output.log
2022-05-24 10:25:37,016 INFO    Thread-11 :8424 [dir_watcher.py:_on_file_modified():257] file/dir modified: C:\Projects\Code\Neurals\wandb\run-20220524_102516-17me3yus\files\wandb-summary.json
2022-05-24 10:25:41,983 DEBUG   HandlerThread:8424 [handler.py:handle_request():141] handle_request: partial_history
2022-05-24 10:25:41,983 DEBUG   SenderThread:8424 [sender.py:send():232] send: history
2022-05-24 10:25:41,984 DEBUG   SenderThread:8424 [sender.py:send():232] send: summary
2022-05-24 10:25:41,985 INFO    SenderThread:8424 [sender.py:_save_file():948] saving file wandb-summary.json with policy end
2022-05-24 10:25:42,043 INFO    Thread-11 :8424 [dir_watcher.py:_on_file_modified():257] file/dir modified: C:\Projects\Code\Neurals\wandb\run-20220524_102516-17me3yus\files\wandb-summary.json
2022-05-24 10:25:43,048 INFO    Thread-11 :8424 [dir_watcher.py:_on_file_modified():257] file/dir modified: C:\Projects\Code\Neurals\wandb\run-20220524_102516-17me3yus\files\output.log
