2022-05-23 01:15:27,592 INFO    MainThread:8204 [internal.py:wandb_internal():90] W&B internal server running at pid: 8204, started at: 2022-05-23 01:15:27.588735
2022-05-23 01:15:27,598 INFO    WriterThread:8204 [datastore.py:open_for_write():75] open: C:\Projects\Code\Neurals\wandb\run-20220523_011523-qj56pkd9\run-qj56pkd9.wandb
2022-05-23 01:15:27,614 DEBUG   SenderThread:8204 [sender.py:send():232] send: header
2022-05-23 01:15:27,614 DEBUG   SenderThread:8204 [sender.py:send():232] send: run
2022-05-23 01:15:28,064 DEBUG   HandlerThread:8204 [handler.py:handle_request():141] handle_request: check_version
2022-05-23 01:15:28,071 INFO    SenderThread:8204 [dir_watcher.py:__init__():197] watching files in: C:\Projects\Code\Neurals\wandb\run-20220523_011523-qj56pkd9\files
2022-05-23 01:15:28,072 INFO    SenderThread:8204 [sender.py:_start_run_threads():811] run started: qj56pkd9 with start time 1653232524
2022-05-23 01:15:28,072 DEBUG   SenderThread:8204 [sender.py:send():232] send: summary
2022-05-23 01:15:28,073 INFO    SenderThread:8204 [sender.py:_save_file():948] saving file wandb-summary.json with policy end
2022-05-23 01:15:28,074 DEBUG   SenderThread:8204 [sender.py:send_request():246] send_request: check_version
2022-05-23 01:15:29,089 INFO    Thread-11 :8204 [dir_watcher.py:_on_file_created():244] file/dir created: C:\Projects\Code\Neurals\wandb\run-20220523_011523-qj56pkd9\files\wandb-summary.json
2022-05-23 01:15:29,095 DEBUG   HandlerThread:8204 [handler.py:handle_request():141] handle_request: run_start
2022-05-23 01:15:34,165 INFO    Thread-11 :8204 [dir_watcher.py:_on_file_created():244] file/dir created: C:\Projects\Code\Neurals\wandb\run-20220523_011523-qj56pkd9\files\output.log
2022-05-23 01:15:36,187 INFO    Thread-11 :8204 [dir_watcher.py:_on_file_modified():257] file/dir modified: C:\Projects\Code\Neurals\wandb\run-20220523_011523-qj56pkd9\files\output.log
2022-05-23 01:15:37,657 DEBUG   HandlerThread:8204 [meta.py:__init__():35] meta init
2022-05-23 01:15:37,658 DEBUG   HandlerThread:8204 [meta.py:__init__():49] meta init done
2022-05-23 01:15:37,659 DEBUG   HandlerThread:8204 [meta.py:probe():209] probe
2022-05-23 01:15:37,720 DEBUG   HandlerThread:8204 [git.py:repo():29] git repository is invalid
2022-05-23 01:15:37,720 DEBUG   HandlerThread:8204 [meta.py:_save_pip():53] save pip
2022-05-23 01:15:37,723 DEBUG   HandlerThread:8204 [meta.py:_save_pip():67] save pip done
2022-05-23 01:15:37,723 DEBUG   HandlerThread:8204 [meta.py:probe():247] probe done
2022-05-23 01:15:37,737 DEBUG   HandlerThread:8204 [handler.py:handle_request():141] handle_request: stop_status
2022-05-23 01:15:37,738 DEBUG   SenderThread:8204 [sender.py:send_request():246] send_request: stop_status
2022-05-23 01:15:38,069 DEBUG   SenderThread:8204 [sender.py:send():232] send: telemetry
2022-05-23 01:15:38,070 DEBUG   SenderThread:8204 [sender.py:send():232] send: files
2022-05-23 01:15:38,071 INFO    SenderThread:8204 [sender.py:_save_file():948] saving file wandb-metadata.json with policy now
2022-05-23 01:15:38,208 INFO    Thread-11 :8204 [dir_watcher.py:_on_file_created():244] file/dir created: C:\Projects\Code\Neurals\wandb\run-20220523_011523-qj56pkd9\files\requirements.txt
2022-05-23 01:15:38,209 INFO    Thread-11 :8204 [dir_watcher.py:_on_file_created():244] file/dir created: C:\Projects\Code\Neurals\wandb\run-20220523_011523-qj56pkd9\files\wandb-metadata.json
2022-05-23 01:15:39,300 INFO    Thread-15 :8204 [upload_job.py:push():132] Uploaded file C:\Users\MAXIMN~1\AppData\Local\Temp\tmp5dlz49lvwandb\3vuzia6w-wandb-metadata.json
2022-05-23 01:15:41,587 DEBUG   HandlerThread:8204 [handler.py:handle_request():141] handle_request: partial_history
2022-05-23 01:15:41,590 DEBUG   SenderThread:8204 [sender.py:send():232] send: history
2022-05-23 01:15:41,590 DEBUG   SenderThread:8204 [sender.py:send():232] send: summary
2022-05-23 01:15:41,592 INFO    SenderThread:8204 [sender.py:_save_file():948] saving file wandb-summary.json with policy end
2022-05-23 01:15:42,253 INFO    Thread-11 :8204 [dir_watcher.py:_on_file_modified():257] file/dir modified: C:\Projects\Code\Neurals\wandb\run-20220523_011523-qj56pkd9\files\output.log
2022-05-23 01:15:42,253 INFO    Thread-11 :8204 [dir_watcher.py:_on_file_modified():257] file/dir modified: C:\Projects\Code\Neurals\wandb\run-20220523_011523-qj56pkd9\files\wandb-summary.json
2022-05-23 01:15:53,085 DEBUG   HandlerThread:8204 [handler.py:handle_request():141] handle_request: stop_status
2022-05-23 01:15:53,085 DEBUG   SenderThread:8204 [sender.py:send_request():246] send_request: stop_status
2022-05-23 01:15:55,850 DEBUG   HandlerThread:8204 [handler.py:handle_request():141] handle_request: partial_history
2022-05-23 01:15:55,851 DEBUG   SenderThread:8204 [sender.py:send():232] send: history
2022-05-23 01:15:55,853 DEBUG   SenderThread:8204 [sender.py:send():232] send: summary
2022-05-23 01:15:55,857 INFO    SenderThread:8204 [sender.py:_save_file():948] saving file wandb-summary.json with policy end
2022-05-23 01:15:56,384 INFO    Thread-11 :8204 [dir_watcher.py:_on_file_modified():257] file/dir modified: C:\Projects\Code\Neurals\wandb\run-20220523_011523-qj56pkd9\files\output.log
2022-05-23 01:15:56,385 INFO    Thread-11 :8204 [dir_watcher.py:_on_file_modified():257] file/dir modified: C:\Projects\Code\Neurals\wandb\run-20220523_011523-qj56pkd9\files\wandb-summary.json
2022-05-23 01:15:59,443 INFO    Thread-11 :8204 [dir_watcher.py:_on_file_modified():257] file/dir modified: C:\Projects\Code\Neurals\wandb\run-20220523_011523-qj56pkd9\files\config.yaml
2022-05-23 01:16:08,893 DEBUG   HandlerThread:8204 [handler.py:handle_request():141] handle_request: stop_status
2022-05-23 01:16:08,893 DEBUG   SenderThread:8204 [sender.py:send_request():246] send_request: stop_status
2022-05-23 01:16:09,278 DEBUG   SenderThread:8204 [sender.py:send():232] send: stats
2022-05-23 01:16:14,626 INFO    Thread-11 :8204 [dir_watcher.py:_on_file_modified():257] file/dir modified: C:\Projects\Code\Neurals\wandb\run-20220523_011523-qj56pkd9\files\output.log
2022-05-23 01:16:15,752 DEBUG   HandlerThread:8204 [handler.py:handle_request():141] handle_request: partial_history
2022-05-23 01:16:15,760 DEBUG   SenderThread:8204 [sender.py:send():232] send: history
2022-05-23 01:16:15,761 DEBUG   SenderThread:8204 [sender.py:send():232] send: summary
2022-05-23 01:16:15,762 INFO    SenderThread:8204 [sender.py:_save_file():948] saving file wandb-summary.json with policy end
2022-05-23 01:16:16,638 INFO    Thread-11 :8204 [dir_watcher.py:_on_file_modified():257] file/dir modified: C:\Projects\Code\Neurals\wandb\run-20220523_011523-qj56pkd9\files\output.log
2022-05-23 01:16:16,639 INFO    Thread-11 :8204 [dir_watcher.py:_on_file_modified():257] file/dir modified: C:\Projects\Code\Neurals\wandb\run-20220523_011523-qj56pkd9\files\wandb-summary.json
2022-05-23 01:16:24,306 DEBUG   HandlerThread:8204 [handler.py:handle_request():141] handle_request: stop_status
2022-05-23 01:16:24,307 DEBUG   SenderThread:8204 [sender.py:send_request():246] send_request: stop_status
2022-05-23 01:16:34,857 INFO    Thread-11 :8204 [dir_watcher.py:_on_file_modified():257] file/dir modified: C:\Projects\Code\Neurals\wandb\run-20220523_011523-qj56pkd9\files\output.log
2022-05-23 01:16:35,429 DEBUG   HandlerThread:8204 [handler.py:handle_request():141] handle_request: partial_history
2022-05-23 01:16:35,430 DEBUG   SenderThread:8204 [sender.py:send():232] send: history
2022-05-23 01:16:35,431 DEBUG   SenderThread:8204 [sender.py:send():232] send: summary
2022-05-23 01:16:35,433 INFO    SenderThread:8204 [sender.py:_save_file():948] saving file wandb-summary.json with policy end
2022-05-23 01:16:35,873 INFO    Thread-11 :8204 [dir_watcher.py:_on_file_modified():257] file/dir modified: C:\Projects\Code\Neurals\wandb\run-20220523_011523-qj56pkd9\files\wandb-summary.json
2022-05-23 01:16:36,887 INFO    Thread-11 :8204 [dir_watcher.py:_on_file_modified():257] file/dir modified: C:\Projects\Code\Neurals\wandb\run-20220523_011523-qj56pkd9\files\output.log
2022-05-23 01:16:39,895 DEBUG   HandlerThread:8204 [handler.py:handle_request():141] handle_request: stop_status
2022-05-23 01:16:39,896 DEBUG   SenderThread:8204 [sender.py:send_request():246] send_request: stop_status
2022-05-23 01:16:42,666 DEBUG   SenderThread:8204 [sender.py:send():232] send: stats
2022-05-23 01:16:54,118 DEBUG   HandlerThread:8204 [handler.py:handle_request():141] handle_request: partial_history
2022-05-23 01:16:54,120 DEBUG   SenderThread:8204 [sender.py:send():232] send: history
2022-05-23 01:16:54,121 DEBUG   SenderThread:8204 [sender.py:send():232] send: summary
2022-05-23 01:16:54,123 INFO    SenderThread:8204 [sender.py:_save_file():948] saving file wandb-summary.json with policy end
2022-05-23 01:16:55,061 INFO    Thread-11 :8204 [dir_watcher.py:_on_file_modified():257] file/dir modified: C:\Projects\Code\Neurals\wandb\run-20220523_011523-qj56pkd9\files\output.log
2022-05-23 01:16:55,061 INFO    Thread-11 :8204 [dir_watcher.py:_on_file_modified():257] file/dir modified: C:\Projects\Code\Neurals\wandb\run-20220523_011523-qj56pkd9\files\wandb-summary.json
2022-05-23 01:16:55,367 DEBUG   HandlerThread:8204 [handler.py:handle_request():141] handle_request: stop_status
2022-05-23 01:16:55,367 DEBUG   SenderThread:8204 [sender.py:send_request():246] send_request: stop_status
2022-05-23 01:17:10,779 DEBUG   HandlerThread:8204 [handler.py:handle_request():141] handle_request: stop_status
2022-05-23 01:17:10,781 DEBUG   SenderThread:8204 [sender.py:send_request():246] send_request: stop_status
2022-05-23 01:17:12,829 DEBUG   HandlerThread:8204 [handler.py:handle_request():141] handle_request: partial_history
2022-05-23 01:17:12,831 DEBUG   SenderThread:8204 [sender.py:send():232] send: history
2022-05-23 01:17:12,833 DEBUG   SenderThread:8204 [sender.py:send():232] send: summary
2022-05-23 01:17:12,834 INFO    SenderThread:8204 [sender.py:_save_file():948] saving file wandb-summary.json with policy end
2022-05-23 01:17:13,257 INFO    Thread-11 :8204 [dir_watcher.py:_on_file_modified():257] file/dir modified: C:\Projects\Code\Neurals\wandb\run-20220523_011523-qj56pkd9\files\output.log
2022-05-23 01:17:13,258 INFO    Thread-11 :8204 [dir_watcher.py:_on_file_modified():257] file/dir modified: C:\Projects\Code\Neurals\wandb\run-20220523_011523-qj56pkd9\files\wandb-summary.json
2022-05-23 01:17:15,285 INFO    Thread-11 :8204 [dir_watcher.py:_on_file_modified():257] file/dir modified: C:\Projects\Code\Neurals\wandb\run-20220523_011523-qj56pkd9\files\output.log
2022-05-23 01:17:16,240 DEBUG   SenderThread:8204 [sender.py:send():232] send: stats
2022-05-23 01:17:26,108 DEBUG   HandlerThread:8204 [handler.py:handle_request():141] handle_request: stop_status
2022-05-23 01:17:26,108 DEBUG   SenderThread:8204 [sender.py:send_request():246] send_request: stop_status
2022-05-23 01:17:28,531 DEBUG   HandlerThread:8204 [handler.py:handle_request():141] handle_request: partial_history
2022-05-23 01:17:28,533 DEBUG   SenderThread:8204 [sender.py:send():232] send: history
2022-05-23 01:17:28,533 DEBUG   SenderThread:8204 [sender.py:send():232] send: summary
2022-05-23 01:17:28,534 INFO    SenderThread:8204 [sender.py:_save_file():948] saving file wandb-summary.json with policy end
2022-05-23 01:17:29,452 INFO    Thread-11 :8204 [dir_watcher.py:_on_file_modified():257] file/dir modified: C:\Projects\Code\Neurals\wandb\run-20220523_011523-qj56pkd9\files\output.log
2022-05-23 01:17:29,453 INFO    Thread-11 :8204 [dir_watcher.py:_on_file_modified():257] file/dir modified: C:\Projects\Code\Neurals\wandb\run-20220523_011523-qj56pkd9\files\wandb-summary.json
2022-05-23 01:17:31,474 INFO    Thread-11 :8204 [dir_watcher.py:_on_file_modified():257] file/dir modified: C:\Projects\Code\Neurals\wandb\run-20220523_011523-qj56pkd9\files\output.log
2022-05-23 01:17:41,520 DEBUG   HandlerThread:8204 [handler.py:handle_request():141] handle_request: stop_status
2022-05-23 01:17:41,521 DEBUG   SenderThread:8204 [sender.py:send_request():246] send_request: stop_status
2022-05-23 01:17:42,317 DEBUG   HandlerThread:8204 [handler.py:handle_request():141] handle_request: partial_history
2022-05-23 01:17:42,318 DEBUG   SenderThread:8204 [sender.py:send():232] send: history
2022-05-23 01:17:42,319 DEBUG   SenderThread:8204 [sender.py:send():232] send: summary
2022-05-23 01:17:42,320 INFO    SenderThread:8204 [sender.py:_save_file():948] saving file wandb-summary.json with policy end
2022-05-23 01:17:42,565 INFO    Thread-11 :8204 [dir_watcher.py:_on_file_modified():257] file/dir modified: C:\Projects\Code\Neurals\wandb\run-20220523_011523-qj56pkd9\files\wandb-summary.json
2022-05-23 01:17:43,578 INFO    Thread-11 :8204 [dir_watcher.py:_on_file_modified():257] file/dir modified: C:\Projects\Code\Neurals\wandb\run-20220523_011523-qj56pkd9\files\output.log
2022-05-23 01:17:49,683 DEBUG   SenderThread:8204 [sender.py:send():232] send: stats
