2022-05-30 09:20:19,841 INFO    MainThread:24216 [wandb_setup.py:_flush():76] Loading settings from C:\Users\Maxim N\.config\wandb\settings
2022-05-30 09:20:19,841 INFO    MainThread:24216 [wandb_setup.py:_flush():76] Loading settings from C:\Projects\Code\Neurals\wandb\settings
2022-05-30 09:20:19,841 INFO    MainThread:24216 [wandb_setup.py:_flush():76] Loading settings from environment variables: {}
2022-05-30 09:20:19,841 INFO    MainThread:24216 [wandb_setup.py:_flush():76] Inferring run settings from compute environment: {'program_relpath': 'carneuralnetwork.py', 'program': 'C:\\Projects\\Code\\Neurals\\carneuralnetwork.py'}
2022-05-30 09:20:19,841 INFO    MainThread:24216 [wandb_init.py:_log_setup():428] Logging user logs to C:\Projects\Code\Neurals\wandb\run-20220530_092019-12dpuum8\logs\debug.log
2022-05-30 09:20:19,841 INFO    MainThread:24216 [wandb_init.py:_log_setup():429] Logging internal logs to C:\Projects\Code\Neurals\wandb\run-20220530_092019-12dpuum8\logs\debug-internal.log
2022-05-30 09:20:19,841 INFO    MainThread:24216 [wandb_init.py:init():462] calling init triggers
2022-05-30 09:20:19,841 INFO    MainThread:24216 [wandb_init.py:init():465] wandb.init called with sweep_config: {}
config: {}
2022-05-30 09:20:19,842 INFO    MainThread:24216 [wandb_init.py:init():515] starting backend
2022-05-30 09:20:19,842 INFO    MainThread:24216 [backend.py:_multiprocessing_setup():97] multiprocessing start_methods=spawn, using: spawn
2022-05-30 09:20:19,849 INFO    MainThread:24216 [backend.py:ensure_launched():217] starting backend process...
2022-05-30 09:20:20,023 INFO    MainThread:24216 [backend.py:ensure_launched():222] started backend process with pid: 23908
2022-05-30 09:20:20,024 INFO    MainThread:24216 [wandb_init.py:init():525] backend started and connected
2022-05-30 09:20:20,027 INFO    MainThread:24216 [wandb_init.py:init():596] updated telemetry
2022-05-30 09:20:20,035 INFO    MainThread:24216 [wandb_init.py:init():627] communicating run to backend with 30 second timeout
2022-05-30 09:20:22,334 INFO    MainThread:24216 [wandb_run.py:_on_init():1924] communicating current version
2022-05-30 09:20:22,485 INFO    MainThread:24216 [wandb_run.py:_on_init():1928] got version response upgrade_message: "wandb version 0.12.17 is available!  To upgrade, please run:\n $ pip install wandb --upgrade"

2022-05-30 09:20:22,485 INFO    MainThread:24216 [wandb_init.py:init():662] starting run threads in backend
2022-05-30 09:20:24,938 INFO    MainThread:24216 [wandb_run.py:_console_start():1898] atexit reg
2022-05-30 09:20:24,939 INFO    MainThread:24216 [wandb_run.py:_redirect():1771] redirect: SettingsConsole.WRAP
2022-05-30 09:20:24,939 INFO    MainThread:24216 [wandb_run.py:_redirect():1808] Wrapping output streams.
2022-05-30 09:20:24,941 INFO    MainThread:24216 [wandb_run.py:_redirect():1832] Redirects installed.
2022-05-30 09:20:24,941 INFO    MainThread:24216 [wandb_init.py:init():688] run started, returning control to user process
2022-05-30 09:21:27,994 INFO    MainThread:24216 [wandb_run.py:_atexit_cleanup():1867] got exitcode: 1
2022-05-30 09:21:27,995 INFO    MainThread:24216 [wandb_run.py:_restore():1839] restore
2022-05-30 09:21:28,556 INFO    MainThread:24216 [wandb_run.py:_on_finish():1996] got exit ret: file_counts {
  wandb_count: 1
}
pusher_stats {
  uploaded_bytes: 583
  total_bytes: 583
}

2022-05-30 09:21:28,940 INFO    MainThread:24216 [wandb_run.py:_on_finish():1996] got exit ret: file_counts {
  wandb_count: 1
}
pusher_stats {
  uploaded_bytes: 583
  total_bytes: 583
}

2022-05-30 09:21:29,883 INFO    MainThread:24216 [wandb_run.py:_on_finish():1996] got exit ret: file_counts {
  wandb_count: 4
}
pusher_stats {
  uploaded_bytes: 583
  total_bytes: 17834
}

2022-05-30 09:21:29,984 INFO    MainThread:24216 [wandb_run.py:_on_finish():1996] got exit ret: file_counts {
  wandb_count: 5
}
pusher_stats {
  uploaded_bytes: 583
  total_bytes: 17996
}

2022-05-30 09:21:30,087 INFO    MainThread:24216 [wandb_run.py:_on_finish():1996] got exit ret: file_counts {
  wandb_count: 5
}
pusher_stats {
  uploaded_bytes: 583
  total_bytes: 17996
}

2022-05-30 09:21:30,189 INFO    MainThread:24216 [wandb_run.py:_on_finish():1996] got exit ret: file_counts {
  wandb_count: 5
}
pusher_stats {
  uploaded_bytes: 583
  total_bytes: 17996
}

2022-05-30 09:21:30,291 INFO    MainThread:24216 [wandb_run.py:_on_finish():1996] got exit ret: file_counts {
  wandb_count: 5
}
pusher_stats {
  uploaded_bytes: 583
  total_bytes: 17996
}

2022-05-30 09:21:30,394 INFO    MainThread:24216 [wandb_run.py:_on_finish():1996] got exit ret: file_counts {
  wandb_count: 5
}
pusher_stats {
  uploaded_bytes: 17996
  total_bytes: 17996
}

2022-05-30 09:21:30,495 INFO    MainThread:24216 [wandb_run.py:_on_finish():1996] got exit ret: file_counts {
  wandb_count: 5
}
pusher_stats {
  uploaded_bytes: 17996
  total_bytes: 17996
}

2022-05-30 09:21:30,597 INFO    MainThread:24216 [wandb_run.py:_on_finish():1996] got exit ret: file_counts {
  wandb_count: 5
}
pusher_stats {
  uploaded_bytes: 17996
  total_bytes: 17996
}

2022-05-30 09:21:30,699 INFO    MainThread:24216 [wandb_run.py:_on_finish():1996] got exit ret: file_counts {
  wandb_count: 5
}
pusher_stats {
  uploaded_bytes: 17996
  total_bytes: 17996
}

2022-05-30 09:21:30,800 INFO    MainThread:24216 [wandb_run.py:_on_finish():1996] got exit ret: file_counts {
  wandb_count: 5
}
pusher_stats {
  uploaded_bytes: 17996
  total_bytes: 17996
}

2022-05-30 09:21:30,903 INFO    MainThread:24216 [wandb_run.py:_on_finish():1996] got exit ret: file_counts {
  wandb_count: 5
}
pusher_stats {
  uploaded_bytes: 17996
  total_bytes: 17996
}

2022-05-30 09:21:31,592 INFO    MainThread:24216 [wandb_run.py:_on_finish():1996] got exit ret: file_counts {
  wandb_count: 5
}
pusher_stats {
  uploaded_bytes: 17996
  total_bytes: 17996
}

2022-05-30 09:21:32,237 INFO    MainThread:24216 [wandb_run.py:_on_finish():1996] got exit ret: done: true
exit_result {
}
file_counts {
  wandb_count: 5
}
pusher_stats {
  uploaded_bytes: 17996
  total_bytes: 17996
}
local_info {
}

2022-05-30 09:21:33,603 INFO    MainThread:24216 [wandb_run.py:_footer_history_summary_info():3104] rendering history
2022-05-30 09:21:33,603 INFO    MainThread:24216 [wandb_run.py:_footer_history_summary_info():3136] rendering summary
2022-05-30 09:21:33,609 INFO    MainThread:24216 [wandb_run.py:_footer_sync_info():3060] logging synced files
