2022-05-30 09:20:22,015 INFO    MainThread:23908 [internal.py:wandb_internal():90] W&B internal server running at pid: 23908, started at: 2022-05-30 09:20:22.015855
2022-05-30 09:20:22,018 INFO    WriterThread:23908 [datastore.py:open_for_write():75] open: C:\Projects\Code\Neurals\wandb\run-20220530_092019-12dpuum8\run-12dpuum8.wandb
2022-05-30 09:20:22,025 DEBUG   SenderThread:23908 [sender.py:send():232] send: header
2022-05-30 09:20:22,025 DEBUG   SenderThread:23908 [sender.py:send():232] send: run
2022-05-30 09:20:22,335 DEBUG   HandlerThread:23908 [handler.py:handle_request():141] handle_request: check_version
2022-05-30 09:20:22,335 INFO    SenderThread:23908 [dir_watcher.py:__init__():197] watching files in: C:\Projects\Code\Neurals\wandb\run-20220530_092019-12dpuum8\files
2022-05-30 09:20:22,335 INFO    SenderThread:23908 [sender.py:_start_run_threads():811] run started: 12dpuum8 with start time 1653866420
2022-05-30 09:20:22,335 DEBUG   SenderThread:23908 [sender.py:send():232] send: summary
2022-05-30 09:20:22,336 INFO    SenderThread:23908 [sender.py:_save_file():948] saving file wandb-summary.json with policy end
2022-05-30 09:20:22,336 DEBUG   SenderThread:23908 [sender.py:send_request():246] send_request: check_version
2022-05-30 09:20:22,490 DEBUG   HandlerThread:23908 [handler.py:handle_request():141] handle_request: run_start
2022-05-30 09:20:23,335 INFO    Thread-11 :23908 [dir_watcher.py:_on_file_created():244] file/dir created: C:\Projects\Code\Neurals\wandb\run-20220530_092019-12dpuum8\files\wandb-summary.json
2022-05-30 09:20:24,896 DEBUG   HandlerThread:23908 [meta.py:__init__():35] meta init
2022-05-30 09:20:24,896 DEBUG   HandlerThread:23908 [meta.py:__init__():49] meta init done
2022-05-30 09:20:24,896 DEBUG   HandlerThread:23908 [meta.py:probe():209] probe
2022-05-30 09:20:24,916 DEBUG   HandlerThread:23908 [git.py:repo():29] git repository is invalid
2022-05-30 09:20:24,916 DEBUG   HandlerThread:23908 [meta.py:_save_pip():53] save pip
2022-05-30 09:20:24,917 DEBUG   HandlerThread:23908 [meta.py:_save_pip():67] save pip done
2022-05-30 09:20:24,917 DEBUG   HandlerThread:23908 [meta.py:probe():247] probe done
2022-05-30 09:20:24,930 DEBUG   SenderThread:23908 [sender.py:send():232] send: files
2022-05-30 09:20:24,930 INFO    SenderThread:23908 [sender.py:_save_file():948] saving file wandb-metadata.json with policy now
2022-05-30 09:20:24,937 DEBUG   HandlerThread:23908 [handler.py:handle_request():141] handle_request: stop_status
2022-05-30 09:20:24,938 DEBUG   SenderThread:23908 [sender.py:send_request():246] send_request: stop_status
2022-05-30 09:20:25,221 DEBUG   SenderThread:23908 [sender.py:send():232] send: telemetry
2022-05-30 09:20:25,365 INFO    Thread-11 :23908 [dir_watcher.py:_on_file_created():244] file/dir created: C:\Projects\Code\Neurals\wandb\run-20220530_092019-12dpuum8\files\requirements.txt
2022-05-30 09:20:25,366 INFO    Thread-11 :23908 [dir_watcher.py:_on_file_created():244] file/dir created: C:\Projects\Code\Neurals\wandb\run-20220530_092019-12dpuum8\files\wandb-metadata.json
2022-05-30 09:20:25,366 INFO    Thread-11 :23908 [dir_watcher.py:_on_file_created():244] file/dir created: C:\Projects\Code\Neurals\wandb\run-20220530_092019-12dpuum8\files\output.log
2022-05-30 09:20:25,752 INFO    Thread-15 :23908 [upload_job.py:push():132] Uploaded file C:\Users\MAXIMN~1\AppData\Local\Temp\tmph_xxp3ulwandb\mlko7r8k-wandb-metadata.json
2022-05-30 09:20:27,395 INFO    Thread-11 :23908 [dir_watcher.py:_on_file_modified():257] file/dir modified: C:\Projects\Code\Neurals\wandb\run-20220530_092019-12dpuum8\files\output.log
2022-05-30 09:20:29,567 DEBUG   HandlerThread:23908 [handler.py:handle_request():141] handle_request: partial_history
2022-05-30 09:20:29,568 DEBUG   SenderThread:23908 [sender.py:send():232] send: history
2022-05-30 09:20:29,569 DEBUG   SenderThread:23908 [sender.py:send():232] send: summary
2022-05-30 09:20:29,570 INFO    SenderThread:23908 [sender.py:_save_file():948] saving file wandb-summary.json with policy end
2022-05-30 09:20:30,422 INFO    Thread-11 :23908 [dir_watcher.py:_on_file_modified():257] file/dir modified: C:\Projects\Code\Neurals\wandb\run-20220530_092019-12dpuum8\files\wandb-summary.json
2022-05-30 09:20:31,429 INFO    Thread-11 :23908 [dir_watcher.py:_on_file_modified():257] file/dir modified: C:\Projects\Code\Neurals\wandb\run-20220530_092019-12dpuum8\files\output.log
2022-05-30 09:20:38,244 DEBUG   HandlerThread:23908 [handler.py:handle_request():141] handle_request: partial_history
2022-05-30 09:20:38,245 DEBUG   SenderThread:23908 [sender.py:send():232] send: history
2022-05-30 09:20:38,245 DEBUG   SenderThread:23908 [sender.py:send():232] send: summary
2022-05-30 09:20:38,247 INFO    SenderThread:23908 [sender.py:_save_file():948] saving file wandb-summary.json with policy end
2022-05-30 09:20:38,535 INFO    Thread-11 :23908 [dir_watcher.py:_on_file_modified():257] file/dir modified: C:\Projects\Code\Neurals\wandb\run-20220530_092019-12dpuum8\files\wandb-summary.json
2022-05-30 09:20:39,546 INFO    Thread-11 :23908 [dir_watcher.py:_on_file_modified():257] file/dir modified: C:\Projects\Code\Neurals\wandb\run-20220530_092019-12dpuum8\files\output.log
2022-05-30 09:20:40,239 DEBUG   HandlerThread:23908 [handler.py:handle_request():141] handle_request: stop_status
2022-05-30 09:20:40,240 DEBUG   SenderThread:23908 [sender.py:send_request():246] send_request: stop_status
2022-05-30 09:20:43,840 DEBUG   HandlerThread:23908 [handler.py:handle_request():141] handle_request: partial_history
2022-05-30 09:20:43,840 DEBUG   SenderThread:23908 [sender.py:send():232] send: history
2022-05-30 09:20:43,841 DEBUG   SenderThread:23908 [sender.py:send():232] send: summary
2022-05-30 09:20:43,843 INFO    SenderThread:23908 [sender.py:_save_file():948] saving file wandb-summary.json with policy end
2022-05-30 09:20:44,573 INFO    Thread-11 :23908 [dir_watcher.py:_on_file_modified():257] file/dir modified: C:\Projects\Code\Neurals\wandb\run-20220530_092019-12dpuum8\files\wandb-summary.json
2022-05-30 09:20:45,587 INFO    Thread-11 :23908 [dir_watcher.py:_on_file_modified():257] file/dir modified: C:\Projects\Code\Neurals\wandb\run-20220530_092019-12dpuum8\files\output.log
2022-05-30 09:20:48,527 DEBUG   HandlerThread:23908 [handler.py:handle_request():141] handle_request: partial_history
2022-05-30 09:20:48,528 DEBUG   SenderThread:23908 [sender.py:send():232] send: history
2022-05-30 09:20:48,528 DEBUG   SenderThread:23908 [sender.py:send():232] send: summary
2022-05-30 09:20:48,529 INFO    SenderThread:23908 [sender.py:_save_file():948] saving file wandb-summary.json with policy end
2022-05-30 09:20:48,601 INFO    Thread-11 :23908 [dir_watcher.py:_on_file_modified():257] file/dir modified: C:\Projects\Code\Neurals\wandb\run-20220530_092019-12dpuum8\files\wandb-summary.json
2022-05-30 09:20:49,604 INFO    Thread-11 :23908 [dir_watcher.py:_on_file_modified():257] file/dir modified: C:\Projects\Code\Neurals\wandb\run-20220530_092019-12dpuum8\files\output.log
2022-05-30 09:20:53,650 INFO    Thread-11 :23908 [dir_watcher.py:_on_file_modified():257] file/dir modified: C:\Projects\Code\Neurals\wandb\run-20220530_092019-12dpuum8\files\config.yaml
2022-05-30 09:20:54,173 DEBUG   HandlerThread:23908 [handler.py:handle_request():141] handle_request: partial_history
2022-05-30 09:20:54,173 DEBUG   SenderThread:23908 [sender.py:send():232] send: history
2022-05-30 09:20:54,174 DEBUG   SenderThread:23908 [sender.py:send():232] send: summary
2022-05-30 09:20:54,176 INFO    SenderThread:23908 [sender.py:_save_file():948] saving file wandb-summary.json with policy end
2022-05-30 09:20:54,664 INFO    Thread-11 :23908 [dir_watcher.py:_on_file_modified():257] file/dir modified: C:\Projects\Code\Neurals\wandb\run-20220530_092019-12dpuum8\files\wandb-summary.json
2022-05-30 09:20:55,540 DEBUG   HandlerThread:23908 [handler.py:handle_request():141] handle_request: stop_status
2022-05-30 09:20:55,540 DEBUG   SenderThread:23908 [sender.py:send_request():246] send_request: stop_status
2022-05-30 09:20:55,674 INFO    Thread-11 :23908 [dir_watcher.py:_on_file_modified():257] file/dir modified: C:\Projects\Code\Neurals\wandb\run-20220530_092019-12dpuum8\files\output.log
2022-05-30 09:20:56,254 DEBUG   SenderThread:23908 [sender.py:send():232] send: stats
2022-05-30 09:20:57,691 INFO    Thread-11 :23908 [dir_watcher.py:_on_file_modified():257] file/dir modified: C:\Projects\Code\Neurals\wandb\run-20220530_092019-12dpuum8\files\output.log
2022-05-30 09:21:01,033 DEBUG   HandlerThread:23908 [handler.py:handle_request():141] handle_request: partial_history
2022-05-30 09:21:01,034 DEBUG   SenderThread:23908 [sender.py:send():232] send: history
2022-05-30 09:21:01,034 DEBUG   SenderThread:23908 [sender.py:send():232] send: summary
2022-05-30 09:21:01,035 INFO    SenderThread:23908 [sender.py:_save_file():948] saving file wandb-summary.json with policy end
2022-05-30 09:21:01,731 INFO    Thread-11 :23908 [dir_watcher.py:_on_file_modified():257] file/dir modified: C:\Projects\Code\Neurals\wandb\run-20220530_092019-12dpuum8\files\wandb-summary.json
2022-05-30 09:21:01,731 INFO    Thread-11 :23908 [dir_watcher.py:_on_file_modified():257] file/dir modified: C:\Projects\Code\Neurals\wandb\run-20220530_092019-12dpuum8\files\output.log
2022-05-30 09:21:05,677 DEBUG   HandlerThread:23908 [handler.py:handle_request():141] handle_request: partial_history
2022-05-30 09:21:05,678 DEBUG   SenderThread:23908 [sender.py:send():232] send: history
2022-05-30 09:21:05,678 DEBUG   SenderThread:23908 [sender.py:send():232] send: summary
2022-05-30 09:21:05,679 INFO    SenderThread:23908 [sender.py:_save_file():948] saving file wandb-summary.json with policy end
2022-05-30 09:21:05,749 INFO    Thread-11 :23908 [dir_watcher.py:_on_file_modified():257] file/dir modified: C:\Projects\Code\Neurals\wandb\run-20220530_092019-12dpuum8\files\wandb-summary.json
2022-05-30 09:21:07,753 INFO    Thread-11 :23908 [dir_watcher.py:_on_file_modified():257] file/dir modified: C:\Projects\Code\Neurals\wandb\run-20220530_092019-12dpuum8\files\output.log
2022-05-30 09:21:10,026 DEBUG   HandlerThread:23908 [handler.py:handle_request():141] handle_request: partial_history
2022-05-30 09:21:10,027 DEBUG   SenderThread:23908 [sender.py:send():232] send: history
2022-05-30 09:21:10,027 DEBUG   SenderThread:23908 [sender.py:send():232] send: summary
2022-05-30 09:21:10,028 INFO    SenderThread:23908 [sender.py:_save_file():948] saving file wandb-summary.json with policy end
2022-05-30 09:21:10,769 INFO    Thread-11 :23908 [dir_watcher.py:_on_file_modified():257] file/dir modified: C:\Projects\Code\Neurals\wandb\run-20220530_092019-12dpuum8\files\wandb-summary.json
2022-05-30 09:21:10,808 DEBUG   HandlerThread:23908 [handler.py:handle_request():141] handle_request: stop_status
2022-05-30 09:21:10,809 DEBUG   SenderThread:23908 [sender.py:send_request():246] send_request: stop_status
2022-05-30 09:21:11,774 INFO    Thread-11 :23908 [dir_watcher.py:_on_file_modified():257] file/dir modified: C:\Projects\Code\Neurals\wandb\run-20220530_092019-12dpuum8\files\output.log
2022-05-30 09:21:13,342 WARNING FileStreamThread:23908 [file_stream.py:request_with_retry():593] requests_with_retry encountered retryable exception: ('Connection aborted.', TimeoutError(10060, 'A connection attempt failed because the connected party did not properly respond after a period of time, or established connection failed because connected host has failed to respond', None, 10060, None)). func: <bound method Session.post of <requests.sessions.Session object at 0x0000020BCC62D220>>, args: ('https://api.wandb.ai/files/maxi25554/car-nn/12dpuum8/file_stream',), kwargs: {'json': {'files': {'wandb-summary.json': {'offset': 0, 'content': ['{"bestfitness": 1200, "meanfitness": 193.0, "runtimelength": 5.382713317871094, "_timestamp": 1653866454, "_runtime": 34, "_step": 4}']}, 'wandb-history.jsonl': {'offset': 4, 'content': ['{"bestfitness": 1200, "meanfitness": 193.0, "runtimelength": 5.382713317871094, "_timestamp": 1653866454, "_runtime": 34, "_step": 4}']}}, 'dropped': 0}}
2022-05-30 09:21:14,628 DEBUG   HandlerThread:23908 [handler.py:handle_request():141] handle_request: partial_history
2022-05-30 09:21:14,629 DEBUG   SenderThread:23908 [sender.py:send():232] send: history
2022-05-30 09:21:14,629 DEBUG   SenderThread:23908 [sender.py:send():232] send: summary
2022-05-30 09:21:14,629 INFO    SenderThread:23908 [sender.py:_save_file():948] saving file wandb-summary.json with policy end
2022-05-30 09:21:14,790 INFO    Thread-11 :23908 [dir_watcher.py:_on_file_modified():257] file/dir modified: C:\Projects\Code\Neurals\wandb\run-20220530_092019-12dpuum8\files\wandb-summary.json
2022-05-30 09:21:15,795 INFO    Thread-11 :23908 [dir_watcher.py:_on_file_modified():257] file/dir modified: C:\Projects\Code\Neurals\wandb\run-20220530_092019-12dpuum8\files\output.log
2022-05-30 09:21:18,534 DEBUG   HandlerThread:23908 [handler.py:handle_request():141] handle_request: partial_history
2022-05-30 09:21:18,535 DEBUG   SenderThread:23908 [sender.py:send():232] send: history
2022-05-30 09:21:18,535 DEBUG   SenderThread:23908 [sender.py:send():232] send: summary
2022-05-30 09:21:18,537 INFO    SenderThread:23908 [sender.py:_save_file():948] saving file wandb-summary.json with policy end
2022-05-30 09:21:18,816 INFO    Thread-11 :23908 [dir_watcher.py:_on_file_modified():257] file/dir modified: C:\Projects\Code\Neurals\wandb\run-20220530_092019-12dpuum8\files\wandb-summary.json
2022-05-30 09:21:19,821 INFO    Thread-11 :23908 [dir_watcher.py:_on_file_modified():257] file/dir modified: C:\Projects\Code\Neurals\wandb\run-20220530_092019-12dpuum8\files\output.log
2022-05-30 09:21:22,444 DEBUG   HandlerThread:23908 [handler.py:handle_request():141] handle_request: partial_history
2022-05-30 09:21:22,445 DEBUG   SenderThread:23908 [sender.py:send():232] send: history
2022-05-30 09:21:22,445 DEBUG   SenderThread:23908 [sender.py:send():232] send: summary
2022-05-30 09:21:22,446 INFO    SenderThread:23908 [sender.py:_save_file():948] saving file wandb-summary.json with policy end
2022-05-30 09:21:22,838 INFO    Thread-11 :23908 [dir_watcher.py:_on_file_modified():257] file/dir modified: C:\Projects\Code\Neurals\wandb\run-20220530_092019-12dpuum8\files\wandb-summary.json
2022-05-30 09:21:23,846 INFO    Thread-11 :23908 [dir_watcher.py:_on_file_modified():257] file/dir modified: C:\Projects\Code\Neurals\wandb\run-20220530_092019-12dpuum8\files\output.log
2022-05-30 09:21:26,110 DEBUG   HandlerThread:23908 [handler.py:handle_request():141] handle_request: stop_status
2022-05-30 09:21:26,110 DEBUG   SenderThread:23908 [sender.py:send_request():246] send_request: stop_status
2022-05-30 09:21:26,262 DEBUG   HandlerThread:23908 [handler.py:handle_request():141] handle_request: partial_history
2022-05-30 09:21:26,390 DEBUG   SenderThread:23908 [sender.py:send():232] send: history
2022-05-30 09:21:26,390 DEBUG   SenderThread:23908 [sender.py:send():232] send: summary
2022-05-30 09:21:26,391 INFO    SenderThread:23908 [sender.py:_save_file():948] saving file wandb-summary.json with policy end
2022-05-30 09:21:26,860 INFO    Thread-11 :23908 [dir_watcher.py:_on_file_modified():257] file/dir modified: C:\Projects\Code\Neurals\wandb\run-20220530_092019-12dpuum8\files\wandb-summary.json
2022-05-30 09:21:27,863 INFO    Thread-11 :23908 [dir_watcher.py:_on_file_modified():257] file/dir modified: C:\Projects\Code\Neurals\wandb\run-20220530_092019-12dpuum8\files\output.log
2022-05-30 09:21:27,996 DEBUG   SenderThread:23908 [sender.py:send():232] send: telemetry
2022-05-30 09:21:28,550 DEBUG   HandlerThread:23908 [handler.py:handle_request():141] handle_request: poll_exit
2022-05-30 09:21:28,551 DEBUG   SenderThread:23908 [sender.py:send():232] send: exit
2022-05-30 09:21:28,553 INFO    SenderThread:23908 [sender.py:send_exit():368] handling exit code: 1
2022-05-30 09:21:28,553 INFO    SenderThread:23908 [sender.py:send_exit():370] handling runtime: 66
2022-05-30 09:21:28,554 INFO    SenderThread:23908 [sender.py:_save_file():948] saving file wandb-summary.json with policy end
2022-05-30 09:21:28,554 INFO    SenderThread:23908 [sender.py:send_exit():376] send defer
2022-05-30 09:21:28,555 DEBUG   SenderThread:23908 [sender.py:send_request():246] send_request: poll_exit
2022-05-30 09:21:28,556 DEBUG   HandlerThread:23908 [handler.py:handle_request():141] handle_request: defer
2022-05-30 09:21:28,556 INFO    HandlerThread:23908 [handler.py:handle_request_defer():164] handle defer: 0
2022-05-30 09:21:28,556 DEBUG   SenderThread:23908 [sender.py:send_request():246] send_request: defer
2022-05-30 09:21:28,556 INFO    SenderThread:23908 [sender.py:send_request_defer():385] handle sender defer: 0
2022-05-30 09:21:28,557 INFO    SenderThread:23908 [sender.py:transition_state():389] send defer: 1
2022-05-30 09:21:28,557 DEBUG   HandlerThread:23908 [handler.py:handle_request():141] handle_request: defer
2022-05-30 09:21:28,558 INFO    HandlerThread:23908 [handler.py:handle_request_defer():164] handle defer: 1
2022-05-30 09:21:28,624 DEBUG   SenderThread:23908 [sender.py:send_request():246] send_request: defer
2022-05-30 09:21:28,624 INFO    SenderThread:23908 [sender.py:send_request_defer():385] handle sender defer: 1
2022-05-30 09:21:28,624 INFO    SenderThread:23908 [sender.py:transition_state():389] send defer: 2
2022-05-30 09:21:28,625 DEBUG   HandlerThread:23908 [handler.py:handle_request():141] handle_request: defer
2022-05-30 09:21:28,625 INFO    HandlerThread:23908 [handler.py:handle_request_defer():164] handle defer: 2
2022-05-30 09:21:28,625 DEBUG   SenderThread:23908 [sender.py:send():232] send: stats
2022-05-30 09:21:28,625 DEBUG   SenderThread:23908 [sender.py:send_request():246] send_request: defer
2022-05-30 09:21:28,625 INFO    SenderThread:23908 [sender.py:send_request_defer():385] handle sender defer: 2
2022-05-30 09:21:28,625 INFO    SenderThread:23908 [sender.py:transition_state():389] send defer: 3
2022-05-30 09:21:28,626 DEBUG   HandlerThread:23908 [handler.py:handle_request():141] handle_request: defer
2022-05-30 09:21:28,626 INFO    HandlerThread:23908 [handler.py:handle_request_defer():164] handle defer: 3
2022-05-30 09:21:28,626 DEBUG   SenderThread:23908 [sender.py:send_request():246] send_request: defer
2022-05-30 09:21:28,626 INFO    SenderThread:23908 [sender.py:send_request_defer():385] handle sender defer: 3
2022-05-30 09:21:28,626 INFO    SenderThread:23908 [sender.py:transition_state():389] send defer: 4
2022-05-30 09:21:28,626 DEBUG   HandlerThread:23908 [handler.py:handle_request():141] handle_request: defer
2022-05-30 09:21:28,626 INFO    HandlerThread:23908 [handler.py:handle_request_defer():164] handle defer: 4
2022-05-30 09:21:28,627 DEBUG   SenderThread:23908 [sender.py:send():232] send: summary
2022-05-30 09:21:28,628 INFO    SenderThread:23908 [sender.py:_save_file():948] saving file wandb-summary.json with policy end
2022-05-30 09:21:28,628 DEBUG   SenderThread:23908 [sender.py:send_request():246] send_request: defer
2022-05-30 09:21:28,628 INFO    SenderThread:23908 [sender.py:send_request_defer():385] handle sender defer: 4
2022-05-30 09:21:28,628 INFO    SenderThread:23908 [sender.py:transition_state():389] send defer: 5
2022-05-30 09:21:28,628 DEBUG   HandlerThread:23908 [handler.py:handle_request():141] handle_request: defer
2022-05-30 09:21:28,628 INFO    HandlerThread:23908 [handler.py:handle_request_defer():164] handle defer: 5
2022-05-30 09:21:28,629 DEBUG   SenderThread:23908 [sender.py:send_request():246] send_request: defer
2022-05-30 09:21:28,629 INFO    SenderThread:23908 [sender.py:send_request_defer():385] handle sender defer: 5
2022-05-30 09:21:28,656 DEBUG   HandlerThread:23908 [handler.py:handle_request():141] handle_request: poll_exit
2022-05-30 09:21:28,865 INFO    Thread-11 :23908 [dir_watcher.py:_on_file_modified():257] file/dir modified: C:\Projects\Code\Neurals\wandb\run-20220530_092019-12dpuum8\files\wandb-summary.json
2022-05-30 09:21:28,865 INFO    Thread-11 :23908 [dir_watcher.py:_on_file_modified():257] file/dir modified: C:\Projects\Code\Neurals\wandb\run-20220530_092019-12dpuum8\files\output.log
2022-05-30 09:21:28,939 INFO    SenderThread:23908 [sender.py:transition_state():389] send defer: 6
2022-05-30 09:21:28,939 DEBUG   SenderThread:23908 [sender.py:send_request():246] send_request: poll_exit
2022-05-30 09:21:28,940 DEBUG   HandlerThread:23908 [handler.py:handle_request():141] handle_request: defer
2022-05-30 09:21:28,940 INFO    HandlerThread:23908 [handler.py:handle_request_defer():164] handle defer: 6
2022-05-30 09:21:28,940 DEBUG   SenderThread:23908 [sender.py:send_request():246] send_request: defer
2022-05-30 09:21:28,940 INFO    SenderThread:23908 [sender.py:send_request_defer():385] handle sender defer: 6
2022-05-30 09:21:28,940 INFO    SenderThread:23908 [dir_watcher.py:finish():312] shutting down directory watcher
2022-05-30 09:21:29,041 DEBUG   HandlerThread:23908 [handler.py:handle_request():141] handle_request: poll_exit
2022-05-30 09:21:29,873 INFO    SenderThread:23908 [dir_watcher.py:_on_file_modified():257] file/dir modified: C:\Projects\Code\Neurals\wandb\run-20220530_092019-12dpuum8\files\config.yaml
2022-05-30 09:21:29,874 INFO    SenderThread:23908 [dir_watcher.py:finish():342] scan: C:\Projects\Code\Neurals\wandb\run-20220530_092019-12dpuum8\files
2022-05-30 09:21:29,874 INFO    SenderThread:23908 [dir_watcher.py:finish():356] scan save: C:\Projects\Code\Neurals\wandb\run-20220530_092019-12dpuum8\files\config.yaml config.yaml
2022-05-30 09:21:29,874 INFO    SenderThread:23908 [dir_watcher.py:finish():356] scan save: C:\Projects\Code\Neurals\wandb\run-20220530_092019-12dpuum8\files\output.log output.log
2022-05-30 09:21:29,875 INFO    SenderThread:23908 [dir_watcher.py:finish():356] scan save: C:\Projects\Code\Neurals\wandb\run-20220530_092019-12dpuum8\files\requirements.txt requirements.txt
2022-05-30 09:21:29,878 INFO    SenderThread:23908 [dir_watcher.py:finish():356] scan save: C:\Projects\Code\Neurals\wandb\run-20220530_092019-12dpuum8\files\wandb-metadata.json wandb-metadata.json
2022-05-30 09:21:29,880 INFO    SenderThread:23908 [dir_watcher.py:finish():356] scan save: C:\Projects\Code\Neurals\wandb\run-20220530_092019-12dpuum8\files\wandb-summary.json wandb-summary.json
2022-05-30 09:21:29,882 INFO    SenderThread:23908 [sender.py:transition_state():389] send defer: 7
2022-05-30 09:21:29,882 DEBUG   SenderThread:23908 [sender.py:send_request():246] send_request: poll_exit
2022-05-30 09:21:29,883 DEBUG   HandlerThread:23908 [handler.py:handle_request():141] handle_request: defer
2022-05-30 09:21:29,884 INFO    HandlerThread:23908 [handler.py:handle_request_defer():164] handle defer: 7
2022-05-30 09:21:29,884 DEBUG   SenderThread:23908 [sender.py:send_request():246] send_request: defer
2022-05-30 09:21:29,884 INFO    SenderThread:23908 [sender.py:send_request_defer():385] handle sender defer: 7
2022-05-30 09:21:29,884 INFO    SenderThread:23908 [file_pusher.py:finish():145] shutting down file pusher
2022-05-30 09:21:29,984 DEBUG   HandlerThread:23908 [handler.py:handle_request():141] handle_request: poll_exit
2022-05-30 09:21:29,984 DEBUG   SenderThread:23908 [sender.py:send_request():246] send_request: poll_exit
2022-05-30 09:21:30,086 DEBUG   HandlerThread:23908 [handler.py:handle_request():141] handle_request: poll_exit
2022-05-30 09:21:30,086 DEBUG   SenderThread:23908 [sender.py:send_request():246] send_request: poll_exit
2022-05-30 09:21:30,188 DEBUG   HandlerThread:23908 [handler.py:handle_request():141] handle_request: poll_exit
2022-05-30 09:21:30,189 DEBUG   SenderThread:23908 [sender.py:send_request():246] send_request: poll_exit
2022-05-30 09:21:30,289 DEBUG   HandlerThread:23908 [handler.py:handle_request():141] handle_request: poll_exit
2022-05-30 09:21:30,289 DEBUG   SenderThread:23908 [sender.py:send_request():246] send_request: poll_exit
2022-05-30 09:21:30,393 DEBUG   HandlerThread:23908 [handler.py:handle_request():141] handle_request: poll_exit
2022-05-30 09:21:30,393 DEBUG   SenderThread:23908 [sender.py:send_request():246] send_request: poll_exit
2022-05-30 09:21:30,494 DEBUG   HandlerThread:23908 [handler.py:handle_request():141] handle_request: poll_exit
2022-05-30 09:21:30,495 DEBUG   SenderThread:23908 [sender.py:send_request():246] send_request: poll_exit
2022-05-30 09:21:30,596 DEBUG   HandlerThread:23908 [handler.py:handle_request():141] handle_request: poll_exit
2022-05-30 09:21:30,597 DEBUG   SenderThread:23908 [sender.py:send_request():246] send_request: poll_exit
2022-05-30 09:21:30,673 INFO    Thread-19 :23908 [upload_job.py:push():132] Uploaded file C:\Projects\Code\Neurals\wandb\run-20220530_092019-12dpuum8\files\wandb-summary.json
2022-05-30 09:21:30,687 INFO    Thread-18 :23908 [upload_job.py:push():132] Uploaded file C:\Projects\Code\Neurals\wandb\run-20220530_092019-12dpuum8\files\requirements.txt
2022-05-30 09:21:30,693 INFO    Thread-17 :23908 [upload_job.py:push():132] Uploaded file C:\Projects\Code\Neurals\wandb\run-20220530_092019-12dpuum8\files\output.log
2022-05-30 09:21:30,695 INFO    Thread-16 :23908 [upload_job.py:push():132] Uploaded file C:\Projects\Code\Neurals\wandb\run-20220530_092019-12dpuum8\files\config.yaml
2022-05-30 09:21:30,699 DEBUG   HandlerThread:23908 [handler.py:handle_request():141] handle_request: poll_exit
2022-05-30 09:21:30,699 DEBUG   SenderThread:23908 [sender.py:send_request():246] send_request: poll_exit
2022-05-30 09:21:30,800 DEBUG   HandlerThread:23908 [handler.py:handle_request():141] handle_request: poll_exit
2022-05-30 09:21:30,800 DEBUG   SenderThread:23908 [sender.py:send_request():246] send_request: poll_exit
2022-05-30 09:21:30,902 DEBUG   HandlerThread:23908 [handler.py:handle_request():141] handle_request: poll_exit
2022-05-30 09:21:30,902 DEBUG   SenderThread:23908 [sender.py:send_request():246] send_request: poll_exit
2022-05-30 09:21:30,907 INFO    Thread-10 :23908 [sender.py:transition_state():389] send defer: 8
2022-05-30 09:21:30,908 DEBUG   HandlerThread:23908 [handler.py:handle_request():141] handle_request: defer
2022-05-30 09:21:30,908 INFO    HandlerThread:23908 [handler.py:handle_request_defer():164] handle defer: 8
2022-05-30 09:21:30,908 DEBUG   SenderThread:23908 [sender.py:send_request():246] send_request: defer
2022-05-30 09:21:30,908 INFO    SenderThread:23908 [sender.py:send_request_defer():385] handle sender defer: 8
2022-05-30 09:21:31,004 DEBUG   HandlerThread:23908 [handler.py:handle_request():141] handle_request: poll_exit
2022-05-30 09:21:31,590 INFO    SenderThread:23908 [sender.py:transition_state():389] send defer: 9
2022-05-30 09:21:31,591 DEBUG   SenderThread:23908 [sender.py:send_request():246] send_request: poll_exit
2022-05-30 09:21:31,592 DEBUG   HandlerThread:23908 [handler.py:handle_request():141] handle_request: defer
2022-05-30 09:21:31,592 INFO    HandlerThread:23908 [handler.py:handle_request_defer():164] handle defer: 9
2022-05-30 09:21:31,592 DEBUG   SenderThread:23908 [sender.py:send_request():246] send_request: defer
2022-05-30 09:21:31,592 INFO    SenderThread:23908 [sender.py:send_request_defer():385] handle sender defer: 9
2022-05-30 09:21:31,592 INFO    SenderThread:23908 [sender.py:transition_state():389] send defer: 10
2022-05-30 09:21:31,593 DEBUG   SenderThread:23908 [sender.py:send():232] send: final
2022-05-30 09:21:31,593 DEBUG   SenderThread:23908 [sender.py:send():232] send: footer
2022-05-30 09:21:31,593 DEBUG   HandlerThread:23908 [handler.py:handle_request():141] handle_request: defer
2022-05-30 09:21:31,593 INFO    HandlerThread:23908 [handler.py:handle_request_defer():164] handle defer: 10
2022-05-30 09:21:31,594 DEBUG   SenderThread:23908 [sender.py:send_request():246] send_request: defer
2022-05-30 09:21:31,594 INFO    SenderThread:23908 [sender.py:send_request_defer():385] handle sender defer: 10
2022-05-30 09:21:31,692 DEBUG   HandlerThread:23908 [handler.py:handle_request():141] handle_request: poll_exit
2022-05-30 09:21:31,693 DEBUG   SenderThread:23908 [sender.py:send_request():246] send_request: poll_exit
2022-05-30 09:21:31,693 INFO    SenderThread:23908 [file_pusher.py:join():150] waiting for file pusher
2022-05-30 09:21:32,338 DEBUG   HandlerThread:23908 [handler.py:handle_request():141] handle_request: sampled_history
2022-05-30 09:21:32,344 DEBUG   HandlerThread:23908 [handler.py:handle_request():141] handle_request: get_summary
2022-05-30 09:21:32,348 DEBUG   HandlerThread:23908 [handler.py:handle_request():141] handle_request: shutdown
2022-05-30 09:21:32,348 INFO    HandlerThread:23908 [handler.py:finish():806] shutting down handler
2022-05-30 09:21:32,595 INFO    WriterThread:23908 [datastore.py:close():279] close: C:\Projects\Code\Neurals\wandb\run-20220530_092019-12dpuum8\run-12dpuum8.wandb
2022-05-30 09:21:33,237 INFO    SenderThread:23908 [sender.py:finish():1110] shutting down sender
2022-05-30 09:21:33,238 INFO    SenderThread:23908 [file_pusher.py:finish():145] shutting down file pusher
2022-05-30 09:21:33,238 INFO    SenderThread:23908 [file_pusher.py:join():150] waiting for file pusher
2022-05-30 09:21:33,240 INFO    MainThread:23908 [internal.py:handle_exit():80] Internal process exited
