2022-05-23 01:40:22,016 INFO    MainThread:17976 [internal.py:wandb_internal():90] W&B internal server running at pid: 17976, started at: 2022-05-23 01:40:22.015915
2022-05-23 01:40:22,018 INFO    WriterThread:17976 [datastore.py:open_for_write():75] open: C:\Projects\Code\Neurals\wandb\run-20220523_014020-3gxhq5os\run-3gxhq5os.wandb
2022-05-23 01:40:22,025 DEBUG   SenderThread:17976 [sender.py:send():232] send: header
2022-05-23 01:40:22,025 DEBUG   SenderThread:17976 [sender.py:send():232] send: run
2022-05-23 01:40:22,330 INFO    SenderThread:17976 [dir_watcher.py:__init__():197] watching files in: C:\Projects\Code\Neurals\wandb\run-20220523_014020-3gxhq5os\files
2022-05-23 01:40:22,332 DEBUG   HandlerThread:17976 [handler.py:handle_request():141] handle_request: check_version
2022-05-23 01:40:22,339 INFO    SenderThread:17976 [sender.py:_start_run_threads():811] run started: 3gxhq5os with start time 1653234020
2022-05-23 01:40:22,339 DEBUG   SenderThread:17976 [sender.py:send():232] send: summary
2022-05-23 01:40:22,339 INFO    SenderThread:17976 [sender.py:_save_file():948] saving file wandb-summary.json with policy end
2022-05-23 01:40:22,340 DEBUG   SenderThread:17976 [sender.py:send_request():246] send_request: check_version
2022-05-23 01:40:22,411 DEBUG   HandlerThread:17976 [handler.py:handle_request():141] handle_request: run_start
2022-05-23 01:40:23,336 INFO    Thread-11 :17976 [dir_watcher.py:_on_file_created():244] file/dir created: C:\Projects\Code\Neurals\wandb\run-20220523_014020-3gxhq5os\files\wandb-summary.json
2022-05-23 01:40:24,334 DEBUG   HandlerThread:17976 [meta.py:__init__():35] meta init
2022-05-23 01:40:24,338 DEBUG   HandlerThread:17976 [meta.py:__init__():49] meta init done
2022-05-23 01:40:24,338 DEBUG   HandlerThread:17976 [meta.py:probe():209] probe
2022-05-23 01:40:24,355 DEBUG   HandlerThread:17976 [git.py:repo():29] git repository is invalid
2022-05-23 01:40:24,355 DEBUG   HandlerThread:17976 [meta.py:_save_pip():53] save pip
2022-05-23 01:40:24,356 DEBUG   HandlerThread:17976 [meta.py:_save_pip():67] save pip done
2022-05-23 01:40:24,357 DEBUG   HandlerThread:17976 [meta.py:probe():247] probe done
2022-05-23 01:40:24,360 DEBUG   SenderThread:17976 [sender.py:send():232] send: files
2022-05-23 01:40:24,360 INFO    SenderThread:17976 [sender.py:_save_file():948] saving file wandb-metadata.json with policy now
2022-05-23 01:40:24,369 DEBUG   HandlerThread:17976 [handler.py:handle_request():141] handle_request: stop_status
2022-05-23 01:40:24,369 DEBUG   SenderThread:17976 [sender.py:send_request():246] send_request: stop_status
2022-05-23 01:40:24,636 DEBUG   SenderThread:17976 [sender.py:send():232] send: telemetry
2022-05-23 01:40:25,169 INFO    Thread-15 :17976 [upload_job.py:push():132] Uploaded file C:\Users\MAXIMN~1\AppData\Local\Temp\tmp50fdrim_wandb\1a2k5jkd-wandb-metadata.json
2022-05-23 01:40:25,345 INFO    Thread-11 :17976 [dir_watcher.py:_on_file_created():244] file/dir created: C:\Projects\Code\Neurals\wandb\run-20220523_014020-3gxhq5os\files\requirements.txt
2022-05-23 01:40:25,346 INFO    Thread-11 :17976 [dir_watcher.py:_on_file_created():244] file/dir created: C:\Projects\Code\Neurals\wandb\run-20220523_014020-3gxhq5os\files\output.log
2022-05-23 01:40:25,346 INFO    Thread-11 :17976 [dir_watcher.py:_on_file_created():244] file/dir created: C:\Projects\Code\Neurals\wandb\run-20220523_014020-3gxhq5os\files\wandb-metadata.json
2022-05-23 01:40:27,352 INFO    Thread-11 :17976 [dir_watcher.py:_on_file_modified():257] file/dir modified: C:\Projects\Code\Neurals\wandb\run-20220523_014020-3gxhq5os\files\output.log
2022-05-23 01:40:39,637 DEBUG   HandlerThread:17976 [handler.py:handle_request():141] handle_request: stop_status
2022-05-23 01:40:39,637 DEBUG   SenderThread:17976 [sender.py:send_request():246] send_request: stop_status
2022-05-23 01:40:48,994 DEBUG   HandlerThread:17976 [handler.py:handle_request():141] handle_request: partial_history
2022-05-23 01:40:48,996 DEBUG   SenderThread:17976 [sender.py:send():232] send: history
2022-05-23 01:40:48,996 DEBUG   SenderThread:17976 [sender.py:send():232] send: summary
2022-05-23 01:40:48,998 INFO    SenderThread:17976 [sender.py:_save_file():948] saving file wandb-summary.json with policy end
2022-05-23 01:40:49,001 DEBUG   SenderThread:17976 [sender.py:send():232] send: telemetry
2022-05-23 01:40:49,494 INFO    Thread-11 :17976 [dir_watcher.py:_on_file_modified():257] file/dir modified: C:\Projects\Code\Neurals\wandb\run-20220523_014020-3gxhq5os\files\output.log
2022-05-23 01:40:49,495 INFO    Thread-11 :17976 [dir_watcher.py:_on_file_modified():257] file/dir modified: C:\Projects\Code\Neurals\wandb\run-20220523_014020-3gxhq5os\files\wandb-summary.json
2022-05-23 01:40:49,951 DEBUG   HandlerThread:17976 [handler.py:handle_request():141] handle_request: poll_exit
2022-05-23 01:40:49,951 DEBUG   SenderThread:17976 [sender.py:send():232] send: exit
2022-05-23 01:40:49,952 INFO    SenderThread:17976 [sender.py:send_exit():368] handling exit code: 1
2022-05-23 01:40:49,952 INFO    SenderThread:17976 [sender.py:send_exit():370] handling runtime: 27
2022-05-23 01:40:49,953 INFO    SenderThread:17976 [sender.py:_save_file():948] saving file wandb-summary.json with policy end
2022-05-23 01:40:49,953 INFO    SenderThread:17976 [sender.py:send_exit():376] send defer
2022-05-23 01:40:49,953 DEBUG   SenderThread:17976 [sender.py:send_request():246] send_request: poll_exit
2022-05-23 01:40:49,954 DEBUG   HandlerThread:17976 [handler.py:handle_request():141] handle_request: defer
2022-05-23 01:40:49,954 INFO    HandlerThread:17976 [handler.py:handle_request_defer():164] handle defer: 0
2022-05-23 01:40:49,954 DEBUG   SenderThread:17976 [sender.py:send_request():246] send_request: defer
2022-05-23 01:40:49,954 INFO    SenderThread:17976 [sender.py:send_request_defer():385] handle sender defer: 0
2022-05-23 01:40:49,954 INFO    SenderThread:17976 [sender.py:transition_state():389] send defer: 1
2022-05-23 01:40:49,955 DEBUG   HandlerThread:17976 [handler.py:handle_request():141] handle_request: defer
2022-05-23 01:40:49,955 INFO    HandlerThread:17976 [handler.py:handle_request_defer():164] handle defer: 1
2022-05-23 01:40:50,009 DEBUG   SenderThread:17976 [sender.py:send_request():246] send_request: defer
2022-05-23 01:40:50,009 INFO    SenderThread:17976 [sender.py:send_request_defer():385] handle sender defer: 1
2022-05-23 01:40:50,009 INFO    SenderThread:17976 [sender.py:transition_state():389] send defer: 2
2022-05-23 01:40:50,009 DEBUG   SenderThread:17976 [sender.py:send():232] send: stats
2022-05-23 01:40:50,010 DEBUG   HandlerThread:17976 [handler.py:handle_request():141] handle_request: defer
2022-05-23 01:40:50,010 INFO    HandlerThread:17976 [handler.py:handle_request_defer():164] handle defer: 2
2022-05-23 01:40:50,010 DEBUG   SenderThread:17976 [sender.py:send_request():246] send_request: defer
2022-05-23 01:40:50,010 INFO    SenderThread:17976 [sender.py:send_request_defer():385] handle sender defer: 2
2022-05-23 01:40:50,010 INFO    SenderThread:17976 [sender.py:transition_state():389] send defer: 3
2022-05-23 01:40:50,011 DEBUG   HandlerThread:17976 [handler.py:handle_request():141] handle_request: defer
2022-05-23 01:40:50,011 INFO    HandlerThread:17976 [handler.py:handle_request_defer():164] handle defer: 3
2022-05-23 01:40:50,011 DEBUG   SenderThread:17976 [sender.py:send_request():246] send_request: defer
2022-05-23 01:40:50,011 INFO    SenderThread:17976 [sender.py:send_request_defer():385] handle sender defer: 3
2022-05-23 01:40:50,011 INFO    SenderThread:17976 [sender.py:transition_state():389] send defer: 4
2022-05-23 01:40:50,011 DEBUG   HandlerThread:17976 [handler.py:handle_request():141] handle_request: defer
2022-05-23 01:40:50,012 INFO    HandlerThread:17976 [handler.py:handle_request_defer():164] handle defer: 4
2022-05-23 01:40:50,012 DEBUG   SenderThread:17976 [sender.py:send():232] send: summary
2022-05-23 01:40:50,013 INFO    SenderThread:17976 [sender.py:_save_file():948] saving file wandb-summary.json with policy end
2022-05-23 01:40:50,013 DEBUG   SenderThread:17976 [sender.py:send_request():246] send_request: defer
2022-05-23 01:40:50,013 INFO    SenderThread:17976 [sender.py:send_request_defer():385] handle sender defer: 4
2022-05-23 01:40:50,013 INFO    SenderThread:17976 [sender.py:transition_state():389] send defer: 5
2022-05-23 01:40:50,013 DEBUG   HandlerThread:17976 [handler.py:handle_request():141] handle_request: defer
2022-05-23 01:40:50,013 INFO    HandlerThread:17976 [handler.py:handle_request_defer():164] handle defer: 5
2022-05-23 01:40:50,013 DEBUG   SenderThread:17976 [sender.py:send_request():246] send_request: defer
2022-05-23 01:40:50,013 INFO    SenderThread:17976 [sender.py:send_request_defer():385] handle sender defer: 5
2022-05-23 01:40:50,055 DEBUG   HandlerThread:17976 [handler.py:handle_request():141] handle_request: poll_exit
2022-05-23 01:40:50,310 INFO    SenderThread:17976 [sender.py:transition_state():389] send defer: 6
2022-05-23 01:40:50,310 DEBUG   SenderThread:17976 [sender.py:send_request():246] send_request: poll_exit
2022-05-23 01:40:50,310 DEBUG   HandlerThread:17976 [handler.py:handle_request():141] handle_request: defer
2022-05-23 01:40:50,311 INFO    HandlerThread:17976 [handler.py:handle_request_defer():164] handle defer: 6
2022-05-23 01:40:50,311 DEBUG   SenderThread:17976 [sender.py:send_request():246] send_request: defer
2022-05-23 01:40:50,311 INFO    SenderThread:17976 [sender.py:send_request_defer():385] handle sender defer: 6
2022-05-23 01:40:50,311 INFO    SenderThread:17976 [dir_watcher.py:finish():312] shutting down directory watcher
2022-05-23 01:40:50,411 DEBUG   HandlerThread:17976 [handler.py:handle_request():141] handle_request: poll_exit
2022-05-23 01:40:50,497 INFO    SenderThread:17976 [dir_watcher.py:_on_file_modified():257] file/dir modified: C:\Projects\Code\Neurals\wandb\run-20220523_014020-3gxhq5os\files\output.log
2022-05-23 01:40:50,497 INFO    SenderThread:17976 [dir_watcher.py:_on_file_modified():257] file/dir modified: C:\Projects\Code\Neurals\wandb\run-20220523_014020-3gxhq5os\files\wandb-summary.json
2022-05-23 01:40:50,497 INFO    SenderThread:17976 [dir_watcher.py:_on_file_modified():257] file/dir modified: C:\Projects\Code\Neurals\wandb\run-20220523_014020-3gxhq5os\files\config.yaml
2022-05-23 01:40:50,498 INFO    SenderThread:17976 [dir_watcher.py:finish():342] scan: C:\Projects\Code\Neurals\wandb\run-20220523_014020-3gxhq5os\files
2022-05-23 01:40:50,498 INFO    SenderThread:17976 [dir_watcher.py:finish():356] scan save: C:\Projects\Code\Neurals\wandb\run-20220523_014020-3gxhq5os\files\config.yaml config.yaml
2022-05-23 01:40:50,499 INFO    SenderThread:17976 [dir_watcher.py:finish():356] scan save: C:\Projects\Code\Neurals\wandb\run-20220523_014020-3gxhq5os\files\output.log output.log
2022-05-23 01:40:50,499 INFO    SenderThread:17976 [dir_watcher.py:finish():356] scan save: C:\Projects\Code\Neurals\wandb\run-20220523_014020-3gxhq5os\files\requirements.txt requirements.txt
2022-05-23 01:40:50,502 INFO    SenderThread:17976 [dir_watcher.py:finish():356] scan save: C:\Projects\Code\Neurals\wandb\run-20220523_014020-3gxhq5os\files\wandb-metadata.json wandb-metadata.json
2022-05-23 01:40:50,504 INFO    SenderThread:17976 [dir_watcher.py:finish():356] scan save: C:\Projects\Code\Neurals\wandb\run-20220523_014020-3gxhq5os\files\wandb-summary.json wandb-summary.json
2022-05-23 01:40:50,507 INFO    SenderThread:17976 [sender.py:transition_state():389] send defer: 7
2022-05-23 01:40:50,508 DEBUG   SenderThread:17976 [sender.py:send_request():246] send_request: poll_exit
2022-05-23 01:40:50,508 DEBUG   HandlerThread:17976 [handler.py:handle_request():141] handle_request: defer
2022-05-23 01:40:50,509 INFO    HandlerThread:17976 [handler.py:handle_request_defer():164] handle defer: 7
2022-05-23 01:40:50,509 DEBUG   SenderThread:17976 [sender.py:send_request():246] send_request: defer
2022-05-23 01:40:50,509 INFO    SenderThread:17976 [sender.py:send_request_defer():385] handle sender defer: 7
2022-05-23 01:40:50,509 INFO    SenderThread:17976 [file_pusher.py:finish():145] shutting down file pusher
2022-05-23 01:40:50,609 DEBUG   HandlerThread:17976 [handler.py:handle_request():141] handle_request: poll_exit
2022-05-23 01:40:50,609 DEBUG   SenderThread:17976 [sender.py:send_request():246] send_request: poll_exit
2022-05-23 01:40:50,711 DEBUG   HandlerThread:17976 [handler.py:handle_request():141] handle_request: poll_exit
2022-05-23 01:40:50,711 DEBUG   SenderThread:17976 [sender.py:send_request():246] send_request: poll_exit
2022-05-23 01:40:50,814 DEBUG   HandlerThread:17976 [handler.py:handle_request():141] handle_request: poll_exit
2022-05-23 01:40:50,814 DEBUG   SenderThread:17976 [sender.py:send_request():246] send_request: poll_exit
2022-05-23 01:40:50,915 DEBUG   HandlerThread:17976 [handler.py:handle_request():141] handle_request: poll_exit
2022-05-23 01:40:50,915 DEBUG   SenderThread:17976 [sender.py:send_request():246] send_request: poll_exit
2022-05-23 01:40:51,018 DEBUG   HandlerThread:17976 [handler.py:handle_request():141] handle_request: poll_exit
2022-05-23 01:40:51,018 DEBUG   SenderThread:17976 [sender.py:send_request():246] send_request: poll_exit
2022-05-23 01:40:51,120 DEBUG   HandlerThread:17976 [handler.py:handle_request():141] handle_request: poll_exit
2022-05-23 01:40:51,121 DEBUG   SenderThread:17976 [sender.py:send_request():246] send_request: poll_exit
2022-05-23 01:40:51,222 DEBUG   HandlerThread:17976 [handler.py:handle_request():141] handle_request: poll_exit
2022-05-23 01:40:51,223 DEBUG   SenderThread:17976 [sender.py:send_request():246] send_request: poll_exit
2022-05-23 01:40:51,325 DEBUG   HandlerThread:17976 [handler.py:handle_request():141] handle_request: poll_exit
2022-05-23 01:40:51,325 DEBUG   SenderThread:17976 [sender.py:send_request():246] send_request: poll_exit
2022-05-23 01:40:51,428 DEBUG   HandlerThread:17976 [handler.py:handle_request():141] handle_request: poll_exit
2022-05-23 01:40:51,428 DEBUG   SenderThread:17976 [sender.py:send_request():246] send_request: poll_exit
2022-05-23 01:40:51,495 INFO    Thread-16 :17976 [upload_job.py:push():132] Uploaded file C:\Projects\Code\Neurals\wandb\run-20220523_014020-3gxhq5os\files\config.yaml
2022-05-23 01:40:51,501 INFO    Thread-18 :17976 [upload_job.py:push():132] Uploaded file C:\Projects\Code\Neurals\wandb\run-20220523_014020-3gxhq5os\files\requirements.txt
2022-05-23 01:40:51,501 INFO    Thread-19 :17976 [upload_job.py:push():132] Uploaded file C:\Projects\Code\Neurals\wandb\run-20220523_014020-3gxhq5os\files\wandb-summary.json
2022-05-23 01:40:51,507 INFO    Thread-17 :17976 [upload_job.py:push():132] Uploaded file C:\Projects\Code\Neurals\wandb\run-20220523_014020-3gxhq5os\files\output.log
2022-05-23 01:40:51,529 DEBUG   HandlerThread:17976 [handler.py:handle_request():141] handle_request: poll_exit
2022-05-23 01:40:51,530 DEBUG   SenderThread:17976 [sender.py:send_request():246] send_request: poll_exit
2022-05-23 01:40:51,632 DEBUG   HandlerThread:17976 [handler.py:handle_request():141] handle_request: poll_exit
2022-05-23 01:40:51,632 DEBUG   SenderThread:17976 [sender.py:send_request():246] send_request: poll_exit
2022-05-23 01:40:51,713 INFO    Thread-10 :17976 [sender.py:transition_state():389] send defer: 8
2022-05-23 01:40:51,713 DEBUG   HandlerThread:17976 [handler.py:handle_request():141] handle_request: defer
2022-05-23 01:40:51,714 INFO    HandlerThread:17976 [handler.py:handle_request_defer():164] handle defer: 8
2022-05-23 01:40:51,714 DEBUG   SenderThread:17976 [sender.py:send_request():246] send_request: defer
2022-05-23 01:40:51,714 INFO    SenderThread:17976 [sender.py:send_request_defer():385] handle sender defer: 8
2022-05-23 01:40:51,734 DEBUG   HandlerThread:17976 [handler.py:handle_request():141] handle_request: poll_exit
2022-05-23 01:40:52,204 INFO    SenderThread:17976 [sender.py:transition_state():389] send defer: 9
2022-05-23 01:40:52,204 DEBUG   SenderThread:17976 [sender.py:send_request():246] send_request: poll_exit
2022-05-23 01:40:52,206 DEBUG   HandlerThread:17976 [handler.py:handle_request():141] handle_request: defer
2022-05-23 01:40:52,206 INFO    HandlerThread:17976 [handler.py:handle_request_defer():164] handle defer: 9
2022-05-23 01:40:52,206 DEBUG   SenderThread:17976 [sender.py:send_request():246] send_request: defer
2022-05-23 01:40:52,206 INFO    SenderThread:17976 [sender.py:send_request_defer():385] handle sender defer: 9
2022-05-23 01:40:52,206 INFO    SenderThread:17976 [sender.py:transition_state():389] send defer: 10
2022-05-23 01:40:52,207 DEBUG   SenderThread:17976 [sender.py:send():232] send: final
2022-05-23 01:40:52,208 DEBUG   HandlerThread:17976 [handler.py:handle_request():141] handle_request: defer
2022-05-23 01:40:52,208 INFO    HandlerThread:17976 [handler.py:handle_request_defer():164] handle defer: 10
2022-05-23 01:40:52,208 DEBUG   SenderThread:17976 [sender.py:send():232] send: footer
2022-05-23 01:40:52,208 DEBUG   SenderThread:17976 [sender.py:send_request():246] send_request: defer
2022-05-23 01:40:52,208 INFO    SenderThread:17976 [sender.py:send_request_defer():385] handle sender defer: 10
2022-05-23 01:40:52,307 DEBUG   HandlerThread:17976 [handler.py:handle_request():141] handle_request: poll_exit
2022-05-23 01:40:52,307 DEBUG   SenderThread:17976 [sender.py:send_request():246] send_request: poll_exit
2022-05-23 01:40:52,307 INFO    SenderThread:17976 [file_pusher.py:join():150] waiting for file pusher
2022-05-23 01:40:52,976 DEBUG   HandlerThread:17976 [handler.py:handle_request():141] handle_request: sampled_history
2022-05-23 01:40:52,978 DEBUG   HandlerThread:17976 [handler.py:handle_request():141] handle_request: get_summary
2022-05-23 01:40:52,979 DEBUG   HandlerThread:17976 [handler.py:handle_request():141] handle_request: shutdown
2022-05-23 01:40:52,979 INFO    HandlerThread:17976 [handler.py:finish():806] shutting down handler
2022-05-23 01:40:53,211 INFO    WriterThread:17976 [datastore.py:close():279] close: C:\Projects\Code\Neurals\wandb\run-20220523_014020-3gxhq5os\run-3gxhq5os.wandb
2022-05-23 01:40:53,885 INFO    SenderThread:17976 [sender.py:finish():1110] shutting down sender
2022-05-23 01:40:53,885 INFO    SenderThread:17976 [file_pusher.py:finish():145] shutting down file pusher
2022-05-23 01:40:53,886 INFO    SenderThread:17976 [file_pusher.py:join():150] waiting for file pusher
2022-05-23 01:40:53,888 INFO    MainThread:17976 [internal.py:handle_exit():80] Internal process exited
