2022-05-23 01:40:20,119 INFO    MainThread:6888 [wandb_setup.py:_flush():76] Loading settings from C:\Users\Maxim N\.config\wandb\settings
2022-05-23 01:40:20,119 INFO    MainThread:6888 [wandb_setup.py:_flush():76] Loading settings from C:\Projects\Code\Neurals\wandb\settings
2022-05-23 01:40:20,119 INFO    MainThread:6888 [wandb_setup.py:_flush():76] Loading settings from environment variables: {}
2022-05-23 01:40:20,119 INFO    MainThread:6888 [wandb_setup.py:_flush():76] Inferring run settings from compute environment: {'program_relpath': 'testing.py', 'program': 'C:\\Projects\\Code\\Neurals\\testing.py'}
2022-05-23 01:40:20,119 INFO    MainThread:6888 [wandb_init.py:_log_setup():428] Logging user logs to C:\Projects\Code\Neurals\wandb\run-20220523_014020-3gxhq5os\logs\debug.log
2022-05-23 01:40:20,127 INFO    MainThread:6888 [wandb_init.py:_log_setup():429] Logging internal logs to C:\Projects\Code\Neurals\wandb\run-20220523_014020-3gxhq5os\logs\debug-internal.log
2022-05-23 01:40:20,127 INFO    MainThread:6888 [wandb_init.py:init():462] calling init triggers
2022-05-23 01:40:20,127 INFO    MainThread:6888 [wandb_init.py:init():465] wandb.init called with sweep_config: {}
config: {}
2022-05-23 01:40:20,127 INFO    MainThread:6888 [wandb_init.py:init():515] starting backend
2022-05-23 01:40:20,127 INFO    MainThread:6888 [backend.py:_multiprocessing_setup():97] multiprocessing start_methods=spawn, using: spawn
2022-05-23 01:40:20,133 INFO    MainThread:6888 [backend.py:ensure_launched():217] starting backend process...
2022-05-23 01:40:20,280 INFO    MainThread:6888 [backend.py:ensure_launched():222] started backend process with pid: 17976
2022-05-23 01:40:20,281 INFO    MainThread:6888 [wandb_init.py:init():525] backend started and connected
2022-05-23 01:40:20,285 INFO    MainThread:6888 [wandb_init.py:init():596] updated telemetry
2022-05-23 01:40:20,291 INFO    MainThread:6888 [wandb_init.py:init():627] communicating run to backend with 30 second timeout
2022-05-23 01:40:22,331 INFO    MainThread:6888 [wandb_run.py:_on_init():1924] communicating current version
2022-05-23 01:40:22,408 INFO    MainThread:6888 [wandb_run.py:_on_init():1928] got version response 
2022-05-23 01:40:22,408 INFO    MainThread:6888 [wandb_init.py:init():662] starting run threads in backend
2022-05-23 01:40:24,369 INFO    MainThread:6888 [wandb_run.py:_console_start():1898] atexit reg
2022-05-23 01:40:24,370 INFO    MainThread:6888 [wandb_run.py:_redirect():1771] redirect: SettingsConsole.WRAP
2022-05-23 01:40:24,370 INFO    MainThread:6888 [wandb_run.py:_redirect():1808] Wrapping output streams.
2022-05-23 01:40:24,372 INFO    MainThread:6888 [wandb_run.py:_redirect():1832] Redirects installed.
2022-05-23 01:40:24,373 INFO    MainThread:6888 [wandb_init.py:init():688] run started, returning control to user process
2022-05-23 01:40:48,998 INFO    MainThread:6888 [wandb_run.py:_atexit_cleanup():1867] got exitcode: 1
2022-05-23 01:40:48,999 INFO    MainThread:6888 [wandb_run.py:_restore():1839] restore
2022-05-23 01:40:49,954 INFO    MainThread:6888 [wandb_run.py:_on_finish():1996] got exit ret: file_counts {
  wandb_count: 1
}
pusher_stats {
  uploaded_bytes: 565
  total_bytes: 565
}

2022-05-23 01:40:50,311 INFO    MainThread:6888 [wandb_run.py:_on_finish():1996] got exit ret: file_counts {
  wandb_count: 1
}
pusher_stats {
  uploaded_bytes: 565
  total_bytes: 565
}

2022-05-23 01:40:50,508 INFO    MainThread:6888 [wandb_run.py:_on_finish():1996] got exit ret: file_counts {
  wandb_count: 4
}
pusher_stats {
  uploaded_bytes: 565
  total_bytes: 19026
}

2022-05-23 01:40:50,610 INFO    MainThread:6888 [wandb_run.py:_on_finish():1996] got exit ret: file_counts {
  wandb_count: 5
}
pusher_stats {
  uploaded_bytes: 565
  total_bytes: 19142
}

2022-05-23 01:40:50,712 INFO    MainThread:6888 [wandb_run.py:_on_finish():1996] got exit ret: file_counts {
  wandb_count: 5
}
pusher_stats {
  uploaded_bytes: 565
  total_bytes: 19142
}

2022-05-23 01:40:50,815 INFO    MainThread:6888 [wandb_run.py:_on_finish():1996] got exit ret: file_counts {
  wandb_count: 5
}
pusher_stats {
  uploaded_bytes: 565
  total_bytes: 19142
}

2022-05-23 01:40:50,917 INFO    MainThread:6888 [wandb_run.py:_on_finish():1996] got exit ret: file_counts {
  wandb_count: 5
}
pusher_stats {
  uploaded_bytes: 565
  total_bytes: 19142
}

2022-05-23 01:40:51,019 INFO    MainThread:6888 [wandb_run.py:_on_finish():1996] got exit ret: file_counts {
  wandb_count: 5
}
pusher_stats {
  uploaded_bytes: 565
  total_bytes: 19142
}

2022-05-23 01:40:51,122 INFO    MainThread:6888 [wandb_run.py:_on_finish():1996] got exit ret: file_counts {
  wandb_count: 5
}
pusher_stats {
  uploaded_bytes: 565
  total_bytes: 19142
}

2022-05-23 01:40:51,223 INFO    MainThread:6888 [wandb_run.py:_on_finish():1996] got exit ret: file_counts {
  wandb_count: 5
}
pusher_stats {
  uploaded_bytes: 19142
  total_bytes: 19142
}

2022-05-23 01:40:51,326 INFO    MainThread:6888 [wandb_run.py:_on_finish():1996] got exit ret: file_counts {
  wandb_count: 5
}
pusher_stats {
  uploaded_bytes: 19142
  total_bytes: 19142
}

2022-05-23 01:40:51,429 INFO    MainThread:6888 [wandb_run.py:_on_finish():1996] got exit ret: file_counts {
  wandb_count: 5
}
pusher_stats {
  uploaded_bytes: 19142
  total_bytes: 19142
}

2022-05-23 01:40:51,530 INFO    MainThread:6888 [wandb_run.py:_on_finish():1996] got exit ret: file_counts {
  wandb_count: 5
}
pusher_stats {
  uploaded_bytes: 19142
  total_bytes: 19142
}

2022-05-23 01:40:51,633 INFO    MainThread:6888 [wandb_run.py:_on_finish():1996] got exit ret: file_counts {
  wandb_count: 5
}
pusher_stats {
  uploaded_bytes: 19142
  total_bytes: 19142
}

2022-05-23 01:40:52,206 INFO    MainThread:6888 [wandb_run.py:_on_finish():1996] got exit ret: file_counts {
  wandb_count: 5
}
pusher_stats {
  uploaded_bytes: 19142
  total_bytes: 19142
}

2022-05-23 01:40:52,875 INFO    MainThread:6888 [wandb_run.py:_on_finish():1996] got exit ret: done: true
exit_result {
}
file_counts {
  wandb_count: 5
}
pusher_stats {
  uploaded_bytes: 19142
  total_bytes: 19142
}
local_info {
}

2022-05-23 01:40:54,374 INFO    MainThread:6888 [wandb_run.py:_footer_history_summary_info():3104] rendering history
2022-05-23 01:40:54,374 INFO    MainThread:6888 [wandb_run.py:_footer_history_summary_info():3136] rendering summary
2022-05-23 01:40:54,379 INFO    MainThread:6888 [wandb_run.py:_footer_sync_info():3060] logging synced files
