2022-05-23 01:29:43,034 INFO    MainThread:7556 [wandb_setup.py:_flush():76] Loading settings from C:\Users\Maxim N\.config\wandb\settings
2022-05-23 01:29:43,035 INFO    MainThread:7556 [wandb_setup.py:_flush():76] Loading settings from C:\Projects\Code\Neurals\wandb\settings
2022-05-23 01:29:43,035 INFO    MainThread:7556 [wandb_setup.py:_flush():76] Loading settings from environment variables: {}
2022-05-23 01:29:43,035 INFO    MainThread:7556 [wandb_setup.py:_flush():76] Inferring run settings from compute environment: {'program_relpath': 'testing.py', 'program': 'C:\\Projects\\Code\\Neurals\\testing.py'}
2022-05-23 01:29:43,035 INFO    MainThread:7556 [wandb_init.py:_log_setup():428] Logging user logs to C:\Projects\Code\Neurals\wandb\run-20220523_012943-3kin62h4\logs\debug.log
2022-05-23 01:29:43,045 INFO    MainThread:7556 [wandb_init.py:_log_setup():429] Logging internal logs to C:\Projects\Code\Neurals\wandb\run-20220523_012943-3kin62h4\logs\debug-internal.log
2022-05-23 01:29:43,045 INFO    MainThread:7556 [wandb_init.py:init():462] calling init triggers
2022-05-23 01:29:43,045 INFO    MainThread:7556 [wandb_init.py:init():465] wandb.init called with sweep_config: {}
config: {}
2022-05-23 01:29:43,045 INFO    MainThread:7556 [wandb_init.py:init():515] starting backend
2022-05-23 01:29:43,045 INFO    MainThread:7556 [backend.py:_multiprocessing_setup():97] multiprocessing start_methods=spawn, using: spawn
2022-05-23 01:29:43,050 INFO    MainThread:7556 [backend.py:ensure_launched():217] starting backend process...
2022-05-23 01:29:43,197 INFO    MainThread:7556 [backend.py:ensure_launched():222] started backend process with pid: 8672
2022-05-23 01:29:43,198 INFO    MainThread:7556 [wandb_init.py:init():525] backend started and connected
2022-05-23 01:29:43,201 INFO    MainThread:7556 [wandb_init.py:init():596] updated telemetry
2022-05-23 01:29:43,207 INFO    MainThread:7556 [wandb_init.py:init():627] communicating run to backend with 30 second timeout
2022-05-23 01:29:45,149 INFO    MainThread:7556 [wandb_run.py:_on_init():1924] communicating current version
2022-05-23 01:29:45,203 INFO    MainThread:7556 [wandb_run.py:_on_init():1928] got version response 
2022-05-23 01:29:45,203 INFO    MainThread:7556 [wandb_init.py:init():662] starting run threads in backend
2022-05-23 01:29:47,084 INFO    MainThread:7556 [wandb_run.py:_console_start():1898] atexit reg
2022-05-23 01:29:47,085 INFO    MainThread:7556 [wandb_run.py:_redirect():1771] redirect: SettingsConsole.WRAP
2022-05-23 01:29:47,085 INFO    MainThread:7556 [wandb_run.py:_redirect():1808] Wrapping output streams.
2022-05-23 01:29:47,087 INFO    MainThread:7556 [wandb_run.py:_redirect():1832] Redirects installed.
2022-05-23 01:29:47,088 INFO    MainThread:7556 [wandb_init.py:init():688] run started, returning control to user process
2022-05-23 01:29:47,410 INFO    MainThread:7556 [wandb_run.py:_atexit_cleanup():1867] got exitcode: 1
2022-05-23 01:29:47,412 INFO    MainThread:7556 [wandb_run.py:_restore():1839] restore
2022-05-23 01:29:48,113 INFO    MainThread:7556 [wandb_run.py:_on_finish():1996] got exit ret: file_counts {
  wandb_count: 1
}
pusher_stats {
  uploaded_bytes: 565
  total_bytes: 565
}

2022-05-23 01:29:48,453 INFO    MainThread:7556 [wandb_run.py:_on_finish():1996] got exit ret: file_counts {
  wandb_count: 1
}
pusher_stats {
  uploaded_bytes: 565
  total_bytes: 565
}

2022-05-23 01:29:49,186 INFO    MainThread:7556 [wandb_run.py:_on_finish():1996] got exit ret: file_counts {
  wandb_count: 4
}
pusher_stats {
  uploaded_bytes: 565
  total_bytes: 7795
}

2022-05-23 01:29:49,288 INFO    MainThread:7556 [wandb_run.py:_on_finish():1996] got exit ret: file_counts {
  wandb_count: 5
}
pusher_stats {
  uploaded_bytes: 565
  total_bytes: 7821
}

2022-05-23 01:29:49,390 INFO    MainThread:7556 [wandb_run.py:_on_finish():1996] got exit ret: file_counts {
  wandb_count: 5
}
pusher_stats {
  uploaded_bytes: 565
  total_bytes: 7821
}

2022-05-23 01:29:49,492 INFO    MainThread:7556 [wandb_run.py:_on_finish():1996] got exit ret: file_counts {
  wandb_count: 5
}
pusher_stats {
  uploaded_bytes: 565
  total_bytes: 7821
}

2022-05-23 01:29:49,596 INFO    MainThread:7556 [wandb_run.py:_on_finish():1996] got exit ret: file_counts {
  wandb_count: 5
}
pusher_stats {
  uploaded_bytes: 565
  total_bytes: 7821
}

2022-05-23 01:29:49,697 INFO    MainThread:7556 [wandb_run.py:_on_finish():1996] got exit ret: file_counts {
  wandb_count: 5
}
pusher_stats {
  uploaded_bytes: 7821
  total_bytes: 7821
}

2022-05-23 01:29:49,800 INFO    MainThread:7556 [wandb_run.py:_on_finish():1996] got exit ret: file_counts {
  wandb_count: 5
}
pusher_stats {
  uploaded_bytes: 7821
  total_bytes: 7821
}

2022-05-23 01:29:49,902 INFO    MainThread:7556 [wandb_run.py:_on_finish():1996] got exit ret: file_counts {
  wandb_count: 5
}
pusher_stats {
  uploaded_bytes: 7821
  total_bytes: 7821
}

2022-05-23 01:29:50,004 INFO    MainThread:7556 [wandb_run.py:_on_finish():1996] got exit ret: file_counts {
  wandb_count: 5
}
pusher_stats {
  uploaded_bytes: 7821
  total_bytes: 7821
}

2022-05-23 01:29:50,106 INFO    MainThread:7556 [wandb_run.py:_on_finish():1996] got exit ret: file_counts {
  wandb_count: 5
}
pusher_stats {
  uploaded_bytes: 7821
  total_bytes: 7821
}

2022-05-23 01:29:50,663 INFO    MainThread:7556 [wandb_run.py:_on_finish():1996] got exit ret: file_counts {
  wandb_count: 5
}
pusher_stats {
  uploaded_bytes: 7821
  total_bytes: 7821
}

2022-05-23 01:29:51,335 INFO    MainThread:7556 [wandb_run.py:_on_finish():1996] got exit ret: done: true
exit_result {
}
file_counts {
  wandb_count: 5
}
pusher_stats {
  uploaded_bytes: 7821
  total_bytes: 7821
}
local_info {
}

2022-05-23 01:29:52,727 INFO    MainThread:7556 [wandb_run.py:_footer_history_summary_info():3104] rendering history
2022-05-23 01:29:52,727 INFO    MainThread:7556 [wandb_run.py:_footer_history_summary_info():3136] rendering summary
2022-05-23 01:29:52,731 INFO    MainThread:7556 [wandb_run.py:_footer_sync_info():3060] logging synced files
