2022-05-26 13:41:44,105 INFO    MainThread:18312 [wandb_setup.py:_flush():76] Loading settings from C:\Users\Maxim N\.config\wandb\settings
2022-05-26 13:41:44,106 INFO    MainThread:18312 [wandb_setup.py:_flush():76] Loading settings from C:\Projects\Code\Neurals\wandb\settings
2022-05-26 13:41:44,106 INFO    MainThread:18312 [wandb_setup.py:_flush():76] Loading settings from environment variables: {}
2022-05-26 13:41:44,106 INFO    MainThread:18312 [wandb_setup.py:_flush():76] Inferring run settings from compute environment: {'program_relpath': 'ballneuralnetwork.py', 'program': 'C:\\Projects\\Code\\Neurals\\ballneuralnetwork.py'}
2022-05-26 13:41:44,106 INFO    MainThread:18312 [wandb_init.py:_log_setup():428] Logging user logs to C:\Projects\Code\Neurals\wandb\run-20220526_134144-wbotzor0\logs\debug.log
2022-05-26 13:41:44,106 INFO    MainThread:18312 [wandb_init.py:_log_setup():429] Logging internal logs to C:\Projects\Code\Neurals\wandb\run-20220526_134144-wbotzor0\logs\debug-internal.log
2022-05-26 13:41:44,106 INFO    MainThread:18312 [wandb_init.py:init():462] calling init triggers
2022-05-26 13:41:44,106 INFO    MainThread:18312 [wandb_init.py:init():465] wandb.init called with sweep_config: {}
config: {}
2022-05-26 13:41:44,106 INFO    MainThread:18312 [wandb_init.py:init():515] starting backend
2022-05-26 13:41:44,106 INFO    MainThread:18312 [backend.py:_multiprocessing_setup():97] multiprocessing start_methods=spawn, using: spawn
2022-05-26 13:41:44,123 INFO    MainThread:18312 [backend.py:ensure_launched():217] starting backend process...
2022-05-26 13:41:44,274 INFO    MainThread:18312 [backend.py:ensure_launched():222] started backend process with pid: 19772
2022-05-26 13:41:44,275 INFO    MainThread:18312 [wandb_init.py:init():525] backend started and connected
2022-05-26 13:41:44,279 INFO    MainThread:18312 [wandb_init.py:init():596] updated telemetry
2022-05-26 13:41:44,281 INFO    MainThread:18312 [wandb_init.py:init():627] communicating run to backend with 30 second timeout
2022-05-26 13:41:46,212 INFO    MainThread:18312 [wandb_run.py:_on_init():1924] communicating current version
2022-05-26 13:41:46,426 INFO    MainThread:18312 [wandb_run.py:_on_init():1928] got version response 
2022-05-26 13:41:46,426 INFO    MainThread:18312 [wandb_init.py:init():662] starting run threads in backend
2022-05-26 13:41:51,306 INFO    MainThread:18312 [wandb_run.py:_console_start():1898] atexit reg
2022-05-26 13:41:51,307 INFO    MainThread:18312 [wandb_run.py:_redirect():1771] redirect: SettingsConsole.WRAP
2022-05-26 13:41:51,307 INFO    MainThread:18312 [wandb_run.py:_redirect():1808] Wrapping output streams.
2022-05-26 13:41:51,309 INFO    MainThread:18312 [wandb_run.py:_redirect():1832] Redirects installed.
2022-05-26 13:41:51,309 INFO    MainThread:18312 [wandb_init.py:init():688] run started, returning control to user process
2022-05-26 13:51:25,870 INFO    MainThread:18312 [wandb_run.py:_atexit_cleanup():1867] got exitcode: 0
2022-05-26 13:51:25,871 INFO    MainThread:18312 [wandb_run.py:_restore():1839] restore
2022-05-26 13:51:26,157 INFO    MainThread:18312 [wandb_run.py:_on_finish():1996] got exit ret: file_counts {
  wandb_count: 1
}
pusher_stats {
  uploaded_bytes: 585
  total_bytes: 585
}

2022-05-26 13:51:26,261 INFO    MainThread:18312 [wandb_run.py:_on_finish():1996] got exit ret: file_counts {
  wandb_count: 1
}
pusher_stats {
  uploaded_bytes: 585
  total_bytes: 585
}

2022-05-26 13:51:26,618 INFO    MainThread:18312 [wandb_run.py:_on_finish():1996] got exit ret: file_counts {
  wandb_count: 1
}
pusher_stats {
  uploaded_bytes: 585
  total_bytes: 585
}

2022-05-26 13:51:27,317 INFO    MainThread:18312 [wandb_run.py:_on_finish():1996] got exit ret: file_counts {
  wandb_count: 4
}
pusher_stats {
  uploaded_bytes: 585
  total_bytes: 591351
}

2022-05-26 13:51:27,419 INFO    MainThread:18312 [wandb_run.py:_on_finish():1996] got exit ret: file_counts {
  wandb_count: 5
}
pusher_stats {
  uploaded_bytes: 585
  total_bytes: 591540
}

2022-05-26 13:51:27,521 INFO    MainThread:18312 [wandb_run.py:_on_finish():1996] got exit ret: file_counts {
  wandb_count: 5
}
pusher_stats {
  uploaded_bytes: 585
  total_bytes: 591540
}

2022-05-26 13:51:27,624 INFO    MainThread:18312 [wandb_run.py:_on_finish():1996] got exit ret: file_counts {
  wandb_count: 5
}
pusher_stats {
  uploaded_bytes: 585
  total_bytes: 591540
}

2022-05-26 13:51:27,727 INFO    MainThread:18312 [wandb_run.py:_on_finish():1996] got exit ret: file_counts {
  wandb_count: 5
}
pusher_stats {
  uploaded_bytes: 585
  total_bytes: 591540
}

2022-05-26 13:51:27,829 INFO    MainThread:18312 [wandb_run.py:_on_finish():1996] got exit ret: file_counts {
  wandb_count: 5
}
pusher_stats {
  uploaded_bytes: 121750
  total_bytes: 591540
}

2022-05-26 13:51:27,932 INFO    MainThread:18312 [wandb_run.py:_on_finish():1996] got exit ret: file_counts {
  wandb_count: 5
}
pusher_stats {
  uploaded_bytes: 591540
  total_bytes: 591540
}

2022-05-26 13:51:28,034 INFO    MainThread:18312 [wandb_run.py:_on_finish():1996] got exit ret: file_counts {
  wandb_count: 5
}
pusher_stats {
  uploaded_bytes: 591540
  total_bytes: 591540
}

2022-05-26 13:51:28,136 INFO    MainThread:18312 [wandb_run.py:_on_finish():1996] got exit ret: file_counts {
  wandb_count: 5
}
pusher_stats {
  uploaded_bytes: 591540
  total_bytes: 591540
}

2022-05-26 13:51:28,238 INFO    MainThread:18312 [wandb_run.py:_on_finish():1996] got exit ret: file_counts {
  wandb_count: 5
}
pusher_stats {
  uploaded_bytes: 591540
  total_bytes: 591540
}

2022-05-26 13:51:28,341 INFO    MainThread:18312 [wandb_run.py:_on_finish():1996] got exit ret: file_counts {
  wandb_count: 5
}
pusher_stats {
  uploaded_bytes: 591540
  total_bytes: 591540
}

2022-05-26 13:51:28,443 INFO    MainThread:18312 [wandb_run.py:_on_finish():1996] got exit ret: file_counts {
  wandb_count: 5
}
pusher_stats {
  uploaded_bytes: 591540
  total_bytes: 591540
}

2022-05-26 13:51:29,758 INFO    MainThread:18312 [wandb_run.py:_on_finish():1996] got exit ret: file_counts {
  wandb_count: 5
}
pusher_stats {
  uploaded_bytes: 591540
  total_bytes: 591540
}

2022-05-26 13:51:30,411 INFO    MainThread:18312 [wandb_run.py:_on_finish():1996] got exit ret: done: true
exit_result {
}
file_counts {
  wandb_count: 5
}
pusher_stats {
  uploaded_bytes: 591540
  total_bytes: 591540
}
local_info {
}

2022-05-26 13:51:31,795 INFO    MainThread:18312 [wandb_run.py:_footer_history_summary_info():3104] rendering history
2022-05-26 13:51:31,796 INFO    MainThread:18312 [wandb_run.py:_footer_history_summary_info():3136] rendering summary
2022-05-26 13:51:31,798 INFO    MainThread:18312 [wandb_run.py:_footer_sync_info():3060] logging synced files
