2022-05-23 08:40:04,722 INFO    MainThread:17000 [internal.py:wandb_internal():90] W&B internal server running at pid: 17000, started at: 2022-05-23 08:40:04.722255
2022-05-23 08:40:04,725 INFO    WriterThread:17000 [datastore.py:open_for_write():75] open: C:\Projects\Code\Neurals\wandb\run-20220523_084001-27qgerlz\run-27qgerlz.wandb
2022-05-23 08:40:04,741 DEBUG   SenderThread:17000 [sender.py:send():232] send: header
2022-05-23 08:40:04,742 DEBUG   SenderThread:17000 [sender.py:send():232] send: run
2022-05-23 08:40:05,148 INFO    SenderThread:17000 [dir_watcher.py:__init__():197] watching files in: C:\Projects\Code\Neurals\wandb\run-20220523_084001-27qgerlz\files
2022-05-23 08:40:05,149 INFO    SenderThread:17000 [sender.py:_start_run_threads():811] run started: 27qgerlz with start time 1653259201
2022-05-23 08:40:05,150 DEBUG   SenderThread:17000 [sender.py:send():232] send: summary
2022-05-23 08:40:05,151 DEBUG   HandlerThread:17000 [handler.py:handle_request():141] handle_request: check_version
2022-05-23 08:40:05,151 INFO    SenderThread:17000 [sender.py:_save_file():948] saving file wandb-summary.json with policy end
2022-05-23 08:40:05,152 DEBUG   SenderThread:17000 [sender.py:send_request():246] send_request: check_version
2022-05-23 08:40:05,303 DEBUG   HandlerThread:17000 [handler.py:handle_request():141] handle_request: run_start
2022-05-23 08:40:06,163 INFO    Thread-11 :17000 [dir_watcher.py:_on_file_created():244] file/dir created: C:\Projects\Code\Neurals\wandb\run-20220523_084001-27qgerlz\files\wandb-summary.json
2022-05-23 08:40:10,031 DEBUG   HandlerThread:17000 [meta.py:__init__():35] meta init
2022-05-23 08:40:10,031 DEBUG   HandlerThread:17000 [meta.py:__init__():49] meta init done
2022-05-23 08:40:10,031 DEBUG   HandlerThread:17000 [meta.py:probe():209] probe
2022-05-23 08:40:10,066 DEBUG   HandlerThread:17000 [git.py:repo():29] git repository is invalid
2022-05-23 08:40:10,066 DEBUG   HandlerThread:17000 [meta.py:_save_pip():53] save pip
2022-05-23 08:40:10,067 DEBUG   HandlerThread:17000 [meta.py:_save_pip():67] save pip done
2022-05-23 08:40:10,067 DEBUG   HandlerThread:17000 [meta.py:probe():247] probe done
2022-05-23 08:40:10,075 DEBUG   SenderThread:17000 [sender.py:send():232] send: files
2022-05-23 08:40:10,076 INFO    SenderThread:17000 [sender.py:_save_file():948] saving file wandb-metadata.json with policy now
2022-05-23 08:40:10,086 DEBUG   HandlerThread:17000 [handler.py:handle_request():141] handle_request: stop_status
2022-05-23 08:40:10,086 DEBUG   SenderThread:17000 [sender.py:send_request():246] send_request: stop_status
2022-05-23 08:40:10,197 INFO    Thread-11 :17000 [dir_watcher.py:_on_file_created():244] file/dir created: C:\Projects\Code\Neurals\wandb\run-20220523_084001-27qgerlz\files\requirements.txt
2022-05-23 08:40:10,198 INFO    Thread-11 :17000 [dir_watcher.py:_on_file_created():244] file/dir created: C:\Projects\Code\Neurals\wandb\run-20220523_084001-27qgerlz\files\output.log
2022-05-23 08:40:10,198 INFO    Thread-11 :17000 [dir_watcher.py:_on_file_created():244] file/dir created: C:\Projects\Code\Neurals\wandb\run-20220523_084001-27qgerlz\files\wandb-metadata.json
2022-05-23 08:40:10,399 DEBUG   SenderThread:17000 [sender.py:send():232] send: telemetry
2022-05-23 08:40:10,962 INFO    Thread-15 :17000 [upload_job.py:push():132] Uploaded file C:\Users\MAXIMN~1\AppData\Local\Temp\tmpmzdwtktdwandb\2w1fla08-wandb-metadata.json
2022-05-23 08:40:12,209 INFO    Thread-11 :17000 [dir_watcher.py:_on_file_modified():257] file/dir modified: C:\Projects\Code\Neurals\wandb\run-20220523_084001-27qgerlz\files\output.log
2022-05-23 08:40:15,272 DEBUG   HandlerThread:17000 [handler.py:handle_request():141] handle_request: partial_history
2022-05-23 08:40:15,274 DEBUG   SenderThread:17000 [sender.py:send():232] send: history
2022-05-23 08:40:15,275 DEBUG   SenderThread:17000 [sender.py:send():232] send: summary
2022-05-23 08:40:15,277 INFO    SenderThread:17000 [sender.py:_save_file():948] saving file wandb-summary.json with policy end
2022-05-23 08:40:16,007 DEBUG   HandlerThread:17000 [handler.py:handle_request():141] handle_request: partial_history
2022-05-23 08:40:16,009 DEBUG   SenderThread:17000 [sender.py:send():232] send: history
2022-05-23 08:40:16,009 DEBUG   SenderThread:17000 [sender.py:send():232] send: summary
2022-05-23 08:40:16,010 INFO    SenderThread:17000 [sender.py:_save_file():948] saving file wandb-summary.json with policy end
2022-05-23 08:40:16,237 INFO    Thread-11 :17000 [dir_watcher.py:_on_file_modified():257] file/dir modified: C:\Projects\Code\Neurals\wandb\run-20220523_084001-27qgerlz\files\output.log
2022-05-23 08:40:16,238 INFO    Thread-11 :17000 [dir_watcher.py:_on_file_modified():257] file/dir modified: C:\Projects\Code\Neurals\wandb\run-20220523_084001-27qgerlz\files\wandb-summary.json
2022-05-23 08:40:18,254 INFO    Thread-11 :17000 [dir_watcher.py:_on_file_modified():257] file/dir modified: C:\Projects\Code\Neurals\wandb\run-20220523_084001-27qgerlz\files\output.log
2022-05-23 08:40:25,409 DEBUG   HandlerThread:17000 [handler.py:handle_request():141] handle_request: stop_status
2022-05-23 08:40:25,409 DEBUG   SenderThread:17000 [sender.py:send_request():246] send_request: stop_status
2022-05-23 08:40:25,702 DEBUG   HandlerThread:17000 [handler.py:handle_request():141] handle_request: partial_history
2022-05-23 08:40:25,723 DEBUG   SenderThread:17000 [sender.py:send():232] send: history
2022-05-23 08:40:25,724 DEBUG   SenderThread:17000 [sender.py:send():232] send: summary
2022-05-23 08:40:25,726 INFO    SenderThread:17000 [sender.py:_save_file():948] saving file wandb-summary.json with policy end
2022-05-23 08:40:26,309 INFO    Thread-11 :17000 [dir_watcher.py:_on_file_modified():257] file/dir modified: C:\Projects\Code\Neurals\wandb\run-20220523_084001-27qgerlz\files\output.log
2022-05-23 08:40:26,309 INFO    Thread-11 :17000 [dir_watcher.py:_on_file_modified():257] file/dir modified: C:\Projects\Code\Neurals\wandb\run-20220523_084001-27qgerlz\files\wandb-summary.json
2022-05-23 08:40:26,600 DEBUG   HandlerThread:17000 [handler.py:handle_request():141] handle_request: partial_history
2022-05-23 08:40:26,602 DEBUG   SenderThread:17000 [sender.py:send():232] send: history
2022-05-23 08:40:26,603 DEBUG   SenderThread:17000 [sender.py:send():232] send: summary
2022-05-23 08:40:26,603 INFO    SenderThread:17000 [sender.py:_save_file():948] saving file wandb-summary.json with policy end
2022-05-23 08:40:27,316 INFO    Thread-11 :17000 [dir_watcher.py:_on_file_modified():257] file/dir modified: C:\Projects\Code\Neurals\wandb\run-20220523_084001-27qgerlz\files\wandb-summary.json
2022-05-23 08:40:28,333 INFO    Thread-11 :17000 [dir_watcher.py:_on_file_modified():257] file/dir modified: C:\Projects\Code\Neurals\wandb\run-20220523_084001-27qgerlz\files\output.log
2022-05-23 08:40:35,387 INFO    Thread-11 :17000 [dir_watcher.py:_on_file_modified():257] file/dir modified: C:\Projects\Code\Neurals\wandb\run-20220523_084001-27qgerlz\files\config.yaml
2022-05-23 08:40:38,189 DEBUG   HandlerThread:17000 [handler.py:handle_request():141] handle_request: partial_history
2022-05-23 08:40:38,193 DEBUG   SenderThread:17000 [sender.py:send():232] send: history
2022-05-23 08:40:38,194 DEBUG   SenderThread:17000 [sender.py:send():232] send: summary
2022-05-23 08:40:38,197 INFO    SenderThread:17000 [sender.py:_save_file():948] saving file wandb-summary.json with policy end
2022-05-23 08:40:38,421 INFO    Thread-11 :17000 [dir_watcher.py:_on_file_modified():257] file/dir modified: C:\Projects\Code\Neurals\wandb\run-20220523_084001-27qgerlz\files\wandb-summary.json
2022-05-23 08:40:39,253 DEBUG   HandlerThread:17000 [handler.py:handle_request():141] handle_request: partial_history
2022-05-23 08:40:39,254 DEBUG   SenderThread:17000 [sender.py:send():232] send: history
2022-05-23 08:40:39,254 DEBUG   SenderThread:17000 [sender.py:send():232] send: summary
2022-05-23 08:40:39,256 INFO    SenderThread:17000 [sender.py:_save_file():948] saving file wandb-summary.json with policy end
2022-05-23 08:40:39,424 INFO    Thread-11 :17000 [dir_watcher.py:_on_file_modified():257] file/dir modified: C:\Projects\Code\Neurals\wandb\run-20220523_084001-27qgerlz\files\wandb-summary.json
2022-05-23 08:40:40,438 INFO    Thread-11 :17000 [dir_watcher.py:_on_file_modified():257] file/dir modified: C:\Projects\Code\Neurals\wandb\run-20220523_084001-27qgerlz\files\output.log
2022-05-23 08:40:40,748 DEBUG   HandlerThread:17000 [handler.py:handle_request():141] handle_request: stop_status
2022-05-23 08:40:40,749 DEBUG   SenderThread:17000 [sender.py:send_request():246] send_request: stop_status
2022-05-23 08:40:41,110 DEBUG   SenderThread:17000 [sender.py:send():232] send: stats
2022-05-23 08:40:52,345 DEBUG   HandlerThread:17000 [handler.py:handle_request():141] handle_request: partial_history
2022-05-23 08:40:52,346 DEBUG   SenderThread:17000 [sender.py:send():232] send: history
2022-05-23 08:40:52,347 DEBUG   SenderThread:17000 [sender.py:send():232] send: summary
2022-05-23 08:40:52,354 INFO    SenderThread:17000 [sender.py:_save_file():948] saving file wandb-summary.json with policy end
2022-05-23 08:40:52,587 INFO    Thread-11 :17000 [dir_watcher.py:_on_file_modified():257] file/dir modified: C:\Projects\Code\Neurals\wandb\run-20220523_084001-27qgerlz\files\wandb-summary.json
2022-05-23 08:40:53,639 DEBUG   HandlerThread:17000 [handler.py:handle_request():141] handle_request: partial_history
2022-05-23 08:40:53,641 DEBUG   SenderThread:17000 [sender.py:send():232] send: history
2022-05-23 08:40:53,642 DEBUG   SenderThread:17000 [sender.py:send():232] send: summary
2022-05-23 08:40:53,643 INFO    SenderThread:17000 [sender.py:_save_file():948] saving file wandb-summary.json with policy end
2022-05-23 08:40:54,595 INFO    Thread-11 :17000 [dir_watcher.py:_on_file_modified():257] file/dir modified: C:\Projects\Code\Neurals\wandb\run-20220523_084001-27qgerlz\files\output.log
2022-05-23 08:40:54,596 INFO    Thread-11 :17000 [dir_watcher.py:_on_file_modified():257] file/dir modified: C:\Projects\Code\Neurals\wandb\run-20220523_084001-27qgerlz\files\wandb-summary.json
2022-05-23 08:40:56,081 DEBUG   HandlerThread:17000 [handler.py:handle_request():141] handle_request: stop_status
2022-05-23 08:40:56,082 DEBUG   SenderThread:17000 [sender.py:send_request():246] send_request: stop_status
2022-05-23 08:41:07,611 DEBUG   HandlerThread:17000 [handler.py:handle_request():141] handle_request: partial_history
2022-05-23 08:41:07,612 DEBUG   SenderThread:17000 [sender.py:send():232] send: history
2022-05-23 08:41:07,613 DEBUG   SenderThread:17000 [sender.py:send():232] send: summary
2022-05-23 08:41:07,616 INFO    SenderThread:17000 [sender.py:_save_file():948] saving file wandb-summary.json with policy end
2022-05-23 08:41:07,682 INFO    Thread-11 :17000 [dir_watcher.py:_on_file_modified():257] file/dir modified: C:\Projects\Code\Neurals\wandb\run-20220523_084001-27qgerlz\files\wandb-summary.json
2022-05-23 08:41:08,697 INFO    Thread-11 :17000 [dir_watcher.py:_on_file_modified():257] file/dir modified: C:\Projects\Code\Neurals\wandb\run-20220523_084001-27qgerlz\files\output.log
2022-05-23 08:41:08,821 DEBUG   HandlerThread:17000 [handler.py:handle_request():141] handle_request: partial_history
2022-05-23 08:41:08,823 DEBUG   SenderThread:17000 [sender.py:send():232] send: history
2022-05-23 08:41:08,824 DEBUG   SenderThread:17000 [sender.py:send():232] send: summary
2022-05-23 08:41:08,827 INFO    SenderThread:17000 [sender.py:_save_file():948] saving file wandb-summary.json with policy end
2022-05-23 08:41:09,700 INFO    Thread-11 :17000 [dir_watcher.py:_on_file_modified():257] file/dir modified: C:\Projects\Code\Neurals\wandb\run-20220523_084001-27qgerlz\files\wandb-summary.json
2022-05-23 08:41:10,706 INFO    Thread-11 :17000 [dir_watcher.py:_on_file_modified():257] file/dir modified: C:\Projects\Code\Neurals\wandb\run-20220523_084001-27qgerlz\files\output.log
2022-05-23 08:41:11,414 DEBUG   HandlerThread:17000 [handler.py:handle_request():141] handle_request: stop_status
2022-05-23 08:41:11,414 DEBUG   SenderThread:17000 [sender.py:send_request():246] send_request: stop_status
2022-05-23 08:41:14,446 DEBUG   SenderThread:17000 [sender.py:send():232] send: stats
2022-05-23 08:41:19,980 DEBUG   HandlerThread:17000 [handler.py:handle_request():141] handle_request: partial_history
2022-05-23 08:41:19,981 DEBUG   SenderThread:17000 [sender.py:send():232] send: history
2022-05-23 08:41:19,982 DEBUG   SenderThread:17000 [sender.py:send():232] send: summary
2022-05-23 08:41:19,988 INFO    SenderThread:17000 [sender.py:_save_file():948] saving file wandb-summary.json with policy end
2022-05-23 08:41:20,571 DEBUG   HandlerThread:17000 [handler.py:handle_request():141] handle_request: partial_history
2022-05-23 08:41:20,572 DEBUG   SenderThread:17000 [sender.py:send():232] send: history
2022-05-23 08:41:20,572 DEBUG   SenderThread:17000 [sender.py:send():232] send: summary
2022-05-23 08:41:20,573 INFO    SenderThread:17000 [sender.py:_save_file():948] saving file wandb-summary.json with policy end
2022-05-23 08:41:20,786 INFO    Thread-11 :17000 [dir_watcher.py:_on_file_modified():257] file/dir modified: C:\Projects\Code\Neurals\wandb\run-20220523_084001-27qgerlz\files\output.log
2022-05-23 08:41:20,786 INFO    Thread-11 :17000 [dir_watcher.py:_on_file_modified():257] file/dir modified: C:\Projects\Code\Neurals\wandb\run-20220523_084001-27qgerlz\files\wandb-summary.json
2022-05-23 08:41:22,794 INFO    Thread-11 :17000 [dir_watcher.py:_on_file_modified():257] file/dir modified: C:\Projects\Code\Neurals\wandb\run-20220523_084001-27qgerlz\files\output.log
2022-05-23 08:41:26,736 DEBUG   HandlerThread:17000 [handler.py:handle_request():141] handle_request: stop_status
2022-05-23 08:41:26,736 DEBUG   SenderThread:17000 [sender.py:send_request():246] send_request: stop_status
2022-05-23 08:41:29,280 DEBUG   HandlerThread:17000 [handler.py:handle_request():141] handle_request: partial_history
2022-05-23 08:41:29,283 DEBUG   SenderThread:17000 [sender.py:send():232] send: history
2022-05-23 08:41:29,284 DEBUG   SenderThread:17000 [sender.py:send():232] send: summary
2022-05-23 08:41:29,285 INFO    SenderThread:17000 [sender.py:_save_file():948] saving file wandb-summary.json with policy end
2022-05-23 08:41:29,828 INFO    Thread-11 :17000 [dir_watcher.py:_on_file_modified():257] file/dir modified: C:\Projects\Code\Neurals\wandb\run-20220523_084001-27qgerlz\files\wandb-summary.json
2022-05-23 08:41:30,010 DEBUG   HandlerThread:17000 [handler.py:handle_request():141] handle_request: partial_history
2022-05-23 08:41:30,011 DEBUG   SenderThread:17000 [sender.py:send():232] send: history
2022-05-23 08:41:30,011 DEBUG   SenderThread:17000 [sender.py:send():232] send: summary
2022-05-23 08:41:30,014 INFO    SenderThread:17000 [sender.py:_save_file():948] saving file wandb-summary.json with policy end
2022-05-23 08:41:30,838 INFO    Thread-11 :17000 [dir_watcher.py:_on_file_modified():257] file/dir modified: C:\Projects\Code\Neurals\wandb\run-20220523_084001-27qgerlz\files\output.log
2022-05-23 08:41:30,838 INFO    Thread-11 :17000 [dir_watcher.py:_on_file_modified():257] file/dir modified: C:\Projects\Code\Neurals\wandb\run-20220523_084001-27qgerlz\files\wandb-summary.json
2022-05-23 08:41:41,484 DEBUG   HandlerThread:17000 [handler.py:handle_request():141] handle_request: partial_history
2022-05-23 08:41:41,485 DEBUG   SenderThread:17000 [sender.py:send():232] send: history
2022-05-23 08:41:41,486 DEBUG   SenderThread:17000 [sender.py:send():232] send: summary
2022-05-23 08:41:41,488 INFO    SenderThread:17000 [sender.py:_save_file():948] saving file wandb-summary.json with policy end
2022-05-23 08:41:41,949 DEBUG   HandlerThread:17000 [handler.py:handle_request():141] handle_request: partial_history
2022-05-23 08:41:41,950 DEBUG   SenderThread:17000 [sender.py:send():232] send: history
2022-05-23 08:41:41,950 DEBUG   SenderThread:17000 [sender.py:send():232] send: summary
2022-05-23 08:41:41,951 INFO    SenderThread:17000 [sender.py:_save_file():948] saving file wandb-summary.json with policy end
2022-05-23 08:41:41,960 INFO    Thread-11 :17000 [dir_watcher.py:_on_file_modified():257] file/dir modified: C:\Projects\Code\Neurals\wandb\run-20220523_084001-27qgerlz\files\wandb-summary.json
2022-05-23 08:41:42,052 DEBUG   HandlerThread:17000 [handler.py:handle_request():141] handle_request: stop_status
2022-05-23 08:41:42,053 DEBUG   SenderThread:17000 [sender.py:send_request():246] send_request: stop_status
2022-05-23 08:41:42,962 INFO    Thread-11 :17000 [dir_watcher.py:_on_file_modified():257] file/dir modified: C:\Projects\Code\Neurals\wandb\run-20220523_084001-27qgerlz\files\output.log
2022-05-23 08:41:47,777 DEBUG   SenderThread:17000 [sender.py:send():232] send: stats
2022-05-23 08:41:48,925 DEBUG   HandlerThread:17000 [handler.py:handle_request():141] handle_request: partial_history
2022-05-23 08:41:48,926 DEBUG   SenderThread:17000 [sender.py:send():232] send: history
2022-05-23 08:41:48,927 DEBUG   SenderThread:17000 [sender.py:send():232] send: summary
2022-05-23 08:41:48,928 INFO    SenderThread:17000 [sender.py:_save_file():948] saving file wandb-summary.json with policy end
2022-05-23 08:41:49,003 INFO    Thread-11 :17000 [dir_watcher.py:_on_file_modified():257] file/dir modified: C:\Projects\Code\Neurals\wandb\run-20220523_084001-27qgerlz\files\wandb-summary.json
2022-05-23 08:41:49,284 DEBUG   HandlerThread:17000 [handler.py:handle_request():141] handle_request: partial_history
2022-05-23 08:41:49,286 DEBUG   SenderThread:17000 [sender.py:send():232] send: history
2022-05-23 08:41:49,286 DEBUG   SenderThread:17000 [sender.py:send():232] send: summary
2022-05-23 08:41:49,288 INFO    SenderThread:17000 [sender.py:_save_file():948] saving file wandb-summary.json with policy end
2022-05-23 08:41:50,018 INFO    Thread-11 :17000 [dir_watcher.py:_on_file_modified():257] file/dir modified: C:\Projects\Code\Neurals\wandb\run-20220523_084001-27qgerlz\files\wandb-summary.json
2022-05-23 08:41:51,029 INFO    Thread-11 :17000 [dir_watcher.py:_on_file_modified():257] file/dir modified: C:\Projects\Code\Neurals\wandb\run-20220523_084001-27qgerlz\files\output.log
2022-05-23 08:41:57,140 DEBUG   HandlerThread:17000 [handler.py:handle_request():141] handle_request: partial_history
2022-05-23 08:41:57,141 DEBUG   SenderThread:17000 [sender.py:send():232] send: history
2022-05-23 08:41:57,142 DEBUG   SenderThread:17000 [sender.py:send():232] send: summary
2022-05-23 08:41:57,143 INFO    SenderThread:17000 [sender.py:_save_file():948] saving file wandb-summary.json with policy end
2022-05-23 08:41:57,355 DEBUG   HandlerThread:17000 [handler.py:handle_request():141] handle_request: stop_status
2022-05-23 08:41:57,355 DEBUG   SenderThread:17000 [sender.py:send_request():246] send_request: stop_status
2022-05-23 08:41:57,455 DEBUG   HandlerThread:17000 [handler.py:handle_request():141] handle_request: partial_history
2022-05-23 08:41:57,808 DEBUG   SenderThread:17000 [sender.py:send():232] send: history
2022-05-23 08:41:57,808 DEBUG   SenderThread:17000 [sender.py:send():232] send: summary
2022-05-23 08:41:57,809 INFO    SenderThread:17000 [sender.py:_save_file():948] saving file wandb-summary.json with policy end
2022-05-23 08:41:58,098 INFO    Thread-11 :17000 [dir_watcher.py:_on_file_modified():257] file/dir modified: C:\Projects\Code\Neurals\wandb\run-20220523_084001-27qgerlz\files\wandb-summary.json
2022-05-23 08:41:59,109 INFO    Thread-11 :17000 [dir_watcher.py:_on_file_modified():257] file/dir modified: C:\Projects\Code\Neurals\wandb\run-20220523_084001-27qgerlz\files\output.log
2022-05-23 08:42:03,036 DEBUG   HandlerThread:17000 [handler.py:handle_request():141] handle_request: partial_history
2022-05-23 08:42:03,037 DEBUG   SenderThread:17000 [sender.py:send():232] send: history
2022-05-23 08:42:03,038 DEBUG   SenderThread:17000 [sender.py:send():232] send: summary
2022-05-23 08:42:03,041 INFO    SenderThread:17000 [sender.py:_save_file():948] saving file wandb-summary.json with policy end
2022-05-23 08:42:03,120 INFO    Thread-11 :17000 [dir_watcher.py:_on_file_modified():257] file/dir modified: C:\Projects\Code\Neurals\wandb\run-20220523_084001-27qgerlz\files\wandb-summary.json
2022-05-23 08:42:03,311 DEBUG   HandlerThread:17000 [handler.py:handle_request():141] handle_request: partial_history
2022-05-23 08:42:03,312 DEBUG   SenderThread:17000 [sender.py:send():232] send: history
2022-05-23 08:42:03,312 DEBUG   SenderThread:17000 [sender.py:send():232] send: summary
2022-05-23 08:42:03,313 INFO    SenderThread:17000 [sender.py:_save_file():948] saving file wandb-summary.json with policy end
2022-05-23 08:42:04,123 INFO    Thread-11 :17000 [dir_watcher.py:_on_file_modified():257] file/dir modified: C:\Projects\Code\Neurals\wandb\run-20220523_084001-27qgerlz\files\wandb-summary.json
2022-05-23 08:42:05,137 INFO    Thread-11 :17000 [dir_watcher.py:_on_file_modified():257] file/dir modified: C:\Projects\Code\Neurals\wandb\run-20220523_084001-27qgerlz\files\output.log
2022-05-23 08:42:09,298 DEBUG   HandlerThread:17000 [handler.py:handle_request():141] handle_request: partial_history
2022-05-23 08:42:09,299 DEBUG   SenderThread:17000 [sender.py:send():232] send: history
2022-05-23 08:42:09,300 DEBUG   SenderThread:17000 [sender.py:send():232] send: summary
2022-05-23 08:42:09,301 INFO    SenderThread:17000 [sender.py:_save_file():948] saving file wandb-summary.json with policy end
2022-05-23 08:42:09,598 DEBUG   HandlerThread:17000 [handler.py:handle_request():141] handle_request: partial_history
2022-05-23 08:42:09,599 DEBUG   SenderThread:17000 [sender.py:send():232] send: history
2022-05-23 08:42:09,599 DEBUG   SenderThread:17000 [sender.py:send():232] send: summary
2022-05-23 08:42:09,599 INFO    SenderThread:17000 [sender.py:_save_file():948] saving file wandb-summary.json with policy end
2022-05-23 08:42:10,163 INFO    Thread-11 :17000 [dir_watcher.py:_on_file_modified():257] file/dir modified: C:\Projects\Code\Neurals\wandb\run-20220523_084001-27qgerlz\files\wandb-summary.json
2022-05-23 08:42:11,174 INFO    Thread-11 :17000 [dir_watcher.py:_on_file_modified():257] file/dir modified: C:\Projects\Code\Neurals\wandb\run-20220523_084001-27qgerlz\files\output.log
2022-05-23 08:42:12,814 DEBUG   HandlerThread:17000 [handler.py:handle_request():141] handle_request: stop_status
2022-05-23 08:42:12,815 DEBUG   SenderThread:17000 [sender.py:send_request():246] send_request: stop_status
2022-05-23 08:42:14,168 DEBUG   HandlerThread:17000 [handler.py:handle_request():141] handle_request: partial_history
2022-05-23 08:42:14,169 DEBUG   SenderThread:17000 [sender.py:send():232] send: history
2022-05-23 08:42:14,169 DEBUG   SenderThread:17000 [sender.py:send():232] send: summary
2022-05-23 08:42:14,171 INFO    SenderThread:17000 [sender.py:_save_file():948] saving file wandb-summary.json with policy end
2022-05-23 08:42:14,204 INFO    Thread-11 :17000 [dir_watcher.py:_on_file_modified():257] file/dir modified: C:\Projects\Code\Neurals\wandb\run-20220523_084001-27qgerlz\files\wandb-summary.json
2022-05-23 08:42:14,395 DEBUG   HandlerThread:17000 [handler.py:handle_request():141] handle_request: partial_history
2022-05-23 08:42:14,396 DEBUG   SenderThread:17000 [sender.py:send():232] send: history
2022-05-23 08:42:14,396 DEBUG   SenderThread:17000 [sender.py:send():232] send: summary
2022-05-23 08:42:14,397 INFO    SenderThread:17000 [sender.py:_save_file():948] saving file wandb-summary.json with policy end
2022-05-23 08:42:15,212 INFO    Thread-11 :17000 [dir_watcher.py:_on_file_modified():257] file/dir modified: C:\Projects\Code\Neurals\wandb\run-20220523_084001-27qgerlz\files\output.log
2022-05-23 08:42:15,213 INFO    Thread-11 :17000 [dir_watcher.py:_on_file_modified():257] file/dir modified: C:\Projects\Code\Neurals\wandb\run-20220523_084001-27qgerlz\files\wandb-summary.json
2022-05-23 08:42:19,495 DEBUG   HandlerThread:17000 [handler.py:handle_request():141] handle_request: partial_history
2022-05-23 08:42:19,495 DEBUG   SenderThread:17000 [sender.py:send():232] send: history
2022-05-23 08:42:19,496 DEBUG   SenderThread:17000 [sender.py:send():232] send: summary
2022-05-23 08:42:19,497 INFO    SenderThread:17000 [sender.py:_save_file():948] saving file wandb-summary.json with policy end
2022-05-23 08:42:19,729 DEBUG   HandlerThread:17000 [handler.py:handle_request():141] handle_request: partial_history
2022-05-23 08:42:19,730 DEBUG   SenderThread:17000 [sender.py:send():232] send: history
2022-05-23 08:42:19,730 DEBUG   SenderThread:17000 [sender.py:send():232] send: summary
2022-05-23 08:42:19,731 INFO    SenderThread:17000 [sender.py:_save_file():948] saving file wandb-summary.json with policy end
2022-05-23 08:42:20,265 INFO    Thread-11 :17000 [dir_watcher.py:_on_file_modified():257] file/dir modified: C:\Projects\Code\Neurals\wandb\run-20220523_084001-27qgerlz\files\wandb-summary.json
2022-05-23 08:42:21,094 DEBUG   SenderThread:17000 [sender.py:send():232] send: stats
2022-05-23 08:42:21,280 INFO    Thread-11 :17000 [dir_watcher.py:_on_file_modified():257] file/dir modified: C:\Projects\Code\Neurals\wandb\run-20220523_084001-27qgerlz\files\output.log
2022-05-23 08:42:26,895 DEBUG   HandlerThread:17000 [handler.py:handle_request():141] handle_request: partial_history
2022-05-23 08:42:26,896 DEBUG   SenderThread:17000 [sender.py:send():232] send: history
2022-05-23 08:42:26,896 DEBUG   SenderThread:17000 [sender.py:send():232] send: summary
2022-05-23 08:42:26,898 INFO    SenderThread:17000 [sender.py:_save_file():948] saving file wandb-summary.json with policy end
2022-05-23 08:42:27,168 DEBUG   HandlerThread:17000 [handler.py:handle_request():141] handle_request: partial_history
2022-05-23 08:42:27,169 DEBUG   SenderThread:17000 [sender.py:send():232] send: history
2022-05-23 08:42:27,171 DEBUG   SenderThread:17000 [sender.py:send():232] send: summary
2022-05-23 08:42:27,174 INFO    SenderThread:17000 [sender.py:_save_file():948] saving file wandb-summary.json with policy end
2022-05-23 08:42:27,356 INFO    Thread-11 :17000 [dir_watcher.py:_on_file_modified():257] file/dir modified: C:\Projects\Code\Neurals\wandb\run-20220523_084001-27qgerlz\files\wandb-summary.json
2022-05-23 08:42:28,163 DEBUG   HandlerThread:17000 [handler.py:handle_request():141] handle_request: stop_status
2022-05-23 08:42:28,164 DEBUG   SenderThread:17000 [sender.py:send_request():246] send_request: stop_status
