2022-05-24 12:03:46,535 INFO    MainThread:8884 [internal.py:wandb_internal():90] W&B internal server running at pid: 8884, started at: 2022-05-24 12:03:46.526992
2022-05-24 12:03:46,539 INFO    WriterThread:8884 [datastore.py:open_for_write():75] open: C:\Projects\Code\Neurals\wandb\run-20220524_120344-32n79btp\run-32n79btp.wandb
2022-05-24 12:03:46,549 DEBUG   SenderThread:8884 [sender.py:send():232] send: header
2022-05-24 12:03:46,549 DEBUG   SenderThread:8884 [sender.py:send():232] send: run
2022-05-24 12:03:46,889 INFO    SenderThread:8884 [dir_watcher.py:__init__():197] watching files in: C:\Projects\Code\Neurals\wandb\run-20220524_120344-32n79btp\files
2022-05-24 12:03:46,889 DEBUG   HandlerThread:8884 [handler.py:handle_request():141] handle_request: check_version
2022-05-24 12:03:46,899 INFO    SenderThread:8884 [sender.py:_start_run_threads():811] run started: 32n79btp with start time 1653357824
2022-05-24 12:03:46,899 DEBUG   SenderThread:8884 [sender.py:send():232] send: summary
2022-05-24 12:03:46,900 INFO    SenderThread:8884 [sender.py:_save_file():948] saving file wandb-summary.json with policy end
2022-05-24 12:03:46,900 DEBUG   SenderThread:8884 [sender.py:send_request():246] send_request: check_version
2022-05-24 12:03:46,972 DEBUG   HandlerThread:8884 [handler.py:handle_request():141] handle_request: run_start
2022-05-24 12:03:47,891 INFO    Thread-11 :8884 [dir_watcher.py:_on_file_created():244] file/dir created: C:\Projects\Code\Neurals\wandb\run-20220524_120344-32n79btp\files\wandb-summary.json
2022-05-24 12:03:48,884 DEBUG   HandlerThread:8884 [meta.py:__init__():35] meta init
2022-05-24 12:03:48,885 DEBUG   HandlerThread:8884 [meta.py:__init__():49] meta init done
2022-05-24 12:03:48,885 DEBUG   HandlerThread:8884 [meta.py:probe():209] probe
2022-05-24 12:03:48,903 DEBUG   HandlerThread:8884 [git.py:repo():29] git repository is invalid
2022-05-24 12:03:48,903 DEBUG   HandlerThread:8884 [meta.py:_save_pip():53] save pip
2022-05-24 12:03:48,904 DEBUG   HandlerThread:8884 [meta.py:_save_pip():67] save pip done
2022-05-24 12:03:48,904 DEBUG   HandlerThread:8884 [meta.py:probe():247] probe done
2022-05-24 12:03:48,916 DEBUG   SenderThread:8884 [sender.py:send():232] send: files
2022-05-24 12:03:48,917 INFO    SenderThread:8884 [sender.py:_save_file():948] saving file wandb-metadata.json with policy now
2022-05-24 12:03:48,925 DEBUG   HandlerThread:8884 [handler.py:handle_request():141] handle_request: stop_status
2022-05-24 12:03:48,925 DEBUG   SenderThread:8884 [sender.py:send_request():246] send_request: stop_status
2022-05-24 12:03:49,229 DEBUG   SenderThread:8884 [sender.py:send():232] send: telemetry
2022-05-24 12:03:49,394 DEBUG   SenderThread:8884 [sender.py:send():232] send: telemetry
2022-05-24 12:03:49,562 DEBUG   HandlerThread:8884 [handler.py:handle_request():141] handle_request: poll_exit
2022-05-24 12:03:49,562 DEBUG   SenderThread:8884 [sender.py:send():232] send: exit
2022-05-24 12:03:49,562 INFO    SenderThread:8884 [sender.py:send_exit():368] handling exit code: 1
2022-05-24 12:03:49,563 INFO    SenderThread:8884 [sender.py:send_exit():370] handling runtime: 2
2022-05-24 12:03:49,563 INFO    SenderThread:8884 [sender.py:_save_file():948] saving file wandb-summary.json with policy end
2022-05-24 12:03:49,563 INFO    SenderThread:8884 [sender.py:send_exit():376] send defer
2022-05-24 12:03:49,564 DEBUG   SenderThread:8884 [sender.py:send_request():246] send_request: poll_exit
2022-05-24 12:03:49,564 DEBUG   HandlerThread:8884 [handler.py:handle_request():141] handle_request: defer
2022-05-24 12:03:49,564 INFO    HandlerThread:8884 [handler.py:handle_request_defer():164] handle defer: 0
2022-05-24 12:03:49,565 DEBUG   SenderThread:8884 [sender.py:send_request():246] send_request: defer
2022-05-24 12:03:49,565 INFO    SenderThread:8884 [sender.py:send_request_defer():385] handle sender defer: 0
2022-05-24 12:03:49,565 INFO    SenderThread:8884 [sender.py:transition_state():389] send defer: 1
2022-05-24 12:03:49,565 DEBUG   HandlerThread:8884 [handler.py:handle_request():141] handle_request: defer
2022-05-24 12:03:49,565 INFO    HandlerThread:8884 [handler.py:handle_request_defer():164] handle defer: 1
2022-05-24 12:03:49,658 DEBUG   SenderThread:8884 [sender.py:send_request():246] send_request: defer
2022-05-24 12:03:49,658 INFO    SenderThread:8884 [sender.py:send_request_defer():385] handle sender defer: 1
2022-05-24 12:03:49,658 INFO    SenderThread:8884 [sender.py:transition_state():389] send defer: 2
2022-05-24 12:03:49,659 DEBUG   HandlerThread:8884 [handler.py:handle_request():141] handle_request: defer
2022-05-24 12:03:49,659 INFO    HandlerThread:8884 [handler.py:handle_request_defer():164] handle defer: 2
2022-05-24 12:03:49,659 DEBUG   SenderThread:8884 [sender.py:send():232] send: stats
2022-05-24 12:03:49,659 DEBUG   SenderThread:8884 [sender.py:send_request():246] send_request: defer
2022-05-24 12:03:49,659 INFO    SenderThread:8884 [sender.py:send_request_defer():385] handle sender defer: 2
2022-05-24 12:03:49,659 INFO    SenderThread:8884 [sender.py:transition_state():389] send defer: 3
2022-05-24 12:03:49,660 DEBUG   HandlerThread:8884 [handler.py:handle_request():141] handle_request: defer
2022-05-24 12:03:49,660 INFO    HandlerThread:8884 [handler.py:handle_request_defer():164] handle defer: 3
2022-05-24 12:03:49,660 DEBUG   SenderThread:8884 [sender.py:send_request():246] send_request: defer
2022-05-24 12:03:49,660 INFO    SenderThread:8884 [sender.py:send_request_defer():385] handle sender defer: 3
2022-05-24 12:03:49,660 INFO    SenderThread:8884 [sender.py:transition_state():389] send defer: 4
2022-05-24 12:03:49,661 DEBUG   HandlerThread:8884 [handler.py:handle_request():141] handle_request: defer
2022-05-24 12:03:49,661 INFO    HandlerThread:8884 [handler.py:handle_request_defer():164] handle defer: 4
2022-05-24 12:03:49,661 DEBUG   SenderThread:8884 [sender.py:send():232] send: summary
2022-05-24 12:03:49,662 INFO    SenderThread:8884 [sender.py:_save_file():948] saving file wandb-summary.json with policy end
2022-05-24 12:03:49,662 DEBUG   SenderThread:8884 [sender.py:send_request():246] send_request: defer
2022-05-24 12:03:49,662 INFO    SenderThread:8884 [sender.py:send_request_defer():385] handle sender defer: 4
2022-05-24 12:03:49,662 INFO    SenderThread:8884 [sender.py:transition_state():389] send defer: 5
2022-05-24 12:03:49,663 DEBUG   HandlerThread:8884 [handler.py:handle_request():141] handle_request: defer
2022-05-24 12:03:49,663 INFO    HandlerThread:8884 [handler.py:handle_request_defer():164] handle defer: 5
2022-05-24 12:03:49,663 DEBUG   SenderThread:8884 [sender.py:send_request():246] send_request: defer
2022-05-24 12:03:49,663 INFO    SenderThread:8884 [sender.py:send_request_defer():385] handle sender defer: 5
2022-05-24 12:03:49,680 DEBUG   HandlerThread:8884 [handler.py:handle_request():141] handle_request: poll_exit
2022-05-24 12:03:49,789 INFO    Thread-15 :8884 [upload_job.py:push():132] Uploaded file C:\Users\MAXIMN~1\AppData\Local\Temp\tmpqeeiambfwandb\3qo91z1h-wandb-metadata.json
2022-05-24 12:03:49,901 INFO    Thread-11 :8884 [dir_watcher.py:_on_file_modified():257] file/dir modified: C:\Projects\Code\Neurals\wandb\run-20220524_120344-32n79btp\files\wandb-summary.json
2022-05-24 12:03:49,901 INFO    Thread-11 :8884 [dir_watcher.py:_on_file_created():244] file/dir created: C:\Projects\Code\Neurals\wandb\run-20220524_120344-32n79btp\files\requirements.txt
2022-05-24 12:03:49,903 INFO    Thread-11 :8884 [dir_watcher.py:_on_file_created():244] file/dir created: C:\Projects\Code\Neurals\wandb\run-20220524_120344-32n79btp\files\output.log
2022-05-24 12:03:49,903 INFO    Thread-11 :8884 [dir_watcher.py:_on_file_created():244] file/dir created: C:\Projects\Code\Neurals\wandb\run-20220524_120344-32n79btp\files\wandb-metadata.json
2022-05-24 12:03:49,976 INFO    SenderThread:8884 [sender.py:transition_state():389] send defer: 6
2022-05-24 12:03:49,976 DEBUG   SenderThread:8884 [sender.py:send_request():246] send_request: poll_exit
2022-05-24 12:03:49,977 DEBUG   HandlerThread:8884 [handler.py:handle_request():141] handle_request: defer
2022-05-24 12:03:49,977 INFO    HandlerThread:8884 [handler.py:handle_request_defer():164] handle defer: 6
2022-05-24 12:03:49,977 DEBUG   SenderThread:8884 [sender.py:send_request():246] send_request: defer
2022-05-24 12:03:49,977 INFO    SenderThread:8884 [sender.py:send_request_defer():385] handle sender defer: 6
2022-05-24 12:03:49,977 INFO    SenderThread:8884 [dir_watcher.py:finish():312] shutting down directory watcher
2022-05-24 12:03:50,090 DEBUG   HandlerThread:8884 [handler.py:handle_request():141] handle_request: poll_exit
2022-05-24 12:03:50,908 INFO    SenderThread:8884 [dir_watcher.py:_on_file_modified():257] file/dir modified: C:\Projects\Code\Neurals\wandb\run-20220524_120344-32n79btp\files\config.yaml
2022-05-24 12:03:50,909 INFO    SenderThread:8884 [dir_watcher.py:finish():342] scan: C:\Projects\Code\Neurals\wandb\run-20220524_120344-32n79btp\files
2022-05-24 12:03:50,909 INFO    SenderThread:8884 [dir_watcher.py:finish():356] scan save: C:\Projects\Code\Neurals\wandb\run-20220524_120344-32n79btp\files\config.yaml config.yaml
2022-05-24 12:03:50,909 INFO    SenderThread:8884 [dir_watcher.py:finish():356] scan save: C:\Projects\Code\Neurals\wandb\run-20220524_120344-32n79btp\files\output.log output.log
2022-05-24 12:03:50,910 INFO    SenderThread:8884 [dir_watcher.py:finish():356] scan save: C:\Projects\Code\Neurals\wandb\run-20220524_120344-32n79btp\files\requirements.txt requirements.txt
2022-05-24 12:03:50,912 INFO    SenderThread:8884 [dir_watcher.py:finish():356] scan save: C:\Projects\Code\Neurals\wandb\run-20220524_120344-32n79btp\files\wandb-metadata.json wandb-metadata.json
2022-05-24 12:03:50,914 INFO    SenderThread:8884 [dir_watcher.py:finish():356] scan save: C:\Projects\Code\Neurals\wandb\run-20220524_120344-32n79btp\files\wandb-summary.json wandb-summary.json
2022-05-24 12:03:50,915 INFO    SenderThread:8884 [sender.py:transition_state():389] send defer: 7
2022-05-24 12:03:50,915 DEBUG   SenderThread:8884 [sender.py:send_request():246] send_request: poll_exit
2022-05-24 12:03:50,916 DEBUG   HandlerThread:8884 [handler.py:handle_request():141] handle_request: defer
2022-05-24 12:03:50,916 INFO    HandlerThread:8884 [handler.py:handle_request_defer():164] handle defer: 7
2022-05-24 12:03:50,917 DEBUG   SenderThread:8884 [sender.py:send_request():246] send_request: defer
2022-05-24 12:03:50,919 INFO    SenderThread:8884 [sender.py:send_request_defer():385] handle sender defer: 7
2022-05-24 12:03:50,920 INFO    SenderThread:8884 [file_pusher.py:finish():145] shutting down file pusher
2022-05-24 12:03:51,019 DEBUG   HandlerThread:8884 [handler.py:handle_request():141] handle_request: poll_exit
2022-05-24 12:03:51,019 DEBUG   SenderThread:8884 [sender.py:send_request():246] send_request: poll_exit
2022-05-24 12:03:51,131 DEBUG   HandlerThread:8884 [handler.py:handle_request():141] handle_request: poll_exit
2022-05-24 12:03:51,131 DEBUG   SenderThread:8884 [sender.py:send_request():246] send_request: poll_exit
2022-05-24 12:03:51,242 DEBUG   HandlerThread:8884 [handler.py:handle_request():141] handle_request: poll_exit
2022-05-24 12:03:51,243 DEBUG   SenderThread:8884 [sender.py:send_request():246] send_request: poll_exit
2022-05-24 12:03:51,349 DEBUG   HandlerThread:8884 [handler.py:handle_request():141] handle_request: poll_exit
2022-05-24 12:03:51,350 DEBUG   SenderThread:8884 [sender.py:send_request():246] send_request: poll_exit
2022-05-24 12:03:51,457 DEBUG   HandlerThread:8884 [handler.py:handle_request():141] handle_request: poll_exit
2022-05-24 12:03:51,458 DEBUG   SenderThread:8884 [sender.py:send_request():246] send_request: poll_exit
2022-05-24 12:03:51,567 DEBUG   HandlerThread:8884 [handler.py:handle_request():141] handle_request: poll_exit
2022-05-24 12:03:51,567 DEBUG   SenderThread:8884 [sender.py:send_request():246] send_request: poll_exit
2022-05-24 12:03:51,676 DEBUG   HandlerThread:8884 [handler.py:handle_request():141] handle_request: poll_exit
2022-05-24 12:03:51,677 DEBUG   SenderThread:8884 [sender.py:send_request():246] send_request: poll_exit
2022-05-24 12:03:51,782 INFO    Thread-18 :8884 [upload_job.py:push():132] Uploaded file C:\Projects\Code\Neurals\wandb\run-20220524_120344-32n79btp\files\requirements.txt
2022-05-24 12:03:51,785 INFO    Thread-19 :8884 [upload_job.py:push():132] Uploaded file C:\Projects\Code\Neurals\wandb\run-20220524_120344-32n79btp\files\wandb-summary.json
2022-05-24 12:03:51,786 DEBUG   HandlerThread:8884 [handler.py:handle_request():141] handle_request: poll_exit
2022-05-24 12:03:51,786 DEBUG   SenderThread:8884 [sender.py:send_request():246] send_request: poll_exit
2022-05-24 12:03:51,805 INFO    Thread-16 :8884 [upload_job.py:push():132] Uploaded file C:\Projects\Code\Neurals\wandb\run-20220524_120344-32n79btp\files\config.yaml
2022-05-24 12:03:51,828 INFO    Thread-17 :8884 [upload_job.py:push():132] Uploaded file C:\Projects\Code\Neurals\wandb\run-20220524_120344-32n79btp\files\output.log
2022-05-24 12:03:51,896 DEBUG   HandlerThread:8884 [handler.py:handle_request():141] handle_request: poll_exit
2022-05-24 12:03:51,896 DEBUG   SenderThread:8884 [sender.py:send_request():246] send_request: poll_exit
2022-05-24 12:03:52,005 DEBUG   HandlerThread:8884 [handler.py:handle_request():141] handle_request: poll_exit
2022-05-24 12:03:52,007 DEBUG   SenderThread:8884 [sender.py:send_request():246] send_request: poll_exit
2022-05-24 12:03:52,037 INFO    Thread-10 :8884 [sender.py:transition_state():389] send defer: 8
2022-05-24 12:03:52,038 DEBUG   HandlerThread:8884 [handler.py:handle_request():141] handle_request: defer
2022-05-24 12:03:52,038 INFO    HandlerThread:8884 [handler.py:handle_request_defer():164] handle defer: 8
2022-05-24 12:03:52,038 DEBUG   SenderThread:8884 [sender.py:send_request():246] send_request: defer
2022-05-24 12:03:52,038 INFO    SenderThread:8884 [sender.py:send_request_defer():385] handle sender defer: 8
2022-05-24 12:03:52,117 DEBUG   HandlerThread:8884 [handler.py:handle_request():141] handle_request: poll_exit
2022-05-24 12:03:52,521 INFO    SenderThread:8884 [sender.py:transition_state():389] send defer: 9
2022-05-24 12:03:52,521 DEBUG   SenderThread:8884 [sender.py:send_request():246] send_request: poll_exit
2022-05-24 12:03:52,522 DEBUG   HandlerThread:8884 [handler.py:handle_request():141] handle_request: defer
2022-05-24 12:03:52,522 INFO    HandlerThread:8884 [handler.py:handle_request_defer():164] handle defer: 9
2022-05-24 12:03:52,522 DEBUG   SenderThread:8884 [sender.py:send_request():246] send_request: defer
2022-05-24 12:03:52,522 INFO    SenderThread:8884 [sender.py:send_request_defer():385] handle sender defer: 9
2022-05-24 12:03:52,522 INFO    SenderThread:8884 [sender.py:transition_state():389] send defer: 10
2022-05-24 12:03:52,523 DEBUG   SenderThread:8884 [sender.py:send():232] send: final
2022-05-24 12:03:52,524 DEBUG   SenderThread:8884 [sender.py:send():232] send: footer
2022-05-24 12:03:52,524 DEBUG   HandlerThread:8884 [handler.py:handle_request():141] handle_request: defer
2022-05-24 12:03:52,524 INFO    HandlerThread:8884 [handler.py:handle_request_defer():164] handle defer: 10
2022-05-24 12:03:52,524 DEBUG   SenderThread:8884 [sender.py:send_request():246] send_request: defer
2022-05-24 12:03:52,524 INFO    SenderThread:8884 [sender.py:send_request_defer():385] handle sender defer: 10
2022-05-24 12:03:52,630 DEBUG   HandlerThread:8884 [handler.py:handle_request():141] handle_request: poll_exit
2022-05-24 12:03:52,630 DEBUG   SenderThread:8884 [sender.py:send_request():246] send_request: poll_exit
2022-05-24 12:03:52,630 INFO    SenderThread:8884 [file_pusher.py:join():150] waiting for file pusher
2022-05-24 12:03:53,318 DEBUG   HandlerThread:8884 [handler.py:handle_request():141] handle_request: sampled_history
2022-05-24 12:03:53,320 DEBUG   HandlerThread:8884 [handler.py:handle_request():141] handle_request: get_summary
2022-05-24 12:03:53,322 DEBUG   HandlerThread:8884 [handler.py:handle_request():141] handle_request: shutdown
2022-05-24 12:03:53,322 INFO    HandlerThread:8884 [handler.py:finish():806] shutting down handler
2022-05-24 12:03:53,536 INFO    WriterThread:8884 [datastore.py:close():279] close: C:\Projects\Code\Neurals\wandb\run-20220524_120344-32n79btp\run-32n79btp.wandb
2022-05-24 12:03:54,207 INFO    SenderThread:8884 [sender.py:finish():1110] shutting down sender
2022-05-24 12:03:54,207 INFO    SenderThread:8884 [file_pusher.py:finish():145] shutting down file pusher
2022-05-24 12:03:54,207 INFO    SenderThread:8884 [file_pusher.py:join():150] waiting for file pusher
2022-05-24 12:03:54,209 INFO    MainThread:8884 [internal.py:handle_exit():80] Internal process exited
