2022-05-24 12:47:12,098 INFO    MainThread:5356 [wandb_setup.py:_flush():76] Loading settings from C:\Users\Maxim N\.config\wandb\settings
2022-05-24 12:47:12,099 INFO    MainThread:5356 [wandb_setup.py:_flush():76] Loading settings from C:\Projects\Code\Neurals\wandb\settings
2022-05-24 12:47:12,099 INFO    MainThread:5356 [wandb_setup.py:_flush():76] Loading settings from environment variables: {}
2022-05-24 12:47:12,099 INFO    MainThread:5356 [wandb_setup.py:_flush():76] Inferring run settings from compute environment: {'program_relpath': 'ballneuralnetwork.py', 'program': 'C:\\Projects\\Code\\Neurals\\ballneuralnetwork.py'}
2022-05-24 12:47:12,099 INFO    MainThread:5356 [wandb_init.py:_log_setup():428] Logging user logs to C:\Projects\Code\Neurals\wandb\run-20220524_124712-36fjfnv1\logs\debug.log
2022-05-24 12:47:12,107 INFO    MainThread:5356 [wandb_init.py:_log_setup():429] Logging internal logs to C:\Projects\Code\Neurals\wandb\run-20220524_124712-36fjfnv1\logs\debug-internal.log
2022-05-24 12:47:12,107 INFO    MainThread:5356 [wandb_init.py:init():462] calling init triggers
2022-05-24 12:47:12,108 INFO    MainThread:5356 [wandb_init.py:init():465] wandb.init called with sweep_config: {}
config: {}
2022-05-24 12:47:12,108 INFO    MainThread:5356 [wandb_init.py:init():515] starting backend
2022-05-24 12:47:12,108 INFO    MainThread:5356 [backend.py:_multiprocessing_setup():97] multiprocessing start_methods=spawn, using: spawn
2022-05-24 12:47:12,113 INFO    MainThread:5356 [backend.py:ensure_launched():217] starting backend process...
2022-05-24 12:47:12,262 INFO    MainThread:5356 [backend.py:ensure_launched():222] started backend process with pid: 11720
2022-05-24 12:47:12,263 INFO    MainThread:5356 [wandb_init.py:init():525] backend started and connected
2022-05-24 12:47:12,267 INFO    MainThread:5356 [wandb_init.py:init():596] updated telemetry
2022-05-24 12:47:12,273 INFO    MainThread:5356 [wandb_init.py:init():627] communicating run to backend with 30 second timeout
2022-05-24 12:47:14,403 INFO    MainThread:5356 [wandb_run.py:_on_init():1924] communicating current version
2022-05-24 12:47:14,486 INFO    MainThread:5356 [wandb_run.py:_on_init():1928] got version response 
2022-05-24 12:47:14,486 INFO    MainThread:5356 [wandb_init.py:init():662] starting run threads in backend
2022-05-24 12:47:18,779 INFO    MainThread:5356 [wandb_run.py:_console_start():1898] atexit reg
2022-05-24 12:47:18,779 INFO    MainThread:5356 [wandb_run.py:_redirect():1771] redirect: SettingsConsole.WRAP
2022-05-24 12:47:18,779 INFO    MainThread:5356 [wandb_run.py:_redirect():1808] Wrapping output streams.
2022-05-24 12:47:18,783 INFO    MainThread:5356 [wandb_run.py:_redirect():1832] Redirects installed.
2022-05-24 12:47:18,783 INFO    MainThread:5356 [wandb_init.py:init():688] run started, returning control to user process
2022-05-24 12:47:19,090 INFO    MainThread:5356 [wandb_run.py:_atexit_cleanup():1867] got exitcode: 1
2022-05-24 12:47:19,091 INFO    MainThread:5356 [wandb_run.py:_restore():1839] restore
2022-05-24 12:47:19,794 INFO    MainThread:5356 [wandb_run.py:_on_finish():1996] got exit ret: file_counts {
  wandb_count: 1
}
pusher_stats {
  uploaded_bytes: 585
  total_bytes: 585
}

2022-05-24 12:47:20,189 INFO    MainThread:5356 [wandb_run.py:_on_finish():1996] got exit ret: file_counts {
  wandb_count: 1
}
pusher_stats {
  uploaded_bytes: 585
  total_bytes: 585
}

2022-05-24 12:47:20,567 INFO    MainThread:5356 [wandb_run.py:_on_finish():1996] got exit ret: file_counts {
  wandb_count: 4
}
pusher_stats {
  uploaded_bytes: 585
  total_bytes: 7837
}

2022-05-24 12:47:20,670 INFO    MainThread:5356 [wandb_run.py:_on_finish():1996] got exit ret: file_counts {
  wandb_count: 5
}
pusher_stats {
  uploaded_bytes: 585
  total_bytes: 7863
}

2022-05-24 12:47:20,772 INFO    MainThread:5356 [wandb_run.py:_on_finish():1996] got exit ret: file_counts {
  wandb_count: 5
}
pusher_stats {
  uploaded_bytes: 585
  total_bytes: 7863
}

2022-05-24 12:47:20,875 INFO    MainThread:5356 [wandb_run.py:_on_finish():1996] got exit ret: file_counts {
  wandb_count: 5
}
pusher_stats {
  uploaded_bytes: 585
  total_bytes: 7863
}

2022-05-24 12:47:20,977 INFO    MainThread:5356 [wandb_run.py:_on_finish():1996] got exit ret: file_counts {
  wandb_count: 5
}
pusher_stats {
  uploaded_bytes: 585
  total_bytes: 7863
}

2022-05-24 12:47:21,080 INFO    MainThread:5356 [wandb_run.py:_on_finish():1996] got exit ret: file_counts {
  wandb_count: 5
}
pusher_stats {
  uploaded_bytes: 7863
  total_bytes: 7863
}

2022-05-24 12:47:21,182 INFO    MainThread:5356 [wandb_run.py:_on_finish():1996] got exit ret: file_counts {
  wandb_count: 5
}
pusher_stats {
  uploaded_bytes: 7863
  total_bytes: 7863
}

2022-05-24 12:47:21,290 INFO    MainThread:5356 [wandb_run.py:_on_finish():1996] got exit ret: file_counts {
  wandb_count: 5
}
pusher_stats {
  uploaded_bytes: 7863
  total_bytes: 7863
}

2022-05-24 12:47:21,411 INFO    MainThread:5356 [wandb_run.py:_on_finish():1996] got exit ret: file_counts {
  wandb_count: 5
}
pusher_stats {
  uploaded_bytes: 7863
  total_bytes: 7863
}

2022-05-24 12:47:21,520 INFO    MainThread:5356 [wandb_run.py:_on_finish():1996] got exit ret: file_counts {
  wandb_count: 5
}
pusher_stats {
  uploaded_bytes: 7863
  total_bytes: 7863
}

2022-05-24 12:47:21,625 INFO    MainThread:5356 [wandb_run.py:_on_finish():1996] got exit ret: file_counts {
  wandb_count: 5
}
pusher_stats {
  uploaded_bytes: 7863
  total_bytes: 7863
}

2022-05-24 12:47:22,145 INFO    MainThread:5356 [wandb_run.py:_on_finish():1996] got exit ret: file_counts {
  wandb_count: 5
}
pusher_stats {
  uploaded_bytes: 7863
  total_bytes: 7863
}

2022-05-24 12:47:22,920 INFO    MainThread:5356 [wandb_run.py:_on_finish():1996] got exit ret: done: true
exit_result {
}
file_counts {
  wandb_count: 5
}
pusher_stats {
  uploaded_bytes: 7863
  total_bytes: 7863
}
local_info {
}

2022-05-24 12:47:24,311 INFO    MainThread:5356 [wandb_run.py:_footer_history_summary_info():3104] rendering history
2022-05-24 12:47:24,311 INFO    MainThread:5356 [wandb_run.py:_footer_history_summary_info():3136] rendering summary
2022-05-24 12:47:24,314 INFO    MainThread:5356 [wandb_run.py:_footer_sync_info():3060] logging synced files
