2022-05-30 09:37:22,182 INFO    MainThread:4552 [internal.py:wandb_internal():90] W&B internal server running at pid: 4552, started at: 2022-05-30 09:37:22.181818
2022-05-30 09:37:22,184 INFO    WriterThread:4552 [datastore.py:open_for_write():75] open: C:\Projects\Code\Neurals\wandb\run-20220530_093720-1b1yvcz7\run-1b1yvcz7.wandb
2022-05-30 09:37:22,191 DEBUG   SenderThread:4552 [sender.py:send():232] send: header
2022-05-30 09:37:22,191 DEBUG   SenderThread:4552 [sender.py:send():232] send: run
2022-05-30 09:37:22,496 DEBUG   HandlerThread:4552 [handler.py:handle_request():141] handle_request: check_version
2022-05-30 09:37:22,506 INFO    SenderThread:4552 [dir_watcher.py:__init__():197] watching files in: C:\Projects\Code\Neurals\wandb\run-20220530_093720-1b1yvcz7\files
2022-05-30 09:37:22,506 INFO    SenderThread:4552 [sender.py:_start_run_threads():811] run started: 1b1yvcz7 with start time 1653867440
2022-05-30 09:37:22,506 DEBUG   SenderThread:4552 [sender.py:send():232] send: summary
2022-05-30 09:37:22,506 INFO    SenderThread:4552 [sender.py:_save_file():948] saving file wandb-summary.json with policy end
2022-05-30 09:37:22,506 DEBUG   SenderThread:4552 [sender.py:send_request():246] send_request: check_version
2022-05-30 09:37:22,643 DEBUG   HandlerThread:4552 [handler.py:handle_request():141] handle_request: run_start
2022-05-30 09:37:23,509 INFO    Thread-11 :4552 [dir_watcher.py:_on_file_created():244] file/dir created: C:\Projects\Code\Neurals\wandb\run-20220530_093720-1b1yvcz7\files\wandb-summary.json
2022-05-30 09:37:25,083 DEBUG   HandlerThread:4552 [meta.py:__init__():35] meta init
2022-05-30 09:37:25,083 DEBUG   HandlerThread:4552 [meta.py:__init__():49] meta init done
2022-05-30 09:37:25,083 DEBUG   HandlerThread:4552 [meta.py:probe():209] probe
2022-05-30 09:37:25,104 DEBUG   HandlerThread:4552 [git.py:repo():29] git repository is invalid
2022-05-30 09:37:25,104 DEBUG   HandlerThread:4552 [meta.py:_save_pip():53] save pip
2022-05-30 09:37:25,105 DEBUG   HandlerThread:4552 [meta.py:_save_pip():67] save pip done
2022-05-30 09:37:25,105 DEBUG   HandlerThread:4552 [meta.py:probe():247] probe done
2022-05-30 09:37:25,109 DEBUG   SenderThread:4552 [sender.py:send():232] send: files
2022-05-30 09:37:25,109 INFO    SenderThread:4552 [sender.py:_save_file():948] saving file wandb-metadata.json with policy now
2022-05-30 09:37:25,116 DEBUG   HandlerThread:4552 [handler.py:handle_request():141] handle_request: stop_status
2022-05-30 09:37:25,117 DEBUG   SenderThread:4552 [sender.py:send_request():246] send_request: stop_status
2022-05-30 09:37:25,389 DEBUG   SenderThread:4552 [sender.py:send():232] send: telemetry
2022-05-30 09:37:25,529 INFO    Thread-11 :4552 [dir_watcher.py:_on_file_created():244] file/dir created: C:\Projects\Code\Neurals\wandb\run-20220530_093720-1b1yvcz7\files\requirements.txt
2022-05-30 09:37:25,530 INFO    Thread-11 :4552 [dir_watcher.py:_on_file_created():244] file/dir created: C:\Projects\Code\Neurals\wandb\run-20220530_093720-1b1yvcz7\files\wandb-metadata.json
2022-05-30 09:37:25,530 INFO    Thread-11 :4552 [dir_watcher.py:_on_file_created():244] file/dir created: C:\Projects\Code\Neurals\wandb\run-20220530_093720-1b1yvcz7\files\output.log
2022-05-30 09:37:25,911 INFO    Thread-15 :4552 [upload_job.py:push():132] Uploaded file C:\Users\MAXIMN~1\AppData\Local\Temp\tmpk0bg7bgqwandb\23shd6qx-wandb-metadata.json
2022-05-30 09:37:27,539 INFO    Thread-11 :4552 [dir_watcher.py:_on_file_modified():257] file/dir modified: C:\Projects\Code\Neurals\wandb\run-20220530_093720-1b1yvcz7\files\output.log
2022-05-30 09:37:29,163 DEBUG   HandlerThread:4552 [handler.py:handle_request():141] handle_request: partial_history
2022-05-30 09:37:29,164 DEBUG   SenderThread:4552 [sender.py:send():232] send: history
2022-05-30 09:37:29,165 DEBUG   SenderThread:4552 [sender.py:send():232] send: summary
2022-05-30 09:37:29,168 INFO    SenderThread:4552 [sender.py:_save_file():948] saving file wandb-summary.json with policy end
2022-05-30 09:37:29,554 INFO    Thread-11 :4552 [dir_watcher.py:_on_file_modified():257] file/dir modified: C:\Projects\Code\Neurals\wandb\run-20220530_093720-1b1yvcz7\files\wandb-summary.json
2022-05-30 09:37:31,565 INFO    Thread-11 :4552 [dir_watcher.py:_on_file_modified():257] file/dir modified: C:\Projects\Code\Neurals\wandb\run-20220530_093720-1b1yvcz7\files\output.log
2022-05-30 09:37:32,973 DEBUG   HandlerThread:4552 [handler.py:handle_request():141] handle_request: partial_history
2022-05-30 09:37:32,974 DEBUG   SenderThread:4552 [sender.py:send():232] send: history
2022-05-30 09:37:32,974 DEBUG   SenderThread:4552 [sender.py:send():232] send: summary
2022-05-30 09:37:32,975 INFO    SenderThread:4552 [sender.py:_save_file():948] saving file wandb-summary.json with policy end
2022-05-30 09:37:33,587 INFO    Thread-11 :4552 [dir_watcher.py:_on_file_modified():257] file/dir modified: C:\Projects\Code\Neurals\wandb\run-20220530_093720-1b1yvcz7\files\wandb-summary.json
2022-05-30 09:37:35,592 INFO    Thread-11 :4552 [dir_watcher.py:_on_file_modified():257] file/dir modified: C:\Projects\Code\Neurals\wandb\run-20220530_093720-1b1yvcz7\files\output.log
2022-05-30 09:37:37,114 DEBUG   HandlerThread:4552 [handler.py:handle_request():141] handle_request: partial_history
2022-05-30 09:37:37,115 DEBUG   SenderThread:4552 [sender.py:send():232] send: history
2022-05-30 09:37:37,116 DEBUG   SenderThread:4552 [sender.py:send():232] send: summary
2022-05-30 09:37:37,117 INFO    SenderThread:4552 [sender.py:_save_file():948] saving file wandb-summary.json with policy end
2022-05-30 09:37:37,600 INFO    Thread-11 :4552 [dir_watcher.py:_on_file_modified():257] file/dir modified: C:\Projects\Code\Neurals\wandb\run-20220530_093720-1b1yvcz7\files\wandb-summary.json
2022-05-30 09:37:39,604 INFO    Thread-11 :4552 [dir_watcher.py:_on_file_modified():257] file/dir modified: C:\Projects\Code\Neurals\wandb\run-20220530_093720-1b1yvcz7\files\output.log
2022-05-30 09:37:40,400 DEBUG   HandlerThread:4552 [handler.py:handle_request():141] handle_request: stop_status
2022-05-30 09:37:40,400 DEBUG   SenderThread:4552 [sender.py:send_request():246] send_request: stop_status
2022-05-30 09:37:41,910 DEBUG   HandlerThread:4552 [handler.py:handle_request():141] handle_request: partial_history
2022-05-30 09:37:41,911 DEBUG   SenderThread:4552 [sender.py:send():232] send: history
2022-05-30 09:37:41,912 DEBUG   SenderThread:4552 [sender.py:send():232] send: summary
2022-05-30 09:37:41,913 INFO    SenderThread:4552 [sender.py:_save_file():948] saving file wandb-summary.json with policy end
2022-05-30 09:37:42,635 INFO    Thread-11 :4552 [dir_watcher.py:_on_file_modified():257] file/dir modified: C:\Projects\Code\Neurals\wandb\run-20220530_093720-1b1yvcz7\files\wandb-summary.json
2022-05-30 09:37:43,650 INFO    Thread-11 :4552 [dir_watcher.py:_on_file_modified():257] file/dir modified: C:\Projects\Code\Neurals\wandb\run-20220530_093720-1b1yvcz7\files\output.log
2022-05-30 09:37:46,268 DEBUG   HandlerThread:4552 [handler.py:handle_request():141] handle_request: partial_history
2022-05-30 09:37:46,269 DEBUG   SenderThread:4552 [sender.py:send():232] send: history
2022-05-30 09:37:46,269 DEBUG   SenderThread:4552 [sender.py:send():232] send: summary
2022-05-30 09:37:46,270 INFO    SenderThread:4552 [sender.py:_save_file():948] saving file wandb-summary.json with policy end
2022-05-30 09:37:46,677 INFO    Thread-11 :4552 [dir_watcher.py:_on_file_modified():257] file/dir modified: C:\Projects\Code\Neurals\wandb\run-20220530_093720-1b1yvcz7\files\wandb-summary.json
2022-05-30 09:37:47,691 INFO    Thread-11 :4552 [dir_watcher.py:_on_file_modified():257] file/dir modified: C:\Projects\Code\Neurals\wandb\run-20220530_093720-1b1yvcz7\files\output.log
2022-05-30 09:37:50,842 DEBUG   HandlerThread:4552 [handler.py:handle_request():141] handle_request: partial_history
2022-05-30 09:37:50,843 DEBUG   SenderThread:4552 [sender.py:send():232] send: history
2022-05-30 09:37:50,844 DEBUG   SenderThread:4552 [sender.py:send():232] send: summary
2022-05-30 09:37:50,846 INFO    SenderThread:4552 [sender.py:_save_file():948] saving file wandb-summary.json with policy end
2022-05-30 09:37:51,721 INFO    Thread-11 :4552 [dir_watcher.py:_on_file_modified():257] file/dir modified: C:\Projects\Code\Neurals\wandb\run-20220530_093720-1b1yvcz7\files\wandb-summary.json
2022-05-30 09:37:51,724 INFO    Thread-11 :4552 [dir_watcher.py:_on_file_modified():257] file/dir modified: C:\Projects\Code\Neurals\wandb\run-20220530_093720-1b1yvcz7\files\output.log
2022-05-30 09:37:52,738 INFO    Thread-11 :4552 [dir_watcher.py:_on_file_modified():257] file/dir modified: C:\Projects\Code\Neurals\wandb\run-20220530_093720-1b1yvcz7\files\config.yaml
2022-05-30 09:37:55,739 DEBUG   HandlerThread:4552 [handler.py:handle_request():141] handle_request: stop_status
2022-05-30 09:37:55,740 DEBUG   SenderThread:4552 [sender.py:send_request():246] send_request: stop_status
2022-05-30 09:37:55,824 DEBUG   HandlerThread:4552 [handler.py:handle_request():141] handle_request: partial_history
2022-05-30 09:37:56,025 DEBUG   SenderThread:4552 [sender.py:send():232] send: history
2022-05-30 09:37:56,025 DEBUG   SenderThread:4552 [sender.py:send():232] send: summary
2022-05-30 09:37:56,027 INFO    SenderThread:4552 [sender.py:_save_file():948] saving file wandb-summary.json with policy end
2022-05-30 09:37:56,378 DEBUG   SenderThread:4552 [sender.py:send():232] send: stats
2022-05-30 09:37:56,767 INFO    Thread-11 :4552 [dir_watcher.py:_on_file_modified():257] file/dir modified: C:\Projects\Code\Neurals\wandb\run-20220530_093720-1b1yvcz7\files\wandb-summary.json
2022-05-30 09:37:57,770 INFO    Thread-11 :4552 [dir_watcher.py:_on_file_modified():257] file/dir modified: C:\Projects\Code\Neurals\wandb\run-20220530_093720-1b1yvcz7\files\output.log
2022-05-30 09:38:00,730 DEBUG   HandlerThread:4552 [handler.py:handle_request():141] handle_request: partial_history
2022-05-30 09:38:00,730 DEBUG   SenderThread:4552 [sender.py:send():232] send: history
2022-05-30 09:38:00,730 DEBUG   SenderThread:4552 [sender.py:send():232] send: summary
2022-05-30 09:38:00,731 INFO    SenderThread:4552 [sender.py:_save_file():948] saving file wandb-summary.json with policy end
2022-05-30 09:38:00,800 INFO    Thread-11 :4552 [dir_watcher.py:_on_file_modified():257] file/dir modified: C:\Projects\Code\Neurals\wandb\run-20220530_093720-1b1yvcz7\files\wandb-summary.json
2022-05-30 09:38:01,815 INFO    Thread-11 :4552 [dir_watcher.py:_on_file_modified():257] file/dir modified: C:\Projects\Code\Neurals\wandb\run-20220530_093720-1b1yvcz7\files\output.log
2022-05-30 09:38:06,083 DEBUG   HandlerThread:4552 [handler.py:handle_request():141] handle_request: partial_history
2022-05-30 09:38:06,085 DEBUG   SenderThread:4552 [sender.py:send():232] send: history
2022-05-30 09:38:06,087 DEBUG   SenderThread:4552 [sender.py:send():232] send: summary
2022-05-30 09:38:06,090 INFO    SenderThread:4552 [sender.py:_save_file():948] saving file wandb-summary.json with policy end
2022-05-30 09:38:06,862 INFO    Thread-11 :4552 [dir_watcher.py:_on_file_modified():257] file/dir modified: C:\Projects\Code\Neurals\wandb\run-20220530_093720-1b1yvcz7\files\wandb-summary.json
2022-05-30 09:38:07,877 INFO    Thread-11 :4552 [dir_watcher.py:_on_file_modified():257] file/dir modified: C:\Projects\Code\Neurals\wandb\run-20220530_093720-1b1yvcz7\files\output.log
2022-05-30 09:38:11,052 DEBUG   HandlerThread:4552 [handler.py:handle_request():141] handle_request: stop_status
2022-05-30 09:38:11,052 DEBUG   SenderThread:4552 [sender.py:send_request():246] send_request: stop_status
2022-05-30 09:38:11,613 DEBUG   HandlerThread:4552 [handler.py:handle_request():141] handle_request: partial_history
2022-05-30 09:38:11,615 DEBUG   SenderThread:4552 [sender.py:send():232] send: history
2022-05-30 09:38:11,615 DEBUG   SenderThread:4552 [sender.py:send():232] send: summary
2022-05-30 09:38:11,617 INFO    SenderThread:4552 [sender.py:_save_file():948] saving file wandb-summary.json with policy end
2022-05-30 09:38:11,902 INFO    Thread-11 :4552 [dir_watcher.py:_on_file_modified():257] file/dir modified: C:\Projects\Code\Neurals\wandb\run-20220530_093720-1b1yvcz7\files\wandb-summary.json
2022-05-30 09:38:13,917 INFO    Thread-11 :4552 [dir_watcher.py:_on_file_modified():257] file/dir modified: C:\Projects\Code\Neurals\wandb\run-20220530_093720-1b1yvcz7\files\output.log
2022-05-30 09:38:17,883 DEBUG   HandlerThread:4552 [handler.py:handle_request():141] handle_request: partial_history
2022-05-30 09:38:17,884 DEBUG   SenderThread:4552 [sender.py:send():232] send: history
2022-05-30 09:38:17,884 DEBUG   SenderThread:4552 [sender.py:send():232] send: summary
2022-05-30 09:38:17,886 INFO    SenderThread:4552 [sender.py:_save_file():948] saving file wandb-summary.json with policy end
2022-05-30 09:38:17,962 INFO    Thread-11 :4552 [dir_watcher.py:_on_file_modified():257] file/dir modified: C:\Projects\Code\Neurals\wandb\run-20220530_093720-1b1yvcz7\files\wandb-summary.json
2022-05-30 09:38:19,970 INFO    Thread-11 :4552 [dir_watcher.py:_on_file_modified():257] file/dir modified: C:\Projects\Code\Neurals\wandb\run-20220530_093720-1b1yvcz7\files\output.log
2022-05-30 09:38:24,602 DEBUG   HandlerThread:4552 [handler.py:handle_request():141] handle_request: partial_history
2022-05-30 09:38:24,604 DEBUG   SenderThread:4552 [sender.py:send():232] send: history
2022-05-30 09:38:24,605 DEBUG   SenderThread:4552 [sender.py:send():232] send: summary
2022-05-30 09:38:24,606 INFO    SenderThread:4552 [sender.py:_save_file():948] saving file wandb-summary.json with policy end
2022-05-30 09:38:25,026 INFO    Thread-11 :4552 [dir_watcher.py:_on_file_modified():257] file/dir modified: C:\Projects\Code\Neurals\wandb\run-20220530_093720-1b1yvcz7\files\wandb-summary.json
2022-05-30 09:38:26,028 INFO    Thread-11 :4552 [dir_watcher.py:_on_file_modified():257] file/dir modified: C:\Projects\Code\Neurals\wandb\run-20220530_093720-1b1yvcz7\files\output.log
2022-05-30 09:38:26,334 DEBUG   HandlerThread:4552 [handler.py:handle_request():141] handle_request: stop_status
2022-05-30 09:38:26,334 DEBUG   SenderThread:4552 [sender.py:send_request():246] send_request: stop_status
2022-05-30 09:38:29,938 DEBUG   SenderThread:4552 [sender.py:send():232] send: stats
2022-05-30 09:38:30,126 DEBUG   HandlerThread:4552 [handler.py:handle_request():141] handle_request: partial_history
2022-05-30 09:38:30,127 DEBUG   SenderThread:4552 [sender.py:send():232] send: history
2022-05-30 09:38:30,127 DEBUG   SenderThread:4552 [sender.py:send():232] send: summary
2022-05-30 09:38:30,128 INFO    SenderThread:4552 [sender.py:_save_file():948] saving file wandb-summary.json with policy end
2022-05-30 09:38:31,090 INFO    Thread-11 :4552 [dir_watcher.py:_on_file_modified():257] file/dir modified: C:\Projects\Code\Neurals\wandb\run-20220530_093720-1b1yvcz7\files\wandb-summary.json
2022-05-30 09:38:32,105 INFO    Thread-11 :4552 [dir_watcher.py:_on_file_modified():257] file/dir modified: C:\Projects\Code\Neurals\wandb\run-20220530_093720-1b1yvcz7\files\output.log
2022-05-30 09:38:36,652 DEBUG   HandlerThread:4552 [handler.py:handle_request():141] handle_request: partial_history
2022-05-30 09:38:36,654 DEBUG   SenderThread:4552 [sender.py:send():232] send: history
2022-05-30 09:38:36,655 DEBUG   SenderThread:4552 [sender.py:send():232] send: summary
2022-05-30 09:38:36,656 INFO    SenderThread:4552 [sender.py:_save_file():948] saving file wandb-summary.json with policy end
2022-05-30 09:38:37,173 INFO    Thread-11 :4552 [dir_watcher.py:_on_file_modified():257] file/dir modified: C:\Projects\Code\Neurals\wandb\run-20220530_093720-1b1yvcz7\files\wandb-summary.json
2022-05-30 09:38:38,187 INFO    Thread-11 :4552 [dir_watcher.py:_on_file_modified():257] file/dir modified: C:\Projects\Code\Neurals\wandb\run-20220530_093720-1b1yvcz7\files\output.log
2022-05-30 09:38:41,639 DEBUG   HandlerThread:4552 [handler.py:handle_request():141] handle_request: stop_status
2022-05-30 09:38:41,640 DEBUG   SenderThread:4552 [sender.py:send_request():246] send_request: stop_status
2022-05-30 09:38:43,033 DEBUG   HandlerThread:4552 [handler.py:handle_request():141] handle_request: partial_history
2022-05-30 09:38:43,034 DEBUG   SenderThread:4552 [sender.py:send():232] send: history
2022-05-30 09:38:43,035 DEBUG   SenderThread:4552 [sender.py:send():232] send: summary
2022-05-30 09:38:43,036 INFO    SenderThread:4552 [sender.py:_save_file():948] saving file wandb-summary.json with policy end
2022-05-30 09:38:43,223 INFO    Thread-11 :4552 [dir_watcher.py:_on_file_modified():257] file/dir modified: C:\Projects\Code\Neurals\wandb\run-20220530_093720-1b1yvcz7\files\wandb-summary.json
2022-05-30 09:38:44,224 INFO    Thread-11 :4552 [dir_watcher.py:_on_file_modified():257] file/dir modified: C:\Projects\Code\Neurals\wandb\run-20220530_093720-1b1yvcz7\files\output.log
2022-05-30 09:38:46,254 INFO    Thread-11 :4552 [dir_watcher.py:_on_file_modified():257] file/dir modified: C:\Projects\Code\Neurals\wandb\run-20220530_093720-1b1yvcz7\files\output.log
2022-05-30 09:38:48,753 DEBUG   HandlerThread:4552 [handler.py:handle_request():141] handle_request: partial_history
2022-05-30 09:38:48,754 DEBUG   SenderThread:4552 [sender.py:send():232] send: history
2022-05-30 09:38:48,754 DEBUG   SenderThread:4552 [sender.py:send():232] send: summary
2022-05-30 09:38:48,755 INFO    SenderThread:4552 [sender.py:_save_file():948] saving file wandb-summary.json with policy end
2022-05-30 09:38:49,283 INFO    Thread-11 :4552 [dir_watcher.py:_on_file_modified():257] file/dir modified: C:\Projects\Code\Neurals\wandb\run-20220530_093720-1b1yvcz7\files\wandb-summary.json
2022-05-30 09:38:50,297 INFO    Thread-11 :4552 [dir_watcher.py:_on_file_modified():257] file/dir modified: C:\Projects\Code\Neurals\wandb\run-20220530_093720-1b1yvcz7\files\output.log
2022-05-30 09:38:54,577 DEBUG   HandlerThread:4552 [handler.py:handle_request():141] handle_request: partial_history
2022-05-30 09:38:54,578 DEBUG   SenderThread:4552 [sender.py:send():232] send: history
2022-05-30 09:38:54,578 DEBUG   SenderThread:4552 [sender.py:send():232] send: summary
2022-05-30 09:38:54,580 INFO    SenderThread:4552 [sender.py:_save_file():948] saving file wandb-summary.json with policy end
2022-05-30 09:38:55,363 INFO    Thread-11 :4552 [dir_watcher.py:_on_file_modified():257] file/dir modified: C:\Projects\Code\Neurals\wandb\run-20220530_093720-1b1yvcz7\files\wandb-summary.json
2022-05-30 09:38:56,366 INFO    Thread-11 :4552 [dir_watcher.py:_on_file_modified():257] file/dir modified: C:\Projects\Code\Neurals\wandb\run-20220530_093720-1b1yvcz7\files\output.log
2022-05-30 09:38:56,941 DEBUG   HandlerThread:4552 [handler.py:handle_request():141] handle_request: stop_status
2022-05-30 09:38:56,942 DEBUG   SenderThread:4552 [sender.py:send_request():246] send_request: stop_status
2022-05-30 09:39:00,031 DEBUG   HandlerThread:4552 [handler.py:handle_request():141] handle_request: partial_history
2022-05-30 09:39:00,032 DEBUG   SenderThread:4552 [sender.py:send():232] send: history
2022-05-30 09:39:00,033 DEBUG   SenderThread:4552 [sender.py:send():232] send: summary
2022-05-30 09:39:00,033 INFO    SenderThread:4552 [sender.py:_save_file():948] saving file wandb-summary.json with policy end
2022-05-30 09:39:00,412 INFO    Thread-11 :4552 [dir_watcher.py:_on_file_modified():257] file/dir modified: C:\Projects\Code\Neurals\wandb\run-20220530_093720-1b1yvcz7\files\wandb-summary.json
2022-05-30 09:39:02,441 INFO    Thread-11 :4552 [dir_watcher.py:_on_file_modified():257] file/dir modified: C:\Projects\Code\Neurals\wandb\run-20220530_093720-1b1yvcz7\files\output.log
2022-05-30 09:39:03,481 DEBUG   SenderThread:4552 [sender.py:send():232] send: stats
2022-05-30 09:39:05,644 DEBUG   HandlerThread:4552 [handler.py:handle_request():141] handle_request: partial_history
2022-05-30 09:39:05,646 DEBUG   SenderThread:4552 [sender.py:send():232] send: history
2022-05-30 09:39:05,646 DEBUG   SenderThread:4552 [sender.py:send():232] send: summary
2022-05-30 09:39:05,650 INFO    SenderThread:4552 [sender.py:_save_file():948] saving file wandb-summary.json with policy end
2022-05-30 09:39:06,472 INFO    Thread-11 :4552 [dir_watcher.py:_on_file_modified():257] file/dir modified: C:\Projects\Code\Neurals\wandb\run-20220530_093720-1b1yvcz7\files\wandb-summary.json
2022-05-30 09:39:08,502 INFO    Thread-11 :4552 [dir_watcher.py:_on_file_modified():257] file/dir modified: C:\Projects\Code\Neurals\wandb\run-20220530_093720-1b1yvcz7\files\output.log
2022-05-30 09:39:11,585 DEBUG   HandlerThread:4552 [handler.py:handle_request():141] handle_request: partial_history
2022-05-30 09:39:11,586 DEBUG   SenderThread:4552 [sender.py:send():232] send: history
2022-05-30 09:39:11,586 DEBUG   SenderThread:4552 [sender.py:send():232] send: summary
2022-05-30 09:39:11,587 INFO    SenderThread:4552 [sender.py:_save_file():948] saving file wandb-summary.json with policy end
2022-05-30 09:39:12,236 DEBUG   HandlerThread:4552 [handler.py:handle_request():141] handle_request: stop_status
2022-05-30 09:39:12,237 DEBUG   SenderThread:4552 [sender.py:send_request():246] send_request: stop_status
2022-05-30 09:39:12,533 INFO    Thread-11 :4552 [dir_watcher.py:_on_file_modified():257] file/dir modified: C:\Projects\Code\Neurals\wandb\run-20220530_093720-1b1yvcz7\files\wandb-summary.json
2022-05-30 09:39:14,563 INFO    Thread-11 :4552 [dir_watcher.py:_on_file_modified():257] file/dir modified: C:\Projects\Code\Neurals\wandb\run-20220530_093720-1b1yvcz7\files\output.log
2022-05-30 09:39:17,404 DEBUG   HandlerThread:4552 [handler.py:handle_request():141] handle_request: partial_history
2022-05-30 09:39:17,405 DEBUG   SenderThread:4552 [sender.py:send():232] send: history
2022-05-30 09:39:17,405 DEBUG   SenderThread:4552 [sender.py:send():232] send: summary
2022-05-30 09:39:17,407 INFO    SenderThread:4552 [sender.py:_save_file():948] saving file wandb-summary.json with policy end
2022-05-30 09:39:17,597 INFO    Thread-11 :4552 [dir_watcher.py:_on_file_modified():257] file/dir modified: C:\Projects\Code\Neurals\wandb\run-20220530_093720-1b1yvcz7\files\wandb-summary.json
2022-05-30 09:39:18,616 INFO    Thread-11 :4552 [dir_watcher.py:_on_file_modified():257] file/dir modified: C:\Projects\Code\Neurals\wandb\run-20220530_093720-1b1yvcz7\files\output.log
2022-05-30 09:39:22,980 DEBUG   HandlerThread:4552 [handler.py:handle_request():141] handle_request: partial_history
2022-05-30 09:39:22,981 DEBUG   SenderThread:4552 [sender.py:send():232] send: history
2022-05-30 09:39:22,981 DEBUG   SenderThread:4552 [sender.py:send():232] send: summary
2022-05-30 09:39:22,981 INFO    SenderThread:4552 [sender.py:_save_file():948] saving file wandb-summary.json with policy end
2022-05-30 09:39:23,654 INFO    Thread-11 :4552 [dir_watcher.py:_on_file_modified():257] file/dir modified: C:\Projects\Code\Neurals\wandb\run-20220530_093720-1b1yvcz7\files\wandb-summary.json
2022-05-30 09:39:23,655 INFO    Thread-11 :4552 [dir_watcher.py:_on_file_modified():257] file/dir modified: C:\Projects\Code\Neurals\wandb\run-20220530_093720-1b1yvcz7\files\output.log
2022-05-30 09:39:27,526 DEBUG   HandlerThread:4552 [handler.py:handle_request():141] handle_request: stop_status
2022-05-30 09:39:27,527 DEBUG   SenderThread:4552 [sender.py:send_request():246] send_request: stop_status
2022-05-30 09:39:28,212 DEBUG   HandlerThread:4552 [handler.py:handle_request():141] handle_request: partial_history
2022-05-30 09:39:28,213 DEBUG   SenderThread:4552 [sender.py:send():232] send: history
2022-05-30 09:39:28,213 DEBUG   SenderThread:4552 [sender.py:send():232] send: summary
2022-05-30 09:39:28,215 INFO    SenderThread:4552 [sender.py:_save_file():948] saving file wandb-summary.json with policy end
2022-05-30 09:39:28,697 INFO    Thread-11 :4552 [dir_watcher.py:_on_file_modified():257] file/dir modified: C:\Projects\Code\Neurals\wandb\run-20220530_093720-1b1yvcz7\files\wandb-summary.json
2022-05-30 09:39:29,699 INFO    Thread-11 :4552 [dir_watcher.py:_on_file_modified():257] file/dir modified: C:\Projects\Code\Neurals\wandb\run-20220530_093720-1b1yvcz7\files\output.log
2022-05-30 09:39:33,143 DEBUG   HandlerThread:4552 [handler.py:handle_request():141] handle_request: partial_history
2022-05-30 09:39:33,143 DEBUG   SenderThread:4552 [sender.py:send():232] send: history
2022-05-30 09:39:33,144 DEBUG   SenderThread:4552 [sender.py:send():232] send: summary
2022-05-30 09:39:33,145 INFO    SenderThread:4552 [sender.py:_save_file():948] saving file wandb-summary.json with policy end
2022-05-30 09:39:33,730 INFO    Thread-11 :4552 [dir_watcher.py:_on_file_modified():257] file/dir modified: C:\Projects\Code\Neurals\wandb\run-20220530_093720-1b1yvcz7\files\wandb-summary.json
2022-05-30 09:39:33,730 INFO    Thread-11 :4552 [dir_watcher.py:_on_file_modified():257] file/dir modified: C:\Projects\Code\Neurals\wandb\run-20220530_093720-1b1yvcz7\files\output.log
2022-05-30 09:39:36,978 DEBUG   SenderThread:4552 [sender.py:send():232] send: stats
2022-05-30 09:39:37,758 DEBUG   HandlerThread:4552 [handler.py:handle_request():141] handle_request: partial_history
2022-05-30 09:39:37,758 DEBUG   SenderThread:4552 [sender.py:send():232] send: history
2022-05-30 09:39:37,759 DEBUG   SenderThread:4552 [sender.py:send():232] send: summary
2022-05-30 09:39:37,760 INFO    SenderThread:4552 [sender.py:_save_file():948] saving file wandb-summary.json with policy end
2022-05-30 09:39:38,758 INFO    Thread-11 :4552 [dir_watcher.py:_on_file_modified():257] file/dir modified: C:\Projects\Code\Neurals\wandb\run-20220530_093720-1b1yvcz7\files\wandb-summary.json
2022-05-30 09:39:39,773 INFO    Thread-11 :4552 [dir_watcher.py:_on_file_modified():257] file/dir modified: C:\Projects\Code\Neurals\wandb\run-20220530_093720-1b1yvcz7\files\output.log
2022-05-30 09:39:42,218 DEBUG   HandlerThread:4552 [handler.py:handle_request():141] handle_request: partial_history
2022-05-30 09:39:42,219 DEBUG   SenderThread:4552 [sender.py:send():232] send: history
2022-05-30 09:39:42,219 DEBUG   SenderThread:4552 [sender.py:send():232] send: summary
2022-05-30 09:39:42,220 INFO    SenderThread:4552 [sender.py:_save_file():948] saving file wandb-summary.json with policy end
2022-05-30 09:39:42,788 INFO    Thread-11 :4552 [dir_watcher.py:_on_file_modified():257] file/dir modified: C:\Projects\Code\Neurals\wandb\run-20220530_093720-1b1yvcz7\files\wandb-summary.json
2022-05-30 09:39:42,932 DEBUG   HandlerThread:4552 [handler.py:handle_request():141] handle_request: stop_status
2022-05-30 09:39:42,933 DEBUG   SenderThread:4552 [sender.py:send_request():246] send_request: stop_status
2022-05-30 09:39:43,792 INFO    Thread-11 :4552 [dir_watcher.py:_on_file_modified():257] file/dir modified: C:\Projects\Code\Neurals\wandb\run-20220530_093720-1b1yvcz7\files\output.log
2022-05-30 09:39:46,584 DEBUG   HandlerThread:4552 [handler.py:handle_request():141] handle_request: partial_history
2022-05-30 09:39:46,585 DEBUG   SenderThread:4552 [sender.py:send():232] send: history
2022-05-30 09:39:46,586 DEBUG   SenderThread:4552 [sender.py:send():232] send: summary
2022-05-30 09:39:46,586 INFO    SenderThread:4552 [sender.py:_save_file():948] saving file wandb-summary.json with policy end
2022-05-30 09:39:46,807 INFO    Thread-11 :4552 [dir_watcher.py:_on_file_modified():257] file/dir modified: C:\Projects\Code\Neurals\wandb\run-20220530_093720-1b1yvcz7\files\wandb-summary.json
2022-05-30 09:39:47,813 INFO    Thread-11 :4552 [dir_watcher.py:_on_file_modified():257] file/dir modified: C:\Projects\Code\Neurals\wandb\run-20220530_093720-1b1yvcz7\files\output.log
2022-05-30 09:39:51,023 DEBUG   HandlerThread:4552 [handler.py:handle_request():141] handle_request: partial_history
2022-05-30 09:39:51,024 DEBUG   SenderThread:4552 [sender.py:send():232] send: history
2022-05-30 09:39:51,025 DEBUG   SenderThread:4552 [sender.py:send():232] send: summary
2022-05-30 09:39:51,027 INFO    SenderThread:4552 [sender.py:_save_file():948] saving file wandb-summary.json with policy end
2022-05-30 09:39:51,835 INFO    Thread-11 :4552 [dir_watcher.py:_on_file_modified():257] file/dir modified: C:\Projects\Code\Neurals\wandb\run-20220530_093720-1b1yvcz7\files\wandb-summary.json
2022-05-30 09:39:51,836 INFO    Thread-11 :4552 [dir_watcher.py:_on_file_modified():257] file/dir modified: C:\Projects\Code\Neurals\wandb\run-20220530_093720-1b1yvcz7\files\output.log
2022-05-30 09:39:55,672 DEBUG   HandlerThread:4552 [handler.py:handle_request():141] handle_request: partial_history
2022-05-30 09:39:55,673 DEBUG   SenderThread:4552 [sender.py:send():232] send: history
2022-05-30 09:39:55,673 DEBUG   SenderThread:4552 [sender.py:send():232] send: summary
2022-05-30 09:39:55,674 INFO    SenderThread:4552 [sender.py:_save_file():948] saving file wandb-summary.json with policy end
2022-05-30 09:39:55,871 INFO    Thread-11 :4552 [dir_watcher.py:_on_file_modified():257] file/dir modified: C:\Projects\Code\Neurals\wandb\run-20220530_093720-1b1yvcz7\files\wandb-summary.json
2022-05-30 09:39:57,878 INFO    Thread-11 :4552 [dir_watcher.py:_on_file_modified():257] file/dir modified: C:\Projects\Code\Neurals\wandb\run-20220530_093720-1b1yvcz7\files\output.log
2022-05-30 09:39:58,220 DEBUG   HandlerThread:4552 [handler.py:handle_request():141] handle_request: stop_status
2022-05-30 09:39:58,220 DEBUG   SenderThread:4552 [sender.py:send_request():246] send_request: stop_status
2022-05-30 09:40:00,313 DEBUG   HandlerThread:4552 [handler.py:handle_request():141] handle_request: partial_history
2022-05-30 09:40:00,314 DEBUG   SenderThread:4552 [sender.py:send():232] send: history
2022-05-30 09:40:00,314 DEBUG   SenderThread:4552 [sender.py:send():232] send: summary
2022-05-30 09:40:00,314 INFO    SenderThread:4552 [sender.py:_save_file():948] saving file wandb-summary.json with policy end
2022-05-30 09:40:00,896 INFO    Thread-11 :4552 [dir_watcher.py:_on_file_modified():257] file/dir modified: C:\Projects\Code\Neurals\wandb\run-20220530_093720-1b1yvcz7\files\wandb-summary.json
2022-05-30 09:40:01,904 INFO    Thread-11 :4552 [dir_watcher.py:_on_file_modified():257] file/dir modified: C:\Projects\Code\Neurals\wandb\run-20220530_093720-1b1yvcz7\files\output.log
2022-05-30 09:40:05,128 DEBUG   HandlerThread:4552 [handler.py:handle_request():141] handle_request: partial_history
2022-05-30 09:40:05,128 DEBUG   SenderThread:4552 [sender.py:send():232] send: history
2022-05-30 09:40:05,129 DEBUG   SenderThread:4552 [sender.py:send():232] send: summary
2022-05-30 09:40:05,129 INFO    SenderThread:4552 [sender.py:_save_file():948] saving file wandb-summary.json with policy end
2022-05-30 09:40:05,919 INFO    Thread-11 :4552 [dir_watcher.py:_on_file_modified():257] file/dir modified: C:\Projects\Code\Neurals\wandb\run-20220530_093720-1b1yvcz7\files\wandb-summary.json
2022-05-30 09:40:05,920 INFO    Thread-11 :4552 [dir_watcher.py:_on_file_modified():257] file/dir modified: C:\Projects\Code\Neurals\wandb\run-20220530_093720-1b1yvcz7\files\output.log
2022-05-30 09:40:09,922 DEBUG   HandlerThread:4552 [handler.py:handle_request():141] handle_request: partial_history
2022-05-30 09:40:09,923 DEBUG   SenderThread:4552 [sender.py:send():232] send: history
2022-05-30 09:40:09,923 DEBUG   SenderThread:4552 [sender.py:send():232] send: summary
2022-05-30 09:40:09,924 INFO    SenderThread:4552 [sender.py:_save_file():948] saving file wandb-summary.json with policy end
2022-05-30 09:40:09,938 INFO    Thread-11 :4552 [dir_watcher.py:_on_file_modified():257] file/dir modified: C:\Projects\Code\Neurals\wandb\run-20220530_093720-1b1yvcz7\files\wandb-summary.json
2022-05-30 09:40:10,515 DEBUG   SenderThread:4552 [sender.py:send():232] send: stats
2022-05-30 09:40:11,947 INFO    Thread-11 :4552 [dir_watcher.py:_on_file_modified():257] file/dir modified: C:\Projects\Code\Neurals\wandb\run-20220530_093720-1b1yvcz7\files\output.log
2022-05-30 09:40:13,502 DEBUG   HandlerThread:4552 [handler.py:handle_request():141] handle_request: stop_status
2022-05-30 09:40:13,502 DEBUG   SenderThread:4552 [sender.py:send_request():246] send_request: stop_status
2022-05-30 09:40:14,601 DEBUG   HandlerThread:4552 [handler.py:handle_request():141] handle_request: partial_history
2022-05-30 09:40:14,602 DEBUG   SenderThread:4552 [sender.py:send():232] send: history
2022-05-30 09:40:14,602 DEBUG   SenderThread:4552 [sender.py:send():232] send: summary
2022-05-30 09:40:14,603 INFO    SenderThread:4552 [sender.py:_save_file():948] saving file wandb-summary.json with policy end
2022-05-30 09:40:14,962 INFO    Thread-11 :4552 [dir_watcher.py:_on_file_modified():257] file/dir modified: C:\Projects\Code\Neurals\wandb\run-20220530_093720-1b1yvcz7\files\wandb-summary.json
2022-05-30 09:40:15,964 INFO    Thread-11 :4552 [dir_watcher.py:_on_file_modified():257] file/dir modified: C:\Projects\Code\Neurals\wandb\run-20220530_093720-1b1yvcz7\files\output.log
2022-05-30 09:40:19,170 DEBUG   HandlerThread:4552 [handler.py:handle_request():141] handle_request: partial_history
2022-05-30 09:40:19,170 DEBUG   SenderThread:4552 [sender.py:send():232] send: history
2022-05-30 09:40:19,171 DEBUG   SenderThread:4552 [sender.py:send():232] send: summary
2022-05-30 09:40:19,171 INFO    SenderThread:4552 [sender.py:_save_file():948] saving file wandb-summary.json with policy end
2022-05-30 09:40:20,000 INFO    Thread-11 :4552 [dir_watcher.py:_on_file_modified():257] file/dir modified: C:\Projects\Code\Neurals\wandb\run-20220530_093720-1b1yvcz7\files\wandb-summary.json
2022-05-30 09:40:20,000 INFO    Thread-11 :4552 [dir_watcher.py:_on_file_modified():257] file/dir modified: C:\Projects\Code\Neurals\wandb\run-20220530_093720-1b1yvcz7\files\output.log
2022-05-30 09:40:23,917 DEBUG   HandlerThread:4552 [handler.py:handle_request():141] handle_request: partial_history
2022-05-30 09:40:23,918 DEBUG   SenderThread:4552 [sender.py:send():232] send: history
2022-05-30 09:40:23,918 DEBUG   SenderThread:4552 [sender.py:send():232] send: summary
2022-05-30 09:40:23,919 INFO    SenderThread:4552 [sender.py:_save_file():948] saving file wandb-summary.json with policy end
2022-05-30 09:40:24,021 INFO    Thread-11 :4552 [dir_watcher.py:_on_file_modified():257] file/dir modified: C:\Projects\Code\Neurals\wandb\run-20220530_093720-1b1yvcz7\files\wandb-summary.json
2022-05-30 09:40:26,028 INFO    Thread-11 :4552 [dir_watcher.py:_on_file_modified():257] file/dir modified: C:\Projects\Code\Neurals\wandb\run-20220530_093720-1b1yvcz7\files\output.log
2022-05-30 09:40:28,466 DEBUG   HandlerThread:4552 [handler.py:handle_request():141] handle_request: partial_history
2022-05-30 09:40:28,467 DEBUG   SenderThread:4552 [sender.py:send():232] send: history
2022-05-30 09:40:28,467 DEBUG   SenderThread:4552 [sender.py:send():232] send: summary
2022-05-30 09:40:28,468 INFO    SenderThread:4552 [sender.py:_save_file():948] saving file wandb-summary.json with policy end
2022-05-30 09:40:28,787 DEBUG   HandlerThread:4552 [handler.py:handle_request():141] handle_request: stop_status
2022-05-30 09:40:28,787 DEBUG   SenderThread:4552 [sender.py:send_request():246] send_request: stop_status
2022-05-30 09:40:29,042 INFO    Thread-11 :4552 [dir_watcher.py:_on_file_modified():257] file/dir modified: C:\Projects\Code\Neurals\wandb\run-20220530_093720-1b1yvcz7\files\wandb-summary.json
2022-05-30 09:40:30,045 INFO    Thread-11 :4552 [dir_watcher.py:_on_file_modified():257] file/dir modified: C:\Projects\Code\Neurals\wandb\run-20220530_093720-1b1yvcz7\files\output.log
2022-05-30 09:40:33,010 DEBUG   HandlerThread:4552 [handler.py:handle_request():141] handle_request: partial_history
2022-05-30 09:40:33,011 DEBUG   SenderThread:4552 [sender.py:send():232] send: history
2022-05-30 09:40:33,011 DEBUG   SenderThread:4552 [sender.py:send():232] send: summary
2022-05-30 09:40:33,012 INFO    SenderThread:4552 [sender.py:_save_file():948] saving file wandb-summary.json with policy end
2022-05-30 09:40:33,061 INFO    Thread-11 :4552 [dir_watcher.py:_on_file_modified():257] file/dir modified: C:\Projects\Code\Neurals\wandb\run-20220530_093720-1b1yvcz7\files\wandb-summary.json
2022-05-30 09:40:34,070 INFO    Thread-11 :4552 [dir_watcher.py:_on_file_modified():257] file/dir modified: C:\Projects\Code\Neurals\wandb\run-20220530_093720-1b1yvcz7\files\output.log
2022-05-30 09:40:37,500 DEBUG   HandlerThread:4552 [handler.py:handle_request():141] handle_request: partial_history
2022-05-30 09:40:37,501 DEBUG   SenderThread:4552 [sender.py:send():232] send: history
2022-05-30 09:40:37,501 DEBUG   SenderThread:4552 [sender.py:send():232] send: summary
2022-05-30 09:40:37,503 INFO    SenderThread:4552 [sender.py:_save_file():948] saving file wandb-summary.json with policy end
2022-05-30 09:40:38,093 INFO    Thread-11 :4552 [dir_watcher.py:_on_file_modified():257] file/dir modified: C:\Projects\Code\Neurals\wandb\run-20220530_093720-1b1yvcz7\files\wandb-summary.json
2022-05-30 09:40:38,094 INFO    Thread-11 :4552 [dir_watcher.py:_on_file_modified():257] file/dir modified: C:\Projects\Code\Neurals\wandb\run-20220530_093720-1b1yvcz7\files\output.log
2022-05-30 09:40:42,065 DEBUG   HandlerThread:4552 [handler.py:handle_request():141] handle_request: partial_history
2022-05-30 09:40:42,067 DEBUG   SenderThread:4552 [sender.py:send():232] send: history
2022-05-30 09:40:42,067 DEBUG   SenderThread:4552 [sender.py:send():232] send: summary
2022-05-30 09:40:42,068 INFO    SenderThread:4552 [sender.py:_save_file():948] saving file wandb-summary.json with policy end
2022-05-30 09:40:42,113 INFO    Thread-11 :4552 [dir_watcher.py:_on_file_modified():257] file/dir modified: C:\Projects\Code\Neurals\wandb\run-20220530_093720-1b1yvcz7\files\wandb-summary.json
2022-05-30 09:40:44,015 DEBUG   SenderThread:4552 [sender.py:send():232] send: stats
2022-05-30 09:40:44,106 DEBUG   HandlerThread:4552 [handler.py:handle_request():141] handle_request: stop_status
2022-05-30 09:40:44,106 DEBUG   SenderThread:4552 [sender.py:send_request():246] send_request: stop_status
2022-05-30 09:40:44,123 INFO    Thread-11 :4552 [dir_watcher.py:_on_file_modified():257] file/dir modified: C:\Projects\Code\Neurals\wandb\run-20220530_093720-1b1yvcz7\files\output.log
2022-05-30 09:40:46,632 DEBUG   HandlerThread:4552 [handler.py:handle_request():141] handle_request: partial_history
2022-05-30 09:40:46,633 DEBUG   SenderThread:4552 [sender.py:send():232] send: history
2022-05-30 09:40:46,633 DEBUG   SenderThread:4552 [sender.py:send():232] send: summary
2022-05-30 09:40:46,633 INFO    SenderThread:4552 [sender.py:_save_file():948] saving file wandb-summary.json with policy end
2022-05-30 09:40:47,137 INFO    Thread-11 :4552 [dir_watcher.py:_on_file_modified():257] file/dir modified: C:\Projects\Code\Neurals\wandb\run-20220530_093720-1b1yvcz7\files\wandb-summary.json
2022-05-30 09:40:48,138 INFO    Thread-11 :4552 [dir_watcher.py:_on_file_modified():257] file/dir modified: C:\Projects\Code\Neurals\wandb\run-20220530_093720-1b1yvcz7\files\output.log
2022-05-30 09:40:51,210 DEBUG   HandlerThread:4552 [handler.py:handle_request():141] handle_request: partial_history
2022-05-30 09:40:51,211 DEBUG   SenderThread:4552 [sender.py:send():232] send: history
2022-05-30 09:40:51,211 DEBUG   SenderThread:4552 [sender.py:send():232] send: summary
2022-05-30 09:40:51,212 INFO    SenderThread:4552 [sender.py:_save_file():948] saving file wandb-summary.json with policy end
2022-05-30 09:40:52,156 INFO    Thread-11 :4552 [dir_watcher.py:_on_file_modified():257] file/dir modified: C:\Projects\Code\Neurals\wandb\run-20220530_093720-1b1yvcz7\files\wandb-summary.json
2022-05-30 09:40:52,157 INFO    Thread-11 :4552 [dir_watcher.py:_on_file_modified():257] file/dir modified: C:\Projects\Code\Neurals\wandb\run-20220530_093720-1b1yvcz7\files\output.log
2022-05-30 09:40:55,864 DEBUG   HandlerThread:4552 [handler.py:handle_request():141] handle_request: partial_history
2022-05-30 09:40:55,864 DEBUG   SenderThread:4552 [sender.py:send():232] send: history
2022-05-30 09:40:55,864 DEBUG   SenderThread:4552 [sender.py:send():232] send: summary
2022-05-30 09:40:55,865 INFO    SenderThread:4552 [sender.py:_save_file():948] saving file wandb-summary.json with policy end
2022-05-30 09:40:56,176 INFO    Thread-11 :4552 [dir_watcher.py:_on_file_modified():257] file/dir modified: C:\Projects\Code\Neurals\wandb\run-20220530_093720-1b1yvcz7\files\wandb-summary.json
2022-05-30 09:40:56,177 INFO    Thread-11 :4552 [dir_watcher.py:_on_file_modified():257] file/dir modified: C:\Projects\Code\Neurals\wandb\run-20220530_093720-1b1yvcz7\files\output.log
2022-05-30 09:40:59,395 DEBUG   HandlerThread:4552 [handler.py:handle_request():141] handle_request: stop_status
2022-05-30 09:40:59,395 DEBUG   SenderThread:4552 [sender.py:send_request():246] send_request: stop_status
2022-05-30 09:41:00,565 DEBUG   HandlerThread:4552 [handler.py:handle_request():141] handle_request: partial_history
2022-05-30 09:41:00,566 DEBUG   SenderThread:4552 [sender.py:send():232] send: history
2022-05-30 09:41:00,567 DEBUG   SenderThread:4552 [sender.py:send():232] send: summary
2022-05-30 09:41:00,568 INFO    SenderThread:4552 [sender.py:_save_file():948] saving file wandb-summary.json with policy end
2022-05-30 09:41:01,204 INFO    Thread-11 :4552 [dir_watcher.py:_on_file_modified():257] file/dir modified: C:\Projects\Code\Neurals\wandb\run-20220530_093720-1b1yvcz7\files\wandb-summary.json
2022-05-30 09:41:02,210 INFO    Thread-11 :4552 [dir_watcher.py:_on_file_modified():257] file/dir modified: C:\Projects\Code\Neurals\wandb\run-20220530_093720-1b1yvcz7\files\output.log
2022-05-30 09:41:05,029 DEBUG   HandlerThread:4552 [handler.py:handle_request():141] handle_request: partial_history
2022-05-30 09:41:05,029 DEBUG   SenderThread:4552 [sender.py:send():232] send: history
2022-05-30 09:41:05,029 DEBUG   SenderThread:4552 [sender.py:send():232] send: summary
2022-05-30 09:41:05,030 INFO    SenderThread:4552 [sender.py:_save_file():948] saving file wandb-summary.json with policy end
2022-05-30 09:41:05,228 INFO    Thread-11 :4552 [dir_watcher.py:_on_file_modified():257] file/dir modified: C:\Projects\Code\Neurals\wandb\run-20220530_093720-1b1yvcz7\files\wandb-summary.json
2022-05-30 09:41:06,234 INFO    Thread-11 :4552 [dir_watcher.py:_on_file_modified():257] file/dir modified: C:\Projects\Code\Neurals\wandb\run-20220530_093720-1b1yvcz7\files\output.log
2022-05-30 09:41:09,570 DEBUG   HandlerThread:4552 [handler.py:handle_request():141] handle_request: partial_history
2022-05-30 09:41:09,571 DEBUG   SenderThread:4552 [sender.py:send():232] send: history
2022-05-30 09:41:09,571 DEBUG   SenderThread:4552 [sender.py:send():232] send: summary
2022-05-30 09:41:09,572 INFO    SenderThread:4552 [sender.py:_save_file():948] saving file wandb-summary.json with policy end
2022-05-30 09:41:10,256 INFO    Thread-11 :4552 [dir_watcher.py:_on_file_modified():257] file/dir modified: C:\Projects\Code\Neurals\wandb\run-20220530_093720-1b1yvcz7\files\wandb-summary.json
2022-05-30 09:41:12,269 INFO    Thread-11 :4552 [dir_watcher.py:_on_file_modified():257] file/dir modified: C:\Projects\Code\Neurals\wandb\run-20220530_093720-1b1yvcz7\files\output.log
2022-05-30 09:41:14,141 DEBUG   HandlerThread:4552 [handler.py:handle_request():141] handle_request: partial_history
2022-05-30 09:41:14,142 DEBUG   SenderThread:4552 [sender.py:send():232] send: history
2022-05-30 09:41:14,142 DEBUG   SenderThread:4552 [sender.py:send():232] send: summary
2022-05-30 09:41:14,143 INFO    SenderThread:4552 [sender.py:_save_file():948] saving file wandb-summary.json with policy end
2022-05-30 09:41:14,273 INFO    Thread-11 :4552 [dir_watcher.py:_on_file_modified():257] file/dir modified: C:\Projects\Code\Neurals\wandb\run-20220530_093720-1b1yvcz7\files\wandb-summary.json
2022-05-30 09:41:14,681 DEBUG   HandlerThread:4552 [handler.py:handle_request():141] handle_request: stop_status
2022-05-30 09:41:14,682 DEBUG   SenderThread:4552 [sender.py:send_request():246] send_request: stop_status
2022-05-30 09:41:16,282 INFO    Thread-11 :4552 [dir_watcher.py:_on_file_modified():257] file/dir modified: C:\Projects\Code\Neurals\wandb\run-20220530_093720-1b1yvcz7\files\output.log
2022-05-30 09:41:17,558 DEBUG   SenderThread:4552 [sender.py:send():232] send: stats
2022-05-30 09:41:18,891 DEBUG   HandlerThread:4552 [handler.py:handle_request():141] handle_request: partial_history
2022-05-30 09:41:18,892 DEBUG   SenderThread:4552 [sender.py:send():232] send: history
2022-05-30 09:41:18,892 DEBUG   SenderThread:4552 [sender.py:send():232] send: summary
2022-05-30 09:41:18,892 INFO    SenderThread:4552 [sender.py:_save_file():948] saving file wandb-summary.json with policy end
2022-05-30 09:41:19,295 INFO    Thread-11 :4552 [dir_watcher.py:_on_file_modified():257] file/dir modified: C:\Projects\Code\Neurals\wandb\run-20220530_093720-1b1yvcz7\files\wandb-summary.json
2022-05-30 09:41:20,299 INFO    Thread-11 :4552 [dir_watcher.py:_on_file_modified():257] file/dir modified: C:\Projects\Code\Neurals\wandb\run-20220530_093720-1b1yvcz7\files\output.log
2022-05-30 09:41:23,596 DEBUG   HandlerThread:4552 [handler.py:handle_request():141] handle_request: partial_history
2022-05-30 09:41:23,597 DEBUG   SenderThread:4552 [sender.py:send():232] send: history
2022-05-30 09:41:23,597 DEBUG   SenderThread:4552 [sender.py:send():232] send: summary
2022-05-30 09:41:23,599 INFO    SenderThread:4552 [sender.py:_save_file():948] saving file wandb-summary.json with policy end
2022-05-30 09:41:24,322 INFO    Thread-11 :4552 [dir_watcher.py:_on_file_modified():257] file/dir modified: C:\Projects\Code\Neurals\wandb\run-20220530_093720-1b1yvcz7\files\wandb-summary.json
2022-05-30 09:41:24,323 INFO    Thread-11 :4552 [dir_watcher.py:_on_file_modified():257] file/dir modified: C:\Projects\Code\Neurals\wandb\run-20220530_093720-1b1yvcz7\files\output.log
2022-05-30 09:41:28,246 DEBUG   HandlerThread:4552 [handler.py:handle_request():141] handle_request: partial_history
2022-05-30 09:41:28,247 DEBUG   SenderThread:4552 [sender.py:send():232] send: history
2022-05-30 09:41:28,247 DEBUG   SenderThread:4552 [sender.py:send():232] send: summary
2022-05-30 09:41:28,248 INFO    SenderThread:4552 [sender.py:_save_file():948] saving file wandb-summary.json with policy end
2022-05-30 09:41:28,353 INFO    Thread-11 :4552 [dir_watcher.py:_on_file_modified():257] file/dir modified: C:\Projects\Code\Neurals\wandb\run-20220530_093720-1b1yvcz7\files\wandb-summary.json
2022-05-30 09:41:29,976 DEBUG   HandlerThread:4552 [handler.py:handle_request():141] handle_request: stop_status
2022-05-30 09:41:29,977 DEBUG   SenderThread:4552 [sender.py:send_request():246] send_request: stop_status
2022-05-30 09:41:30,362 INFO    Thread-11 :4552 [dir_watcher.py:_on_file_modified():257] file/dir modified: C:\Projects\Code\Neurals\wandb\run-20220530_093720-1b1yvcz7\files\output.log
2022-05-30 09:41:32,988 DEBUG   HandlerThread:4552 [handler.py:handle_request():141] handle_request: partial_history
2022-05-30 09:41:32,990 DEBUG   SenderThread:4552 [sender.py:send():232] send: history
2022-05-30 09:41:32,990 DEBUG   SenderThread:4552 [sender.py:send():232] send: summary
2022-05-30 09:41:32,992 INFO    SenderThread:4552 [sender.py:_save_file():948] saving file wandb-summary.json with policy end
2022-05-30 09:41:33,374 INFO    Thread-11 :4552 [dir_watcher.py:_on_file_modified():257] file/dir modified: C:\Projects\Code\Neurals\wandb\run-20220530_093720-1b1yvcz7\files\wandb-summary.json
2022-05-30 09:41:34,380 INFO    Thread-11 :4552 [dir_watcher.py:_on_file_modified():257] file/dir modified: C:\Projects\Code\Neurals\wandb\run-20220530_093720-1b1yvcz7\files\output.log
2022-05-30 09:41:37,787 DEBUG   HandlerThread:4552 [handler.py:handle_request():141] handle_request: partial_history
2022-05-30 09:41:37,788 DEBUG   SenderThread:4552 [sender.py:send():232] send: history
2022-05-30 09:41:37,788 DEBUG   SenderThread:4552 [sender.py:send():232] send: summary
2022-05-30 09:41:37,788 INFO    SenderThread:4552 [sender.py:_save_file():948] saving file wandb-summary.json with policy end
2022-05-30 09:41:38,400 INFO    Thread-11 :4552 [dir_watcher.py:_on_file_modified():257] file/dir modified: C:\Projects\Code\Neurals\wandb\run-20220530_093720-1b1yvcz7\files\wandb-summary.json
2022-05-30 09:41:38,401 INFO    Thread-11 :4552 [dir_watcher.py:_on_file_modified():257] file/dir modified: C:\Projects\Code\Neurals\wandb\run-20220530_093720-1b1yvcz7\files\output.log
2022-05-30 09:41:42,498 DEBUG   HandlerThread:4552 [handler.py:handle_request():141] handle_request: partial_history
2022-05-30 09:41:42,499 DEBUG   SenderThread:4552 [sender.py:send():232] send: history
2022-05-30 09:41:42,499 DEBUG   SenderThread:4552 [sender.py:send():232] send: summary
2022-05-30 09:41:42,500 INFO    SenderThread:4552 [sender.py:_save_file():948] saving file wandb-summary.json with policy end
2022-05-30 09:41:43,419 INFO    Thread-11 :4552 [dir_watcher.py:_on_file_modified():257] file/dir modified: C:\Projects\Code\Neurals\wandb\run-20220530_093720-1b1yvcz7\files\wandb-summary.json
2022-05-30 09:41:44,424 INFO    Thread-11 :4552 [dir_watcher.py:_on_file_modified():257] file/dir modified: C:\Projects\Code\Neurals\wandb\run-20220530_093720-1b1yvcz7\files\output.log
2022-05-30 09:41:45,282 DEBUG   HandlerThread:4552 [handler.py:handle_request():141] handle_request: stop_status
2022-05-30 09:41:45,282 DEBUG   SenderThread:4552 [sender.py:send_request():246] send_request: stop_status
2022-05-30 09:41:47,133 DEBUG   HandlerThread:4552 [handler.py:handle_request():141] handle_request: partial_history
2022-05-30 09:41:47,133 DEBUG   SenderThread:4552 [sender.py:send():232] send: history
2022-05-30 09:41:47,134 DEBUG   SenderThread:4552 [sender.py:send():232] send: summary
2022-05-30 09:41:47,134 INFO    SenderThread:4552 [sender.py:_save_file():948] saving file wandb-summary.json with policy end
2022-05-30 09:41:47,439 INFO    Thread-11 :4552 [dir_watcher.py:_on_file_modified():257] file/dir modified: C:\Projects\Code\Neurals\wandb\run-20220530_093720-1b1yvcz7\files\wandb-summary.json
2022-05-30 09:41:48,446 INFO    Thread-11 :4552 [dir_watcher.py:_on_file_modified():257] file/dir modified: C:\Projects\Code\Neurals\wandb\run-20220530_093720-1b1yvcz7\files\output.log
2022-05-30 09:41:51,076 DEBUG   SenderThread:4552 [sender.py:send():232] send: stats
2022-05-30 09:41:51,521 DEBUG   HandlerThread:4552 [handler.py:handle_request():141] handle_request: partial_history
2022-05-30 09:41:51,522 DEBUG   SenderThread:4552 [sender.py:send():232] send: history
2022-05-30 09:41:51,522 DEBUG   SenderThread:4552 [sender.py:send():232] send: summary
2022-05-30 09:41:51,523 INFO    SenderThread:4552 [sender.py:_save_file():948] saving file wandb-summary.json with policy end
2022-05-30 09:41:52,464 INFO    Thread-11 :4552 [dir_watcher.py:_on_file_modified():257] file/dir modified: C:\Projects\Code\Neurals\wandb\run-20220530_093720-1b1yvcz7\files\wandb-summary.json
2022-05-30 09:41:52,464 INFO    Thread-11 :4552 [dir_watcher.py:_on_file_modified():257] file/dir modified: C:\Projects\Code\Neurals\wandb\run-20220530_093720-1b1yvcz7\files\output.log
2022-05-30 09:41:56,054 DEBUG   HandlerThread:4552 [handler.py:handle_request():141] handle_request: partial_history
2022-05-30 09:41:56,055 DEBUG   SenderThread:4552 [sender.py:send():232] send: history
2022-05-30 09:41:56,055 DEBUG   SenderThread:4552 [sender.py:send():232] send: summary
2022-05-30 09:41:56,057 INFO    SenderThread:4552 [sender.py:_save_file():948] saving file wandb-summary.json with policy end
2022-05-30 09:41:56,486 INFO    Thread-11 :4552 [dir_watcher.py:_on_file_modified():257] file/dir modified: C:\Projects\Code\Neurals\wandb\run-20220530_093720-1b1yvcz7\files\wandb-summary.json
2022-05-30 09:41:58,501 INFO    Thread-11 :4552 [dir_watcher.py:_on_file_modified():257] file/dir modified: C:\Projects\Code\Neurals\wandb\run-20220530_093720-1b1yvcz7\files\output.log
2022-05-30 09:42:00,524 DEBUG   HandlerThread:4552 [handler.py:handle_request():141] handle_request: partial_history
2022-05-30 09:42:00,524 DEBUG   SenderThread:4552 [sender.py:send():232] send: history
2022-05-30 09:42:00,525 DEBUG   SenderThread:4552 [sender.py:send():232] send: summary
2022-05-30 09:42:00,526 INFO    SenderThread:4552 [sender.py:_save_file():948] saving file wandb-summary.json with policy end
2022-05-30 09:42:00,593 DEBUG   HandlerThread:4552 [handler.py:handle_request():141] handle_request: stop_status
2022-05-30 09:42:00,593 DEBUG   SenderThread:4552 [sender.py:send_request():246] send_request: stop_status
2022-05-30 09:42:01,514 INFO    Thread-11 :4552 [dir_watcher.py:_on_file_modified():257] file/dir modified: C:\Projects\Code\Neurals\wandb\run-20220530_093720-1b1yvcz7\files\wandb-summary.json
2022-05-30 09:42:02,517 INFO    Thread-11 :4552 [dir_watcher.py:_on_file_modified():257] file/dir modified: C:\Projects\Code\Neurals\wandb\run-20220530_093720-1b1yvcz7\files\output.log
2022-05-30 09:42:04,961 DEBUG   HandlerThread:4552 [handler.py:handle_request():141] handle_request: partial_history
2022-05-30 09:42:04,962 DEBUG   SenderThread:4552 [sender.py:send():232] send: history
2022-05-30 09:42:04,962 DEBUG   SenderThread:4552 [sender.py:send():232] send: summary
2022-05-30 09:42:04,962 INFO    SenderThread:4552 [sender.py:_save_file():948] saving file wandb-summary.json with policy end
2022-05-30 09:42:05,534 INFO    Thread-11 :4552 [dir_watcher.py:_on_file_modified():257] file/dir modified: C:\Projects\Code\Neurals\wandb\run-20220530_093720-1b1yvcz7\files\wandb-summary.json
2022-05-30 09:42:06,539 INFO    Thread-11 :4552 [dir_watcher.py:_on_file_modified():257] file/dir modified: C:\Projects\Code\Neurals\wandb\run-20220530_093720-1b1yvcz7\files\output.log
2022-05-30 09:42:09,423 DEBUG   HandlerThread:4552 [handler.py:handle_request():141] handle_request: partial_history
2022-05-30 09:42:09,424 DEBUG   SenderThread:4552 [sender.py:send():232] send: history
2022-05-30 09:42:09,424 DEBUG   SenderThread:4552 [sender.py:send():232] send: summary
2022-05-30 09:42:09,425 INFO    SenderThread:4552 [sender.py:_save_file():948] saving file wandb-summary.json with policy end
2022-05-30 09:42:09,552 INFO    Thread-11 :4552 [dir_watcher.py:_on_file_modified():257] file/dir modified: C:\Projects\Code\Neurals\wandb\run-20220530_093720-1b1yvcz7\files\wandb-summary.json
2022-05-30 09:42:10,557 INFO    Thread-11 :4552 [dir_watcher.py:_on_file_modified():257] file/dir modified: C:\Projects\Code\Neurals\wandb\run-20220530_093720-1b1yvcz7\files\output.log
2022-05-30 09:42:14,055 DEBUG   HandlerThread:4552 [handler.py:handle_request():141] handle_request: partial_history
2022-05-30 09:42:14,055 DEBUG   SenderThread:4552 [sender.py:send():232] send: history
2022-05-30 09:42:14,056 DEBUG   SenderThread:4552 [sender.py:send():232] send: summary
2022-05-30 09:42:14,057 INFO    SenderThread:4552 [sender.py:_save_file():948] saving file wandb-summary.json with policy end
2022-05-30 09:42:14,587 INFO    Thread-11 :4552 [dir_watcher.py:_on_file_modified():257] file/dir modified: C:\Projects\Code\Neurals\wandb\run-20220530_093720-1b1yvcz7\files\wandb-summary.json
2022-05-30 09:42:15,863 DEBUG   HandlerThread:4552 [handler.py:handle_request():141] handle_request: stop_status
2022-05-30 09:42:15,863 DEBUG   SenderThread:4552 [sender.py:send_request():246] send_request: stop_status
