 ****** Running generation 0 ******
Average fitness:
Failed mean
Population's average fitness: 2376.42160 stdev: 3235.65673
Best fitness: 9925.17855 - size: (6, 15) - species 51 - id 51
Average adjusted fitness: 0.239
Mean genetic distance 3.161, standard deviation 0.326
Population of 300 members in 151 species:
   ID   age  size  fitness  adj fit  stag
  ====  ===  ====  =======  =======  ====
     1    0     2   7620.1    0.768     0
     2    0     2   1234.1    0.124     0
     3    0     2   9891.9    0.997     0
     4    0     2   1220.0    0.123     0
     5    0     2   4768.4    0.480     0
     6    0     2   1047.1    0.105     0
     7    0     2    425.2    0.043     0
     8    0     2    787.6    0.079     0
     9    0     2    342.2    0.034     0
    10    0     2    348.6    0.035     0
    11    0     2   2190.7    0.221     0
    12    0     2   8976.2    0.904     0
    13    0     2   1039.0    0.105     0
    14    0     2    289.2    0.029     0
    15    0     2    570.9    0.057     0
    16    0     2    341.2    0.034     0
    17    0     2   5749.9    0.579     0
    18    0     2   1223.9    0.123     0
    19    0     2    559.1    0.056     0
    20    0     2   1365.8    0.138     0
    21    0     2    743.3    0.075     0
    22    0     2   6544.3    0.659     0
    23    0     2   1420.4    0.143     0
    24    0     2    356.9    0.036     0
    25    0     2   1745.5    0.176     0
    26    0     2    343.5    0.034     0
    27    0     2    344.1    0.035     0
    28    0     2    341.9    0.034     0
    29    0     2    342.1    0.034     0
    30    0     2   1088.1    0.110     0
    31    0     2    494.2    0.050     0
    32    0     2    342.0    0.034     0
    33    0     2   3398.0    0.342     0
    34    0     2    342.3    0.034     0
    35    0     2    983.3    0.099     0
    36    0     2   1588.0    0.160     0
    37    0     2    350.6    0.035     0
    38    0     2   1234.1    0.124     0
    39    0     2   4924.6    0.496     0
    40    0     2   7118.0    0.717     0
    41    0     2   9805.8    0.988     0
    42    0     2   9894.9    0.997     0
    43    0     2    192.7    0.019     0
    44    0     2    332.4    0.033     0
    45    0     2    323.1    0.032     0
    46    0     2    437.1    0.044     0
    47    0     2   9868.6    0.994     0
    48    0     2    372.0    0.037     0
    49    0     2    147.7    0.015     0
    50    0     2    706.8    0.071     0
    51    0     2   9925.2    1.000     0
    52    0     2    344.9    0.035     0
    53    0     2    426.1    0.043     0
    54    0     2    361.8    0.036     0
    55    0     2    342.3    0.034     0
    56    0     2    585.0    0.059     0
    57    0     2    481.7    0.048     0
    58    0     2   1036.9    0.104     0
    59    0     2   2178.7    0.219     0
    60    0     2    939.8    0.095     0
    61    0     2    428.1    0.043     0
    62    0     2    542.7    0.055     0
    63    0     2   1412.9    0.142     0
    64    0     2   5745.4    0.579     0
    65    0     2   2116.1    0.213     0
    66    0     2   1059.3    0.107     0
    67    0     2   1030.8    0.104     0
    68    0     2    619.0    0.062     0
    69    0     2    325.7    0.033     0
    70    0     2    342.7    0.034     0
    71    0     2    340.6    0.034     0
    72    0     2   9782.1    0.986     0
    73    0     2    736.6    0.074     0
    74    0     2   6149.3    0.620     0
    75    0     2   4362.0    0.439     0
    76    0     2    342.2    0.034     0
    77    0     2    342.0    0.034     0
    78    0     2    902.7    0.091     0
    79    0     2    763.0    0.077     0
    80    0     2   6082.0    0.613     0
    81    0     2   9029.7    0.910     0
    82    0     2      1.2    0.000     0
    83    0     2    342.5    0.034     0
    84    0     2   2442.3    0.246     0
    85    0     2    497.3    0.050     0
    86    0     2    342.6    0.034     0
    87    0     2    354.0    0.036     0
    88    0     2    635.9    0.064     0
    89    0     2   8044.7    0.811     0
    90    0     2   1128.9    0.114     0
    91    0     2    342.0    0.034     0
    92    0     2   1004.7    0.101     0
    93    0     2    369.2    0.037     0
    94    0     2    628.5    0.063     0
    95    0     2   5744.7    0.579     0
    96    0     2   1305.7    0.131     0
    97    0     2    967.3    0.097     0
    98    0     2   9894.9    0.997     0
    99    0     2    393.3    0.040     0
   100    0     2   9242.9    0.931     0
   101    0     2   2003.1    0.202     0
   102    0     2   1431.9    0.144     0
   103    0     2    373.6    0.038     0
   104    0     2    312.4    0.031     0
   105    0     2    378.9    0.038     0
   106    0     2    342.0    0.034     0
   107    0     2   9076.0    0.914     0
   108    0     2    342.3    0.034     0
   109    0     2    368.3    0.037     0
   110    0     2    683.7    0.069     0
   111    0     2    342.1    0.034     0
   112    0     2    324.0    0.033     0
   113    0     2    456.5    0.046     0
   114    0     2    343.6    0.034     0
   115    0     2   5504.3    0.555     0
   116    0     2    969.9    0.098     0
   117    0     2   1502.1    0.151     0
   118    0     2   4983.2    0.502     0
   119    0     2    362.1    0.036     0
   120    0     2    392.4    0.039     0
   121    0     2    342.3    0.034     0
   122    0     2   9919.0    0.999     0
   123    0     2   9790.5    0.986     0
   124    0     2    338.9    0.034     0
   125    0     2    342.0    0.034     0
   126    0     2    730.1    0.073     0
   127    0     1     16.4    0.002     0
   128    0     2    335.9    0.034     0
   129    0     2    729.5    0.073     0
   130    0     2   9642.2    0.971     0
   131    0     2    411.4    0.041     0
   132    0     2   1850.0    0.186     0
   133    0     2    339.9    0.034     0
   134    0     2    371.8    0.037     0
   135    0     2   9643.8    0.972     0
   136    0     2   1091.1    0.110     0
   137    0     2    342.0    0.034     0
   138    0     2   9894.9    0.997     0
   139    0     2   7413.9    0.747     0
   140    0     2    342.3    0.034     0
   141    0     2    910.4    0.092     0
   142    0     2    342.1    0.034     0
   143    0     2    204.5    0.020     0
   144    0     2   9552.2    0.962     0
   145    0     2   1182.4    0.119     0
   146    0     2   1214.7    0.122     0
   147    0     2   8713.0    0.878     0
   148    0     2   9921.6    1.000     0
   149    0     2    342.9    0.034     0
   150    0     2    822.2    0.083     0
   151    0     1       --       --     0
Total extinctions: 0
Generation time: 23.610 sec
 ****** Running generation 1 ******
Average fitness:
2376.4215984417488
Best fitness:
9925.178549236827
Failed fitness
Population's average fitness: 2093.10807 stdev: 3168.34651
Best fitness: 9622.44419 - size: (6, 15) - species 51 - id 51
Average adjusted fitness: 0.216
Mean genetic distance 3.161, standard deviation 0.326
Population of 302 members in 151 species:
   ID   age  size  fitness  adj fit  stag
  ====  ===  ====  =======  =======  ====
     1    1     2   2851.0    0.530     1
     2    1     2    859.1    0.092     1
     3    1     2   8938.5    0.964     1
     4    1     2    904.9    0.094     1
     5    1     2   1223.5    0.563     1
     6    1     2   1231.3    0.175     0
     7    1     2     70.7    0.502     1
     8    1     2     38.0    0.041     1
     9    1     2     79.0    0.011     1
    10    1     2     42.2    0.025     1
    11    1     2   2505.2    0.616     0
    12    1     2   3694.3    0.662     1
    13    1     2    876.7    0.545     1
    14    1     2    249.5    0.042     1
    15    1     2     86.3    0.017     1
    16    1     2    133.4    0.034     1
    17    1     2    440.5    0.308     1
    18    1     2     40.5    0.004     1
    19    1     2    319.8    0.049     1
    20    1     2    679.2    0.103     1
    21    1     2   1098.9    0.115     0
    22    1     2    287.3    0.336     1
    23    1     2    336.7    0.103     1
    24    1     2    117.6    0.014     1
    25    1     2    836.7    0.132     1
    26    1     2    133.5    0.020     1
    27    1     2    112.4    0.063     1
    28    1     2     37.8    0.148     1
    29    1     2     38.0    0.004     1
    30    1     2   1372.3    0.227     0
    31    1     2    184.9    0.057     1
    32    1     2     38.4    0.004     1
    33    1     2    853.6    0.235     1
    34    1     2     41.3    0.034     1
    35    1     2    490.6    0.060     1
    36    1     2    188.2    0.085     1
    37    1     2     45.9    0.199     1
    38    1     2    612.6    0.079     1
    39    1     2   4975.8    0.728     0
    40    1     2   6856.1    0.805     1
    41    1     2   9443.8    0.986     1
    42    1     2   9596.9    0.998     1
    43    1     2    278.6    0.037     0
    44    1     2     31.5    0.006     1
    45    1     2    206.0    0.032     1
    46    1     2     42.3    0.017     1
    47    1     2   9590.9    0.998     1
    48    1     2     47.0    0.015     1
    49    1     2    595.9    0.102     0
    50    1     2      0.2    0.143     1
    51    1     2   4904.7    0.755     1
    52    1     2     40.9    0.006     1
    53    1     2     77.0    0.015     1
    54    1     2     25.8    0.003     1
    55    1     2     37.7    0.067     1
    56    1     2     38.4    0.004     1
    57    1     2    159.1    0.503     1
    58    1     2    876.2    0.091     1
    59    1     2    551.6    0.145     1
    60    1     2   1182.8    0.150     0
    61    1     2     95.5    0.059     1
    62    1     2    267.9    0.088     1
    63    1     2   1587.0    0.392     0
    64    1     2   7266.6    0.767     0
    65    1     2     38.1    0.004     1
    66    1     2    390.4    0.063     1
    67    1     2    499.8    0.071     1
    68    1     2    335.8    0.106     1
    69    1     2     19.9    0.020     1
    70    1     2     18.9    0.003     1
    71    1     2     39.6    0.007     1
    72    1     2   3241.4    0.662     1
    73    1     2   1185.2    0.123     0
    74    1     2   1027.6    0.361     1
    75    1     2   4097.3    0.551     1
    76    1     2     49.9    0.015     1
    77    1     2     38.0    0.006     1
    78    1     2    749.4    0.079     1
    79    1     2   1076.9    0.112     0
    80    1     2    517.7    0.327     1
    81    1     2     40.3    0.457     1
    82    1     2      0.0    0.500     1
    83    1     2     98.7    0.384     1
    84    1     2   2167.8    0.250     1
    85    1     2     43.9    0.005     1
    86    1     2     39.7    0.004     1
    87    1     2    173.5    0.021     1
    88    1     2    622.1    0.074     1
    89    1     2    992.6    0.320     1
    90    1     2    620.8    0.077     1
    91    1     2    188.6    0.027     1
    92    1     2    589.6    0.067     1
    93    1     2      0.3    0.003     1
    94    1     2     64.6    0.015     1
    95    1     2    342.2    0.300     1
    96    1     2    883.1    0.117     1
    97    1     2    633.3    0.403     1
    98    1     2   9617.0    0.999     1
    99    1     2     75.5    0.402     1
   100    1     2   1411.3    0.539     1
   101    1     2     38.0    0.098     1
   102    1     2    261.5    0.074     1
   103    1     2     37.3    0.013     1
   104    1     2     62.6    0.022     1
   105    1     2     37.9    0.004     1
   106    1     2     38.0    0.009     1
   107    1     2    733.2    0.491     1
   108    1     2     38.0    0.005     1
   109    1     2    126.7    0.080     1
   110    1     2    374.4    0.108     1
   111    1     2    203.4    0.026     1
   112    1     2    149.0    0.022     1
   113    1     2     57.5    0.023     1
   114    1     2    176.1    0.032     1
   115    1     2     37.0    0.160     1
   116    1     2    325.1    0.056     1
   117    1     2     38.0    0.080     1
   118    1     2   4579.2    0.628     1
   119    1     2    887.3    0.466     0
   120    1     2    112.1    0.506     1
   121    1     2     37.9    0.004     1
   122    1     2   9603.6    0.998     1
   123    1     2     38.0    0.004     1
   124    1     2     40.4    0.005     1
   125    1     2     35.9    0.004     1
   126    1     2    414.9    0.068     1
   127    1     2     22.7    0.002     0
   128    1     2     44.6    0.008     1
   129    1     2    490.7    0.524     1
   130    1     2   6424.7    0.821     1
   131    1     2    114.5    0.052     1
   132    1     2    916.9    0.148     1
   133    1     2     22.9    0.003     1
   134    1     2     62.6    0.134     1
   135    1     2     38.0    0.489     1
   136    1     2     56.5    0.043     1
   137    1     2     44.0    0.014     1
   138    1     2   9616.8    1.000     1
   139    1     2   1632.7    0.440     1
   140    1     2     38.0    0.005     1
   141    1     2    687.5    0.083     1
   142    1     2     38.0    0.308     1
   143    1     2      8.0    0.015     1
   144    1     2   4677.2    0.720     1
   145    1     2     37.4    0.047     1
   146    1     2    913.2    0.095     1
   147    1     2     57.5    0.007     1
   148    1     2   9598.4    0.998     1
   149    1     2     38.3    0.004     1
   150    1     2     40.6    0.009     1
   151    1     2     37.8    0.004     0
Total extinctions: 0
Generation time: 26.278 sec (24.944 average)
 ****** Running generation 2 ******
Average fitness:
2093.1080688900693
Best fitness:
9925.178549236827
Failed fitness
Population's average fitness: 2277.96111 stdev: 3249.56023
Best fitness: 9476.37042 - size: (5, 10) - species 82 - id 151
Average adjusted fitness: 0.240
Mean genetic distance 3.161, standard deviation 0.326
Population of 302 members in 151 species:
   ID   age  size  fitness  adj fit  stag
  ====  ===  ====  =======  =======  ====
     1    2     2    168.1    0.332     2
     2    2     2    665.5    0.070     2
     3    2     2   9444.1    0.998     2
     4    2     2    651.7    0.069     2
     5    2     2    647.6    0.533     2
     6    2     2   1094.9    0.156     1
     7    2     2    194.7    0.450     2
     8    2     2    231.3    0.042     2
     9    2     2    226.5    0.024     2
    10    2     2    224.4    0.030     2
    11    2     2   3018.5    0.652     0
    12    2     2   9396.7    0.994     0
    13    2     2    935.5    0.549     2
    14    2     2    242.6    0.028     2
    15    2     2    208.7    0.024     2
    16    2     2    207.5    0.050     2
    17    2     2    465.4    0.310     2
    18    2     2   1216.9    0.297     2
    19    2     2    179.8    0.020     2
    20    2     2    989.7    0.119     2
    21    2     2   1383.6    0.148     0
    22    2     2    229.9    0.322     2
    23    2     2    234.9    0.106     2
    24    2     2    268.8    0.186     2
    25    2     2    883.0    0.143     2
    26    2     2    230.3    0.024     2
    27    2     2    234.4    0.083     2
    28    2     2    198.2    0.023     2
    29    2     2    231.3    0.024     2
    30    2     2    157.3    0.187     1
    31    2     2    228.0    0.047     2
    32    2     2    231.3    0.024     2
    33    2     2    561.6    0.087     2
    34    2     2    186.1    0.027     2
    35    2     2    374.7    0.044     2
    36    2     2    231.3    0.077     2
    37    2     2    223.2    0.204     2
    38    2     2    430.6    0.058     2
    39    2     2   4940.3    0.728     1
    40    2     2    214.3    0.025     2
    41    2     2   9303.0    0.986     2
    42    2     2   9472.9    1.000     2
    43    2     2    369.0    0.068     0
    44    2     2    214.3    0.023     2
    45    2     2    228.7    0.029     2
    46    2     2    259.5    0.036     2
    47    2     2   9447.5    0.998     2
    48    2     2    219.0    0.024     2
    49    2     2    143.6    0.044     1
    50    2     2      0.2    0.001     2
    51    2     2   4763.5    0.751     2
    52    2     2    229.4    0.024     2
    53    2     2    193.0    0.021     2
    54    2     2    193.0    0.021     2
    55    2     2    179.2    0.042     2
    56    2     2    194.5    0.023     2
    57    2     2    180.2    0.509     2
    58    2     2    935.2    0.099     2
    59    2     2    644.4    0.120     2
    60    2     2   1010.3    0.125     1
    61    2     2    194.2    0.058     2
    62    2     2    992.6    0.371     0
    63    2     2   1645.2    0.418     0
    64    2     2   7559.5    0.897     0
    65    2     2    230.7    0.102     2
    66    2     2    374.9    0.065     2
    67    2     2    527.8    0.085     2
    68    2     2    308.9    0.099     2
    69    2     2     22.3    0.027     2
    70    2     2    230.9    0.024     2
    71    2     2    228.3    0.024     2
    72    2     2    553.1    0.522     2
    73    2     2    832.7    0.098     1
    74    2     2    570.8    0.336     2
    75    2     2   4111.3    0.486     2
    76    2     2    231.4    0.025     2
    77    2     2    231.3    0.024     2
    78    2     2    363.0    0.054     2
    79    2     2   1300.1    0.210     0
    80    2     2    610.3    0.334     2
    81    2     2    228.8    0.465     2
    82    2     2      0.3    0.500     2
    83    2     2    230.9    0.486     2
    84    2     2    618.3    0.148     2
    85    2     2    134.3    0.019     2
    86    2     2    233.0    0.025     2
    87    2     2    223.6    0.034     2
    88    2     2    230.4    0.051     2
    89    2     2   1106.9    0.461     2
    90    2     2    562.1    0.076     2
    91    2     2    231.3    0.024     2
    92    2     2    466.7    0.051     2
    93    2     2    174.5    0.021     2
    94    2     2    227.7    0.024     2
    95    2     2    342.2    0.303     2
    96    2     2    894.8    0.132     2
    97    2     2    864.7    0.425     2
    98    2     2   9472.9    1.000     2
    99    2     2    239.7    0.419     2
   100    2     2   1219.7    0.529     2
   101    2     2    231.3    0.102     2
   102    2     2     37.2    0.056     2
   103    2     2    212.6    0.023     2
   104    2     2    260.2    0.030     2
   105    2     2    210.1    0.023     2
   106    2     2    231.3    0.024     2
   107    2     2    605.9    0.532     2
   108    2     2    231.3    0.024     2
   109    2     2    247.0    0.104     2
   110    2     2    266.6    0.107     2
   111    2     2    235.8    0.028     2
   112    2     2    231.0    0.055     2
   113    2     2   4415.5    0.635     0
   114    2     2    231.1    0.034     2
   115    2     2    700.0    0.305     2
   116    2     2     50.2    0.043     2
   117    2     2    231.3    0.086     2
   118    2     2   4673.3    0.746     2
   119    2     2   1331.1    0.300     0
   120    2     2    207.4    0.082     2
   121    2     2    231.1    0.024     2
   122    2     2   9452.0    0.998     2
   123    2     2   9421.5    0.996     2
   124    2     2    210.9    0.187     2
   125    2     2    231.3    0.024     2
   126    2     2    297.2    0.051     2
   127    2     2      7.5    0.053     1
   128    2     2    227.3    0.024     2
   129    2     2    457.2    0.522     2
   130    2     2   6285.8    0.821     2
   131    2     2    231.0    0.060     2
   132    2     2    665.2    0.168     2
   133    2     2    207.5    0.105     2
   134    2     2    439.6    0.389     0
   135    2     2    231.3    0.500     2
   136    2     2    189.8    0.038     2
   137    2     2    231.3    0.024     2
   138    2     2   9472.7    1.000     2
   139    2     2   1157.9    0.409     2
   140    2     2    231.3    0.024     2
   141    2     2    708.5    0.128     2
   142    2     2    231.3    0.313     2
   143    2     2    158.9    0.019     2
   144    2     2   4535.2    0.721     2
   145    2     2    431.0    0.055     2
   146    2     2    647.2    0.069     2
   147    2     2   8292.5    0.925     2
   148    2     2   9323.3    0.989     2
   149    2     2    198.1    0.021     2
   150    2     2    130.6    0.055     2
   151    2     2    568.2    0.530     0
Total extinctions: 0
Generation time: 26.703 sec (25.530 average)
 ****** Running generation 3 ******
Average fitness:
2277.9611104486635
Best fitness:
9925.178549236827
