2022-05-23 09:49:26,684 INFO    MainThread:18988 [wandb_setup.py:_flush():76] Loading settings from C:\Users\Maxim N\.config\wandb\settings
2022-05-23 09:49:26,684 INFO    MainThread:18988 [wandb_setup.py:_flush():76] Loading settings from C:\Projects\Code\Neurals\wandb\settings
2022-05-23 09:49:26,684 INFO    MainThread:18988 [wandb_setup.py:_flush():76] Loading settings from environment variables: {}
2022-05-23 09:49:26,684 INFO    MainThread:18988 [wandb_setup.py:_flush():76] Inferring run settings from compute environment: {'program_relpath': 'testing.py', 'program': 'C:\\Projects\\Code\\Neurals\\testing.py'}
2022-05-23 09:49:26,684 INFO    MainThread:18988 [wandb_init.py:_log_setup():428] Logging user logs to C:\Projects\Code\Neurals\wandb\run-20220523_094926-1i7iu55y\logs\debug.log
2022-05-23 09:49:26,696 INFO    MainThread:18988 [wandb_init.py:_log_setup():429] Logging internal logs to C:\Projects\Code\Neurals\wandb\run-20220523_094926-1i7iu55y\logs\debug-internal.log
2022-05-23 09:49:26,696 INFO    MainThread:18988 [wandb_init.py:init():462] calling init triggers
2022-05-23 09:49:26,696 INFO    MainThread:18988 [wandb_init.py:init():465] wandb.init called with sweep_config: {}
config: {}
2022-05-23 09:49:26,696 INFO    MainThread:18988 [wandb_init.py:init():515] starting backend
2022-05-23 09:49:26,696 INFO    MainThread:18988 [backend.py:_multiprocessing_setup():97] multiprocessing start_methods=spawn, using: spawn
2022-05-23 09:49:26,704 INFO    MainThread:18988 [backend.py:ensure_launched():217] starting backend process...
2022-05-23 09:49:26,864 INFO    MainThread:18988 [backend.py:ensure_launched():222] started backend process with pid: 13168
2022-05-23 09:49:26,868 INFO    MainThread:18988 [wandb_init.py:init():525] backend started and connected
2022-05-23 09:49:26,868 INFO    MainThread:18988 [wandb_init.py:init():596] updated telemetry
2022-05-23 09:49:26,916 INFO    MainThread:18988 [wandb_init.py:init():627] communicating run to backend with 30 second timeout
2022-05-23 09:49:29,288 INFO    MainThread:18988 [wandb_run.py:_on_init():1924] communicating current version
2022-05-23 09:49:29,451 INFO    MainThread:18988 [wandb_run.py:_on_init():1928] got version response 
2022-05-23 09:49:29,451 INFO    MainThread:18988 [wandb_init.py:init():662] starting run threads in backend
2022-05-23 09:49:31,637 INFO    MainThread:18988 [wandb_run.py:_console_start():1898] atexit reg
2022-05-23 09:49:31,637 INFO    MainThread:18988 [wandb_run.py:_redirect():1771] redirect: SettingsConsole.WRAP
2022-05-23 09:49:31,637 INFO    MainThread:18988 [wandb_run.py:_redirect():1808] Wrapping output streams.
2022-05-23 09:49:31,641 INFO    MainThread:18988 [wandb_run.py:_redirect():1832] Redirects installed.
2022-05-23 09:49:31,641 INFO    MainThread:18988 [wandb_init.py:init():688] run started, returning control to user process
2022-05-23 10:04:47,674 INFO    MainThread:18988 [wandb_run.py:_atexit_cleanup():1867] got exitcode: 1
2022-05-23 10:04:47,677 INFO    MainThread:18988 [wandb_run.py:_restore():1839] restore
2022-05-23 10:04:48,787 INFO    MainThread:18988 [wandb_run.py:_on_finish():1996] got exit ret: file_counts {
  wandb_count: 1
}
pusher_stats {
  uploaded_bytes: 565
  total_bytes: 565
}

2022-05-23 10:04:48,904 INFO    MainThread:18988 [wandb_run.py:_on_finish():1996] got exit ret: file_counts {
  wandb_count: 1
}
pusher_stats {
  uploaded_bytes: 565
  total_bytes: 565
}

2022-05-23 10:04:49,415 INFO    MainThread:18988 [wandb_run.py:_on_finish():1996] got exit ret: file_counts {
  wandb_count: 1
}
pusher_stats {
  uploaded_bytes: 565
  total_bytes: 565
}

2022-05-23 10:04:50,027 INFO    MainThread:18988 [wandb_run.py:_on_finish():1996] got exit ret: file_counts {
  wandb_count: 5
}
pusher_stats {
  uploaded_bytes: 565
  total_bytes: 286987
}

2022-05-23 10:04:50,135 INFO    MainThread:18988 [wandb_run.py:_on_finish():1996] got exit ret: file_counts {
  wandb_count: 5
}
pusher_stats {
  uploaded_bytes: 565
  total_bytes: 286987
}

2022-05-23 10:04:50,240 INFO    MainThread:18988 [wandb_run.py:_on_finish():1996] got exit ret: file_counts {
  wandb_count: 5
}
pusher_stats {
  uploaded_bytes: 565
  total_bytes: 286987
}

2022-05-23 10:04:50,346 INFO    MainThread:18988 [wandb_run.py:_on_finish():1996] got exit ret: file_counts {
  wandb_count: 5
}
pusher_stats {
  uploaded_bytes: 565
  total_bytes: 286987
}

2022-05-23 10:04:50,483 INFO    MainThread:18988 [wandb_run.py:_on_finish():1996] got exit ret: file_counts {
  wandb_count: 5
}
pusher_stats {
  uploaded_bytes: 565
  total_bytes: 286987
}

2022-05-23 10:04:50,590 INFO    MainThread:18988 [wandb_run.py:_on_finish():1996] got exit ret: file_counts {
  wandb_count: 5
}
pusher_stats {
  uploaded_bytes: 565
  total_bytes: 286987
}

2022-05-23 10:04:50,696 INFO    MainThread:18988 [wandb_run.py:_on_finish():1996] got exit ret: file_counts {
  wandb_count: 5
}
pusher_stats {
  uploaded_bytes: 565
  total_bytes: 286987
}

2022-05-23 10:04:50,802 INFO    MainThread:18988 [wandb_run.py:_on_finish():1996] got exit ret: file_counts {
  wandb_count: 5
}
pusher_stats {
  uploaded_bytes: 129885
  total_bytes: 286987
}

2022-05-23 10:04:50,908 INFO    MainThread:18988 [wandb_run.py:_on_finish():1996] got exit ret: file_counts {
  wandb_count: 5
}
pusher_stats {
  uploaded_bytes: 286987
  total_bytes: 286987
}

2022-05-23 10:04:51,015 INFO    MainThread:18988 [wandb_run.py:_on_finish():1996] got exit ret: file_counts {
  wandb_count: 5
}
pusher_stats {
  uploaded_bytes: 286987
  total_bytes: 286987
}

2022-05-23 10:04:51,120 INFO    MainThread:18988 [wandb_run.py:_on_finish():1996] got exit ret: file_counts {
  wandb_count: 5
}
pusher_stats {
  uploaded_bytes: 286987
  total_bytes: 286987
}

2022-05-23 10:04:51,245 INFO    MainThread:18988 [wandb_run.py:_on_finish():1996] got exit ret: file_counts {
  wandb_count: 5
}
pusher_stats {
  uploaded_bytes: 286987
  total_bytes: 286987
}

2022-05-23 10:04:51,351 INFO    MainThread:18988 [wandb_run.py:_on_finish():1996] got exit ret: file_counts {
  wandb_count: 5
}
pusher_stats {
  uploaded_bytes: 286987
  total_bytes: 286987
}

2022-05-23 10:04:51,455 INFO    MainThread:18988 [wandb_run.py:_on_finish():1996] got exit ret: file_counts {
  wandb_count: 5
}
pusher_stats {
  uploaded_bytes: 286987
  total_bytes: 286987
}

2022-05-23 10:04:51,561 INFO    MainThread:18988 [wandb_run.py:_on_finish():1996] got exit ret: file_counts {
  wandb_count: 5
}
pusher_stats {
  uploaded_bytes: 286987
  total_bytes: 286987
}

2022-05-23 10:04:51,667 INFO    MainThread:18988 [wandb_run.py:_on_finish():1996] got exit ret: file_counts {
  wandb_count: 5
}
pusher_stats {
  uploaded_bytes: 286987
  total_bytes: 286987
}

2022-05-23 10:04:51,774 INFO    MainThread:18988 [wandb_run.py:_on_finish():1996] got exit ret: file_counts {
  wandb_count: 5
}
pusher_stats {
  uploaded_bytes: 286987
  total_bytes: 286987
}

2022-05-23 10:04:52,752 INFO    MainThread:18988 [wandb_run.py:_on_finish():1996] got exit ret: file_counts {
  wandb_count: 5
}
pusher_stats {
  uploaded_bytes: 286987
  total_bytes: 286987
}

2022-05-23 10:04:53,690 INFO    MainThread:18988 [wandb_run.py:_on_finish():1996] got exit ret: done: true
exit_result {
}
file_counts {
  wandb_count: 5
}
pusher_stats {
  uploaded_bytes: 286987
  total_bytes: 286987
}
local_info {
}

2022-05-23 10:04:56,248 INFO    MainThread:18988 [wandb_run.py:_footer_history_summary_info():3104] rendering history
2022-05-23 10:04:56,249 INFO    MainThread:18988 [wandb_run.py:_footer_history_summary_info():3136] rendering summary
2022-05-23 10:04:56,265 INFO    MainThread:18988 [wandb_run.py:_footer_sync_info():3060] logging synced files
