2022-05-23 01:28:58,586 INFO    MainThread:17128 [internal.py:wandb_internal():90] W&B internal server running at pid: 17128, started at: 2022-05-23 01:28:58.586952
2022-05-23 01:28:58,589 INFO    WriterThread:17128 [datastore.py:open_for_write():75] open: C:\Projects\Code\Neurals\wandb\run-20220523_012856-2e6eukey\run-2e6eukey.wandb
2022-05-23 01:28:58,596 DEBUG   SenderThread:17128 [sender.py:send():232] send: header
2022-05-23 01:28:58,596 DEBUG   SenderThread:17128 [sender.py:send():232] send: run
2022-05-23 01:28:58,914 INFO    SenderThread:17128 [dir_watcher.py:__init__():197] watching files in: C:\Projects\Code\Neurals\wandb\run-20220523_012856-2e6eukey\files
2022-05-23 01:28:58,914 INFO    SenderThread:17128 [sender.py:_start_run_threads():811] run started: 2e6eukey with start time 1653233336
2022-05-23 01:28:58,914 DEBUG   SenderThread:17128 [sender.py:send():232] send: summary
2022-05-23 01:28:58,914 DEBUG   HandlerThread:17128 [handler.py:handle_request():141] handle_request: check_version
2022-05-23 01:28:58,915 INFO    SenderThread:17128 [sender.py:_save_file():948] saving file wandb-summary.json with policy end
2022-05-23 01:28:58,915 DEBUG   SenderThread:17128 [sender.py:send_request():246] send_request: check_version
2022-05-23 01:28:58,978 DEBUG   HandlerThread:17128 [handler.py:handle_request():141] handle_request: run_start
2022-05-23 01:28:59,920 INFO    Thread-11 :17128 [dir_watcher.py:_on_file_created():244] file/dir created: C:\Projects\Code\Neurals\wandb\run-20220523_012856-2e6eukey\files\wandb-summary.json
2022-05-23 01:29:01,016 DEBUG   HandlerThread:17128 [meta.py:__init__():35] meta init
2022-05-23 01:29:01,016 DEBUG   HandlerThread:17128 [meta.py:__init__():49] meta init done
2022-05-23 01:29:01,016 DEBUG   HandlerThread:17128 [meta.py:probe():209] probe
2022-05-23 01:29:01,036 DEBUG   HandlerThread:17128 [git.py:repo():29] git repository is invalid
2022-05-23 01:29:01,036 DEBUG   HandlerThread:17128 [meta.py:_save_pip():53] save pip
2022-05-23 01:29:01,037 DEBUG   HandlerThread:17128 [meta.py:_save_pip():67] save pip done
2022-05-23 01:29:01,037 DEBUG   HandlerThread:17128 [meta.py:probe():247] probe done
2022-05-23 01:29:01,043 DEBUG   SenderThread:17128 [sender.py:send():232] send: files
2022-05-23 01:29:01,043 INFO    SenderThread:17128 [sender.py:_save_file():948] saving file wandb-metadata.json with policy now
2022-05-23 01:29:01,051 DEBUG   HandlerThread:17128 [handler.py:handle_request():141] handle_request: stop_status
2022-05-23 01:29:01,052 DEBUG   SenderThread:17128 [sender.py:send_request():246] send_request: stop_status
2022-05-23 01:29:01,322 DEBUG   SenderThread:17128 [sender.py:send():232] send: telemetry
2022-05-23 01:29:01,374 DEBUG   SenderThread:17128 [sender.py:send():232] send: telemetry
2022-05-23 01:29:01,939 INFO    Thread-11 :17128 [dir_watcher.py:_on_file_created():244] file/dir created: C:\Projects\Code\Neurals\wandb\run-20220523_012856-2e6eukey\files\wandb-metadata.json
2022-05-23 01:29:01,939 INFO    Thread-11 :17128 [dir_watcher.py:_on_file_created():244] file/dir created: C:\Projects\Code\Neurals\wandb\run-20220523_012856-2e6eukey\files\requirements.txt
2022-05-23 01:29:01,940 INFO    Thread-11 :17128 [dir_watcher.py:_on_file_created():244] file/dir created: C:\Projects\Code\Neurals\wandb\run-20220523_012856-2e6eukey\files\output.log
2022-05-23 01:29:02,071 DEBUG   SenderThread:17128 [sender.py:send():232] send: exit
2022-05-23 01:29:02,071 DEBUG   HandlerThread:17128 [handler.py:handle_request():141] handle_request: poll_exit
2022-05-23 01:29:02,071 INFO    SenderThread:17128 [sender.py:send_exit():368] handling exit code: 1
2022-05-23 01:29:02,072 INFO    SenderThread:17128 [sender.py:send_exit():370] handling runtime: 3
2022-05-23 01:29:02,072 INFO    SenderThread:17128 [sender.py:_save_file():948] saving file wandb-summary.json with policy end
2022-05-23 01:29:02,072 INFO    SenderThread:17128 [sender.py:send_exit():376] send defer
2022-05-23 01:29:02,073 DEBUG   SenderThread:17128 [sender.py:send_request():246] send_request: poll_exit
2022-05-23 01:29:02,073 DEBUG   HandlerThread:17128 [handler.py:handle_request():141] handle_request: defer
2022-05-23 01:29:02,074 INFO    HandlerThread:17128 [handler.py:handle_request_defer():164] handle defer: 0
2022-05-23 01:29:02,074 DEBUG   SenderThread:17128 [sender.py:send_request():246] send_request: defer
2022-05-23 01:29:02,074 INFO    SenderThread:17128 [sender.py:send_request_defer():385] handle sender defer: 0
2022-05-23 01:29:02,074 INFO    SenderThread:17128 [sender.py:transition_state():389] send defer: 1
2022-05-23 01:29:02,074 DEBUG   HandlerThread:17128 [handler.py:handle_request():141] handle_request: defer
2022-05-23 01:29:02,074 INFO    HandlerThread:17128 [handler.py:handle_request_defer():164] handle defer: 1
2022-05-23 01:29:02,092 INFO    Thread-15 :17128 [upload_job.py:push():132] Uploaded file C:\Users\MAXIMN~1\AppData\Local\Temp\tmpjv8w9jbowandb\2v3n7362-wandb-metadata.json
2022-05-23 01:29:02,123 DEBUG   SenderThread:17128 [sender.py:send_request():246] send_request: defer
2022-05-23 01:29:02,123 INFO    SenderThread:17128 [sender.py:send_request_defer():385] handle sender defer: 1
2022-05-23 01:29:02,123 INFO    SenderThread:17128 [sender.py:transition_state():389] send defer: 2
2022-05-23 01:29:02,123 DEBUG   SenderThread:17128 [sender.py:send():232] send: stats
2022-05-23 01:29:02,124 DEBUG   HandlerThread:17128 [handler.py:handle_request():141] handle_request: defer
2022-05-23 01:29:02,124 INFO    HandlerThread:17128 [handler.py:handle_request_defer():164] handle defer: 2
2022-05-23 01:29:02,124 DEBUG   SenderThread:17128 [sender.py:send_request():246] send_request: defer
2022-05-23 01:29:02,124 INFO    SenderThread:17128 [sender.py:send_request_defer():385] handle sender defer: 2
2022-05-23 01:29:02,124 INFO    SenderThread:17128 [sender.py:transition_state():389] send defer: 3
2022-05-23 01:29:02,125 DEBUG   HandlerThread:17128 [handler.py:handle_request():141] handle_request: defer
2022-05-23 01:29:02,125 INFO    HandlerThread:17128 [handler.py:handle_request_defer():164] handle defer: 3
2022-05-23 01:29:02,125 DEBUG   SenderThread:17128 [sender.py:send_request():246] send_request: defer
2022-05-23 01:29:02,125 INFO    SenderThread:17128 [sender.py:send_request_defer():385] handle sender defer: 3
2022-05-23 01:29:02,125 INFO    SenderThread:17128 [sender.py:transition_state():389] send defer: 4
2022-05-23 01:29:02,125 DEBUG   HandlerThread:17128 [handler.py:handle_request():141] handle_request: defer
2022-05-23 01:29:02,125 INFO    HandlerThread:17128 [handler.py:handle_request_defer():164] handle defer: 4
2022-05-23 01:29:02,126 DEBUG   SenderThread:17128 [sender.py:send():232] send: summary
2022-05-23 01:29:02,126 INFO    SenderThread:17128 [sender.py:_save_file():948] saving file wandb-summary.json with policy end
2022-05-23 01:29:02,126 DEBUG   SenderThread:17128 [sender.py:send_request():246] send_request: defer
2022-05-23 01:29:02,126 INFO    SenderThread:17128 [sender.py:send_request_defer():385] handle sender defer: 4
2022-05-23 01:29:02,126 INFO    SenderThread:17128 [sender.py:transition_state():389] send defer: 5
2022-05-23 01:29:02,127 DEBUG   HandlerThread:17128 [handler.py:handle_request():141] handle_request: defer
2022-05-23 01:29:02,127 INFO    HandlerThread:17128 [handler.py:handle_request_defer():164] handle defer: 5
2022-05-23 01:29:02,127 DEBUG   SenderThread:17128 [sender.py:send_request():246] send_request: defer
2022-05-23 01:29:02,127 INFO    SenderThread:17128 [sender.py:send_request_defer():385] handle sender defer: 5
2022-05-23 01:29:02,175 DEBUG   HandlerThread:17128 [handler.py:handle_request():141] handle_request: poll_exit
2022-05-23 01:29:02,432 INFO    SenderThread:17128 [sender.py:transition_state():389] send defer: 6
2022-05-23 01:29:02,432 DEBUG   SenderThread:17128 [sender.py:send_request():246] send_request: poll_exit
2022-05-23 01:29:02,434 DEBUG   HandlerThread:17128 [handler.py:handle_request():141] handle_request: defer
2022-05-23 01:29:02,434 INFO    HandlerThread:17128 [handler.py:handle_request_defer():164] handle defer: 6
2022-05-23 01:29:02,434 DEBUG   SenderThread:17128 [sender.py:send_request():246] send_request: defer
2022-05-23 01:29:02,434 INFO    SenderThread:17128 [sender.py:send_request_defer():385] handle sender defer: 6
2022-05-23 01:29:02,434 INFO    SenderThread:17128 [dir_watcher.py:finish():312] shutting down directory watcher
2022-05-23 01:29:02,536 DEBUG   HandlerThread:17128 [handler.py:handle_request():141] handle_request: poll_exit
2022-05-23 01:29:02,948 INFO    SenderThread:17128 [dir_watcher.py:_on_file_modified():257] file/dir modified: C:\Projects\Code\Neurals\wandb\run-20220523_012856-2e6eukey\files\config.yaml
2022-05-23 01:29:02,949 INFO    SenderThread:17128 [dir_watcher.py:_on_file_modified():257] file/dir modified: C:\Projects\Code\Neurals\wandb\run-20220523_012856-2e6eukey\files\wandb-summary.json
2022-05-23 01:29:02,949 INFO    SenderThread:17128 [dir_watcher.py:_on_file_modified():257] file/dir modified: C:\Projects\Code\Neurals\wandb\run-20220523_012856-2e6eukey\files\output.log
2022-05-23 01:29:02,949 INFO    SenderThread:17128 [dir_watcher.py:finish():342] scan: C:\Projects\Code\Neurals\wandb\run-20220523_012856-2e6eukey\files
2022-05-23 01:29:02,950 INFO    SenderThread:17128 [dir_watcher.py:finish():356] scan save: C:\Projects\Code\Neurals\wandb\run-20220523_012856-2e6eukey\files\config.yaml config.yaml
2022-05-23 01:29:02,950 INFO    SenderThread:17128 [dir_watcher.py:finish():356] scan save: C:\Projects\Code\Neurals\wandb\run-20220523_012856-2e6eukey\files\output.log output.log
2022-05-23 01:29:02,951 INFO    SenderThread:17128 [dir_watcher.py:finish():356] scan save: C:\Projects\Code\Neurals\wandb\run-20220523_012856-2e6eukey\files\requirements.txt requirements.txt
2022-05-23 01:29:02,952 INFO    SenderThread:17128 [dir_watcher.py:finish():356] scan save: C:\Projects\Code\Neurals\wandb\run-20220523_012856-2e6eukey\files\wandb-metadata.json wandb-metadata.json
2022-05-23 01:29:02,953 INFO    SenderThread:17128 [dir_watcher.py:finish():356] scan save: C:\Projects\Code\Neurals\wandb\run-20220523_012856-2e6eukey\files\wandb-summary.json wandb-summary.json
2022-05-23 01:29:02,958 INFO    SenderThread:17128 [sender.py:transition_state():389] send defer: 7
2022-05-23 01:29:02,959 DEBUG   SenderThread:17128 [sender.py:send_request():246] send_request: poll_exit
2022-05-23 01:29:02,960 DEBUG   HandlerThread:17128 [handler.py:handle_request():141] handle_request: defer
2022-05-23 01:29:02,960 INFO    HandlerThread:17128 [handler.py:handle_request_defer():164] handle defer: 7
2022-05-23 01:29:02,963 DEBUG   SenderThread:17128 [sender.py:send_request():246] send_request: defer
2022-05-23 01:29:02,963 INFO    SenderThread:17128 [sender.py:send_request_defer():385] handle sender defer: 7
2022-05-23 01:29:02,963 INFO    SenderThread:17128 [file_pusher.py:finish():145] shutting down file pusher
2022-05-23 01:29:03,061 DEBUG   HandlerThread:17128 [handler.py:handle_request():141] handle_request: poll_exit
2022-05-23 01:29:03,062 DEBUG   SenderThread:17128 [sender.py:send_request():246] send_request: poll_exit
2022-05-23 01:29:03,164 DEBUG   HandlerThread:17128 [handler.py:handle_request():141] handle_request: poll_exit
2022-05-23 01:29:03,165 DEBUG   SenderThread:17128 [sender.py:send_request():246] send_request: poll_exit
2022-05-23 01:29:03,267 DEBUG   HandlerThread:17128 [handler.py:handle_request():141] handle_request: poll_exit
2022-05-23 01:29:03,267 DEBUG   SenderThread:17128 [sender.py:send_request():246] send_request: poll_exit
2022-05-23 01:29:03,370 DEBUG   HandlerThread:17128 [handler.py:handle_request():141] handle_request: poll_exit
2022-05-23 01:29:03,370 DEBUG   SenderThread:17128 [sender.py:send_request():246] send_request: poll_exit
2022-05-23 01:29:03,471 DEBUG   HandlerThread:17128 [handler.py:handle_request():141] handle_request: poll_exit
2022-05-23 01:29:03,471 DEBUG   SenderThread:17128 [sender.py:send_request():246] send_request: poll_exit
2022-05-23 01:29:03,573 DEBUG   HandlerThread:17128 [handler.py:handle_request():141] handle_request: poll_exit
2022-05-23 01:29:03,573 DEBUG   SenderThread:17128 [sender.py:send_request():246] send_request: poll_exit
2022-05-23 01:29:03,675 DEBUG   HandlerThread:17128 [handler.py:handle_request():141] handle_request: poll_exit
2022-05-23 01:29:03,675 DEBUG   SenderThread:17128 [sender.py:send_request():246] send_request: poll_exit
2022-05-23 01:29:03,777 DEBUG   HandlerThread:17128 [handler.py:handle_request():141] handle_request: poll_exit
2022-05-23 01:29:03,778 DEBUG   SenderThread:17128 [sender.py:send_request():246] send_request: poll_exit
2022-05-23 01:29:03,832 INFO    Thread-17 :17128 [upload_job.py:push():132] Uploaded file C:\Projects\Code\Neurals\wandb\run-20220523_012856-2e6eukey\files\output.log
2022-05-23 01:29:03,835 INFO    Thread-16 :17128 [upload_job.py:push():132] Uploaded file C:\Projects\Code\Neurals\wandb\run-20220523_012856-2e6eukey\files\config.yaml
2022-05-23 01:29:03,836 INFO    Thread-19 :17128 [upload_job.py:push():132] Uploaded file C:\Projects\Code\Neurals\wandb\run-20220523_012856-2e6eukey\files\wandb-summary.json
2022-05-23 01:29:03,837 INFO    Thread-18 :17128 [upload_job.py:push():132] Uploaded file C:\Projects\Code\Neurals\wandb\run-20220523_012856-2e6eukey\files\requirements.txt
2022-05-23 01:29:03,881 DEBUG   HandlerThread:17128 [handler.py:handle_request():141] handle_request: poll_exit
2022-05-23 01:29:03,881 DEBUG   SenderThread:17128 [sender.py:send_request():246] send_request: poll_exit
2022-05-23 01:29:03,983 DEBUG   HandlerThread:17128 [handler.py:handle_request():141] handle_request: poll_exit
2022-05-23 01:29:03,984 DEBUG   SenderThread:17128 [sender.py:send_request():246] send_request: poll_exit
2022-05-23 01:29:04,039 INFO    Thread-10 :17128 [sender.py:transition_state():389] send defer: 8
2022-05-23 01:29:04,039 DEBUG   HandlerThread:17128 [handler.py:handle_request():141] handle_request: defer
2022-05-23 01:29:04,039 INFO    HandlerThread:17128 [handler.py:handle_request_defer():164] handle defer: 8
2022-05-23 01:29:04,039 DEBUG   SenderThread:17128 [sender.py:send_request():246] send_request: defer
2022-05-23 01:29:04,040 INFO    SenderThread:17128 [sender.py:send_request_defer():385] handle sender defer: 8
2022-05-23 01:29:04,084 DEBUG   HandlerThread:17128 [handler.py:handle_request():141] handle_request: poll_exit
2022-05-23 01:29:04,525 INFO    SenderThread:17128 [sender.py:transition_state():389] send defer: 9
2022-05-23 01:29:04,526 DEBUG   SenderThread:17128 [sender.py:send_request():246] send_request: poll_exit
2022-05-23 01:29:04,527 DEBUG   HandlerThread:17128 [handler.py:handle_request():141] handle_request: defer
2022-05-23 01:29:04,527 INFO    HandlerThread:17128 [handler.py:handle_request_defer():164] handle defer: 9
2022-05-23 01:29:04,527 DEBUG   SenderThread:17128 [sender.py:send_request():246] send_request: defer
2022-05-23 01:29:04,527 INFO    SenderThread:17128 [sender.py:send_request_defer():385] handle sender defer: 9
2022-05-23 01:29:04,527 INFO    SenderThread:17128 [sender.py:transition_state():389] send defer: 10
2022-05-23 01:29:04,528 DEBUG   HandlerThread:17128 [handler.py:handle_request():141] handle_request: defer
2022-05-23 01:29:04,528 DEBUG   SenderThread:17128 [sender.py:send():232] send: final
2022-05-23 01:29:04,529 INFO    HandlerThread:17128 [handler.py:handle_request_defer():164] handle defer: 10
2022-05-23 01:29:04,529 DEBUG   SenderThread:17128 [sender.py:send():232] send: footer
2022-05-23 01:29:04,529 DEBUG   SenderThread:17128 [sender.py:send_request():246] send_request: defer
2022-05-23 01:29:04,529 INFO    SenderThread:17128 [sender.py:send_request_defer():385] handle sender defer: 10
2022-05-23 01:29:04,628 DEBUG   HandlerThread:17128 [handler.py:handle_request():141] handle_request: poll_exit
2022-05-23 01:29:04,628 DEBUG   SenderThread:17128 [sender.py:send_request():246] send_request: poll_exit
2022-05-23 01:29:04,628 INFO    SenderThread:17128 [file_pusher.py:join():150] waiting for file pusher
2022-05-23 01:29:05,263 DEBUG   HandlerThread:17128 [handler.py:handle_request():141] handle_request: sampled_history
2022-05-23 01:29:05,264 DEBUG   HandlerThread:17128 [handler.py:handle_request():141] handle_request: get_summary
2022-05-23 01:29:05,266 DEBUG   HandlerThread:17128 [handler.py:handle_request():141] handle_request: shutdown
2022-05-23 01:29:05,266 INFO    HandlerThread:17128 [handler.py:finish():806] shutting down handler
2022-05-23 01:29:05,542 INFO    WriterThread:17128 [datastore.py:close():279] close: C:\Projects\Code\Neurals\wandb\run-20220523_012856-2e6eukey\run-2e6eukey.wandb
2022-05-23 01:29:06,171 INFO    SenderThread:17128 [sender.py:finish():1110] shutting down sender
2022-05-23 01:29:06,171 INFO    SenderThread:17128 [file_pusher.py:finish():145] shutting down file pusher
2022-05-23 01:29:06,171 INFO    SenderThread:17128 [file_pusher.py:join():150] waiting for file pusher
2022-05-23 01:29:06,182 INFO    MainThread:17128 [internal.py:handle_exit():80] Internal process exited
