2022-05-24 10:18:38,078 INFO    MainThread:6212 [internal.py:wandb_internal():90] W&B internal server running at pid: 6212, started at: 2022-05-24 10:18:38.070208
2022-05-24 10:18:38,078 INFO    WriterThread:6212 [datastore.py:open_for_write():75] open: C:\Projects\Code\Neurals\wandb\run-20220524_101836-ht6pzh96\run-ht6pzh96.wandb
2022-05-24 10:18:38,088 DEBUG   SenderThread:6212 [sender.py:send():232] send: header
2022-05-24 10:18:38,088 DEBUG   SenderThread:6212 [sender.py:send():232] send: run
2022-05-24 10:18:38,410 DEBUG   HandlerThread:6212 [handler.py:handle_request():141] handle_request: check_version
2022-05-24 10:18:38,410 INFO    SenderThread:6212 [dir_watcher.py:__init__():197] watching files in: C:\Projects\Code\Neurals\wandb\run-20220524_101836-ht6pzh96\files
2022-05-24 10:18:38,410 INFO    SenderThread:6212 [sender.py:_start_run_threads():811] run started: ht6pzh96 with start time 1653351516
2022-05-24 10:18:38,410 DEBUG   SenderThread:6212 [sender.py:send():232] send: summary
2022-05-24 10:18:38,410 INFO    SenderThread:6212 [sender.py:_save_file():948] saving file wandb-summary.json with policy end
2022-05-24 10:18:38,410 DEBUG   SenderThread:6212 [sender.py:send_request():246] send_request: check_version
2022-05-24 10:18:38,491 DEBUG   HandlerThread:6212 [handler.py:handle_request():141] handle_request: run_start
2022-05-24 10:18:39,422 INFO    Thread-11 :6212 [dir_watcher.py:_on_file_created():244] file/dir created: C:\Projects\Code\Neurals\wandb\run-20220524_101836-ht6pzh96\files\wandb-summary.json
2022-05-24 10:18:40,291 DEBUG   HandlerThread:6212 [meta.py:__init__():35] meta init
2022-05-24 10:18:40,291 DEBUG   HandlerThread:6212 [meta.py:__init__():49] meta init done
2022-05-24 10:18:40,291 DEBUG   HandlerThread:6212 [meta.py:probe():209] probe
2022-05-24 10:18:40,307 DEBUG   HandlerThread:6212 [git.py:repo():29] git repository is invalid
2022-05-24 10:18:40,307 DEBUG   HandlerThread:6212 [meta.py:_save_pip():53] save pip
2022-05-24 10:18:40,319 DEBUG   HandlerThread:6212 [meta.py:_save_pip():67] save pip done
2022-05-24 10:18:40,319 DEBUG   HandlerThread:6212 [meta.py:probe():247] probe done
2022-05-24 10:18:40,319 DEBUG   SenderThread:6212 [sender.py:send():232] send: files
2022-05-24 10:18:40,319 INFO    SenderThread:6212 [sender.py:_save_file():948] saving file wandb-metadata.json with policy now
2022-05-24 10:18:40,327 DEBUG   HandlerThread:6212 [handler.py:handle_request():141] handle_request: stop_status
2022-05-24 10:18:40,327 DEBUG   SenderThread:6212 [sender.py:send_request():246] send_request: stop_status
2022-05-24 10:18:40,437 INFO    Thread-11 :6212 [dir_watcher.py:_on_file_created():244] file/dir created: C:\Projects\Code\Neurals\wandb\run-20220524_101836-ht6pzh96\files\wandb-metadata.json
2022-05-24 10:18:40,438 INFO    Thread-11 :6212 [dir_watcher.py:_on_file_created():244] file/dir created: C:\Projects\Code\Neurals\wandb\run-20220524_101836-ht6pzh96\files\requirements.txt
2022-05-24 10:18:40,438 INFO    Thread-11 :6212 [dir_watcher.py:_on_file_created():244] file/dir created: C:\Projects\Code\Neurals\wandb\run-20220524_101836-ht6pzh96\files\output.log
2022-05-24 10:18:40,617 DEBUG   SenderThread:6212 [sender.py:send():232] send: telemetry
2022-05-24 10:18:41,149 INFO    Thread-15 :6212 [upload_job.py:push():132] Uploaded file C:\Users\MAXIMN~1\AppData\Local\Temp\tmp19sbnkd8wandb\mbo7a724-wandb-metadata.json
2022-05-24 10:18:42,457 INFO    Thread-11 :6212 [dir_watcher.py:_on_file_modified():257] file/dir modified: C:\Projects\Code\Neurals\wandb\run-20220524_101836-ht6pzh96\files\output.log
2022-05-24 10:18:44,466 INFO    Thread-11 :6212 [dir_watcher.py:_on_file_modified():257] file/dir modified: C:\Projects\Code\Neurals\wandb\run-20220524_101836-ht6pzh96\files\output.log
2022-05-24 10:18:44,494 DEBUG   HandlerThread:6212 [handler.py:handle_request():141] handle_request: partial_history
2022-05-24 10:18:44,495 DEBUG   SenderThread:6212 [sender.py:send():232] send: history
2022-05-24 10:18:44,495 DEBUG   SenderThread:6212 [sender.py:send():232] send: summary
2022-05-24 10:18:44,495 INFO    SenderThread:6212 [sender.py:_save_file():948] saving file wandb-summary.json with policy end
2022-05-24 10:18:45,468 INFO    Thread-11 :6212 [dir_watcher.py:_on_file_modified():257] file/dir modified: C:\Projects\Code\Neurals\wandb\run-20220524_101836-ht6pzh96\files\wandb-summary.json
