2022-05-24 10:08:31,931 INFO    MainThread:11228 [internal.py:wandb_internal():90] W&B internal server running at pid: 11228, started at: 2022-05-24 10:08:31.915313
2022-05-24 10:08:31,931 INFO    WriterThread:11228 [datastore.py:open_for_write():75] open: C:\Projects\Code\Neurals\wandb\run-20220524_100830-3jjysvth\run-3jjysvth.wandb
2022-05-24 10:08:31,941 DEBUG   SenderThread:11228 [sender.py:send():232] send: header
2022-05-24 10:08:31,941 DEBUG   SenderThread:11228 [sender.py:send():232] send: run
2022-05-24 10:08:32,269 DEBUG   HandlerThread:11228 [handler.py:handle_request():141] handle_request: check_version
2022-05-24 10:08:32,275 INFO    SenderThread:11228 [dir_watcher.py:__init__():197] watching files in: C:\Projects\Code\Neurals\wandb\run-20220524_100830-3jjysvth\files
2022-05-24 10:08:32,275 INFO    SenderThread:11228 [sender.py:_start_run_threads():811] run started: 3jjysvth with start time 1653350910
2022-05-24 10:08:32,275 DEBUG   SenderThread:11228 [sender.py:send():232] send: summary
2022-05-24 10:08:32,275 INFO    SenderThread:11228 [sender.py:_save_file():948] saving file wandb-summary.json with policy end
2022-05-24 10:08:32,275 DEBUG   SenderThread:11228 [sender.py:send_request():246] send_request: check_version
2022-05-24 10:08:32,368 DEBUG   HandlerThread:11228 [handler.py:handle_request():141] handle_request: run_start
2022-05-24 10:08:33,287 INFO    Thread-11 :11228 [dir_watcher.py:_on_file_created():244] file/dir created: C:\Projects\Code\Neurals\wandb\run-20220524_100830-3jjysvth\files\wandb-summary.json
2022-05-24 10:08:34,153 DEBUG   HandlerThread:11228 [meta.py:__init__():35] meta init
2022-05-24 10:08:34,153 DEBUG   HandlerThread:11228 [meta.py:__init__():49] meta init done
2022-05-24 10:08:34,153 DEBUG   HandlerThread:11228 [meta.py:probe():209] probe
2022-05-24 10:08:34,177 DEBUG   HandlerThread:11228 [git.py:repo():29] git repository is invalid
2022-05-24 10:08:34,177 DEBUG   HandlerThread:11228 [meta.py:_save_pip():53] save pip
2022-05-24 10:08:34,177 DEBUG   HandlerThread:11228 [meta.py:_save_pip():67] save pip done
2022-05-24 10:08:34,177 DEBUG   HandlerThread:11228 [meta.py:probe():247] probe done
2022-05-24 10:08:34,189 DEBUG   SenderThread:11228 [sender.py:send():232] send: files
2022-05-24 10:08:34,189 INFO    SenderThread:11228 [sender.py:_save_file():948] saving file wandb-metadata.json with policy now
2022-05-24 10:08:34,197 DEBUG   HandlerThread:11228 [handler.py:handle_request():141] handle_request: stop_status
2022-05-24 10:08:34,197 DEBUG   SenderThread:11228 [sender.py:send_request():246] send_request: stop_status
2022-05-24 10:08:34,296 INFO    Thread-11 :11228 [dir_watcher.py:_on_file_created():244] file/dir created: C:\Projects\Code\Neurals\wandb\run-20220524_100830-3jjysvth\files\requirements.txt
2022-05-24 10:08:34,297 INFO    Thread-11 :11228 [dir_watcher.py:_on_file_created():244] file/dir created: C:\Projects\Code\Neurals\wandb\run-20220524_100830-3jjysvth\files\wandb-metadata.json
2022-05-24 10:08:34,297 INFO    Thread-11 :11228 [dir_watcher.py:_on_file_created():244] file/dir created: C:\Projects\Code\Neurals\wandb\run-20220524_100830-3jjysvth\files\output.log
2022-05-24 10:08:34,488 DEBUG   SenderThread:11228 [sender.py:send():232] send: telemetry
2022-05-24 10:08:34,524 DEBUG   SenderThread:11228 [sender.py:send():232] send: telemetry
2022-05-24 10:08:34,829 DEBUG   SenderThread:11228 [sender.py:send():232] send: exit
2022-05-24 10:08:34,829 INFO    SenderThread:11228 [sender.py:send_exit():368] handling exit code: 1
2022-05-24 10:08:34,829 INFO    SenderThread:11228 [sender.py:send_exit():370] handling runtime: 2
2022-05-24 10:08:34,830 DEBUG   HandlerThread:11228 [handler.py:handle_request():141] handle_request: poll_exit
2022-05-24 10:08:34,830 INFO    SenderThread:11228 [sender.py:_save_file():948] saving file wandb-summary.json with policy end
2022-05-24 10:08:34,831 INFO    SenderThread:11228 [sender.py:send_exit():376] send defer
2022-05-24 10:08:34,831 DEBUG   SenderThread:11228 [sender.py:send_request():246] send_request: poll_exit
2022-05-24 10:08:34,831 DEBUG   HandlerThread:11228 [handler.py:handle_request():141] handle_request: defer
2022-05-24 10:08:34,831 INFO    HandlerThread:11228 [handler.py:handle_request_defer():164] handle defer: 0
2022-05-24 10:08:34,832 DEBUG   SenderThread:11228 [sender.py:send_request():246] send_request: defer
2022-05-24 10:08:34,832 INFO    SenderThread:11228 [sender.py:send_request_defer():385] handle sender defer: 0
2022-05-24 10:08:34,832 INFO    SenderThread:11228 [sender.py:transition_state():389] send defer: 1
2022-05-24 10:08:34,832 DEBUG   HandlerThread:11228 [handler.py:handle_request():141] handle_request: defer
2022-05-24 10:08:34,832 INFO    HandlerThread:11228 [handler.py:handle_request_defer():164] handle defer: 1
2022-05-24 10:08:34,949 DEBUG   SenderThread:11228 [sender.py:send_request():246] send_request: defer
2022-05-24 10:08:34,949 INFO    SenderThread:11228 [sender.py:send_request_defer():385] handle sender defer: 1
2022-05-24 10:08:34,949 INFO    SenderThread:11228 [sender.py:transition_state():389] send defer: 2
2022-05-24 10:08:34,949 DEBUG   HandlerThread:11228 [handler.py:handle_request():141] handle_request: poll_exit
2022-05-24 10:08:34,949 DEBUG   SenderThread:11228 [sender.py:send_request():246] send_request: poll_exit
2022-05-24 10:08:34,950 DEBUG   HandlerThread:11228 [handler.py:handle_request():141] handle_request: defer
2022-05-24 10:08:34,950 INFO    HandlerThread:11228 [handler.py:handle_request_defer():164] handle defer: 2
2022-05-24 10:08:34,951 DEBUG   SenderThread:11228 [sender.py:send():232] send: stats
2022-05-24 10:08:34,951 DEBUG   SenderThread:11228 [sender.py:send_request():246] send_request: defer
2022-05-24 10:08:34,951 INFO    SenderThread:11228 [sender.py:send_request_defer():385] handle sender defer: 2
2022-05-24 10:08:34,951 INFO    SenderThread:11228 [sender.py:transition_state():389] send defer: 3
2022-05-24 10:08:34,952 DEBUG   HandlerThread:11228 [handler.py:handle_request():141] handle_request: defer
2022-05-24 10:08:34,952 INFO    HandlerThread:11228 [handler.py:handle_request_defer():164] handle defer: 3
2022-05-24 10:08:34,952 DEBUG   SenderThread:11228 [sender.py:send_request():246] send_request: defer
2022-05-24 10:08:34,952 INFO    SenderThread:11228 [sender.py:send_request_defer():385] handle sender defer: 3
2022-05-24 10:08:34,952 INFO    SenderThread:11228 [sender.py:transition_state():389] send defer: 4
2022-05-24 10:08:34,953 DEBUG   HandlerThread:11228 [handler.py:handle_request():141] handle_request: defer
2022-05-24 10:08:34,953 INFO    HandlerThread:11228 [handler.py:handle_request_defer():164] handle defer: 4
2022-05-24 10:08:34,953 DEBUG   SenderThread:11228 [sender.py:send():232] send: summary
2022-05-24 10:08:34,954 INFO    SenderThread:11228 [sender.py:_save_file():948] saving file wandb-summary.json with policy end
2022-05-24 10:08:34,954 DEBUG   SenderThread:11228 [sender.py:send_request():246] send_request: defer
2022-05-24 10:08:34,954 INFO    SenderThread:11228 [sender.py:send_request_defer():385] handle sender defer: 4
2022-05-24 10:08:34,954 INFO    SenderThread:11228 [sender.py:transition_state():389] send defer: 5
2022-05-24 10:08:34,954 DEBUG   HandlerThread:11228 [handler.py:handle_request():141] handle_request: defer
2022-05-24 10:08:34,955 INFO    HandlerThread:11228 [handler.py:handle_request_defer():164] handle defer: 5
2022-05-24 10:08:34,955 DEBUG   SenderThread:11228 [sender.py:send_request():246] send_request: defer
2022-05-24 10:08:34,955 INFO    SenderThread:11228 [sender.py:send_request_defer():385] handle sender defer: 5
2022-05-24 10:08:35,052 INFO    Thread-15 :11228 [upload_job.py:push():132] Uploaded file C:\Users\MAXIMN~1\AppData\Local\Temp\tmp5msa21qpwandb\3ffkg8ht-wandb-metadata.json
2022-05-24 10:08:35,052 DEBUG   HandlerThread:11228 [handler.py:handle_request():141] handle_request: poll_exit
2022-05-24 10:08:35,274 INFO    SenderThread:11228 [sender.py:transition_state():389] send defer: 6
2022-05-24 10:08:35,274 DEBUG   SenderThread:11228 [sender.py:send_request():246] send_request: poll_exit
2022-05-24 10:08:35,275 DEBUG   HandlerThread:11228 [handler.py:handle_request():141] handle_request: defer
2022-05-24 10:08:35,275 INFO    HandlerThread:11228 [handler.py:handle_request_defer():164] handle defer: 6
2022-05-24 10:08:35,275 DEBUG   SenderThread:11228 [sender.py:send_request():246] send_request: defer
2022-05-24 10:08:35,275 INFO    SenderThread:11228 [sender.py:send_request_defer():385] handle sender defer: 6
2022-05-24 10:08:35,275 INFO    SenderThread:11228 [dir_watcher.py:finish():312] shutting down directory watcher
2022-05-24 10:08:35,303 INFO    SenderThread:11228 [dir_watcher.py:_on_file_modified():257] file/dir modified: C:\Projects\Code\Neurals\wandb\run-20220524_100830-3jjysvth\files\output.log
2022-05-24 10:08:35,303 INFO    SenderThread:11228 [dir_watcher.py:_on_file_modified():257] file/dir modified: C:\Projects\Code\Neurals\wandb\run-20220524_100830-3jjysvth\files\config.yaml
2022-05-24 10:08:35,303 INFO    SenderThread:11228 [dir_watcher.py:_on_file_modified():257] file/dir modified: C:\Projects\Code\Neurals\wandb\run-20220524_100830-3jjysvth\files\wandb-summary.json
2022-05-24 10:08:35,304 INFO    SenderThread:11228 [dir_watcher.py:finish():342] scan: C:\Projects\Code\Neurals\wandb\run-20220524_100830-3jjysvth\files
2022-05-24 10:08:35,304 INFO    SenderThread:11228 [dir_watcher.py:finish():356] scan save: C:\Projects\Code\Neurals\wandb\run-20220524_100830-3jjysvth\files\config.yaml config.yaml
2022-05-24 10:08:35,304 INFO    SenderThread:11228 [dir_watcher.py:finish():356] scan save: C:\Projects\Code\Neurals\wandb\run-20220524_100830-3jjysvth\files\output.log output.log
2022-05-24 10:08:35,305 INFO    SenderThread:11228 [dir_watcher.py:finish():356] scan save: C:\Projects\Code\Neurals\wandb\run-20220524_100830-3jjysvth\files\requirements.txt requirements.txt
2022-05-24 10:08:35,308 INFO    SenderThread:11228 [dir_watcher.py:finish():356] scan save: C:\Projects\Code\Neurals\wandb\run-20220524_100830-3jjysvth\files\wandb-metadata.json wandb-metadata.json
2022-05-24 10:08:35,310 INFO    SenderThread:11228 [dir_watcher.py:finish():356] scan save: C:\Projects\Code\Neurals\wandb\run-20220524_100830-3jjysvth\files\wandb-summary.json wandb-summary.json
2022-05-24 10:08:35,312 INFO    SenderThread:11228 [sender.py:transition_state():389] send defer: 7
2022-05-24 10:08:35,317 DEBUG   HandlerThread:11228 [handler.py:handle_request():141] handle_request: defer
2022-05-24 10:08:35,317 INFO    HandlerThread:11228 [handler.py:handle_request_defer():164] handle defer: 7
2022-05-24 10:08:35,319 DEBUG   SenderThread:11228 [sender.py:send_request():246] send_request: defer
2022-05-24 10:08:35,319 INFO    SenderThread:11228 [sender.py:send_request_defer():385] handle sender defer: 7
2022-05-24 10:08:35,319 INFO    SenderThread:11228 [file_pusher.py:finish():145] shutting down file pusher
2022-05-24 10:08:35,375 DEBUG   HandlerThread:11228 [handler.py:handle_request():141] handle_request: poll_exit
2022-05-24 10:08:35,375 DEBUG   SenderThread:11228 [sender.py:send_request():246] send_request: poll_exit
2022-05-24 10:08:35,477 DEBUG   HandlerThread:11228 [handler.py:handle_request():141] handle_request: poll_exit
2022-05-24 10:08:35,477 DEBUG   SenderThread:11228 [sender.py:send_request():246] send_request: poll_exit
2022-05-24 10:08:35,579 DEBUG   HandlerThread:11228 [handler.py:handle_request():141] handle_request: poll_exit
2022-05-24 10:08:35,579 DEBUG   SenderThread:11228 [sender.py:send_request():246] send_request: poll_exit
2022-05-24 10:08:35,682 DEBUG   HandlerThread:11228 [handler.py:handle_request():141] handle_request: poll_exit
2022-05-24 10:08:35,682 DEBUG   SenderThread:11228 [sender.py:send_request():246] send_request: poll_exit
2022-05-24 10:08:35,784 DEBUG   HandlerThread:11228 [handler.py:handle_request():141] handle_request: poll_exit
2022-05-24 10:08:35,784 DEBUG   SenderThread:11228 [sender.py:send_request():246] send_request: poll_exit
2022-05-24 10:08:35,887 DEBUG   HandlerThread:11228 [handler.py:handle_request():141] handle_request: poll_exit
2022-05-24 10:08:35,887 DEBUG   SenderThread:11228 [sender.py:send_request():246] send_request: poll_exit
2022-05-24 10:08:35,988 DEBUG   HandlerThread:11228 [handler.py:handle_request():141] handle_request: poll_exit
2022-05-24 10:08:35,989 DEBUG   SenderThread:11228 [sender.py:send_request():246] send_request: poll_exit
2022-05-24 10:08:36,091 DEBUG   HandlerThread:11228 [handler.py:handle_request():141] handle_request: poll_exit
2022-05-24 10:08:36,091 DEBUG   SenderThread:11228 [sender.py:send_request():246] send_request: poll_exit
2022-05-24 10:08:36,133 INFO    Thread-19 :11228 [upload_job.py:push():132] Uploaded file C:\Projects\Code\Neurals\wandb\run-20220524_100830-3jjysvth\files\wandb-summary.json
2022-05-24 10:08:36,149 INFO    Thread-18 :11228 [upload_job.py:push():132] Uploaded file C:\Projects\Code\Neurals\wandb\run-20220524_100830-3jjysvth\files\requirements.txt
2022-05-24 10:08:36,160 INFO    Thread-16 :11228 [upload_job.py:push():132] Uploaded file C:\Projects\Code\Neurals\wandb\run-20220524_100830-3jjysvth\files\config.yaml
2022-05-24 10:08:36,176 INFO    Thread-17 :11228 [upload_job.py:push():132] Uploaded file C:\Projects\Code\Neurals\wandb\run-20220524_100830-3jjysvth\files\output.log
2022-05-24 10:08:36,194 DEBUG   HandlerThread:11228 [handler.py:handle_request():141] handle_request: poll_exit
2022-05-24 10:08:36,194 DEBUG   SenderThread:11228 [sender.py:send_request():246] send_request: poll_exit
2022-05-24 10:08:36,296 DEBUG   HandlerThread:11228 [handler.py:handle_request():141] handle_request: poll_exit
2022-05-24 10:08:36,296 DEBUG   SenderThread:11228 [sender.py:send_request():246] send_request: poll_exit
2022-05-24 10:08:36,382 INFO    Thread-10 :11228 [sender.py:transition_state():389] send defer: 8
2022-05-24 10:08:36,383 DEBUG   HandlerThread:11228 [handler.py:handle_request():141] handle_request: defer
2022-05-24 10:08:36,383 INFO    HandlerThread:11228 [handler.py:handle_request_defer():164] handle defer: 8
2022-05-24 10:08:36,383 DEBUG   SenderThread:11228 [sender.py:send_request():246] send_request: defer
2022-05-24 10:08:36,383 INFO    SenderThread:11228 [sender.py:send_request_defer():385] handle sender defer: 8
2022-05-24 10:08:36,397 DEBUG   HandlerThread:11228 [handler.py:handle_request():141] handle_request: poll_exit
2022-05-24 10:08:37,145 INFO    SenderThread:11228 [sender.py:transition_state():389] send defer: 9
2022-05-24 10:08:37,145 DEBUG   SenderThread:11228 [sender.py:send_request():246] send_request: poll_exit
2022-05-24 10:08:37,146 DEBUG   HandlerThread:11228 [handler.py:handle_request():141] handle_request: defer
2022-05-24 10:08:37,146 INFO    HandlerThread:11228 [handler.py:handle_request_defer():164] handle defer: 9
2022-05-24 10:08:37,146 DEBUG   SenderThread:11228 [sender.py:send_request():246] send_request: defer
2022-05-24 10:08:37,146 INFO    SenderThread:11228 [sender.py:send_request_defer():385] handle sender defer: 9
2022-05-24 10:08:37,146 INFO    SenderThread:11228 [sender.py:transition_state():389] send defer: 10
2022-05-24 10:08:37,147 DEBUG   SenderThread:11228 [sender.py:send():232] send: final
2022-05-24 10:08:37,147 DEBUG   SenderThread:11228 [sender.py:send():232] send: footer
2022-05-24 10:08:37,148 DEBUG   HandlerThread:11228 [handler.py:handle_request():141] handle_request: defer
2022-05-24 10:08:37,148 INFO    HandlerThread:11228 [handler.py:handle_request_defer():164] handle defer: 10
2022-05-24 10:08:37,148 DEBUG   SenderThread:11228 [sender.py:send_request():246] send_request: defer
2022-05-24 10:08:37,148 INFO    SenderThread:11228 [sender.py:send_request_defer():385] handle sender defer: 10
2022-05-24 10:08:37,248 DEBUG   HandlerThread:11228 [handler.py:handle_request():141] handle_request: poll_exit
2022-05-24 10:08:37,248 DEBUG   SenderThread:11228 [sender.py:send_request():246] send_request: poll_exit
2022-05-24 10:08:37,248 INFO    SenderThread:11228 [file_pusher.py:join():150] waiting for file pusher
2022-05-24 10:08:37,934 DEBUG   HandlerThread:11228 [handler.py:handle_request():141] handle_request: sampled_history
2022-05-24 10:08:37,936 DEBUG   HandlerThread:11228 [handler.py:handle_request():141] handle_request: get_summary
2022-05-24 10:08:37,937 DEBUG   HandlerThread:11228 [handler.py:handle_request():141] handle_request: shutdown
2022-05-24 10:08:37,937 INFO    HandlerThread:11228 [handler.py:finish():806] shutting down handler
2022-05-24 10:08:38,153 INFO    WriterThread:11228 [datastore.py:close():279] close: C:\Projects\Code\Neurals\wandb\run-20220524_100830-3jjysvth\run-3jjysvth.wandb
2022-05-24 10:08:38,841 INFO    SenderThread:11228 [sender.py:finish():1110] shutting down sender
2022-05-24 10:08:38,841 INFO    SenderThread:11228 [file_pusher.py:finish():145] shutting down file pusher
2022-05-24 10:08:38,841 INFO    SenderThread:11228 [file_pusher.py:join():150] waiting for file pusher
2022-05-24 10:08:38,844 INFO    MainThread:11228 [internal.py:handle_exit():80] Internal process exited
