2022-05-24 10:08:30,253 INFO    MainThread:5352 [wandb_setup.py:_flush():76] Loading settings from C:\Users\Maxim N\.config\wandb\settings
2022-05-24 10:08:30,253 INFO    MainThread:5352 [wandb_setup.py:_flush():76] Loading settings from C:\Projects\Code\Neurals\wandb\settings
2022-05-24 10:08:30,253 INFO    MainThread:5352 [wandb_setup.py:_flush():76] Loading settings from environment variables: {}
2022-05-24 10:08:30,253 INFO    MainThread:5352 [wandb_setup.py:_flush():76] Inferring run settings from compute environment: {'program_relpath': 'testing.py', 'program': 'C:\\Projects\\Code\\Neurals\\testing.py'}
2022-05-24 10:08:30,253 INFO    MainThread:5352 [wandb_init.py:_log_setup():428] Logging user logs to C:\Projects\Code\Neurals\wandb\run-20220524_100830-3jjysvth\logs\debug.log
2022-05-24 10:08:30,253 INFO    MainThread:5352 [wandb_init.py:_log_setup():429] Logging internal logs to C:\Projects\Code\Neurals\wandb\run-20220524_100830-3jjysvth\logs\debug-internal.log
2022-05-24 10:08:30,253 INFO    MainThread:5352 [wandb_init.py:init():462] calling init triggers
2022-05-24 10:08:30,253 INFO    MainThread:5352 [wandb_init.py:init():465] wandb.init called with sweep_config: {}
config: {}
2022-05-24 10:08:30,253 INFO    MainThread:5352 [wandb_init.py:init():515] starting backend
2022-05-24 10:08:30,253 INFO    MainThread:5352 [backend.py:_multiprocessing_setup():97] multiprocessing start_methods=spawn, using: spawn
2022-05-24 10:08:30,261 INFO    MainThread:5352 [backend.py:ensure_launched():217] starting backend process...
2022-05-24 10:08:30,405 INFO    MainThread:5352 [backend.py:ensure_launched():222] started backend process with pid: 11228
2022-05-24 10:08:30,405 INFO    MainThread:5352 [wandb_init.py:init():525] backend started and connected
2022-05-24 10:08:30,405 INFO    MainThread:5352 [wandb_init.py:init():596] updated telemetry
2022-05-24 10:08:30,413 INFO    MainThread:5352 [wandb_init.py:init():627] communicating run to backend with 30 second timeout
2022-05-24 10:08:32,267 INFO    MainThread:5352 [wandb_run.py:_on_init():1924] communicating current version
2022-05-24 10:08:32,368 INFO    MainThread:5352 [wandb_run.py:_on_init():1928] got version response 
2022-05-24 10:08:32,368 INFO    MainThread:5352 [wandb_init.py:init():662] starting run threads in backend
2022-05-24 10:08:34,197 INFO    MainThread:5352 [wandb_run.py:_console_start():1898] atexit reg
2022-05-24 10:08:34,197 INFO    MainThread:5352 [wandb_run.py:_redirect():1771] redirect: SettingsConsole.WRAP
2022-05-24 10:08:34,197 INFO    MainThread:5352 [wandb_run.py:_redirect():1808] Wrapping output streams.
2022-05-24 10:08:34,197 INFO    MainThread:5352 [wandb_run.py:_redirect():1832] Redirects installed.
2022-05-24 10:08:34,197 INFO    MainThread:5352 [wandb_init.py:init():688] run started, returning control to user process
2022-05-24 10:08:34,522 INFO    MainThread:5352 [wandb_run.py:_atexit_cleanup():1867] got exitcode: 1
2022-05-24 10:08:34,523 INFO    MainThread:5352 [wandb_run.py:_restore():1839] restore
2022-05-24 10:08:34,832 INFO    MainThread:5352 [wandb_run.py:_on_finish():1996] got exit ret: file_counts {
  wandb_count: 1
}
pusher_stats {
  uploaded_bytes: 565
  total_bytes: 565
}

2022-05-24 10:08:34,950 INFO    MainThread:5352 [wandb_run.py:_on_finish():1996] got exit ret: file_counts {
  wandb_count: 1
}
pusher_stats {
  uploaded_bytes: 565
  total_bytes: 565
}

2022-05-24 10:08:35,275 INFO    MainThread:5352 [wandb_run.py:_on_finish():1996] got exit ret: file_counts {
  wandb_count: 1
}
pusher_stats {
  uploaded_bytes: 565
  total_bytes: 565
}

2022-05-24 10:08:35,376 INFO    MainThread:5352 [wandb_run.py:_on_finish():1996] got exit ret: file_counts {
  wandb_count: 5
}
pusher_stats {
  uploaded_bytes: 565
  total_bytes: 38322
}

2022-05-24 10:08:35,478 INFO    MainThread:5352 [wandb_run.py:_on_finish():1996] got exit ret: file_counts {
  wandb_count: 5
}
pusher_stats {
  uploaded_bytes: 565
  total_bytes: 38322
}

2022-05-24 10:08:35,580 INFO    MainThread:5352 [wandb_run.py:_on_finish():1996] got exit ret: file_counts {
  wandb_count: 5
}
pusher_stats {
  uploaded_bytes: 565
  total_bytes: 38322
}

2022-05-24 10:08:35,683 INFO    MainThread:5352 [wandb_run.py:_on_finish():1996] got exit ret: file_counts {
  wandb_count: 5
}
pusher_stats {
  uploaded_bytes: 565
  total_bytes: 38322
}

2022-05-24 10:08:35,785 INFO    MainThread:5352 [wandb_run.py:_on_finish():1996] got exit ret: file_counts {
  wandb_count: 5
}
pusher_stats {
  uploaded_bytes: 38322
  total_bytes: 38322
}

2022-05-24 10:08:35,888 INFO    MainThread:5352 [wandb_run.py:_on_finish():1996] got exit ret: file_counts {
  wandb_count: 5
}
pusher_stats {
  uploaded_bytes: 38322
  total_bytes: 38322
}

2022-05-24 10:08:35,990 INFO    MainThread:5352 [wandb_run.py:_on_finish():1996] got exit ret: file_counts {
  wandb_count: 5
}
pusher_stats {
  uploaded_bytes: 38322
  total_bytes: 38322
}

2022-05-24 10:08:36,092 INFO    MainThread:5352 [wandb_run.py:_on_finish():1996] got exit ret: file_counts {
  wandb_count: 5
}
pusher_stats {
  uploaded_bytes: 38322
  total_bytes: 38322
}

2022-05-24 10:08:36,195 INFO    MainThread:5352 [wandb_run.py:_on_finish():1996] got exit ret: file_counts {
  wandb_count: 5
}
pusher_stats {
  uploaded_bytes: 38322
  total_bytes: 38322
}

2022-05-24 10:08:36,297 INFO    MainThread:5352 [wandb_run.py:_on_finish():1996] got exit ret: file_counts {
  wandb_count: 5
}
pusher_stats {
  uploaded_bytes: 38322
  total_bytes: 38322
}

2022-05-24 10:08:37,146 INFO    MainThread:5352 [wandb_run.py:_on_finish():1996] got exit ret: file_counts {
  wandb_count: 5
}
pusher_stats {
  uploaded_bytes: 38322
  total_bytes: 38322
}

2022-05-24 10:08:37,834 INFO    MainThread:5352 [wandb_run.py:_on_finish():1996] got exit ret: done: true
exit_result {
}
file_counts {
  wandb_count: 5
}
pusher_stats {
  uploaded_bytes: 38322
  total_bytes: 38322
}
local_info {
}

2022-05-24 10:08:39,172 INFO    MainThread:5352 [wandb_run.py:_footer_history_summary_info():3104] rendering history
2022-05-24 10:08:39,172 INFO    MainThread:5352 [wandb_run.py:_footer_history_summary_info():3136] rendering summary
2022-05-24 10:08:39,175 INFO    MainThread:5352 [wandb_run.py:_footer_sync_info():3060] logging synced files
