2022-05-23 01:35:54,003 INFO    MainThread:13944 [internal.py:wandb_internal():90] W&B internal server running at pid: 13944, started at: 2022-05-23 01:35:54.003425
2022-05-23 01:35:54,006 INFO    WriterThread:13944 [datastore.py:open_for_write():75] open: C:\Projects\Code\Neurals\wandb\run-20220523_013552-30na4wk3\run-30na4wk3.wandb
2022-05-23 01:35:54,013 DEBUG   SenderThread:13944 [sender.py:send():232] send: header
2022-05-23 01:35:54,013 DEBUG   SenderThread:13944 [sender.py:send():232] send: run
2022-05-23 01:35:54,322 INFO    SenderThread:13944 [dir_watcher.py:__init__():197] watching files in: C:\Projects\Code\Neurals\wandb\run-20220523_013552-30na4wk3\files
2022-05-23 01:35:54,323 DEBUG   HandlerThread:13944 [handler.py:handle_request():141] handle_request: check_version
2022-05-23 01:35:54,330 INFO    SenderThread:13944 [sender.py:_start_run_threads():811] run started: 30na4wk3 with start time 1653233752
2022-05-23 01:35:54,331 DEBUG   SenderThread:13944 [sender.py:send():232] send: summary
2022-05-23 01:35:54,332 INFO    SenderThread:13944 [sender.py:_save_file():948] saving file wandb-summary.json with policy end
2022-05-23 01:35:54,332 DEBUG   SenderThread:13944 [sender.py:send_request():246] send_request: check_version
2022-05-23 01:35:54,418 DEBUG   HandlerThread:13944 [handler.py:handle_request():141] handle_request: run_start
2022-05-23 01:35:55,357 INFO    Thread-11 :13944 [dir_watcher.py:_on_file_created():244] file/dir created: C:\Projects\Code\Neurals\wandb\run-20220523_013552-30na4wk3\files\wandb-summary.json
2022-05-23 01:35:56,258 DEBUG   HandlerThread:13944 [meta.py:__init__():35] meta init
2022-05-23 01:35:56,258 DEBUG   HandlerThread:13944 [meta.py:__init__():49] meta init done
2022-05-23 01:35:56,258 DEBUG   HandlerThread:13944 [meta.py:probe():209] probe
2022-05-23 01:35:56,278 DEBUG   HandlerThread:13944 [git.py:repo():29] git repository is invalid
2022-05-23 01:35:56,278 DEBUG   HandlerThread:13944 [meta.py:_save_pip():53] save pip
2022-05-23 01:35:56,279 DEBUG   HandlerThread:13944 [meta.py:_save_pip():67] save pip done
2022-05-23 01:35:56,280 DEBUG   HandlerThread:13944 [meta.py:probe():247] probe done
2022-05-23 01:35:56,291 DEBUG   SenderThread:13944 [sender.py:send():232] send: files
2022-05-23 01:35:56,291 INFO    SenderThread:13944 [sender.py:_save_file():948] saving file wandb-metadata.json with policy now
2022-05-23 01:35:56,299 DEBUG   HandlerThread:13944 [handler.py:handle_request():141] handle_request: stop_status
2022-05-23 01:35:56,299 DEBUG   SenderThread:13944 [sender.py:send_request():246] send_request: stop_status
2022-05-23 01:35:56,372 INFO    Thread-11 :13944 [dir_watcher.py:_on_file_created():244] file/dir created: C:\Projects\Code\Neurals\wandb\run-20220523_013552-30na4wk3\files\output.log
2022-05-23 01:35:56,374 INFO    Thread-11 :13944 [dir_watcher.py:_on_file_created():244] file/dir created: C:\Projects\Code\Neurals\wandb\run-20220523_013552-30na4wk3\files\requirements.txt
2022-05-23 01:35:56,375 INFO    Thread-11 :13944 [dir_watcher.py:_on_file_created():244] file/dir created: C:\Projects\Code\Neurals\wandb\run-20220523_013552-30na4wk3\files\wandb-metadata.json
2022-05-23 01:35:56,571 DEBUG   SenderThread:13944 [sender.py:send():232] send: telemetry
2022-05-23 01:35:57,077 INFO    Thread-15 :13944 [upload_job.py:push():132] Uploaded file C:\Users\MAXIMN~1\AppData\Local\Temp\tmp6hidhsudwandb\1hfrxcir-wandb-metadata.json
2022-05-23 01:35:58,379 INFO    Thread-11 :13944 [dir_watcher.py:_on_file_modified():257] file/dir modified: C:\Projects\Code\Neurals\wandb\run-20220523_013552-30na4wk3\files\output.log
