2022-05-23 01:48:46,796 INFO    MainThread:12940 [internal.py:wandb_internal():90] W&B internal server running at pid: 12940, started at: 2022-05-23 01:48:46.796806
2022-05-23 01:48:46,799 INFO    WriterThread:12940 [datastore.py:open_for_write():75] open: C:\Projects\Code\Neurals\wandb\run-20220523_014844-fstblqkm\run-fstblqkm.wandb
2022-05-23 01:48:46,807 DEBUG   SenderThread:12940 [sender.py:send():232] send: header
2022-05-23 01:48:46,807 DEBUG   SenderThread:12940 [sender.py:send():232] send: run
2022-05-23 01:48:47,101 INFO    SenderThread:12940 [dir_watcher.py:__init__():197] watching files in: C:\Projects\Code\Neurals\wandb\run-20220523_014844-fstblqkm\files
2022-05-23 01:48:47,101 DEBUG   HandlerThread:12940 [handler.py:handle_request():141] handle_request: check_version
2022-05-23 01:48:47,101 INFO    SenderThread:12940 [sender.py:_start_run_threads():811] run started: fstblqkm with start time 1653234525
2022-05-23 01:48:47,101 DEBUG   SenderThread:12940 [sender.py:send():232] send: summary
2022-05-23 01:48:47,102 INFO    SenderThread:12940 [sender.py:_save_file():948] saving file wandb-summary.json with policy end
2022-05-23 01:48:47,103 DEBUG   SenderThread:12940 [sender.py:send_request():246] send_request: check_version
2022-05-23 01:48:47,170 DEBUG   HandlerThread:12940 [handler.py:handle_request():141] handle_request: run_start
2022-05-23 01:48:48,160 INFO    Thread-11 :12940 [dir_watcher.py:_on_file_created():244] file/dir created: C:\Projects\Code\Neurals\wandb\run-20220523_014844-fstblqkm\files\wandb-summary.json
2022-05-23 01:48:49,111 DEBUG   HandlerThread:12940 [meta.py:__init__():35] meta init
2022-05-23 01:48:49,112 DEBUG   HandlerThread:12940 [meta.py:__init__():49] meta init done
2022-05-23 01:48:49,112 DEBUG   HandlerThread:12940 [meta.py:probe():209] probe
2022-05-23 01:48:49,133 DEBUG   HandlerThread:12940 [git.py:repo():29] git repository is invalid
2022-05-23 01:48:49,133 DEBUG   HandlerThread:12940 [meta.py:_save_pip():53] save pip
2022-05-23 01:48:49,135 DEBUG   HandlerThread:12940 [meta.py:_save_pip():67] save pip done
2022-05-23 01:48:49,135 DEBUG   HandlerThread:12940 [meta.py:probe():247] probe done
2022-05-23 01:48:49,148 DEBUG   SenderThread:12940 [sender.py:send():232] send: files
2022-05-23 01:48:49,148 INFO    SenderThread:12940 [sender.py:_save_file():948] saving file wandb-metadata.json with policy now
2022-05-23 01:48:49,156 DEBUG   HandlerThread:12940 [handler.py:handle_request():141] handle_request: stop_status
2022-05-23 01:48:49,156 DEBUG   SenderThread:12940 [sender.py:send_request():246] send_request: stop_status
2022-05-23 01:48:49,175 INFO    Thread-11 :12940 [dir_watcher.py:_on_file_created():244] file/dir created: C:\Projects\Code\Neurals\wandb\run-20220523_014844-fstblqkm\files\wandb-metadata.json
2022-05-23 01:48:49,175 INFO    Thread-11 :12940 [dir_watcher.py:_on_file_created():244] file/dir created: C:\Projects\Code\Neurals\wandb\run-20220523_014844-fstblqkm\files\output.log
2022-05-23 01:48:49,176 INFO    Thread-11 :12940 [dir_watcher.py:_on_file_created():244] file/dir created: C:\Projects\Code\Neurals\wandb\run-20220523_014844-fstblqkm\files\requirements.txt
2022-05-23 01:48:49,419 DEBUG   SenderThread:12940 [sender.py:send():232] send: telemetry
2022-05-23 01:48:50,168 INFO    Thread-15 :12940 [upload_job.py:push():132] Uploaded file C:\Users\MAXIMN~1\AppData\Local\Temp\tmpicuwrrlcwandb\1gpi9c06-wandb-metadata.json
2022-05-23 01:48:51,206 INFO    Thread-11 :12940 [dir_watcher.py:_on_file_modified():257] file/dir modified: C:\Projects\Code\Neurals\wandb\run-20220523_014844-fstblqkm\files\output.log
2022-05-23 01:49:04,424 DEBUG   HandlerThread:12940 [handler.py:handle_request():141] handle_request: stop_status
2022-05-23 01:49:04,424 DEBUG   SenderThread:12940 [sender.py:send_request():246] send_request: stop_status
2022-05-23 01:49:13,186 DEBUG   HandlerThread:12940 [handler.py:handle_request():141] handle_request: partial_history
2022-05-23 01:49:13,188 DEBUG   SenderThread:12940 [sender.py:send():232] send: history
2022-05-23 01:49:13,190 DEBUG   SenderThread:12940 [sender.py:send():232] send: summary
2022-05-23 01:49:13,194 DEBUG   HandlerThread:12940 [handler.py:handle_request():141] handle_request: partial_history
2022-05-23 01:49:13,196 INFO    SenderThread:12940 [sender.py:_save_file():948] saving file wandb-summary.json with policy end
2022-05-23 01:49:13,197 DEBUG   SenderThread:12940 [sender.py:send():232] send: history
2022-05-23 01:49:13,198 DEBUG   SenderThread:12940 [sender.py:send():232] send: summary
2022-05-23 01:49:13,199 INFO    SenderThread:12940 [sender.py:_save_file():948] saving file wandb-summary.json with policy end
2022-05-23 01:49:13,346 INFO    Thread-11 :12940 [dir_watcher.py:_on_file_modified():257] file/dir modified: C:\Projects\Code\Neurals\wandb\run-20220523_014844-fstblqkm\files\output.log
2022-05-23 01:49:13,347 INFO    Thread-11 :12940 [dir_watcher.py:_on_file_modified():257] file/dir modified: C:\Projects\Code\Neurals\wandb\run-20220523_014844-fstblqkm\files\wandb-summary.json
2022-05-23 01:49:15,359 INFO    Thread-11 :12940 [dir_watcher.py:_on_file_modified():257] file/dir modified: C:\Projects\Code\Neurals\wandb\run-20220523_014844-fstblqkm\files\output.log
2022-05-23 01:49:18,375 INFO    Thread-11 :12940 [dir_watcher.py:_on_file_modified():257] file/dir modified: C:\Projects\Code\Neurals\wandb\run-20220523_014844-fstblqkm\files\config.yaml
2022-05-23 01:49:19,719 DEBUG   HandlerThread:12940 [handler.py:handle_request():141] handle_request: stop_status
2022-05-23 01:49:19,719 DEBUG   SenderThread:12940 [sender.py:send_request():246] send_request: stop_status
2022-05-23 01:49:20,221 DEBUG   SenderThread:12940 [sender.py:send():232] send: stats
2022-05-23 01:49:35,001 DEBUG   HandlerThread:12940 [handler.py:handle_request():141] handle_request: stop_status
2022-05-23 01:49:35,001 DEBUG   SenderThread:12940 [sender.py:send_request():246] send_request: stop_status
2022-05-23 01:49:39,435 DEBUG   HandlerThread:12940 [handler.py:handle_request():141] handle_request: partial_history
2022-05-23 01:49:39,436 DEBUG   SenderThread:12940 [sender.py:send():232] send: history
2022-05-23 01:49:39,436 DEBUG   SenderThread:12940 [sender.py:send():232] send: summary
2022-05-23 01:49:39,439 INFO    SenderThread:12940 [sender.py:_save_file():948] saving file wandb-summary.json with policy end
2022-05-23 01:49:39,452 DEBUG   HandlerThread:12940 [handler.py:handle_request():141] handle_request: partial_history
2022-05-23 01:49:39,453 DEBUG   SenderThread:12940 [sender.py:send():232] send: history
2022-05-23 01:49:39,454 DEBUG   SenderThread:12940 [sender.py:send():232] send: summary
2022-05-23 01:49:39,455 INFO    SenderThread:12940 [sender.py:_save_file():948] saving file wandb-summary.json with policy end
2022-05-23 01:49:39,506 INFO    Thread-11 :12940 [dir_watcher.py:_on_file_modified():257] file/dir modified: C:\Projects\Code\Neurals\wandb\run-20220523_014844-fstblqkm\files\wandb-summary.json
2022-05-23 01:49:41,523 INFO    Thread-11 :12940 [dir_watcher.py:_on_file_modified():257] file/dir modified: C:\Projects\Code\Neurals\wandb\run-20220523_014844-fstblqkm\files\output.log
2022-05-23 01:49:50,293 DEBUG   HandlerThread:12940 [handler.py:handle_request():141] handle_request: stop_status
2022-05-23 01:49:50,293 DEBUG   SenderThread:12940 [sender.py:send_request():246] send_request: stop_status
2022-05-23 01:49:53,415 DEBUG   SenderThread:12940 [sender.py:send():232] send: stats
2022-05-23 01:50:05,586 DEBUG   HandlerThread:12940 [handler.py:handle_request():141] handle_request: stop_status
2022-05-23 01:50:05,586 DEBUG   SenderThread:12940 [sender.py:send_request():246] send_request: stop_status
2022-05-23 01:50:06,163 DEBUG   HandlerThread:12940 [handler.py:handle_request():141] handle_request: partial_history
2022-05-23 01:50:06,164 DEBUG   SenderThread:12940 [sender.py:send():232] send: history
2022-05-23 01:50:06,165 DEBUG   SenderThread:12940 [sender.py:send():232] send: summary
2022-05-23 01:50:06,170 DEBUG   HandlerThread:12940 [handler.py:handle_request():141] handle_request: partial_history
2022-05-23 01:50:06,172 INFO    SenderThread:12940 [sender.py:_save_file():948] saving file wandb-summary.json with policy end
2022-05-23 01:50:06,173 DEBUG   SenderThread:12940 [sender.py:send():232] send: history
2022-05-23 01:50:06,173 DEBUG   SenderThread:12940 [sender.py:send():232] send: summary
2022-05-23 01:50:06,174 INFO    SenderThread:12940 [sender.py:_save_file():948] saving file wandb-summary.json with policy end
2022-05-23 01:50:06,700 INFO    Thread-11 :12940 [dir_watcher.py:_on_file_modified():257] file/dir modified: C:\Projects\Code\Neurals\wandb\run-20220523_014844-fstblqkm\files\wandb-summary.json
2022-05-23 01:50:07,703 INFO    Thread-11 :12940 [dir_watcher.py:_on_file_modified():257] file/dir modified: C:\Projects\Code\Neurals\wandb\run-20220523_014844-fstblqkm\files\output.log
