2022-05-23 01:50:47,567 INFO    MainThread:21420 [internal.py:wandb_internal():90] W&B internal server running at pid: 21420, started at: 2022-05-23 01:50:47.567914
2022-05-23 01:50:47,570 INFO    WriterThread:21420 [datastore.py:open_for_write():75] open: C:\Projects\Code\Neurals\wandb\run-20220523_015045-3mxdl2sr\run-3mxdl2sr.wandb
2022-05-23 01:50:47,578 DEBUG   SenderThread:21420 [sender.py:send():232] send: header
2022-05-23 01:50:47,578 DEBUG   SenderThread:21420 [sender.py:send():232] send: run
2022-05-23 01:50:47,880 INFO    SenderThread:21420 [dir_watcher.py:__init__():197] watching files in: C:\Projects\Code\Neurals\wandb\run-20220523_015045-3mxdl2sr\files
2022-05-23 01:50:47,881 INFO    SenderThread:21420 [sender.py:_start_run_threads():811] run started: 3mxdl2sr with start time 1653234645
2022-05-23 01:50:47,880 DEBUG   HandlerThread:21420 [handler.py:handle_request():141] handle_request: check_version
2022-05-23 01:50:47,881 DEBUG   SenderThread:21420 [sender.py:send():232] send: summary
2022-05-23 01:50:47,881 INFO    SenderThread:21420 [sender.py:_save_file():948] saving file wandb-summary.json with policy end
2022-05-23 01:50:47,882 DEBUG   SenderThread:21420 [sender.py:send_request():246] send_request: check_version
2022-05-23 01:50:47,958 DEBUG   HandlerThread:21420 [handler.py:handle_request():141] handle_request: run_start
2022-05-23 01:50:48,888 INFO    Thread-11 :21420 [dir_watcher.py:_on_file_created():244] file/dir created: C:\Projects\Code\Neurals\wandb\run-20220523_015045-3mxdl2sr\files\wandb-summary.json
2022-05-23 01:50:49,853 DEBUG   HandlerThread:21420 [meta.py:__init__():35] meta init
2022-05-23 01:50:49,853 DEBUG   HandlerThread:21420 [meta.py:__init__():49] meta init done
2022-05-23 01:50:49,853 DEBUG   HandlerThread:21420 [meta.py:probe():209] probe
2022-05-23 01:50:49,873 DEBUG   HandlerThread:21420 [git.py:repo():29] git repository is invalid
2022-05-23 01:50:49,873 DEBUG   HandlerThread:21420 [meta.py:_save_pip():53] save pip
2022-05-23 01:50:49,874 DEBUG   HandlerThread:21420 [meta.py:_save_pip():67] save pip done
2022-05-23 01:50:49,874 DEBUG   HandlerThread:21420 [meta.py:probe():247] probe done
2022-05-23 01:50:49,879 DEBUG   SenderThread:21420 [sender.py:send():232] send: files
2022-05-23 01:50:49,879 INFO    SenderThread:21420 [sender.py:_save_file():948] saving file wandb-metadata.json with policy now
2022-05-23 01:50:49,887 DEBUG   HandlerThread:21420 [handler.py:handle_request():141] handle_request: stop_status
2022-05-23 01:50:49,887 DEBUG   SenderThread:21420 [sender.py:send_request():246] send_request: stop_status
2022-05-23 01:50:49,894 INFO    Thread-11 :21420 [dir_watcher.py:_on_file_created():244] file/dir created: C:\Projects\Code\Neurals\wandb\run-20220523_015045-3mxdl2sr\files\requirements.txt
2022-05-23 01:50:49,894 INFO    Thread-11 :21420 [dir_watcher.py:_on_file_created():244] file/dir created: C:\Projects\Code\Neurals\wandb\run-20220523_015045-3mxdl2sr\files\output.log
2022-05-23 01:50:49,895 INFO    Thread-11 :21420 [dir_watcher.py:_on_file_created():244] file/dir created: C:\Projects\Code\Neurals\wandb\run-20220523_015045-3mxdl2sr\files\wandb-metadata.json
2022-05-23 01:50:50,170 DEBUG   SenderThread:21420 [sender.py:send():232] send: telemetry
2022-05-23 01:50:50,664 INFO    Thread-15 :21420 [upload_job.py:push():132] Uploaded file C:\Users\MAXIMN~1\AppData\Local\Temp\tmpi5gj6ihowandb\2vk9yfvf-wandb-metadata.json
2022-05-23 01:50:52,907 INFO    Thread-11 :21420 [dir_watcher.py:_on_file_modified():257] file/dir modified: C:\Projects\Code\Neurals\wandb\run-20220523_015045-3mxdl2sr\files\output.log
2022-05-23 01:51:05,172 DEBUG   HandlerThread:21420 [handler.py:handle_request():141] handle_request: stop_status
2022-05-23 01:51:05,172 DEBUG   SenderThread:21420 [sender.py:send_request():246] send_request: stop_status
2022-05-23 01:51:13,890 DEBUG   HandlerThread:21420 [handler.py:handle_request():141] handle_request: partial_history
2022-05-23 01:51:13,890 DEBUG   SenderThread:21420 [sender.py:send():232] send: history
2022-05-23 01:51:13,890 DEBUG   SenderThread:21420 [sender.py:send():232] send: summary
2022-05-23 01:51:13,891 INFO    SenderThread:21420 [sender.py:_save_file():948] saving file wandb-summary.json with policy end
2022-05-23 01:51:13,894 DEBUG   HandlerThread:21420 [handler.py:handle_request():141] handle_request: partial_history
2022-05-23 01:51:13,895 DEBUG   SenderThread:21420 [sender.py:send():232] send: history
2022-05-23 01:51:13,896 DEBUG   SenderThread:21420 [sender.py:send():232] send: summary
2022-05-23 01:51:13,897 INFO    SenderThread:21420 [sender.py:_save_file():948] saving file wandb-summary.json with policy end
2022-05-23 01:51:14,038 INFO    Thread-11 :21420 [dir_watcher.py:_on_file_modified():257] file/dir modified: C:\Projects\Code\Neurals\wandb\run-20220523_015045-3mxdl2sr\files\wandb-summary.json
2022-05-23 01:51:14,039 INFO    Thread-11 :21420 [dir_watcher.py:_on_file_modified():257] file/dir modified: C:\Projects\Code\Neurals\wandb\run-20220523_015045-3mxdl2sr\files\output.log
2022-05-23 01:51:16,045 INFO    Thread-11 :21420 [dir_watcher.py:_on_file_modified():257] file/dir modified: C:\Projects\Code\Neurals\wandb\run-20220523_015045-3mxdl2sr\files\output.log
2022-05-23 01:51:19,058 INFO    Thread-11 :21420 [dir_watcher.py:_on_file_modified():257] file/dir modified: C:\Projects\Code\Neurals\wandb\run-20220523_015045-3mxdl2sr\files\config.yaml
2022-05-23 01:51:20,463 DEBUG   HandlerThread:21420 [handler.py:handle_request():141] handle_request: stop_status
2022-05-23 01:51:20,463 DEBUG   SenderThread:21420 [sender.py:send_request():246] send_request: stop_status
2022-05-23 01:51:20,915 DEBUG   SenderThread:21420 [sender.py:send():232] send: stats
2022-05-23 01:51:35,749 DEBUG   HandlerThread:21420 [handler.py:handle_request():141] handle_request: stop_status
2022-05-23 01:51:35,749 DEBUG   SenderThread:21420 [sender.py:send_request():246] send_request: stop_status
2022-05-23 01:51:39,649 DEBUG   HandlerThread:21420 [handler.py:handle_request():141] handle_request: partial_history
2022-05-23 01:51:39,650 DEBUG   HandlerThread:21420 [handler.py:handle_request():141] handle_request: partial_history
2022-05-23 01:51:39,650 DEBUG   SenderThread:21420 [sender.py:send():232] send: history
2022-05-23 01:51:39,651 DEBUG   SenderThread:21420 [sender.py:send():232] send: summary
2022-05-23 01:51:39,652 INFO    SenderThread:21420 [sender.py:_save_file():948] saving file wandb-summary.json with policy end
2022-05-23 01:51:39,652 DEBUG   SenderThread:21420 [sender.py:send():232] send: history
2022-05-23 01:51:39,652 DEBUG   SenderThread:21420 [sender.py:send():232] send: summary
2022-05-23 01:51:39,653 INFO    SenderThread:21420 [sender.py:_save_file():948] saving file wandb-summary.json with policy end
2022-05-23 01:51:40,208 INFO    Thread-11 :21420 [dir_watcher.py:_on_file_modified():257] file/dir modified: C:\Projects\Code\Neurals\wandb\run-20220523_015045-3mxdl2sr\files\wandb-summary.json
2022-05-23 01:51:40,209 INFO    Thread-11 :21420 [dir_watcher.py:_on_file_modified():257] file/dir modified: C:\Projects\Code\Neurals\wandb\run-20220523_015045-3mxdl2sr\files\output.log
2022-05-23 01:51:42,213 INFO    Thread-11 :21420 [dir_watcher.py:_on_file_modified():257] file/dir modified: C:\Projects\Code\Neurals\wandb\run-20220523_015045-3mxdl2sr\files\output.log
2022-05-23 01:51:51,036 DEBUG   HandlerThread:21420 [handler.py:handle_request():141] handle_request: stop_status
2022-05-23 01:51:51,036 DEBUG   SenderThread:21420 [sender.py:send_request():246] send_request: stop_status
2022-05-23 01:51:53,998 DEBUG   SenderThread:21420 [sender.py:send():232] send: stats
