2022-05-23 08:29:52,854 INFO    MainThread:19528 [internal.py:wandb_internal():90] W&B internal server running at pid: 19528, started at: 2022-05-23 08:29:52.853541
2022-05-23 08:29:52,863 INFO    WriterThread:19528 [datastore.py:open_for_write():75] open: C:\Projects\Code\Neurals\wandb\run-20220523_082948-i2smucwx\run-i2smucwx.wandb
2022-05-23 08:29:52,879 DEBUG   SenderThread:19528 [sender.py:send():232] send: header
2022-05-23 08:29:52,879 DEBUG   SenderThread:19528 [sender.py:send():232] send: run
2022-05-23 08:29:53,230 INFO    SenderThread:19528 [dir_watcher.py:__init__():197] watching files in: C:\Projects\Code\Neurals\wandb\run-20220523_082948-i2smucwx\files
2022-05-23 08:29:53,231 INFO    SenderThread:19528 [sender.py:_start_run_threads():811] run started: i2smucwx with start time 1653258588
2022-05-23 08:29:53,233 DEBUG   SenderThread:19528 [sender.py:send():232] send: summary
2022-05-23 08:29:53,233 INFO    SenderThread:19528 [sender.py:_save_file():948] saving file wandb-summary.json with policy end
2022-05-23 08:29:53,234 DEBUG   HandlerThread:19528 [handler.py:handle_request():141] handle_request: check_version
2022-05-23 08:29:53,235 DEBUG   SenderThread:19528 [sender.py:send_request():246] send_request: check_version
2022-05-23 08:29:53,408 DEBUG   HandlerThread:19528 [handler.py:handle_request():141] handle_request: run_start
2022-05-23 08:29:54,268 INFO    Thread-11 :19528 [dir_watcher.py:_on_file_created():244] file/dir created: C:\Projects\Code\Neurals\wandb\run-20220523_082948-i2smucwx\files\wandb-summary.json
2022-05-23 08:29:56,578 DEBUG   HandlerThread:19528 [meta.py:__init__():35] meta init
2022-05-23 08:29:56,578 DEBUG   HandlerThread:19528 [meta.py:__init__():49] meta init done
2022-05-23 08:29:56,582 DEBUG   HandlerThread:19528 [meta.py:probe():209] probe
2022-05-23 08:29:56,607 DEBUG   HandlerThread:19528 [git.py:repo():29] git repository is invalid
2022-05-23 08:29:56,607 DEBUG   HandlerThread:19528 [meta.py:_save_pip():53] save pip
2022-05-23 08:29:56,608 DEBUG   HandlerThread:19528 [meta.py:_save_pip():67] save pip done
2022-05-23 08:29:56,608 DEBUG   HandlerThread:19528 [meta.py:probe():247] probe done
2022-05-23 08:29:56,613 DEBUG   SenderThread:19528 [sender.py:send():232] send: files
2022-05-23 08:29:56,613 INFO    SenderThread:19528 [sender.py:_save_file():948] saving file wandb-metadata.json with policy now
2022-05-23 08:29:56,627 DEBUG   HandlerThread:19528 [handler.py:handle_request():141] handle_request: stop_status
2022-05-23 08:29:56,627 DEBUG   SenderThread:19528 [sender.py:send_request():246] send_request: stop_status
2022-05-23 08:29:56,942 DEBUG   SenderThread:19528 [sender.py:send():232] send: telemetry
2022-05-23 08:29:57,300 INFO    Thread-11 :19528 [dir_watcher.py:_on_file_created():244] file/dir created: C:\Projects\Code\Neurals\wandb\run-20220523_082948-i2smucwx\files\wandb-metadata.json
2022-05-23 08:29:57,300 INFO    Thread-11 :19528 [dir_watcher.py:_on_file_created():244] file/dir created: C:\Projects\Code\Neurals\wandb\run-20220523_082948-i2smucwx\files\output.log
2022-05-23 08:29:57,301 INFO    Thread-11 :19528 [dir_watcher.py:_on_file_created():244] file/dir created: C:\Projects\Code\Neurals\wandb\run-20220523_082948-i2smucwx\files\requirements.txt
2022-05-23 08:29:57,575 INFO    Thread-15 :19528 [upload_job.py:push():132] Uploaded file C:\Users\MAXIMN~1\AppData\Local\Temp\tmpk7o_ov6uwandb\3q0483me-wandb-metadata.json
2022-05-23 08:29:59,321 INFO    Thread-11 :19528 [dir_watcher.py:_on_file_modified():257] file/dir modified: C:\Projects\Code\Neurals\wandb\run-20220523_082948-i2smucwx\files\output.log
2022-05-23 08:30:06,195 DEBUG   HandlerThread:19528 [handler.py:handle_request():141] handle_request: partial_history
2022-05-23 08:30:06,199 DEBUG   SenderThread:19528 [sender.py:send():232] send: history
2022-05-23 08:30:06,199 DEBUG   SenderThread:19528 [sender.py:send():232] send: summary
2022-05-23 08:30:06,207 INFO    SenderThread:19528 [sender.py:_save_file():948] saving file wandb-summary.json with policy end
2022-05-23 08:30:06,414 INFO    Thread-11 :19528 [dir_watcher.py:_on_file_modified():257] file/dir modified: C:\Projects\Code\Neurals\wandb\run-20220523_082948-i2smucwx\files\wandb-summary.json
2022-05-23 08:30:07,420 INFO    Thread-11 :19528 [dir_watcher.py:_on_file_modified():257] file/dir modified: C:\Projects\Code\Neurals\wandb\run-20220523_082948-i2smucwx\files\output.log
2022-05-23 08:30:11,951 DEBUG   HandlerThread:19528 [handler.py:handle_request():141] handle_request: stop_status
2022-05-23 08:30:11,952 DEBUG   SenderThread:19528 [sender.py:send_request():246] send_request: stop_status
2022-05-23 08:30:21,548 INFO    Thread-11 :19528 [dir_watcher.py:_on_file_modified():257] file/dir modified: C:\Projects\Code\Neurals\wandb\run-20220523_082948-i2smucwx\files\output.log
2022-05-23 08:30:21,712 DEBUG   HandlerThread:19528 [handler.py:handle_request():141] handle_request: partial_history
2022-05-23 08:30:21,713 DEBUG   SenderThread:19528 [sender.py:send():232] send: history
2022-05-23 08:30:21,713 DEBUG   SenderThread:19528 [sender.py:send():232] send: summary
2022-05-23 08:30:21,714 INFO    SenderThread:19528 [sender.py:_save_file():948] saving file wandb-summary.json with policy end
2022-05-23 08:30:22,553 INFO    Thread-11 :19528 [dir_watcher.py:_on_file_modified():257] file/dir modified: C:\Projects\Code\Neurals\wandb\run-20220523_082948-i2smucwx\files\wandb-summary.json
2022-05-23 08:30:23,567 INFO    Thread-11 :19528 [dir_watcher.py:_on_file_modified():257] file/dir modified: C:\Projects\Code\Neurals\wandb\run-20220523_082948-i2smucwx\files\output.log
2022-05-23 08:30:24,575 INFO    Thread-11 :19528 [dir_watcher.py:_on_file_modified():257] file/dir modified: C:\Projects\Code\Neurals\wandb\run-20220523_082948-i2smucwx\files\config.yaml
2022-05-23 08:30:27,274 DEBUG   HandlerThread:19528 [handler.py:handle_request():141] handle_request: stop_status
2022-05-23 08:30:27,275 DEBUG   SenderThread:19528 [sender.py:send_request():246] send_request: stop_status
2022-05-23 08:30:27,952 DEBUG   SenderThread:19528 [sender.py:send():232] send: stats
