Warning: initial_connection = full with hidden nodes will not do direct input-output connections;
	if this is desired, set initial_connection = full_nodirect;
	if not, set initial_connection = full_direct
Warning: initial_connection = full with hidden nodes will not do direct input-output connections;
	if this is desired, set initial_connection = full_nodirect;
	if not, set initial_connection = full_direct
Warning: initial_connection = full with hidden nodes will not do direct input-output connections;
	if this is desired, set initial_connection = full_nodirect;
	if not, set initial_connection = full_direct
Warning: initial_connection = full with hidden nodes will not do direct input-output connections;
	if this is desired, set initial_connection = full_nodirect;
	if not, set initial_connection = full_direct
Warning: initial_connection = full with hidden nodes will not do direct input-output connections;
	if this is desired, set initial_connection = full_nodirect;
	if not, set initial_connection = full_direct
Warning: initial_connection = full with hidden nodes will not do direct input-output connections;
	if this is desired, set initial_connection = full_nodirect;
	if not, set initial_connection = full_direct
Warning: initial_connection = full with hidden nodes will not do direct input-output connections;
	if this is desired, set initial_connection = full_nodirect;
	if not, set initial_connection = full_direct
Warning: initial_connection = full with hidden nodes will not do direct input-output connections;
	if this is desired, set initial_connection = full_nodirect;
	if not, set initial_connection = full_direct
Warning: initial_connection = full with hidden nodes will not do direct input-output connections;
	if this is desired, set initial_connection = full_nodirect;
	if not, set initial_connection = full_direct
Warning: initial_connection = full with hidden nodes will not do direct input-output connections;
	if this is desired, set initial_connection = full_nodirect;
	if not, set initial_connection = full_direct
Warning: initial_connection = full with hidden nodes will not do direct input-output connections;
	if this is desired, set initial_connection = full_nodirect;
	if not, set initial_connection = full_direct
Warning: initial_connection = full with hidden nodes will not do direct input-output connections;
	if this is desired, set initial_connection = full_nodirect;
	if not, set initial_connection = full_direct
Warning: initial_connection = full with hidden nodes will not do direct input-output connections;
	if this is desired, set initial_connection = full_nodirect;
	if not, set initial_connection = full_direct
Warning: initial_connection = full with hidden nodes will not do direct input-output connections;
	if this is desired, set initial_connection = full_nodirect;
	if not, set initial_connection = full_direct
Warning: initial_connection = full with hidden nodes will not do direct input-output connections;
	if this is desired, set initial_connection = full_nodirect;
	if not, set initial_connection = full_direct
Warning: initial_connection = full with hidden nodes will not do direct input-output connections;
	if this is desired, set initial_connection = full_nodirect;
	if not, set initial_connection = full_direct
Warning: initial_connection = full with hidden nodes will not do direct input-output connections;
	if this is desired, set initial_connection = full_nodirect;
	if not, set initial_connection = full_direct
Warning: initial_connection = full with hidden nodes will not do direct input-output connections;
	if this is desired, set initial_connection = full_nodirect;
	if not, set initial_connection = full_direct
Warning: initial_connection = full with hidden nodes will not do direct input-output connections;
	if this is desired, set initial_connection = full_nodirect;
	if not, set initial_connection = full_direct
Warning: initial_connection = full with hidden nodes will not do direct input-output connections;
	if this is desired, set initial_connection = full_nodirect;
	if not, set initial_connection = full_direct
Warning: initial_connection = full with hidden nodes will not do direct input-output connections;
	if this is desired, set initial_connection = full_nodirect;
	if not, set initial_connection = full_direct
Warning: initial_connection = full with hidden nodes will not do direct input-output connections;
	if this is desired, set initial_connection = full_nodirect;
	if not, set initial_connection = full_direct
Warning: initial_connection = full with hidden nodes will not do direct input-output connections;
	if this is desired, set initial_connection = full_nodirect;
	if not, set initial_connection = full_direct
Warning: initial_connection = full with hidden nodes will not do direct input-output connections;
	if this is desired, set initial_connection = full_nodirect;
	if not, set initial_connection = full_direct
Warning: initial_connection = full with hidden nodes will not do direct input-output connections;
	if this is desired, set initial_connection = full_nodirect;
	if not, set initial_connection = full_direct
Warning: initial_connection = full with hidden nodes will not do direct input-output connections;
	if this is desired, set initial_connection = full_nodirect;
	if not, set initial_connection = full_direct
Warning: initial_connection = full with hidden nodes will not do direct input-output connections;
	if this is desired, set initial_connection = full_nodirect;
	if not, set initial_connection = full_direct
Warning: initial_connection = full with hidden nodes will not do direct input-output connections;
	if this is desired, set initial_connection = full_nodirect;
	if not, set initial_connection = full_direct
Warning: initial_connection = full with hidden nodes will not do direct input-output connections;
	if this is desired, set initial_connection = full_nodirect;
	if not, set initial_connection = full_direct
Warning: initial_connection = full with hidden nodes will not do direct input-output connections;
	if this is desired, set initial_connection = full_nodirect;
	if not, set initial_connection = full_direct
Warning: initial_connection = full with hidden nodes will not do direct input-output connections;
	if this is desired, set initial_connection = full_nodirect;
	if not, set initial_connection = full_direct
Warning: initial_connection = full with hidden nodes will not do direct input-output connections;
	if this is desired, set initial_connection = full_nodirect;
	if not, set initial_connection = full_direct
Warning: initial_connection = full with hidden nodes will not do direct input-output connections;
	if this is desired, set initial_connection = full_nodirect;
	if not, set initial_connection = full_direct
Warning: initial_connection = full with hidden nodes will not do direct input-output connections;
	if this is desired, set initial_connection = full_nodirect;
	if not, set initial_connection = full_direct
Warning: initial_connection = full with hidden nodes will not do direct input-output connections;
	if this is desired, set initial_connection = full_nodirect;
	if not, set initial_connection = full_direct
Warning: initial_connection = full with hidden nodes will not do direct input-output connections;
	if this is desired, set initial_connection = full_nodirect;
	if not, set initial_connection = full_direct
Warning: initial_connection = full with hidden nodes will not do direct input-output connections;
	if this is desired, set initial_connection = full_nodirect;
	if not, set initial_connection = full_direct
Warning: initial_connection = full with hidden nodes will not do direct input-output connections;
	if this is desired, set initial_connection = full_nodirect;
	if not, set initial_connection = full_direct
Warning: initial_connection = full with hidden nodes will not do direct input-output connections;
	if this is desired, set initial_connection = full_nodirect;
	if not, set initial_connection = full_direct
Warning: initial_connection = full with hidden nodes will not do direct input-output connections;
	if this is desired, set initial_connection = full_nodirect;
	if not, set initial_connection = full_direct
Warning: initial_connection = full with hidden nodes will not do direct input-output connections;
	if this is desired, set initial_connection = full_nodirect;
	if not, set initial_connection = full_direct
Warning: initial_connection = full with hidden nodes will not do direct input-output connections;
	if this is desired, set initial_connection = full_nodirect;
	if not, set initial_connection = full_direct
Warning: initial_connection = full with hidden nodes will not do direct input-output connections;
	if this is desired, set initial_connection = full_nodirect;
	if not, set initial_connection = full_direct
Warning: initial_connection = full with hidden nodes will not do direct input-output connections;
	if this is desired, set initial_connection = full_nodirect;
	if not, set initial_connection = full_direct
Warning: initial_connection = full with hidden nodes will not do direct input-output connections;
	if this is desired, set initial_connection = full_nodirect;
	if not, set initial_connection = full_direct
Warning: initial_connection = full with hidden nodes will not do direct input-output connections;
	if this is desired, set initial_connection = full_nodirect;
	if not, set initial_connection = full_direct
Warning: initial_connection = full with hidden nodes will not do direct input-output connections;
	if this is desired, set initial_connection = full_nodirect;
	if not, set initial_connection = full_direct
Warning: initial_connection = full with hidden nodes will not do direct input-output connections;
	if this is desired, set initial_connection = full_nodirect;
	if not, set initial_connection = full_direct
Warning: initial_connection = full with hidden nodes will not do direct input-output connections;
	if this is desired, set initial_connection = full_nodirect;
	if not, set initial_connection = full_direct
Warning: initial_connection = full with hidden nodes will not do direct input-output connections;
	if this is desired, set initial_connection = full_nodirect;
	if not, set initial_connection = full_direct
Warning: initial_connection = full with hidden nodes will not do direct input-output connections;
	if this is desired, set initial_connection = full_nodirect;
	if not, set initial_connection = full_direct
Warning: initial_connection = full with hidden nodes will not do direct input-output connections;
	if this is desired, set initial_connection = full_nodirect;
	if not, set initial_connection = full_direct
Warning: initial_connection = full with hidden nodes will not do direct input-output connections;
	if this is desired, set initial_connection = full_nodirect;
	if not, set initial_connection = full_direct
Warning: initial_connection = full with hidden nodes will not do direct input-output connections;
	if this is desired, set initial_connection = full_nodirect;
	if not, set initial_connection = full_direct
Warning: initial_connection = full with hidden nodes will not do direct input-output connections;
	if this is desired, set initial_connection = full_nodirect;
	if not, set initial_connection = full_direct
Warning: initial_connection = full with hidden nodes will not do direct input-output connections;
	if this is desired, set initial_connection = full_nodirect;
	if not, set initial_connection = full_direct
Warning: initial_connection = full with hidden nodes will not do direct input-output connections;
	if this is desired, set initial_connection = full_nodirect;
	if not, set initial_connection = full_direct
Warning: initial_connection = full with hidden nodes will not do direct input-output connections;
	if this is desired, set initial_connection = full_nodirect;
	if not, set initial_connection = full_direct
Warning: initial_connection = full with hidden nodes will not do direct input-output connections;
	if this is desired, set initial_connection = full_nodirect;
	if not, set initial_connection = full_direct
Warning: initial_connection = full with hidden nodes will not do direct input-output connections;
	if this is desired, set initial_connection = full_nodirect;
	if not, set initial_connection = full_direct
Warning: initial_connection = full with hidden nodes will not do direct input-output connections;
	if this is desired, set initial_connection = full_nodirect;
	if not, set initial_connection = full_direct
Warning: initial_connection = full with hidden nodes will not do direct input-output connections;
	if this is desired, set initial_connection = full_nodirect;
	if not, set initial_connection = full_direct
Warning: initial_connection = full with hidden nodes will not do direct input-output connections;
	if this is desired, set initial_connection = full_nodirect;
	if not, set initial_connection = full_direct
Warning: initial_connection = full with hidden nodes will not do direct input-output connections;
	if this is desired, set initial_connection = full_nodirect;
	if not, set initial_connection = full_direct
Warning: initial_connection = full with hidden nodes will not do direct input-output connections;
	if this is desired, set initial_connection = full_nodirect;
	if not, set initial_connection = full_direct
Warning: initial_connection = full with hidden nodes will not do direct input-output connections;
	if this is desired, set initial_connection = full_nodirect;
	if not, set initial_connection = full_direct
Warning: initial_connection = full with hidden nodes will not do direct input-output connections;
	if this is desired, set initial_connection = full_nodirect;
	if not, set initial_connection = full_direct
Warning: initial_connection = full with hidden nodes will not do direct input-output connections;
	if this is desired, set initial_connection = full_nodirect;
	if not, set initial_connection = full_direct
Warning: initial_connection = full with hidden nodes will not do direct input-output connections;
	if this is desired, set initial_connection = full_nodirect;
	if not, set initial_connection = full_direct
Warning: initial_connection = full with hidden nodes will not do direct input-output connections;
	if this is desired, set initial_connection = full_nodirect;
	if not, set initial_connection = full_direct
Warning: initial_connection = full with hidden nodes will not do direct input-output connections;
	if this is desired, set initial_connection = full_nodirect;
	if not, set initial_connection = full_direct
Warning: initial_connection = full with hidden nodes will not do direct input-output connections;
	if this is desired, set initial_connection = full_nodirect;
	if not, set initial_connection = full_direct
Warning: initial_connection = full with hidden nodes will not do direct input-output connections;
	if this is desired, set initial_connection = full_nodirect;
	if not, set initial_connection = full_direct
Warning: initial_connection = full with hidden nodes will not do direct input-output connections;
	if this is desired, set initial_connection = full_nodirect;
	if not, set initial_connection = full_direct
Warning: initial_connection = full with hidden nodes will not do direct input-output connections;
	if this is desired, set initial_connection = full_nodirect;
	if not, set initial_connection = full_direct
Warning: initial_connection = full with hidden nodes will not do direct input-output connections;
	if this is desired, set initial_connection = full_nodirect;
	if not, set initial_connection = full_direct
Warning: initial_connection = full with hidden nodes will not do direct input-output connections;
	if this is desired, set initial_connection = full_nodirect;
	if not, set initial_connection = full_direct
Warning: initial_connection = full with hidden nodes will not do direct input-output connections;
	if this is desired, set initial_connection = full_nodirect;
	if not, set initial_connection = full_direct
Warning: initial_connection = full with hidden nodes will not do direct input-output connections;
	if this is desired, set initial_connection = full_nodirect;
	if not, set initial_connection = full_direct
Warning: initial_connection = full with hidden nodes will not do direct input-output connections;
	if this is desired, set initial_connection = full_nodirect;
	if not, set initial_connection = full_direct
Warning: initial_connection = full with hidden nodes will not do direct input-output connections;
	if this is desired, set initial_connection = full_nodirect;
	if not, set initial_connection = full_direct
Warning: initial_connection = full with hidden nodes will not do direct input-output connections;
	if this is desired, set initial_connection = full_nodirect;
	if not, set initial_connection = full_direct
Warning: initial_connection = full with hidden nodes will not do direct input-output connections;
	if this is desired, set initial_connection = full_nodirect;
	if not, set initial_connection = full_direct
Warning: initial_connection = full with hidden nodes will not do direct input-output connections;
	if this is desired, set initial_connection = full_nodirect;
	if not, set initial_connection = full_direct
Warning: initial_connection = full with hidden nodes will not do direct input-output connections;
	if this is desired, set initial_connection = full_nodirect;
	if not, set initial_connection = full_direct
Warning: initial_connection = full with hidden nodes will not do direct input-output connections;
	if this is desired, set initial_connection = full_nodirect;
	if not, set initial_connection = full_direct
Warning: initial_connection = full with hidden nodes will not do direct input-output connections;
	if this is desired, set initial_connection = full_nodirect;
	if not, set initial_connection = full_direct
Warning: initial_connection = full with hidden nodes will not do direct input-output connections;
	if this is desired, set initial_connection = full_nodirect;
	if not, set initial_connection = full_direct
Warning: initial_connection = full with hidden nodes will not do direct input-output connections;
	if this is desired, set initial_connection = full_nodirect;
	if not, set initial_connection = full_direct
Warning: initial_connection = full with hidden nodes will not do direct input-output connections;
	if this is desired, set initial_connection = full_nodirect;
	if not, set initial_connection = full_direct
Warning: initial_connection = full with hidden nodes will not do direct input-output connections;
	if this is desired, set initial_connection = full_nodirect;
	if not, set initial_connection = full_direct
Warning: initial_connection = full with hidden nodes will not do direct input-output connections;
	if this is desired, set initial_connection = full_nodirect;
	if not, set initial_connection = full_direct
Warning: initial_connection = full with hidden nodes will not do direct input-output connections;
	if this is desired, set initial_connection = full_nodirect;
	if not, set initial_connection = full_direct
Warning: initial_connection = full with hidden nodes will not do direct input-output connections;
	if this is desired, set initial_connection = full_nodirect;
	if not, set initial_connection = full_direct
Warning: initial_connection = full with hidden nodes will not do direct input-output connections;
	if this is desired, set initial_connection = full_nodirect;
	if not, set initial_connection = full_direct
Warning: initial_connection = full with hidden nodes will not do direct input-output connections;
	if this is desired, set initial_connection = full_nodirect;
	if not, set initial_connection = full_direct
Warning: initial_connection = full with hidden nodes will not do direct input-output connections;
	if this is desired, set initial_connection = full_nodirect;
	if not, set initial_connection = full_direct
Warning: initial_connection = full with hidden nodes will not do direct input-output connections;
	if this is desired, set initial_connection = full_nodirect;
	if not, set initial_connection = full_direct
Warning: initial_connection = full with hidden nodes will not do direct input-output connections;
	if this is desired, set initial_connection = full_nodirect;
	if not, set initial_connection = full_direct
Warning: initial_connection = full with hidden nodes will not do direct input-output connections;
	if this is desired, set initial_connection = full_nodirect;
	if not, set initial_connection = full_direct
Warning: initial_connection = full with hidden nodes will not do direct input-output connections;
	if this is desired, set initial_connection = full_nodirect;
	if not, set initial_connection = full_direct
Warning: initial_connection = full with hidden nodes will not do direct input-output connections;
	if this is desired, set initial_connection = full_nodirect;
	if not, set initial_connection = full_direct
Warning: initial_connection = full with hidden nodes will not do direct input-output connections;
	if this is desired, set initial_connection = full_nodirect;
	if not, set initial_connection = full_direct
Warning: initial_connection = full with hidden nodes will not do direct input-output connections;
	if this is desired, set initial_connection = full_nodirect;
	if not, set initial_connection = full_direct
Warning: initial_connection = full with hidden nodes will not do direct input-output connections;
	if this is desired, set initial_connection = full_nodirect;
	if not, set initial_connection = full_direct
Warning: initial_connection = full with hidden nodes will not do direct input-output connections;
	if this is desired, set initial_connection = full_nodirect;
	if not, set initial_connection = full_direct
Warning: initial_connection = full with hidden nodes will not do direct input-output connections;
	if this is desired, set initial_connection = full_nodirect;
	if not, set initial_connection = full_direct
Warning: initial_connection = full with hidden nodes will not do direct input-output connections;
	if this is desired, set initial_connection = full_nodirect;
	if not, set initial_connection = full_direct
Warning: initial_connection = full with hidden nodes will not do direct input-output connections;
	if this is desired, set initial_connection = full_nodirect;
	if not, set initial_connection = full_direct
Warning: initial_connection = full with hidden nodes will not do direct input-output connections;
	if this is desired, set initial_connection = full_nodirect;
	if not, set initial_connection = full_direct
Warning: initial_connection = full with hidden nodes will not do direct input-output connections;
	if this is desired, set initial_connection = full_nodirect;
	if not, set initial_connection = full_direct
Warning: initial_connection = full with hidden nodes will not do direct input-output connections;
	if this is desired, set initial_connection = full_nodirect;
	if not, set initial_connection = full_direct
Warning: initial_connection = full with hidden nodes will not do direct input-output connections;
	if this is desired, set initial_connection = full_nodirect;
	if not, set initial_connection = full_direct
Warning: initial_connection = full with hidden nodes will not do direct input-output connections;
	if this is desired, set initial_connection = full_nodirect;
	if not, set initial_connection = full_direct
Warning: initial_connection = full with hidden nodes will not do direct input-output connections;
	if this is desired, set initial_connection = full_nodirect;
	if not, set initial_connection = full_direct
Warning: initial_connection = full with hidden nodes will not do direct input-output connections;
	if this is desired, set initial_connection = full_nodirect;
	if not, set initial_connection = full_direct
Warning: initial_connection = full with hidden nodes will not do direct input-output connections;
	if this is desired, set initial_connection = full_nodirect;
	if not, set initial_connection = full_direct
Warning: initial_connection = full with hidden nodes will not do direct input-output connections;
	if this is desired, set initial_connection = full_nodirect;
	if not, set initial_connection = full_direct
Warning: initial_connection = full with hidden nodes will not do direct input-output connections;
	if this is desired, set initial_connection = full_nodirect;
	if not, set initial_connection = full_direct
Warning: initial_connection = full with hidden nodes will not do direct input-output connections;
	if this is desired, set initial_connection = full_nodirect;
	if not, set initial_connection = full_direct
Warning: initial_connection = full with hidden nodes will not do direct input-output connections;
	if this is desired, set initial_connection = full_nodirect;
	if not, set initial_connection = full_direct
Warning: initial_connection = full with hidden nodes will not do direct input-output connections;
	if this is desired, set initial_connection = full_nodirect;
	if not, set initial_connection = full_direct
Warning: initial_connection = full with hidden nodes will not do direct input-output connections;
	if this is desired, set initial_connection = full_nodirect;
	if not, set initial_connection = full_direct
Warning: initial_connection = full with hidden nodes will not do direct input-output connections;
	if this is desired, set initial_connection = full_nodirect;
	if not, set initial_connection = full_direct
Warning: initial_connection = full with hidden nodes will not do direct input-output connections;
	if this is desired, set initial_connection = full_nodirect;
	if not, set initial_connection = full_direct
Warning: initial_connection = full with hidden nodes will not do direct input-output connections;
	if this is desired, set initial_connection = full_nodirect;
	if not, set initial_connection = full_direct
Warning: initial_connection = full with hidden nodes will not do direct input-output connections;
	if this is desired, set initial_connection = full_nodirect;
	if not, set initial_connection = full_direct
Warning: initial_connection = full with hidden nodes will not do direct input-output connections;
	if this is desired, set initial_connection = full_nodirect;
	if not, set initial_connection = full_direct
Warning: initial_connection = full with hidden nodes will not do direct input-output connections;
	if this is desired, set initial_connection = full_nodirect;
	if not, set initial_connection = full_direct
Warning: initial_connection = full with hidden nodes will not do direct input-output connections;
	if this is desired, set initial_connection = full_nodirect;
	if not, set initial_connection = full_direct
Warning: initial_connection = full with hidden nodes will not do direct input-output connections;
	if this is desired, set initial_connection = full_nodirect;
	if not, set initial_connection = full_direct
Warning: initial_connection = full with hidden nodes will not do direct input-output connections;
	if this is desired, set initial_connection = full_nodirect;
	if not, set initial_connection = full_direct
Warning: initial_connection = full with hidden nodes will not do direct input-output connections;
	if this is desired, set initial_connection = full_nodirect;
	if not, set initial_connection = full_direct
Warning: initial_connection = full with hidden nodes will not do direct input-output connections;
	if this is desired, set initial_connection = full_nodirect;
	if not, set initial_connection = full_direct
Warning: initial_connection = full with hidden nodes will not do direct input-output connections;
	if this is desired, set initial_connection = full_nodirect;
	if not, set initial_connection = full_direct
Warning: initial_connection = full with hidden nodes will not do direct input-output connections;
	if this is desired, set initial_connection = full_nodirect;
	if not, set initial_connection = full_direct
Warning: initial_connection = full with hidden nodes will not do direct input-output connections;
	if this is desired, set initial_connection = full_nodirect;
	if not, set initial_connection = full_direct
Warning: initial_connection = full with hidden nodes will not do direct input-output connections;
	if this is desired, set initial_connection = full_nodirect;
	if not, set initial_connection = full_direct
Warning: initial_connection = full with hidden nodes will not do direct input-output connections;
	if this is desired, set initial_connection = full_nodirect;
	if not, set initial_connection = full_direct
Warning: initial_connection = full with hidden nodes will not do direct input-output connections;
	if this is desired, set initial_connection = full_nodirect;
	if not, set initial_connection = full_direct
Warning: initial_connection = full with hidden nodes will not do direct input-output connections;
	if this is desired, set initial_connection = full_nodirect;
	if not, set initial_connection = full_direct
Warning: initial_connection = full with hidden nodes will not do direct input-output connections;
	if this is desired, set initial_connection = full_nodirect;
	if not, set initial_connection = full_direct
Warning: initial_connection = full with hidden nodes will not do direct input-output connections;
	if this is desired, set initial_connection = full_nodirect;
	if not, set initial_connection = full_direct
Warning: initial_connection = full with hidden nodes will not do direct input-output connections;
	if this is desired, set initial_connection = full_nodirect;
	if not, set initial_connection = full_direct
Warning: initial_connection = full with hidden nodes will not do direct input-output connections;
	if this is desired, set initial_connection = full_nodirect;
	if not, set initial_connection = full_direct
Warning: initial_connection = full with hidden nodes will not do direct input-output connections;
	if this is desired, set initial_connection = full_nodirect;
	if not, set initial_connection = full_direct
Warning: initial_connection = full with hidden nodes will not do direct input-output connections;
	if this is desired, set initial_connection = full_nodirect;
	if not, set initial_connection = full_direct
Warning: initial_connection = full with hidden nodes will not do direct input-output connections;
	if this is desired, set initial_connection = full_nodirect;
	if not, set initial_connection = full_direct
Warning: initial_connection = full with hidden nodes will not do direct input-output connections;
	if this is desired, set initial_connection = full_nodirect;
	if not, set initial_connection = full_direct
Warning: initial_connection = full with hidden nodes will not do direct input-output connections;
	if this is desired, set initial_connection = full_nodirect;
	if not, set initial_connection = full_direct
 ****** Running generation 0 ******
Run done
Enum done
Population's average fitness: 6.71538 stdev: 10.04735
Best fitness: 98.98610 - size: (6, 15) - species 107 - id 107
Average adjusted fitness: 0.055
Mean genetic distance 3.175, standard deviation 0.321
Population of 304 members in 151 species:
   ID   age  size  fitness  adj fit  stag
  ====  ===  ====  =======  =======  ====
     1    0     2      1.5    0.002     0
     2    0     2      9.9    0.087     0
     3    0     2      9.2    0.080     0
     4    0     2      4.2    0.029     0
     5    0     2      2.2    0.009     0
     6    0     2      4.3    0.030     0
     7    0     2      1.8    0.005     0
     8    0     2      1.3    0.000     0
     9    0     2     10.0    0.088     0
    10    0     2      1.6    0.002     0
    11    0     2      4.2    0.029     0
    12    0     2      4.2    0.029     0
    13    0     2      1.5    0.001     0
    14    0     2      9.9    0.088     0
    15    0     2      4.2    0.029     0
    16    0     2      4.1    0.028     0
    17    0     2      6.6    0.054     0
    18    0     2      4.1    0.028     0
    19    0     2      9.9    0.088     0
    20    0     2      2.9    0.016     0
    21    0     2      1.9    0.005     0
    22    0     2      4.2    0.029     0
    23    0     2      9.9    0.087     0
    24    0     2      9.5    0.084     0
    25    0     2      3.9    0.027     0
    26    0     2      2.9    0.016     0
    27    0     2      6.7    0.055     0
    28    0     2      4.4    0.031     0
    29    0     2      4.1    0.028     0
    30    0     2      8.2    0.070     0
    31    0     2      1.4    0.000     0
    32    0     2      9.9    0.088     0
    33    0     1      9.9    0.088     0
    34    0     2     10.0    0.088     0
    35    0     2      9.7    0.086     0
    36    0     2      7.1    0.059     0
    37    0     2      1.8    0.005     0
    38    0     2      3.9    0.026     0
    39    0     2      4.7    0.034     0
    40    0     2      5.6    0.043     0
    41    0     2      2.8    0.015     0
    42    0     2      2.0    0.006     0
    43    0     2     13.6    0.125     0
    44    0     2      1.5    0.002     0
    45    0     2      1.4    0.001     0
    46    0     2      1.4    0.000     0
    47    0     2      1.3    0.000     0
    48    0     2      9.9    0.088     0
    49    0     2      1.4    0.001     0
    50    0     2      4.3    0.031     0
    51    0     2      1.4    0.000     0
    52    0     2      9.7    0.085     0
    53    0     2      4.7    0.035     0
    54    0     2      2.0    0.007     0
    55    0     2      4.1    0.028     0
    56    0     2      9.6    0.084     0
    57    0     2      1.5    0.001     0
    58    0     2      1.4    0.000     0
    59    0     2      1.4    0.000     0
    60    0     2      7.4    0.062     0
    61    0     2     10.2    0.091     0
    62    0     2      1.5    0.002     0
    63    0     2      9.2    0.080     0
    64    0     2      2.7    0.014     0
    65    0     2      1.4    0.000     0
    66    0     2      1.3    0.000     0
    67    0     2      9.7    0.085     0
    68    0     2      1.4    0.000     0
    69    0     2      7.2    0.059     0
    70    0     2      2.7    0.014     0
    71    0     2      9.4    0.082     0
    72    0     2     10.0    0.088     0
    73    0     2      9.9    0.088     0
    74    0     3     70.9    0.712     0
    75    0     2     10.6    0.095     0
    76    0     2     17.0    0.160     0
    77    0     2      4.3    0.030     0
    78    0     2      1.4    0.000     0
    79    0     2      4.2    0.030     0
    80    0     2      5.2    0.040     0
    81    0     2     12.7    0.116     0
    82    0     2      2.2    0.009     0
    83    0     2      7.9    0.067     0
    84    0     2      9.9    0.088     0
    85    0     2      3.9    0.026     0
    86    0     2      1.3    0.000     0
    87    0     2      9.7    0.085     0
    88    0     2      4.1    0.028     0
    89    0     2      1.4    0.001     0
    90    0     2      9.1    0.079     0
    91    0     2      4.0    0.027     0
    92    0     2      9.4    0.083     0
    93    0     2      6.5    0.052     0
    94    0     2      4.3    0.030     0
    95    0     2     10.0    0.088     0
    96    0     2      4.5    0.032     0
    97    0     2      6.8    0.056     0
    98    0     2      1.4    0.000     0
    99    0     2      2.8    0.015     0
   100    0     2      7.6    0.064     0
   101    0     2     10.0    0.088     0
   102    0     2      5.4    0.042     0
   103    0     2      9.9    0.088     0
   104    0     2      9.9    0.088     0
   105    0     2      1.5    0.001     0
   106    0     2      1.4    0.000     0
   107    0     5     99.0    1.000     0
   108    0     2      1.4    0.000     0
   109    0     2      6.6    0.054     0
   110    0     2      9.6    0.085     0
   111    0     2      9.4    0.082     0
   112    0     2      1.4    0.000     0
   113    0     2      1.4    0.001     0
   114    0     2      5.6    0.043     0
   115    0     2      9.4    0.082     0
   116    0     2      3.4    0.021     0
   117    0     2      1.4    0.000     0
   118    0     2      1.6    0.002     0
   119    0     2      3.0    0.017     0
   120    0     2     11.0    0.099     0
   121    0     2      2.7    0.014     0
   122    0     2      3.5    0.023     0
   123    0     2     10.0    0.088     0
   124    0     2      9.8    0.087     0
   125    0     2      3.3    0.020     0
   126    0     2      9.2    0.081     0
   127    0     2      4.3    0.031     0
   128    0     2      5.3    0.040     0
   129    0     2      2.1    0.007     0
   130    0     2      7.2    0.060     0
   131    0     2      4.2    0.029     0
   132    0     2      6.0    0.047     0
   133    0     2      3.6    0.023     0
   134    0     2      3.0    0.017     0
   135    0     2      4.1    0.028     0
   136    0     2      9.9    0.088     0
   137    0     2     10.0    0.088     0
   138    0     2      1.3    0.000     0
   139    0     2     10.1    0.089     0
   140    0     2      1.3    0.000     0
   141    0     2      1.4    0.000     0
   142    0     2     10.0    0.088     0
   143    0     2      9.1    0.079     0
   144    0     2     16.4    0.154     0
   145    0     2      9.9    0.088     0
   146    0     2      1.3    0.000     0
   147    0     2      4.1    0.028     0
   148    0     2      5.5    0.042     0
   149    0     2     24.8    0.241     0
   150    0     2      2.1    0.008     0
   151    0     1       --       --     0
Total extinctions: 0
Generation time: 3.450 sec
 ****** Running generation 1 ******
Run done
Enum done
Population's average fitness: 6.05573 stdev: 9.11397
Best fitness: 91.85324 - size: (7, 15) - species 19 - id 273
Average adjusted fitness: 0.063
Mean genetic distance 3.174, standard deviation 0.321
Population of 302 members in 151 species:
   ID   age  size  fitness  adj fit  stag
  ====  ===  ====  =======  =======  ====
     1    1     2      2.0    0.015     0
     2    1     2     10.3    0.095     0
     3    1     2     10.2    0.108     0
     4    1     2      2.8    0.030     1
     5    1     2      3.8    0.027     0
     6    1     2      5.2    0.041     0
     7    1     2     16.1    0.093     0
     8    1     2      2.9    0.019     0
     9    1     2     10.0    0.108     0
    10    1     2      4.2    0.027     0
    11    1     2      2.7    0.029     1
    12    1     2      2.8    0.029     1
    13    1     2      1.0    0.009     1
    14    1     2      9.9    0.107     1
    15    1     2      4.2    0.037     1
    16    1     2      2.8    0.030     1
    17    1     2     11.1    0.096     0
    18    1     2      9.9    0.068     0
    19    1     2     91.9    0.554     0
    20    1     2      2.3    0.018     1
    21    1     2      1.7    0.015     1
    22    1     2      2.5    0.022     1
    23    1     2     10.2    0.092     0
    24    1     2     10.4    0.088     0
    25    1     2      4.4    0.035     0
    26    1     2      1.8    0.013     1
    27    1     2     12.7    0.122     0
    28    1     2      5.2    0.032     0
    29    1     2      3.7    0.034     1
    30    1     2     10.0    0.107     0
    31    1     2      2.8    0.019     0
    32    1     2     10.0    0.108     0
    33    1     2     11.0    0.119     0
    34    1     2      9.9    0.102     1
    35    1     2     11.0    0.071     0
    36    1     2     17.7    0.108     0
    37    1     2     24.8    0.141     0
    38    1     2      2.8    0.028     1
    39    1     2     13.0    0.128     0
    40    1     2      5.9    0.053     0
    41    1     2      1.7    0.014     1
    42    1     2      3.2    0.023     0
    43    1     2      3.5    0.023     1
    44    1     2      0.9    0.004     1
    45    1     2      1.0    0.009     1
    46    1     2     14.3    0.082     0
    47    1     2      1.8    0.013     0
    48    1     2     10.0    0.107     0
    49    1     2      0.9    0.004     1
    50    1     2     66.1    0.372     0
    51    1     2      0.9    0.008     1
    52    1     2     14.2    0.135     0
    53    1     2      9.9    0.069     0
    54    1     2      3.6    0.025     0
    55    1     2      2.8    0.025     1
    56    1     2     11.0    0.118     0
    57    1     2      0.9    0.008     1
    58    1     2      4.3    0.027     0
    59    1     2     14.3    0.095     0
    60    1     2     10.2    0.082     0
    61    1     2      9.6    0.058     1
    62    1     2     14.2    0.149     0
    63    1     2     14.9    0.129     0
    64    1     2      2.4    0.017     1
    65    1     2      0.9    0.008     1
    66    1     2      0.8    0.008     1
    67    1     2      5.4    0.036     1
    68    1     2     14.4    0.082     0
    69    1     2      4.3    0.037     1
    70    1     2     13.4    0.077     0
    71    1     2     10.1    0.086     0
    72    1     2     10.0    0.108     0
    73    1     2     10.0    0.108     0
    74    1     2     48.8    0.256     1
    75    1     2      8.4    0.049     1
    76    1     2      2.8    0.030     1
    77    1     2      2.8    0.022     1
    78    1     2      0.8    0.008     1
    79    1     2      2.8    0.018     1
    80    1     2      3.3    0.033     1
    81    1     2     13.1    0.092     0
    82    1     2      1.3    0.011     1
    83    1     2      4.8    0.051     1
    84    1     2      9.9    0.106     1
    85    1     2      4.1    0.032     0
    86    1     2      0.8    0.004     1
    87    1     2     10.4    0.101     0
    88    1     2      2.3    0.023     1
    89    1     2      0.9    0.008     1
    90    1     2      7.6    0.070     1
    91    1     2      2.7    0.022     1
    92    1     2      6.1    0.047     1
    93    1     2     10.9    0.092     0
    94    1     2      3.4    0.033     1
    95    1     2     10.0    0.107     0
    96    1     2     14.1    0.095     0
    97    1     2      5.7    0.046     1
    98    1     2      0.8    0.008     1
    99    1     2      5.2    0.037     0
   100    1     2     10.3    0.109     0
   101    1     2      9.9    0.107     1
   102    1     2     29.6    0.215     0
   103    1     2      8.8    0.069     1
   104    1     2     10.2    0.108     0
   105    1     2     11.8    0.072     0
   106    1     2      1.7    0.013     0
   107    1     2     82.9    0.205     1
   108    1     2      0.8    0.008     1
   109    1     2      5.2    0.033     1
   110    1     2     10.9    0.112     0
   111    1     2      4.5    0.028     1
   112    1     2      2.7    0.018     0
   113    1     2      1.1    0.010     1
   114    1     2      4.6    0.040     1
   115    1     2     10.8    0.111     0
   116    1     2      3.4    0.033     0
   117    1     2      2.9    0.019     0
   118    1     2      1.0    0.009     1
   119    1     2      1.9    0.014     1
   120    1     2     11.5    0.119     0
   121    1     2      1.7    0.013     1
   122    1     2     11.6    0.074     0
   123    1     2     10.1    0.108     0
   124    1     2      4.9    0.032     1
   125    1     2      2.7    0.020     1
   126    1     2     10.2    0.070     0
   127    1     2      2.3    0.022     1
   128    1     2      4.1    0.027     1
   129    1     2     10.6    0.064     0
   130    1     2      4.2    0.043     1
   131    1     2      2.7    0.018     1
   132    1     2     13.7    0.084     0
   133    1     2      2.0    0.014     1
   134    1     2      2.9    0.023     1
   135    1     2      2.8    0.019     1
   136    1     2     10.0    0.107     0
   137    1     2     10.0    0.107     1
   138    1     2      3.5    0.022     0
   139    1     2     11.8    0.126     0
   140    1     2     10.3    0.060     0
   141    1     2      0.9    0.008     1
   142    1     2     10.0    0.107     0
   143    1     2      1.2    0.010     1
   144    1     2      3.6    0.026     1
   145    1     2     10.0    0.107     0
   146    1     2      2.8    0.018     0
   147    1     2      2.8    0.030     1
   148    1     2      9.2    0.065     0
   149    1     2      4.7    0.030     1
   150    1     2      3.7    0.026     0
   151    1     2      5.3    0.057     0
Total extinctions: 0
Generation time: 6.013 sec (4.732 average)
