 ****** Running generation 0 ******
Average fitness:
Failed mean
Population's average fitness: 2610.44504 stdev: 3322.61966
Best fitness: 10022.42071 - size: (6, 15) - species 125 - id 125
Average adjusted fitness: 0.225
Mean genetic distance 3.188, standard deviation 0.324
Population of 300 members in 151 species:
   ID   age  size  fitness  adj fit  stag
  ====  ===  ====  =======  =======  ====
     1    0     2    869.4    0.044     0
     2    0     2    545.8    0.010     0
     3    0     2    509.1    0.006     0
     4    0     2    616.7    0.017     0
     5    0     2    747.1    0.031     0
     6    0     2   1123.8    0.070     0
     7    0     2   9032.5    0.897     0
     8    0     2   8803.1    0.873     0
     9    0     2    539.8    0.009     0
    10    0     2   8838.7    0.876     0
    11    0     2   9780.6    0.975     0
    12    0     2    540.5    0.009     0
    13    0     2    540.1    0.009     0
    14    0     2    905.2    0.047     0
    15    0     2   5062.7    0.482     0
    16    0     2    452.9    0.000     0
    17    0     2   8887.1    0.881     0
    18    0     2   9754.0    0.972     0
    19    0     2    681.0    0.024     0
    20    0     2    839.4    0.040     0
    21    0     2    913.6    0.048     0
    22    0     2    539.8    0.009     0
    23    0     2    560.0    0.011     0
    24    0     2   9780.7    0.975     0
    25    0     2   9293.5    0.924     0
    26    0     2    833.5    0.040     0
    27    0     2    504.8    0.005     0
    28    0     2   9793.9    0.976     0
    29    0     2    539.7    0.009     0
    30    0     2   4085.4    0.380     0
    31    0     2    540.6    0.009     0
    32    0     2   9586.7    0.954     0
    33    0     2   1551.8    0.115     0
    34    0     2   9633.6    0.959     0
    35    0     2   1386.3    0.098     0
    36    0     2   1858.4    0.147     0
    37    0     1   9730.4    0.969     0
    38    0     2   1073.4    0.065     0
    39    0     2    640.3    0.020     0
    40    0     2   3914.5    0.362     0
    41    0     2    701.6    0.026     0
    42    0     2    544.1    0.010     0
    43    0     2   1310.9    0.090     0
    44    0     2    539.7    0.009     0
    45    0     2   8714.1    0.863     0
    46    0     2    539.7    0.009     0
    47    0     2   3869.0    0.357     0
    48    0     2    539.7    0.009     0
    49    0     2    656.8    0.021     0
    50    0     2    554.3    0.011     0
    51    0     2    537.2    0.009     0
    52    0     2    548.9    0.010     0
    53    0     2    722.2    0.028     0
    54    0     2   3908.2    0.361     0
    55    0     2   8397.6    0.830     0
    56    0     2    550.4    0.010     0
    57    0     2    539.7    0.009     0
    58    0     2    660.9    0.022     0
    59    0     2    530.6    0.008     0
    60    0     2    768.1    0.033     0
    61    0     2    539.7    0.009     0
    62    0     2    683.2    0.024     0
    63    0     2   8918.6    0.885     0
    64    0     2   1200.4    0.078     0
    65    0     2    501.5    0.005     0
    66    0     2    796.0    0.036     0
    67    0     2   1843.2    0.145     0
    68    0     2    539.8    0.009     0
    69    0     2    800.6    0.036     0
    70    0     2    538.6    0.009     0
    71    0     2    965.5    0.054     0
    72    0     2    569.0    0.012     0
    73    0     2    546.3    0.010     0
    74    0     2   9661.7    0.962     0
    75    0     2    539.6    0.009     0
    76    0     2   2229.4    0.186     0
    77    0     2   9780.1    0.975     0
    78    0     2    546.0    0.010     0
    79    0     2   9700.4    0.966     0
    80    0     2    539.7    0.009     0
    81    0     2    543.5    0.009     0
    82    0     2    539.8    0.009     0
    83    0     2    619.1    0.017     0
    84    0     2   9625.0    0.958     0
    85    0     2   1127.3    0.070     0
    86    0     2    539.7    0.009     0
    87    0     2    964.8    0.053     0
    88    0     2   2832.5    0.249     0
    89    0     2    807.5    0.037     0
    90    0     2   4221.0    0.394     0
    91    0     2    554.3    0.011     0
    92    0     2    770.1    0.033     0
    93    0     2    527.1    0.008     0
    94    0     2    607.6    0.016     0
    95    0     2   9609.9    0.957     0
    96    0     2    541.7    0.009     0
    97    0     2   2297.7    0.193     0
    98    0     2    539.8    0.009     0
    99    0     2    611.9    0.017     0
   100    0     2    539.7    0.009     0
   101    0     2   3785.9    0.348     0
   102    0     2    539.7    0.009     0
   103    0     2    580.1    0.013     0
   104    0     2    545.7    0.010     0
   105    0     2    539.9    0.009     0
   106    0     2    759.6    0.032     0
   107    0     2   3118.9    0.279     0
   108    0     2   1407.3    0.100     0
   109    0     2    550.8    0.010     0
   110    0     2    549.8    0.010     0
   111    0     2    631.7    0.019     0
   112    0     2    526.5    0.008     0
   113    0     2    741.0    0.030     0
   114    0     2    539.7    0.009     0
   115    0     2   8894.9    0.882     0
   116    0     2   3859.4    0.356     0
   117    0     2    539.8    0.009     0
   118    0     2    526.1    0.008     0
   119    0     2    540.5    0.009     0
   120    0     2    539.7    0.009     0
   121    0     2    541.6    0.009     0
   122    0     2    541.0    0.009     0
   123    0     2    535.2    0.009     0
   124    0     2   9607.6    0.957     0
   125    0     2  10022.4    1.000     0
   126    0     2   5891.6    0.568     0
   127    0     2    830.8    0.039     0
   128    0     2   9781.2    0.975     0
   129    0     2   1176.9    0.076     0
   130    0     2    781.7    0.034     0
   131    0     2   7866.9    0.775     0
   132    0     2    539.7    0.009     0
   133    0     2   7709.9    0.758     0
   134    0     2    841.1    0.041     0
   135    0     2   1496.8    0.109     0
   136    0     2   9780.7    0.975     0
   137    0     2    539.7    0.009     0
   138    0     2   5701.9    0.549     0
   139    0     2    586.3    0.014     0
   140    0     2    513.7    0.006     0
   141    0     2   5587.4    0.537     0
   142    0     2   1066.4    0.064     0
   143    0     2    536.0    0.009     0
   144    0     2   2078.4    0.170     0
   145    0     2    641.9    0.020     0
   146    0     2    703.1    0.026     0
   147    0     2    490.8    0.004     0
   148    0     2   1599.0    0.120     0
   149    0     2    539.4    0.009     0
   150    0     2   2496.6    0.214     0
   151    0     1       --       --     0
Total extinctions: 0
Generation time: 8.140 sec
 ****** Running generation 1 ******
Average fitness:
2610.445041847858
Population's average fitness: 2549.41018 stdev: 3436.47863
Best fitness: 9958.60571 - size: (6, 14) - species 126 - id 273
Average adjusted fitness: 0.255
Mean genetic distance 3.188, standard deviation 0.323
Population of 302 members in 151 species:
   ID   age  size  fitness  adj fit  stag
  ====  ===  ====  =======  =======  ====
     1    1     2    710.6    0.298     1
     2    1     2    381.0    0.041     1
     3    1     2    343.2    0.031     1
     4    1     2    536.9    0.053     1
     5    1     2    305.2    0.049     1
     6    1     2    362.4    0.052     1
     7    1     2   7160.6    0.821     1
     8    1     2   5554.4    0.739     1
     9    1     2    361.5    0.033     1
    10    1     2   9003.4    0.929     0
    11    1     2    359.8    0.515     1
    12    1     2    362.3    0.039     1
    13    1     2    361.5    0.032     1
    14    1     2    540.2    0.073     1
    15    1     2   4621.5    0.724     1
    16    1     2    233.8    0.029     1
    17    1     2    957.1    0.500     1
    18    1     2   1607.0    0.536     1
    19    1     2     44.7    0.472     1
    20    1     2     58.1    0.004     1
    21    1     2    554.3    0.061     1
    22    1     2    361.6    0.038     1
    23    1     2    478.4    0.499     1
    24    1     2    397.9    0.517     1
    25    1     2    468.6    0.504     1
    26    1     2   1103.9    0.107     0
    27    1     2    108.1    0.413     1
    28    1     2   9868.9    0.995     0
    29    1     2    361.4    0.032     1
    30    1     2   3678.5    0.436     1
    31    1     2    360.4    0.032     1
    32    1     2    524.4    0.514     1
    33    1     2    437.1    0.100     1
    34    1     2   8030.0    0.895     1
    35    1     2    717.0    0.123     1
    36    1     2    627.9    0.528     1
    37    1     2   9895.3    0.994     0
    38    1     2    250.9    0.043     1
    39    1     2    361.5    0.046     1
    40    1     2    182.9    0.210     1
    41    1     2   1394.6    0.167     0
    42    1     2    375.3    0.473     1
    43    1     2    782.1    0.095     1
    44    1     2    361.5    0.032     1
    45    1     2    920.6    0.487     1
    46    1     2    361.5    0.032     1
    47    1     2    557.2    0.280     1
    48    1     2    361.6    0.058     1
    49    1     2    215.6    0.059     1
    50    1     2    849.6    0.173     0
    51    1     2    357.2    0.032     1
    52    1     2    361.4    0.033     1
    53    1     2    590.7    0.064     1
    54    1     2    387.0    0.218     1
    55    1     2   8806.1    0.940     0
    56    1     2    371.1    0.034     1
    57    1     2    361.5    0.032     1
    58    1     2    532.0    0.057     1
    59    1     2    372.8    0.045     1
    60    1     2   1047.2    0.104     0
    61    1     2    361.5    0.032     1
    62    1     2    743.9    0.089     0
    63    1     2   8717.4    0.937     1
    64    1     2    456.2    0.083     1
    65    1     2     56.8    0.002     1
    66    1     2   1002.3    0.450     0
    67    1     2    531.3    0.116     1
    68    1     2    361.5    0.032     1
    69    1     2    372.9    0.115     1
    70    1     2    377.9    0.516     1
    71    1     2    809.6    0.079     1
    72    1     2    344.8    0.032     1
    73    1     2    361.4    0.033     1
    74    1     2   9839.8    0.993     0
    75    1     2    361.4    0.046     1
    76    1     2   1009.0    0.134     1
    77    1     2   9790.5    0.991     0
    78    1     2    364.0    0.061     1
    79    1     2   8228.0    0.908     1
    80    1     2    361.5    0.033     1
    81    1     2    373.2    0.055     1
    82    1     2    361.5    0.032     1
    83    1     2   1088.7    0.111     0
    84    1     2    383.6    0.509     1
    85    1     2   1442.1    0.438     0
    86    1     2    361.5    0.032     1
    87    1     2    831.7    0.083     1
    88    1     2   2974.2    0.327     0
    89    1     2   1037.8    0.105     0
    90    1     2    606.9    0.239     1
    91    1     2    349.8    0.046     1
    92    1     2    385.1    0.061     1
    93    1     2    448.0    0.066     1
    94    1     2    520.4    0.075     1
    95    1     2   1222.3    0.550     1
    96    1     2    361.5    0.032     1
    97    1     2   1872.5    0.389     1
    98    1     2    361.6    0.032     1
    99    1     2    468.5    0.044     1
   100    1     2    361.5    0.032     1
   101    1     2   3666.1    0.677     1
   102    1     2    361.5    0.043     1
   103    1     2     85.3    0.011     1
   104    1     2    380.0    0.090     1
   105    1     2    363.0    0.032     1
   106    1     2    736.5    0.080     1
   107    1     2    361.5    0.190     1
   108    1     2   1504.5    0.361     0
   109    1     2    388.8    0.035     1
   110    1     2    360.7    0.034     1
   111    1     2    382.0    0.043     1
   112    1     2    832.8    0.080     0
   113    1     2    364.1    0.043     1
   114    1     2    361.5    0.032     1
   115    1     2   9059.6    0.933     0
   116    1     2    983.3    0.217     1
   117    1     2    361.5    0.032     1
   118    1     2    356.9    0.070     1
   119    1     2    364.5    0.039     1
   120    1     2    360.4    0.032     1
   121    1     2    361.5    0.032     1
   122    1     2    361.3    0.032     1
   123    1     2    368.8    0.066     1
   124    1     2   8783.6    0.931     1
   125    1     2   8433.5    0.923     1
   126    1     2   5384.5    0.769     1
   127    1     2    752.2    0.089     1
   128    1     2   9898.2    0.996     0
   129    1     2     43.8    0.021     1
   130    1     2   2313.6    0.335     0
   131    1     2   1552.6    0.492     1
   132    1     2    361.5    0.032     1
   133    1     2   1391.9    0.465     1
   134    1     2   1123.0    0.109     0
   135    1     2    928.5    0.115     1
   136    1     2   9945.6    0.999     0
   137    1     2    361.5    0.032     1
   138    1     2   5662.4    0.714     1
   139    1     2    157.6    0.028     1
   140    1     2    416.2    0.040     1
   141    1     2   1663.5    0.369     1
   142    1     2    823.3    0.086     1
   143    1     2    356.8    0.032     1
   144    1     2   2203.4    0.606     0
   145    1     2    857.0    0.152     0
   146    1     2    534.7    0.511     1
   147    1     2    390.7    0.056     1
   148    1     2   1245.6    0.141     1
   149    1     2    361.5    0.032     1
   150    1     2   2631.8    0.590     0
   151    1     2   2511.9    0.249     0
Total extinctions: 0
Generation time: 10.769 sec (9.455 average)
 ****** Running generation 2 ******
Average fitness:
2549.4101756809846
Population's average fitness: 2177.66153 stdev: 3296.12558
Best fitness: 9531.58525 - size: (6, 14) - species 28 - id 299
Average adjusted fitness: 0.228
Mean genetic distance 3.188, standard deviation 0.323
Population of 302 members in 151 species:
   ID   age  size  fitness  adj fit  stag
  ====  ===  ====  =======  =======  ====
     1    2     2     20.5    0.255     2
     2    2     2     76.8    0.010     2
     3    2     2    294.4    0.032     2
     4    2     2    111.1    0.014     2
     5    2     2     62.9    0.041     2
     6    2     2    136.1    0.037     2
     7    2     2   6709.3    0.811     2
     8    2     2     87.7    0.017     2
     9    2     2    134.0    0.014     2
    10    2     2   8552.2    0.924     1
    11    2     2    290.1    0.513     2
    12    2     2    200.7    0.028     2
    13    2     2    133.1    0.014     2
    14    2     2    542.8    0.060     2
    15    2     2   4742.0    0.740     2
    16    2     2     86.9    0.010     2
    17    2     2    749.9    0.490     2
    18    2     2      0.1    0.000     2
    19    2     2      6.5    0.005     2
    20    2     2     69.1    0.017     2
    21    2     2    199.1    0.031     2
    22    2     2     84.8    0.011     2
    23    2     2     53.7    0.475     2
    24    2     2    305.2    0.512     2
    25    2     2     65.9    0.484     2
    26    2     2    723.5    0.076     1
    27    2     2    375.7    0.433     2
    28    2     2   9423.3    0.994     1
    29    2     2    134.0    0.014     2
    30    2     2   3831.8    0.443     2
    31    2     2    129.3    0.014     2
    32    2     2    116.6    0.489     2
    33    2     2    515.8    0.089     2
    34    2     2   7526.6    0.885     2
    35    2     2    266.6    0.110     2
    36    2     2    331.1    0.512     2
    37    2     2   9444.1    0.992     1
    38    2     2     40.8    0.072     2
    39    2     2    134.0    0.017     2
    40    2     2     69.5    0.193     2
    41    2     2    993.2    0.105     1
    42    2     2    122.9    0.460     2
    43    2     2    744.8    0.082     2
    44    2     2    134.0    0.014     2
    45    2     2   1243.9    0.504     2
    46    2     2    134.0    0.014     2
    47    2     2    125.3    0.226     2
    48    2     2    134.2    0.047     2
    49    2     2    685.1    0.075     0
    50    2     2     83.2    0.024     1
    51    2     2    166.6    0.024     2
    52    2     2    112.2    0.013     2
    53    2     2    400.2    0.049     2
    54    2     2     97.4    0.144     2
    55    2     2   8500.7    0.939     1
    56    2     2    109.2    0.012     2
    57    2     2    134.0    0.014     2
    58    2     2    250.5    0.032     2
    59    2     2    109.3    0.021     2
    60    2     2    662.5    0.072     1
    61    2     2    134.0    0.014     2
    62    2     2    294.9    0.054     1
    63    2     2   8408.0    0.939     2
    64    2     2     82.4    0.048     2
    65    2     2    528.5    0.113     0
    66    2     2    590.7    0.428     1
    67    2     2    115.6    0.047     2
    68    2     2    133.9    0.014     2
    69    2     2    116.7    0.111     2
    70    2     2    105.1    0.503     2
    71    2     2    379.0    0.059     2
    72    2     2    124.6    0.014     2
    73    2     2    164.0    0.024     2
    74    2     2   9389.5    0.990     1
    75    2     2    133.8    0.017     2
    76    2     2     98.1    0.104     2
    77    2     2   9339.2    0.988     1
    78    2     2    137.6    0.057     2
    79    2     2   7787.1    0.902     2
    80    2     2    133.2    0.014     2
    81    2     2    124.6    0.025     2
    82    2     2    228.2    0.025     2
    83    2     2    712.9    0.104     1
    84    2     2     83.5    0.494     2
    85    2     2   1638.9    0.447     0
    86    2     2    133.7    0.014     2
    87    2     2    424.3    0.047     2
    88    2     2   2655.3    0.304     1
    89    2     2    635.8    0.073     1
    90    2     2    455.8    0.215     2
    91    2     2    120.1    0.022     2
    92    2     2     94.5    0.035     2
    93    2     2     91.0    0.087     2
    94    2     2    100.5    0.040     2
    95    2     2    861.3    0.534     2
    96    2     2    131.3    0.014     2
    97    2     2   1942.8    0.413     2
    98    2     2    133.8    0.014     2
    99    2     2    101.6    0.016     2
   100    2     2    134.0    0.014     2
   101    2     2   4002.2    0.703     0
   102    2     2    134.0    0.030     2
   103    2     2     72.4    0.013     2
   104    2     2    118.2    0.079     2
   105    2     2    133.0    0.014     2
   106    2     2    383.0    0.087     2
   107    2     2    134.0    0.196     2
   108    2     2   1390.6    0.360     1
   109    2     2     80.1    0.010     2
   110    2     2    110.4    0.013     2
   111    2     2    117.8    0.016     2
   112    2     2    251.3    0.074     1
   113    2     2    131.9    0.027     2
   114    2     2    133.5    0.014     2
   115    2     2   8608.4    0.926     1
   116    2     2    701.2    0.228     2
   117    2     2    134.0    0.014     2
   118    2     2    208.1    0.050     2
   119    2     2    131.4    0.022     2
   120    2     2    238.4    0.030     2
   121    2     2    130.8    0.014     2
   122    2     2    130.6    0.014     2
   123    2     2    121.5    0.039     2
   124    2     2   8383.5    0.926     2
   125    2     2   8166.7    0.928     2
   126    2     2   5452.2    0.785     2
   127    2     2    327.1    0.056     2
   128    2     2     93.5    0.503     1
   129    2     2    884.4    0.107     2
   130    2     2   2641.7    0.363     0
   131    2     2   1318.8    0.488     2
   132    2     2    134.0    0.014     2
   133    2     2   1384.0    0.470     2
   134    2     2    749.9    0.079     1
   135    2     2    569.1    0.082     2
   136    2     2   9494.4    0.996     1
   137    2     2    134.0    0.014     2
   138    2     2   5109.6    0.688     2
   139    2     2     83.4    0.012     2
   140    2     2     81.5    0.009     2
   141    2     2   1211.8    0.341     2
   142    2     2    556.1    0.088     2
   143    2     2    118.8    0.013     2
   144    2     2   1751.6    0.587     1
   145    2     2    615.4    0.139     1
   146    2     2    367.7    0.505     2
   147    2     2     63.9    0.036     2
   148    2     2   1131.3    0.137     2
   149    2     2    128.2    0.014     2
   150    2     2   2180.2    0.571     1
   151    2     2   2225.8    0.445     1
Total extinctions: 0
Generation time: 7.067 sec (8.659 average)
 ****** Running generation 3 ******
Average fitness:
2177.661525639594
Population's average fitness: 2249.82214 stdev: 3341.16189
Best fitness: 9567.98928 - size: (6, 15) - species 125 - id 125
Average adjusted fitness: 0.235
Mean genetic distance 3.188, standard deviation 0.323
Population of 302 members in 151 species:
   ID   age  size  fitness  adj fit  stag
  ====  ===  ====  =======  =======  ====
     1    3     2    137.6    0.029     3
     2    3     2     16.3    0.017     3
     3    3     2    278.4    0.031     3
     4    3     2     30.8    0.004     3
     5    3     2    150.2    0.047     3
     6    3     2     37.1    0.004     3
     7    3     2   6835.9    0.812     3
     8    3     2    175.1    0.032     3
     9    3     2    216.9    0.024     3
    10    3     2   8380.5    0.915     2
    11    3     2      0.2    0.000     3
    12    3     2     29.2    0.012     3
    13    3     2     36.1    0.004     3
    14    3     2     99.4    0.035     3
    15    3     2   4610.7    0.728     3
    16    3     2    275.5    0.306     3
    17    3     2    867.8    0.502     3
    18    3     2   2047.2    0.604     3
    19    3     2     31.1    0.499     3
    20    3     2     69.6    0.071     3
    21    3     2    208.4    0.034     3
    22    3     2     37.0    0.016     3
    23    3     2     79.4    0.473     3
    24    3     2    331.7    0.509     3
    25    3     2    488.1    0.512     3
    26    3     2    845.2    0.089     2
    27    3     2    327.3    0.442     3
    28    3     2   9485.0    0.995     2
    29    3     2     37.1    0.004     3
    30    3     2   3628.2    0.434     3
    31    3     2     27.6    0.003     3
    32    3     2     63.8    0.471     3
    33    3     2    431.2    0.077     3
    34    3     2   7351.8    0.781     3
    35    3     2    696.7    0.100     3
    36    3     2    596.2    0.521     3
    37    3     2   7749.3    0.892     2
    38    3     2    196.6    0.072     3
    39    3     2     37.2    0.057     3
    40    3     2     87.5    0.213     3
    41    3     2    735.6    0.100     2
    42    3     2     24.7    0.457     3
    43    3     2    304.7    0.058     3
    44    3     2     37.2    0.004     3
    45    3     2   6016.2    0.756     3
    46    3     2     37.2    0.004     3
    47    3     2     37.0    0.346     3
    48    3     2     37.2    0.022     3
    49    3     2    840.2    0.089     0
    50    3     2    165.9    0.133     2
    51    3     2    154.0    0.023     3
    52    3     2     36.5    0.004     3
    53    3     2    125.9    0.016     3
    54    3     2   3752.3    0.506     3
    55    3     2   7343.4    0.882     2
    56    3     2     31.1    0.015     3
    57    3     2     37.3    0.502     3
    58    3     2    239.3    0.029     3
    59    3     2    153.5    0.038     3
    60    3     2    427.8    0.063     2
    61    3     2     37.1    0.005     3
    62    3     2    371.3    0.063     2
    63    3     2   8382.3    0.938     3
    64    3     2    153.4    0.051     3
    65    3     2    436.9    0.113     1
    66    3     2    688.3    0.435     2
    67    3     2    209.9    0.104     3
    68    3     2     31.7    0.004     3
    69    3     2     18.3    0.005     3
    70    3     2     69.7    0.503     3
    71    3     2     82.3    0.033     3
    72    3     2      5.8    0.002     3
    73    3     2     27.3    0.015     3
    74    3     2    837.0    0.538     2
    75    3     2    418.9    0.075     3
    76    3     2     60.8    0.085     3
    77    3     2   9410.9    0.992     2
    78    3     2     36.5    0.012     3
    79    3     2   7848.3    0.906     3
    80    3     2     37.2    0.010     3
    81    3     2    685.9    0.075     0
    82    3     2    229.2    0.025     3
    83    3     2    824.2    0.116     2
    84    3     2    133.1    0.499     3
    85    3     2   1684.8    0.454     0
    86    3     2     33.4    0.004     3
    87    3     2    484.0    0.052     3
    88    3     2   2397.5    0.284     2
    89    3     2    734.0    0.082     2
    90    3     2     49.8    0.009     3
    91    3     2     45.5    0.016     3
    92    3     2     39.6    0.022     3
    93    3     2    962.7    0.106     0
    94    3     2    462.1    0.065     3
    95    3     2    885.9    0.513     3
    96    3     2     33.1    0.004     3
    97    3     2   1776.7    0.395     3
    98    3     2     16.9    0.003     3
    99    3     2    112.8    0.018     3
   100    3     2     37.1    0.004     3
   101    3     2   3976.3    0.703     1
   102    3     2     37.2    0.020     3
   103    3     2     29.1    0.036     3
   104    3     2     63.0    0.145     3
   105    3     2     36.1    0.004     3
   106    3     2    482.4    0.089     3
   107    3     2     41.9    0.236     3
   108    3     2   1342.4    0.354     2
   109    3     2    155.2    0.019     3
   110    3     2     28.2    0.004     3
   111    3     2    357.8    0.132     3
   112    3     2    470.0    0.087     2
   113    3     2     34.7    0.022     3
   114    3     2     42.5    0.006     3
   115    3     2   8705.2    0.933     2
   116    3     2    807.6    0.230     3
   117    3     2     33.4    0.004     3
   118    3     2    219.3    0.057     3
   119    3     2     34.3    0.004     3
   120    3     2    239.9    0.030     3
   121    3     2     37.2    0.004     3
   122    3     2     37.2    0.004     3
   123    3     2     43.9    0.031     3
   124    3     2   8287.4    0.867     3
   125    3     2   8280.3    0.933     3
   126    3     2   5398.3    0.782     3
   127    3     2    420.6    0.067     3
   128    3     2   9518.2    0.997     2
   129    3     2    196.3    0.047     3
   130    3     2    514.1    0.171     1
   131    3     2   1403.2    0.500     3
   132    3     2     37.2    0.004     3
   133    3     2     37.2    0.397     3
   134    3     2    868.0    0.091     2
   135    3     2    666.9    0.089     3
   136    3     2   9566.0    1.000     2
   137    3     2     37.2    0.004     3
   138    3     2   5269.1    0.704     3
   139    3     2      1.8    0.003     3
   140    3     2     96.3    0.011     3
   141    3     2   1135.7    0.342     3
   142    3     2    577.9    0.083     3
   143    3     2     37.0    0.004     3
   144    3     2   2066.7    0.605     2
   145    3     2    758.6    0.145     2
   146    3     2    221.2    0.503     3
   147    3     2    130.6    0.038     3
   148    3     2   1479.4    0.157     3
   149    3     2     36.8    0.004     3
   150    3     2     27.2    0.376     2
   151    3     2   1148.5    0.372     2
Total extinctions: 0
Generation time: 6.789 sec (8.191 average)
 ****** Running generation 4 ******
Average fitness:
2249.822138555925
Population's average fitness: 2625.59715 stdev: 3384.79465
Best fitness: 10011.41064 - size: (6, 14) - species 126 - id 273
Average adjusted fitness: 0.259
Mean genetic distance 3.188, standard deviation 0.323
Population of 302 members in 151 species:
   ID   age  size  fitness  adj fit  stag
  ====  ===  ====  =======  =======  ====
     1    4     2    849.9    0.296     4
     2    4     2    525.1    0.050     4
     3    4     2    487.3    0.046     4
     4    4     2    603.4    0.058     4
     5    4     2    456.1    0.056     4
     6    4     2    517.6    0.078     4
     7    4     2   7005.8    0.800     4
     8    4     2   8825.5    0.918     0
     9    4     2    518.1    0.048     4
    10    4     2   8845.3    0.908     3
    11    4     2    523.8    0.513     4
    12    4     2    518.8    0.066     4
    13    4     2    518.1    0.048     4
    14    4     2    948.9    0.102     0
    15    4     2   5034.4    0.733     4
    16    4     2    418.0    0.044     4
    17    4     2    859.3    0.485     4
    18    4     2   1579.6    0.564     4
    19    4     2    677.7    0.496     4
    20    4     2    458.8    0.062     4
    21    4     2    669.4    0.074     4
    22    4     2    518.1    0.050     4
    23    4     2    545.5    0.491     4
    24    4     2    501.2    0.512     4
    25    4     2     46.6    0.465     4
    26    4     2    840.9    0.080     3
    27    4     2    473.1    0.410     4
    28    4     2   9792.9    0.989     3
    29    4     2    518.1    0.048     4
    30    4     2   4056.2    0.446     4
    31    4     2    516.3    0.048     4
    32    4     2    571.4    0.505     4
    33    4     2    584.7    0.103     4
    34    4     2   7829.0    0.872     4
    35    4     2    669.3    0.100     4
    36    4     2   1804.7    0.577     4
    37    4     2   9736.0    0.974     3
    38    4     2     43.3    0.051     4
    39    4     2    518.1    0.053     4
    40    4     2     64.6    0.196     4
    41    4     2    710.3    0.131     3
    42    4     2    523.1    0.470     4
    43    4     2    839.3    0.102     4
    44    4     2    518.1    0.048     4
    45    4     2    779.3    0.472     4
    46    4     2    518.1    0.048     4
    47    4     2    615.0    0.227     4
    48    4     2    518.1    0.090     4
    49    4     2    632.1    0.062     1
    50    4     2    528.4    0.146     3
    51    4     2    509.6    0.047     4
    52    4     2    523.3    0.048     4
    53    4     2    697.7    0.067     4
    54    4     2   1884.7    0.287     4
    55    4     2   8423.2    0.909     3
    56    4     2    515.6    0.048     4
    57    4     2    518.1    0.048     4
    58    4     2    637.0    0.060     4
    59    4     2    370.9    0.040     4
    60    4     2    785.4    0.077     3
    61    4     2    518.1    0.048     4
    62    4     2    677.2    0.072     3
    63    4     2   8899.9    0.934     4
    64    4     2    558.8    0.084     4
    65    4     2    467.8    0.080     2
    66    4     2    806.1    0.430     3
    67    4     2    506.3    0.113     4
    68    4     2    518.1    0.048     4
    69    4     2    799.9    0.136     4
    70    4     2    518.2    0.512     4
    71    4     2    945.9    0.093     4
    72    4     2    522.3    0.049     4
    73    4     2    518.1    0.048     4
    74    4     2   9668.3    0.971     3
    75    4     2    517.9    0.053     4
    76    4     2    957.9    0.154     4
    77    4     2   9631.2    0.970     3
    78    4     2    524.3    0.074     4
    79    4     2   8071.1    0.887     4
    80    4     2    518.1    0.048     4
    81    4     2    522.4    0.061     1
    82    4     2    518.1    0.048     4
    83    4     2    624.5    0.068     3
    84    4     2    568.3    0.507     4
    85    4     2   1148.1    0.413     1
    86    4     2    517.8    0.048     4
    87    4     2    945.0    0.091     4
    88    4     2   2842.9    0.308     3
    89    4     2    819.4    0.080     3
    90    4     2    770.6    0.246     4
    91    4     2    532.1    0.062     4
    92    4     2    506.8    0.060     4
    93    4     2    500.8    0.049     1
    94    4     2    593.7    0.065     4
    95    4     2   1339.7    0.545     4
    96    4     2    518.1    0.048     4
    97    4     2   2271.0    0.427     4
    98    4     2    518.1    0.048     4
    99    4     2    579.6    0.055     4
   100    4     2    518.1    0.048     4
   101    4     2   3770.2    0.668     2
   102    4     2    518.1    0.051     4
   103    4     2     83.5    0.028     4
   104    4     2    525.1    0.089     4
   105    4     2    517.8    0.048     4
   106    4     2    722.7    0.070     4
   107    4     2    518.1    0.179     4
   108    4     2   1419.4    0.347     3
   109    4     2    530.8    0.054     4
   110    4     2    517.0    0.048     4
   111    4     2    525.7    0.053     4
   112    4     2    150.0    0.030     3
   113    4     2    519.0    0.056     4
   114    4     2    518.0    0.048     4
   115    4     2   8901.4    0.912     3
   116    4     2    917.0    0.234     4
   117    4     2    518.1    0.048     4
   118    4     2    504.7    0.064     4
   119    4     2    519.1    0.058     4
   120    4     2    517.5    0.048     4
   121    4     2    518.1    0.048     4
   122    4     2    518.0    0.048     4
   123    4     2    514.3    0.062     4
   124    4     2   8688.2    0.914     4
   125    4     2   8049.4    0.901     4
   126    4     2   5862.9    0.792     4
   127    4     2    646.0    0.071     4
   128    4     2   9740.0    0.975     3
   129    4     2    877.5    0.098     4
   130    4     2    770.9    0.154     2
   131    4     2   1461.7    0.465     4
   132    4     2    518.1    0.048     4
   133    4     2   1218.5    0.444     4
   134    4     2    859.2    0.082     3
   135    4     2   1062.1    0.123     4
   136    4     2   9786.2    0.977     3
   137    4     2    518.1    0.048     4
   138    4     2   5696.8    0.704     4
   139    4     2    570.4    0.059     4
   140    4     2    485.7    0.047     4
   141    4     2   1566.9    0.355     4
   142    4     2   1046.4    0.110     4
   143    4     2    514.0    0.047     4
   144    4     2   2087.6    0.589     3
   145    4     2    668.6    0.155     3
   146    4     2    681.7    0.508     4
   147    4     2    472.9    0.050     4
   148    4     2    652.1    0.109     4
   149    4     2    517.8    0.048     4
   150    4     2   2506.6    0.573     3
   151    4     2   2718.4    0.460     0
Total extinctions: 0
Generation time: 6.860 sec (7.925 average)
 ****** Running generation 5 ******
Average fitness:
2625.597151186116
Population's average fitness: 2458.91424 stdev: 3370.46380
Best fitness: 9751.24661 - size: (6, 14) - species 126 - id 273
Species 38 with 2 members is stagnated: removing it
Species 58 with 2 members is stagnated: removing it
Species 113 with 2 members is stagnated: removing it
Species 59 with 2 members is stagnated: removing it
Species 67 with 2 members is stagnated: removing it
Species 147 with 2 members is stagnated: removing it
Species 5 with 2 members is stagnated: removing it
Species 25 with 2 members is stagnated: removing it
Species 70 with 2 members is stagnated: removing it
Species 103 with 2 members is stagnated: removing it
Species 40 with 2 members is stagnated: removing it
Species 3 with 2 members is stagnated: removing it
Species 92 with 2 members is stagnated: removing it
Species 91 with 2 members is stagnated: removing it
Species 23 with 2 members is stagnated: removing it
Species 118 with 2 members is stagnated: removing it
Species 143 with 2 members is stagnated: removing it
Species 123 with 2 members is stagnated: removing it
Species 2 with 2 members is stagnated: removing it
Species 56 with 2 members is stagnated: removing it
Species 51 with 2 members is stagnated: removing it
Species 140 with 2 members is stagnated: removing it
Species 31 with 2 members is stagnated: removing it
Species 149 with 2 members is stagnated: removing it
Species 104 with 2 members is stagnated: removing it
Species 109 with 2 members is stagnated: removing it
Species 110 with 2 members is stagnated: removing it
Species 52 with 2 members is stagnated: removing it
Species 111 with 2 members is stagnated: removing it
Species 42 with 2 members is stagnated: removing it
Species 6 with 2 members is stagnated: removing it
Species 72 with 2 members is stagnated: removing it
Species 105 with 2 members is stagnated: removing it
Species 120 with 2 members is stagnated: removing it
Species 119 with 2 members is stagnated: removing it
Species 122 with 2 members is stagnated: removing it
Species 114 with 2 members is stagnated: removing it
Species 86 with 2 members is stagnated: removing it
Species 75 with 2 members is stagnated: removing it
Species 29 with 2 members is stagnated: removing it
Species 13 with 2 members is stagnated: removing it
Species 61 with 2 members is stagnated: removing it
Species 117 with 2 members is stagnated: removing it
Species 9 with 2 members is stagnated: removing it
Species 22 with 2 members is stagnated: removing it
Species 68 with 2 members is stagnated: removing it
Species 57 with 2 members is stagnated: removing it
Species 98 with 2 members is stagnated: removing it
Species 46 with 2 members is stagnated: removing it
Species 137 with 2 members is stagnated: removing it
Species 132 with 2 members is stagnated: removing it
Species 44 with 2 members is stagnated: removing it
Species 121 with 2 members is stagnated: removing it
Species 39 with 2 members is stagnated: removing it
Species 107 with 2 members is stagnated: removing it
Species 80 with 2 members is stagnated: removing it
Species 96 with 2 members is stagnated: removing it
Species 100 with 2 members is stagnated: removing it
Species 102 with 2 members is stagnated: removing it
Species 82 with 2 members is stagnated: removing it
Species 73 with 2 members is stagnated: removing it
Species 48 with 2 members is stagnated: removing it
Species 12 with 2 members is stagnated: removing it
Species 11 with 2 members is stagnated: removing it
Species 16 with 2 members is stagnated: removing it
Species 64 with 2 members is stagnated: removing it
Species 78 with 2 members is stagnated: removing it
Species 139 with 2 members is stagnated: removing it
Species 84 with 2 members is stagnated: removing it
Species 32 with 2 members is stagnated: removing it
Species 27 with 2 members is stagnated: removing it
Species 69 with 2 members is stagnated: removing it
Species 94 with 2 members is stagnated: removing it
Species 99 with 2 members is stagnated: removing it
Species 4 with 2 members is stagnated: removing it
Species 24 with 2 members is stagnated: removing it
Species 47 with 2 members is stagnated: removing it
Species 35 with 2 members is stagnated: removing it
Species 146 with 2 members is stagnated: removing it
Species 21 with 2 members is stagnated: removing it
Species 127 with 2 members is stagnated: removing it
Species 19 with 2 members is stagnated: removing it
Species 106 with 2 members is stagnated: removing it
Species 53 with 2 members is stagnated: removing it
Species 33 with 2 members is stagnated: removing it
Species 20 with 2 members is stagnated: removing it
Species 1 with 2 members is stagnated: removing it
Species 87 with 2 members is stagnated: removing it
Species 90 with 2 members is stagnated: removing it
Species 17 with 2 members is stagnated: removing it
Species 71 with 2 members is stagnated: removing it
Species 43 with 2 members is stagnated: removing it
Species 76 with 2 members is stagnated: removing it
Species 116 with 2 members is stagnated: removing it
Species 142 with 2 members is stagnated: removing it
Species 135 with 2 members is stagnated: removing it
Species 129 with 2 members is stagnated: removing it
Species 148 with 2 members is stagnated: removing it
Species 45 with 2 members is stagnated: removing it
Species 95 with 2 members is stagnated: removing it
Species 36 with 2 members is stagnated: removing it
Species 131 with 2 members is stagnated: removing it
Species 133 with 2 members is stagnated: removing it
Species 141 with 2 members is stagnated: removing it
Species 54 with 2 members is stagnated: removing it
Species 18 with 2 members is stagnated: removing it
Species 97 with 2 members is stagnated: removing it
Species 30 with 2 members is stagnated: removing it
Species 15 with 2 members is stagnated: removing it
Species 138 with 2 members is stagnated: removing it
Species 126 with 2 members is stagnated: removing it
Species 7 with 2 members is stagnated: removing it
Species 34 with 2 members is stagnated: removing it
Species 79 with 2 members is stagnated: removing it
Species 125 with 2 members is stagnated: removing it
Species 124 with 2 members is stagnated: removing it
Species 63 with 2 members is stagnated: removing it
Average adjusted fitness: 0.419
Mean genetic distance 3.002, standard deviation 0.500
Population of 140 members in 41 species:
   ID   age  size  fitness  adj fit  stag
  ====  ===  ====  =======  =======  ====
     8    5     7   8740.1    0.928     1
    10    5     7   8629.0    0.908     4
    14    5     2    846.4    0.063     1
    26    5     2    667.2    0.042     4
    28    5     7   9550.1    0.989     4
    37    5     7   9520.4    0.977     4
    41    5     2    479.0    0.087     4
    49    5     2    565.3    0.033     2
    50    5     2    914.1    0.139     0
    55    5     7   8379.5    0.918     4
    60    5     2    602.7    0.038     4
    62    5     2    414.1    0.028     4
    65    5     2    514.4    0.071     3
    66    5     2    588.9    0.405     4
    74    5     7   9457.7    0.974     4
    77    5     6   9415.5    0.973     4
    81    5     2    327.9    0.015     2
    83    5     2    475.0    0.028     4
    85    5     4   1392.4    0.411     2
    88    5     3   2612.4    0.277     4
    89    5     2    611.4    0.039     4
    93    5     2    338.3    0.069     2
   101    5     5   3951.8    0.678     3
   108    5     4   1135.4    0.314     4
   112    5     2    275.3    0.016     4
   115    5     6   8685.1    0.912     4
   128    5     7   9523.9    0.979     4
   130    5     4   2508.8    0.240     3
   134    5     2    688.5    0.044     4
   136    5     7   9570.6    0.981     4
   144    5     4   1849.8    0.571     4
   145    5     2    301.1    0.108     4
   150    5     5   2273.3    0.555     4
   151    5     4   2472.5    0.435     1
   152    0     1       --       --     0
   153    0     1       --       --     0
   154    0     1       --       --     0
   155    0     1       --       --     0
   156    0     1       --       --     0
   157    0     1       --       --     0
   158    0     1       --       --     0
Total extinctions: 0
Generation time: 5.851 sec (7.579 average)
 ****** Running generation 6 ******
Average fitness:
2458.914236332173
Population's average fitness: 4529.97664 stdev: 3910.87262
Best fitness: 9670.71831 - size: (6, 14) - species 28 - id 299
Species 112 with 2 members is stagnated: removing it
Species 145 with 2 members is stagnated: removing it
Species 144 with 4 members is stagnated: removing it
Species 62 with 2 members is stagnated: removing it
Species 88 with 3 members is stagnated: removing it
Species 128 with 7 members is stagnated: removing it
Species 37 with 7 members is stagnated: removing it
Species 150 with 5 members is stagnated: removing it
Species 10 with 7 members is stagnated: removing it
Species 77 with 6 members is stagnated: removing it
Species 108 with 4 members is stagnated: removing it
Species 83 with 2 members is stagnated: removing it
Species 55 with 7 members is stagnated: removing it
Species 66 with 2 members is stagnated: removing it
Species 60 with 2 members is stagnated: removing it
Species 89 with 2 members is stagnated: removing it
Species 26 with 2 members is stagnated: removing it
Species 134 with 2 members is stagnated: removing it
Species 41 with 2 members is stagnated: removing it
Species 28 with 7 members is stagnated: removing it
Species 136 with 7 members is stagnated: removing it
Species 115 with 6 members is stagnated: removing it
Average adjusted fitness: 0.325
Mean genetic distance 2.703, standard deviation 0.618
Population of 152 members in 29 species:
   ID   age  size  fitness  adj fit  stag
  ====  ===  ====  =======  =======  ====
     8    6     9    509.5    0.549     2
    14    6     3    767.8    0.052     2
    49    6     3    516.0    0.030     3
    50    6     4    915.3    0.132     0
    65    6     3    595.6    0.075     0
    74    6    21   7821.2    0.949     5
    81    6     3    327.6    0.006     3
    85    6    10   1466.5    0.385     3
    93    6     3    314.5    0.068     3
   101    6     9    319.6    0.483     4
   130    6     7   1348.7    0.189     4
   151    6     6    424.0    0.273     2
   152    1     9   6812.0    0.701     0
   153    1     2    332.2    0.002     0
   154    1    18   9461.9    0.987     0
   155    1     3    331.9    0.002     0
   156    1    19   9578.9    1.000     0
   157    1     5   2900.6    0.279     0
   158    1     3    332.2    0.002     0
   159    0     1       --       --     0
   160    0     3       --       --     0
   161    0     1       --       --     0
   162    0     1       --       --     0
   163    0     1       --       --     0
   164    0     1       --       --     0
   165    0     1       --       --     0
   166    0     1       --       --     0
   167    0     1       --       --     0
   168    0     1       --       --     0
Total extinctions: 0
Generation time: 3.174 sec (6.950 average)
 ****** Running generation 7 ******
Average fitness:
4529.976640670641
Population's average fitness: 4647.21269 stdev: 4168.52598
Best fitness: 9795.98112 - size: (9, 16) - species 156 - id 487
Species 130 with 7 members is stagnated: removing it
Species 74 with 21 members is stagnated: removing it
Species 101 with 9 members is stagnated: removing it
Average adjusted fitness: 0.295
Mean genetic distance 2.627, standard deviation 0.593
Population of 147 members in 36 species:
   ID   age  size  fitness  adj fit  stag
  ====  ===  ====  =======  =======  ====
     8    7     8    201.0    0.400     3
    14    7     2    673.4    0.119     3
    49    7     2    402.4    0.083     4
    50    7     2    201.9    0.137     1
    65    7     4     67.2    0.306     1
    81    7     2    212.3    0.120     4
    85    7     8    140.2    0.296     4
    93    7     2    285.9    0.119     4
   151    7     5     21.5    0.293     3
   152    2     3    201.0    0.391     1
   153    2     2    201.0    0.020     1
   154    2    18    690.7    0.906     1
   155    2     2    201.0    0.020     1
   156    2    12    201.0    0.630     1
   157    2     4    201.0    0.108     1
   158    2     2    201.0    0.020     1
   159    1    11   9784.0    0.999     0
   160    1     4    201.0    0.020     0
   161    1     3    201.0    0.020     0
   162    1    11   9780.4    0.998     0
   163    1     2      2.5    0.000     0
   164    1     2    924.9    0.094     0
   165    1     9   7089.2    0.724     0
   166    1     3    203.0    0.020     0
   167    1     2    201.0    0.020     0
   168    1     7   7961.1    0.813     0
   169    0     1       --       --     0
   170    0     1       --       --     0
   171    0     1       --       --     0
   172    0     2       --       --     0
   173    0     4       --       --     0
   174    0     2       --       --     0
   175    0     1       --       --     0
   176    0     1       --       --     0
   177    0     1       --       --     0
   178    0     1       --       --     0
Total extinctions: 0
Generation time: 3.464 sec (6.514 average)
 ****** Running generation 8 ******
Average fitness:
4647.21269384319
Population's average fitness: 4603.18044 stdev: 4248.61741
Best fitness: 9617.54713 - size: (6, 10) - species 162 - id 589
Species 85 with 8 members is stagnated: removing it
Species 93 with 2 members is stagnated: removing it
Species 49 with 2 members is stagnated: removing it
Average adjusted fitness: 0.372
Mean genetic distance 2.607, standard deviation 0.579
Population of 155 members in 42 species:
   ID   age  size  fitness  adj fit  stag
  ====  ===  ====  =======  =======  ====
     8    8     9    174.3    0.628     4
    14    8     3    562.1    0.338     4
    50    8     2    432.8    0.145     2
    65    8     3    553.1    0.278     2
    81    8     2    794.7    0.160     0
   151    8     4    180.5    0.474     4
   152    3     5   4432.6    0.764     2
   153    3     2    180.5    0.008     2
   154    3     6    180.5    0.768     2
   155    3     2    180.1    0.008     2
   156    3     9    180.5    0.395     2
   157    3     3    180.5    0.101     2
   158    3     2    180.5    0.008     2
   159    2     5    180.5    0.640     1
   160    2     3    180.5    0.008     1
   161    2     2    180.5    0.009     1
   162    2     9    174.5    0.800     1
   163    2     2    955.7    0.089     0
   164    2     3    873.4    0.395     1
   165    2     6    105.7    0.373     1
   166    2     2    237.4    0.346     0
   167    2     2    180.5    0.008     1
   168    2     8    168.1    0.676     1
   169    1     2    180.5    0.008     0
   170    1     1    180.5    0.008     0
   171    1     2    180.5    0.008     0
   172    1     7   8109.1    0.909     0
   173    1     7    847.5    0.766     0
   174    1     6   9557.9    0.996     0
   175    1     7   9535.2    0.991     0
   176    1     2    180.5    0.008     0
   177    1     2   1846.0    0.183     0
   178    1     7   9533.0    0.991     0
   179    0     8       --       --     0
   180    0     1       --       --     0
   181    0     1       --       --     0
   182    0     1       --       --     0
   183    0     2       --       --     0
   184    0     1       --       --     0
   185    0     2       --       --     0
   186    0     1       --       --     0
   187    0     1       --       --     0
Total extinctions: 0
Generation time: 3.381 sec (6.166 average)
 ****** Running generation 9 ******
Average fitness:
4603.180438287516
Population's average fitness: 5273.14469 stdev: 4348.14536
Best fitness: 9871.66143 - size: (8, 13) - species 159 - id 630
Species 8 with 9 members is stagnated: removing it
Species 151 with 4 members is stagnated: removing it
Species 14 with 3 members is stagnated: removing it
Average adjusted fitness: 0.365
Mean genetic distance 2.639, standard deviation 0.557
Population of 151 members in 54 species:
   ID   age  size  fitness  adj fit  stag
  ====  ===  ====  =======  =======  ====
    50    9     2    620.2    0.145     3
    65    9     4    971.8    0.367     0
    81    9     2    684.8    0.142     1
   152    4     3    333.8    0.648     3
   153    4     2    333.8    0.001     0
   154    4     6    327.7    0.660     3
   155    4     2    334.2    0.001     0
   156    4     7    338.3    0.679     3
   157    4     2    333.8    0.130     3
   158    4     2    333.8    0.001     0
   159    3     5    333.8    0.796     2
   160    3     2    333.8    0.001     0
   161    3     2    333.8    0.061     0
   162    3     7   1203.1    0.884     2
   163    3     2   1199.8    0.091     0
   164    3     2    990.9    0.282     0
   165    3     3    333.8    0.429     2
   166    3     2    592.9    0.033     0
   167    3     2    333.8    0.001     0
   168    3     7    333.8    0.856     2
   169    2     2    333.8    0.001     0
   170    2     2    333.8    0.001     0
   171    2     2    333.8    0.001     0
   172    2     2    333.8    0.760     1
   173    2     7    841.5    0.732     1
   174    2     5    659.8    0.526     1
   175    2     7    333.8    0.705     1
   176    2     2    333.8    0.001     0
   177    2     3   2074.6    0.347     0
   178    2     5    333.8    0.565     1
   179    1     5    333.8    0.831     0
   180    1     2    333.8    0.001     0
   181    1     1    333.8    0.001     0
   182    1     3   9762.4    0.989     0
   183    1     3   9762.4    0.989     0
   184    1     5   9762.4    0.989     0
   185    1     2    333.8    0.001     0
   186    1     2    333.8    0.001     0
   187    1     7   6076.3    0.602     0
   188    0     1       --       --     0
   189    0     1       --       --     0
   190    0     1       --       --     0
   191    0     1       --       --     0
   192    0     1       --       --     0
   193    0     1       --       --     0
   194    0     1       --       --     0
   195    0     1       --       --     0
   196    0     3       --       --     0
   197    0     1       --       --     0
   198    0     1       --       --     0
   199    0     1       --       --     0
   200    0     1       --       --     0
   201    0     1       --       --     0
   202    0     2       --       --     0
Total extinctions: 0
Generation time: 2.958 sec (5.845 average)
 ****** Running generation 10 ******
Average fitness:
5273.144694389579
Population's average fitness: 4543.93456 stdev: 4444.95812
Best fitness: 9631.04079 - size: (6, 7) - species 199 - id 760
Average adjusted fitness: 0.380
Mean genetic distance 2.634, standard deviation 0.543
Population of 154 members in 60 species:
   ID   age  size  fitness  adj fit  stag
  ====  ===  ====  =======  =======  ====
    50   10     2    378.6    0.139     4
    65   10     3    156.4    0.279     1
    81   10     2    829.2    0.161     0
   152    5     2    137.1    0.285     4
   153    5     2    137.1    0.000     1
   154    5     4    137.1    0.523     4
   155    5     2    136.9    0.000     1
   156    5     5    137.1    0.575     4
   157    5     2    969.3    0.195     4
   158    5     2    137.1    0.000     1
   159    4     5   1091.5    0.820     3
   160    4     2    137.1    0.000     1
   161    4     2    137.1    0.067     1
   162    4     4    136.4    0.714     3
   163    4     2    959.0    0.087     1
   164    4     3    878.0    0.393     1
   165    4     3   2331.7    0.732     3
   166    4     2    360.7    0.038     1
   167    4     2    137.1    0.000     1
   168    4     4    137.1    0.305     3
   169    3     2    137.1    0.000     1
   170    3     2    137.1    0.000     1
   171    3     2    137.1    0.000     1
   172    3     3    137.1    0.490     2
   173    3     5    427.2    0.726     2
   174    3     3    924.9    0.651     2
   175    3     1    137.1    0.698     2
   176    3     2    137.1    0.000     1
   177    3     2    195.7    0.199     1
   178    3     5    654.2    0.793     2
   179    2     1    429.7    0.650     0
   180    2     2    137.1    0.000     1
   181    2     2    137.1    0.000     1
   182    2     3    137.1    0.663     1
   183    2     2   9577.0    0.994     1
   184    2     4    137.1    0.795     1
   185    2     2    137.1    0.001     1
   186    2     2    137.1    0.000     1
   187    2     4    137.1    0.482     1
   188    1     2    367.2    0.024     0
   189    1     2    137.1    0.000     0
   190    1     2    137.1    0.000     0
   191    1     3   9576.9    0.994     0
   192    1     3    137.1    0.000     0
   193    1     1    779.2    0.068     0
   194    1     3   9620.1    0.999     0
   195    1     2    137.1    0.000     0
   196    1     5   9577.0    0.994     0
   197    1     2    137.1    0.000     0
   198    1     3   9590.2    0.996     0
   199    1     3   9631.0    1.000     0
   200    1     3   9577.0    0.994     0
   201    1     2   9577.0    0.994     0
   202    1     5   9577.0    0.994     0
   203    0     4       --       --     0
   204    0     1       --       --     0
   205    0     1       --       --     0
   206    0     1       --       --     0
   207    0     1       --       --     0
   208    0     1       --       --     0
Total extinctions: 0
Generation time: 2.966 sec (5.328 average)
 ****** Running generation 11 ******
Average fitness:
4543.93456334163
Population's average fitness: 5005.30478 stdev: 4427.34424
Best fitness: 10086.19565 - size: (6, 7) - species 199 - id 760
Species 152 with 2 members is stagnated: removing it
Species 156 with 5 members is stagnated: removing it
Species 154 with 4 members is stagnated: removing it
Species 157 with 2 members is stagnated: removing it
Average adjusted fitness: 0.365
Mean genetic distance 2.648, standard deviation 0.545
Population of 152 members in 61 species:
   ID   age  size  fitness  adj fit  stag
  ====  ===  ====  =======  =======  ====
    50   11     2   1013.2    0.134     0
    65   11     2    713.6    0.328     2
    81   11     2    865.4    0.118     0
   153    6     2    659.8    0.000     0
   155    6     2    659.9    0.000     0
   158    6     2    659.8    0.000     0
   159    5     5   1425.9    0.816     4
   160    5     2    659.8    0.000     0
   161    5     2    659.8    0.063     0
   162    5     4   2046.7    0.786     4
   163    5     2   1439.4    0.083     0
   164    5     2    659.8    0.252     2
   165    5     3    722.5    0.646     4
   166    5     2    982.2    0.038     0
   167    5     2    659.8    0.000     0
   168    5     4    659.8    0.699     4
   169    4     2    659.8    0.000     0
   170    4     2    659.8    0.000     0
   171    4     2    659.8    0.000     0
   172    4     2    659.8    0.315     3
   173    4     5    774.5    0.802     3
   174    4     4   9766.3    0.980     0
   175    4     3   9708.9    0.960     0
   176    4     2    659.8    0.000     0
   177    4     3   2060.4    0.412     2
   178    4     2    659.8    0.578     3
   179    3     3   9709.1    0.960     0
   180    3     2    659.8    0.000     0
   181    3     2    659.8    0.000     0
   182    3     4   9708.7    0.960     2
   183    3     4   9709.1    0.960     2
   184    3     3   9709.1    0.960     2
   185    3     2    659.8    0.001     0
   186    3     2    659.8    0.000     0
   187    3     3    659.8    0.478     2
   188    2     2    733.6    0.032     0
   189    2     2    659.8    0.000     0
   190    2     2    659.8    0.000     0
   191    2     4   9709.0    0.972     0
   192    2     2    659.8    0.000     0
   193    2     2    770.7    0.012     1
   194    2     2    659.8    0.332     1
   195    2     2    659.8    0.000     0
   196    2     5   9709.1    0.960     0
   197    2     2    659.8    0.000     0
   198    2     3    659.8    0.644     1
   199    2     3    659.8    0.667     1
   200    2     2    659.8    0.640     1
   201    2     3    659.8    0.480     1
   202    2     4   9709.1    0.960     0
   203    1     2    659.8    0.480     0
   204    1     2    659.8    0.000     0
   205    1     4   9709.1    0.960     0
   206    1     2    659.8    0.000     0
   207    1     3   9708.2    0.960     0
   208    1     2    659.8    0.000     0
   209    0     1       --       --     0
   210    0     1       --       --     0
   211    0     1       --       --     0
   212    0     1       --       --     0
   213    0     1       --       --     0
Total extinctions: 0
Generation time: 3.201 sec (4.571 average)
 ****** Running generation 12 ******
Average fitness:
5005.304784534144
Population's average fitness: 4271.32060 stdev: 4549.84949
Best fitness: 9597.88382 - size: (7, 11) - species 198 - id 830
Species 165 with 3 members is stagnated: removing it
Species 168 with 4 members is stagnated: removing it
Species 159 with 5 members is stagnated: removing it
Species 162 with 4 members is stagnated: removing it
Average adjusted fitness: 0.323
Mean genetic distance 2.655, standard deviation 0.531
Population of 156 members in 68 species:
   ID   age  size  fitness  adj fit  stag
  ====  ===  ====  =======  =======  ====
    50   12     2     87.9    0.000     1
    65   12     3   1606.3    0.521     0
    81   12     2    418.1    0.143     1
   153    7     2     93.0    0.001     1
   155    7     2     92.8    0.001     1
   158    7     2     93.0    0.001     1
   160    6     2     93.0    0.001     1
   161    6     2     93.0    0.059     1
   163    6     2    690.7    0.069     1
   164    6     2    729.9    0.383     3
   166    6     2     91.5    0.044     1
   167    6     2     93.0    0.001     1
   169    5     2     93.0    0.001     1
   170    5     2     93.0    0.001     1
   171    5     2     93.0    0.001     1
   172    5     3     93.0    0.493     4
   173    5     3     93.0    0.600     4
   174    5     4   9552.5    0.998     1
   175    5     3     93.0    0.665     1
   176    5     2     93.0    0.001     1
   177    5     2    221.7    0.112     3
   178    5     2   9567.4    0.998     0
   179    4     3    258.3    0.405     1
   180    4     2     93.0    0.001     1
   181    4     2     93.0    0.001     1
   182    4     3     93.0    0.748     3
   183    4     3     93.0    0.057     3
   184    4     3    833.5    0.691     3
   185    4     2     93.0    0.001     1
   186    4     2     93.0    0.001     1
   187    4     3   9508.2    0.992     0
   188    3     2     93.0    0.042     1
   189    3     2     93.0    0.001     1
   190    3     2     93.0    0.001     1
   191    3     3     93.0    0.748     1
   192    3     2     93.0    0.001     1
   193    3     2     93.0    0.044     2
   194    3     3     93.0    0.499     2
   195    3     2     93.0    0.001     1
   196    3     5    781.3    0.812     1
   197    3     2     93.0    0.001     1
   198    3     5   9597.4    1.000     0
   199    3     3     93.0    0.665     2
   200    3     3   9567.4    0.998     2
   201    3     2     93.0    0.333     2
   202    3     4   9143.0    0.986     1
   203    2     3   9567.3    0.997     0
   204    2     2     93.0    0.001     1
   205    2     5   9567.4    0.997     1
   206    2     2     93.0    0.001     1
   207    2     2     93.0    0.333     1
   208    2     2     93.0    0.001     1
   209    1     6   9567.4    0.997     0
   210    1     2     93.0    0.001     0
   211    1     2     93.0    0.001     0
   212    1     1     93.0    0.001     0
   213    1     3   9567.4    0.997     0
   214    0     1       --       --     0
   215    0     1       --       --     0
   216    0     1       --       --     0
   217    0     1       --       --     0
   218    0     1       --       --     0
   219    0     1       --       --     0
   220    0     1       --       --     0
   221    0     1       --       --     0
   222    0     1       --       --     0
   223    0     1       --       --     0
   224    0     1       --       --     0
Total extinctions: 0
Generation time: 3.091 sec (4.173 average)
 ****** Running generation 13 ******
Average fitness:
4271.3206026423695
Population's average fitness: 4543.09596 stdev: 4483.44292
Best fitness: 10002.65753 - size: (7, 11) - species 198 - id 830
Species 172 with 3 members is stagnated: removing it
Average adjusted fitness: 0.322
Mean genetic distance 2.661, standard deviation 0.531
Population of 171 members in 70 species:
   ID   age  size  fitness  adj fit  stag
  ====  ===  ====  =======  =======  ====
    50   13     2    515.8    0.105     2
    65   13     2    606.1    0.338     1
    81   13     2    763.2    0.132     2
   153    8     2    509.8    0.003     2
   155    8     2    510.0    0.003     2
   158    8     2    509.8    0.003     2
   160    7     2    509.8    0.003     2
   161    7     2    509.8    0.016     2
   163    7     2    850.4    0.038     2
   164    7     2    823.4    0.328     4
   166    7     2    511.3    0.064     2
   167    7     2    509.8    0.003     2
   169    6     2    509.8    0.003     2
   170    6     2    509.8    0.003     2
   171    6     2    509.8    0.003     2
   173    6     4   9942.0    0.996     0
   174    6     4   4024.1    0.841     2
   175    6     4   9775.8    0.976     0
   176    6     2    509.8    0.003     2
   177    6     2   1684.6    0.157     4
   178    6     3   9777.9    0.976     0
   179    5     3   1769.9    0.696     2
   180    5     2    509.8    0.003     2
   181    5     2    509.8    0.003     2
   182    5     3   9777.9    0.976     0
   183    5     2    851.8    0.038     4
   184    5     4   9777.9    0.976     0
   185    5     2    485.6    0.001     2
   186    5     2    509.8    0.003     2
   187    5     3    510.3    0.649     1
   188    4     2    509.8    0.066     2
   189    4     2    509.8    0.003     2
   190    4     2    509.8    0.003     2
   191    4     4   9777.8    0.976     0
   192    4     2    509.8    0.003     2
   193    4     2    509.8    0.046     3
   194    4     2    509.8    0.327     3
   195    4     2    509.8    0.003     2
   196    4     5   9777.9    0.976     0
   197    4     2    509.8    0.003     2
   198    4     5    868.5    0.808     1
   199    4     4   9777.9    0.976     0
   200    4     4   9777.9    0.992     0
   201    4     2    509.8    0.489     3
   202    4     3   9777.9    0.976     0
   203    3     3    509.8    0.652     1
   204    3     2    509.8    0.003     2
   205    3     5   9777.9    0.976     0
   206    3     2    509.8    0.003     2
   207    3     2    509.8    0.489     2
   208    3     2    509.8    0.003     2
   209    2     4    509.8    0.812     1
   210    2     2    509.8    0.003     0
   211    2     2    509.8    0.003     0
   212    2     2    509.8    0.003     0
   213    2     3    509.8    0.652     1
   214    1     2    851.8    0.038     0
   215    1     3   9777.9    0.976     0
   216    1     2    509.8    0.003     0
   217    1     2    591.3    0.011     0
   218    1     1    509.8    0.003     0
   219    1     2    509.8    0.003     0
   220    1     2    509.8    0.003     0
   221    1     3   9753.7    0.974     0
   222    1     2    509.8    0.003     0
   223    1     2    509.8    0.003     0
   224    1     3   9777.9    0.976     0
   225    0     1       --       --     0
   226    0     1       --       --     0
   227    0     1       --       --     0
Total extinctions: 0
Generation time: 2.949 sec (3.789 average)
 ****** Running generation 14 ******
Average fitness:
4543.095964160538
Population's average fitness: 4091.10330 stdev: 4512.44498
Best fitness: 9523.06692 - size: (7, 11) - species 198 - id 830
Species 164 with 2 members is stagnated: removing it
Species 183 with 2 members is stagnated: removing it
Species 177 with 2 members is stagnated: removing it
Average adjusted fitness: 0.312
Mean genetic distance 2.658, standard deviation 0.524
Population of 171 members in 73 species:
   ID   age  size  fitness  adj fit  stag
  ====  ===  ====  =======  =======  ====
    50   14     2     74.8    0.009     3
    65   14     2   1524.9    0.264     2
    81   14     2    338.7    0.143     3
   153    9     2    131.8    0.013     3
   155    9     2    131.1    0.013     3
   158    9     2    131.8    0.013     3
   160    8     2    131.8    0.013     3
   161    8     2    131.8    0.073     3
   163    8     2      8.9    0.000     3
   166    8     2    127.9    0.040     3
   167    8     2    131.8    0.013     3
   169    7     2    131.8    0.013     3
   170    7     2    131.8    0.013     3
   171    7     2    131.8    0.013     3
   173    7     4    849.3    0.771     1
   174    7     4   9488.7    0.998     3
   175    7     4   9477.8    0.996     1
   176    7     2    131.8    0.013     3
   178    7     4   9489.3    0.996     1
   179    6     3    131.8    0.664     3
   180    6     2    131.8    0.013     3
   181    6     2    131.8    0.013     3
   182    6     4   9489.3    0.996     1
   184    6     4   9489.3    0.996     1
   185    6     2    131.8    0.014     3
   186    6     2    131.8    0.013     3
   187    6     4   9180.7    0.983     2
   188    5     2    131.8    0.049     3
   189    5     2    131.8    0.013     3
   190    5     2    131.8    0.013     3
   191    5     1   9489.3    0.996     1
   192    5     2    131.8    0.013     3
   193    5     2    131.8    0.051     4
   194    5     2    131.8    0.505     4
   195    5     2    131.8    0.013     3
   196    5     4    131.8    0.800     1
   197    5     2    131.8    0.013     3
   198    5     4   7249.9    0.952     2
   199    5     4   9489.2    0.996     1
   200    5     3    131.8    0.753     1
   201    5     2    131.8    0.505     4
   202    5     4   9489.3    0.996     1
   203    4     2    394.9    0.678     2
   204    4     2    131.8    0.013     3
   205    4     3    131.8    0.800     1
   206    4     2    131.8    0.013     3
   207    4     2    131.8    0.505     3
   208    4     2    131.8    0.013     3
   209    3     4    131.8    0.752     2
   210    3     2    131.8    0.013     1
   211    3     2    131.8    0.013     1
   212    3     2    131.8    0.013     1
   213    3     4   9489.3    0.996     2
   214    2     2    393.8    0.045     1
   215    2     2    131.8    0.341     1
   216    2     2    131.8    0.013     1
   217    2     2    135.6    0.015     1
   218    2     2    131.8    0.013     1
   219    2     2    131.8    0.013     1
   220    2     2    131.8    0.013     1
   221    2     3    124.9    0.667     1
   222    2     2    131.8    0.013     1
   223    2     2    131.8    0.013     1
   224    2     4   9489.3    0.996     1
   225    1     1    131.8    0.013     0
   226    1     1    131.8    0.013     0
   227    1     2   1725.4    0.180     0
   228    0     3       --       --     0
   229    0     1       --       --     0
   230    0     1       --       --     0
   231    0     1       --       --     0
   232    0     1       --       --     0
   233    0     1       --       --     0
Total extinctions: 0
Generation time: 3.754 sec (3.479 average)
 ****** Running generation 15 ******
Average fitness:
