2022-05-23 02:11:31,347 INFO    MainThread:15008 [internal.py:wandb_internal():90] W&B internal server running at pid: 15008, started at: 2022-05-23 02:11:31.346440
2022-05-23 02:11:31,350 INFO    WriterThread:15008 [datastore.py:open_for_write():75] open: C:\Projects\Code\Neurals\wandb\run-20220523_021129-1rvco0ha\run-1rvco0ha.wandb
2022-05-23 02:11:31,357 DEBUG   SenderThread:15008 [sender.py:send():232] send: header
2022-05-23 02:11:31,357 DEBUG   SenderThread:15008 [sender.py:send():232] send: run
2022-05-23 02:11:31,651 INFO    SenderThread:15008 [dir_watcher.py:__init__():197] watching files in: C:\Projects\Code\Neurals\wandb\run-20220523_021129-1rvco0ha\files
2022-05-23 02:11:31,652 DEBUG   HandlerThread:15008 [handler.py:handle_request():141] handle_request: check_version
2022-05-23 02:11:31,659 INFO    SenderThread:15008 [sender.py:_start_run_threads():811] run started: 1rvco0ha with start time 1653235889
2022-05-23 02:11:31,659 DEBUG   SenderThread:15008 [sender.py:send():232] send: summary
2022-05-23 02:11:31,660 INFO    SenderThread:15008 [sender.py:_save_file():948] saving file wandb-summary.json with policy end
2022-05-23 02:11:31,660 DEBUG   SenderThread:15008 [sender.py:send_request():246] send_request: check_version
2022-05-23 02:11:31,727 DEBUG   HandlerThread:15008 [handler.py:handle_request():141] handle_request: run_start
2022-05-23 02:11:32,674 INFO    Thread-11 :15008 [dir_watcher.py:_on_file_created():244] file/dir created: C:\Projects\Code\Neurals\wandb\run-20220523_021129-1rvco0ha\files\wandb-summary.json
2022-05-23 02:11:33,605 DEBUG   HandlerThread:15008 [meta.py:__init__():35] meta init
2022-05-23 02:11:33,605 DEBUG   HandlerThread:15008 [meta.py:__init__():49] meta init done
2022-05-23 02:11:33,605 DEBUG   HandlerThread:15008 [meta.py:probe():209] probe
2022-05-23 02:11:33,625 DEBUG   HandlerThread:15008 [git.py:repo():29] git repository is invalid
2022-05-23 02:11:33,625 DEBUG   HandlerThread:15008 [meta.py:_save_pip():53] save pip
2022-05-23 02:11:33,626 DEBUG   HandlerThread:15008 [meta.py:_save_pip():67] save pip done
2022-05-23 02:11:33,626 DEBUG   HandlerThread:15008 [meta.py:probe():247] probe done
2022-05-23 02:11:33,630 DEBUG   SenderThread:15008 [sender.py:send():232] send: files
2022-05-23 02:11:33,630 INFO    SenderThread:15008 [sender.py:_save_file():948] saving file wandb-metadata.json with policy now
2022-05-23 02:11:33,638 DEBUG   HandlerThread:15008 [handler.py:handle_request():141] handle_request: stop_status
2022-05-23 02:11:33,638 DEBUG   SenderThread:15008 [sender.py:send_request():246] send_request: stop_status
2022-05-23 02:11:33,679 INFO    Thread-11 :15008 [dir_watcher.py:_on_file_created():244] file/dir created: C:\Projects\Code\Neurals\wandb\run-20220523_021129-1rvco0ha\files\output.log
2022-05-23 02:11:33,681 INFO    Thread-11 :15008 [dir_watcher.py:_on_file_created():244] file/dir created: C:\Projects\Code\Neurals\wandb\run-20220523_021129-1rvco0ha\files\requirements.txt
2022-05-23 02:11:33,683 INFO    Thread-11 :15008 [dir_watcher.py:_on_file_created():244] file/dir created: C:\Projects\Code\Neurals\wandb\run-20220523_021129-1rvco0ha\files\wandb-metadata.json
2022-05-23 02:11:33,910 DEBUG   SenderThread:15008 [sender.py:send():232] send: telemetry
2022-05-23 02:11:34,420 INFO    Thread-15 :15008 [upload_job.py:push():132] Uploaded file C:\Users\MAXIMN~1\AppData\Local\Temp\tmpslhg7pe3wandb\324eyyq0-wandb-metadata.json
2022-05-23 02:11:35,693 INFO    Thread-11 :15008 [dir_watcher.py:_on_file_modified():257] file/dir modified: C:\Projects\Code\Neurals\wandb\run-20220523_021129-1rvco0ha\files\output.log
2022-05-23 02:11:37,814 DEBUG   HandlerThread:15008 [handler.py:handle_request():141] handle_request: partial_history
2022-05-23 02:11:37,815 DEBUG   SenderThread:15008 [sender.py:send():232] send: history
2022-05-23 02:11:37,815 DEBUG   SenderThread:15008 [sender.py:send():232] send: summary
2022-05-23 02:11:37,815 DEBUG   HandlerThread:15008 [handler.py:handle_request():141] handle_request: partial_history
2022-05-23 02:11:37,817 INFO    SenderThread:15008 [sender.py:_save_file():948] saving file wandb-summary.json with policy end
2022-05-23 02:11:37,817 DEBUG   SenderThread:15008 [sender.py:send():232] send: history
2022-05-23 02:11:37,817 DEBUG   SenderThread:15008 [sender.py:send():232] send: summary
2022-05-23 02:11:37,817 INFO    SenderThread:15008 [sender.py:_save_file():948] saving file wandb-summary.json with policy end
2022-05-23 02:11:38,708 INFO    Thread-11 :15008 [dir_watcher.py:_on_file_modified():257] file/dir modified: C:\Projects\Code\Neurals\wandb\run-20220523_021129-1rvco0ha\files\wandb-summary.json
2022-05-23 02:11:39,709 INFO    Thread-11 :15008 [dir_watcher.py:_on_file_modified():257] file/dir modified: C:\Projects\Code\Neurals\wandb\run-20220523_021129-1rvco0ha\files\output.log
2022-05-23 02:11:43,818 DEBUG   HandlerThread:15008 [handler.py:handle_request():141] handle_request: partial_history
2022-05-23 02:11:43,818 DEBUG   SenderThread:15008 [sender.py:send():232] send: history
2022-05-23 02:11:43,819 DEBUG   SenderThread:15008 [sender.py:send():232] send: summary
2022-05-23 02:11:43,821 INFO    SenderThread:15008 [sender.py:_save_file():948] saving file wandb-summary.json with policy end
2022-05-23 02:11:43,824 DEBUG   HandlerThread:15008 [handler.py:handle_request():141] handle_request: partial_history
2022-05-23 02:11:43,825 DEBUG   SenderThread:15008 [sender.py:send():232] send: history
2022-05-23 02:11:43,825 DEBUG   SenderThread:15008 [sender.py:send():232] send: summary
2022-05-23 02:11:43,826 INFO    SenderThread:15008 [sender.py:_save_file():948] saving file wandb-summary.json with policy end
2022-05-23 02:11:44,727 INFO    Thread-11 :15008 [dir_watcher.py:_on_file_modified():257] file/dir modified: C:\Projects\Code\Neurals\wandb\run-20220523_021129-1rvco0ha\files\wandb-summary.json
2022-05-23 02:11:45,731 INFO    Thread-11 :15008 [dir_watcher.py:_on_file_modified():257] file/dir modified: C:\Projects\Code\Neurals\wandb\run-20220523_021129-1rvco0ha\files\output.log
2022-05-23 02:11:48,913 DEBUG   HandlerThread:15008 [handler.py:handle_request():141] handle_request: stop_status
2022-05-23 02:11:48,914 DEBUG   SenderThread:15008 [sender.py:send_request():246] send_request: stop_status
2022-05-23 02:11:49,964 DEBUG   HandlerThread:15008 [handler.py:handle_request():141] handle_request: partial_history
2022-05-23 02:11:49,965 DEBUG   SenderThread:15008 [sender.py:send():232] send: history
2022-05-23 02:11:49,966 DEBUG   SenderThread:15008 [sender.py:send():232] send: summary
2022-05-23 02:11:49,967 INFO    SenderThread:15008 [sender.py:_save_file():948] saving file wandb-summary.json with policy end
2022-05-23 02:11:49,970 DEBUG   HandlerThread:15008 [handler.py:handle_request():141] handle_request: partial_history
2022-05-23 02:11:49,971 DEBUG   SenderThread:15008 [sender.py:send():232] send: history
2022-05-23 02:11:49,971 DEBUG   SenderThread:15008 [sender.py:send():232] send: summary
2022-05-23 02:11:49,972 INFO    SenderThread:15008 [sender.py:_save_file():948] saving file wandb-summary.json with policy end
2022-05-23 02:11:50,754 INFO    Thread-11 :15008 [dir_watcher.py:_on_file_modified():257] file/dir modified: C:\Projects\Code\Neurals\wandb\run-20220523_021129-1rvco0ha\files\wandb-summary.json
2022-05-23 02:11:51,756 INFO    Thread-11 :15008 [dir_watcher.py:_on_file_modified():257] file/dir modified: C:\Projects\Code\Neurals\wandb\run-20220523_021129-1rvco0ha\files\output.log
2022-05-23 02:11:57,169 DEBUG   HandlerThread:15008 [handler.py:handle_request():141] handle_request: partial_history
2022-05-23 02:11:57,170 DEBUG   HandlerThread:15008 [handler.py:handle_request():141] handle_request: partial_history
2022-05-23 02:11:57,170 DEBUG   SenderThread:15008 [sender.py:send():232] send: history
2022-05-23 02:11:57,171 DEBUG   SenderThread:15008 [sender.py:send():232] send: summary
2022-05-23 02:11:57,172 INFO    SenderThread:15008 [sender.py:_save_file():948] saving file wandb-summary.json with policy end
2022-05-23 02:11:57,172 DEBUG   SenderThread:15008 [sender.py:send():232] send: history
2022-05-23 02:11:57,173 DEBUG   SenderThread:15008 [sender.py:send():232] send: summary
2022-05-23 02:11:57,173 INFO    SenderThread:15008 [sender.py:_save_file():948] saving file wandb-summary.json with policy end
2022-05-23 02:11:57,798 INFO    Thread-11 :15008 [dir_watcher.py:_on_file_modified():257] file/dir modified: C:\Projects\Code\Neurals\wandb\run-20220523_021129-1rvco0ha\files\output.log
2022-05-23 02:11:57,798 INFO    Thread-11 :15008 [dir_watcher.py:_on_file_modified():257] file/dir modified: C:\Projects\Code\Neurals\wandb\run-20220523_021129-1rvco0ha\files\wandb-summary.json
2022-05-23 02:12:02,831 INFO    Thread-11 :15008 [dir_watcher.py:_on_file_modified():257] file/dir modified: C:\Projects\Code\Neurals\wandb\run-20220523_021129-1rvco0ha\files\config.yaml
2022-05-23 02:12:04,181 DEBUG   HandlerThread:15008 [handler.py:handle_request():141] handle_request: stop_status
2022-05-23 02:12:04,182 DEBUG   SenderThread:15008 [sender.py:send_request():246] send_request: stop_status
2022-05-23 02:12:04,476 DEBUG   HandlerThread:15008 [handler.py:handle_request():141] handle_request: partial_history
2022-05-23 02:12:04,477 DEBUG   HandlerThread:15008 [handler.py:handle_request():141] handle_request: partial_history
2022-05-23 02:12:04,477 DEBUG   SenderThread:15008 [sender.py:send():232] send: history
2022-05-23 02:12:04,477 DEBUG   SenderThread:15008 [sender.py:send():232] send: summary
2022-05-23 02:12:04,479 INFO    SenderThread:15008 [sender.py:_save_file():948] saving file wandb-summary.json with policy end
2022-05-23 02:12:04,479 DEBUG   SenderThread:15008 [sender.py:send():232] send: history
2022-05-23 02:12:04,479 DEBUG   SenderThread:15008 [sender.py:send():232] send: summary
2022-05-23 02:12:04,480 INFO    SenderThread:15008 [sender.py:_save_file():948] saving file wandb-summary.json with policy end
2022-05-23 02:12:04,862 INFO    Thread-11 :15008 [dir_watcher.py:_on_file_modified():257] file/dir modified: C:\Projects\Code\Neurals\wandb\run-20220523_021129-1rvco0ha\files\wandb-summary.json
2022-05-23 02:12:04,999 DEBUG   SenderThread:15008 [sender.py:send():232] send: stats
2022-05-23 02:12:05,868 INFO    Thread-11 :15008 [dir_watcher.py:_on_file_modified():257] file/dir modified: C:\Projects\Code\Neurals\wandb\run-20220523_021129-1rvco0ha\files\output.log
2022-05-23 02:12:10,464 DEBUG   HandlerThread:15008 [handler.py:handle_request():141] handle_request: partial_history
2022-05-23 02:12:10,464 DEBUG   SenderThread:15008 [sender.py:send():232] send: history
2022-05-23 02:12:10,464 DEBUG   SenderThread:15008 [sender.py:send():232] send: summary
2022-05-23 02:12:10,466 INFO    SenderThread:15008 [sender.py:_save_file():948] saving file wandb-summary.json with policy end
2022-05-23 02:12:10,468 DEBUG   HandlerThread:15008 [handler.py:handle_request():141] handle_request: partial_history
2022-05-23 02:12:10,469 DEBUG   SenderThread:15008 [sender.py:send():232] send: history
2022-05-23 02:12:10,469 DEBUG   SenderThread:15008 [sender.py:send():232] send: summary
2022-05-23 02:12:10,470 INFO    SenderThread:15008 [sender.py:_save_file():948] saving file wandb-summary.json with policy end
2022-05-23 02:12:10,886 INFO    Thread-11 :15008 [dir_watcher.py:_on_file_modified():257] file/dir modified: C:\Projects\Code\Neurals\wandb\run-20220523_021129-1rvco0ha\files\wandb-summary.json
2022-05-23 02:12:11,887 INFO    Thread-11 :15008 [dir_watcher.py:_on_file_modified():257] file/dir modified: C:\Projects\Code\Neurals\wandb\run-20220523_021129-1rvco0ha\files\output.log
2022-05-23 02:12:16,850 DEBUG   HandlerThread:15008 [handler.py:handle_request():141] handle_request: partial_history
2022-05-23 02:12:16,851 DEBUG   SenderThread:15008 [sender.py:send():232] send: history
2022-05-23 02:12:16,851 DEBUG   SenderThread:15008 [sender.py:send():232] send: summary
2022-05-23 02:12:16,852 INFO    SenderThread:15008 [sender.py:_save_file():948] saving file wandb-summary.json with policy end
2022-05-23 02:12:16,854 DEBUG   HandlerThread:15008 [handler.py:handle_request():141] handle_request: partial_history
2022-05-23 02:12:16,855 DEBUG   SenderThread:15008 [sender.py:send():232] send: history
2022-05-23 02:12:16,855 DEBUG   SenderThread:15008 [sender.py:send():232] send: summary
2022-05-23 02:12:16,856 INFO    SenderThread:15008 [sender.py:_save_file():948] saving file wandb-summary.json with policy end
2022-05-23 02:12:16,918 INFO    Thread-11 :15008 [dir_watcher.py:_on_file_modified():257] file/dir modified: C:\Projects\Code\Neurals\wandb\run-20220523_021129-1rvco0ha\files\wandb-summary.json
2022-05-23 02:12:17,926 INFO    Thread-11 :15008 [dir_watcher.py:_on_file_modified():257] file/dir modified: C:\Projects\Code\Neurals\wandb\run-20220523_021129-1rvco0ha\files\output.log
2022-05-23 02:12:19,459 DEBUG   HandlerThread:15008 [handler.py:handle_request():141] handle_request: stop_status
2022-05-23 02:12:19,459 DEBUG   SenderThread:15008 [sender.py:send_request():246] send_request: stop_status
2022-05-23 02:12:23,412 DEBUG   HandlerThread:15008 [handler.py:handle_request():141] handle_request: partial_history
2022-05-23 02:12:23,413 DEBUG   HandlerThread:15008 [handler.py:handle_request():141] handle_request: partial_history
2022-05-23 02:12:23,413 DEBUG   SenderThread:15008 [sender.py:send():232] send: history
2022-05-23 02:12:23,413 DEBUG   SenderThread:15008 [sender.py:send():232] send: summary
2022-05-23 02:12:23,415 INFO    SenderThread:15008 [sender.py:_save_file():948] saving file wandb-summary.json with policy end
2022-05-23 02:12:23,415 DEBUG   SenderThread:15008 [sender.py:send():232] send: history
2022-05-23 02:12:23,416 DEBUG   SenderThread:15008 [sender.py:send():232] send: summary
2022-05-23 02:12:23,416 INFO    SenderThread:15008 [sender.py:_save_file():948] saving file wandb-summary.json with policy end
2022-05-23 02:12:23,969 INFO    Thread-11 :15008 [dir_watcher.py:_on_file_modified():257] file/dir modified: C:\Projects\Code\Neurals\wandb\run-20220523_021129-1rvco0ha\files\output.log
2022-05-23 02:12:23,969 INFO    Thread-11 :15008 [dir_watcher.py:_on_file_modified():257] file/dir modified: C:\Projects\Code\Neurals\wandb\run-20220523_021129-1rvco0ha\files\wandb-summary.json
2022-05-23 02:12:29,095 DEBUG   HandlerThread:15008 [handler.py:handle_request():141] handle_request: partial_history
2022-05-23 02:12:29,096 DEBUG   SenderThread:15008 [sender.py:send():232] send: history
2022-05-23 02:12:29,097 DEBUG   SenderThread:15008 [sender.py:send():232] send: summary
2022-05-23 02:12:29,098 INFO    SenderThread:15008 [sender.py:_save_file():948] saving file wandb-summary.json with policy end
2022-05-23 02:12:29,100 DEBUG   HandlerThread:15008 [handler.py:handle_request():141] handle_request: partial_history
2022-05-23 02:12:29,101 DEBUG   SenderThread:15008 [sender.py:send():232] send: history
2022-05-23 02:12:29,101 DEBUG   SenderThread:15008 [sender.py:send():232] send: summary
2022-05-23 02:12:29,102 INFO    SenderThread:15008 [sender.py:_save_file():948] saving file wandb-summary.json with policy end
2022-05-23 02:12:30,006 INFO    Thread-11 :15008 [dir_watcher.py:_on_file_modified():257] file/dir modified: C:\Projects\Code\Neurals\wandb\run-20220523_021129-1rvco0ha\files\output.log
2022-05-23 02:12:30,006 INFO    Thread-11 :15008 [dir_watcher.py:_on_file_modified():257] file/dir modified: C:\Projects\Code\Neurals\wandb\run-20220523_021129-1rvco0ha\files\wandb-summary.json
2022-05-23 02:12:34,024 INFO    Thread-11 :15008 [dir_watcher.py:_on_file_modified():257] file/dir modified: C:\Projects\Code\Neurals\wandb\run-20220523_021129-1rvco0ha\files\output.log
2022-05-23 02:12:34,094 DEBUG   HandlerThread:15008 [handler.py:handle_request():141] handle_request: partial_history
2022-05-23 02:12:34,095 DEBUG   SenderThread:15008 [sender.py:send():232] send: history
2022-05-23 02:12:34,095 DEBUG   SenderThread:15008 [sender.py:send():232] send: summary
2022-05-23 02:12:34,096 INFO    SenderThread:15008 [sender.py:_save_file():948] saving file wandb-summary.json with policy end
2022-05-23 02:12:34,101 DEBUG   HandlerThread:15008 [handler.py:handle_request():141] handle_request: partial_history
2022-05-23 02:12:34,105 DEBUG   SenderThread:15008 [sender.py:send():232] send: history
2022-05-23 02:12:34,105 DEBUG   SenderThread:15008 [sender.py:send():232] send: summary
2022-05-23 02:12:34,106 INFO    SenderThread:15008 [sender.py:_save_file():948] saving file wandb-summary.json with policy end
2022-05-23 02:12:34,739 DEBUG   HandlerThread:15008 [handler.py:handle_request():141] handle_request: stop_status
2022-05-23 02:12:34,739 DEBUG   SenderThread:15008 [sender.py:send_request():246] send_request: stop_status
2022-05-23 02:12:35,040 INFO    Thread-11 :15008 [dir_watcher.py:_on_file_modified():257] file/dir modified: C:\Projects\Code\Neurals\wandb\run-20220523_021129-1rvco0ha\files\wandb-summary.json
2022-05-23 02:12:36,044 INFO    Thread-11 :15008 [dir_watcher.py:_on_file_modified():257] file/dir modified: C:\Projects\Code\Neurals\wandb\run-20220523_021129-1rvco0ha\files\output.log
2022-05-23 02:12:38,623 DEBUG   SenderThread:15008 [sender.py:send():232] send: stats
2022-05-23 02:12:38,837 DEBUG   HandlerThread:15008 [handler.py:handle_request():141] handle_request: partial_history
2022-05-23 02:12:38,837 DEBUG   SenderThread:15008 [sender.py:send():232] send: history
2022-05-23 02:12:38,837 DEBUG   SenderThread:15008 [sender.py:send():232] send: summary
2022-05-23 02:12:38,838 INFO    SenderThread:15008 [sender.py:_save_file():948] saving file wandb-summary.json with policy end
2022-05-23 02:12:38,842 DEBUG   HandlerThread:15008 [handler.py:handle_request():141] handle_request: partial_history
2022-05-23 02:12:38,843 DEBUG   SenderThread:15008 [sender.py:send():232] send: history
2022-05-23 02:12:38,843 DEBUG   SenderThread:15008 [sender.py:send():232] send: summary
2022-05-23 02:12:38,843 INFO    SenderThread:15008 [sender.py:_save_file():948] saving file wandb-summary.json with policy end
2022-05-23 02:12:39,063 INFO    Thread-11 :15008 [dir_watcher.py:_on_file_modified():257] file/dir modified: C:\Projects\Code\Neurals\wandb\run-20220523_021129-1rvco0ha\files\wandb-summary.json
2022-05-23 02:12:40,069 INFO    Thread-11 :15008 [dir_watcher.py:_on_file_modified():257] file/dir modified: C:\Projects\Code\Neurals\wandb\run-20220523_021129-1rvco0ha\files\output.log
2022-05-23 02:12:43,206 DEBUG   HandlerThread:15008 [handler.py:handle_request():141] handle_request: partial_history
2022-05-23 02:12:43,207 DEBUG   SenderThread:15008 [sender.py:send():232] send: history
2022-05-23 02:12:43,207 DEBUG   SenderThread:15008 [sender.py:send():232] send: summary
2022-05-23 02:12:43,207 DEBUG   HandlerThread:15008 [handler.py:handle_request():141] handle_request: partial_history
2022-05-23 02:12:43,208 INFO    SenderThread:15008 [sender.py:_save_file():948] saving file wandb-summary.json with policy end
2022-05-23 02:12:43,209 DEBUG   SenderThread:15008 [sender.py:send():232] send: history
2022-05-23 02:12:43,209 DEBUG   SenderThread:15008 [sender.py:send():232] send: summary
2022-05-23 02:12:43,211 INFO    SenderThread:15008 [sender.py:_save_file():948] saving file wandb-summary.json with policy end
2022-05-23 02:12:44,106 INFO    Thread-11 :15008 [dir_watcher.py:_on_file_modified():257] file/dir modified: C:\Projects\Code\Neurals\wandb\run-20220523_021129-1rvco0ha\files\output.log
2022-05-23 02:12:44,107 INFO    Thread-11 :15008 [dir_watcher.py:_on_file_modified():257] file/dir modified: C:\Projects\Code\Neurals\wandb\run-20220523_021129-1rvco0ha\files\wandb-summary.json
2022-05-23 02:12:47,302 DEBUG   HandlerThread:15008 [handler.py:handle_request():141] handle_request: partial_history
2022-05-23 02:12:47,302 DEBUG   HandlerThread:15008 [handler.py:handle_request():141] handle_request: partial_history
2022-05-23 02:12:47,303 DEBUG   SenderThread:15008 [sender.py:send():232] send: history
2022-05-23 02:12:47,303 DEBUG   SenderThread:15008 [sender.py:send():232] send: summary
2022-05-23 02:12:47,304 INFO    SenderThread:15008 [sender.py:_save_file():948] saving file wandb-summary.json with policy end
2022-05-23 02:12:47,305 DEBUG   SenderThread:15008 [sender.py:send():232] send: history
2022-05-23 02:12:47,305 DEBUG   SenderThread:15008 [sender.py:send():232] send: summary
2022-05-23 02:12:47,306 INFO    SenderThread:15008 [sender.py:_save_file():948] saving file wandb-summary.json with policy end
2022-05-23 02:12:48,125 INFO    Thread-11 :15008 [dir_watcher.py:_on_file_modified():257] file/dir modified: C:\Projects\Code\Neurals\wandb\run-20220523_021129-1rvco0ha\files\output.log
2022-05-23 02:12:48,125 INFO    Thread-11 :15008 [dir_watcher.py:_on_file_modified():257] file/dir modified: C:\Projects\Code\Neurals\wandb\run-20220523_021129-1rvco0ha\files\wandb-summary.json
2022-05-23 02:12:50,166 DEBUG   HandlerThread:15008 [handler.py:handle_request():141] handle_request: stop_status
2022-05-23 02:12:50,166 DEBUG   SenderThread:15008 [sender.py:send_request():246] send_request: stop_status
2022-05-23 02:12:50,985 DEBUG   HandlerThread:15008 [handler.py:handle_request():141] handle_request: partial_history
2022-05-23 02:12:50,985 DEBUG   HandlerThread:15008 [handler.py:handle_request():141] handle_request: partial_history
2022-05-23 02:12:50,986 DEBUG   SenderThread:15008 [sender.py:send():232] send: history
2022-05-23 02:12:50,986 DEBUG   SenderThread:15008 [sender.py:send():232] send: summary
2022-05-23 02:12:50,987 INFO    SenderThread:15008 [sender.py:_save_file():948] saving file wandb-summary.json with policy end
2022-05-23 02:12:50,987 DEBUG   SenderThread:15008 [sender.py:send():232] send: history
2022-05-23 02:12:50,987 DEBUG   SenderThread:15008 [sender.py:send():232] send: summary
2022-05-23 02:12:50,988 INFO    SenderThread:15008 [sender.py:_save_file():948] saving file wandb-summary.json with policy end
2022-05-23 02:12:51,133 INFO    Thread-11 :15008 [dir_watcher.py:_on_file_modified():257] file/dir modified: C:\Projects\Code\Neurals\wandb\run-20220523_021129-1rvco0ha\files\wandb-summary.json
2022-05-23 02:12:52,134 INFO    Thread-11 :15008 [dir_watcher.py:_on_file_modified():257] file/dir modified: C:\Projects\Code\Neurals\wandb\run-20220523_021129-1rvco0ha\files\output.log
2022-05-23 02:12:54,385 DEBUG   HandlerThread:15008 [handler.py:handle_request():141] handle_request: partial_history
2022-05-23 02:12:54,386 DEBUG   HandlerThread:15008 [handler.py:handle_request():141] handle_request: partial_history
2022-05-23 02:12:54,386 DEBUG   SenderThread:15008 [sender.py:send():232] send: history
2022-05-23 02:12:54,387 DEBUG   SenderThread:15008 [sender.py:send():232] send: summary
2022-05-23 02:12:54,389 INFO    SenderThread:15008 [sender.py:_save_file():948] saving file wandb-summary.json with policy end
2022-05-23 02:12:54,389 DEBUG   SenderThread:15008 [sender.py:send():232] send: history
2022-05-23 02:12:54,389 DEBUG   SenderThread:15008 [sender.py:send():232] send: summary
2022-05-23 02:12:54,389 INFO    SenderThread:15008 [sender.py:_save_file():948] saving file wandb-summary.json with policy end
2022-05-23 02:12:55,150 INFO    Thread-11 :15008 [dir_watcher.py:_on_file_modified():257] file/dir modified: C:\Projects\Code\Neurals\wandb\run-20220523_021129-1rvco0ha\files\wandb-summary.json
2022-05-23 02:12:56,160 INFO    Thread-11 :15008 [dir_watcher.py:_on_file_modified():257] file/dir modified: C:\Projects\Code\Neurals\wandb\run-20220523_021129-1rvco0ha\files\output.log
2022-05-23 02:12:57,805 DEBUG   HandlerThread:15008 [handler.py:handle_request():141] handle_request: partial_history
2022-05-23 02:12:57,806 DEBUG   HandlerThread:15008 [handler.py:handle_request():141] handle_request: partial_history
2022-05-23 02:12:57,806 DEBUG   SenderThread:15008 [sender.py:send():232] send: history
2022-05-23 02:12:57,806 DEBUG   SenderThread:15008 [sender.py:send():232] send: summary
2022-05-23 02:12:57,808 INFO    SenderThread:15008 [sender.py:_save_file():948] saving file wandb-summary.json with policy end
2022-05-23 02:12:57,809 DEBUG   SenderThread:15008 [sender.py:send():232] send: history
2022-05-23 02:12:57,809 DEBUG   SenderThread:15008 [sender.py:send():232] send: summary
2022-05-23 02:12:57,810 INFO    SenderThread:15008 [sender.py:_save_file():948] saving file wandb-summary.json with policy end
2022-05-23 02:12:58,167 INFO    Thread-11 :15008 [dir_watcher.py:_on_file_modified():257] file/dir modified: C:\Projects\Code\Neurals\wandb\run-20220523_021129-1rvco0ha\files\wandb-summary.json
2022-05-23 02:13:00,187 INFO    Thread-11 :15008 [dir_watcher.py:_on_file_modified():257] file/dir modified: C:\Projects\Code\Neurals\wandb\run-20220523_021129-1rvco0ha\files\output.log
2022-05-23 02:13:01,705 DEBUG   HandlerThread:15008 [handler.py:handle_request():141] handle_request: partial_history
2022-05-23 02:13:01,707 DEBUG   SenderThread:15008 [sender.py:send():232] send: history
2022-05-23 02:13:01,707 DEBUG   SenderThread:15008 [sender.py:send():232] send: summary
2022-05-23 02:13:01,708 INFO    SenderThread:15008 [sender.py:_save_file():948] saving file wandb-summary.json with policy end
2022-05-23 02:13:01,711 DEBUG   HandlerThread:15008 [handler.py:handle_request():141] handle_request: partial_history
2022-05-23 02:13:01,712 DEBUG   SenderThread:15008 [sender.py:send():232] send: history
2022-05-23 02:13:01,712 DEBUG   SenderThread:15008 [sender.py:send():232] send: summary
2022-05-23 02:13:01,712 INFO    SenderThread:15008 [sender.py:_save_file():948] saving file wandb-summary.json with policy end
2022-05-23 02:13:02,214 INFO    Thread-11 :15008 [dir_watcher.py:_on_file_modified():257] file/dir modified: C:\Projects\Code\Neurals\wandb\run-20220523_021129-1rvco0ha\files\output.log
2022-05-23 02:13:02,215 INFO    Thread-11 :15008 [dir_watcher.py:_on_file_modified():257] file/dir modified: C:\Projects\Code\Neurals\wandb\run-20220523_021129-1rvco0ha\files\wandb-summary.json
2022-05-23 02:13:04,225 INFO    Thread-11 :15008 [dir_watcher.py:_on_file_modified():257] file/dir modified: C:\Projects\Code\Neurals\wandb\run-20220523_021129-1rvco0ha\files\output.log
2022-05-23 02:13:05,303 DEBUG   HandlerThread:15008 [handler.py:handle_request():141] handle_request: partial_history
2022-05-23 02:13:05,304 DEBUG   HandlerThread:15008 [handler.py:handle_request():141] handle_request: partial_history
2022-05-23 02:13:05,304 DEBUG   SenderThread:15008 [sender.py:send():232] send: history
2022-05-23 02:13:05,304 DEBUG   SenderThread:15008 [sender.py:send():232] send: summary
2022-05-23 02:13:05,305 INFO    SenderThread:15008 [sender.py:_save_file():948] saving file wandb-summary.json with policy end
2022-05-23 02:13:05,305 DEBUG   SenderThread:15008 [sender.py:send():232] send: history
2022-05-23 02:13:05,305 DEBUG   SenderThread:15008 [sender.py:send():232] send: summary
2022-05-23 02:13:05,306 INFO    SenderThread:15008 [sender.py:_save_file():948] saving file wandb-summary.json with policy end
2022-05-23 02:13:05,441 DEBUG   HandlerThread:15008 [handler.py:handle_request():141] handle_request: stop_status
2022-05-23 02:13:05,441 DEBUG   SenderThread:15008 [sender.py:send_request():246] send_request: stop_status
2022-05-23 02:13:06,229 INFO    Thread-11 :15008 [dir_watcher.py:_on_file_modified():257] file/dir modified: C:\Projects\Code\Neurals\wandb\run-20220523_021129-1rvco0ha\files\output.log
2022-05-23 02:13:06,230 INFO    Thread-11 :15008 [dir_watcher.py:_on_file_modified():257] file/dir modified: C:\Projects\Code\Neurals\wandb\run-20220523_021129-1rvco0ha\files\wandb-summary.json
2022-05-23 02:13:08,771 DEBUG   HandlerThread:15008 [handler.py:handle_request():141] handle_request: partial_history
2022-05-23 02:13:08,771 DEBUG   SenderThread:15008 [sender.py:send():232] send: history
2022-05-23 02:13:08,772 DEBUG   SenderThread:15008 [sender.py:send():232] send: summary
2022-05-23 02:13:08,774 INFO    SenderThread:15008 [sender.py:_save_file():948] saving file wandb-summary.json with policy end
2022-05-23 02:13:08,776 DEBUG   HandlerThread:15008 [handler.py:handle_request():141] handle_request: partial_history
2022-05-23 02:13:08,777 DEBUG   SenderThread:15008 [sender.py:send():232] send: history
2022-05-23 02:13:08,777 DEBUG   SenderThread:15008 [sender.py:send():232] send: summary
2022-05-23 02:13:08,777 INFO    SenderThread:15008 [sender.py:_save_file():948] saving file wandb-summary.json with policy end
2022-05-23 02:13:09,245 INFO    Thread-11 :15008 [dir_watcher.py:_on_file_modified():257] file/dir modified: C:\Projects\Code\Neurals\wandb\run-20220523_021129-1rvco0ha\files\wandb-summary.json
2022-05-23 02:13:10,247 INFO    Thread-11 :15008 [dir_watcher.py:_on_file_modified():257] file/dir modified: C:\Projects\Code\Neurals\wandb\run-20220523_021129-1rvco0ha\files\output.log
2022-05-23 02:13:12,230 DEBUG   SenderThread:15008 [sender.py:send():232] send: stats
2022-05-23 02:13:12,266 DEBUG   HandlerThread:15008 [handler.py:handle_request():141] handle_request: partial_history
2022-05-23 02:13:12,267 DEBUG   HandlerThread:15008 [handler.py:handle_request():141] handle_request: partial_history
2022-05-23 02:13:12,267 DEBUG   SenderThread:15008 [sender.py:send():232] send: history
2022-05-23 02:13:12,267 DEBUG   SenderThread:15008 [sender.py:send():232] send: summary
2022-05-23 02:13:12,268 INFO    SenderThread:15008 [sender.py:_save_file():948] saving file wandb-summary.json with policy end
2022-05-23 02:13:12,268 DEBUG   SenderThread:15008 [sender.py:send():232] send: history
2022-05-23 02:13:12,268 DEBUG   SenderThread:15008 [sender.py:send():232] send: summary
2022-05-23 02:13:12,269 INFO    SenderThread:15008 [sender.py:_save_file():948] saving file wandb-summary.json with policy end
2022-05-23 02:13:13,272 INFO    Thread-11 :15008 [dir_watcher.py:_on_file_modified():257] file/dir modified: C:\Projects\Code\Neurals\wandb\run-20220523_021129-1rvco0ha\files\wandb-summary.json
2022-05-23 02:13:14,274 INFO    Thread-11 :15008 [dir_watcher.py:_on_file_modified():257] file/dir modified: C:\Projects\Code\Neurals\wandb\run-20220523_021129-1rvco0ha\files\output.log
2022-05-23 02:13:15,851 DEBUG   HandlerThread:15008 [handler.py:handle_request():141] handle_request: partial_history
2022-05-23 02:13:15,852 DEBUG   SenderThread:15008 [sender.py:send():232] send: history
2022-05-23 02:13:15,852 DEBUG   SenderThread:15008 [sender.py:send():232] send: summary
2022-05-23 02:13:15,852 DEBUG   HandlerThread:15008 [handler.py:handle_request():141] handle_request: partial_history
2022-05-23 02:13:15,854 INFO    SenderThread:15008 [sender.py:_save_file():948] saving file wandb-summary.json with policy end
2022-05-23 02:13:15,854 DEBUG   SenderThread:15008 [sender.py:send():232] send: history
2022-05-23 02:13:15,854 DEBUG   SenderThread:15008 [sender.py:send():232] send: summary
2022-05-23 02:13:15,854 INFO    SenderThread:15008 [sender.py:_save_file():948] saving file wandb-summary.json with policy end
2022-05-23 02:13:16,286 INFO    Thread-11 :15008 [dir_watcher.py:_on_file_modified():257] file/dir modified: C:\Projects\Code\Neurals\wandb\run-20220523_021129-1rvco0ha\files\output.log
2022-05-23 02:13:16,287 INFO    Thread-11 :15008 [dir_watcher.py:_on_file_modified():257] file/dir modified: C:\Projects\Code\Neurals\wandb\run-20220523_021129-1rvco0ha\files\wandb-summary.json
2022-05-23 02:13:18,298 INFO    Thread-11 :15008 [dir_watcher.py:_on_file_modified():257] file/dir modified: C:\Projects\Code\Neurals\wandb\run-20220523_021129-1rvco0ha\files\output.log
2022-05-23 02:13:18,875 DEBUG   HandlerThread:15008 [handler.py:handle_request():141] handle_request: partial_history
2022-05-23 02:13:18,876 DEBUG   HandlerThread:15008 [handler.py:handle_request():141] handle_request: partial_history
2022-05-23 02:13:18,877 DEBUG   SenderThread:15008 [sender.py:send():232] send: history
2022-05-23 02:13:18,880 DEBUG   SenderThread:15008 [sender.py:send():232] send: summary
2022-05-23 02:13:18,883 INFO    SenderThread:15008 [sender.py:_save_file():948] saving file wandb-summary.json with policy end
2022-05-23 02:13:18,884 DEBUG   SenderThread:15008 [sender.py:send():232] send: history
2022-05-23 02:13:18,884 DEBUG   SenderThread:15008 [sender.py:send():232] send: summary
2022-05-23 02:13:18,884 INFO    SenderThread:15008 [sender.py:_save_file():948] saving file wandb-summary.json with policy end
2022-05-23 02:13:19,304 INFO    Thread-11 :15008 [dir_watcher.py:_on_file_modified():257] file/dir modified: C:\Projects\Code\Neurals\wandb\run-20220523_021129-1rvco0ha\files\wandb-summary.json
2022-05-23 02:13:20,309 INFO    Thread-11 :15008 [dir_watcher.py:_on_file_modified():257] file/dir modified: C:\Projects\Code\Neurals\wandb\run-20220523_021129-1rvco0ha\files\output.log
2022-05-23 02:13:20,948 DEBUG   HandlerThread:15008 [handler.py:handle_request():141] handle_request: stop_status
2022-05-23 02:13:20,949 DEBUG   SenderThread:15008 [sender.py:send_request():246] send_request: stop_status
2022-05-23 02:13:22,104 DEBUG   HandlerThread:15008 [handler.py:handle_request():141] handle_request: partial_history
2022-05-23 02:13:22,105 DEBUG   HandlerThread:15008 [handler.py:handle_request():141] handle_request: partial_history
2022-05-23 02:13:22,105 DEBUG   SenderThread:15008 [sender.py:send():232] send: history
2022-05-23 02:13:22,105 DEBUG   SenderThread:15008 [sender.py:send():232] send: summary
2022-05-23 02:13:22,106 INFO    SenderThread:15008 [sender.py:_save_file():948] saving file wandb-summary.json with policy end
2022-05-23 02:13:22,107 DEBUG   SenderThread:15008 [sender.py:send():232] send: history
2022-05-23 02:13:22,108 DEBUG   SenderThread:15008 [sender.py:send():232] send: summary
2022-05-23 02:13:22,109 INFO    SenderThread:15008 [sender.py:_save_file():948] saving file wandb-summary.json with policy end
2022-05-23 02:13:22,321 INFO    Thread-11 :15008 [dir_watcher.py:_on_file_modified():257] file/dir modified: C:\Projects\Code\Neurals\wandb\run-20220523_021129-1rvco0ha\files\wandb-summary.json
