 ****** Running generation 0 ******
Ntime = 0
Utime = 0
Ttime = 0
Warning: initial_connection = full with hidden nodes will not do direct input-output connections;
	if this is desired, set initial_connection = full_nodirect;
	if not, set initial_connection = full_direct
Warning: initial_connection = full with hidden nodes will not do direct input-output connections;
	if this is desired, set initial_connection = full_nodirect;
	if not, set initial_connection = full_direct
Warning: initial_connection = full with hidden nodes will not do direct input-output connections;
	if this is desired, set initial_connection = full_nodirect;
	if not, set initial_connection = full_direct
Warning: initial_connection = full with hidden nodes will not do direct input-output connections;
	if this is desired, set initial_connection = full_nodirect;
	if not, set initial_connection = full_direct
Warning: initial_connection = full with hidden nodes will not do direct input-output connections;
	if this is desired, set initial_connection = full_nodirect;
	if not, set initial_connection = full_direct
Warning: initial_connection = full with hidden nodes will not do direct input-output connections;
	if this is desired, set initial_connection = full_nodirect;
	if not, set initial_connection = full_direct
Warning: initial_connection = full with hidden nodes will not do direct input-output connections;
	if this is desired, set initial_connection = full_nodirect;
	if not, set initial_connection = full_direct
Warning: initial_connection = full with hidden nodes will not do direct input-output connections;
	if this is desired, set initial_connection = full_nodirect;
	if not, set initial_connection = full_direct
Warning: initial_connection = full with hidden nodes will not do direct input-output connections;
	if this is desired, set initial_connection = full_nodirect;
	if not, set initial_connection = full_direct
Warning: initial_connection = full with hidden nodes will not do direct input-output connections;
	if this is desired, set initial_connection = full_nodirect;
	if not, set initial_connection = full_direct
Warning: initial_connection = full with hidden nodes will not do direct input-output connections;
	if this is desired, set initial_connection = full_nodirect;
	if not, set initial_connection = full_direct
Warning: initial_connection = full with hidden nodes will not do direct input-output connections;
	if this is desired, set initial_connection = full_nodirect;
	if not, set initial_connection = full_direct
Warning: initial_connection = full with hidden nodes will not do direct input-output connections;
	if this is desired, set initial_connection = full_nodirect;
	if not, set initial_connection = full_direct
Warning: initial_connection = full with hidden nodes will not do direct input-output connections;
	if this is desired, set initial_connection = full_nodirect;
	if not, set initial_connection = full_direct
Warning: initial_connection = full with hidden nodes will not do direct input-output connections;
	if this is desired, set initial_connection = full_nodirect;
	if not, set initial_connection = full_direct
Warning: initial_connection = full with hidden nodes will not do direct input-output connections;
	if this is desired, set initial_connection = full_nodirect;
	if not, set initial_connection = full_direct
Warning: initial_connection = full with hidden nodes will not do direct input-output connections;
	if this is desired, set initial_connection = full_nodirect;
	if not, set initial_connection = full_direct
Warning: initial_connection = full with hidden nodes will not do direct input-output connections;
	if this is desired, set initial_connection = full_nodirect;
	if not, set initial_connection = full_direct
Warning: initial_connection = full with hidden nodes will not do direct input-output connections;
	if this is desired, set initial_connection = full_nodirect;
	if not, set initial_connection = full_direct
Warning: initial_connection = full with hidden nodes will not do direct input-output connections;
	if this is desired, set initial_connection = full_nodirect;
	if not, set initial_connection = full_direct
Warning: initial_connection = full with hidden nodes will not do direct input-output connections;
	if this is desired, set initial_connection = full_nodirect;
	if not, set initial_connection = full_direct
Warning: initial_connection = full with hidden nodes will not do direct input-output connections;
	if this is desired, set initial_connection = full_nodirect;
	if not, set initial_connection = full_direct
Warning: initial_connection = full with hidden nodes will not do direct input-output connections;
	if this is desired, set initial_connection = full_nodirect;
	if not, set initial_connection = full_direct
Warning: initial_connection = full with hidden nodes will not do direct input-output connections;
	if this is desired, set initial_connection = full_nodirect;
	if not, set initial_connection = full_direct
Warning: initial_connection = full with hidden nodes will not do direct input-output connections;
	if this is desired, set initial_connection = full_nodirect;
	if not, set initial_connection = full_direct
Warning: initial_connection = full with hidden nodes will not do direct input-output connections;
	if this is desired, set initial_connection = full_nodirect;
	if not, set initial_connection = full_direct
Warning: initial_connection = full with hidden nodes will not do direct input-output connections;
	if this is desired, set initial_connection = full_nodirect;
	if not, set initial_connection = full_direct
Warning: initial_connection = full with hidden nodes will not do direct input-output connections;
	if this is desired, set initial_connection = full_nodirect;
	if not, set initial_connection = full_direct
Warning: initial_connection = full with hidden nodes will not do direct input-output connections;
	if this is desired, set initial_connection = full_nodirect;
	if not, set initial_connection = full_direct
Warning: initial_connection = full with hidden nodes will not do direct input-output connections;
	if this is desired, set initial_connection = full_nodirect;
	if not, set initial_connection = full_direct
Warning: initial_connection = full with hidden nodes will not do direct input-output connections;
	if this is desired, set initial_connection = full_nodirect;
	if not, set initial_connection = full_direct
Warning: initial_connection = full with hidden nodes will not do direct input-output connections;
	if this is desired, set initial_connection = full_nodirect;
	if not, set initial_connection = full_direct
Warning: initial_connection = full with hidden nodes will not do direct input-output connections;
	if this is desired, set initial_connection = full_nodirect;
	if not, set initial_connection = full_direct
Warning: initial_connection = full with hidden nodes will not do direct input-output connections;
	if this is desired, set initial_connection = full_nodirect;
	if not, set initial_connection = full_direct
Warning: initial_connection = full with hidden nodes will not do direct input-output connections;
	if this is desired, set initial_connection = full_nodirect;
	if not, set initial_connection = full_direct
Warning: initial_connection = full with hidden nodes will not do direct input-output connections;
	if this is desired, set initial_connection = full_nodirect;
	if not, set initial_connection = full_direct
Warning: initial_connection = full with hidden nodes will not do direct input-output connections;
	if this is desired, set initial_connection = full_nodirect;
	if not, set initial_connection = full_direct
Warning: initial_connection = full with hidden nodes will not do direct input-output connections;
	if this is desired, set initial_connection = full_nodirect;
	if not, set initial_connection = full_direct
Warning: initial_connection = full with hidden nodes will not do direct input-output connections;
	if this is desired, set initial_connection = full_nodirect;
	if not, set initial_connection = full_direct
Warning: initial_connection = full with hidden nodes will not do direct input-output connections;
	if this is desired, set initial_connection = full_nodirect;
	if not, set initial_connection = full_direct
Warning: initial_connection = full with hidden nodes will not do direct input-output connections;
	if this is desired, set initial_connection = full_nodirect;
	if not, set initial_connection = full_direct
Warning: initial_connection = full with hidden nodes will not do direct input-output connections;
	if this is desired, set initial_connection = full_nodirect;
	if not, set initial_connection = full_direct
Warning: initial_connection = full with hidden nodes will not do direct input-output connections;
	if this is desired, set initial_connection = full_nodirect;
	if not, set initial_connection = full_direct
Warning: initial_connection = full with hidden nodes will not do direct input-output connections;
	if this is desired, set initial_connection = full_nodirect;
	if not, set initial_connection = full_direct
Warning: initial_connection = full with hidden nodes will not do direct input-output connections;
	if this is desired, set initial_connection = full_nodirect;
	if not, set initial_connection = full_direct
Warning: initial_connection = full with hidden nodes will not do direct input-output connections;
	if this is desired, set initial_connection = full_nodirect;
	if not, set initial_connection = full_direct
Warning: initial_connection = full with hidden nodes will not do direct input-output connections;
	if this is desired, set initial_connection = full_nodirect;
	if not, set initial_connection = full_direct
Warning: initial_connection = full with hidden nodes will not do direct input-output connections;
	if this is desired, set initial_connection = full_nodirect;
	if not, set initial_connection = full_direct
Warning: initial_connection = full with hidden nodes will not do direct input-output connections;
	if this is desired, set initial_connection = full_nodirect;
	if not, set initial_connection = full_direct
Warning: initial_connection = full with hidden nodes will not do direct input-output connections;
	if this is desired, set initial_connection = full_nodirect;
	if not, set initial_connection = full_direct
Warning: initial_connection = full with hidden nodes will not do direct input-output connections;
	if this is desired, set initial_connection = full_nodirect;
	if not, set initial_connection = full_direct
Warning: initial_connection = full with hidden nodes will not do direct input-output connections;
	if this is desired, set initial_connection = full_nodirect;
	if not, set initial_connection = full_direct
Warning: initial_connection = full with hidden nodes will not do direct input-output connections;
	if this is desired, set initial_connection = full_nodirect;
	if not, set initial_connection = full_direct
Warning: initial_connection = full with hidden nodes will not do direct input-output connections;
	if this is desired, set initial_connection = full_nodirect;
	if not, set initial_connection = full_direct
Warning: initial_connection = full with hidden nodes will not do direct input-output connections;
	if this is desired, set initial_connection = full_nodirect;
	if not, set initial_connection = full_direct
Warning: initial_connection = full with hidden nodes will not do direct input-output connections;
	if this is desired, set initial_connection = full_nodirect;
	if not, set initial_connection = full_direct
Warning: initial_connection = full with hidden nodes will not do direct input-output connections;
	if this is desired, set initial_connection = full_nodirect;
	if not, set initial_connection = full_direct
Warning: initial_connection = full with hidden nodes will not do direct input-output connections;
	if this is desired, set initial_connection = full_nodirect;
	if not, set initial_connection = full_direct
Warning: initial_connection = full with hidden nodes will not do direct input-output connections;
	if this is desired, set initial_connection = full_nodirect;
	if not, set initial_connection = full_direct
Warning: initial_connection = full with hidden nodes will not do direct input-output connections;
	if this is desired, set initial_connection = full_nodirect;
	if not, set initial_connection = full_direct
Warning: initial_connection = full with hidden nodes will not do direct input-output connections;
	if this is desired, set initial_connection = full_nodirect;
	if not, set initial_connection = full_direct
Warning: initial_connection = full with hidden nodes will not do direct input-output connections;
	if this is desired, set initial_connection = full_nodirect;
	if not, set initial_connection = full_direct
Warning: initial_connection = full with hidden nodes will not do direct input-output connections;
	if this is desired, set initial_connection = full_nodirect;
	if not, set initial_connection = full_direct
Warning: initial_connection = full with hidden nodes will not do direct input-output connections;
	if this is desired, set initial_connection = full_nodirect;
	if not, set initial_connection = full_direct
Warning: initial_connection = full with hidden nodes will not do direct input-output connections;
	if this is desired, set initial_connection = full_nodirect;
	if not, set initial_connection = full_direct
Warning: initial_connection = full with hidden nodes will not do direct input-output connections;
	if this is desired, set initial_connection = full_nodirect;
	if not, set initial_connection = full_direct
Warning: initial_connection = full with hidden nodes will not do direct input-output connections;
	if this is desired, set initial_connection = full_nodirect;
	if not, set initial_connection = full_direct
Warning: initial_connection = full with hidden nodes will not do direct input-output connections;
	if this is desired, set initial_connection = full_nodirect;
	if not, set initial_connection = full_direct
Warning: initial_connection = full with hidden nodes will not do direct input-output connections;
	if this is desired, set initial_connection = full_nodirect;
	if not, set initial_connection = full_direct
Warning: initial_connection = full with hidden nodes will not do direct input-output connections;
	if this is desired, set initial_connection = full_nodirect;
	if not, set initial_connection = full_direct
Warning: initial_connection = full with hidden nodes will not do direct input-output connections;
	if this is desired, set initial_connection = full_nodirect;
	if not, set initial_connection = full_direct
Warning: initial_connection = full with hidden nodes will not do direct input-output connections;
	if this is desired, set initial_connection = full_nodirect;
	if not, set initial_connection = full_direct
Warning: initial_connection = full with hidden nodes will not do direct input-output connections;
	if this is desired, set initial_connection = full_nodirect;
	if not, set initial_connection = full_direct
Warning: initial_connection = full with hidden nodes will not do direct input-output connections;
	if this is desired, set initial_connection = full_nodirect;
	if not, set initial_connection = full_direct
Warning: initial_connection = full with hidden nodes will not do direct input-output connections;
	if this is desired, set initial_connection = full_nodirect;
	if not, set initial_connection = full_direct
Warning: initial_connection = full with hidden nodes will not do direct input-output connections;
	if this is desired, set initial_connection = full_nodirect;
	if not, set initial_connection = full_direct
Warning: initial_connection = full with hidden nodes will not do direct input-output connections;
	if this is desired, set initial_connection = full_nodirect;
	if not, set initial_connection = full_direct
Warning: initial_connection = full with hidden nodes will not do direct input-output connections;
	if this is desired, set initial_connection = full_nodirect;
	if not, set initial_connection = full_direct
Warning: initial_connection = full with hidden nodes will not do direct input-output connections;
	if this is desired, set initial_connection = full_nodirect;
	if not, set initial_connection = full_direct
Warning: initial_connection = full with hidden nodes will not do direct input-output connections;
	if this is desired, set initial_connection = full_nodirect;
	if not, set initial_connection = full_direct
Warning: initial_connection = full with hidden nodes will not do direct input-output connections;
	if this is desired, set initial_connection = full_nodirect;
	if not, set initial_connection = full_direct
Warning: initial_connection = full with hidden nodes will not do direct input-output connections;
	if this is desired, set initial_connection = full_nodirect;
	if not, set initial_connection = full_direct
Warning: initial_connection = full with hidden nodes will not do direct input-output connections;
	if this is desired, set initial_connection = full_nodirect;
	if not, set initial_connection = full_direct
Warning: initial_connection = full with hidden nodes will not do direct input-output connections;
	if this is desired, set initial_connection = full_nodirect;
	if not, set initial_connection = full_direct
Warning: initial_connection = full with hidden nodes will not do direct input-output connections;
	if this is desired, set initial_connection = full_nodirect;
	if not, set initial_connection = full_direct
Warning: initial_connection = full with hidden nodes will not do direct input-output connections;
	if this is desired, set initial_connection = full_nodirect;
	if not, set initial_connection = full_direct
Warning: initial_connection = full with hidden nodes will not do direct input-output connections;
	if this is desired, set initial_connection = full_nodirect;
	if not, set initial_connection = full_direct
Warning: initial_connection = full with hidden nodes will not do direct input-output connections;
	if this is desired, set initial_connection = full_nodirect;
	if not, set initial_connection = full_direct
Warning: initial_connection = full with hidden nodes will not do direct input-output connections;
	if this is desired, set initial_connection = full_nodirect;
	if not, set initial_connection = full_direct
Warning: initial_connection = full with hidden nodes will not do direct input-output connections;
	if this is desired, set initial_connection = full_nodirect;
	if not, set initial_connection = full_direct
Warning: initial_connection = full with hidden nodes will not do direct input-output connections;
	if this is desired, set initial_connection = full_nodirect;
	if not, set initial_connection = full_direct
Warning: initial_connection = full with hidden nodes will not do direct input-output connections;
	if this is desired, set initial_connection = full_nodirect;
	if not, set initial_connection = full_direct
Warning: initial_connection = full with hidden nodes will not do direct input-output connections;
	if this is desired, set initial_connection = full_nodirect;
	if not, set initial_connection = full_direct
Warning: initial_connection = full with hidden nodes will not do direct input-output connections;
	if this is desired, set initial_connection = full_nodirect;
	if not, set initial_connection = full_direct
Warning: initial_connection = full with hidden nodes will not do direct input-output connections;
	if this is desired, set initial_connection = full_nodirect;
	if not, set initial_connection = full_direct
Warning: initial_connection = full with hidden nodes will not do direct input-output connections;
	if this is desired, set initial_connection = full_nodirect;
	if not, set initial_connection = full_direct
Warning: initial_connection = full with hidden nodes will not do direct input-output connections;
	if this is desired, set initial_connection = full_nodirect;
	if not, set initial_connection = full_direct
Warning: initial_connection = full with hidden nodes will not do direct input-output connections;
	if this is desired, set initial_connection = full_nodirect;
	if not, set initial_connection = full_direct
Warning: initial_connection = full with hidden nodes will not do direct input-output connections;
	if this is desired, set initial_connection = full_nodirect;
	if not, set initial_connection = full_direct
Warning: initial_connection = full with hidden nodes will not do direct input-output connections;
	if this is desired, set initial_connection = full_nodirect;
	if not, set initial_connection = full_direct
Warning: initial_connection = full with hidden nodes will not do direct input-output connections;
	if this is desired, set initial_connection = full_nodirect;
	if not, set initial_connection = full_direct
Warning: initial_connection = full with hidden nodes will not do direct input-output connections;
	if this is desired, set initial_connection = full_nodirect;
	if not, set initial_connection = full_direct
Warning: initial_connection = full with hidden nodes will not do direct input-output connections;
	if this is desired, set initial_connection = full_nodirect;
	if not, set initial_connection = full_direct
Warning: initial_connection = full with hidden nodes will not do direct input-output connections;
	if this is desired, set initial_connection = full_nodirect;
	if not, set initial_connection = full_direct
Warning: initial_connection = full with hidden nodes will not do direct input-output connections;
	if this is desired, set initial_connection = full_nodirect;
	if not, set initial_connection = full_direct
Warning: initial_connection = full with hidden nodes will not do direct input-output connections;
	if this is desired, set initial_connection = full_nodirect;
	if not, set initial_connection = full_direct
Warning: initial_connection = full with hidden nodes will not do direct input-output connections;
	if this is desired, set initial_connection = full_nodirect;
	if not, set initial_connection = full_direct
Warning: initial_connection = full with hidden nodes will not do direct input-output connections;
	if this is desired, set initial_connection = full_nodirect;
	if not, set initial_connection = full_direct
Warning: initial_connection = full with hidden nodes will not do direct input-output connections;
	if this is desired, set initial_connection = full_nodirect;
	if not, set initial_connection = full_direct
Warning: initial_connection = full with hidden nodes will not do direct input-output connections;
	if this is desired, set initial_connection = full_nodirect;
	if not, set initial_connection = full_direct
Warning: initial_connection = full with hidden nodes will not do direct input-output connections;
	if this is desired, set initial_connection = full_nodirect;
	if not, set initial_connection = full_direct
Warning: initial_connection = full with hidden nodes will not do direct input-output connections;
	if this is desired, set initial_connection = full_nodirect;
	if not, set initial_connection = full_direct
Warning: initial_connection = full with hidden nodes will not do direct input-output connections;
	if this is desired, set initial_connection = full_nodirect;
	if not, set initial_connection = full_direct
Warning: initial_connection = full with hidden nodes will not do direct input-output connections;
	if this is desired, set initial_connection = full_nodirect;
	if not, set initial_connection = full_direct
Warning: initial_connection = full with hidden nodes will not do direct input-output connections;
	if this is desired, set initial_connection = full_nodirect;
	if not, set initial_connection = full_direct
Warning: initial_connection = full with hidden nodes will not do direct input-output connections;
	if this is desired, set initial_connection = full_nodirect;
	if not, set initial_connection = full_direct
Warning: initial_connection = full with hidden nodes will not do direct input-output connections;
	if this is desired, set initial_connection = full_nodirect;
	if not, set initial_connection = full_direct
Warning: initial_connection = full with hidden nodes will not do direct input-output connections;
	if this is desired, set initial_connection = full_nodirect;
	if not, set initial_connection = full_direct
Warning: initial_connection = full with hidden nodes will not do direct input-output connections;
	if this is desired, set initial_connection = full_nodirect;
	if not, set initial_connection = full_direct
Warning: initial_connection = full with hidden nodes will not do direct input-output connections;
	if this is desired, set initial_connection = full_nodirect;
	if not, set initial_connection = full_direct
Warning: initial_connection = full with hidden nodes will not do direct input-output connections;
	if this is desired, set initial_connection = full_nodirect;
	if not, set initial_connection = full_direct
Warning: initial_connection = full with hidden nodes will not do direct input-output connections;
	if this is desired, set initial_connection = full_nodirect;
	if not, set initial_connection = full_direct
Warning: initial_connection = full with hidden nodes will not do direct input-output connections;
	if this is desired, set initial_connection = full_nodirect;
	if not, set initial_connection = full_direct
Warning: initial_connection = full with hidden nodes will not do direct input-output connections;
	if this is desired, set initial_connection = full_nodirect;
	if not, set initial_connection = full_direct
Warning: initial_connection = full with hidden nodes will not do direct input-output connections;
	if this is desired, set initial_connection = full_nodirect;
	if not, set initial_connection = full_direct
Warning: initial_connection = full with hidden nodes will not do direct input-output connections;
	if this is desired, set initial_connection = full_nodirect;
	if not, set initial_connection = full_direct
Warning: initial_connection = full with hidden nodes will not do direct input-output connections;
	if this is desired, set initial_connection = full_nodirect;
	if not, set initial_connection = full_direct
Warning: initial_connection = full with hidden nodes will not do direct input-output connections;
	if this is desired, set initial_connection = full_nodirect;
	if not, set initial_connection = full_direct
Warning: initial_connection = full with hidden nodes will not do direct input-output connections;
	if this is desired, set initial_connection = full_nodirect;
	if not, set initial_connection = full_direct
Warning: initial_connection = full with hidden nodes will not do direct input-output connections;
	if this is desired, set initial_connection = full_nodirect;
	if not, set initial_connection = full_direct
Warning: initial_connection = full with hidden nodes will not do direct input-output connections;
	if this is desired, set initial_connection = full_nodirect;
	if not, set initial_connection = full_direct
Warning: initial_connection = full with hidden nodes will not do direct input-output connections;
	if this is desired, set initial_connection = full_nodirect;
	if not, set initial_connection = full_direct
Warning: initial_connection = full with hidden nodes will not do direct input-output connections;
	if this is desired, set initial_connection = full_nodirect;
	if not, set initial_connection = full_direct
Warning: initial_connection = full with hidden nodes will not do direct input-output connections;
	if this is desired, set initial_connection = full_nodirect;
	if not, set initial_connection = full_direct
Warning: initial_connection = full with hidden nodes will not do direct input-output connections;
	if this is desired, set initial_connection = full_nodirect;
	if not, set initial_connection = full_direct
Warning: initial_connection = full with hidden nodes will not do direct input-output connections;
	if this is desired, set initial_connection = full_nodirect;
	if not, set initial_connection = full_direct
Warning: initial_connection = full with hidden nodes will not do direct input-output connections;
	if this is desired, set initial_connection = full_nodirect;
	if not, set initial_connection = full_direct
Warning: initial_connection = full with hidden nodes will not do direct input-output connections;
	if this is desired, set initial_connection = full_nodirect;
	if not, set initial_connection = full_direct
Warning: initial_connection = full with hidden nodes will not do direct input-output connections;
	if this is desired, set initial_connection = full_nodirect;
	if not, set initial_connection = full_direct
Warning: initial_connection = full with hidden nodes will not do direct input-output connections;
	if this is desired, set initial_connection = full_nodirect;
	if not, set initial_connection = full_direct
Warning: initial_connection = full with hidden nodes will not do direct input-output connections;
	if this is desired, set initial_connection = full_nodirect;
	if not, set initial_connection = full_direct
Warning: initial_connection = full with hidden nodes will not do direct input-output connections;
	if this is desired, set initial_connection = full_nodirect;
	if not, set initial_connection = full_direct
Warning: initial_connection = full with hidden nodes will not do direct input-output connections;
	if this is desired, set initial_connection = full_nodirect;
	if not, set initial_connection = full_direct
Warning: initial_connection = full with hidden nodes will not do direct input-output connections;
	if this is desired, set initial_connection = full_nodirect;
	if not, set initial_connection = full_direct
Warning: initial_connection = full with hidden nodes will not do direct input-output connections;
	if this is desired, set initial_connection = full_nodirect;
	if not, set initial_connection = full_direct
Warning: initial_connection = full with hidden nodes will not do direct input-output connections;
	if this is desired, set initial_connection = full_nodirect;
	if not, set initial_connection = full_direct
Warning: initial_connection = full with hidden nodes will not do direct input-output connections;
	if this is desired, set initial_connection = full_nodirect;
	if not, set initial_connection = full_direct
Warning: initial_connection = full with hidden nodes will not do direct input-output connections;
	if this is desired, set initial_connection = full_nodirect;
	if not, set initial_connection = full_direct
Warning: initial_connection = full with hidden nodes will not do direct input-output connections;
	if this is desired, set initial_connection = full_nodirect;
	if not, set initial_connection = full_direct
Warning: initial_connection = full with hidden nodes will not do direct input-output connections;
	if this is desired, set initial_connection = full_nodirect;
	if not, set initial_connection = full_direct
Run done
Enum done
Population's average fitness: 6.93974 stdev: 5.89693
Best fitness: 40.21982 - size: (6, 15) - species 32 - id 32
Average adjusted fitness: 0.136
Mean genetic distance 3.155, standard deviation 0.317
Population of 300 members in 150 species:
   ID   age  size  fitness  adj fit  stag
  ====  ===  ====  =======  =======  ====
     1    0     2      8.8    0.184     0
     2    0     2      6.7    0.129     0
     3    0     2      6.7    0.129     0
     4    0     2      5.5    0.099     0
     5    0     2      9.1    0.192     0
     6    0     2      9.7    0.209     0
     7    0     2     10.8    0.237     0
     8    0     2      1.7    0.000     0
     9    0     2      5.0    0.085     0
    10    0     2      4.9    0.083     0
    11    0     2      9.5    0.203     0
    12    0     2      3.1    0.036     0
    13    0     2     10.0    0.214     0
    14    0     2      5.8    0.107     0
    15    0     2      8.2    0.168     0
    16    0     2      9.9    0.212     0
    17    0     2      2.0    0.008     0
    18    0     2      7.4    0.148     0
    19    0     2      2.2    0.012     0
    20    0     2      5.3    0.094     0
    21    0     2      5.3    0.094     0
    22    0     2      7.5    0.152     0
    23    0     2     36.5    0.904     0
    24    0     2      1.7    0.000     0
    25    0     2      9.4    0.200     0
    26    0     2      5.3    0.094     0
    27    0     2      9.1    0.193     0
    28    0     2      6.5    0.125     0
    29    0     2      1.8    0.003     0
    30    0     2      1.7    0.000     0
    31    0     2      6.6    0.128     0
    32    0     2     40.2    1.000     0
    33    0     2      9.4    0.199     0
    34    0     2      1.7    0.000     0
    35    0     2      6.0    0.111     0
    36    0     2      6.7    0.131     0
    37    0     2      9.9    0.214     0
    38    0     2      6.6    0.128     0
    39    0     2      9.9    0.214     0
    40    0     2      9.9    0.214     0
    41    0     2      2.0    0.008     0
    42    0     2      1.8    0.003     0
    43    0     2     10.0    0.215     0
    44    0     2     10.0    0.214     0
    45    0     2      9.5    0.203     0
    46    0     2      4.2    0.065     0
    47    0     2      4.1    0.063     0
    48    0     2      3.0    0.034     0
    49    0     2      4.9    0.083     0
    50    0     2     10.2    0.221     0
    51    0     2      4.1    0.063     0
    52    0     2      5.4    0.097     0
    53    0     2      6.7    0.131     0
    54    0     2      9.5    0.203     0
    55    0     2      4.9    0.084     0
    56    0     2      5.7    0.103     0
    57    0     2      5.5    0.099     0
    58    0     2      5.5    0.098     0
    59    0     2      4.9    0.083     0
    60    0     2      1.7    0.000     0
    61    0     2      4.1    0.062     0
    62    0     2      5.2    0.090     0
    63    0     2      7.9    0.160     0
    64    0     2      4.9    0.084     0
    65    0     2      1.7    0.000     0
    66    0     2      9.2    0.194     0
    67    0     2      7.8    0.158     0
    68    0     2      2.2    0.014     0
    69    0     2      4.9    0.084     0
    70    0     2     12.6    0.283     0
    71    0     2      3.7    0.053     0
    72    0     2      9.9    0.213     0
    73    0     2      2.6    0.025     0
    74    0     2      9.7    0.207     0
    75    0     2     10.0    0.214     0
    76    0     2      1.8    0.004     0
    77    0     2      6.6    0.126     0
    78    0     2      9.7    0.207     0
    79    0     2      3.8    0.055     0
    80    0     2      6.0    0.111     0
    81    0     2     10.0    0.214     0
    82    0     2      9.9    0.212     0
    83    0     2      6.5    0.126     0
    84    0     2      5.3    0.093     0
    85    0     2      5.4    0.096     0
    86    0     2      9.9    0.214     0
    87    0     2      1.7    0.000     0
    88    0     2     10.8    0.238     0
    89    0     2      1.7    0.001     0
    90    0     2      2.0    0.009     0
    91    0     2      9.7    0.209     0
    92    0     2      8.9    0.187     0
    93    0     2      1.8    0.002     0
    94    0     2      7.8    0.159     0
    95    0     2      3.1    0.037     0
    96    0     2      7.1    0.141     0
    97    0     2     11.6    0.258     0
    98    0     2      9.8    0.209     0
    99    0     2      5.3    0.094     0
   100    0     2      9.9    0.213     0
   101    0     2      8.0    0.163     0
   102    0     2      5.0    0.085     0
   103    0     2     10.0    0.214     0
   104    0     2      2.1    0.010     0
   105    0     2      1.7    0.000     0
   106    0     2      1.7    0.000     0
   107    0     2      5.4    0.097     0
   108    0     2     39.6    0.985     0
   109    0     2      4.1    0.063     0
   110    0     2      5.7    0.105     0
   111    0     2      9.6    0.206     0
   112    0     2      1.7    0.000     0
   113    0     2      6.5    0.126     0
   114    0     2      5.5    0.099     0
   115    0     2      9.7    0.209     0
   116    0     2      3.9    0.056     0
   117    0     2      4.9    0.083     0
   118    0     2      1.7    0.000     0
   119    0     2      4.8    0.080     0
   120    0     2      5.6    0.100     0
   121    0     2      4.7    0.079     0
   122    0     2      3.1    0.037     0
   123    0     2      6.3    0.120     0
   124    0     2      1.7    0.000     0
   125    0     2      6.2    0.118     0
   126    0     2      9.9    0.212     0
   127    0     2      9.8    0.211     0
   128    0     2      4.0    0.060     0
   129    0     2      1.9    0.005     0
   130    0     2      5.4    0.095     0
   131    0     2     10.0    0.214     0
   132    0     2      9.7    0.207     0
   133    0     2      9.9    0.212     0
   134    0     2     33.7    0.831     0
   135    0     2      2.2    0.012     0
   136    0     2      4.1    0.062     0
   137    0     2     10.3    0.223     0
   138    0     2      1.7    0.000     0
   139    0     2      5.3    0.094     0
   140    0     2      1.8    0.003     0
   141    0     2      8.8    0.185     0
   142    0     2      4.9    0.084     0
   143    0     2      3.9    0.057     0
   144    0     2      1.7    0.000     0
   145    0     2     10.0    0.214     0
   146    0     2      5.0    0.085     0
   147    0     2      9.4    0.200     0
   148    0     2      9.9    0.214     0
   149    0     2      1.7    0.000     0
   150    0     2      7.1    0.139     0
Total extinctions: 0
Generation time: 4.101 sec
 ****** Running generation 1 ******
Ntime = 0.0
Utime = 2.12534761428833
Ttime = 3.62302827835083
Run done
Enum done
Population's average fitness: 7.32188 stdev: 3.09731
Best fitness: 18.92795 - size: (6, 11) - species 119 - id 197
Average adjusted fitness: 0.384
Mean genetic distance 3.155, standard deviation 0.317
Population of 300 members in 150 species:
   ID   age  size  fitness  adj fit  stag
  ====  ===  ====  =======  =======  ====
     1    1     2     10.1    0.465     0
     2    1     2      8.7    0.398     0
     3    1     2     10.0    0.333     0
     4    1     2      6.8    0.356     0
     5    1     2     10.1    0.457     0
     6    1     2      9.9    0.441     0
     7    1     2     16.1    0.688     0
     8    1     2      4.1    0.176     0
     9    1     2     10.2    0.523     0
    10    1     2     12.5    0.559     0
    11    1     2      9.9    0.412     0
    12    1     2     10.0    0.520     0
    13    1     2     10.0    0.458     1
    14    1     2      3.5    0.162     1
    15    1     2     10.2    0.529     0
    16    1     2      9.9    0.520     0
    17    1     2      3.2    0.165     0
    18    1     2     10.0    0.523     0
    19    1     2      7.4    0.288     0
    20    1     2      8.8    0.459     0
    21    1     2      6.8    0.356     0
    22    1     2     10.0    0.516     0
    23    1     2      8.6    0.440     1
    24    1     2      2.7    0.139     0
    25    1     2     10.5    0.534     0
    26    1     2      6.8    0.355     0
    27    1     2      9.3    0.453     0
    28    1     2     12.1    0.458     0
    29    1     2      3.7    0.173     0
    30    1     2      9.0    0.305     0
    31    1     2     15.2    0.534     0
    32    1     2      9.2    0.431     1
    33    1     2      4.2    0.179     1
    34    1     2      2.7    0.140     0
    35    1     2      6.8    0.356     0
    36    1     2      9.2    0.314     0
    37    1     2     10.0    0.526     0
    38    1     2      9.9    0.516     0
    39    1     2      9.9    0.331     0
    40    1     2     10.0    0.523     0
    41    1     2      5.8    0.234     0
    42    1     2      4.0    0.175     0
    43    1     2     10.0    0.524     0
    44    1     2     10.0    0.523     1
    45    1     2      8.5    0.306     1
    46    1     2      7.6    0.377     0
    47    1     2      9.1    0.453     0
    48    1     2      4.8    0.198     0
    49    1     2      8.7    0.298     0
    50    1     2     10.1    0.338     1
    51    1     2     13.3    0.515     0
    52    1     2      9.9    0.439     0
    53    1     2     10.3    0.510     0
    54    1     2      9.9    0.337     0
    55    1     2     10.7    0.511     0
    56    1     2      9.9    0.365     0
    57    1     2      7.9    0.387     0
    58    1     2      9.3    0.469     0
    59    1     2      6.9    0.340     0
    60    1     2      9.3    0.473     0
    61    1     2      6.3    0.321     0
    62    1     2      7.1    0.255     0
    63    1     2      9.1    0.417     0
    64    1     2      8.7    0.300     0
    65    1     2      2.7    0.139     0
    66    1     2      9.9    0.519     0
    67    1     2      9.9    0.507     0
    68    1     2      8.8    0.316     0
    69    1     2      8.7    0.458     0
    70    1     2     11.0    0.549     1
    71    1     2      8.2    0.346     0
    72    1     2     10.0    0.524     0
    73    1     2      3.9    0.172     0
    74    1     2     12.2    0.576     0
    75    1     2     10.0    0.523     1
    76    1     2      3.1    0.149     0
    77    1     2     10.0    0.434     0
    78    1     2      9.9    0.405     0
    79    1     2      6.8    0.311     0
    80    1     2     11.7    0.517     0
    81    1     2      7.5    0.376     1
    82    1     2     10.0    0.524     0
    83    1     2     10.2    0.531     0
    84    1     2      9.4    0.425     0
    85    1     2      7.3    0.373     0
    86    1     2      9.9    0.510     0
    87    1     2      5.2    0.205     0
    88    1     2     10.2    0.443     1
    89    1     2      2.9    0.144     0
    90    1     2     10.1    0.345     0
    91    1     2     10.5    0.347     0
    92    1     2     10.0    0.525     0
    93    1     2      2.8    0.145     0
    94    1     2      8.0    0.317     0
    95    1     2      4.8    0.195     0
    96    1     2      9.2    0.471     0
    97    1     2      9.9    0.522     1
    98    1     2      9.9    0.419     0
    99    1     2      7.9    0.386     0
   100    1     2     10.0    0.413     0
   101    1     2      9.5    0.499     0
   102    1     2      8.8    0.301     0
   103    1     2     10.0    0.458     1
   104    1     2      3.2    0.153     0
   105    1     2      7.4    0.263     0
   106    1     2      2.7    0.140     0
   107    1     2      8.9    0.439     0
   108    1     2     10.0    0.523     1
   109    1     2      5.4    0.213     0
   110    1     2      7.4    0.265     0
   111    1     2      9.9    0.329     0
   112    1     2      2.7    0.139     0
   113    1     2      9.8    0.511     0
   114    1     2      7.1    0.316     0
   115    1     2      9.9    0.523     0
   116    1     2      6.9    0.249     0
   117    1     2      8.7    0.412     0
   118    1     2      2.7    0.069     0
   119    1     2     18.9    0.790     0
   120    1     2      9.5    0.480     0
   121    1     2     10.2    0.267     0
   122    1     2      5.2    0.209     0
   123    1     2      9.9    0.486     0
   124    1     2      2.7    0.139     0
   125    1     2      7.0    0.363     0
   126    1     2     10.6    0.541     0
   127    1     2     10.0    0.524     0
   128    1     2      9.1    0.377     0
   129    1     2      3.0    0.145     0
   130    1     2      8.8    0.459     0
   131    1     2     10.0    0.523     0
   132    1     2      2.8    0.139     1
   133    1     2      9.9    0.522     0
   134    1     2      7.5    0.389     1
   135    1     2      3.3    0.155     0
   136    1     2      8.8    0.380     0
   137    1     2     10.0    0.523     1
   138    1     2      2.7    0.139     0
   139    1     2      6.8    0.257     0
   140    1     2      8.4    0.292     0
   141    1     2      9.2    0.471     0
   142    1     2      8.7    0.457     0
   143    1     2      7.3    0.361     0
   144    1     2     10.7    0.513     0
   145    1     2     10.0    0.526     0
   146    1     2      8.8    0.459     0
   147    1     2      9.9    0.523     0
   148    1     2     10.1    0.526     0
   149    1     2      2.7    0.070     0
   150    1     2     13.4    0.584     0
Total extinctions: 0
Generation time: 6.980 sec (5.541 average)
 ****** Running generation 2 ******
Ntime = 0.0
Utime = 3.4084255695343018
Ttime = 6.407496452331543
Run done
Enum done
Population's average fitness: 6.92921 stdev: 4.22256
Best fitness: 51.22928 - size: (6, 15) - species 23 - id 23
Average adjusted fitness: 0.134
Mean genetic distance 3.155, standard deviation 0.317
Population of 300 members in 150 species:
   ID   age  size  fitness  adj fit  stag
  ====  ===  ====  =======  =======  ====
     1    2     2      9.3    0.179     1
     2    2     2     11.2    0.190     0
     3    2     2      8.1    0.098     1
     4    2     2      7.6    0.147     0
     5    2     2      9.8    0.139     1
     6    2     2     18.3    0.253     0
     7    2     2     17.3    0.263     0
     8    2     2      3.3    0.052     1
     9    2     2      8.6    0.138     1
    10    2     2      6.1    0.116     1
    11    2     2      9.9    0.141     0
    12    2     2      9.9    0.134     1
    13    2     2     10.1    0.194     0
    14    2     2      7.5    0.093     0
    15    2     2      9.9    0.182     1
    16    2     2      9.9    0.193     1
    17    2     2      2.6    0.048     1
    18    2     2      9.4    0.153     1
    19    2     2     10.4    0.127     0
    20    2     2      6.5    0.125     1
    21    2     2      7.6    0.147     0
    22    2     2      9.6    0.166     1
    23    2     2     51.2    0.577     0
    24    2     2      2.2    0.040     1
    25    2     2      9.8    0.185     1
    26    2     2      7.7    0.148     0
    27    2     2     10.5    0.168     0
    28    2     2      7.2    0.112     1
    29    2     2      2.7    0.047     1
    30    2     2      9.8    0.115     0
    31    2     2      7.0    0.118     1
    32    2     2     13.1    0.230     2
    33    2     2      9.3    0.126     2
    34    2     2      2.5    0.043     1
    35    2     2      7.8    0.146     0
    36    2     2      8.2    0.100     1
    37    2     2      9.9    0.193     1
    38    2     2      9.9    0.189     1
    39    2     2      9.9    0.116     0
    40    2     2     10.0    0.193     0
    41    2     2      6.2    0.083     0
    42    2     2     10.0    0.119     0
    43    2     2     10.0    0.193     1
    44    2     2     10.0    0.193     0
    45    2     2      9.9    0.120     0
    46    2     2      7.6    0.125     0
    47    2     2      6.1    0.105     1
    48    2     2      3.9    0.059     1
    49    2     2      6.0    0.077     1
    50    2     2      9.9    0.118     2
    51    2     2      5.4    0.088     1
    52    2     2      9.4    0.164     1
    53    2     2      9.9    0.173     1
    54    2     2      9.9    0.117     1
    55    2     2     10.9    0.164     0
    56    2     2     10.0    0.126     0
    57    2     2      7.1    0.126     1
    58    2     2     15.8    0.219     0
    59    2     2      7.6    0.137     0
    60    2     2      7.4    0.092     1
    61    2     2      5.4    0.100     1
    62    2     2      7.8    0.096     0
    63    2     2      8.6    0.158     1
    64    2     2      6.0    0.078     1
    65    2     2      2.2    0.040     1
    66    2     2      9.9    0.191     0
    67    2     2      9.9    0.185     1
    68    2     2      6.4    0.089     1
    69    2     2      6.0    0.100     1
    70    2     2     12.5    0.217     2
    71    2     2      8.8    0.134     0
    72    2     2      9.9    0.192     1
    73    2     2      3.5    0.053     1
    74    2     2     10.3    0.198     1
    75    2     2     10.0    0.193     0
    76    2     2      2.3    0.042     1
    77    2     2      8.3    0.122     1
    78    2     2      9.1    0.123     1
    79    2     2      7.6    0.123     0
    80    2     2      6.4    0.104     1
    81    2     2      9.0    0.159     2
    82    2     2      9.9    0.191     1
    83    2     2      9.4    0.158     1
    84    2     2      7.7    0.148     1
    85    2     2      8.7    0.159     0
    86    2     2     10.4    0.197     0
    87    2     2      5.4    0.072     0
    88    2     2      9.9    0.137     2
    89    2     2      2.3    0.042     1
    90    2     2      4.5    0.073     1
    91    2     2      9.3    0.110     1
    92    2     2      9.6    0.182     1
    93    2     2      2.3    0.042     1
    94    2     2      6.6    0.095     1
    95    2     2      4.1    0.059     1
    96    2     2      8.5    0.139     1
    97    2     2     11.6    0.224     0
    98    2     2     10.0    0.143     0
    99    2     2      7.8    0.149     1
   100    2     2      9.9    0.143     1
   101    2     2      9.9    0.186     0
   102    2     2      6.1    0.078     1
   103    2     2     10.8    0.201     0
   104    2     2      2.7    0.045     1
   105    2     2      8.1    0.099     0
   106    2     2      2.2    0.041     1
   107    2     2      6.7    0.116     1
   108    2     2     10.0    0.193     2
   109    2     2      5.7    0.076     0
   110    2     2      8.0    0.099     0
   111    2     2      9.9    0.116     0
   112    2     2      2.2    0.040     1
   113    2     2     11.0    0.187     0
   114    2     2      7.8    0.125     0
   115    2     2     10.0    0.193     0
   116    2     2      4.8    0.066     1
   117    2     2      6.0    0.115     1
   118    2     2      2.2    0.020     1
   119    2     2      6.0    0.111     1
   120    2     2      6.6    0.121     1
   121    2     2      6.2    0.060     1
   122    2     2      4.0    0.060     1
   123    2     2      8.0    0.150     1
   124    2     2      2.2    0.040     1
   125    2     2      7.7    0.134     0
   126    2     2      9.9    0.181     1
   127    2     2      9.9    0.192     1
   128    2     2      6.5    0.116     1
   129    2     2      2.4    0.043     1
   130    2     2      6.6    0.121     1
   131    2     2     10.0    0.193     1
   132    2     2      9.9    0.116     0
   133    2     2     10.0    0.193     0
   134    2     2     10.2    0.184     2
   135    2     2     22.9    0.249     0
   136    2     2     10.2    0.153     0
   137    2     2     11.0    0.204     0
   138    2     2      2.2    0.040     1
   139    2     2      7.6    0.097     0
   140    2     2      6.9    0.088     1
   141    2     2      9.7    0.155     0
   142    2     2      6.0    0.115     1
   143    2     2      8.1    0.126     0
   144    2     2      2.2    0.041     1
   145    2     2     10.0    0.192     1
   146    2     2      6.0    0.116     1
   147    2     2      9.9    0.193     0
   148    2     2     10.0    0.193     1
   149    2     2      2.2    0.020     1
   150    2     2      9.0    0.160     1
Total extinctions: 0
Generation time: 6.508 sec (5.863 average)
 ****** Running generation 3 ******
Ntime = 0.0
Utime = 2.9966211318969727
Ttime = 5.999577522277832
Run done
Enum done
Population's average fitness: 6.05761 stdev: 4.29970
Best fitness: 38.31309 - size: (6, 15) - species 32 - id 300
Average adjusted fitness: 0.156
Mean genetic distance 3.155, standard deviation 0.317
Population of 300 members in 150 species:
   ID   age  size  fitness  adj fit  stag
  ====  ===  ====  =======  =======  ====
     1    3     2      9.4    0.239     2
     2    3     2      7.3    0.171     1
     3    3     2      5.5    0.089     2
     4    3     2      5.3    0.135     1
     5    3     2      7.7    0.138     2
     6    3     2      6.5    0.153     1
     7    3     2      9.8    0.246     1
     8    3     2      2.3    0.046     2
     9    3     2      7.9    0.158     2
    10    3     2      4.5    0.110     2
    11    3     2     10.1    0.169     0
    12    3     2     10.0    0.164     2
    13    3     2     17.6    0.358     0
    14    3     2      6.0    0.096     1
    15    3     2      9.9    0.221     2
    16    3     2      9.9    0.252     2
    17    3     2      1.7    0.043     2
    18    3     2      6.3    0.151     2
    19    3     2     12.3    0.183     0
    20    3     2      5.1    0.127     2
    21    3     2      5.3    0.135     1
    22    3     2      6.4    0.148     2
    23    3     2     30.7    0.465     1
    24    3     2      1.5    0.036     2
    25    3     2     10.1    0.242     2
    26    3     2      5.3    0.136     1
    27    3     2     14.4    0.255     0
    28    3     2      5.7    0.113     2
    29    3     2      1.8    0.042     2
    30    3     2     10.3    0.151     0
    31    3     2      5.0    0.106     2
    32    3     2     38.3    0.587     3
    33    3     2     10.1    0.260     0
    34    3     2      1.7    0.039     2
    35    3     2      5.6    0.142     1
    36    3     2      7.2    0.111     2
    37    3     2     10.0    0.258     2
    38    3     2      7.3    0.168     2
    39    3     2     10.0    0.147     0
    40    3     2     10.0    0.258     0
    41    3     2      3.7    0.069     1
    42    3     2      8.4    0.128     1
    43    3     2     10.0    0.258     2
    44    3     2     10.0    0.258     0
    45    3     2     10.1    0.152     0
    46    3     2      4.6    0.102     1
    47    3     2      4.6    0.104     2
    48    3     2      2.7    0.053     2
    49    3     2      4.5    0.076     2
    50    3     2      9.6    0.144     3
    51    3     2      3.8    0.083     2
    52    3     2      7.2    0.163     2
    53    3     2      8.7    0.209     2
    54    3     2     10.1    0.150     0
    55    3     2     11.5    0.202     0
    56    3     2     10.0    0.256     1
    57    3     2      5.6    0.127     2
    58    3     2     13.0    0.228     1
    59    3     2      5.3    0.118     1
    60    3     2      6.0    0.095     2
    61    3     2      3.6    0.089     2
    62    3     2      5.6    0.090     1
    63    3     2     16.9    0.290     0
    64    3     2      4.5    0.076     2
    65    3     2      1.5    0.036     2
    66    3     2     10.1    0.260     0
    67    3     2      9.9    0.245     2
    68    3     2      5.0    0.087     2
    69    3     2      5.0    0.122     2
    70    3     2     18.5    0.384     0
    71    3     2      7.3    0.137     1
    72    3     2      9.9    0.256     2
    73    3     2      2.2    0.046     2
    74    3     2     10.8    0.278     2
    75    3     2     10.0    0.258     1
    76    3     2      1.6    0.037     2
    77    3     2      5.6    0.111     2
    78    3     2      8.7    0.144     2
    79    3     2      5.3    0.110     1
    80    3     2      4.5    0.097     2
    81    3     2     10.0    0.186     0
    82    3     2      9.9    0.254     2
    83    3     2      8.7    0.172     2
    84    3     2     12.0    0.223     0
    85    3     2      7.5    0.167     1
    86    3     2     10.0    0.251     1
    87    3     2      3.3    0.060     1
    88    3     2      9.2    0.158     3
    89    3     2      1.5    0.037     2
    90    3     2      3.0    0.067     2
    91    3     2      5.9    0.094     2
    92    3     2      9.3    0.233     2
    93    3     2      1.5    0.037     2
    94    3     2      9.1    0.176     0
    95    3     2      2.8    0.053     2
    96    3     2      6.9    0.144     2
    97    3     2     14.5    0.337     0
    98    3     2     10.2    0.173     0
    99    3     2      5.6    0.140     2
   100    3     2     10.0    0.172     0
   101    3     2     10.1    0.252     0
   102    3     2      4.6    0.077     2
   103    3     2     10.0    0.214     1
   104    3     2      1.8    0.040     2
   105    3     2      6.1    0.096     1
   106    3     2      1.5    0.036     2
   107    3     2      5.9    0.143     2
   108    3     2     10.0    0.230     3
   109    3     2      3.5    0.063     1
   110    3     2      6.0    0.096     1
   111    3     2     13.3    0.191     0
   112    3     2      1.5    0.036     2
   113    3     2      7.4    0.168     1
   114    3     2      5.6    0.115     1
   115    3     2     10.0    0.258     0
   116    3     2      3.4    0.062     2
   117    3     2      4.6    0.116     2
   118    3     2      1.5    0.018     2
   119    3     2      4.4    0.109     2
   120    3     2      5.2    0.125     2
   121    3     2     10.0    0.187     2
   122    3     2      2.6    0.053     2
   123    3     2      6.7    0.145     2
   124    3     2      1.5    0.036     2
   125    3     2      7.4    0.155     1
   126    3     2      9.9    0.232     2
   127    3     2      9.9    0.256     2
   128    3     2      5.2    0.111     2
   129    3     2      1.6    0.038     2
   130    3     2      5.1    0.124     2
   131    3     2     10.0    0.258     2
   132    3     2     10.1    0.148     0
   133    3     2     10.0    0.259     0
   134    3     2      8.9    0.198     3
   135    3     2     16.6    0.239     1
   136    3     2      8.5    0.159     1
   137    3     2     13.6    0.308     0
   138    3     2      1.5    0.036     2
   139    3     2      5.3    0.088     1
   140    3     2      5.4    0.089     2
   141    3     2     10.1    0.194     0
   142    3     2      4.5    0.116     2
   143    3     2      6.0    0.117     1
   144    3     2      1.5    0.036     2
   145    3     2     10.0    0.259     2
   146    3     2      4.6    0.118     2
   147    3     2      9.9    0.241     1
   148    3     2     10.0    0.258     2
   149    3     2      1.5    0.018     2
   150    3     2      7.1    0.159     2
Total extinctions: 0
Generation time: 6.139 sec (5.932 average)
 ****** Running generation 4 ******
Ntime = 0.0
Utime = 2.912888526916504
Ttime = 5.690190315246582
Run done
Enum done
Population's average fitness: 6.45017 stdev: 3.59125
Best fitness: 36.89873 - size: (6, 15) - species 23 - id 23
Average adjusted fitness: 0.173
Mean genetic distance 3.155, standard deviation 0.317
Population of 300 members in 150 species:
   ID   age  size  fitness  adj fit  stag
  ====  ===  ====  =======  =======  ====
     1    4     2     10.3    0.207     0
     2    4     2      6.8    0.162     2
     3    4     2     10.3    0.164     0
     4    4     2      5.5    0.148     2
     5    4     2      9.5    0.191     3
     6    4     2      9.7    0.205     2
     7    4     2     16.3    0.355     2
     8    4     2      2.9    0.064     3
     9    4     2     10.4    0.255     0
    10    4     2      6.8    0.181     3
    11    4     2      9.8    0.186     1
    12    4     2     10.1    0.266     0
    13    4     2     10.0    0.221     1
    14    4     2      2.5    0.059     2
    15    4     2     12.1    0.296     0
    16    4     2      9.9    0.265     3
    17    4     2      2.3    0.061     3
    18    4     2     10.0    0.268     3
    19    4     2      6.3    0.119     1
    20    4     2      7.2    0.188     3
    21    4     2      5.5    0.148     2
    22    4     2      8.7    0.210     3
    23    4     2     36.9    0.589     2
    24    4     2      2.0    0.051     3
    25    4     2     11.1    0.281     0
    26    4     2      5.5    0.147     2
    27    4     2      8.8    0.208     1
    28    4     2      9.0    0.175     3
    29    4     2      2.6    0.062     3
    30    4     2      7.8    0.129     1
    31    4     2     10.8    0.197     3
    32    4     2      8.6    0.196     4
    33    4     2      3.1    0.067     1
    34    4     2      2.5    0.058     3
    35    4     2      5.6    0.148     2
    36    4     2      8.5    0.140     3
    37    4     2     10.1    0.270     0
    38    4     2      9.8    0.259     3
    39    4     2      9.9    0.159     1
    40    4     2      9.9    0.268     1
    41    4     2      4.4    0.089     2
    42    4     2      2.9    0.065     2
    43    4     2     10.0    0.268     0
    44    4     2     10.0    0.268     1
    45    4     2      7.7    0.133     1
    46    4     2      5.5    0.138     2
    47    4     2      6.5    0.164     3
    48    4     2      3.5    0.074     3
    49    4     2      6.8    0.116     3
    50    4     2     10.1    0.163     4
    51    4     2     10.2    0.201     3
    52    4     2      8.6    0.189     3
    53    4     2     10.3    0.249     0
    54    4     2      9.9    0.266     1
    55    4     2      6.8    0.174     1
    56    4     2      9.9    0.177     2
    57    4     2      6.6    0.161     3
    58    4     2      7.6    0.188     2
    59    4     2      5.6    0.137     2
    60    4     2      7.6    0.192     3
    61    4     2      9.5    0.189     0
    62    4     2      5.8    0.103     2
    63    4     2      9.9    0.207     1
    64    4     2      6.8    0.117     3
    65    4     2      2.0    0.050     3
    66    4     2      9.9    0.264     1
    67    4     2      9.9    0.253     3
    68    4     2      7.1    0.127     3
    69    4     2      6.9    0.183     3
    70    4     2     11.2    0.285     1
    71    4     2      7.1    0.146     2
    72    4     2     10.0    0.268     0
    73    4     2      2.9    0.064     3
    74    4     2      9.5    0.238     3
    75    4     2     10.0    0.268     2
    76    4     2      2.2    0.053     3
    77    4     2      7.5    0.153     3
    78    4     2      7.3    0.148     3
    79    4     2      5.5    0.125     2
    80    4     2      7.6    0.168     3
    81    4     2      6.3    0.155     1
    82    4     2     10.1    0.268     0
    83    4     2     10.2    0.235     0
    84    4     2      6.7    0.163     1
    85    4     2      6.2    0.158     2
    86    4     2      9.9    0.255     2
    87    4     2      4.0    0.078     2
    88    4     2      8.4    0.175     4
    89    4     2      2.1    0.052     3
    90    4     2      7.1    0.123     3
    91    4     2      9.8    0.158     3
    92    4     2     10.6    0.277     0
    93    4     2      2.0    0.053     3
    94    4     2      9.5    0.167     0
    95    4     2      3.6    0.073     3
    96    4     2      7.4    0.190     3
    97    4     2     10.4    0.274     1
    98    4     2      7.8    0.162     1
    99    4     2      6.8    0.164     3
   100    4     2     10.0    0.192     1
   101    4     2      9.2    0.245     1
   102    4     2      6.9    0.118     3
   103    4     2     10.0    0.205     2
   104    4     2      2.3    0.056     3
   105    4     2      6.2    0.108     2
   106    4     2      2.0    0.051     3
   107    4     2      7.4    0.177     3
   108    4     2     10.0    0.268     4
   109    4     2      4.1    0.081     2
   110    4     2      6.1    0.109     2
   111    4     2      9.8    0.157     1
   112    4     2      2.0    0.050     3
   113    4     2      9.2    0.224     2
   114    4     2      5.9    0.129     2
   115    4     2      9.9    0.268     1
   116    4     2      5.0    0.092     3
   117    4     2      6.8    0.166     3
   118    4     2      2.0    0.025     3
   119    4     2      8.8    0.216     3
   120    4     2      8.0    0.198     3
   121    4     2     10.2    0.137     0
   122    4     2      3.6    0.077     3
   123    4     2      9.9    0.234     3
   124    4     2      2.0    0.050     3
   125    4     2      5.6    0.147     2
   126    4     2     12.8    0.307     0
   127    4     2     10.0    0.268     0
   128    4     2      8.0    0.161     3
   129    4     2      2.1    0.053     3
   130    4     2      7.2    0.188     3
   131    4     2     10.0    0.268     0
   132    4     2      2.0    0.051     1
   133    4     2     10.0    0.267     1
   134    4     2      7.4    0.182     4
   135    4     2      2.4    0.058     2
   136    4     2      8.2    0.169     2
   137    4     2     10.0    0.268     1
   138    4     2      2.0    0.051     3
   139    4     2      6.3    0.113     2
   140    4     2      7.2    0.123     3
   141    4     2      7.4    0.192     1
   142    4     2      6.8    0.181     3
   143    4     2      6.1    0.140     2
   144    4     2     10.2    0.234     3
   145    4     2     10.1    0.270     0
   146    4     2      6.9    0.183     3
   147    4     2     10.0    0.268     0
   148    4     2     10.2    0.272     0
   149    4     2      2.0    0.025     3
   150    4     2      7.4    0.192     3
Total extinctions: 0
Generation time: 31.125 sec (10.971 average)
 ****** Running generation 5 ******
Ntime = 0.0
Utime = 2.5190534591674805
Ttime = 4.9790940284729
Run done
Enum done
Population's average fitness: 5.10120 stdev: 5.15994
Best fitness: 62.49689 - size: (6, 16) - species 47 - id 192
Species 134 with 2 members is stagnated: removing it
Species 88 with 2 members is stagnated: removing it
Species 108 with 2 members is stagnated: removing it
Average adjusted fitness: 0.080
Mean genetic distance 3.153, standard deviation 0.320
Population of 294 members in 147 species:
   ID   age  size  fitness  adj fit  stag
  ====  ===  ====  =======  =======  ====
     1    5     2      5.8    0.063     1
     2    5     2      3.2    0.050     3
     3    5     2     10.4    0.089     0
     4    5     2      3.1    0.048     3
     5    5     2     11.1    0.105     0
     6    5     2      9.3    0.114     3
     7    5     2     10.6    0.151     3
     8    5     2     10.0    0.086     0
     9    5     2      6.5    0.085     1
    10    5     2      3.4    0.047     4
    11    5     2      8.5    0.082     2
    12    5     2     10.7    0.155     0
    13    5     2      9.9    0.119     2
    14    5     2      2.1    0.025     3
    15    5     2     10.0    0.158     1
    16    5     2      9.9    0.127     4
    17    5     2      1.1    0.017     4
    18    5     2     10.0    0.158     0
    19    5     2      7.1    0.065     2
    20    5     2      3.4    0.053     4
    21    5     2      3.1    0.047     3
    22    5     2      4.2    0.059     4
    23    5     2     20.9    0.193     3
    24    5     2      1.0    0.014     4
    25    5     2     12.6    0.177     0
    26    5     2      3.0    0.047     3
    27    5     2      7.0    0.084     2
    28    5     2      5.1    0.056     4
    29    5     2      1.2    0.017     4
    30    5     2      4.2    0.040     2
    31    5     2      4.1    0.047     4
    32    5     2     26.6    0.239     5
    33    5     2      4.6    0.043     2
    34    5     2      4.0    0.051     0
    35    5     2      3.6    0.052     3
    36    5     2      5.2    0.048     4
    37    5     2     11.1    0.167     0
    38    5     2     10.0    0.116     0
    39    5     2     10.0    0.086     2
    40    5     2     10.0    0.158     2
    41    5     2      2.3    0.026     3
    42    5     2      1.4    0.018     3
    43    5     2     10.0    0.158     0
    44    5     2      9.9    0.147     2
    45    5     2      5.6    0.054     2
    46    5     2      3.0    0.040     3
    47    5     2     62.5    0.580     0
    48    5     2      1.7    0.021     4
    49    5     2      3.0    0.030     4
    50    5     2     21.8    0.181     0
    51    5     2      6.4    0.069     4
    52    5     2      4.9    0.062     4
    53    5     2      7.6    0.099     1
    54    5     2     10.0    0.156     2
    55    5     2      3.2    0.047     2
    56    5     2      9.9    0.135     3
    57    5     2      3.6    0.050     4
    58    5     2      4.0    0.056     3
    59    5     2      3.0    0.042     3
    60    5     2      3.7    0.054     4
    61    5     2      8.6    0.091     1
    62    5     2      3.3    0.033     3
    63    5     2      8.4    0.097     2
    64    5     2      3.3    0.032     4
    65    5     2      1.0    0.014     4
    66    5     2     10.0    0.153     2
    67    5     2      8.4    0.117     4
    68    5     2      3.5    0.037     4
    69    5     2      3.3    0.051     4
    70    5     2     11.2    0.144     2
    71    5     2      4.4    0.050     3
    72    5     2      7.7    0.115     1
    73    5     2      1.4    0.018     4
    74    5     2      7.9    0.100     4
    75    5     2      9.7    0.154     3
    76    5     2      1.0    0.014     4
    77    5     2      3.7    0.043     4
    78    5     2      5.6    0.057     4
    79    5     2      3.1    0.039     3
    80    5     2      3.2    0.042     4
    81    5     2      5.4    0.063     2
    82    5     2     10.5    0.162     0
    83    5     2      5.1    0.065     1
    84    5     2      4.2    0.057     2
    85    5     2      3.8    0.054     3
    86    5     2     10.0    0.119     3
    87    5     2      2.0    0.022     3
    89    5     2      1.0    0.014     4
    90    5     2      3.2    0.032     4
    91    5     2      4.4    0.042     4
    92    5     2     12.9    0.186     0
    93    5     2      1.0    0.014     4
    94    5     2      3.1    0.035     1
    95    5     2      1.8    0.020     4
    96    5     2      3.6    0.053     4
    97    5     2     10.0    0.145     2
    98    5     2      5.8    0.062     2
    99    5     2      3.7    0.056     4
   100    5     2     10.3    0.160     0
   101    5     2      7.0    0.108     2
   102    5     2      5.1    0.047     4
   103    5     2     10.0    0.103     3
   104    5     2      1.2    0.015     4
   105    5     2      3.5    0.034     3
   106    5     2      1.0    0.014     4
   107    5     2      4.1    0.053     4
   109    5     2      2.1    0.023     3
   110    5     2      3.7    0.037     3
   111    5     2      9.0    0.078     2
   112    5     2      1.0    0.014     4
   113    5     2      6.3    0.078     3
   114    5     2      3.3    0.040     3
   115    5     2     10.0    0.158     2
   116    5     2      2.4    0.025     4
   117    5     2      3.3    0.049     4
   118    5     2      1.0    0.007     4
   119    5     2     19.1    0.178     0
   120    5     2      3.9    0.056     4
   121    5     2     10.1    0.148     1
   122    5     2      1.7    0.021     4
   123    5     2     10.0    0.113     0
   124    5     2      1.0    0.014     4
   125    5     2      3.2    0.046     3
   126    5     2     16.9    0.189     0
   127    5     2      9.2    0.132     1
   128    5     2     12.2    0.132     0
   129    5     2      1.0    0.014     4
   130    5     2      3.5    0.052     4
   131    5     2      7.7    0.118     1
   132    5     2      1.0    0.014     2
   133    5     2     10.0    0.138     2
   135    5     2      1.2    0.016     3
   136    5     2      2.4    0.036     3
   137    5     2     10.4    0.163     2
   138    5     2      1.0    0.014     4
   139    5     2     10.0    0.116     0
   140    5     2      4.1    0.039     4
   141    5     2      3.6    0.054     2
   142    5     2      3.3    0.050     4
   143    5     2      3.4    0.042     3
   144    5     2      5.5    0.072     4
   145    5     2     10.8    0.165     0
   146    5     2      3.3    0.051     4
   147    5     2      9.6    0.128     1
   148    5     2     11.4    0.170     0
   149    5     2      1.0    0.007     4
   150    5     2      3.3    0.051     4
Total extinctions: 0
Generation time: 6.061 sec (10.152 average)
 ****** Running generation 6 ******
Ntime = 0.0
Utime = 2.8488857746124268
Ttime = 5.591960906982422
Run done
Enum done
Population's average fitness: 6.87652 stdev: 4.02777
Best fitness: 41.52210 - size: (6, 15) - species 23 - id 23
Species 65 with 2 members is stagnated: removing it
Species 124 with 2 members is stagnated: removing it
Species 112 with 2 members is stagnated: removing it
Species 24 with 2 members is stagnated: removing it
Species 118 with 2 members is stagnated: removing it
Species 149 with 2 members is stagnated: removing it
Species 138 with 2 members is stagnated: removing it
Species 144 with 2 members is stagnated: removing it
Species 106 with 2 members is stagnated: removing it
Species 93 with 2 members is stagnated: removing it
Species 89 with 2 members is stagnated: removing it
Species 76 with 2 members is stagnated: removing it
Species 129 with 2 members is stagnated: removing it
Species 17 with 2 members is stagnated: removing it
Species 29 with 2 members is stagnated: removing it
Species 104 with 2 members is stagnated: removing it
Species 73 with 2 members is stagnated: removing it
Species 122 with 2 members is stagnated: removing it
Species 48 with 2 members is stagnated: removing it
Species 95 with 2 members is stagnated: removing it
Species 90 with 2 members is stagnated: removing it
Species 116 with 2 members is stagnated: removing it
Species 51 with 2 members is stagnated: removing it
Species 80 with 2 members is stagnated: removing it
Species 10 with 2 members is stagnated: removing it
Species 49 with 2 members is stagnated: removing it
Species 142 with 2 members is stagnated: removing it
Species 64 with 2 members is stagnated: removing it
Species 69 with 2 members is stagnated: removing it
Species 117 with 2 members is stagnated: removing it
Species 146 with 2 members is stagnated: removing it
Species 102 with 2 members is stagnated: removing it
Species 68 with 2 members is stagnated: removing it
Species 31 with 2 members is stagnated: removing it
Species 20 with 2 members is stagnated: removing it
Species 130 with 2 members is stagnated: removing it
Species 120 with 2 members is stagnated: removing it
Species 140 with 2 members is stagnated: removing it
Species 107 with 2 members is stagnated: removing it
Species 96 with 2 members is stagnated: removing it
Species 28 with 2 members is stagnated: removing it
Species 60 with 2 members is stagnated: removing it
Species 57 with 2 members is stagnated: removing it
Species 77 with 2 members is stagnated: removing it
Species 91 with 2 members is stagnated: removing it
Species 36 with 2 members is stagnated: removing it
Species 52 with 2 members is stagnated: removing it
Species 22 with 2 members is stagnated: removing it
Species 78 with 2 members is stagnated: removing it
Species 150 with 2 members is stagnated: removing it
Species 67 with 2 members is stagnated: removing it
Species 74 with 2 members is stagnated: removing it
Species 32 with 2 members is stagnated: removing it
Average adjusted fitness: 0.193
Mean genetic distance 3.142, standard deviation 0.361
Population of 188 members in 94 species:
   ID   age  size  fitness  adj fit  stag
  ====  ===  ====  =======  =======  ====
     1    6     2      9.5    0.226     2
     2    6     2     12.0    0.251     0
     3    6     2      7.4    0.112     1
     4    6     2      8.1    0.193     0
     5    6     2      9.7    0.166     1
     6    6     2     21.4    0.356     0
     7    6     2     15.6    0.305     4
     8    6     2      3.2    0.062     1
     9    6     2      8.8    0.172     2
    11    6     2     10.0    0.171     3
    12    6     2     10.0    0.165     1
    13    6     2     10.0    0.238     3
    14    6     2      8.0    0.120     0
    15    6     2      9.9    0.227     2
    16    6     2     10.0    0.239     0
    18    6     2      8.9    0.182     1
    19    6     2     11.6    0.169     3
    21    6     2      8.1    0.192     0
    23    6     2     41.5    0.582     4
    25    6     2     10.0    0.229     1
    26    6     2      8.2    0.194     0
    27    6     2     11.2    0.220     3
    30    6     2      9.1    0.133     3
    33    6     2      9.9    0.159     3
    34    6     2      2.4    0.051     1
    35    6     2      8.3    0.181     0
    37    6     2     10.0    0.238     1
    38    6     2     10.0    0.238     0
    39    6     2     10.0    0.143     3
    40    6     2     10.0    0.238     3
    41    6     2      5.6    0.094     4
    42    6     2     12.1    0.170     0
    43    6     2     10.0    0.238     1
    44    6     2     10.0    0.238     3
    45    6     2     10.0    0.148     3
    46    6     2      8.1    0.155     0
    47    6     2      6.2    0.129     1
    50    6     2      9.8    0.143     1
    53    6     2      9.4    0.212     2
    54    6     2     10.0    0.146     3
    55    6     2     11.3    0.204     3
    56    6     2     10.0    0.154     0
    58    6     2     15.2    0.260     4
    59    6     2      8.1    0.165     0
    61    6     2      5.4    0.123     2
    62    6     2      8.4    0.125     0
    63    6     2      8.2    0.186     3
    66    6     2     10.0    0.239     3
    70    6     2     12.0    0.264     3
    71    6     2      9.8    0.176     0
    72    6     2      9.9    0.237     2
    75    6     2     10.0    0.238     0
    79    6     2      8.1    0.155     0
    81    6     2     10.3    0.199     0
    82    6     2      9.9    0.236     1
    83    6     2      9.6    0.188     2
    84    6     2      8.1    0.187     3
    85    6     2      9.5    0.212     0
    86    6     2     10.9    0.249     0
    87    6     2      5.0    0.083     4
    92    6     2      9.6    0.223     1
    94    6     2      6.3    0.113     2
    97    6     2     11.8    0.281     3
    98    6     2     10.1    0.174     3
    99    6     2      8.4    0.197     0
   100    6     2     10.0    0.176     1
   101    6     2     10.0    0.238     3
   103    6     2     11.5    0.256     0
   105    6     2      8.9    0.130     0
   109    6     2      5.2    0.087     4
   110    6     2      8.8    0.130     0
   111    6     2     10.0    0.144     3
   113    6     2     10.5    0.221     4
   114    6     2      8.4    0.160     0
   115    6     2     10.0    0.238     3
   119    6     2      5.7    0.132     1
   121    6     2      6.4    0.076     2
   123    6     2      8.6    0.186     1
   125    6     2      8.2    0.171     0
   126    6     2      9.9    0.222     1
   127    6     2      9.9    0.237     2
   128    6     2      6.6    0.141     1
   131    6     2     10.0    0.238     2
   132    6     2     10.0    0.143     3
   133    6     2     10.0    0.238     3
   135    6     2     22.5    0.302     4
   136    6     2      9.5    0.180     4
   137    6     2     11.2    0.254     3
   139    6     2      8.1    0.124     1
   141    6     2     10.1    0.197     3
   143    6     2      8.8    0.160     0
   145    6     2     10.0    0.238     1
   147    6     2     10.0    0.238     2
   148    6     2     10.0    0.238     1
Total extinctions: 0
Generation time: 5.640 sec (9.508 average)
 ****** Running generation 7 ******
Ntime = 0.0
Utime = 2.748170852661133
