2022-05-24 10:18:11,952 INFO    MainThread:11356 [internal.py:wandb_internal():90] W&B internal server running at pid: 11356, started at: 2022-05-24 10:18:11.952213
2022-05-24 10:18:11,952 INFO    WriterThread:11356 [datastore.py:open_for_write():75] open: C:\Projects\Code\Neurals\wandb\run-20220524_101810-2yzbssv8\run-2yzbssv8.wandb
2022-05-24 10:18:11,958 DEBUG   SenderThread:11356 [sender.py:send():232] send: header
2022-05-24 10:18:11,958 DEBUG   SenderThread:11356 [sender.py:send():232] send: run
2022-05-24 10:18:12,291 DEBUG   HandlerThread:11356 [handler.py:handle_request():141] handle_request: check_version
2022-05-24 10:18:12,291 INFO    SenderThread:11356 [dir_watcher.py:__init__():197] watching files in: C:\Projects\Code\Neurals\wandb\run-20220524_101810-2yzbssv8\files
2022-05-24 10:18:12,302 INFO    SenderThread:11356 [sender.py:_start_run_threads():811] run started: 2yzbssv8 with start time 1653351490
2022-05-24 10:18:12,302 DEBUG   SenderThread:11356 [sender.py:send():232] send: summary
2022-05-24 10:18:12,302 INFO    SenderThread:11356 [sender.py:_save_file():948] saving file wandb-summary.json with policy end
2022-05-24 10:18:12,302 DEBUG   SenderThread:11356 [sender.py:send_request():246] send_request: check_version
2022-05-24 10:18:12,385 DEBUG   HandlerThread:11356 [handler.py:handle_request():141] handle_request: run_start
2022-05-24 10:18:13,294 INFO    Thread-11 :11356 [dir_watcher.py:_on_file_created():244] file/dir created: C:\Projects\Code\Neurals\wandb\run-20220524_101810-2yzbssv8\files\wandb-summary.json
2022-05-24 10:18:14,157 DEBUG   HandlerThread:11356 [meta.py:__init__():35] meta init
2022-05-24 10:18:14,157 DEBUG   HandlerThread:11356 [meta.py:__init__():49] meta init done
2022-05-24 10:18:14,157 DEBUG   HandlerThread:11356 [meta.py:probe():209] probe
2022-05-24 10:18:14,173 DEBUG   HandlerThread:11356 [git.py:repo():29] git repository is invalid
2022-05-24 10:18:14,173 DEBUG   HandlerThread:11356 [meta.py:_save_pip():53] save pip
2022-05-24 10:18:14,173 DEBUG   HandlerThread:11356 [meta.py:_save_pip():67] save pip done
2022-05-24 10:18:14,173 DEBUG   HandlerThread:11356 [meta.py:probe():247] probe done
2022-05-24 10:18:14,187 DEBUG   SenderThread:11356 [sender.py:send():232] send: files
2022-05-24 10:18:14,187 INFO    SenderThread:11356 [sender.py:_save_file():948] saving file wandb-metadata.json with policy now
2022-05-24 10:18:14,195 DEBUG   HandlerThread:11356 [handler.py:handle_request():141] handle_request: stop_status
2022-05-24 10:18:14,195 DEBUG   SenderThread:11356 [sender.py:send_request():246] send_request: stop_status
2022-05-24 10:18:14,304 INFO    Thread-11 :11356 [dir_watcher.py:_on_file_created():244] file/dir created: C:\Projects\Code\Neurals\wandb\run-20220524_101810-2yzbssv8\files\requirements.txt
2022-05-24 10:18:14,304 INFO    Thread-11 :11356 [dir_watcher.py:_on_file_created():244] file/dir created: C:\Projects\Code\Neurals\wandb\run-20220524_101810-2yzbssv8\files\wandb-metadata.json
2022-05-24 10:18:14,304 INFO    Thread-11 :11356 [dir_watcher.py:_on_file_created():244] file/dir created: C:\Projects\Code\Neurals\wandb\run-20220524_101810-2yzbssv8\files\output.log
2022-05-24 10:18:14,499 DEBUG   SenderThread:11356 [sender.py:send():232] send: telemetry
2022-05-24 10:18:14,529 DEBUG   SenderThread:11356 [sender.py:send():232] send: telemetry
2022-05-24 10:18:14,843 DEBUG   HandlerThread:11356 [handler.py:handle_request():141] handle_request: poll_exit
2022-05-24 10:18:14,843 DEBUG   SenderThread:11356 [sender.py:send():232] send: exit
2022-05-24 10:18:14,844 INFO    SenderThread:11356 [sender.py:send_exit():368] handling exit code: 1
2022-05-24 10:18:14,844 INFO    SenderThread:11356 [sender.py:send_exit():370] handling runtime: 2
2022-05-24 10:18:14,844 INFO    SenderThread:11356 [sender.py:_save_file():948] saving file wandb-summary.json with policy end
2022-05-24 10:18:14,845 INFO    SenderThread:11356 [sender.py:send_exit():376] send defer
2022-05-24 10:18:14,845 DEBUG   SenderThread:11356 [sender.py:send_request():246] send_request: poll_exit
2022-05-24 10:18:14,845 DEBUG   HandlerThread:11356 [handler.py:handle_request():141] handle_request: defer
2022-05-24 10:18:14,846 INFO    HandlerThread:11356 [handler.py:handle_request_defer():164] handle defer: 0
2022-05-24 10:18:14,846 DEBUG   SenderThread:11356 [sender.py:send_request():246] send_request: defer
2022-05-24 10:18:14,846 INFO    SenderThread:11356 [sender.py:send_request_defer():385] handle sender defer: 0
2022-05-24 10:18:14,846 INFO    SenderThread:11356 [sender.py:transition_state():389] send defer: 1
2022-05-24 10:18:14,846 DEBUG   HandlerThread:11356 [handler.py:handle_request():141] handle_request: defer
2022-05-24 10:18:14,846 INFO    HandlerThread:11356 [handler.py:handle_request_defer():164] handle defer: 1
2022-05-24 10:18:14,947 DEBUG   SenderThread:11356 [sender.py:send_request():246] send_request: defer
2022-05-24 10:18:14,947 INFO    SenderThread:11356 [sender.py:send_request_defer():385] handle sender defer: 1
2022-05-24 10:18:14,948 DEBUG   HandlerThread:11356 [handler.py:handle_request():141] handle_request: poll_exit
2022-05-24 10:18:14,948 INFO    SenderThread:11356 [sender.py:transition_state():389] send defer: 2
2022-05-24 10:18:14,948 DEBUG   SenderThread:11356 [sender.py:send_request():246] send_request: poll_exit
2022-05-24 10:18:14,949 DEBUG   SenderThread:11356 [sender.py:send():232] send: stats
2022-05-24 10:18:14,950 DEBUG   HandlerThread:11356 [handler.py:handle_request():141] handle_request: defer
2022-05-24 10:18:14,950 INFO    HandlerThread:11356 [handler.py:handle_request_defer():164] handle defer: 2
2022-05-24 10:18:14,950 DEBUG   SenderThread:11356 [sender.py:send_request():246] send_request: defer
2022-05-24 10:18:14,950 INFO    SenderThread:11356 [sender.py:send_request_defer():385] handle sender defer: 2
2022-05-24 10:18:14,950 INFO    SenderThread:11356 [sender.py:transition_state():389] send defer: 3
2022-05-24 10:18:14,951 DEBUG   HandlerThread:11356 [handler.py:handle_request():141] handle_request: defer
2022-05-24 10:18:14,951 INFO    HandlerThread:11356 [handler.py:handle_request_defer():164] handle defer: 3
2022-05-24 10:18:14,951 DEBUG   SenderThread:11356 [sender.py:send_request():246] send_request: defer
2022-05-24 10:18:14,951 INFO    SenderThread:11356 [sender.py:send_request_defer():385] handle sender defer: 3
2022-05-24 10:18:14,951 INFO    SenderThread:11356 [sender.py:transition_state():389] send defer: 4
2022-05-24 10:18:14,951 DEBUG   HandlerThread:11356 [handler.py:handle_request():141] handle_request: defer
2022-05-24 10:18:14,951 INFO    HandlerThread:11356 [handler.py:handle_request_defer():164] handle defer: 4
2022-05-24 10:18:14,952 DEBUG   SenderThread:11356 [sender.py:send():232] send: summary
2022-05-24 10:18:14,952 INFO    SenderThread:11356 [sender.py:_save_file():948] saving file wandb-summary.json with policy end
2022-05-24 10:18:14,953 DEBUG   SenderThread:11356 [sender.py:send_request():246] send_request: defer
2022-05-24 10:18:14,953 INFO    SenderThread:11356 [sender.py:send_request_defer():385] handle sender defer: 4
2022-05-24 10:18:14,953 INFO    SenderThread:11356 [sender.py:transition_state():389] send defer: 5
2022-05-24 10:18:14,953 DEBUG   HandlerThread:11356 [handler.py:handle_request():141] handle_request: defer
2022-05-24 10:18:14,953 INFO    HandlerThread:11356 [handler.py:handle_request_defer():164] handle defer: 5
2022-05-24 10:18:14,953 DEBUG   SenderThread:11356 [sender.py:send_request():246] send_request: defer
2022-05-24 10:18:14,953 INFO    SenderThread:11356 [sender.py:send_request_defer():385] handle sender defer: 5
2022-05-24 10:18:15,040 INFO    Thread-15 :11356 [upload_job.py:push():132] Uploaded file C:\Users\MAXIMN~1\AppData\Local\Temp\tmp7zh_psg5wandb\1ws6tgkb-wandb-metadata.json
2022-05-24 10:18:15,050 DEBUG   HandlerThread:11356 [handler.py:handle_request():141] handle_request: poll_exit
2022-05-24 10:18:15,292 INFO    SenderThread:11356 [sender.py:transition_state():389] send defer: 6
2022-05-24 10:18:15,293 DEBUG   SenderThread:11356 [sender.py:send_request():246] send_request: poll_exit
2022-05-24 10:18:15,293 DEBUG   HandlerThread:11356 [handler.py:handle_request():141] handle_request: defer
2022-05-24 10:18:15,293 INFO    HandlerThread:11356 [handler.py:handle_request_defer():164] handle defer: 6
2022-05-24 10:18:15,294 DEBUG   SenderThread:11356 [sender.py:send_request():246] send_request: defer
2022-05-24 10:18:15,294 INFO    SenderThread:11356 [sender.py:send_request_defer():385] handle sender defer: 6
2022-05-24 10:18:15,294 INFO    SenderThread:11356 [dir_watcher.py:finish():312] shutting down directory watcher
2022-05-24 10:18:15,317 INFO    SenderThread:11356 [dir_watcher.py:_on_file_modified():257] file/dir modified: C:\Projects\Code\Neurals\wandb\run-20220524_101810-2yzbssv8\files\config.yaml
2022-05-24 10:18:15,317 INFO    SenderThread:11356 [dir_watcher.py:_on_file_modified():257] file/dir modified: C:\Projects\Code\Neurals\wandb\run-20220524_101810-2yzbssv8\files\output.log
2022-05-24 10:18:15,318 INFO    SenderThread:11356 [dir_watcher.py:_on_file_modified():257] file/dir modified: C:\Projects\Code\Neurals\wandb\run-20220524_101810-2yzbssv8\files\wandb-summary.json
2022-05-24 10:18:15,318 INFO    SenderThread:11356 [dir_watcher.py:finish():342] scan: C:\Projects\Code\Neurals\wandb\run-20220524_101810-2yzbssv8\files
2022-05-24 10:18:15,318 INFO    SenderThread:11356 [dir_watcher.py:finish():356] scan save: C:\Projects\Code\Neurals\wandb\run-20220524_101810-2yzbssv8\files\config.yaml config.yaml
2022-05-24 10:18:15,319 INFO    SenderThread:11356 [dir_watcher.py:finish():356] scan save: C:\Projects\Code\Neurals\wandb\run-20220524_101810-2yzbssv8\files\output.log output.log
2022-05-24 10:18:15,319 INFO    SenderThread:11356 [dir_watcher.py:finish():356] scan save: C:\Projects\Code\Neurals\wandb\run-20220524_101810-2yzbssv8\files\requirements.txt requirements.txt
2022-05-24 10:18:15,324 INFO    SenderThread:11356 [dir_watcher.py:finish():356] scan save: C:\Projects\Code\Neurals\wandb\run-20220524_101810-2yzbssv8\files\wandb-metadata.json wandb-metadata.json
2022-05-24 10:18:15,325 INFO    SenderThread:11356 [dir_watcher.py:finish():356] scan save: C:\Projects\Code\Neurals\wandb\run-20220524_101810-2yzbssv8\files\wandb-summary.json wandb-summary.json
2022-05-24 10:18:15,330 INFO    SenderThread:11356 [sender.py:transition_state():389] send defer: 7
2022-05-24 10:18:15,331 DEBUG   HandlerThread:11356 [handler.py:handle_request():141] handle_request: defer
2022-05-24 10:18:15,331 INFO    HandlerThread:11356 [handler.py:handle_request_defer():164] handle defer: 7
2022-05-24 10:18:15,331 DEBUG   SenderThread:11356 [sender.py:send_request():246] send_request: defer
2022-05-24 10:18:15,331 INFO    SenderThread:11356 [sender.py:send_request_defer():385] handle sender defer: 7
2022-05-24 10:18:15,331 INFO    SenderThread:11356 [file_pusher.py:finish():145] shutting down file pusher
2022-05-24 10:18:15,397 DEBUG   HandlerThread:11356 [handler.py:handle_request():141] handle_request: poll_exit
2022-05-24 10:18:15,399 DEBUG   SenderThread:11356 [sender.py:send_request():246] send_request: poll_exit
2022-05-24 10:18:15,503 DEBUG   HandlerThread:11356 [handler.py:handle_request():141] handle_request: poll_exit
2022-05-24 10:18:15,504 DEBUG   SenderThread:11356 [sender.py:send_request():246] send_request: poll_exit
2022-05-24 10:18:15,605 DEBUG   HandlerThread:11356 [handler.py:handle_request():141] handle_request: poll_exit
2022-05-24 10:18:15,605 DEBUG   SenderThread:11356 [sender.py:send_request():246] send_request: poll_exit
2022-05-24 10:18:15,706 DEBUG   HandlerThread:11356 [handler.py:handle_request():141] handle_request: poll_exit
2022-05-24 10:18:15,706 DEBUG   SenderThread:11356 [sender.py:send_request():246] send_request: poll_exit
2022-05-24 10:18:15,808 DEBUG   HandlerThread:11356 [handler.py:handle_request():141] handle_request: poll_exit
2022-05-24 10:18:15,809 DEBUG   SenderThread:11356 [sender.py:send_request():246] send_request: poll_exit
2022-05-24 10:18:15,910 DEBUG   HandlerThread:11356 [handler.py:handle_request():141] handle_request: poll_exit
2022-05-24 10:18:15,911 DEBUG   SenderThread:11356 [sender.py:send_request():246] send_request: poll_exit
2022-05-24 10:18:16,013 DEBUG   HandlerThread:11356 [handler.py:handle_request():141] handle_request: poll_exit
2022-05-24 10:18:16,013 DEBUG   SenderThread:11356 [sender.py:send_request():246] send_request: poll_exit
2022-05-24 10:18:16,114 DEBUG   HandlerThread:11356 [handler.py:handle_request():141] handle_request: poll_exit
2022-05-24 10:18:16,114 DEBUG   SenderThread:11356 [sender.py:send_request():246] send_request: poll_exit
2022-05-24 10:18:16,178 INFO    Thread-18 :11356 [upload_job.py:push():132] Uploaded file C:\Projects\Code\Neurals\wandb\run-20220524_101810-2yzbssv8\files\requirements.txt
2022-05-24 10:18:16,208 INFO    Thread-19 :11356 [upload_job.py:push():132] Uploaded file C:\Projects\Code\Neurals\wandb\run-20220524_101810-2yzbssv8\files\wandb-summary.json
2022-05-24 10:18:16,215 DEBUG   HandlerThread:11356 [handler.py:handle_request():141] handle_request: poll_exit
2022-05-24 10:18:16,216 DEBUG   SenderThread:11356 [sender.py:send_request():246] send_request: poll_exit
2022-05-24 10:18:16,242 INFO    Thread-17 :11356 [upload_job.py:push():132] Uploaded file C:\Projects\Code\Neurals\wandb\run-20220524_101810-2yzbssv8\files\output.log
2022-05-24 10:18:16,318 DEBUG   HandlerThread:11356 [handler.py:handle_request():141] handle_request: poll_exit
2022-05-24 10:18:16,318 DEBUG   SenderThread:11356 [sender.py:send_request():246] send_request: poll_exit
2022-05-24 10:18:16,333 INFO    Thread-16 :11356 [upload_job.py:push():132] Uploaded file C:\Projects\Code\Neurals\wandb\run-20220524_101810-2yzbssv8\files\config.yaml
2022-05-24 10:18:16,419 DEBUG   HandlerThread:11356 [handler.py:handle_request():141] handle_request: poll_exit
2022-05-24 10:18:16,420 DEBUG   SenderThread:11356 [sender.py:send_request():246] send_request: poll_exit
2022-05-24 10:18:16,521 DEBUG   HandlerThread:11356 [handler.py:handle_request():141] handle_request: poll_exit
2022-05-24 10:18:16,522 DEBUG   SenderThread:11356 [sender.py:send_request():246] send_request: poll_exit
2022-05-24 10:18:16,547 INFO    Thread-10 :11356 [sender.py:transition_state():389] send defer: 8
2022-05-24 10:18:16,548 DEBUG   HandlerThread:11356 [handler.py:handle_request():141] handle_request: defer
2022-05-24 10:18:16,548 INFO    HandlerThread:11356 [handler.py:handle_request_defer():164] handle defer: 8
2022-05-24 10:18:16,548 DEBUG   SenderThread:11356 [sender.py:send_request():246] send_request: defer
2022-05-24 10:18:16,548 INFO    SenderThread:11356 [sender.py:send_request_defer():385] handle sender defer: 8
2022-05-24 10:18:16,624 DEBUG   HandlerThread:11356 [handler.py:handle_request():141] handle_request: poll_exit
2022-05-24 10:18:17,110 INFO    SenderThread:11356 [sender.py:transition_state():389] send defer: 9
2022-05-24 10:18:17,111 DEBUG   SenderThread:11356 [sender.py:send_request():246] send_request: poll_exit
2022-05-24 10:18:17,112 DEBUG   HandlerThread:11356 [handler.py:handle_request():141] handle_request: defer
2022-05-24 10:18:17,112 INFO    HandlerThread:11356 [handler.py:handle_request_defer():164] handle defer: 9
2022-05-24 10:18:17,112 DEBUG   SenderThread:11356 [sender.py:send_request():246] send_request: defer
2022-05-24 10:18:17,112 INFO    SenderThread:11356 [sender.py:send_request_defer():385] handle sender defer: 9
2022-05-24 10:18:17,112 INFO    SenderThread:11356 [sender.py:transition_state():389] send defer: 10
2022-05-24 10:18:17,113 DEBUG   HandlerThread:11356 [handler.py:handle_request():141] handle_request: defer
2022-05-24 10:18:17,113 INFO    HandlerThread:11356 [handler.py:handle_request_defer():164] handle defer: 10
2022-05-24 10:18:17,113 DEBUG   SenderThread:11356 [sender.py:send():232] send: final
2022-05-24 10:18:17,114 DEBUG   SenderThread:11356 [sender.py:send():232] send: footer
2022-05-24 10:18:17,114 DEBUG   SenderThread:11356 [sender.py:send_request():246] send_request: defer
2022-05-24 10:18:17,114 INFO    SenderThread:11356 [sender.py:send_request_defer():385] handle sender defer: 10
2022-05-24 10:18:17,213 DEBUG   HandlerThread:11356 [handler.py:handle_request():141] handle_request: poll_exit
2022-05-24 10:18:17,213 DEBUG   SenderThread:11356 [sender.py:send_request():246] send_request: poll_exit
2022-05-24 10:18:17,213 INFO    SenderThread:11356 [file_pusher.py:join():150] waiting for file pusher
2022-05-24 10:18:17,943 DEBUG   HandlerThread:11356 [handler.py:handle_request():141] handle_request: sampled_history
2022-05-24 10:18:17,944 DEBUG   HandlerThread:11356 [handler.py:handle_request():141] handle_request: get_summary
2022-05-24 10:18:17,945 DEBUG   HandlerThread:11356 [handler.py:handle_request():141] handle_request: shutdown
2022-05-24 10:18:17,945 INFO    HandlerThread:11356 [handler.py:finish():806] shutting down handler
2022-05-24 10:18:18,122 INFO    WriterThread:11356 [datastore.py:close():279] close: C:\Projects\Code\Neurals\wandb\run-20220524_101810-2yzbssv8\run-2yzbssv8.wandb
2022-05-24 10:18:18,844 INFO    SenderThread:11356 [sender.py:finish():1110] shutting down sender
2022-05-24 10:18:18,844 INFO    SenderThread:11356 [file_pusher.py:finish():145] shutting down file pusher
2022-05-24 10:18:18,844 INFO    SenderThread:11356 [file_pusher.py:join():150] waiting for file pusher
2022-05-24 10:18:18,847 INFO    MainThread:11356 [internal.py:handle_exit():80] Internal process exited
