2022-05-24 10:18:10,303 INFO    MainThread:1904 [wandb_setup.py:_flush():76] Loading settings from C:\Users\Maxim N\.config\wandb\settings
2022-05-24 10:18:10,303 INFO    MainThread:1904 [wandb_setup.py:_flush():76] Loading settings from C:\Projects\Code\Neurals\wandb\settings
2022-05-24 10:18:10,303 INFO    MainThread:1904 [wandb_setup.py:_flush():76] Loading settings from environment variables: {}
2022-05-24 10:18:10,303 INFO    MainThread:1904 [wandb_setup.py:_flush():76] Inferring run settings from compute environment: {'program_relpath': 'testing.py', 'program': 'C:\\Projects\\Code\\Neurals\\testing.py'}
2022-05-24 10:18:10,303 INFO    MainThread:1904 [wandb_init.py:_log_setup():428] Logging user logs to C:\Projects\Code\Neurals\wandb\run-20220524_101810-2yzbssv8\logs\debug.log
2022-05-24 10:18:10,303 INFO    MainThread:1904 [wandb_init.py:_log_setup():429] Logging internal logs to C:\Projects\Code\Neurals\wandb\run-20220524_101810-2yzbssv8\logs\debug-internal.log
2022-05-24 10:18:10,303 INFO    MainThread:1904 [wandb_init.py:init():462] calling init triggers
2022-05-24 10:18:10,303 INFO    MainThread:1904 [wandb_init.py:init():465] wandb.init called with sweep_config: {}
config: {}
2022-05-24 10:18:10,303 INFO    MainThread:1904 [wandb_init.py:init():515] starting backend
2022-05-24 10:18:10,303 INFO    MainThread:1904 [backend.py:_multiprocessing_setup():97] multiprocessing start_methods=spawn, using: spawn
2022-05-24 10:18:10,303 INFO    MainThread:1904 [backend.py:ensure_launched():217] starting backend process...
2022-05-24 10:18:10,444 INFO    MainThread:1904 [backend.py:ensure_launched():222] started backend process with pid: 11356
2022-05-24 10:18:10,444 INFO    MainThread:1904 [wandb_init.py:init():525] backend started and connected
2022-05-24 10:18:10,452 INFO    MainThread:1904 [wandb_init.py:init():596] updated telemetry
2022-05-24 10:18:10,452 INFO    MainThread:1904 [wandb_init.py:init():627] communicating run to backend with 30 second timeout
2022-05-24 10:18:12,291 INFO    MainThread:1904 [wandb_run.py:_on_init():1924] communicating current version
2022-05-24 10:18:12,385 INFO    MainThread:1904 [wandb_run.py:_on_init():1928] got version response 
2022-05-24 10:18:12,385 INFO    MainThread:1904 [wandb_init.py:init():662] starting run threads in backend
2022-05-24 10:18:14,195 INFO    MainThread:1904 [wandb_run.py:_console_start():1898] atexit reg
2022-05-24 10:18:14,195 INFO    MainThread:1904 [wandb_run.py:_redirect():1771] redirect: SettingsConsole.WRAP
2022-05-24 10:18:14,195 INFO    MainThread:1904 [wandb_run.py:_redirect():1808] Wrapping output streams.
2022-05-24 10:18:14,195 INFO    MainThread:1904 [wandb_run.py:_redirect():1832] Redirects installed.
2022-05-24 10:18:14,195 INFO    MainThread:1904 [wandb_init.py:init():688] run started, returning control to user process
2022-05-24 10:18:14,525 INFO    MainThread:1904 [wandb_run.py:_atexit_cleanup():1867] got exitcode: 1
2022-05-24 10:18:14,528 INFO    MainThread:1904 [wandb_run.py:_restore():1839] restore
2022-05-24 10:18:14,846 INFO    MainThread:1904 [wandb_run.py:_on_finish():1996] got exit ret: file_counts {
  wandb_count: 1
}
pusher_stats {
  uploaded_bytes: 565
  total_bytes: 565
}

2022-05-24 10:18:14,949 INFO    MainThread:1904 [wandb_run.py:_on_finish():1996] got exit ret: file_counts {
  wandb_count: 1
}
pusher_stats {
  uploaded_bytes: 565
  total_bytes: 565
}

2022-05-24 10:18:15,294 INFO    MainThread:1904 [wandb_run.py:_on_finish():1996] got exit ret: file_counts {
  wandb_count: 1
}
pusher_stats {
  uploaded_bytes: 565
  total_bytes: 565
}

2022-05-24 10:18:15,402 INFO    MainThread:1904 [wandb_run.py:_on_finish():1996] got exit ret: file_counts {
  wandb_count: 5
}
pusher_stats {
  uploaded_bytes: 565
  total_bytes: 38303
}

2022-05-24 10:18:15,504 INFO    MainThread:1904 [wandb_run.py:_on_finish():1996] got exit ret: file_counts {
  wandb_count: 5
}
pusher_stats {
  uploaded_bytes: 565
  total_bytes: 38303
}

2022-05-24 10:18:15,606 INFO    MainThread:1904 [wandb_run.py:_on_finish():1996] got exit ret: file_counts {
  wandb_count: 5
}
pusher_stats {
  uploaded_bytes: 565
  total_bytes: 38303
}

2022-05-24 10:18:15,707 INFO    MainThread:1904 [wandb_run.py:_on_finish():1996] got exit ret: file_counts {
  wandb_count: 5
}
pusher_stats {
  uploaded_bytes: 565
  total_bytes: 38303
}

2022-05-24 10:18:15,810 INFO    MainThread:1904 [wandb_run.py:_on_finish():1996] got exit ret: file_counts {
  wandb_count: 5
}
pusher_stats {
  uploaded_bytes: 6853
  total_bytes: 38303
}

2022-05-24 10:18:15,911 INFO    MainThread:1904 [wandb_run.py:_on_finish():1996] got exit ret: file_counts {
  wandb_count: 5
}
pusher_stats {
  uploaded_bytes: 38303
  total_bytes: 38303
}

2022-05-24 10:18:16,014 INFO    MainThread:1904 [wandb_run.py:_on_finish():1996] got exit ret: file_counts {
  wandb_count: 5
}
pusher_stats {
  uploaded_bytes: 38303
  total_bytes: 38303
}

2022-05-24 10:18:16,115 INFO    MainThread:1904 [wandb_run.py:_on_finish():1996] got exit ret: file_counts {
  wandb_count: 5
}
pusher_stats {
  uploaded_bytes: 38303
  total_bytes: 38303
}

2022-05-24 10:18:16,217 INFO    MainThread:1904 [wandb_run.py:_on_finish():1996] got exit ret: file_counts {
  wandb_count: 5
}
pusher_stats {
  uploaded_bytes: 38303
  total_bytes: 38303
}

2022-05-24 10:18:16,319 INFO    MainThread:1904 [wandb_run.py:_on_finish():1996] got exit ret: file_counts {
  wandb_count: 5
}
pusher_stats {
  uploaded_bytes: 38303
  total_bytes: 38303
}

2022-05-24 10:18:16,421 INFO    MainThread:1904 [wandb_run.py:_on_finish():1996] got exit ret: file_counts {
  wandb_count: 5
}
pusher_stats {
  uploaded_bytes: 38303
  total_bytes: 38303
}

2022-05-24 10:18:16,522 INFO    MainThread:1904 [wandb_run.py:_on_finish():1996] got exit ret: file_counts {
  wandb_count: 5
}
pusher_stats {
  uploaded_bytes: 38303
  total_bytes: 38303
}

2022-05-24 10:18:17,112 INFO    MainThread:1904 [wandb_run.py:_on_finish():1996] got exit ret: file_counts {
  wandb_count: 5
}
pusher_stats {
  uploaded_bytes: 38303
  total_bytes: 38303
}

2022-05-24 10:18:17,841 INFO    MainThread:1904 [wandb_run.py:_on_finish():1996] got exit ret: done: true
exit_result {
}
file_counts {
  wandb_count: 5
}
pusher_stats {
  uploaded_bytes: 38303
  total_bytes: 38303
}
local_info {
}

2022-05-24 10:18:19,195 INFO    MainThread:1904 [wandb_run.py:_footer_history_summary_info():3104] rendering history
2022-05-24 10:18:19,195 INFO    MainThread:1904 [wandb_run.py:_footer_history_summary_info():3136] rendering summary
2022-05-24 10:18:19,198 INFO    MainThread:1904 [wandb_run.py:_footer_sync_info():3060] logging synced files
