2022-05-23 10:40:34,643 INFO    MainThread:17756 [wandb_setup.py:_flush():76] Loading settings from C:\Users\Maxim N\.config\wandb\settings
2022-05-23 10:40:34,644 INFO    MainThread:17756 [wandb_setup.py:_flush():76] Loading settings from C:\Projects\Code\Neurals\wandb\settings
2022-05-23 10:40:34,644 INFO    MainThread:17756 [wandb_setup.py:_flush():76] Loading settings from environment variables: {}
2022-05-23 10:40:34,644 INFO    MainThread:17756 [wandb_setup.py:_flush():76] Inferring run settings from compute environment: {'program_relpath': 'testing.py', 'program': 'C:\\Projects\\Code\\Neurals\\testing.py'}
2022-05-23 10:40:34,644 INFO    MainThread:17756 [wandb_init.py:_log_setup():428] Logging user logs to C:\Projects\Code\Neurals\wandb\run-20220523_104034-3vayemtt\logs\debug.log
2022-05-23 10:40:34,644 INFO    MainThread:17756 [wandb_init.py:_log_setup():429] Logging internal logs to C:\Projects\Code\Neurals\wandb\run-20220523_104034-3vayemtt\logs\debug-internal.log
2022-05-23 10:40:34,644 INFO    MainThread:17756 [wandb_init.py:init():462] calling init triggers
2022-05-23 10:40:34,644 INFO    MainThread:17756 [wandb_init.py:init():465] wandb.init called with sweep_config: {}
config: {}
2022-05-23 10:40:34,648 INFO    MainThread:17756 [wandb_init.py:init():515] starting backend
2022-05-23 10:40:34,648 INFO    MainThread:17756 [backend.py:_multiprocessing_setup():97] multiprocessing start_methods=spawn, using: spawn
2022-05-23 10:40:34,682 INFO    MainThread:17756 [backend.py:ensure_launched():217] starting backend process...
2022-05-23 10:40:35,204 INFO    MainThread:17756 [backend.py:ensure_launched():222] started backend process with pid: 20632
2022-05-23 10:40:35,206 INFO    MainThread:17756 [wandb_init.py:init():525] backend started and connected
2022-05-23 10:40:35,220 INFO    MainThread:17756 [wandb_init.py:init():596] updated telemetry
2022-05-23 10:40:35,288 INFO    MainThread:17756 [wandb_init.py:init():627] communicating run to backend with 30 second timeout
2022-05-23 10:40:39,646 INFO    MainThread:17756 [wandb_run.py:_on_init():1924] communicating current version
2022-05-23 10:40:39,874 INFO    MainThread:17756 [wandb_run.py:_on_init():1928] got version response 
2022-05-23 10:40:39,874 INFO    MainThread:17756 [wandb_init.py:init():662] starting run threads in backend
2022-05-23 10:40:44,914 INFO    MainThread:17756 [wandb_run.py:_console_start():1898] atexit reg
2022-05-23 10:40:44,917 INFO    MainThread:17756 [wandb_run.py:_redirect():1771] redirect: SettingsConsole.WRAP
2022-05-23 10:40:44,918 INFO    MainThread:17756 [wandb_run.py:_redirect():1808] Wrapping output streams.
2022-05-23 10:40:44,921 INFO    MainThread:17756 [wandb_run.py:_redirect():1832] Redirects installed.
2022-05-23 10:40:44,922 INFO    MainThread:17756 [wandb_init.py:init():688] run started, returning control to user process
2022-05-23 10:54:25,111 INFO    MainThread:17756 [wandb_run.py:_atexit_cleanup():1867] got exitcode: 1
2022-05-23 10:54:25,112 INFO    MainThread:17756 [wandb_run.py:_restore():1839] restore
2022-05-23 10:54:25,783 INFO    MainThread:17756 [wandb_run.py:_on_finish():1996] got exit ret: file_counts {
  wandb_count: 1
}
pusher_stats {
  uploaded_bytes: 565
  total_bytes: 565
}

2022-05-23 10:54:26,308 INFO    MainThread:17756 [wandb_run.py:_on_finish():1996] got exit ret: file_counts {
  wandb_count: 1
}
pusher_stats {
  uploaded_bytes: 565
  total_bytes: 565
}

2022-05-23 10:54:26,835 INFO    MainThread:17756 [wandb_run.py:_on_finish():1996] got exit ret: file_counts {
  wandb_count: 4
}
pusher_stats {
  uploaded_bytes: 565
  total_bytes: 358216
}

2022-05-23 10:54:26,942 INFO    MainThread:17756 [wandb_run.py:_on_finish():1996] got exit ret: file_counts {
  wandb_count: 5
}
pusher_stats {
  uploaded_bytes: 565
  total_bytes: 358369
}

2022-05-23 10:54:27,049 INFO    MainThread:17756 [wandb_run.py:_on_finish():1996] got exit ret: file_counts {
  wandb_count: 5
}
pusher_stats {
  uploaded_bytes: 565
  total_bytes: 358369
}

2022-05-23 10:54:27,156 INFO    MainThread:17756 [wandb_run.py:_on_finish():1996] got exit ret: file_counts {
  wandb_count: 5
}
pusher_stats {
  uploaded_bytes: 565
  total_bytes: 358369
}

2022-05-23 10:54:27,264 INFO    MainThread:17756 [wandb_run.py:_on_finish():1996] got exit ret: file_counts {
  wandb_count: 5
}
pusher_stats {
  uploaded_bytes: 565
  total_bytes: 358369
}

2022-05-23 10:54:27,380 INFO    MainThread:17756 [wandb_run.py:_on_finish():1996] got exit ret: file_counts {
  wandb_count: 5
}
pusher_stats {
  uploaded_bytes: 565
  total_bytes: 358369
}

2022-05-23 10:54:27,486 INFO    MainThread:17756 [wandb_run.py:_on_finish():1996] got exit ret: file_counts {
  wandb_count: 5
}
pusher_stats {
  uploaded_bytes: 565
  total_bytes: 358369
}

2022-05-23 10:54:27,593 INFO    MainThread:17756 [wandb_run.py:_on_finish():1996] got exit ret: file_counts {
  wandb_count: 5
}
pusher_stats {
  uploaded_bytes: 74756
  total_bytes: 358369
}

2022-05-23 10:54:27,701 INFO    MainThread:17756 [wandb_run.py:_on_finish():1996] got exit ret: file_counts {
  wandb_count: 5
}
pusher_stats {
  uploaded_bytes: 358369
  total_bytes: 358369
}

2022-05-23 10:54:27,803 INFO    MainThread:17756 [wandb_run.py:_on_finish():1996] got exit ret: file_counts {
  wandb_count: 5
}
pusher_stats {
  uploaded_bytes: 358369
  total_bytes: 358369
}

2022-05-23 10:54:27,911 INFO    MainThread:17756 [wandb_run.py:_on_finish():1996] got exit ret: file_counts {
  wandb_count: 5
}
pusher_stats {
  uploaded_bytes: 358369
  total_bytes: 358369
}

2022-05-23 10:54:28,017 INFO    MainThread:17756 [wandb_run.py:_on_finish():1996] got exit ret: file_counts {
  wandb_count: 5
}
pusher_stats {
  uploaded_bytes: 358369
  total_bytes: 358369
}

2022-05-23 10:54:28,125 INFO    MainThread:17756 [wandb_run.py:_on_finish():1996] got exit ret: file_counts {
  wandb_count: 5
}
pusher_stats {
  uploaded_bytes: 358369
  total_bytes: 358369
}

2022-05-23 10:54:28,232 INFO    MainThread:17756 [wandb_run.py:_on_finish():1996] got exit ret: file_counts {
  wandb_count: 5
}
pusher_stats {
  uploaded_bytes: 358369
  total_bytes: 358369
}

2022-05-23 10:54:29,157 INFO    MainThread:17756 [wandb_run.py:_on_finish():1996] got exit ret: file_counts {
  wandb_count: 5
}
pusher_stats {
  uploaded_bytes: 358369
  total_bytes: 358369
}

2022-05-23 10:54:30,009 INFO    MainThread:17756 [wandb_run.py:_on_finish():1996] got exit ret: done: true
exit_result {
}
file_counts {
  wandb_count: 5
}
pusher_stats {
  uploaded_bytes: 358369
  total_bytes: 358369
}
local_info {
}

2022-05-23 10:54:31,843 INFO    MainThread:17756 [wandb_run.py:_footer_history_summary_info():3104] rendering history
2022-05-23 10:54:31,843 INFO    MainThread:17756 [wandb_run.py:_footer_history_summary_info():3136] rendering summary
2022-05-23 10:54:31,855 INFO    MainThread:17756 [wandb_run.py:_footer_sync_info():3060] logging synced files
