 ****** Running generation 0 ******
Average fitness:
Failed mean
Run done
Enum done
Population's average fitness: 5.91599 stdev: 6.33243
Best fitness: 45.13502 - size: (6, 15) - species 108 - id 108
Average adjusted fitness: 0.111
Mean genetic distance 3.161, standard deviation 0.303
Population of 300 members in 151 species:
   ID   age  size  fitness  adj fit  stag
  ====  ===  ====  =======  =======  ====
     1    0     2      1.1    0.001     0
     2    0     2      3.4    0.053     0
     3    0     2      3.5    0.055     0
     4    0     2      4.0    0.067     0
     5    0     2      2.1    0.025     0
     6    0     2      1.0    0.000     0
     7    0     2      1.0    0.000     0
     8    0     2      3.1    0.048     0
     9    0     2     10.4    0.212     0
    10    0     2     11.4    0.235     0
    11    0     2      1.2    0.004     0
    12    0     2      1.1    0.001     0
    13    0     2      1.2    0.004     0
    14    0     2      7.4    0.144     0
    15    0     2      3.7    0.060     0
    16    0     2     11.1    0.228     0
    17    0     2      3.5    0.057     0
    18    0     2      3.5    0.056     0
    19    0     2     10.4    0.211     0
    20    0     2      1.0    0.000     0
    21    0     2     24.8    0.538     0
    22    0     2      3.9    0.065     0
    23    0     2      5.3    0.096     0
    24    0     2      2.3    0.028     0
    25    0     2      4.3    0.075     0
    26    0     2      3.6    0.059     0
    27    0     2      1.6    0.014     0
    28    0     2     10.4    0.211     0
    29    0     2      3.2    0.048     0
    30    0     2      3.4    0.053     0
    31    0     2     11.1    0.228     0
    32    0     2      5.5    0.102     0
    33    0     2      2.2    0.028     0
    34    0     2     10.4    0.213     0
    35    0     2      4.3    0.074     0
    36    0     2      1.6    0.012     0
    37    0     2      2.3    0.029     0
    38    0     2      6.3    0.119     0
    39    0     2      3.5    0.057     0
    40    0     2     11.6    0.240     0
    41    0     2      3.7    0.062     0
    42    0     2      1.0    0.000     0
    43    0     2      1.1    0.002     0
    44    0     2      3.0    0.044     0
    45    0     2      2.0    0.023     0
    46    0     2      5.7    0.107     0
    47    0     2      1.1    0.001     0
    48    0     2      4.2    0.072     0
    49    0     2     18.8    0.403     0
    50    0     2      7.6    0.149     0
    51    0     2      1.0    0.000     0
    52    0     2      1.0    0.000     0
    53    0     2      1.1    0.002     0
    54    0     2      1.0    0.000     0
    55    0     2      1.0    0.000     0
    56    0     2      6.9    0.132     0
    57    0     2      3.2    0.049     0
    58    0     2      1.0    0.000     0
    59    0     2      2.2    0.027     0
    60    0     2      1.1    0.002     0
    61    0     2     10.6    0.216     0
    62    0     2      2.6    0.035     0
    63    0     2      9.0    0.181     0
    64    0     2      2.6    0.036     0
    65    0     2      7.6    0.148     0
    66    0     2      1.3    0.006     0
    67    0     2      1.0    0.000     0
    68    0     2     10.7    0.220     0
    69    0     2      1.0    0.000     0
    70    0     2      1.5    0.010     0
    71    0     2      6.1    0.115     0
    72    0     2      8.4    0.167     0
    73    0     2     32.4    0.711     0
    74    0     2      2.1    0.025     0
    75    0     2     10.4    0.212     0
    76    0     2      4.1    0.070     0
    77    0     2      7.7    0.152     0
    78    0     2      7.9    0.155     0
    79    0     2      4.0    0.067     0
    80    0     2      7.8    0.154     0
    81    0     2      1.9    0.019     0
    82    0     2      2.2    0.027     0
    83    0     2     10.4    0.213     0
    84    0     2      1.1    0.001     0
    85    0     2      3.7    0.062     0
    86    0     2      1.0    0.000     0
    87    0     2      7.8    0.154     0
    88    0     2      2.5    0.033     0
    89    0     2      4.5    0.079     0
    90    0     2      1.1    0.002     0
    91    0     2     10.4    0.211     0
    92    0     2      3.2    0.049     0
    93    0     2      1.4    0.008     0
    94    0     2      3.5    0.056     0
    95    0     2      3.4    0.054     0
    96    0     2      1.2    0.004     0
    97    0     2      3.6    0.059     0
    98    0     2     12.7    0.264     0
    99    0     2      7.5    0.147     0
   100    0     2     10.4    0.213     0
   101    0     2      3.4    0.053     0
   102    0     2     10.8    0.221     0
   103    0     2     10.4    0.211     0
   104    0     2      2.2    0.027     0
   105    0     2      3.7    0.061     0
   106    0     2     10.4    0.213     0
   107    0     2     14.6    0.308     0
   108    0     2     45.1    1.000     0
   109    0     2     17.7    0.379     0
   110    0     2      6.4    0.122     0
   111    0     2      1.0    0.000     0
   112    0     2      4.0    0.067     0
   113    0     2     22.9    0.497     0
   114    0     2     10.7    0.220     0
   115    0     2      1.6    0.013     0
   116    0     2      4.7    0.083     0
   117    0     2     12.6    0.262     0
   118    0     2      4.2    0.073     0
   119    0     2      1.1    0.002     0
   120    0     2      2.0    0.021     0
   121    0     2      1.7    0.016     0
   122    0     2      3.6    0.059     0
   123    0     2      2.3    0.029     0
   124    0     2     11.1    0.228     0
   125    0     2      3.5    0.055     0
   126    0     2      1.4    0.007     0
   127    0     2      4.9    0.089     0
   128    0     2     32.4    0.711     0
   129    0     2      4.1    0.070     0
   130    0     2      2.8    0.040     0
   131    0     2      1.4    0.008     0
   132    0     2     16.1    0.342     0
   133    0     2     10.4    0.213     0
   134    0     2      2.2    0.026     0
   135    0     2      6.5    0.124     0
   136    0     2      3.5    0.057     0
   137    0     2     10.4    0.212     0
   138    0     2     10.7    0.219     0
   139    0     2      3.5    0.057     0
   140    0     2     10.1    0.206     0
   141    0     2      7.1    0.137     0
   142    0     2      1.0    0.001     0
   143    0     1      3.6    0.058     0
   144    0     2      1.5    0.011     0
   145    0     2      5.4    0.099     0
   146    0     2      1.1    0.003     0
   147    0     2      7.0    0.137     0
   148    0     2      8.1    0.161     0
   149    0     2      2.3    0.028     0
   150    0     2     11.6    0.239     0
   151    0     1       --       --     0
Total extinctions: 0
Generation time: 8.989 sec
 ****** Running generation 1 ******
Average fitness:
5.915992968943118
Run done
Enum done
Population's average fitness: 3.69225 stdev: 4.78887
Best fitness: 81.31409 - size: (6, 15) - species 73 - id 73
Average adjusted fitness: 0.033
Mean genetic distance 3.160, standard deviation 0.303
Population of 304 members in 151 species:
   ID   age  size  fitness  adj fit  stag
  ====  ===  ====  =======  =======  ====
     1    1     2      1.1    0.001     0
     2    1     2      5.1    0.038     0
     3    1     2      3.2    0.013     1
     4    1     2      4.7    0.025     0
     5    1     2      4.6    0.029     0
     6    1     2      3.8    0.017     0
     7    1     2      3.9    0.018     0
     8    1     2      4.0    0.019     0
     9    1     2      5.1    0.051     1
    10    1     2      5.1    0.026     1
    11    1     2      1.9    0.006     0
    12    1     2      1.1    0.001     0
    13    1     2      2.4    0.010     0
    14    1     2      4.4    0.021     1
    15    1     2      3.3    0.018     1
    16    1     2      4.6    0.031     1
    17    1     2      3.6    0.031     0
    18    1     2      4.5    0.041     0
    19    1     2      5.1    0.051     1
    20    1     2      2.2    0.007     0
    21    1     2      5.2    0.049     1
    22    1     2      4.5    0.041     0
    23    1     2      5.0    0.043     1
    24    1     2      2.2    0.009     1
    25    1     2      5.2    0.051     0
    26    1     2      3.3    0.028     1
    27    1     2      4.4    0.025     0
    28    1     2      5.4    0.053     1
    29    1     2      6.4    0.062     0
    30    1     2      4.1    0.038     0
    31    1     2      5.4    0.054     1
    32    1     2      3.9    0.031     1
    33    1     2      2.4    0.018     0
    34    1     2      5.1    0.051     1
    35    1     2      5.2    0.044     0
    36    1     2      4.7    0.026     0
    37    1     2      5.2    0.033     0
    38    1     2      4.7    0.023     1
    39    1     2      4.3    0.039     0
    40    1     2      5.1    0.045     1
    41    1     2      5.0    0.042     0
    42    1     2      1.0    0.000     0
    43    1     2      3.2    0.015     0
    44    1     2      4.7    0.039     0
    45    1     2      6.0    0.037     0
    46    1     2      1.6    0.005     1
    47    1     2      1.1    0.000     0
    48    1     2      4.6    0.043     0
    49    1     2      4.1    0.032     1
    50    1     2      9.7    0.073     0
    51    1     2      1.1    0.001     0
    52    1     2      5.1    0.026     0
    53    1     2      1.1    0.001     0
    54    1     2      1.0    0.000     0
    55    1     2      1.0    0.000     0
    56    1     2      4.8    0.025     1
    57    1     2      5.1    0.036     0
    58    1     2      3.2    0.013     0
    59    1     2      4.5    0.032     0
    60    1     2      2.0    0.007     0
    61    1     2      5.3    0.052     1
    62    1     2      4.1    0.030     0
    63    1     2      5.2    0.052     1
    64    1     2      3.3    0.026     0
    65    1     2      5.1    0.049     1
    66    1     2      5.1    0.027     0
    67    1     2      2.1    0.007     0
    68    1     2      5.1    0.051     1
    69    1     2      4.5    0.022     0
    70    1     2      1.5    0.003     0
    71    1     2      4.0    0.034     1
    72    1     2      4.5    0.029     1
    73    1     4     81.3    0.528     0
    74    1     2      4.5    0.028     0
    75    1     2      5.1    0.051     1
    76    1     2      4.7    0.044     0
    77    1     2      5.2    0.026     1
    78    1     2      5.1    0.046     1
    79    1     2      3.1    0.013     1
    80    1     2      4.7    0.024     1
    81    1     2      1.8    0.005     1
    82    1     2      5.1    0.032     0
    83    1     2      5.1    0.026     1
    84    1     2      5.2    0.027     0
    85    1     2      4.9    0.041     0
    86    1     2      1.0    0.000     0
    87    1     2      5.6    0.054     1
    88    1     2      4.1    0.030     0
    89    1     2      5.0    0.045     0
    90    1     2      1.7    0.004     0
    91    1     2      5.1    0.045     1
    92    1     2      3.3    0.027     0
    93    1     2      5.1    0.028     0
    94    1     2      5.0    0.041     0
    95    1     2      4.0    0.019     0
    96    1     2      4.2    0.021     0
    97    1     2      4.1    0.033     0
    98    1     2      5.6    0.054     1
    99    1     2      5.1    0.051     1
   100    1     2      5.1    0.050     1
   101    1     2      3.2    0.026     1
   102    1     2      5.1    0.051     1
   103    1     2      5.1    0.051     1
   104    1     2      2.1    0.007     1
   105    1     2      3.9    0.035     0
   106    1     2      5.1    0.051     1
   107    1     2      4.1    0.033     1
   108    1     2      4.2    0.020     1
   109    1     2      5.7    0.033     1
   110    1     2      3.5    0.025     1
   111    1     2      3.0    0.013     0
   112    1     2      6.2    0.058     0
   113    1     2      7.4    0.048     1
   114    1     2      5.2    0.028     1
   115    1     2      1.7    0.005     0
   116    1     2      4.8    0.036     0
   117    1     2      5.2    0.038     1
   118    1     2      4.8    0.040     0
   119    1     2      1.2    0.002     0
   120    1     2      4.8    0.030     0
   121    1     2      2.2    0.011     0
   122    1     2      4.1    0.036     0
   123    1     2      3.4    0.022     0
   124    1     2      5.2    0.037     1
   125    1     2      3.1    0.026     1
   126    1     2      1.4    0.002     0
   127    1     2      5.2    0.051     0
   128    1     2      5.5    0.049     1
   129    1     2      3.1    0.022     1
   130    1     2      4.9    0.035     0
   131    1     2      1.4    0.004     0
   132    1     2      5.2    0.047     1
   133    1     2      5.1    0.051     1
   134    1     2      2.0    0.010     1
   135    1     2      4.1    0.037     1
   136    1     2      4.1    0.029     0
   137    1     2      5.1    0.051     1
   138    1     2      5.3    0.052     1
   139    1     2      4.1    0.038     0
   140    1     2      5.1    0.049     1
   141    1     2      4.4    0.038     1
   142    1     2      3.1    0.013     0
   143    1     2      3.1    0.026     1
   144    1     2      1.5    0.004     0
   145    1     2      5.2    0.052     1
   146    1     2      1.1    0.001     1
   147    1     2      5.2    0.052     1
   148    1     2      5.3    0.052     1
   149    1     2      2.5    0.010     0
   150    1     2      5.8    0.030     1
   151    1     2      5.3    0.053     0
Total extinctions: 0
Generation time: 15.315 sec (12.152 average)
 ****** Running generation 2 ******
Average fitness:
