2022-05-23 08:27:58,438 INFO    MainThread:2968 [internal.py:wandb_internal():90] W&B internal server running at pid: 2968, started at: 2022-05-23 08:27:58.437070
2022-05-23 08:27:58,441 INFO    WriterThread:2968 [datastore.py:open_for_write():75] open: C:\Projects\Code\Neurals\wandb\run-20220523_082753-383iehqe\run-383iehqe.wandb
2022-05-23 08:27:58,459 DEBUG   SenderThread:2968 [sender.py:send():232] send: header
2022-05-23 08:27:58,459 DEBUG   SenderThread:2968 [sender.py:send():232] send: run
2022-05-23 08:27:58,816 INFO    SenderThread:2968 [dir_watcher.py:__init__():197] watching files in: C:\Projects\Code\Neurals\wandb\run-20220523_082753-383iehqe\files
2022-05-23 08:27:58,817 INFO    SenderThread:2968 [sender.py:_start_run_threads():811] run started: 383iehqe with start time 1653258473
2022-05-23 08:27:58,818 DEBUG   SenderThread:2968 [sender.py:send():232] send: summary
2022-05-23 08:27:58,819 DEBUG   HandlerThread:2968 [handler.py:handle_request():141] handle_request: check_version
2022-05-23 08:27:58,820 INFO    SenderThread:2968 [sender.py:_save_file():948] saving file wandb-summary.json with policy end
2022-05-23 08:27:58,820 DEBUG   SenderThread:2968 [sender.py:send_request():246] send_request: check_version
2022-05-23 08:27:59,003 DEBUG   HandlerThread:2968 [handler.py:handle_request():141] handle_request: run_start
2022-05-23 08:27:59,827 INFO    Thread-11 :2968 [dir_watcher.py:_on_file_created():244] file/dir created: C:\Projects\Code\Neurals\wandb\run-20220523_082753-383iehqe\files\wandb-summary.json
2022-05-23 08:28:04,961 DEBUG   HandlerThread:2968 [meta.py:__init__():35] meta init
2022-05-23 08:28:04,963 DEBUG   HandlerThread:2968 [meta.py:__init__():49] meta init done
2022-05-23 08:28:04,972 DEBUG   HandlerThread:2968 [meta.py:probe():209] probe
2022-05-23 08:28:04,974 INFO    Thread-11 :2968 [dir_watcher.py:_on_file_created():244] file/dir created: C:\Projects\Code\Neurals\wandb\run-20220523_082753-383iehqe\files\output.log
2022-05-23 08:28:05,031 DEBUG   HandlerThread:2968 [git.py:repo():29] git repository is invalid
2022-05-23 08:28:05,032 DEBUG   HandlerThread:2968 [meta.py:_save_pip():53] save pip
2022-05-23 08:28:05,034 DEBUG   HandlerThread:2968 [meta.py:_save_pip():67] save pip done
2022-05-23 08:28:05,034 DEBUG   HandlerThread:2968 [meta.py:probe():247] probe done
2022-05-23 08:28:05,042 DEBUG   HandlerThread:2968 [handler.py:handle_request():141] handle_request: stop_status
2022-05-23 08:28:05,042 DEBUG   SenderThread:2968 [sender.py:send_request():246] send_request: stop_status
2022-05-23 08:28:05,095 DEBUG   HandlerThread:2968 [handler.py:handle_request():141] handle_request: poll_exit
2022-05-23 08:28:05,342 DEBUG   SenderThread:2968 [sender.py:send():232] send: telemetry
2022-05-23 08:28:05,342 DEBUG   SenderThread:2968 [sender.py:send():232] send: telemetry
2022-05-23 08:28:05,342 DEBUG   SenderThread:2968 [sender.py:send():232] send: files
2022-05-23 08:28:05,342 INFO    SenderThread:2968 [sender.py:_save_file():948] saving file wandb-metadata.json with policy now
2022-05-23 08:28:05,344 DEBUG   SenderThread:2968 [sender.py:send():232] send: exit
2022-05-23 08:28:05,344 INFO    SenderThread:2968 [sender.py:send_exit():368] handling exit code: 1
2022-05-23 08:28:05,344 INFO    SenderThread:2968 [sender.py:send_exit():370] handling runtime: 6
2022-05-23 08:28:05,345 INFO    SenderThread:2968 [sender.py:_save_file():948] saving file wandb-summary.json with policy end
2022-05-23 08:28:05,346 INFO    SenderThread:2968 [sender.py:send_exit():376] send defer
2022-05-23 08:28:05,346 DEBUG   SenderThread:2968 [sender.py:send_request():246] send_request: poll_exit
2022-05-23 08:28:05,353 DEBUG   HandlerThread:2968 [handler.py:handle_request():141] handle_request: defer
2022-05-23 08:28:05,353 INFO    HandlerThread:2968 [handler.py:handle_request_defer():164] handle defer: 0
2022-05-23 08:28:05,353 DEBUG   SenderThread:2968 [sender.py:send_request():246] send_request: defer
2022-05-23 08:28:05,354 INFO    SenderThread:2968 [sender.py:send_request_defer():385] handle sender defer: 0
2022-05-23 08:28:05,354 INFO    SenderThread:2968 [sender.py:transition_state():389] send defer: 1
2022-05-23 08:28:05,355 DEBUG   HandlerThread:2968 [handler.py:handle_request():141] handle_request: defer
2022-05-23 08:28:05,355 INFO    HandlerThread:2968 [handler.py:handle_request_defer():164] handle defer: 1
2022-05-23 08:28:05,454 DEBUG   SenderThread:2968 [sender.py:send_request():246] send_request: defer
2022-05-23 08:28:05,455 INFO    SenderThread:2968 [sender.py:send_request_defer():385] handle sender defer: 1
2022-05-23 08:28:05,456 INFO    SenderThread:2968 [sender.py:transition_state():389] send defer: 2
2022-05-23 08:28:05,457 DEBUG   SenderThread:2968 [sender.py:send():232] send: stats
2022-05-23 08:28:05,457 DEBUG   HandlerThread:2968 [handler.py:handle_request():141] handle_request: defer
2022-05-23 08:28:05,458 INFO    HandlerThread:2968 [handler.py:handle_request_defer():164] handle defer: 2
2022-05-23 08:28:05,458 DEBUG   SenderThread:2968 [sender.py:send_request():246] send_request: defer
2022-05-23 08:28:05,458 INFO    SenderThread:2968 [sender.py:send_request_defer():385] handle sender defer: 2
2022-05-23 08:28:05,458 DEBUG   HandlerThread:2968 [handler.py:handle_request():141] handle_request: poll_exit
2022-05-23 08:28:05,459 INFO    SenderThread:2968 [sender.py:transition_state():389] send defer: 3
2022-05-23 08:28:05,459 DEBUG   SenderThread:2968 [sender.py:send_request():246] send_request: poll_exit
2022-05-23 08:28:05,460 DEBUG   HandlerThread:2968 [handler.py:handle_request():141] handle_request: defer
2022-05-23 08:28:05,461 INFO    HandlerThread:2968 [handler.py:handle_request_defer():164] handle defer: 3
2022-05-23 08:28:05,461 DEBUG   SenderThread:2968 [sender.py:send_request():246] send_request: defer
2022-05-23 08:28:05,461 INFO    SenderThread:2968 [sender.py:send_request_defer():385] handle sender defer: 3
2022-05-23 08:28:05,461 INFO    SenderThread:2968 [sender.py:transition_state():389] send defer: 4
2022-05-23 08:28:05,462 DEBUG   HandlerThread:2968 [handler.py:handle_request():141] handle_request: defer
2022-05-23 08:28:05,462 INFO    HandlerThread:2968 [handler.py:handle_request_defer():164] handle defer: 4
2022-05-23 08:28:05,463 DEBUG   SenderThread:2968 [sender.py:send():232] send: summary
2022-05-23 08:28:05,465 INFO    SenderThread:2968 [sender.py:_save_file():948] saving file wandb-summary.json with policy end
2022-05-23 08:28:05,465 DEBUG   SenderThread:2968 [sender.py:send_request():246] send_request: defer
2022-05-23 08:28:05,465 INFO    SenderThread:2968 [sender.py:send_request_defer():385] handle sender defer: 4
2022-05-23 08:28:05,466 INFO    SenderThread:2968 [sender.py:transition_state():389] send defer: 5
2022-05-23 08:28:05,467 DEBUG   HandlerThread:2968 [handler.py:handle_request():141] handle_request: defer
2022-05-23 08:28:05,467 INFO    HandlerThread:2968 [handler.py:handle_request_defer():164] handle defer: 5
2022-05-23 08:28:05,468 DEBUG   SenderThread:2968 [sender.py:send_request():246] send_request: defer
2022-05-23 08:28:05,468 INFO    SenderThread:2968 [sender.py:send_request_defer():385] handle sender defer: 5
2022-05-23 08:28:05,563 DEBUG   HandlerThread:2968 [handler.py:handle_request():141] handle_request: poll_exit
2022-05-23 08:28:05,804 INFO    SenderThread:2968 [sender.py:transition_state():389] send defer: 6
2022-05-23 08:28:05,805 DEBUG   SenderThread:2968 [sender.py:send_request():246] send_request: poll_exit
2022-05-23 08:28:05,807 DEBUG   HandlerThread:2968 [handler.py:handle_request():141] handle_request: defer
2022-05-23 08:28:05,807 INFO    HandlerThread:2968 [handler.py:handle_request_defer():164] handle defer: 6
2022-05-23 08:28:05,808 DEBUG   SenderThread:2968 [sender.py:send_request():246] send_request: defer
2022-05-23 08:28:05,808 INFO    SenderThread:2968 [sender.py:send_request_defer():385] handle sender defer: 6
2022-05-23 08:28:05,808 INFO    SenderThread:2968 [dir_watcher.py:finish():312] shutting down directory watcher
2022-05-23 08:28:05,921 DEBUG   HandlerThread:2968 [handler.py:handle_request():141] handle_request: poll_exit
2022-05-23 08:28:05,990 INFO    SenderThread:2968 [dir_watcher.py:_on_file_modified():257] file/dir modified: C:\Projects\Code\Neurals\wandb\run-20220523_082753-383iehqe\files\wandb-summary.json
2022-05-23 08:28:05,990 INFO    SenderThread:2968 [dir_watcher.py:_on_file_modified():257] file/dir modified: C:\Projects\Code\Neurals\wandb\run-20220523_082753-383iehqe\files\config.yaml
2022-05-23 08:28:05,991 INFO    SenderThread:2968 [dir_watcher.py:_on_file_modified():257] file/dir modified: C:\Projects\Code\Neurals\wandb\run-20220523_082753-383iehqe\files\output.log
2022-05-23 08:28:05,991 INFO    SenderThread:2968 [dir_watcher.py:_on_file_created():244] file/dir created: C:\Projects\Code\Neurals\wandb\run-20220523_082753-383iehqe\files\wandb-metadata.json
2022-05-23 08:28:05,992 INFO    SenderThread:2968 [dir_watcher.py:_on_file_created():244] file/dir created: C:\Projects\Code\Neurals\wandb\run-20220523_082753-383iehqe\files\requirements.txt
2022-05-23 08:28:05,992 INFO    SenderThread:2968 [dir_watcher.py:finish():342] scan: C:\Projects\Code\Neurals\wandb\run-20220523_082753-383iehqe\files
2022-05-23 08:28:05,993 INFO    SenderThread:2968 [dir_watcher.py:finish():356] scan save: C:\Projects\Code\Neurals\wandb\run-20220523_082753-383iehqe\files\config.yaml config.yaml
2022-05-23 08:28:05,994 INFO    SenderThread:2968 [dir_watcher.py:finish():356] scan save: C:\Projects\Code\Neurals\wandb\run-20220523_082753-383iehqe\files\output.log output.log
2022-05-23 08:28:05,995 INFO    SenderThread:2968 [dir_watcher.py:finish():356] scan save: C:\Projects\Code\Neurals\wandb\run-20220523_082753-383iehqe\files\requirements.txt requirements.txt
2022-05-23 08:28:05,997 INFO    SenderThread:2968 [dir_watcher.py:finish():356] scan save: C:\Projects\Code\Neurals\wandb\run-20220523_082753-383iehqe\files\wandb-metadata.json wandb-metadata.json
2022-05-23 08:28:06,004 INFO    SenderThread:2968 [dir_watcher.py:finish():356] scan save: C:\Projects\Code\Neurals\wandb\run-20220523_082753-383iehqe\files\wandb-summary.json wandb-summary.json
2022-05-23 08:28:06,020 INFO    SenderThread:2968 [sender.py:transition_state():389] send defer: 7
2022-05-23 08:28:06,022 DEBUG   SenderThread:2968 [sender.py:send_request():246] send_request: poll_exit
2022-05-23 08:28:06,037 DEBUG   HandlerThread:2968 [handler.py:handle_request():141] handle_request: defer
2022-05-23 08:28:06,038 INFO    HandlerThread:2968 [handler.py:handle_request_defer():164] handle defer: 7
2022-05-23 08:28:06,039 DEBUG   SenderThread:2968 [sender.py:send_request():246] send_request: defer
2022-05-23 08:28:06,040 INFO    SenderThread:2968 [sender.py:send_request_defer():385] handle sender defer: 7
2022-05-23 08:28:06,040 INFO    SenderThread:2968 [file_pusher.py:finish():145] shutting down file pusher
2022-05-23 08:28:06,126 DEBUG   HandlerThread:2968 [handler.py:handle_request():141] handle_request: poll_exit
2022-05-23 08:28:06,126 DEBUG   SenderThread:2968 [sender.py:send_request():246] send_request: poll_exit
2022-05-23 08:28:06,234 DEBUG   HandlerThread:2968 [handler.py:handle_request():141] handle_request: poll_exit
2022-05-23 08:28:06,236 DEBUG   SenderThread:2968 [sender.py:send_request():246] send_request: poll_exit
2022-05-23 08:28:06,252 INFO    Thread-15 :2968 [upload_job.py:push():132] Uploaded file C:\Users\MAXIMN~1\AppData\Local\Temp\tmpxeomyqt8wandb\3jd2b964-wandb-metadata.json
2022-05-23 08:28:06,340 DEBUG   HandlerThread:2968 [handler.py:handle_request():141] handle_request: poll_exit
2022-05-23 08:28:06,340 DEBUG   SenderThread:2968 [sender.py:send_request():246] send_request: poll_exit
2022-05-23 08:28:06,443 DEBUG   HandlerThread:2968 [handler.py:handle_request():141] handle_request: poll_exit
2022-05-23 08:28:06,444 DEBUG   SenderThread:2968 [sender.py:send_request():246] send_request: poll_exit
2022-05-23 08:28:06,547 DEBUG   HandlerThread:2968 [handler.py:handle_request():141] handle_request: poll_exit
2022-05-23 08:28:06,548 DEBUG   SenderThread:2968 [sender.py:send_request():246] send_request: poll_exit
2022-05-23 08:28:06,650 DEBUG   HandlerThread:2968 [handler.py:handle_request():141] handle_request: poll_exit
2022-05-23 08:28:06,651 DEBUG   SenderThread:2968 [sender.py:send_request():246] send_request: poll_exit
2022-05-23 08:28:06,753 DEBUG   HandlerThread:2968 [handler.py:handle_request():141] handle_request: poll_exit
2022-05-23 08:28:06,753 DEBUG   SenderThread:2968 [sender.py:send_request():246] send_request: poll_exit
2022-05-23 08:28:06,865 DEBUG   HandlerThread:2968 [handler.py:handle_request():141] handle_request: poll_exit
2022-05-23 08:28:06,865 DEBUG   SenderThread:2968 [sender.py:send_request():246] send_request: poll_exit
2022-05-23 08:28:06,906 INFO    Thread-18 :2968 [upload_job.py:push():132] Uploaded file C:\Projects\Code\Neurals\wandb\run-20220523_082753-383iehqe\files\requirements.txt
2022-05-23 08:28:06,926 INFO    Thread-19 :2968 [upload_job.py:push():132] Uploaded file C:\Projects\Code\Neurals\wandb\run-20220523_082753-383iehqe\files\wandb-summary.json
2022-05-23 08:28:06,953 INFO    Thread-16 :2968 [upload_job.py:push():132] Uploaded file C:\Projects\Code\Neurals\wandb\run-20220523_082753-383iehqe\files\config.yaml
2022-05-23 08:28:06,975 INFO    Thread-17 :2968 [upload_job.py:push():132] Uploaded file C:\Projects\Code\Neurals\wandb\run-20220523_082753-383iehqe\files\output.log
2022-05-23 08:28:06,992 DEBUG   HandlerThread:2968 [handler.py:handle_request():141] handle_request: poll_exit
2022-05-23 08:28:06,992 DEBUG   SenderThread:2968 [sender.py:send_request():246] send_request: poll_exit
2022-05-23 08:28:07,108 DEBUG   HandlerThread:2968 [handler.py:handle_request():141] handle_request: poll_exit
2022-05-23 08:28:07,108 DEBUG   SenderThread:2968 [sender.py:send_request():246] send_request: poll_exit
2022-05-23 08:28:07,190 INFO    Thread-10 :2968 [sender.py:transition_state():389] send defer: 8
2022-05-23 08:28:07,191 DEBUG   HandlerThread:2968 [handler.py:handle_request():141] handle_request: defer
2022-05-23 08:28:07,191 INFO    HandlerThread:2968 [handler.py:handle_request_defer():164] handle defer: 8
2022-05-23 08:28:07,192 DEBUG   SenderThread:2968 [sender.py:send_request():246] send_request: defer
2022-05-23 08:28:07,192 INFO    SenderThread:2968 [sender.py:send_request_defer():385] handle sender defer: 8
2022-05-23 08:28:07,213 DEBUG   HandlerThread:2968 [handler.py:handle_request():141] handle_request: poll_exit
2022-05-23 08:28:07,893 INFO    SenderThread:2968 [sender.py:transition_state():389] send defer: 9
2022-05-23 08:28:07,895 DEBUG   SenderThread:2968 [sender.py:send_request():246] send_request: poll_exit
2022-05-23 08:28:07,897 DEBUG   HandlerThread:2968 [handler.py:handle_request():141] handle_request: defer
2022-05-23 08:28:07,898 INFO    HandlerThread:2968 [handler.py:handle_request_defer():164] handle defer: 9
2022-05-23 08:28:07,898 DEBUG   SenderThread:2968 [sender.py:send_request():246] send_request: defer
2022-05-23 08:28:07,898 INFO    SenderThread:2968 [sender.py:send_request_defer():385] handle sender defer: 9
2022-05-23 08:28:07,899 INFO    SenderThread:2968 [sender.py:transition_state():389] send defer: 10
2022-05-23 08:28:07,900 DEBUG   SenderThread:2968 [sender.py:send():232] send: final
2022-05-23 08:28:07,901 DEBUG   HandlerThread:2968 [handler.py:handle_request():141] handle_request: defer
2022-05-23 08:28:07,901 INFO    HandlerThread:2968 [handler.py:handle_request_defer():164] handle defer: 10
2022-05-23 08:28:07,902 DEBUG   SenderThread:2968 [sender.py:send():232] send: footer
2022-05-23 08:28:07,902 DEBUG   SenderThread:2968 [sender.py:send_request():246] send_request: defer
2022-05-23 08:28:07,902 INFO    SenderThread:2968 [sender.py:send_request_defer():385] handle sender defer: 10
2022-05-23 08:28:07,998 DEBUG   HandlerThread:2968 [handler.py:handle_request():141] handle_request: poll_exit
2022-05-23 08:28:07,999 DEBUG   SenderThread:2968 [sender.py:send_request():246] send_request: poll_exit
2022-05-23 08:28:07,999 INFO    SenderThread:2968 [file_pusher.py:join():150] waiting for file pusher
2022-05-23 08:28:08,683 DEBUG   HandlerThread:2968 [handler.py:handle_request():141] handle_request: sampled_history
2022-05-23 08:28:08,685 DEBUG   HandlerThread:2968 [handler.py:handle_request():141] handle_request: get_summary
2022-05-23 08:28:08,687 DEBUG   HandlerThread:2968 [handler.py:handle_request():141] handle_request: shutdown
2022-05-23 08:28:08,687 INFO    HandlerThread:2968 [handler.py:finish():806] shutting down handler
2022-05-23 08:28:08,911 INFO    WriterThread:2968 [datastore.py:close():279] close: C:\Projects\Code\Neurals\wandb\run-20220523_082753-383iehqe\run-383iehqe.wandb
2022-05-23 08:28:09,590 INFO    SenderThread:2968 [sender.py:finish():1110] shutting down sender
2022-05-23 08:28:09,590 INFO    SenderThread:2968 [file_pusher.py:finish():145] shutting down file pusher
2022-05-23 08:28:09,590 INFO    SenderThread:2968 [file_pusher.py:join():150] waiting for file pusher
2022-05-23 08:28:09,599 INFO    MainThread:2968 [internal.py:handle_exit():80] Internal process exited
