2022-05-23 11:46:54,872 INFO    MainThread:12624 [wandb_setup.py:_flush():76] Loading settings from C:\Users\Maxim N\.config\wandb\settings
2022-05-23 11:46:54,872 INFO    MainThread:12624 [wandb_setup.py:_flush():76] Loading settings from C:\Projects\Code\Neurals\wandb\settings
2022-05-23 11:46:54,872 INFO    MainThread:12624 [wandb_setup.py:_flush():76] Loading settings from environment variables: {}
2022-05-23 11:46:54,872 INFO    MainThread:12624 [wandb_setup.py:_flush():76] Inferring run settings from compute environment: {'program_relpath': 'testing.py', 'program': 'C:\\Projects\\Code\\Neurals\\testing.py'}
2022-05-23 11:46:54,872 INFO    MainThread:12624 [wandb_init.py:_log_setup():428] Logging user logs to C:\Projects\Code\Neurals\wandb\run-20220523_114654-m66tq3io\logs\debug.log
2022-05-23 11:46:54,881 INFO    MainThread:12624 [wandb_init.py:_log_setup():429] Logging internal logs to C:\Projects\Code\Neurals\wandb\run-20220523_114654-m66tq3io\logs\debug-internal.log
2022-05-23 11:46:54,881 INFO    MainThread:12624 [wandb_init.py:init():462] calling init triggers
2022-05-23 11:46:54,881 INFO    MainThread:12624 [wandb_init.py:init():465] wandb.init called with sweep_config: {}
config: {}
2022-05-23 11:46:54,881 INFO    MainThread:12624 [wandb_init.py:init():515] starting backend
2022-05-23 11:46:54,881 INFO    MainThread:12624 [backend.py:_multiprocessing_setup():97] multiprocessing start_methods=spawn, using: spawn
2022-05-23 11:46:54,887 INFO    MainThread:12624 [backend.py:ensure_launched():217] starting backend process...
2022-05-23 11:46:55,042 INFO    MainThread:12624 [backend.py:ensure_launched():222] started backend process with pid: 23328
2022-05-23 11:46:55,043 INFO    MainThread:12624 [wandb_init.py:init():525] backend started and connected
2022-05-23 11:46:55,047 INFO    MainThread:12624 [wandb_init.py:init():596] updated telemetry
2022-05-23 11:46:55,091 INFO    MainThread:12624 [wandb_init.py:init():627] communicating run to backend with 30 second timeout
2022-05-23 11:46:57,029 INFO    MainThread:12624 [wandb_run.py:_on_init():1924] communicating current version
2022-05-23 11:46:57,205 INFO    MainThread:12624 [wandb_run.py:_on_init():1928] got version response 
2022-05-23 11:46:57,205 INFO    MainThread:12624 [wandb_init.py:init():662] starting run threads in backend
2022-05-23 11:46:59,109 INFO    MainThread:12624 [wandb_run.py:_console_start():1898] atexit reg
2022-05-23 11:46:59,110 INFO    MainThread:12624 [wandb_run.py:_redirect():1771] redirect: SettingsConsole.WRAP
2022-05-23 11:46:59,110 INFO    MainThread:12624 [wandb_run.py:_redirect():1808] Wrapping output streams.
2022-05-23 11:46:59,112 INFO    MainThread:12624 [wandb_run.py:_redirect():1832] Redirects installed.
2022-05-23 11:46:59,112 INFO    MainThread:12624 [wandb_init.py:init():688] run started, returning control to user process
2022-05-23 12:09:53,346 INFO    MainThread:12624 [wandb_run.py:_atexit_cleanup():1867] got exitcode: 1
2022-05-23 12:09:53,348 INFO    MainThread:12624 [wandb_run.py:_restore():1839] restore
2022-05-23 12:09:54,040 INFO    MainThread:12624 [wandb_run.py:_on_finish():1996] got exit ret: file_counts {
  wandb_count: 1
}
pusher_stats {
  uploaded_bytes: 565
  total_bytes: 565
}

2022-05-23 12:09:54,386 INFO    MainThread:12624 [wandb_run.py:_on_finish():1996] got exit ret: file_counts {
  wandb_count: 1
}
pusher_stats {
  uploaded_bytes: 565
  total_bytes: 565
}

2022-05-23 12:09:55,055 INFO    MainThread:12624 [wandb_run.py:_on_finish():1996] got exit ret: file_counts {
  wandb_count: 4
}
pusher_stats {
  uploaded_bytes: 565
  total_bytes: 517226
}

2022-05-23 12:09:55,157 INFO    MainThread:12624 [wandb_run.py:_on_finish():1996] got exit ret: file_counts {
  wandb_count: 5
}
pusher_stats {
  uploaded_bytes: 565
  total_bytes: 517381
}

2022-05-23 12:09:55,259 INFO    MainThread:12624 [wandb_run.py:_on_finish():1996] got exit ret: file_counts {
  wandb_count: 5
}
pusher_stats {
  uploaded_bytes: 565
  total_bytes: 517381
}

2022-05-23 12:09:55,362 INFO    MainThread:12624 [wandb_run.py:_on_finish():1996] got exit ret: file_counts {
  wandb_count: 5
}
pusher_stats {
  uploaded_bytes: 565
  total_bytes: 517381
}

2022-05-23 12:09:55,465 INFO    MainThread:12624 [wandb_run.py:_on_finish():1996] got exit ret: file_counts {
  wandb_count: 5
}
pusher_stats {
  uploaded_bytes: 565
  total_bytes: 517381
}

2022-05-23 12:09:55,566 INFO    MainThread:12624 [wandb_run.py:_on_finish():1996] got exit ret: file_counts {
  wandb_count: 5
}
pusher_stats {
  uploaded_bytes: 121696
  total_bytes: 517381
}

2022-05-23 12:09:55,669 INFO    MainThread:12624 [wandb_run.py:_on_finish():1996] got exit ret: file_counts {
  wandb_count: 5
}
pusher_stats {
  uploaded_bytes: 517381
  total_bytes: 517381
}

2022-05-23 12:09:55,771 INFO    MainThread:12624 [wandb_run.py:_on_finish():1996] got exit ret: file_counts {
  wandb_count: 5
}
pusher_stats {
  uploaded_bytes: 517381
  total_bytes: 517381
}

2022-05-23 12:09:55,873 INFO    MainThread:12624 [wandb_run.py:_on_finish():1996] got exit ret: file_counts {
  wandb_count: 5
}
pusher_stats {
  uploaded_bytes: 517381
  total_bytes: 517381
}

2022-05-23 12:09:55,974 INFO    MainThread:12624 [wandb_run.py:_on_finish():1996] got exit ret: file_counts {
  wandb_count: 5
}
pusher_stats {
  uploaded_bytes: 517381
  total_bytes: 517381
}

2022-05-23 12:09:56,076 INFO    MainThread:12624 [wandb_run.py:_on_finish():1996] got exit ret: file_counts {
  wandb_count: 5
}
pusher_stats {
  uploaded_bytes: 517381
  total_bytes: 517381
}

2022-05-23 12:09:56,177 INFO    MainThread:12624 [wandb_run.py:_on_finish():1996] got exit ret: file_counts {
  wandb_count: 5
}
pusher_stats {
  uploaded_bytes: 517381
  total_bytes: 517381
}

2022-05-23 12:09:56,973 INFO    MainThread:12624 [wandb_run.py:_on_finish():1996] got exit ret: file_counts {
  wandb_count: 5
}
pusher_stats {
  uploaded_bytes: 517381
  total_bytes: 517381
}

2022-05-23 12:09:57,614 INFO    MainThread:12624 [wandb_run.py:_on_finish():1996] got exit ret: done: true
exit_result {
}
file_counts {
  wandb_count: 5
}
pusher_stats {
  uploaded_bytes: 517381
  total_bytes: 517381
}
local_info {
}

2022-05-23 12:09:58,968 INFO    MainThread:12624 [wandb_run.py:_footer_history_summary_info():3104] rendering history
2022-05-23 12:09:58,968 INFO    MainThread:12624 [wandb_run.py:_footer_history_summary_info():3136] rendering summary
2022-05-23 12:09:58,973 INFO    MainThread:12624 [wandb_run.py:_footer_sync_info():3060] logging synced files
