 ****** Running generation 0 ******
Average fitness:
Failed mean
Population's average fitness: 2996.06169 stdev: 3576.57884
Best fitness: 9877.57956 - size: (6, 15) - species 92 - id 92
Average adjusted fitness: 0.302
Mean genetic distance 3.159, standard deviation 0.321
Population of 300 members in 151 species:
   ID   age  size  fitness  adj fit  stag
  ====  ===  ====  =======  =======  ====
     1    0     2     81.3    0.006     0
     2    0     2   9875.1    1.000     0
     3    0     2    523.6    0.051     0
     4    0     2   1098.7    0.110     0
     5    0     2   8847.9    0.896     0
     6    0     2   7703.6    0.779     0
     7    0     2   1964.7    0.197     0
     8    0     2    285.8    0.027     0
     9    0     2    285.7    0.027     0
    10    0     2    292.1    0.028     0
    11    0     2    313.0    0.030     0
    12    0     2   9608.3    0.973     0
    13    0     2   1865.9    0.187     0
    14    0     2   1091.2    0.109     0
    15    0     2   1023.1    0.102     0
    16    0     2   1167.9    0.117     0
    17    0     2   1153.2    0.115     0
    18    0     2    897.6    0.089     0
    19    0     2   7690.4    0.778     0
    20    0     2   2576.3    0.259     0
    21    0     2   2610.0    0.263     0
    22    0     2   2134.6    0.215     0
    23    0     2   9738.1    0.986     0
    24    0     2   1155.0    0.115     0
    25    0     2    368.7    0.036     0
    26    0     2   9739.9    0.986     0
    27    0     2   1035.3    0.103     0
    28    0     2   8916.6    0.903     0
    29    0     2   6162.6    0.623     0
    30    0     2    286.3    0.027     0
    31    0     2   1224.5    0.122     0
    32    0     2    285.8    0.027     0
    33    0     2    286.2    0.027     0
    34    0     2     47.8    0.003     0
    35    0     2   1490.3    0.149     0
    36    0     2   1045.3    0.104     0
    37    0     2   9594.8    0.971     0
    38    0     2   6005.4    0.607     0
    39    0     2   6113.0    0.618     0
    40    0     2   1103.6    0.110     0
    41    0     2   4485.8    0.453     0
    42    0     2   9838.9    0.996     0
    43    0     2    656.8    0.065     0
    44    0     2    294.7    0.028     0
    45    0     2    285.8    0.027     0
    46    0     2   4919.2    0.497     0
    47    0     2    265.9    0.025     0
    48    0     2    325.0    0.031     0
    49    0     2   5644.6    0.571     0
    50    0     2   3799.9    0.384     0
    51    0     2    313.9    0.030     0
    52    0     2    937.6    0.093     0
    53    0     2    324.4    0.031     0
    54    0     2   9872.1    0.999     0
    55    0     2   9671.2    0.979     0
    56    0     2    776.0    0.077     0
    57    0     2    678.5    0.067     0
    58    0     2   1354.0    0.135     0
    59    0     2   1025.1    0.102     0
    60    0     2   7039.8    0.712     0
    61    0     2   1145.1    0.114     0
    62    0     2    779.9    0.077     0
    63    0     2    287.3    0.027     0
    64    0     2   5455.4    0.551     0
    65    0     2    478.0    0.047     0
    66    0     2    285.9    0.027     0
    67    0     2   9867.7    0.999     0
    68    0     2    285.4    0.027     0
    69    0     2    985.9    0.098     0
    70    0     2    294.4    0.028     0
    71    0     2    290.0    0.028     0
    72    0     2    565.4    0.055     0
    73    0     2   9808.4    0.993     0
    74    0     2    278.8    0.026     0
    75    0     2   9860.4    0.998     0
    76    0     2   7587.1    0.768     0
    77    0     2    285.8    0.027     0
    78    0     2    513.1    0.050     0
    79    0     2   1913.5    0.192     0
    80    0     2    856.8    0.085     0
    81    0     2     18.5    0.000     0
    82    0     2   7791.9    0.788     0
    83    0     2    864.2    0.086     0
    84    0     2    285.9    0.027     0
    85    0     2   9877.5    1.000     0
    86    0     2   1112.7    0.111     0
    87    0     2   9640.6    0.976     0
    88    0     2   9709.2    0.983     0
    89    0     2   3861.7    0.390     0
    90    0     2   9174.9    0.929     0
    91    0     2   1034.3    0.103     0
    92    0     2   9877.6    1.000     0
    93    0     2    314.9    0.030     0
    94    0     2    285.9    0.027     0
    95    0     2    789.0    0.078     0
    96    0     2   4265.5    0.431     0
    97    0     2    473.0    0.046     0
    98    0     2   9871.9    0.999     0
    99    0     2   7738.7    0.783     0
   100    0     2   5806.2    0.587     0
   101    0     1    333.9    0.032     0
   102    0     2    932.1    0.093     0
   103    0     2   2061.8    0.207     0
   104    0     2   1242.7    0.124     0
   105    0     2   9872.7    1.000     0
   106    0     2   9441.2    0.956     0
   107    0     2    946.5    0.094     0
   108    0     2    753.9    0.075     0
   109    0     2   1154.2    0.115     0
   110    0     2   1108.2    0.111     0
   111    0     2    306.7    0.029     0
   112    0     2    206.0    0.019     0
   113    0     2    459.2    0.045     0
   114    0     2   8242.3    0.834     0
   115    0     2   6463.6    0.654     0
   116    0     2   8573.5    0.868     0
   117    0     2    308.7    0.029     0
   118    0     2    289.4    0.027     0
   119    0     2   9866.7    0.999     0
   120    0     2    144.4    0.013     0
   121    0     2   1055.6    0.105     0
   122    0     2    351.8    0.034     0
   123    0     2   1013.3    0.101     0
   124    0     2    575.8    0.057     0
   125    0     2    907.4    0.090     0
   126    0     2   1624.8    0.163     0
   127    0     2    769.5    0.076     0
   128    0     2   1711.6    0.172     0
   129    0     2    306.3    0.029     0
   130    0     2    337.8    0.032     0
   131    0     2   1135.2    0.113     0
   132    0     2   9572.4    0.969     0
   133    0     2   9611.8    0.973     0
   134    0     2   1057.8    0.105     0
   135    0     2    201.5    0.019     0
   136    0     2    581.5    0.057     0
   137    0     2   1269.0    0.127     0
   138    0     2   1058.6    0.105     0
   139    0     2    240.1    0.022     0
   140    0     2    557.9    0.055     0
   141    0     2   2686.0    0.271     0
   142    0     2    413.8    0.040     0
   143    0     2    521.0    0.051     0
   144    0     2   1168.2    0.117     0
   145    0     2    285.9    0.027     0
   146    0     2    285.9    0.027     0
   147    0     2    974.6    0.097     0
   148    0     2   9876.7    1.000     0
   149    0     2   1446.4    0.145     0
   150    0     2    286.8    0.027     0
   151    0     1       --       --     0
Total extinctions: 0
Generation time: 23.814 sec
 ****** Running generation 1 ******
Average fitness:
2996.0616874908687
Best fitness:
Failed fitness
Population's average fitness: 2860.18780 stdev: 3643.54214
Best fitness: 9637.51589 - size: (6, 15) - species 92 - id 92
Average adjusted fitness: 0.294
Mean genetic distance 3.161, standard deviation 0.323
Population of 302 members in 151 species:
   ID   age  size  fitness  adj fit  stag
  ====  ===  ====  =======  =======  ====
     1    1     2    144.1    0.038     0
     2    1     2   9585.7    0.995     1
     3    1     2    269.8    0.030     1
     4    1     2    638.3    0.081     1
     5    1     2   8059.9    0.862     1
     6    1     2    460.9    0.398     1
     7    1     2    244.3    0.232     1
     8    1     2    144.9    0.013     1
     9    1     2    144.5    0.504     1
    10    1     2    142.5    0.013     1
    11    1     2    144.9    0.038     1
    12    1     2    144.5    0.490     1
    13    1     2    359.6    0.101     1
    14    1     2    153.2    0.044     1
    15    1     2    921.7    0.095     1
    16    1     2    612.4    0.067     1
    17    1     2    547.4    0.067     1
    18    1     2   1477.9    0.386     0
    19    1     2   7403.8    0.868     1
    20    1     2   7057.9    0.734     0
    21    1     2    144.6    0.127     1
    22    1     2    144.4    0.404     1
    23    1     2   9411.7    0.979     1
    24    1     2    776.3    0.223     1
    25    1     2    143.1    0.013     1
    26    1     2    283.3    0.506     1
    27    1     2    473.1    0.068     1
    28    1     2    229.9    0.461     1
    29    1     2   6081.6    0.811     1
    30    1     2    144.6    0.014     1
    31    1     2    976.1    0.547     1
    32    1     2    144.6    0.013     1
    33    1     2    145.6    0.079     1
    34    1     2    384.0    0.060     0
    35    1     2    144.6    0.098     1
    36    1     2    675.4    0.532     1
    37    1     2   5380.1    0.753     1
    38    1     2    670.1    0.525     1
    39    1     2    232.5    0.321     1
    40    1     2    725.4    0.506     1
    41    1     2     35.3    0.132     1
    42    1     2   6166.6    0.818     1
    43    1     2    415.8    0.061     1
    44    1     2    197.0    0.026     1
    45    1     2    144.6    0.013     1
    46    1     2   4771.1    0.661     1
    47    1     2    144.6    0.014     1
    48    1     2    233.5    0.432     1
    49    1     2    144.6    0.229     1
    50    1     2    144.2    0.017     1
    51    1     2    144.6    0.489     1
    52    1     2    460.8    0.064     1
    53    1     2    172.7    0.023     1
    54    1     2    436.1    0.107     1
    55    1     2   1529.1    0.561     1
    56    1     2     49.3    0.009     1
    57    1     2    305.0    0.052     1
    58    1     2    601.2    0.070     1
    59    1     2    925.9    0.097     1
    60    1     2   3316.3    0.661     1
    61    1     2    710.8    0.379     1
    62    1     2    587.9    0.079     1
    63    1     2    144.6    0.013     1
    64    1     2   5197.5    0.764     1
    65    1     2    119.7    0.074     1
    66    1     2    144.7    0.013     1
    67    1     2   3469.5    0.616     1
    68    1     2     15.4    0.007     1
    69    1     2    144.6    0.019     1
    70    1     2    135.0    0.013     1
    71    1     2    144.6    0.014     1
    72    1     2   6836.6    0.851     0
    73    1     2   7457.0    0.878     1
    74    1     2    167.3    0.021     1
    75    1     2    906.9    0.543     1
    76    1     2   3426.0    0.567     1
    77    1     2    146.3    0.014     1
    78    1     2    265.7    0.061     1
    79    1     2    232.4    0.096     1
    80    1     2   5105.0    0.534     0
    81    1     2    398.0    0.050     0
    82    1     2    475.8    0.413     1
    83    1     2    616.5    0.491     1
    84    1     2    144.6    0.013     1
    85    1     2   9308.6    0.980     1
    86    1     2    967.3    0.543     1
    87    1     2   5954.8    0.793     1
    88    1     2   9510.4    0.991     1
    89    1     2    984.6    0.169     1
    90    1     2    145.4    0.015     1
    91    1     2    938.1    0.154     1
    92    1     2    545.0    0.528     1
    93    1     2    130.9    0.017     1
    94    1     2    144.2    0.013     1
    95    1     2    443.6    0.519     1
    96    1     2   4123.7    0.696     1
    97    1     2    144.6    0.021     1
    98    1     2   9578.0    0.994     1
    99    1     2   4332.3    0.611     1
   100    1     2   9453.4    0.988     0
   101    1     2    157.5    0.015     1
   102    1     2    176.8    0.373     1
   103    1     2   2157.2    0.609     0
   104    1     2    166.8    0.075     1
   105    1     2    403.2    0.517     1
   106    1     2   9586.3    0.995     0
   107    1     2    797.2    0.477     1
   108    1     2    721.6    0.467     1
   109    1     2    794.9    0.088     1
   110    1     2    947.4    0.543     1
   111    1     2    104.5    0.054     1
   112    1     2    168.6    0.021     1
   113    1     2    236.2    0.250     1
   114    1     2   1925.2    0.507     1
   115    1     2    607.1    0.348     1
   116    1     2    870.8    0.493     1
   117    1     2    144.0    0.015     1
   118    1     2    143.5    0.013     1
   119    1     2   9562.4    0.993     1
   120    1     2    258.3    0.047     0
   121    1     2    147.8    0.057     1
   122    1     2     15.8    0.056     1
   123    1     2    890.2    0.126     1
   124    1     2    270.7    0.063     1
   125    1     2    154.7    0.041     1
   126    1     2    150.8    0.089     1
   127    1     2    502.1    0.477     1
   128    1     2    649.8    0.112     1
   129    1     2    281.4    0.094     1
   130    1     2    179.1    0.069     1
   131    1     2    953.7    0.099     1
   132    1     2   9170.9    0.957     1
   133    1     2   6252.9    0.814     1
   134    1     2    182.5    0.058     1
   135    1     2     90.4    0.021     1
   136    1     2    334.7    0.145     1
   137    1     2    146.5    0.017     1
   138    1     2    144.9    0.056     1
   139    1     2    322.0    0.047     0
   140    1     2    168.9    0.021     1
   141    1     2    144.5    0.503     1
   142    1     2    181.2    0.504     1
   143    1     2    132.1    0.023     1
   144    1     2    762.6    0.079     1
   145    1     2    145.9    0.014     1
   146    1     2    144.7    0.013     1
   147    1     2    250.7    0.043     1
   148    1     2    794.6    0.536     1
   149    1     2    380.5    0.075     1
   150    1     2    137.3    0.013     1
   151    1     2    857.5    0.088     0
Total extinctions: 0
Generation time: 25.978 sec (24.896 average)
 ****** Running generation 2 ******
Average fitness:
2860.1878007154396
Best fitness:
