2022-05-24 10:19:03,065 INFO    MainThread:7148 [internal.py:wandb_internal():90] W&B internal server running at pid: 7148, started at: 2022-05-24 10:19:03.065677
2022-05-24 10:19:03,065 INFO    WriterThread:7148 [datastore.py:open_for_write():75] open: C:\Projects\Code\Neurals\wandb\run-20220524_101901-vvrfitya\run-vvrfitya.wandb
2022-05-24 10:19:03,073 DEBUG   SenderThread:7148 [sender.py:send():232] send: header
2022-05-24 10:19:03,073 DEBUG   SenderThread:7148 [sender.py:send():232] send: run
2022-05-24 10:19:03,437 INFO    SenderThread:7148 [dir_watcher.py:__init__():197] watching files in: C:\Projects\Code\Neurals\wandb\run-20220524_101901-vvrfitya\files
2022-05-24 10:19:03,437 DEBUG   HandlerThread:7148 [handler.py:handle_request():141] handle_request: check_version
2022-05-24 10:19:03,447 INFO    SenderThread:7148 [sender.py:_start_run_threads():811] run started: vvrfitya with start time 1653351541
2022-05-24 10:19:03,447 DEBUG   SenderThread:7148 [sender.py:send():232] send: summary
2022-05-24 10:19:03,447 INFO    SenderThread:7148 [sender.py:_save_file():948] saving file wandb-summary.json with policy end
2022-05-24 10:19:03,447 DEBUG   SenderThread:7148 [sender.py:send_request():246] send_request: check_version
2022-05-24 10:19:03,531 DEBUG   HandlerThread:7148 [handler.py:handle_request():141] handle_request: run_start
2022-05-24 10:19:04,450 INFO    Thread-11 :7148 [dir_watcher.py:_on_file_created():244] file/dir created: C:\Projects\Code\Neurals\wandb\run-20220524_101901-vvrfitya\files\wandb-summary.json
2022-05-24 10:19:05,297 DEBUG   HandlerThread:7148 [meta.py:__init__():35] meta init
2022-05-24 10:19:05,297 DEBUG   HandlerThread:7148 [meta.py:__init__():49] meta init done
2022-05-24 10:19:05,297 DEBUG   HandlerThread:7148 [meta.py:probe():209] probe
2022-05-24 10:19:05,313 DEBUG   HandlerThread:7148 [git.py:repo():29] git repository is invalid
2022-05-24 10:19:05,313 DEBUG   HandlerThread:7148 [meta.py:_save_pip():53] save pip
2022-05-24 10:19:05,313 DEBUG   HandlerThread:7148 [meta.py:_save_pip():67] save pip done
2022-05-24 10:19:05,313 DEBUG   HandlerThread:7148 [meta.py:probe():247] probe done
2022-05-24 10:19:05,327 DEBUG   SenderThread:7148 [sender.py:send():232] send: files
2022-05-24 10:19:05,327 INFO    SenderThread:7148 [sender.py:_save_file():948] saving file wandb-metadata.json with policy now
2022-05-24 10:19:05,335 DEBUG   HandlerThread:7148 [handler.py:handle_request():141] handle_request: stop_status
2022-05-24 10:19:05,335 DEBUG   SenderThread:7148 [sender.py:send_request():246] send_request: stop_status
2022-05-24 10:19:05,463 INFO    Thread-11 :7148 [dir_watcher.py:_on_file_created():244] file/dir created: C:\Projects\Code\Neurals\wandb\run-20220524_101901-vvrfitya\files\requirements.txt
2022-05-24 10:19:05,463 INFO    Thread-11 :7148 [dir_watcher.py:_on_file_created():244] file/dir created: C:\Projects\Code\Neurals\wandb\run-20220524_101901-vvrfitya\files\output.log
2022-05-24 10:19:05,464 INFO    Thread-11 :7148 [dir_watcher.py:_on_file_created():244] file/dir created: C:\Projects\Code\Neurals\wandb\run-20220524_101901-vvrfitya\files\wandb-metadata.json
2022-05-24 10:19:05,622 DEBUG   SenderThread:7148 [sender.py:send():232] send: telemetry
2022-05-24 10:19:06,165 INFO    Thread-15 :7148 [upload_job.py:push():132] Uploaded file C:\Users\MAXIMN~1\AppData\Local\Temp\tmphtbvkxj1wandb\39bpg8by-wandb-metadata.json
2022-05-24 10:19:07,483 INFO    Thread-11 :7148 [dir_watcher.py:_on_file_modified():257] file/dir modified: C:\Projects\Code\Neurals\wandb\run-20220524_101901-vvrfitya\files\output.log
2022-05-24 10:19:09,492 INFO    Thread-11 :7148 [dir_watcher.py:_on_file_modified():257] file/dir modified: C:\Projects\Code\Neurals\wandb\run-20220524_101901-vvrfitya\files\output.log
2022-05-24 10:19:10,249 DEBUG   HandlerThread:7148 [handler.py:handle_request():141] handle_request: partial_history
2022-05-24 10:19:10,250 DEBUG   SenderThread:7148 [sender.py:send():232] send: history
2022-05-24 10:19:10,250 DEBUG   SenderThread:7148 [sender.py:send():232] send: summary
2022-05-24 10:19:10,251 INFO    SenderThread:7148 [sender.py:_save_file():948] saving file wandb-summary.json with policy end
2022-05-24 10:19:10,497 INFO    Thread-11 :7148 [dir_watcher.py:_on_file_modified():257] file/dir modified: C:\Projects\Code\Neurals\wandb\run-20220524_101901-vvrfitya\files\wandb-summary.json
2022-05-24 10:19:11,500 INFO    Thread-11 :7148 [dir_watcher.py:_on_file_modified():257] file/dir modified: C:\Projects\Code\Neurals\wandb\run-20220524_101901-vvrfitya\files\output.log
